2017-10-06 14:17:03,265 INFO [91386648]            BasicBook.java:427  | 1 sheet in /Users/stephenn/Documents/workspace/nlsomr/working/91386648.jpg
2017-10-06 14:17:03,399 INFO []            BasicBook.java:1395 | Stored /book.xml
2017-10-06 14:17:03,399 INFO []            BasicBook.java:1355 | Book stored as /Users/stephenn/Documents/workspace/nlsomr/xml_out/91386487/91386648/91386648.omr
2017-10-06 14:17:03,404 INFO []            BasicBook.java:996  | Book reaching PAGE on sheets:[#1]
2017-10-06 14:17:03,406 INFO [91386648]       StepMonitoring.java:96   | LOAD
2017-10-06 14:17:03,550 INFO [91386648]            BasicBook.java:911  | Loaded image 1 2000x3056 from /Users/stephenn/Documents/workspace/nlsomr/working/91386648.jpg
2017-10-06 14:17:03,555 INFO [91386648]            ImageUtil.java:82   | Converting max RGB to gray ...
2017-10-06 14:17:03,788 INFO [91386648]            BasicBook.java:1395 | Stored /book.xml
2017-10-06 14:17:04,071 INFO [91386648]           BasicSheet.java:979  | Stored /sheet#1/sheet#1.xml
2017-10-06 14:17:04,073 INFO [91386648]       StepMonitoring.java:96   | BINARY
2017-10-06 14:17:04,646 INFO [91386648]            BasicBook.java:1395 | Stored /book.xml
2017-10-06 14:17:04,944 INFO [91386648]              Picture.java:786  | Stored /sheet#1/BINARY.xml
2017-10-06 14:17:04,945 INFO [91386648]           BasicSheet.java:979  | Stored /sheet#1/sheet#1.xml
2017-10-06 14:17:04,947 INFO [91386648]       StepMonitoring.java:96   | SCALE
2017-10-06 14:17:04,986 INFO [91386648]            ScaleStep.java:87   | Scale{line(2,3,5) interline(16,17,18) beam(13)}
2017-10-06 14:17:04,988 INFO [91386648]            BasicBook.java:1395 | Stored /book.xml
2017-10-06 14:17:04,991 INFO [91386648]           BasicSheet.java:979  | Stored /sheet#1/sheet#1.xml
2017-10-06 14:17:04,993 INFO [91386648]       StepMonitoring.java:96   | GRID
2017-10-06 14:17:05,840 INFO [91386648]       LinesRetriever.java:442  | Global slope: -0.00146
2017-10-06 14:17:05,944 INFO [91386648]    ClustersRetriever.java:241  | Retrieved line clusters: 12 of size: 5 with interline: (16,17,18)
2017-10-06 14:17:06,466 INFO [91386648]            PeakGraph.java:181  | Systems: #1[1, 2] #2[3, 4] #3[5, 6] #4[7, 8] #5[9, 10] #6[11, 12]
2017-10-06 14:17:07,269 INFO [91386648]        SystemManager.java:626  | Indentation detected for system#1
2017-10-06 14:17:07,269 INFO [91386648]        SystemManager.java:626  | Indentation detected for system#5
2017-10-06 14:17:07,270 INFO [91386648]        SystemManager.java:671  | 2 pages found in sheet
2017-10-06 14:17:07,270 INFO [91386648]        SystemManager.java:709  | Page #1: 1 part along 4 systems
2017-10-06 14:17:07,270 INFO [91386648]        SystemManager.java:709  | Page #2: 1 part along 2 systems
2017-10-06 14:17:07,273 INFO [91386648]            BasicBook.java:1395 | Stored /book.xml
2017-10-06 14:17:07,453 INFO [91386648]           BasicSheet.java:979  | Stored /sheet#1/sheet#1.xml
2017-10-06 14:17:07,456 INFO [91386648]       StepMonitoring.java:96   | HEADERS
2017-10-06 14:17:07,889 INFO [91386648]          Nd4jBackend.java:194  | Loaded [CpuBackend] backend
2017-10-06 14:17:07,961 INFO [91386648]      NativeOpsHolder.java:49   | Number of threads used for NativeOps: 2
2017-10-06 14:17:08,390 INFO [91386648] DefaultOpExecutioner.java:544  | Backend used: [CPU]; OS: [Mac OS X]
2017-10-06 14:17:08,390 INFO [91386648] DefaultOpExecutioner.java:545  | Cores: [4]; Memory: [3.6GB];
2017-10-06 14:17:08,391 INFO [91386648] DefaultOpExecutioner.java:546  | Blas vendor: [OPENBLAS]
2017-10-06 14:17:08,437 INFO [91386648]   AbstractClassifier.java:332  | Classifier data loaded from default uri jar:file:/Users/stephenn/Documents/workspace/audiveris/build/distributions/Audiveris/lib/audiveris.jar!/res/basic-classifier.zip
2017-10-06 14:17:10,685 WARN [91386648]          ClefBuilder.java:560  | Staff#4 no header clef.
2017-10-06 14:17:10,893 WARN [91386648]          ClefBuilder.java:560  | Staff#6 no header clef.
2017-10-06 14:17:11,122 WARN [91386648]          ClefBuilder.java:560  | Staff#8 no header clef.
2017-10-06 14:17:11,325 WARN [91386648]          ClefBuilder.java:560  | Staff#10 no header clef.
2017-10-06 14:17:11,480 INFO []   AbstractClassifier.java:332  | Classifier data loaded from default uri jar:file:/Users/stephenn/Documents/workspace/audiveris/build/distributions/Audiveris/lib/audiveris.jar!/res/deep-classifier.zip
2017-10-06 14:17:11,572 INFO [91386648]            BasicBook.java:1395 | Stored /book.xml
2017-10-06 14:17:11,925 INFO [91386648]           BasicSheet.java:979  | Stored /sheet#1/sheet#1.xml
2017-10-06 14:17:11,927 INFO [91386648]       StepMonitoring.java:96   | STEM_SEEDS
2017-10-06 14:17:12,047 INFO [91386648]        StemSeedsStep.java:91   | stem(3 max:4)
2017-10-06 14:17:12,177 INFO [91386648]            BasicBook.java:1395 | Stored /book.xml
2017-10-06 14:17:12,560 INFO [91386648]           BasicSheet.java:979  | Stored /sheet#1/sheet#1.xml
2017-10-06 14:17:12,563 INFO [91386648]       StepMonitoring.java:96   | BEAMS
2017-10-06 14:17:17,054 INFO [91386648]            BeamsStep.java:89   | BeamDistance{count:10 mean:14.43 stdDev:0.43}
2017-10-06 14:17:17,057 INFO [91386648]            BasicBook.java:1395 | Stored /book.xml
2017-10-06 14:17:17,105 INFO [91386648]              Picture.java:786  | Stored /sheet#1/HEAD_SPOTS.xml
2017-10-06 14:17:17,555 INFO [91386648]           BasicSheet.java:979  | Stored /sheet#1/sheet#1.xml
2017-10-06 14:17:17,558 INFO [91386648]       StepMonitoring.java:96   | LEDGERS
2017-10-06 14:17:18,154 INFO [91386648]            BasicBook.java:1395 | Stored /book.xml
2017-10-06 14:17:18,662 INFO [91386648]           BasicSheet.java:979  | Stored /sheet#1/sheet#1.xml
2017-10-06 14:17:18,667 INFO [91386648]       StepMonitoring.java:96   | HEADS
2017-10-06 14:17:21,197 INFO [91386648]            BasicBook.java:1395 | Stored /book.xml
2017-10-06 14:17:22,139 INFO [91386648]           BasicSheet.java:979  | Stored /sheet#1/sheet#1.xml
2017-10-06 14:17:22,142 INFO [91386648]       StepMonitoring.java:96   | STEMS
2017-10-06 14:17:23,567 INFO [91386648]            BasicBook.java:1395 | Stored /book.xml
2017-10-06 14:17:24,715 INFO [91386648]           BasicSheet.java:979  | Stored /sheet#1/sheet#1.xml
2017-10-06 14:17:24,717 INFO [91386648]       StepMonitoring.java:96   | REDUCTION
2017-10-06 14:17:24,974 INFO [91386648]            BasicBook.java:1395 | Stored /book.xml
2017-10-06 14:17:25,878 INFO [91386648]           BasicSheet.java:979  | Stored /sheet#1/sheet#1.xml
2017-10-06 14:17:25,881 INFO [91386648]       StepMonitoring.java:96   | CUE_BEAMS
2017-10-06 14:17:25,886 INFO [91386648]            BasicBook.java:1395 | Stored /book.xml
2017-10-06 14:17:26,757 INFO [91386648]           BasicSheet.java:979  | Stored /sheet#1/sheet#1.xml
2017-10-06 14:17:26,759 INFO [91386648]       StepMonitoring.java:96   | TEXTS
2017-10-06 14:17:29,025 INFO [91386648]            BasicBook.java:1395 | Stored /book.xml
2017-10-06 14:17:29,921 INFO [91386648]           BasicSheet.java:979  | Stored /sheet#1/sheet#1.xml
2017-10-06 14:17:29,923 INFO [91386648]       StepMonitoring.java:96   | MEASURES
2017-10-06 14:17:29,929 INFO [91386648]                 Page.java:210  | 21 raw measures: [6 in system#1, 5 in system#2, 5 in system#3, 5 in system#4]
2017-10-06 14:17:29,929 INFO [91386648]                 Page.java:210  | 9 raw measures: [5 in system#5, 4 in system#6]
2017-10-06 14:17:29,930 INFO [91386648]            BasicBook.java:1395 | Stored /book.xml
2017-10-06 14:17:30,832 INFO [91386648]           BasicSheet.java:979  | Stored /sheet#1/sheet#1.xml
2017-10-06 14:17:30,834 INFO [91386648]       StepMonitoring.java:96   | CHORDS
2017-10-06 14:17:30,850 INFO [91386648]            BasicBook.java:1395 | Stored /book.xml
2017-10-06 14:17:31,827 INFO [91386648]           BasicSheet.java:979  | Stored /sheet#1/sheet#1.xml
2017-10-06 14:17:31,830 INFO [91386648]       StepMonitoring.java:96   | CURVES
2017-10-06 14:17:33,585 INFO [91386648]         SlursBuilder.java:762  | LEFT collision SlurInter{#5108(0.668)} & SlurInter{#5152(0.370)} @ HeadInter{#3655(0.675/0.849) e#4957 s:10 p:-6.00 NOTEHEAD_BLACK}
2017-10-06 14:17:33,586 INFO [91386648]         SlursBuilder.java:762  | RIGHT collision SlurInter{#5108(0.668)} & SlurInter{#5152(0.370)} @ HeadInter{#3559(0.641/0.830) e#4959 s:10 p:-4.00 NOTEHEAD_BLACK}
2017-10-06 14:17:33,586 INFO [91386648]         SlursBuilder.java:762  | LEFT collision SlurInter{#5152(0.370)} & SlurInter{#5108(0.668)} @ HeadInter{#3655(0.675/0.849) e#4957 s:10 p:-6.00 NOTEHEAD_BLACK}
2017-10-06 14:17:33,587 INFO [91386648]         SlursBuilder.java:762  | RIGHT collision SlurInter{#5152(0.370)} & SlurInter{#5108(0.668)} @ HeadInter{#3559(0.641/0.830) e#4959 s:10 p:-4.00 NOTEHEAD_BLACK}
2017-10-06 14:17:33,588 INFO [91386648]         SlursBuilder.java:157  | Slurs: 38
2017-10-06 14:17:33,629 INFO [91386648]      SegmentsBuilder.java:113  | Segments: 27
2017-10-06 14:17:33,639 INFO [91386648]            BasicBook.java:1395 | Stored /book.xml
2017-10-06 14:17:34,905 INFO [91386648]           BasicSheet.java:979  | Stored /sheet#1/sheet#1.xml
2017-10-06 14:17:34,907 INFO [91386648]       StepMonitoring.java:96   | SYMBOLS
2017-10-06 14:17:36,051 INFO [91386648]       SymbolsBuilder.java:340  | Symbol parts shrunk from 10 to 7
2017-10-06 14:17:36,395 INFO [91386648]       SymbolsBuilder.java:340  | Symbol parts shrunk from 10 to 7
2017-10-06 14:17:36,571 INFO [91386648]       SymbolsBuilder.java:340  | Symbol parts shrunk from 10 to 7
2017-10-06 14:17:38,525 INFO [91386648]       SymbolsBuilder.java:340  | Symbol parts shrunk from 8 to 7
2017-10-06 14:17:38,735 INFO [91386648]            BasicBook.java:1395 | Stored /book.xml
2017-10-06 14:17:40,259 INFO [91386648]           BasicSheet.java:979  | Stored /sheet#1/sheet#1.xml
2017-10-06 14:17:40,262 INFO [91386648]       StepMonitoring.java:96   | LINKS
2017-10-06 14:17:40,278 INFO [91386648]        SymbolsLinker.java:252  | No chord above PedalInter{#6083(0.800) PEDAL_UP_MARK}
2017-10-06 14:17:40,278 INFO [91386648]        SymbolsLinker.java:252  | No chord above PedalInter{#6095(0.799) PEDAL_UP_MARK}
2017-10-06 14:17:40,279 INFO [91386648]        SymbolsLinker.java:252  | No chord above PedalInter{#6097(0.792) PEDAL_UP_MARK}
2017-10-06 14:17:40,279 INFO [91386648]        SymbolsLinker.java:252  | No chord above PedalInter{#6250(0.799) PEDAL_UP_MARK}
2017-10-06 14:17:40,313 INFO [91386648]            BasicBook.java:1395 | Stored /book.xml
2017-10-06 14:17:42,050 INFO [91386648]           BasicSheet.java:979  | Stored /sheet#1/sheet#1.xml
2017-10-06 14:17:42,052 INFO [91386648]       StepMonitoring.java:96   | RHYTHMS
2017-10-06 14:17:42,062 INFO [91386648]       TupletsBuilder.java:199  | TupletInter{#5976(0.306/0.306) TUPLET_THREE} null sequence in TUPLET_THREE: 1/2 vs 3/4
2017-10-06 14:17:42,086 INFO [91386648]           PageRhythm.java:314  | Range{1-21 ts:3/4} Durations avgGuess:3/4 topGuess:3/4 avgValue:0.73 stacks:21 voices:54 Histogram{1/4-1 size:5 [1/4=3 1/3=1 1/2=14 3/4=26 1=10]}
2017-10-06 14:17:42,089 INFO [91386648]                Voice.java:257  | S1 MeasureStack#3 Voice #1 too long 1/4
2017-10-06 14:17:42,090 INFO [91386648]                Voice.java:257  | S1 MeasureStack#3 Voice #2 too long 1/4
2017-10-06 14:17:42,090 INFO [91386648]           StackTuner.java:92   | S1 MeasureStack#3 no correct rhythm
2017-10-06 14:17:42,092 INFO [91386648]                Voice.java:257  | S1 MeasureStack#4 Voice #1 too long 1/4
2017-10-06 14:17:42,092 INFO [91386648]                Voice.java:257  | S1 MeasureStack#4 Voice #2 too long 1/4
2017-10-06 14:17:42,092 INFO [91386648]           StackTuner.java:92   | S1 MeasureStack#4 no correct rhythm
2017-10-06 14:17:42,094 INFO [91386648]         SlotsBuilder.java:427  | S1 MeasureStack#5 Slot{#3 xOffset=113 timeOffset=1/2 incomings=[#4816] SUSPICIOUS}
2017-10-06 14:17:42,094 INFO [91386648]                Voice.java:257  | S1 MeasureStack#5 Voice #1 too long 1/4
2017-10-06 14:17:42,095 INFO [91386648]                Voice.java:257  | S1 MeasureStack#5 Voice #2 too long 1/4
2017-10-06 14:17:42,095 INFO [91386648]                Voice.java:257  | S1 MeasureStack#5 Voice #3 too long 1/4
2017-10-06 14:17:42,095 INFO [91386648]           StackTuner.java:92   | S1 MeasureStack#5 no correct rhythm
2017-10-06 14:17:42,098 INFO [91386648]                Voice.java:257  | S2 MeasureStack#8 Voice #1 too long 1/4
2017-10-06 14:17:42,098 INFO [91386648]                Voice.java:257  | S2 MeasureStack#8 Voice #3 too long 1/4
2017-10-06 14:17:42,099 INFO [91386648]           StackTuner.java:92   | S2 MeasureStack#8 no correct rhythm
2017-10-06 14:17:42,105 INFO [91386648]                Voice.java:257  | S3 MeasureStack#16 Voice #1 too long 1/4
2017-10-06 14:17:42,105 INFO [91386648]                Voice.java:257  | S3 MeasureStack#16 Voice #2 too long 1/4
2017-10-06 14:17:42,106 INFO [91386648]           StackTuner.java:92   | S3 MeasureStack#16 no correct rhythm
2017-10-06 14:17:42,107 INFO [91386648]         SlotsBuilder.java:427  | S4 MeasureStack#17 Slot{#3 xOffset=264 timeOffset=1/2 incomings=[#4900] SUSPICIOUS}
2017-10-06 14:17:42,107 INFO [91386648]                Voice.java:257  | S4 MeasureStack#17 Voice #1 too long 1/4
2017-10-06 14:17:42,108 INFO [91386648]                Voice.java:257  | S4 MeasureStack#17 Voice #3 too long 1/4
2017-10-06 14:17:42,108 INFO [91386648]           StackTuner.java:92   | S4 MeasureStack#17 no correct rhythm
2017-10-06 14:17:42,109 INFO [91386648]                Voice.java:257  | S4 MeasureStack#18 Voice #1 too long 1/4
2017-10-06 14:17:42,110 INFO [91386648]                Voice.java:257  | S4 MeasureStack#18 Voice #2 too long 1/4
2017-10-06 14:17:42,110 INFO [91386648]           StackTuner.java:92   | S4 MeasureStack#18 no correct rhythm
2017-10-06 14:17:42,112 INFO [91386648]         SlotsBuilder.java:427  | S4 MeasureStack#20 Slot{#3 xOffset=158 timeOffset=1/3 incomings=[#4910] SUSPICIOUS}
2017-10-06 14:17:42,128 INFO [91386648]           PageRhythm.java:314  | Range{1-9 ts:6/8} Durations avgGuess:3/4 topGuess:5/8 avgValue:0.64 stacks:9 voices:30 Histogram{1/8-1 size:8 [1/8=2 1/4=1 7/16=1 1/2=9 5/8=10 3/4=3 7/8=2 1=2]}
2017-10-06 14:17:42,130 INFO [91386648]                Voice.java:257  | S5 MeasureStack#2 Voice #1 too long 1/4
2017-10-06 14:17:42,131 INFO [91386648]                Voice.java:257  | S5 MeasureStack#2 Voice #2 too long 1/8
2017-10-06 14:17:42,131 INFO [91386648]                Voice.java:257  | S5 MeasureStack#2 Voice #3 too long 1/4
2017-10-06 14:17:42,132 INFO [91386648]           StackTuner.java:92   | S5 MeasureStack#2 no correct rhythm
2017-10-06 14:17:42,133 INFO [91386648]         SlotsBuilder.java:427  | S5 MeasureStack#3 Slot{#6 xOffset=215 timeOffset=1/2 incomings=[#4951] SUSPICIOUS}
2017-10-06 14:17:42,134 INFO [91386648]         SlotsBuilder.java:427  | S5 MeasureStack#3 Slot{#8 xOffset=253 timeOffset=5/8 incomings=[#4952] SUSPICIOUS}
2017-10-06 14:17:42,134 INFO [91386648]         SlotsBuilder.java:427  | S5 MeasureStack#3 Slot{#10 xOffset=291 timeOffset=3/4 incomings=[#4953] SUSPICIOUS}
2017-10-06 14:17:42,135 INFO [91386648]                Voice.java:257  | S5 MeasureStack#3 Voice #3 too long 1/8
2017-10-06 14:17:42,135 INFO [91386648]           StackTuner.java:92   | S5 MeasureStack#3 no correct rhythm
2017-10-06 14:17:42,138 INFO [91386648]                Voice.java:257  | S5 MeasureStack#5 Voice #1 too long 1/8
2017-10-06 14:17:42,139 INFO [91386648]           StackTuner.java:92   | S5 MeasureStack#5 no correct rhythm
2017-10-06 14:17:42,141 INFO [91386648]         SlotsBuilder.java:427  | S6 MeasureStack#6 Slot{#5 xOffset=334 timeOffset=7/16 incomings=[#4969#4970] SUSPICIOUS}
2017-10-06 14:17:42,142 INFO [91386648]         SlotsBuilder.java:427  | S6 MeasureStack#6 Slot{#8 xOffset=446 timeOffset=11/16 incomings=[#4971] SUSPICIOUS}
2017-10-06 14:17:42,143 INFO [91386648]                Voice.java:257  | S6 MeasureStack#6 Voice #1 too long 3/16
2017-10-06 14:17:42,143 INFO [91386648]           StackTuner.java:92   | S6 MeasureStack#6 no correct rhythm
2017-10-06 14:17:42,145 INFO [91386648]         SlotsBuilder.java:427  | S6 MeasureStack#7 Slot{#6 xOffset=260 timeOffset=1/2 incomings=[#5003] SUSPICIOUS}
2017-10-06 14:17:42,146 INFO [91386648]         SlotsBuilder.java:427  | S6 MeasureStack#7 Slot{#8 xOffset=316 timeOffset=5/8 incomings=[#5004] SUSPICIOUS}
2017-10-06 14:17:42,147 INFO [91386648]         SlotsBuilder.java:427  | S6 MeasureStack#7 Slot{#10 xOffset=373 timeOffset=3/4 incomings=[#5005] SUSPICIOUS}
2017-10-06 14:17:42,147 INFO [91386648]                Voice.java:257  | S6 MeasureStack#7 Voice #3 too long 1/8
2017-10-06 14:17:42,147 INFO [91386648]           StackTuner.java:92   | S6 MeasureStack#7 no correct rhythm
2017-10-06 14:17:42,149 INFO [91386648]         SlotsBuilder.java:427  | S6 MeasureStack#8 Slot{#7 xOffset=318 timeOffset=5/8 incomings=[#5012] SUSPICIOUS}
2017-10-06 14:17:42,150 INFO [91386648]         SlotsBuilder.java:427  | S6 MeasureStack#8 Slot{#9 xOffset=370 timeOffset=7/8 incomings=[#5013] SUSPICIOUS}
2017-10-06 14:17:42,150 INFO [91386648]                Voice.java:257  | S6 MeasureStack#8 Voice #3 too long 3/8
2017-10-06 14:17:42,151 INFO [91386648]           StackTuner.java:92   | S6 MeasureStack#8 no correct rhythm
2017-10-06 14:17:42,157 INFO [91386648]            BasicBook.java:1395 | Stored /book.xml
2017-10-06 14:17:43,768 INFO [91386648]           BasicSheet.java:979  | Stored /sheet#1/sheet#1.xml
2017-10-06 14:17:43,771 INFO [91386648]       StepMonitoring.java:96   | PAGE
2017-10-06 14:17:43,775 INFO [91386648]                 Part.java:267  | Could not left-connect slur#5403
2017-10-06 14:17:43,777 INFO [91386648]                 Part.java:267  | Could not left-connect slur#5348
2017-10-06 14:17:43,778 INFO [91386648]                Voice.java:257  | S1 MeasureStack#3 Voice #1 too long 1/4
2017-10-06 14:17:43,778 INFO [91386648]                Voice.java:257  | S1 MeasureStack#3 Voice #2 too long 1/4
2017-10-06 14:17:43,779 INFO [91386648]                Voice.java:257  | S1 MeasureStack#4 Voice #1 too long 1/4
2017-10-06 14:17:43,779 INFO [91386648]                Voice.java:257  | S1 MeasureStack#4 Voice #2 too long 1/4
2017-10-06 14:17:43,779 INFO [91386648]                Voice.java:257  | S1 MeasureStack#5 Voice #1 too long 1/4
2017-10-06 14:17:43,779 INFO [91386648]                Voice.java:257  | S1 MeasureStack#5 Voice #2 too long 1/4
2017-10-06 14:17:43,780 INFO [91386648]                Voice.java:257  | S1 MeasureStack#5 Voice #3 too long 1/4
2017-10-06 14:17:43,780 INFO [91386648]                Voice.java:257  | S2 MeasureStack#8 Voice #1 too long 1/4
2017-10-06 14:17:43,780 INFO [91386648]                Voice.java:257  | S2 MeasureStack#8 Voice #3 too long 1/4
2017-10-06 14:17:43,781 INFO [91386648]                Voice.java:257  | S3 MeasureStack#16 Voice #1 too long 1/4
2017-10-06 14:17:43,781 INFO [91386648]                Voice.java:257  | S3 MeasureStack#16 Voice #2 too long 1/4
2017-10-06 14:17:43,781 INFO [91386648]                Voice.java:257  | S4 MeasureStack#17 Voice #1 too long 1/4
2017-10-06 14:17:43,782 INFO [91386648]                Voice.java:257  | S4 MeasureStack#17 Voice #3 too long 1/4
2017-10-06 14:17:43,782 INFO [91386648]                Voice.java:257  | S4 MeasureStack#18 Voice #1 too long 1/4
2017-10-06 14:17:43,782 INFO [91386648]                Voice.java:257  | S4 MeasureStack#18 Voice #2 too long 1/4
2017-10-06 14:17:43,783 INFO [91386648]                Voice.java:257  | S5 MeasureStack#2 Voice #1 too long 1/4
2017-10-06 14:17:43,784 INFO [91386648]                Voice.java:257  | S5 MeasureStack#2 Voice #2 too long 1/8
2017-10-06 14:17:43,784 INFO [91386648]                Voice.java:257  | S5 MeasureStack#2 Voice #3 too long 1/4
2017-10-06 14:17:43,784 INFO [91386648]                Voice.java:257  | S5 MeasureStack#3 Voice #3 too long 1/8
2017-10-06 14:17:43,785 INFO [91386648]                Voice.java:257  | S5 MeasureStack#5 Voice #1 too long 1/8
2017-10-06 14:17:43,785 INFO [91386648]                Voice.java:257  | S6 MeasureStack#6 Voice #1 too long 3/16
2017-10-06 14:17:43,785 INFO [91386648]                Voice.java:257  | S6 MeasureStack#7 Voice #3 too long 1/8
2017-10-06 14:17:43,786 INFO [91386648]                Voice.java:257  | S6 MeasureStack#8 Voice #3 too long 3/8
2017-10-06 14:17:43,787 INFO [91386648]            BasicBook.java:1395 | Stored /book.xml
2017-10-06 14:17:45,376 INFO [91386648]           BasicSheet.java:979  | Stored /sheet#1/sheet#1.xml
2017-10-06 14:17:45,378 INFO [91386648]            BasicStub.java:723  | Sheet{91386648} disposed
2017-10-06 14:17:46,342 INFO [91386648]            BasicStub.java:449  | Loaded /sheet#1/sheet#1.xml
2017-10-06 14:17:46,344 INFO [91386648]            BasicBook.java:1133 | Scores built: 2
2017-10-06 14:17:47,240 WARN [91386648]      PartwiseBuilder.java:1379 | Error visiting null
java.lang.NullPointerException: null
	at org.audiveris.omr.score.PartwiseBuilder.processKey(PartwiseBuilder.java:1344)
	at org.audiveris.omr.score.PartwiseBuilder.processKeys(PartwiseBuilder.java:1407)
	at org.audiveris.omr.score.PartwiseBuilder.processMeasure(PartwiseBuilder.java:1575)
	at org.audiveris.omr.score.PartwiseBuilder.processPart(PartwiseBuilder.java:1988)
	at org.audiveris.omr.score.PartwiseBuilder.processSystem(PartwiseBuilder.java:2528)
	at org.audiveris.omr.score.PartwiseBuilder.processLogicalPart(PartwiseBuilder.java:1433)
	at org.audiveris.omr.score.PartwiseBuilder.processStub(PartwiseBuilder.java:2483)
	at org.audiveris.omr.score.PartwiseBuilder.processPartList(PartwiseBuilder.java:2017)
	at org.audiveris.omr.score.PartwiseBuilder.processScore(PartwiseBuilder.java:2195)
	at org.audiveris.omr.score.PartwiseBuilder.build(PartwiseBuilder.java:307)
	at org.audiveris.omr.score.ScoreExporter.export(ScoreExporter.java:117)
	at org.audiveris.omr.score.ScoreExporter.export(ScoreExporter.java:91)
	at org.audiveris.omr.sheet.BasicBook.export(BasicBook.java:589)
	at org.audiveris.omr.CLI$ProcessingTask.processBook(CLI.java:785)
	at org.audiveris.omr.CLI$CliTask.call(CLI.java:344)
	at org.audiveris.omr.Main.runBatchTasks(Main.java:316)
	at org.audiveris.omr.Main.main(Main.java:155)
	at Audiveris.main(Audiveris.java:49)
2017-10-06 14:17:47,245 WARN [91386648]      PartwiseBuilder.java:1379 | Error visiting null
java.lang.NullPointerException: null
	at org.audiveris.omr.score.PartwiseBuilder.processKey(PartwiseBuilder.java:1344)
	at org.audiveris.omr.score.PartwiseBuilder.processKeys(PartwiseBuilder.java:1407)
	at org.audiveris.omr.score.PartwiseBuilder.processMeasure(PartwiseBuilder.java:1575)
	at org.audiveris.omr.score.PartwiseBuilder.processPart(PartwiseBuilder.java:1988)
	at org.audiveris.omr.score.PartwiseBuilder.processSystem(PartwiseBuilder.java:2528)
	at org.audiveris.omr.score.PartwiseBuilder.processLogicalPart(PartwiseBuilder.java:1433)
	at org.audiveris.omr.score.PartwiseBuilder.processStub(PartwiseBuilder.java:2483)
	at org.audiveris.omr.score.PartwiseBuilder.processPartList(PartwiseBuilder.java:2017)
	at org.audiveris.omr.score.PartwiseBuilder.processScore(PartwiseBuilder.java:2195)
	at org.audiveris.omr.score.PartwiseBuilder.build(PartwiseBuilder.java:307)
	at org.audiveris.omr.score.ScoreExporter.export(ScoreExporter.java:117)
	at org.audiveris.omr.score.ScoreExporter.export(ScoreExporter.java:91)
	at org.audiveris.omr.sheet.BasicBook.export(BasicBook.java:589)
	at org.audiveris.omr.CLI$ProcessingTask.processBook(CLI.java:785)
	at org.audiveris.omr.CLI$CliTask.call(CLI.java:344)
	at org.audiveris.omr.Main.runBatchTasks(Main.java:316)
	at org.audiveris.omr.Main.main(Main.java:155)
	at Audiveris.main(Audiveris.java:49)
2017-10-06 14:17:47,251 WARN [91386648]      PartwiseBuilder.java:1379 | Error visiting null
java.lang.NullPointerException: null
	at org.audiveris.omr.score.PartwiseBuilder.processKey(PartwiseBuilder.java:1344)
	at org.audiveris.omr.score.PartwiseBuilder.processKeys(PartwiseBuilder.java:1407)
	at org.audiveris.omr.score.PartwiseBuilder.processMeasure(PartwiseBuilder.java:1575)
	at org.audiveris.omr.score.PartwiseBuilder.processPart(PartwiseBuilder.java:1988)
	at org.audiveris.omr.score.PartwiseBuilder.processSystem(PartwiseBuilder.java:2528)
	at org.audiveris.omr.score.PartwiseBuilder.processLogicalPart(PartwiseBuilder.java:1433)
	at org.audiveris.omr.score.PartwiseBuilder.processStub(PartwiseBuilder.java:2483)
	at org.audiveris.omr.score.PartwiseBuilder.processPartList(PartwiseBuilder.java:2017)
	at org.audiveris.omr.score.PartwiseBuilder.processScore(PartwiseBuilder.java:2195)
	at org.audiveris.omr.score.PartwiseBuilder.build(PartwiseBuilder.java:307)
	at org.audiveris.omr.score.ScoreExporter.export(ScoreExporter.java:117)
	at org.audiveris.omr.score.ScoreExporter.export(ScoreExporter.java:91)
	at org.audiveris.omr.sheet.BasicBook.export(BasicBook.java:589)
	at org.audiveris.omr.CLI$ProcessingTask.processBook(CLI.java:785)
	at org.audiveris.omr.CLI$CliTask.call(CLI.java:344)
	at org.audiveris.omr.Main.runBatchTasks(Main.java:316)
	at org.audiveris.omr.Main.main(Main.java:155)
	at Audiveris.main(Audiveris.java:49)
2017-10-06 14:17:47,302 INFO [91386648]        ScoreExporter.java:93   | Score 91386648.mvt1 exported to /Users/stephenn/Documents/workspace/nlsomr/xml_out/91386487/91386648/91386648.mvt1.mxl
2017-10-06 14:17:47,304 WARN [91386648]      PartwiseBuilder.java:1379 | Error visiting null
java.lang.NullPointerException: null
	at org.audiveris.omr.score.PartwiseBuilder.processKey(PartwiseBuilder.java:1344)
	at org.audiveris.omr.score.PartwiseBuilder.processKeys(PartwiseBuilder.java:1407)
	at org.audiveris.omr.score.PartwiseBuilder.processMeasure(PartwiseBuilder.java:1575)
	at org.audiveris.omr.score.PartwiseBuilder.processPart(PartwiseBuilder.java:1988)
	at org.audiveris.omr.score.PartwiseBuilder.processSystem(PartwiseBuilder.java:2528)
	at org.audiveris.omr.score.PartwiseBuilder.processLogicalPart(PartwiseBuilder.java:1433)
	at org.audiveris.omr.score.PartwiseBuilder.processStub(PartwiseBuilder.java:2483)
	at org.audiveris.omr.score.PartwiseBuilder.processPartList(PartwiseBuilder.java:2017)
	at org.audiveris.omr.score.PartwiseBuilder.processScore(PartwiseBuilder.java:2195)
	at org.audiveris.omr.score.PartwiseBuilder.build(PartwiseBuilder.java:307)
	at org.audiveris.omr.score.ScoreExporter.export(ScoreExporter.java:117)
	at org.audiveris.omr.score.ScoreExporter.export(ScoreExporter.java:91)
	at org.audiveris.omr.sheet.BasicBook.export(BasicBook.java:589)
	at org.audiveris.omr.CLI$ProcessingTask.processBook(CLI.java:785)
	at org.audiveris.omr.CLI$CliTask.call(CLI.java:344)
	at org.audiveris.omr.Main.runBatchTasks(Main.java:316)
	at org.audiveris.omr.Main.main(Main.java:155)
	at Audiveris.main(Audiveris.java:49)
2017-10-06 14:17:47,336 INFO [91386648]        ScoreExporter.java:93   | Score 91386648.mvt2 exported to /Users/stephenn/Documents/workspace/nlsomr/xml_out/91386487/91386648/91386648.mvt2.mxl
2017-10-06 14:17:47,493 INFO [91386648]            BasicBook.java:1395 | Stored /book.xml
2017-10-06 14:17:47,493 INFO [91386648]            BasicBook.java:1355 | Book stored as /Users/stephenn/Documents/workspace/nlsomr/xml_out/91386487/91386648/91386648.omr
