2017-10-06 15:36:34,177 INFO [91387740]            BasicBook.java:427  | 1 sheet in /Users/stephenn/Documents/workspace/nlsomr/working/91387740.jpg
2017-10-06 15:36:34,367 INFO []            BasicBook.java:1395 | Stored /book.xml
2017-10-06 15:36:34,368 INFO []            BasicBook.java:1355 | Book stored as /Users/stephenn/Documents/workspace/nlsomr/xml_out/91386487/91387740/91387740.omr
2017-10-06 15:36:34,373 INFO []            BasicBook.java:996  | Book reaching PAGE on sheets:[#1]
2017-10-06 15:36:34,375 INFO [91387740]       StepMonitoring.java:96   | LOAD
2017-10-06 15:36:34,534 INFO [91387740]            BasicBook.java:911  | Loaded image 1 2000x3056 from /Users/stephenn/Documents/workspace/nlsomr/working/91387740.jpg
2017-10-06 15:36:34,539 INFO [91387740]            ImageUtil.java:82   | Converting max RGB to gray ...
2017-10-06 15:36:34,808 INFO [91387740]            BasicBook.java:1395 | Stored /book.xml
2017-10-06 15:36:35,127 INFO [91387740]           BasicSheet.java:979  | Stored /sheet#1/sheet#1.xml
2017-10-06 15:36:35,128 INFO [91387740]       StepMonitoring.java:96   | BINARY
2017-10-06 15:36:35,764 INFO [91387740]            BasicBook.java:1395 | Stored /book.xml
2017-10-06 15:36:36,071 INFO [91387740]              Picture.java:786  | Stored /sheet#1/BINARY.xml
2017-10-06 15:36:36,073 INFO [91387740]           BasicSheet.java:979  | Stored /sheet#1/sheet#1.xml
2017-10-06 15:36:36,076 INFO [91387740]       StepMonitoring.java:96   | SCALE
2017-10-06 15:36:36,122 INFO [91387740]         ScaleBuilder.java:229  | No beam key found, guessed value 10
2017-10-06 15:36:36,123 INFO [91387740]            ScaleStep.java:87   | Scale{line(4,5,6) interline(16,16,17) beam(10 extra)}
2017-10-06 15:36:36,126 INFO [91387740]            BasicBook.java:1395 | Stored /book.xml
2017-10-06 15:36:36,129 INFO [91387740]           BasicSheet.java:979  | Stored /sheet#1/sheet#1.xml
2017-10-06 15:36:36,131 INFO [91387740]       StepMonitoring.java:96   | GRID
2017-10-06 15:36:37,205 INFO [91387740]       LinesRetriever.java:442  | Global slope: 0.00207
2017-10-06 15:36:37,327 INFO [91387740]    ClustersRetriever.java:241  | Retrieved line clusters: 12 of size: 5 with interline: (16,16,17)
2017-10-06 15:36:38,089 INFO [91387740]            PeakGraph.java:181  | Systems: #1[1, 2] #2[3, 4] #3[5, 6] #4[7, 8] #5[9, 10] #6[11, 12]
2017-10-06 15:36:39,028 INFO [91387740]        SystemManager.java:626  | Indentation detected for system#3
2017-10-06 15:36:39,029 INFO [91387740]        SystemManager.java:671  | 2 pages found in sheet
2017-10-06 15:36:39,029 INFO [91387740]        SystemManager.java:709  | Page #1: 1 part along 2 systems
2017-10-06 15:36:39,029 INFO [91387740]        SystemManager.java:709  | Page #2: 1 part along 4 systems
2017-10-06 15:36:39,033 INFO [91387740]            BasicBook.java:1395 | Stored /book.xml
2017-10-06 15:36:39,249 INFO [91387740]           BasicSheet.java:979  | Stored /sheet#1/sheet#1.xml
2017-10-06 15:36:39,252 INFO [91387740]       StepMonitoring.java:96   | HEADERS
2017-10-06 15:36:39,652 INFO []          Nd4jBackend.java:194  | Loaded [CpuBackend] backend
2017-10-06 15:36:39,726 INFO []      NativeOpsHolder.java:49   | Number of threads used for NativeOps: 2
2017-10-06 15:36:40,243 INFO [] DefaultOpExecutioner.java:544  | Backend used: [CPU]; OS: [Mac OS X]
2017-10-06 15:36:40,243 INFO [] DefaultOpExecutioner.java:545  | Cores: [4]; Memory: [3.6GB];
2017-10-06 15:36:40,244 INFO [] DefaultOpExecutioner.java:546  | Blas vendor: [OPENBLAS]
2017-10-06 15:36:40,288 INFO []   AbstractClassifier.java:332  | Classifier data loaded from default uri jar:file:/Users/stephenn/Documents/workspace/audiveris/build/distributions/Audiveris/lib/audiveris.jar!/res/basic-classifier.zip
2017-10-06 15:36:42,585 INFO [91387740]           KeyBuilder.java:916  | Staff#4 key replication failed.
2017-10-06 15:36:42,979 INFO [91387740]           KeyBuilder.java:746  | Staff#6 key slice#4 pitch adjusted from 1.5 to 0
2017-10-06 15:36:43,537 WARN [91387740]          ClefBuilder.java:560  | Staff#10 no header clef.
2017-10-06 15:36:43,587 INFO []   AbstractClassifier.java:332  | Classifier data loaded from default uri jar:file:/Users/stephenn/Documents/workspace/audiveris/build/distributions/Audiveris/lib/audiveris.jar!/res/deep-classifier.zip
2017-10-06 15:36:43,669 WARN [91387740]          ClefBuilder.java:560  | Staff#12 no header clef.
2017-10-06 15:36:43,714 INFO [91387740]            BasicBook.java:1395 | Stored /book.xml
2017-10-06 15:36:44,078 INFO [91387740]           BasicSheet.java:979  | Stored /sheet#1/sheet#1.xml
2017-10-06 15:36:44,081 INFO [91387740]       StepMonitoring.java:96   | STEM_SEEDS
2017-10-06 15:36:44,187 INFO [91387740]        StemSeedsStep.java:91   | stem(4 max:5)
2017-10-06 15:36:44,294 INFO [91387740]            BasicBook.java:1395 | Stored /book.xml
2017-10-06 15:36:44,889 INFO [91387740]           BasicSheet.java:979  | Stored /sheet#1/sheet#1.xml
2017-10-06 15:36:44,892 INFO [91387740]       StepMonitoring.java:96   | BEAMS
2017-10-06 15:36:48,351 INFO [91387740]            BeamsStep.java:89   | BeamDistance{count:24 mean:14.49 stdDev:3.13}
2017-10-06 15:36:48,354 INFO [91387740]            BasicBook.java:1395 | Stored /book.xml
2017-10-06 15:36:48,438 INFO [91387740]              Picture.java:786  | Stored /sheet#1/HEAD_SPOTS.xml
2017-10-06 15:36:48,939 INFO [91387740]           BasicSheet.java:979  | Stored /sheet#1/sheet#1.xml
2017-10-06 15:36:48,942 INFO [91387740]       StepMonitoring.java:96   | LEDGERS
2017-10-06 15:36:49,471 INFO [91387740]            BasicBook.java:1395 | Stored /book.xml
2017-10-06 15:36:50,007 INFO [91387740]           BasicSheet.java:979  | Stored /sheet#1/sheet#1.xml
2017-10-06 15:36:50,009 INFO [91387740]       StepMonitoring.java:96   | HEADS
2017-10-06 15:36:52,897 INFO [91387740]            BasicBook.java:1395 | Stored /book.xml
2017-10-06 15:36:53,868 INFO [91387740]           BasicSheet.java:979  | Stored /sheet#1/sheet#1.xml
2017-10-06 15:36:53,871 INFO [91387740]       StepMonitoring.java:96   | STEMS
2017-10-06 15:36:55,809 INFO [91387740]            BasicBook.java:1395 | Stored /book.xml
2017-10-06 15:36:57,096 INFO [91387740]           BasicSheet.java:979  | Stored /sheet#1/sheet#1.xml
2017-10-06 15:36:57,098 INFO [91387740]       StepMonitoring.java:96   | REDUCTION
2017-10-06 15:36:57,832 INFO [91387740]            BasicBook.java:1395 | Stored /book.xml
2017-10-06 15:36:58,587 INFO [91387740]           BasicSheet.java:979  | Stored /sheet#1/sheet#1.xml
2017-10-06 15:36:58,590 INFO [91387740]       StepMonitoring.java:96   | CUE_BEAMS
2017-10-06 15:36:58,612 INFO [91387740]            BasicBook.java:1395 | Stored /book.xml
2017-10-06 15:36:59,335 INFO [91387740]           BasicSheet.java:979  | Stored /sheet#1/sheet#1.xml
2017-10-06 15:36:59,337 INFO [91387740]       StepMonitoring.java:96   | TEXTS
2017-10-06 15:37:00,817 INFO [91387740]            BasicBook.java:1395 | Stored /book.xml
2017-10-06 15:37:01,671 INFO [91387740]           BasicSheet.java:979  | Stored /sheet#1/sheet#1.xml
2017-10-06 15:37:01,676 INFO [91387740]       StepMonitoring.java:96   | MEASURES
2017-10-06 15:37:01,683 INFO [91387740]                 Page.java:210  | 8 raw measures: [4 in system#1, 4 in system#2]
2017-10-06 15:37:01,683 INFO [91387740]                 Page.java:210  | 14 raw measures: [4 in system#3, 3 in system#4, 4 in system#5, 3 in system#6]
2017-10-06 15:37:01,686 INFO [91387740]            BasicBook.java:1395 | Stored /book.xml
2017-10-06 15:37:02,461 INFO [91387740]           BasicSheet.java:979  | Stored /sheet#1/sheet#1.xml
2017-10-06 15:37:02,463 INFO [91387740]       StepMonitoring.java:96   | CHORDS
2017-10-06 15:37:02,473 INFO [91387740]        ChordsBuilder.java:249  | Deleting StemInter{#6147(0.732/0.852)} on RIGHT side of HeadInter{#4670(0.602/0.780) s:9 p:2.00 NOTEHEAD_BLACK}
2017-10-06 15:37:02,484 INFO [91387740]            BasicBook.java:1395 | Stored /book.xml
2017-10-06 15:37:03,327 INFO [91387740]           BasicSheet.java:979  | Stored /sheet#1/sheet#1.xml
2017-10-06 15:37:03,330 INFO [91387740]       StepMonitoring.java:96   | CURVES
2017-10-06 15:37:05,321 INFO [91387740]         SlursBuilder.java:762  | LEFT collision SlurInter{#6570(0.658)} & SlurInter{#6611(0.428)} @ HeadInter{#3245(0.618/0.800) e#6336 s:5 p:0.00 NOTEHEAD_BLACK}
2017-10-06 15:37:05,322 INFO [91387740]         SlursBuilder.java:762  | LEFT collision SlurInter{#6611(0.428)} & SlurInter{#6570(0.658)} @ HeadInter{#3245(0.618/0.800) e#6336 s:5 p:0.00 NOTEHEAD_BLACK}
2017-10-06 15:37:05,323 INFO [91387740]         SlursBuilder.java:762  | LEFT collision SlurInter{#6514(0.646)} & SlurInter{#6602(0.349)} @ HeadInter{#5215(0.683/0.827) e#6467 s:11 p:-3.00 NOTEHEAD_BLACK}
2017-10-06 15:37:05,324 INFO [91387740]         SlursBuilder.java:762  | LEFT collision SlurInter{#6602(0.349)} & SlurInter{#6514(0.646)} @ HeadInter{#5215(0.683/0.827) e#6467 s:11 p:-3.00 NOTEHEAD_BLACK}
2017-10-06 15:37:05,326 INFO [91387740]         SlursBuilder.java:157  | Slurs: 31
2017-10-06 15:37:05,379 INFO [91387740]      SegmentsBuilder.java:113  | Segments: 14
2017-10-06 15:37:05,390 INFO [91387740]            BasicBook.java:1395 | Stored /book.xml
2017-10-06 15:37:06,482 INFO [91387740]           BasicSheet.java:979  | Stored /sheet#1/sheet#1.xml
2017-10-06 15:37:06,485 INFO [91387740]       StepMonitoring.java:96   | SYMBOLS
2017-10-06 15:37:08,038 INFO [91387740]       SymbolsBuilder.java:340  | Symbol parts shrunk from 12 to 7
2017-10-06 15:37:10,275 INFO [91387740]            BasicBook.java:1395 | Stored /book.xml
2017-10-06 15:37:10,986 INFO [91387740]           BasicSheet.java:979  | Stored /sheet#1/sheet#1.xml
2017-10-06 15:37:10,988 INFO [91387740]       StepMonitoring.java:96   | LINKS
2017-10-06 15:37:11,040 INFO [91387740]            BasicBook.java:1395 | Stored /book.xml
2017-10-06 15:37:11,727 INFO [91387740]           BasicSheet.java:979  | Stored /sheet#1/sheet#1.xml
2017-10-06 15:37:11,729 INFO [91387740]       StepMonitoring.java:96   | RHYTHMS
2017-10-06 15:37:11,743 INFO [91387740]       TupletsBuilder.java:199  | TupletInter{#7843(0.213/0.213) TUPLET_THREE} null sequence in TUPLET_THREE: 1/2 vs 3/4
2017-10-06 15:37:11,754 INFO [91387740]           PageRhythm.java:314  | Range{1-8} Durations avgGuess:3/4 topGuess:5/8 avgValue:0.68 stacks:8 voices:16 Histogram{5/8-7/8 size:3 [5/8=10 3/4=5 7/8=1]}
2017-10-06 15:37:11,755 INFO [91387740]           PageRhythm.java:221  | S1 Range{1-8 dur:3/4} should update to 3/4-based time sig?
2017-10-06 15:37:11,761 INFO [91387740]                Voice.java:257  | S2 MeasureStack#6 Voice #1 too long 1/8
2017-10-06 15:37:11,762 INFO [91387740]           StackTuner.java:92   | S2 MeasureStack#6 no correct rhythm
2017-10-06 15:37:11,780 INFO [91387740]         SlotsBuilder.java:399  | Stack#8 suspicious Slot{#2 xOffset=252 timeOffset=1/8 incomings=[#6445]}
2017-10-06 15:37:11,782 INFO [91387740]         SlotsBuilder.java:399  | Stack#9 suspicious Slot{#5 xOffset=229 timeOffset=3/8 incomings=[#6461]}
2017-10-06 15:37:11,786 INFO [91387740]         SlotsBuilder.java:399  | Stack#12 suspicious Slot{#6 xOffset=468 timeOffset=5/8 incomings=[#6496]}
2017-10-06 15:37:11,788 INFO [91387740]         SlotsBuilder.java:399  | Stack#13 suspicious Slot{#2 xOffset=86 timeOffset=3/16 incomings=[#6500]}
2017-10-06 15:37:11,789 INFO [91387740]         SlotsBuilder.java:434  | Stack#14 endless loop detected
2017-10-06 15:37:11,790 INFO [91387740]           PageRhythm.java:314  | Range{1-14 ts:4/4} Durations avgGuess:1 topGuess:1 avgValue:0.91 stacks:14 voices:35 Histogram{1/8-5/4 size:11 [1/8=5 3/16=2 1/4=5 5/16=1 3/8=3 1/2=1 5/8=2 3/4=3 7/8=3 1=7 5/4=3]}
2017-10-06 15:37:11,793 INFO [91387740]                Voice.java:257  | S3 MeasureStack#2 Voice #1 too long 1/4
2017-10-06 15:37:11,793 INFO [91387740]           StackTuner.java:92   | S3 MeasureStack#2 no correct rhythm
2017-10-06 15:37:11,796 INFO [91387740]         SlotsBuilder.java:427  | S3 MeasureStack#4 Slot{#5 xOffset=210 timeOffset=5/8 incomings=[#6351] SUSPICIOUS}
2017-10-06 15:37:11,797 INFO [91387740]                Voice.java:257  | S3 MeasureStack#4 Voice #1 too long 1/4
2017-10-06 15:37:11,797 INFO [91387740]           StackTuner.java:92   | S3 MeasureStack#4 no correct rhythm
2017-10-06 15:37:11,799 INFO [91387740]         SlotsBuilder.java:427  | S4 MeasureStack#5 Slot{#4 xOffset=335 timeOffset=1/4 incomings=[#6390] SUSPICIOUS}
2017-10-06 15:37:11,799 INFO [91387740]         SlotsBuilder.java:427  | S4 MeasureStack#5 Slot{#7 xOffset=443 timeOffset=1/2 incomings=[#6391] SUSPICIOUS}
2017-10-06 15:37:11,805 INFO [91387740]         SlotsBuilder.java:427  | S4 MeasureStack#6 Slot{#8 xOffset=354 timeOffset=7/8 incomings=[#6378] SUSPICIOUS}
2017-10-06 15:37:11,806 INFO [91387740]         SlotsBuilder.java:427  | S4 MeasureStack#6 Slot{#10 xOffset=401 timeOffset=1 incomings=[#6379] SUSPICIOUS}
2017-10-06 15:37:11,806 INFO [91387740]                Voice.java:257  | S4 MeasureStack#6 Voice #1 too long 1/8
2017-10-06 15:37:11,807 INFO [91387740]           StackTuner.java:92   | S4 MeasureStack#6 no correct rhythm
2017-10-06 15:37:11,812 INFO [91387740]         SlotsBuilder.java:427  | S5 MeasureStack#8 Slot{#5 xOffset=324 timeOffset=1/4 incomings=[#6446#6448] SUSPICIOUS}
2017-10-06 15:37:11,813 INFO [91387740]         SlotsBuilder.java:434  | Stack#8 endless loop detected
2017-10-06 15:37:11,815 INFO [91387740]         SlotsBuilder.java:427  | S5 MeasureStack#9 Slot{#8 xOffset=304 timeOffset=1/2 incomings=[#6462] SUSPICIOUS}
2017-10-06 15:37:11,818 INFO [91387740]         SlotsBuilder.java:427  | S5 MeasureStack#11 Slot{#9 xOffset=375 timeOffset=5/4 incomings=[#6439] SUSPICIOUS}
2017-10-06 15:37:11,819 INFO [91387740]                Voice.java:257  | S5 MeasureStack#11 Voice #1 too long 7/16
2017-10-06 15:37:11,819 INFO [91387740]                Voice.java:257  | S5 MeasureStack#11 Voice #4 too long 1/4
2017-10-06 15:37:11,819 INFO [91387740]           StackTuner.java:92   | S5 MeasureStack#11 no correct rhythm
2017-10-06 15:37:11,822 INFO [91387740]         SlotsBuilder.java:427  | S6 MeasureStack#12 Slot{#9 xOffset=547 timeOffset=3/4 incomings=[#6497] SUSPICIOUS}
2017-10-06 15:37:11,822 INFO [91387740]         SlotsBuilder.java:427  | S6 MeasureStack#12 Slot{#12 xOffset=627 timeOffset=7/8 incomings=[#6498] SUSPICIOUS}
2017-10-06 15:37:11,825 INFO [91387740]         SlotsBuilder.java:427  | S6 MeasureStack#13 Slot{#5 xOffset=147 timeOffset=5/16 incomings=[#6501] SUSPICIOUS}
2017-10-06 15:37:11,826 INFO [91387740]         SlotsBuilder.java:427  | S6 MeasureStack#13 Slot{#9 xOffset=253 timeOffset=5/8 incomings=[#6503] SUSPICIOUS}
2017-10-06 15:37:11,826 INFO [91387740]         SlotsBuilder.java:427  | S6 MeasureStack#13 Slot{#12 xOffset=337 timeOffset=7/8 incomings=[#6505] SUSPICIOUS}
2017-10-06 15:37:11,827 INFO [91387740]         SlotsBuilder.java:427  | S6 MeasureStack#13 Slot{#14 xOffset=375 timeOffset=1 incomings=[#6506] SUSPICIOUS}
2017-10-06 15:37:11,827 INFO [91387740]                Voice.java:257  | S6 MeasureStack#13 Voice #1 too long 1/16
2017-10-06 15:37:11,828 INFO [91387740]                Voice.java:257  | S6 MeasureStack#13 Voice #2 too long 1/8
2017-10-06 15:37:11,828 INFO [91387740]           StackTuner.java:92   | S6 MeasureStack#13 no correct rhythm
2017-10-06 15:37:11,830 INFO [91387740]         SlotsBuilder.java:434  | Stack#14 endless loop detected
2017-10-06 15:37:11,832 INFO [91387740]            BasicBook.java:1395 | Stored /book.xml
2017-10-06 15:37:12,581 INFO [91387740]           BasicSheet.java:979  | Stored /sheet#1/sheet#1.xml
2017-10-06 15:37:12,583 INFO [91387740]       StepMonitoring.java:96   | PAGE
2017-10-06 15:37:12,587 INFO [91387740]                Voice.java:257  | S2 MeasureStack#6 Voice #1 too long 1/8
2017-10-06 15:37:12,588 INFO [91387740]                Voice.java:257  | S3 MeasureStack#2 Voice #1 too long 1/4
2017-10-06 15:37:12,588 INFO [91387740]                Voice.java:257  | S3 MeasureStack#4 Voice #1 too long 1/4
2017-10-06 15:37:12,589 INFO [91387740]                Voice.java:257  | S4 MeasureStack#6 Voice #1 too long 1/8
2017-10-06 15:37:12,589 INFO [91387740]                Voice.java:257  | S5 MeasureStack#11 Voice #1 too long 7/16
2017-10-06 15:37:12,589 INFO [91387740]                Voice.java:257  | S5 MeasureStack#11 Voice #4 too long 1/4
2017-10-06 15:37:12,590 INFO [91387740]                Voice.java:257  | S6 MeasureStack#13 Voice #1 too long 1/16
2017-10-06 15:37:12,590 INFO [91387740]                Voice.java:257  | S6 MeasureStack#13 Voice #2 too long 1/8
2017-10-06 15:37:12,592 INFO [91387740]            BasicBook.java:1395 | Stored /book.xml
2017-10-06 15:37:13,307 INFO [91387740]           BasicSheet.java:979  | Stored /sheet#1/sheet#1.xml
2017-10-06 15:37:13,310 INFO [91387740]            BasicStub.java:723  | Sheet{91387740} disposed
2017-10-06 15:37:14,342 INFO [91387740]            BasicStub.java:449  | Loaded /sheet#1/sheet#1.xml
2017-10-06 15:37:14,344 INFO [91387740]            BasicBook.java:1133 | Scores built: 2
2017-10-06 15:37:15,423 WARN [91387740]      PartwiseBuilder.java:1379 | Error visiting null
java.lang.NullPointerException: null
	at org.audiveris.omr.score.PartwiseBuilder.processKey(PartwiseBuilder.java:1344)
	at org.audiveris.omr.score.PartwiseBuilder.processKeys(PartwiseBuilder.java:1407)
	at org.audiveris.omr.score.PartwiseBuilder.processMeasure(PartwiseBuilder.java:1575)
	at org.audiveris.omr.score.PartwiseBuilder.processPart(PartwiseBuilder.java:1988)
	at org.audiveris.omr.score.PartwiseBuilder.processSystem(PartwiseBuilder.java:2528)
	at org.audiveris.omr.score.PartwiseBuilder.processLogicalPart(PartwiseBuilder.java:1433)
	at org.audiveris.omr.score.PartwiseBuilder.processStub(PartwiseBuilder.java:2483)
	at org.audiveris.omr.score.PartwiseBuilder.processPartList(PartwiseBuilder.java:2017)
	at org.audiveris.omr.score.PartwiseBuilder.processScore(PartwiseBuilder.java:2195)
	at org.audiveris.omr.score.PartwiseBuilder.build(PartwiseBuilder.java:307)
	at org.audiveris.omr.score.ScoreExporter.export(ScoreExporter.java:117)
	at org.audiveris.omr.score.ScoreExporter.export(ScoreExporter.java:91)
	at org.audiveris.omr.sheet.BasicBook.export(BasicBook.java:589)
	at org.audiveris.omr.CLI$ProcessingTask.processBook(CLI.java:785)
	at org.audiveris.omr.CLI$CliTask.call(CLI.java:344)
	at org.audiveris.omr.Main.runBatchTasks(Main.java:316)
	at org.audiveris.omr.Main.main(Main.java:155)
	at Audiveris.main(Audiveris.java:49)
2017-10-06 15:37:15,470 INFO [91387740]        ScoreExporter.java:93   | Score 91387740.mvt1 exported to /Users/stephenn/Documents/workspace/nlsomr/xml_out/91386487/91387740/91387740.mvt1.mxl
2017-10-06 15:37:15,486 WARN [91387740]      PartwiseBuilder.java:1379 | Error visiting null
java.lang.NullPointerException: null
	at org.audiveris.omr.score.PartwiseBuilder.processKey(PartwiseBuilder.java:1344)
	at org.audiveris.omr.score.PartwiseBuilder.processKeys(PartwiseBuilder.java:1407)
	at org.audiveris.omr.score.PartwiseBuilder.processMeasure(PartwiseBuilder.java:1575)
	at org.audiveris.omr.score.PartwiseBuilder.processPart(PartwiseBuilder.java:1988)
	at org.audiveris.omr.score.PartwiseBuilder.processSystem(PartwiseBuilder.java:2528)
	at org.audiveris.omr.score.PartwiseBuilder.processLogicalPart(PartwiseBuilder.java:1433)
	at org.audiveris.omr.score.PartwiseBuilder.processStub(PartwiseBuilder.java:2483)
	at org.audiveris.omr.score.PartwiseBuilder.processPartList(PartwiseBuilder.java:2017)
	at org.audiveris.omr.score.PartwiseBuilder.processScore(PartwiseBuilder.java:2195)
	at org.audiveris.omr.score.PartwiseBuilder.build(PartwiseBuilder.java:307)
	at org.audiveris.omr.score.ScoreExporter.export(ScoreExporter.java:117)
	at org.audiveris.omr.score.ScoreExporter.export(ScoreExporter.java:91)
	at org.audiveris.omr.sheet.BasicBook.export(BasicBook.java:589)
	at org.audiveris.omr.CLI$ProcessingTask.processBook(CLI.java:785)
	at org.audiveris.omr.CLI$CliTask.call(CLI.java:344)
	at org.audiveris.omr.Main.runBatchTasks(Main.java:316)
	at org.audiveris.omr.Main.main(Main.java:155)
	at Audiveris.main(Audiveris.java:49)
2017-10-06 15:37:15,492 WARN [91387740]      PartwiseBuilder.java:1379 | Error visiting null
java.lang.NullPointerException: null
	at org.audiveris.omr.score.PartwiseBuilder.processKey(PartwiseBuilder.java:1344)
	at org.audiveris.omr.score.PartwiseBuilder.processKeys(PartwiseBuilder.java:1407)
	at org.audiveris.omr.score.PartwiseBuilder.processMeasure(PartwiseBuilder.java:1575)
	at org.audiveris.omr.score.PartwiseBuilder.processPart(PartwiseBuilder.java:1988)
	at org.audiveris.omr.score.PartwiseBuilder.processSystem(PartwiseBuilder.java:2528)
	at org.audiveris.omr.score.PartwiseBuilder.processLogicalPart(PartwiseBuilder.java:1433)
	at org.audiveris.omr.score.PartwiseBuilder.processStub(PartwiseBuilder.java:2483)
	at org.audiveris.omr.score.PartwiseBuilder.processPartList(PartwiseBuilder.java:2017)
	at org.audiveris.omr.score.PartwiseBuilder.processScore(PartwiseBuilder.java:2195)
	at org.audiveris.omr.score.PartwiseBuilder.build(PartwiseBuilder.java:307)
	at org.audiveris.omr.score.ScoreExporter.export(ScoreExporter.java:117)
	at org.audiveris.omr.score.ScoreExporter.export(ScoreExporter.java:91)
	at org.audiveris.omr.sheet.BasicBook.export(BasicBook.java:589)
	at org.audiveris.omr.CLI$ProcessingTask.processBook(CLI.java:785)
	at org.audiveris.omr.CLI$CliTask.call(CLI.java:344)
	at org.audiveris.omr.Main.runBatchTasks(Main.java:316)
	at org.audiveris.omr.Main.main(Main.java:155)
	at Audiveris.main(Audiveris.java:49)
2017-10-06 15:37:15,526 INFO [91387740]        ScoreExporter.java:93   | Score 91387740.mvt2 exported to /Users/stephenn/Documents/workspace/nlsomr/xml_out/91386487/91387740/91387740.mvt2.mxl
2017-10-06 15:37:15,695 INFO [91387740]            BasicBook.java:1395 | Stored /book.xml
2017-10-06 15:37:15,695 INFO [91387740]            BasicBook.java:1355 | Book stored as /Users/stephenn/Documents/workspace/nlsomr/xml_out/91386487/91387740/91387740.omr
