2017-10-06 14:43:46,000 INFO [91387020]            BasicBook.java:427  | 1 sheet in /Users/stephenn/Documents/workspace/nlsomr/working/91387020.jpg
2017-10-06 14:43:46,178 INFO []            BasicBook.java:1395 | Stored /book.xml
2017-10-06 14:43:46,178 INFO []            BasicBook.java:1355 | Book stored as /Users/stephenn/Documents/workspace/nlsomr/xml_out/91386487/91387020/91387020.omr
2017-10-06 14:43:46,184 INFO []            BasicBook.java:996  | Book reaching PAGE on sheets:[#1]
2017-10-06 14:43:46,186 INFO [91387020]       StepMonitoring.java:96   | LOAD
2017-10-06 14:43:46,364 INFO [91387020]            BasicBook.java:911  | Loaded image 1 2000x3056 from /Users/stephenn/Documents/workspace/nlsomr/working/91387020.jpg
2017-10-06 14:43:46,369 INFO [91387020]            ImageUtil.java:82   | Converting max RGB to gray ...
2017-10-06 14:43:46,643 INFO [91387020]            BasicBook.java:1395 | Stored /book.xml
2017-10-06 14:43:46,947 INFO [91387020]           BasicSheet.java:979  | Stored /sheet#1/sheet#1.xml
2017-10-06 14:43:46,949 INFO [91387020]       StepMonitoring.java:96   | BINARY
2017-10-06 14:43:47,606 INFO [91387020]            BasicBook.java:1395 | Stored /book.xml
2017-10-06 14:43:47,965 INFO [91387020]              Picture.java:786  | Stored /sheet#1/BINARY.xml
2017-10-06 14:43:47,967 INFO [91387020]           BasicSheet.java:979  | Stored /sheet#1/sheet#1.xml
2017-10-06 14:43:47,969 INFO [91387020]       StepMonitoring.java:96   | SCALE
2017-10-06 14:43:48,018 INFO [91387020]            ScaleStep.java:87   | Scale{line(3,4,5) interline(16,16,17) beam(12)}
2017-10-06 14:43:48,022 INFO [91387020]            BasicBook.java:1395 | Stored /book.xml
2017-10-06 14:43:48,025 INFO [91387020]           BasicSheet.java:979  | Stored /sheet#1/sheet#1.xml
2017-10-06 14:43:48,027 INFO [91387020]       StepMonitoring.java:96   | GRID
2017-10-06 14:43:49,133 INFO [91387020]       LinesRetriever.java:442  | Global slope: 0.00099
2017-10-06 14:43:49,248 INFO [91387020]    ClustersRetriever.java:241  | Retrieved line clusters: 12 of size: 5 with interline: (16,16,17)
2017-10-06 14:43:49,809 INFO [91387020]            PeakGraph.java:181  | Systems: #1[1, 2] #2[3, 4] #3[5, 6] #4[7, 8] #5[9, 10] #6[11, 12]
2017-10-06 14:43:50,732 INFO [91387020]        SystemManager.java:626  | Indentation detected for system#3
2017-10-06 14:43:50,732 INFO [91387020]        SystemManager.java:671  | 2 pages found in sheet
2017-10-06 14:43:50,733 INFO [91387020]        SystemManager.java:709  | Page #1: 1 part along 2 systems
2017-10-06 14:43:50,733 INFO [91387020]        SystemManager.java:709  | Page #2: 1 part along 4 systems
2017-10-06 14:43:50,736 INFO [91387020]            BasicBook.java:1395 | Stored /book.xml
2017-10-06 14:43:50,948 INFO [91387020]           BasicSheet.java:979  | Stored /sheet#1/sheet#1.xml
2017-10-06 14:43:50,950 INFO [91387020]       StepMonitoring.java:96   | HEADERS
2017-10-06 14:43:51,336 INFO []          Nd4jBackend.java:194  | Loaded [CpuBackend] backend
2017-10-06 14:43:51,404 INFO []      NativeOpsHolder.java:49   | Number of threads used for NativeOps: 2
2017-10-06 14:43:51,842 INFO [] DefaultOpExecutioner.java:544  | Backend used: [CPU]; OS: [Mac OS X]
2017-10-06 14:43:51,842 INFO [] DefaultOpExecutioner.java:545  | Cores: [4]; Memory: [3.6GB];
2017-10-06 14:43:51,843 INFO [] DefaultOpExecutioner.java:546  | Blas vendor: [OPENBLAS]
2017-10-06 14:43:51,885 INFO []   AbstractClassifier.java:332  | Classifier data loaded from default uri jar:file:/Users/stephenn/Documents/workspace/audiveris/build/distributions/Audiveris/lib/audiveris.jar!/res/basic-classifier.zip
2017-10-06 14:43:53,819 WARN [91387020]          ClefBuilder.java:560  | Staff#4 no header clef.
2017-10-06 14:43:54,725 INFO [91387020]            BasicBook.java:1395 | Stored /book.xml
2017-10-06 14:43:55,104 INFO [91387020]           BasicSheet.java:979  | Stored /sheet#1/sheet#1.xml
2017-10-06 14:43:55,106 INFO [91387020]       StepMonitoring.java:96   | STEM_SEEDS
2017-10-06 14:43:55,214 INFO [91387020]        StemSeedsStep.java:91   | stem(4 max:5)
2017-10-06 14:43:55,327 INFO [91387020]            BasicBook.java:1395 | Stored /book.xml
2017-10-06 14:43:55,341 INFO []   AbstractClassifier.java:332  | Classifier data loaded from default uri jar:file:/Users/stephenn/Documents/workspace/audiveris/build/distributions/Audiveris/lib/audiveris.jar!/res/deep-classifier.zip
2017-10-06 14:43:55,635 INFO [91387020]           BasicSheet.java:979  | Stored /sheet#1/sheet#1.xml
2017-10-06 14:43:55,637 INFO [91387020]       StepMonitoring.java:96   | BEAMS
2017-10-06 14:44:00,191 INFO [91387020]            BeamsStep.java:89   | BeamDistance{count:26 mean:15.22 stdDev:2.45}
2017-10-06 14:44:00,194 INFO [91387020]            BasicBook.java:1395 | Stored /book.xml
2017-10-06 14:44:00,247 INFO [91387020]              Picture.java:786  | Stored /sheet#1/HEAD_SPOTS.xml
2017-10-06 14:44:00,623 INFO [91387020]           BasicSheet.java:979  | Stored /sheet#1/sheet#1.xml
2017-10-06 14:44:00,626 INFO [91387020]       StepMonitoring.java:96   | LEDGERS
2017-10-06 14:44:01,218 INFO [91387020]            BasicBook.java:1395 | Stored /book.xml
2017-10-06 14:44:01,625 INFO [91387020]           BasicSheet.java:979  | Stored /sheet#1/sheet#1.xml
2017-10-06 14:44:01,628 INFO [91387020]       StepMonitoring.java:96   | HEADS
2017-10-06 14:44:04,261 INFO [91387020]            BasicBook.java:1395 | Stored /book.xml
2017-10-06 14:44:05,257 INFO [91387020]           BasicSheet.java:979  | Stored /sheet#1/sheet#1.xml
2017-10-06 14:44:05,259 INFO [91387020]       StepMonitoring.java:96   | STEMS
2017-10-06 14:44:07,335 INFO [91387020]            BasicBook.java:1395 | Stored /book.xml
2017-10-06 14:44:08,437 INFO [91387020]           BasicSheet.java:979  | Stored /sheet#1/sheet#1.xml
2017-10-06 14:44:08,439 INFO [91387020]       StepMonitoring.java:96   | REDUCTION
2017-10-06 14:44:08,907 INFO [91387020]            BasicBook.java:1395 | Stored /book.xml
2017-10-06 14:44:09,676 INFO [91387020]           BasicSheet.java:979  | Stored /sheet#1/sheet#1.xml
2017-10-06 14:44:09,679 INFO [91387020]       StepMonitoring.java:96   | CUE_BEAMS
2017-10-06 14:44:09,682 INFO [91387020]            BasicBook.java:1395 | Stored /book.xml
2017-10-06 14:44:10,407 INFO [91387020]           BasicSheet.java:979  | Stored /sheet#1/sheet#1.xml
2017-10-06 14:44:10,409 INFO [91387020]       StepMonitoring.java:96   | TEXTS
2017-10-06 14:44:12,632 INFO [91387020]            BasicBook.java:1395 | Stored /book.xml
2017-10-06 14:44:13,397 INFO [91387020]           BasicSheet.java:979  | Stored /sheet#1/sheet#1.xml
2017-10-06 14:44:13,399 INFO [91387020]       StepMonitoring.java:96   | MEASURES
2017-10-06 14:44:13,404 INFO [91387020]                 Page.java:210  | 8 raw measures: [4 in system#1, 4 in system#2]
2017-10-06 14:44:13,405 INFO [91387020]                 Page.java:210  | 18 raw measures: [5 in system#3, 4 in system#4, 5 in system#5, 4 in system#6]
2017-10-06 14:44:13,406 INFO [91387020]            BasicBook.java:1395 | Stored /book.xml
2017-10-06 14:44:14,159 INFO [91387020]           BasicSheet.java:979  | Stored /sheet#1/sheet#1.xml
2017-10-06 14:44:14,161 INFO [91387020]       StepMonitoring.java:96   | CHORDS
2017-10-06 14:44:14,163 INFO [91387020]        ChordsBuilder.java:249  | Deleting StemInter{#4749(0.728/0.848)} on RIGHT side of HeadInter{#1889(0.562/0.789) s:1 p:1.00 NOTEHEAD_VOID}
2017-10-06 14:44:14,181 INFO [91387020]            BasicBook.java:1395 | Stored /book.xml
2017-10-06 14:44:14,985 INFO [91387020]           BasicSheet.java:979  | Stored /sheet#1/sheet#1.xml
2017-10-06 14:44:14,987 INFO [91387020]       StepMonitoring.java:96   | CURVES
2017-10-06 14:44:16,350 INFO [91387020]         SlursBuilder.java:157  | Slurs: 36
2017-10-06 14:44:16,406 INFO [91387020]      SegmentsBuilder.java:113  | Segments: 36
2017-10-06 14:44:16,416 INFO [91387020]            BasicBook.java:1395 | Stored /book.xml
2017-10-06 14:44:17,785 INFO [91387020]           BasicSheet.java:979  | Stored /sheet#1/sheet#1.xml
2017-10-06 14:44:17,787 INFO [91387020]       StepMonitoring.java:96   | SYMBOLS
2017-10-06 14:44:20,070 INFO [91387020]            BasicBook.java:1395 | Stored /book.xml
2017-10-06 14:44:21,633 INFO [91387020]           BasicSheet.java:979  | Stored /sheet#1/sheet#1.xml
2017-10-06 14:44:21,636 INFO [91387020]       StepMonitoring.java:96   | LINKS
2017-10-06 14:44:21,653 INFO [91387020]        SymbolsLinker.java:306  | No measure stack for direction SentenceInter{#5268(0.698) s:5 B-30 Direction} 72.
2017-10-06 14:44:21,669 INFO [91387020]        SymbolsLinker.java:323  | No chord above direction SentenceInter{#5297(0.646) s:10 BIS-37 Direction} a tempo
2017-10-06 14:44:21,699 INFO [91387020]            BasicBook.java:1395 | Stored /book.xml
2017-10-06 14:44:23,313 INFO [91387020]           BasicSheet.java:979  | Stored /sheet#1/sheet#1.xml
2017-10-06 14:44:23,316 INFO [91387020]       StepMonitoring.java:96   | RHYTHMS
2017-10-06 14:44:23,343 INFO [91387020]           PageRhythm.java:314  | Range{1-8} Durations avgGuess:3/4 topGuess:3/4 avgValue:0.76 stacks:8 voices:28 Histogram{1/4-1 size:5 [1/4=1 1/3=1 1/2=6 3/4=13 1=7]}
2017-10-06 14:44:23,344 INFO [91387020]           PageRhythm.java:221  | S1 Range{1-8 dur:3/4} should update to 3/4-based time sig?
2017-10-06 14:44:23,345 INFO [91387020]                Voice.java:257  | S1 MeasureStack#1 Voice #1 too long 1/4
2017-10-06 14:44:23,346 INFO [91387020]                Voice.java:257  | S1 MeasureStack#1 Voice #2 too long 1/4
2017-10-06 14:44:23,346 INFO [91387020]                Voice.java:257  | S1 MeasureStack#1 Voice #3 too long 1/4
2017-10-06 14:44:23,346 INFO [91387020]                Voice.java:257  | S1 MeasureStack#1 Voice #4 too long 1/4
2017-10-06 14:44:23,347 INFO [91387020]           StackTuner.java:92   | S1 MeasureStack#1 no correct rhythm
2017-10-06 14:44:23,350 INFO [91387020]                Voice.java:257  | S1 MeasureStack#3 Voice #1 too long 1/4
2017-10-06 14:44:23,350 INFO [91387020]                Voice.java:257  | S1 MeasureStack#3 Voice #2 too long 1/4
2017-10-06 14:44:23,350 INFO [91387020]                Voice.java:257  | S1 MeasureStack#3 Voice #3 too long 1/4
2017-10-06 14:44:23,351 INFO [91387020]           StackTuner.java:92   | S1 MeasureStack#3 no correct rhythm
2017-10-06 14:44:23,357 INFO [91387020]         SlotsBuilder.java:427  | S2 MeasureStack#7 Slot{#4 xOffset=352 timeOffset=1/3 incomings=[#5363] SUSPICIOUS}
2017-10-06 14:44:23,377 INFO [91387020]         SlotsBuilder.java:399  | Stack#12 suspicious Slot{#5 xOffset=258 timeOffset=3/8 incomings=[#5482]}
2017-10-06 14:44:23,378 INFO [91387020]         SlotsBuilder.java:434  | Stack#13 endless loop detected
2017-10-06 14:44:23,380 INFO [91387020]         SlotsBuilder.java:399  | Stack#15 suspicious Slot{#2 xOffset=237 timeOffset=1/8 incomings=[#5492#5491#5514]}
2017-10-06 14:44:23,384 INFO [91387020]           PageRhythm.java:314  | Range{1-18 ts:2/4} Durations avgGuess:1/2 topGuess:1/2 avgValue:0.51 stacks:18 voices:49 Histogram{1/8-5/8 size:8 [1/8=3 3/16=3 1/4=6 5/16=2 3/8=4 1/2=29 9/16=1 5/8=1]}
2017-10-06 14:44:23,390 INFO [91387020]         SlotsBuilder.java:427  | S3 MeasureStack#5 Slot{#3 xOffset=89 timeOffset=3/16 incomings=[#5409] SUSPICIOUS}
2017-10-06 14:44:23,391 INFO [91387020]         SlotsBuilder.java:427  | S3 MeasureStack#5 Slot{#6 xOffset=176 timeOffset=5/16 incomings=[#5410] SUSPICIOUS}
2017-10-06 14:44:23,392 INFO [91387020]         SlotsBuilder.java:427  | S3 MeasureStack#5 Slot{#8 xOffset=232 timeOffset=7/16 incomings=[#5411] SUSPICIOUS}
2017-10-06 14:44:23,392 INFO [91387020]                Voice.java:257  | S3 MeasureStack#5 Voice #3 too long 1/8
2017-10-06 14:44:23,392 INFO [91387020]           StackTuner.java:92   | S3 MeasureStack#5 no correct rhythm
2017-10-06 14:44:23,399 INFO [91387020]                Voice.java:257  | S5 MeasureStack#11 Voice #1 too long 1/16
2017-10-06 14:44:23,400 INFO [91387020]           StackTuner.java:92   | S5 MeasureStack#11 no correct rhythm
2017-10-06 14:44:23,402 INFO [91387020]         SlotsBuilder.java:434  | Stack#13 endless loop detected
2017-10-06 14:44:23,404 INFO [91387020]         SlotsBuilder.java:434  | Stack#15 endless loop detected
2017-10-06 14:44:23,406 INFO [91387020]         SlotsBuilder.java:427  | S6 MeasureStack#16 Slot{#4 xOffset=225 timeOffset=5/16 incomings=[#5519] SUSPICIOUS}
2017-10-06 14:44:23,407 INFO [91387020]                Voice.java:257  | S6 MeasureStack#16 Voice #3 too long 1/16
2017-10-06 14:44:23,407 INFO [91387020]           StackTuner.java:92   | S6 MeasureStack#16 no correct rhythm
2017-10-06 14:44:23,408 INFO [91387020]                Voice.java:257  | S6 MeasureStack#17 Voice #2 too long 1/8
2017-10-06 14:44:23,409 INFO [91387020]           StackTuner.java:92   | S6 MeasureStack#17 no correct rhythm
2017-10-06 14:44:23,412 INFO [91387020]            BasicBook.java:1395 | Stored /book.xml
2017-10-06 14:44:25,083 INFO [91387020]           BasicSheet.java:979  | Stored /sheet#1/sheet#1.xml
2017-10-06 14:44:25,085 INFO [91387020]       StepMonitoring.java:96   | PAGE
2017-10-06 14:44:25,089 INFO [91387020]                Voice.java:257  | S1 MeasureStack#1 Voice #1 too long 1/4
2017-10-06 14:44:25,090 INFO [91387020]                Voice.java:257  | S1 MeasureStack#1 Voice #2 too long 1/4
2017-10-06 14:44:25,090 INFO [91387020]                Voice.java:257  | S1 MeasureStack#1 Voice #3 too long 1/4
2017-10-06 14:44:25,090 INFO [91387020]                Voice.java:257  | S1 MeasureStack#1 Voice #4 too long 1/4
2017-10-06 14:44:25,091 INFO [91387020]                Voice.java:257  | S1 MeasureStack#3 Voice #1 too long 1/4
2017-10-06 14:44:25,091 INFO [91387020]                Voice.java:257  | S1 MeasureStack#3 Voice #2 too long 1/4
2017-10-06 14:44:25,091 INFO [91387020]                Voice.java:257  | S1 MeasureStack#3 Voice #3 too long 1/4
2017-10-06 14:44:25,092 INFO [91387020]                Voice.java:257  | S3 MeasureStack#5 Voice #3 too long 1/8
2017-10-06 14:44:25,093 INFO [91387020]                Voice.java:257  | S5 MeasureStack#11 Voice #1 too long 1/16
2017-10-06 14:44:25,093 INFO [91387020]                Voice.java:257  | S6 MeasureStack#16 Voice #3 too long 1/16
2017-10-06 14:44:25,093 INFO [91387020]                Voice.java:257  | S6 MeasureStack#17 Voice #2 too long 1/8
2017-10-06 14:44:25,095 INFO [91387020]            BasicBook.java:1395 | Stored /book.xml
2017-10-06 14:44:26,597 INFO [91387020]           BasicSheet.java:979  | Stored /sheet#1/sheet#1.xml
2017-10-06 14:44:26,599 INFO [91387020]            BasicStub.java:723  | Sheet{91387020} disposed
2017-10-06 14:44:27,607 INFO [91387020]            BasicStub.java:449  | Loaded /sheet#1/sheet#1.xml
2017-10-06 14:44:27,609 INFO [91387020]            BasicBook.java:1133 | Scores built: 2
2017-10-06 14:44:28,646 WARN [91387020]      PartwiseBuilder.java:1379 | Error visiting null
java.lang.NullPointerException: null
	at org.audiveris.omr.score.PartwiseBuilder.processKey(PartwiseBuilder.java:1344)
	at org.audiveris.omr.score.PartwiseBuilder.processKeys(PartwiseBuilder.java:1407)
	at org.audiveris.omr.score.PartwiseBuilder.processMeasure(PartwiseBuilder.java:1575)
	at org.audiveris.omr.score.PartwiseBuilder.processPart(PartwiseBuilder.java:1988)
	at org.audiveris.omr.score.PartwiseBuilder.processSystem(PartwiseBuilder.java:2528)
	at org.audiveris.omr.score.PartwiseBuilder.processLogicalPart(PartwiseBuilder.java:1433)
	at org.audiveris.omr.score.PartwiseBuilder.processStub(PartwiseBuilder.java:2483)
	at org.audiveris.omr.score.PartwiseBuilder.processPartList(PartwiseBuilder.java:2017)
	at org.audiveris.omr.score.PartwiseBuilder.processScore(PartwiseBuilder.java:2195)
	at org.audiveris.omr.score.PartwiseBuilder.build(PartwiseBuilder.java:307)
	at org.audiveris.omr.score.ScoreExporter.export(ScoreExporter.java:117)
	at org.audiveris.omr.score.ScoreExporter.export(ScoreExporter.java:91)
	at org.audiveris.omr.sheet.BasicBook.export(BasicBook.java:589)
	at org.audiveris.omr.CLI$ProcessingTask.processBook(CLI.java:785)
	at org.audiveris.omr.CLI$CliTask.call(CLI.java:344)
	at org.audiveris.omr.Main.runBatchTasks(Main.java:316)
	at org.audiveris.omr.Main.main(Main.java:155)
	at Audiveris.main(Audiveris.java:49)
2017-10-06 14:44:28,691 INFO [91387020]        ScoreExporter.java:93   | Score 91387020.mvt1 exported to /Users/stephenn/Documents/workspace/nlsomr/xml_out/91386487/91387020/91387020.mvt1.mxl
2017-10-06 14:44:28,732 INFO [91387020]        ScoreExporter.java:93   | Score 91387020.mvt2 exported to /Users/stephenn/Documents/workspace/nlsomr/xml_out/91386487/91387020/91387020.mvt2.mxl
2017-10-06 14:44:28,903 INFO [91387020]            BasicBook.java:1395 | Stored /book.xml
2017-10-06 14:44:28,903 INFO [91387020]            BasicBook.java:1355 | Book stored as /Users/stephenn/Documents/workspace/nlsomr/xml_out/91386487/91387020/91387020.omr
