2017-10-06 14:31:26,969 INFO [91386852]            BasicBook.java:427  | 1 sheet in /Users/stephenn/Documents/workspace/nlsomr/working/91386852.jpg
2017-10-06 14:31:27,113 INFO []            BasicBook.java:1395 | Stored /book.xml
2017-10-06 14:31:27,113 INFO []            BasicBook.java:1355 | Book stored as /Users/stephenn/Documents/workspace/nlsomr/xml_out/91386487/91386852/91386852.omr
2017-10-06 14:31:27,118 INFO []            BasicBook.java:996  | Book reaching PAGE on sheets:[#1]
2017-10-06 14:31:27,120 INFO [91386852]       StepMonitoring.java:96   | LOAD
2017-10-06 14:31:27,262 INFO [91386852]            BasicBook.java:911  | Loaded image 1 2000x3056 from /Users/stephenn/Documents/workspace/nlsomr/working/91386852.jpg
2017-10-06 14:31:27,266 INFO [91386852]            ImageUtil.java:82   | Converting max RGB to gray ...
2017-10-06 14:31:27,508 INFO [91386852]            BasicBook.java:1395 | Stored /book.xml
2017-10-06 14:31:27,804 INFO [91386852]           BasicSheet.java:979  | Stored /sheet#1/sheet#1.xml
2017-10-06 14:31:27,805 INFO [91386852]       StepMonitoring.java:96   | BINARY
2017-10-06 14:31:28,403 INFO [91386852]            BasicBook.java:1395 | Stored /book.xml
2017-10-06 14:31:28,718 INFO [91386852]              Picture.java:786  | Stored /sheet#1/BINARY.xml
2017-10-06 14:31:28,720 INFO [91386852]           BasicSheet.java:979  | Stored /sheet#1/sheet#1.xml
2017-10-06 14:31:28,722 INFO [91386852]       StepMonitoring.java:96   | SCALE
2017-10-06 14:31:28,765 INFO [91386852]            ScaleStep.java:87   | Scale{line(3,4,5) interline(16,16,17) beam(13)}
2017-10-06 14:31:28,767 INFO [91386852]            BasicBook.java:1395 | Stored /book.xml
2017-10-06 14:31:28,770 INFO [91386852]           BasicSheet.java:979  | Stored /sheet#1/sheet#1.xml
2017-10-06 14:31:28,772 INFO [91386852]       StepMonitoring.java:96   | GRID
2017-10-06 14:31:29,817 INFO [91386852]       LinesRetriever.java:442  | Global slope: -0.00212
2017-10-06 14:31:29,907 INFO [91386852]    ClustersRetriever.java:241  | Retrieved line clusters: 12 of size: 5 with interline: (16,16,17)
2017-10-06 14:31:30,418 INFO [91386852]            PeakGraph.java:181  | Systems: #1[1, 2] #2[3, 4] #3[5, 6] #4[7, 8] #5[9, 10] #6[11, 12]
2017-10-06 14:31:31,445 INFO [91386852]        SystemManager.java:626  | Indentation detected for system#3
2017-10-06 14:31:31,446 INFO [91386852]        SystemManager.java:671  | 2 pages found in sheet
2017-10-06 14:31:31,447 INFO [91386852]        SystemManager.java:709  | Page #1: 1 part along 2 systems
2017-10-06 14:31:31,447 INFO [91386852]        SystemManager.java:709  | Page #2: 1 part along 4 systems
2017-10-06 14:31:31,453 INFO [91386852]            BasicBook.java:1395 | Stored /book.xml
2017-10-06 14:31:31,695 INFO [91386852]           BasicSheet.java:979  | Stored /sheet#1/sheet#1.xml
2017-10-06 14:31:31,698 INFO [91386852]       StepMonitoring.java:96   | HEADERS
2017-10-06 14:31:32,122 INFO []          Nd4jBackend.java:194  | Loaded [CpuBackend] backend
2017-10-06 14:31:32,177 INFO []      NativeOpsHolder.java:49   | Number of threads used for NativeOps: 2
2017-10-06 14:31:32,619 INFO [] DefaultOpExecutioner.java:544  | Backend used: [CPU]; OS: [Mac OS X]
2017-10-06 14:31:32,620 INFO [] DefaultOpExecutioner.java:545  | Cores: [4]; Memory: [3.6GB];
2017-10-06 14:31:32,620 INFO [] DefaultOpExecutioner.java:546  | Blas vendor: [OPENBLAS]
2017-10-06 14:31:32,657 INFO []   AbstractClassifier.java:332  | Classifier data loaded from default uri jar:file:/Users/stephenn/Documents/workspace/audiveris/build/distributions/Audiveris/lib/audiveris.jar!/res/basic-classifier.zip
2017-10-06 14:31:34,637 WARN [91386852]          ClefBuilder.java:560  | Staff#4 no header clef.
2017-10-06 14:31:35,034 WARN [91386852]          ClefBuilder.java:560  | Staff#8 no header clef.
2017-10-06 14:31:35,159 WARN [91386852]          ClefBuilder.java:560  | Staff#10 no header clef.
2017-10-06 14:31:35,398 INFO [91386852]            BasicBook.java:1395 | Stored /book.xml
2017-10-06 14:31:35,814 INFO []   AbstractClassifier.java:332  | Classifier data loaded from default uri jar:file:/Users/stephenn/Documents/workspace/audiveris/build/distributions/Audiveris/lib/audiveris.jar!/res/deep-classifier.zip
2017-10-06 14:31:35,840 INFO [91386852]           BasicSheet.java:979  | Stored /sheet#1/sheet#1.xml
2017-10-06 14:31:35,842 INFO [91386852]       StepMonitoring.java:96   | STEM_SEEDS
2017-10-06 14:31:35,937 INFO [91386852]        StemSeedsStep.java:91   | stem(4 max:5)
2017-10-06 14:31:36,040 INFO [91386852]            BasicBook.java:1395 | Stored /book.xml
2017-10-06 14:31:36,334 INFO [91386852]           BasicSheet.java:979  | Stored /sheet#1/sheet#1.xml
2017-10-06 14:31:36,337 INFO [91386852]       StepMonitoring.java:96   | BEAMS
2017-10-06 14:31:41,025 INFO [91386852]            BeamsStep.java:89   | BeamDistance{count:2 mean:15.29 stdDev:0.22}
2017-10-06 14:31:41,028 INFO [91386852]            BasicBook.java:1395 | Stored /book.xml
2017-10-06 14:31:41,084 INFO [91386852]              Picture.java:786  | Stored /sheet#1/HEAD_SPOTS.xml
2017-10-06 14:31:41,413 INFO [91386852]           BasicSheet.java:979  | Stored /sheet#1/sheet#1.xml
2017-10-06 14:31:41,415 INFO [91386852]       StepMonitoring.java:96   | LEDGERS
2017-10-06 14:31:42,118 INFO [91386852]            BasicBook.java:1395 | Stored /book.xml
2017-10-06 14:31:42,524 INFO [91386852]           BasicSheet.java:979  | Stored /sheet#1/sheet#1.xml
2017-10-06 14:31:42,526 INFO [91386852]       StepMonitoring.java:96   | HEADS
2017-10-06 14:31:45,060 INFO [91386852]            BasicBook.java:1395 | Stored /book.xml
2017-10-06 14:31:45,912 INFO [91386852]           BasicSheet.java:979  | Stored /sheet#1/sheet#1.xml
2017-10-06 14:31:45,915 INFO [91386852]       StepMonitoring.java:96   | STEMS
2017-10-06 14:31:47,955 INFO [91386852]            BasicBook.java:1395 | Stored /book.xml
2017-10-06 14:31:48,946 INFO [91386852]           BasicSheet.java:979  | Stored /sheet#1/sheet#1.xml
2017-10-06 14:31:48,949 INFO [91386852]       StepMonitoring.java:96   | REDUCTION
2017-10-06 14:31:49,287 INFO [91386852]            BasicBook.java:1395 | Stored /book.xml
2017-10-06 14:31:49,992 INFO [91386852]           BasicSheet.java:979  | Stored /sheet#1/sheet#1.xml
2017-10-06 14:31:49,994 INFO [91386852]       StepMonitoring.java:96   | CUE_BEAMS
2017-10-06 14:31:50,002 INFO [91386852]            BasicBook.java:1395 | Stored /book.xml
2017-10-06 14:31:50,682 INFO [91386852]           BasicSheet.java:979  | Stored /sheet#1/sheet#1.xml
2017-10-06 14:31:50,684 INFO [91386852]       StepMonitoring.java:96   | TEXTS
2017-10-06 14:31:52,885 INFO [91386852]            BasicBook.java:1395 | Stored /book.xml
2017-10-06 14:31:53,573 INFO [91386852]           BasicSheet.java:979  | Stored /sheet#1/sheet#1.xml
2017-10-06 14:31:53,575 INFO [91386852]       StepMonitoring.java:96   | MEASURES
2017-10-06 14:31:53,581 INFO [91386852]                 Page.java:210  | 8 raw measures: [4 in system#1, 4 in system#2]
2017-10-06 14:31:53,581 INFO [91386852]                 Page.java:210  | 17 raw measures: [5 in system#3, 4 in system#4, 4 in system#5, 4 in system#6]
2017-10-06 14:31:53,583 INFO [91386852]            BasicBook.java:1395 | Stored /book.xml
2017-10-06 14:31:54,237 INFO [91386852]           BasicSheet.java:979  | Stored /sheet#1/sheet#1.xml
2017-10-06 14:31:54,239 INFO [91386852]       StepMonitoring.java:96   | CHORDS
2017-10-06 14:31:54,253 INFO [91386852]            BasicBook.java:1395 | Stored /book.xml
2017-10-06 14:31:54,951 INFO [91386852]           BasicSheet.java:979  | Stored /sheet#1/sheet#1.xml
2017-10-06 14:31:54,953 INFO [91386852]       StepMonitoring.java:96   | CURVES
2017-10-06 14:31:56,521 INFO [91386852]         SlursBuilder.java:157  | Slurs: 34
2017-10-06 14:31:56,557 INFO [91386852]      SegmentsBuilder.java:113  | Segments: 19
2017-10-06 14:31:56,565 INFO [91386852]            BasicBook.java:1395 | Stored /book.xml
2017-10-06 14:31:57,482 INFO [91386852]           BasicSheet.java:979  | Stored /sheet#1/sheet#1.xml
2017-10-06 14:31:57,485 INFO [91386852]       StepMonitoring.java:96   | SYMBOLS
2017-10-06 14:32:00,168 INFO [91386852]            BasicBook.java:1395 | Stored /book.xml
2017-10-06 14:32:01,299 INFO [91386852]           BasicSheet.java:979  | Stored /sheet#1/sheet#1.xml
2017-10-06 14:32:01,301 INFO [91386852]       StepMonitoring.java:96   | LINKS
2017-10-06 14:32:01,349 INFO [91386852]            BasicBook.java:1395 | Stored /book.xml
2017-10-06 14:32:02,517 INFO [91386852]           BasicSheet.java:979  | Stored /sheet#1/sheet#1.xml
2017-10-06 14:32:02,519 INFO [91386852]       StepMonitoring.java:96   | RHYTHMS
2017-10-06 14:32:02,543 INFO [91386852]           PageRhythm.java:314  | Range{1-8} Durations avgGuess:3/4 topGuess:1/2 avgValue:0.69 stacks:8 voices:22 Histogram{3/8-1 size:7 [3/8=1 1/2=7 5/8=5 3/4=3 13/16=1 7/8=2 1=3]}
2017-10-06 14:32:02,544 INFO [91386852]           PageRhythm.java:221  | S1 Range{1-8 dur:3/4} should update to 3/4-based time sig?
2017-10-06 14:32:02,545 INFO [91386852]         SlotsBuilder.java:427  | S1 MeasureStack#1 Slot{#5 xOffset=337 timeOffset=1/2 incomings=[#4802] SUSPICIOUS}
2017-10-06 14:32:02,546 INFO [91386852]         SlotsBuilder.java:427  | S1 MeasureStack#1 Slot{#8 xOffset=454 timeOffset=3/4 incomings=[#4803] SUSPICIOUS}
2017-10-06 14:32:02,546 INFO [91386852]                Voice.java:257  | S1 MeasureStack#1 Voice #2 too long 1/4
2017-10-06 14:32:02,547 INFO [91386852]           StackTuner.java:92   | S1 MeasureStack#1 no correct rhythm
2017-10-06 14:32:02,549 INFO [91386852]         SlotsBuilder.java:427  | S1 MeasureStack#2 Slot{#5 xOffset=230 timeOffset=1/2 incomings=[#4806] SUSPICIOUS}
2017-10-06 14:32:02,549 INFO [91386852]         SlotsBuilder.java:427  | S1 MeasureStack#2 Slot{#7 xOffset=316 timeOffset=3/4 incomings=[#4807] SUSPICIOUS}
2017-10-06 14:32:02,550 INFO [91386852]                Voice.java:257  | S1 MeasureStack#2 Voice #1 too long 1/8
2017-10-06 14:32:02,550 INFO [91386852]                Voice.java:257  | S1 MeasureStack#2 Voice #2 too long 1/4
2017-10-06 14:32:02,550 INFO [91386852]           StackTuner.java:92   | S1 MeasureStack#2 no correct rhythm
2017-10-06 14:32:02,553 INFO [91386852]         SlotsBuilder.java:427  | S1 MeasureStack#3 Slot{#6 xOffset=323 timeOffset=3/4 incomings=[#4811] SUSPICIOUS}
2017-10-06 14:32:02,553 INFO [91386852]                Voice.java:257  | S1 MeasureStack#3 Voice #1 too long 1/16
2017-10-06 14:32:02,554 INFO [91386852]                Voice.java:257  | S1 MeasureStack#3 Voice #3 too long 1/4
2017-10-06 14:32:02,554 INFO [91386852]           StackTuner.java:92   | S1 MeasureStack#3 no correct rhythm
2017-10-06 14:32:02,555 INFO [91386852]         SlotsBuilder.java:427  | S1 MeasureStack#4 Slot{#5 xOffset=311 timeOffset=7/8 incomings=[#4815] SUSPICIOUS}
2017-10-06 14:32:02,556 INFO [91386852]                Voice.java:257  | S1 MeasureStack#4 Voice #1 too long 1/4
2017-10-06 14:32:02,556 INFO [91386852]                Voice.java:257  | S1 MeasureStack#4 Voice #2 too long 1/8
2017-10-06 14:32:02,557 INFO [91386852]                Voice.java:257  | S1 MeasureStack#4 Voice #3 too long 3/8
2017-10-06 14:32:02,557 INFO [91386852]           StackTuner.java:92   | S1 MeasureStack#4 no correct rhythm
2017-10-06 14:32:02,559 INFO [91386852]         SlotsBuilder.java:427  | S2 MeasureStack#5 Slot{#5 xOffset=361 timeOffset=1/2 incomings=[#4843] SUSPICIOUS}
2017-10-06 14:32:02,559 INFO [91386852]         SlotsBuilder.java:427  | S2 MeasureStack#5 Slot{#7 xOffset=466 timeOffset=3/4 incomings=[#4844] SUSPICIOUS}
2017-10-06 14:32:02,559 INFO [91386852]                Voice.java:257  | S2 MeasureStack#5 Voice #1 too long 1/8
2017-10-06 14:32:02,559 INFO [91386852]                Voice.java:257  | S2 MeasureStack#5 Voice #3 too long 1/4
2017-10-06 14:32:02,560 INFO [91386852]           StackTuner.java:92   | S2 MeasureStack#5 no correct rhythm
2017-10-06 14:32:02,561 INFO [91386852]                Voice.java:257  | S2 MeasureStack#6 Voice #1 too long 1/4
2017-10-06 14:32:02,561 INFO [91386852]                Voice.java:257  | S2 MeasureStack#6 Voice #3 too long 1/4
2017-10-06 14:32:02,561 INFO [91386852]           StackTuner.java:92   | S2 MeasureStack#6 no correct rhythm
2017-10-06 14:32:02,562 INFO [91386852]         SlotsBuilder.java:427  | S2 MeasureStack#7 Slot{#5 xOffset=264 timeOffset=1/2 incomings=[#4851] SUSPICIOUS}
2017-10-06 14:32:02,563 INFO [91386852]         SlotsBuilder.java:427  | S2 MeasureStack#7 Slot{#7 xOffset=365 timeOffset=3/4 incomings=[#4852] SUSPICIOUS}
2017-10-06 14:32:02,563 INFO [91386852]                Voice.java:257  | S2 MeasureStack#7 Voice #1 too long 1/8
2017-10-06 14:32:02,563 INFO [91386852]                Voice.java:257  | S2 MeasureStack#7 Voice #2 too long 1/8
2017-10-06 14:32:02,563 INFO [91386852]                Voice.java:257  | S2 MeasureStack#7 Voice #3 too long 1/4
2017-10-06 14:32:02,564 INFO [91386852]           StackTuner.java:92   | S2 MeasureStack#7 no correct rhythm
2017-10-06 14:32:02,565 INFO [91386852]         SlotsBuilder.java:427  | S2 MeasureStack#8 Slot{#3 xOffset=171 timeOffset=3/8 incomings=[#4839] SUSPICIOUS}
2017-10-06 14:32:02,578 INFO [91386852]           PageRhythm.java:314  | Range{1-17} Durations avgGuess:3/4 topGuess:1 avgValue:0.84 stacks:17 voices:40 Histogram{1/4-5/4 size:9 [1/4=1 3/8=3 1/2=7 9/16=1 5/8=2 3/4=7 7/8=1 1=15 5/4=3]}
2017-10-06 14:32:02,579 INFO [91386852]           PageRhythm.java:221  | S3 Range{1-17 dur:3/4} should update to 3/4-based time sig?
2017-10-06 14:32:02,580 INFO [91386852]                Voice.java:257  | S3 MeasureStack#1 Voice #1 too long 1/2
2017-10-06 14:32:02,580 INFO [91386852]           StackTuner.java:92   | S3 MeasureStack#1 no correct rhythm
2017-10-06 14:32:02,581 INFO [91386852]         SlotsBuilder.java:427  | S3 MeasureStack#2 Slot{#5 xOffset=184 timeOffset=5/8 incomings=[#4859] SUSPICIOUS}
2017-10-06 14:32:02,582 INFO [91386852]         SlotsBuilder.java:427  | S3 MeasureStack#2 Slot{#7 xOffset=247 timeOffset=7/8 incomings=[#4860] SUSPICIOUS}
2017-10-06 14:32:02,583 INFO [91386852]                Voice.java:257  | S3 MeasureStack#2 Voice #1 too long 3/8
2017-10-06 14:32:02,583 INFO [91386852]                Voice.java:257  | S3 MeasureStack#2 Voice #2 too long 1/4
2017-10-06 14:32:02,583 INFO [91386852]                Voice.java:257  | S3 MeasureStack#2 Voice #3 too long 1/4
2017-10-06 14:32:02,583 INFO [91386852]           StackTuner.java:92   | S3 MeasureStack#2 no correct rhythm
2017-10-06 14:32:02,584 INFO [91386852]                Voice.java:257  | S3 MeasureStack#3 Voice #1 too long 1/4
2017-10-06 14:32:02,585 INFO [91386852]                Voice.java:257  | S3 MeasureStack#3 Voice #2 too long 1/4
2017-10-06 14:32:02,585 INFO [91386852]                Voice.java:257  | S3 MeasureStack#3 Voice #3 too long 1/4
2017-10-06 14:32:02,585 INFO [91386852]           StackTuner.java:92   | S3 MeasureStack#3 no correct rhythm
2017-10-06 14:32:02,587 INFO [91386852]                Voice.java:257  | S3 MeasureStack#4 Voice #1 too long 1/4
2017-10-06 14:32:02,595 INFO [91386852]                Voice.java:257  | S3 MeasureStack#4 Voice #2 too long 1/4
2017-10-06 14:32:02,596 INFO [91386852]                Voice.java:257  | S3 MeasureStack#4 Voice #3 too long 1/4
2017-10-06 14:32:02,596 INFO [91386852]           StackTuner.java:92   | S3 MeasureStack#4 no correct rhythm
2017-10-06 14:32:02,598 INFO [91386852]         SlotsBuilder.java:427  | S4 MeasureStack#6 Slot{#3 xOffset=240 timeOffset=3/8 incomings=[#4895] SUSPICIOUS}
2017-10-06 14:32:02,598 INFO [91386852]         SlotsBuilder.java:427  | S4 MeasureStack#6 Slot{#5 xOffset=324 timeOffset=5/8 incomings=[#4896] SUSPICIOUS}
2017-10-06 14:32:02,599 INFO [91386852]         SlotsBuilder.java:434  | Stack#6 endless loop detected
2017-10-06 14:32:02,599 INFO [91386852]                Voice.java:257  | S4 MeasureStack#6 Voice #1 too long 1/4
2017-10-06 14:32:02,600 INFO [91386852]                Voice.java:257  | S4 MeasureStack#6 Voice #2 too long 1/8
2017-10-06 14:32:02,600 INFO [91386852]           StackTuner.java:92   | S4 MeasureStack#6 no correct rhythm
2017-10-06 14:32:02,601 INFO [91386852]         SlotsBuilder.java:427  | S4 MeasureStack#7 Slot{#3 xOffset=138 timeOffset=3/8 incomings=[#4900] SUSPICIOUS}
2017-10-06 14:32:02,601 INFO [91386852]         SlotsBuilder.java:427  | S4 MeasureStack#7 Slot{#5 xOffset=230 timeOffset=5/8 incomings=[#4901] SUSPICIOUS}
2017-10-06 14:32:02,602 INFO [91386852]         SlotsBuilder.java:427  | S4 MeasureStack#7 Slot{#7 xOffset=319 timeOffset=7/8 incomings=[#4902] SUSPICIOUS}
2017-10-06 14:32:02,602 INFO [91386852]         SlotsBuilder.java:427  | S4 MeasureStack#7 Slot{#9 xOffset=371 timeOffset=1 incomings=[#4903] SUSPICIOUS}
2017-10-06 14:32:02,603 INFO [91386852]                Voice.java:257  | S4 MeasureStack#7 Voice #1 too long 3/8
2017-10-06 14:32:02,603 INFO [91386852]                Voice.java:257  | S4 MeasureStack#7 Voice #2 too long 1/4
2017-10-06 14:32:02,603 INFO [91386852]           StackTuner.java:92   | S4 MeasureStack#7 no correct rhythm
2017-10-06 14:32:02,604 INFO [91386852]         SlotsBuilder.java:427  | S4 MeasureStack#8 Slot{#3 xOffset=133 timeOffset=3/8 incomings=[#4922] SUSPICIOUS}
2017-10-06 14:32:02,604 INFO [91386852]         SlotsBuilder.java:427  | S4 MeasureStack#8 Slot{#5 xOffset=223 timeOffset=5/8 incomings=[#4923] SUSPICIOUS}
2017-10-06 14:32:02,605 INFO [91386852]         SlotsBuilder.java:427  | S4 MeasureStack#8 Slot{#7 xOffset=315 timeOffset=7/8 incomings=[#4924] SUSPICIOUS}
2017-10-06 14:32:02,606 INFO [91386852]         SlotsBuilder.java:427  | S4 MeasureStack#8 Slot{#9 xOffset=370 timeOffset=1 incomings=[#4925] SUSPICIOUS}
2017-10-06 14:32:02,606 INFO [91386852]                Voice.java:257  | S4 MeasureStack#8 Voice #1 too long 1/4
2017-10-06 14:32:02,606 INFO [91386852]                Voice.java:257  | S4 MeasureStack#8 Voice #2 too long 3/8
2017-10-06 14:32:02,607 INFO [91386852]           StackTuner.java:92   | S4 MeasureStack#8 no correct rhythm
2017-10-06 14:32:02,608 INFO [91386852]         SlotsBuilder.java:427  | S5 MeasureStack#10 Slot{#4 xOffset=300 timeOffset=5/8 incomings=[#4951] SUSPICIOUS}
2017-10-06 14:32:02,609 INFO [91386852]         SlotsBuilder.java:427  | S5 MeasureStack#10 Slot{#6 xOffset=377 timeOffset=7/8 incomings=[#4952] SUSPICIOUS}
2017-10-06 14:32:02,609 INFO [91386852]         SlotsBuilder.java:427  | S5 MeasureStack#10 Slot{#8 xOffset=424 timeOffset=1 incomings=[#4953] SUSPICIOUS}
2017-10-06 14:32:02,609 INFO [91386852]                Voice.java:257  | S5 MeasureStack#10 Voice #1 too long 1/4
2017-10-06 14:32:02,610 INFO [91386852]                Voice.java:257  | S5 MeasureStack#10 Voice #2 too long 1/4
2017-10-06 14:32:02,610 INFO [91386852]                Voice.java:257  | S5 MeasureStack#10 Voice #3 too long 3/8
2017-10-06 14:32:02,610 INFO [91386852]           StackTuner.java:92   | S5 MeasureStack#10 no correct rhythm
2017-10-06 14:32:02,611 INFO [91386852]         SlotsBuilder.java:427  | S5 MeasureStack#11 Slot{#5 xOffset=224 timeOffset=3/4 incomings=[#4936] SUSPICIOUS}
2017-10-06 14:32:02,612 INFO [91386852]         SlotsBuilder.java:427  | S5 MeasureStack#11 Slot{#7 xOffset=304 timeOffset=1 incomings=[#4937] SUSPICIOUS}
2017-10-06 14:32:02,612 INFO [91386852]         SlotsBuilder.java:427  | S5 MeasureStack#11 Slot{#9 xOffset=358 timeOffset=9/8 incomings=[#4938] SUSPICIOUS}
2017-10-06 14:32:02,613 INFO [91386852]                Voice.java:257  | S5 MeasureStack#11 Voice #2 too long 1/2
2017-10-06 14:32:02,613 INFO [91386852]                Voice.java:257  | S5 MeasureStack#11 Voice #3 too long 3/8
2017-10-06 14:32:02,613 INFO [91386852]           StackTuner.java:92   | S5 MeasureStack#11 no correct rhythm
2017-10-06 14:32:02,614 INFO [91386852]                Voice.java:257  | S5 MeasureStack#12 Voice #1 too long 1/4
2017-10-06 14:32:02,615 INFO [91386852]                Voice.java:257  | S5 MeasureStack#12 Voice #2 too long 1/4
2017-10-06 14:32:02,615 INFO [91386852]           StackTuner.java:92   | S5 MeasureStack#12 no correct rhythm
2017-10-06 14:32:02,616 INFO [91386852]                Voice.java:257  | S5 MeasureStack#13 Voice #1 too long 1/4
2017-10-06 14:32:02,616 INFO [91386852]                Voice.java:257  | S5 MeasureStack#13 Voice #2 too long 1/4
2017-10-06 14:32:02,617 INFO [91386852]           StackTuner.java:92   | S5 MeasureStack#13 no correct rhythm
2017-10-06 14:32:02,618 INFO [91386852]                Voice.java:257  | S6 MeasureStack#14 Voice #1 too long 1/2
2017-10-06 14:32:02,618 INFO [91386852]                Voice.java:257  | S6 MeasureStack#14 Voice #2 too long 1/2
2017-10-06 14:32:02,619 INFO [91386852]           StackTuner.java:92   | S6 MeasureStack#14 no correct rhythm
2017-10-06 14:32:02,620 INFO [91386852]                Voice.java:257  | S6 MeasureStack#15 Voice #1 too long 1/4
2017-10-06 14:32:02,620 INFO [91386852]                Voice.java:257  | S6 MeasureStack#15 Voice #2 too long 1/4
2017-10-06 14:32:02,620 INFO [91386852]                Voice.java:257  | S6 MeasureStack#15 Voice #3 too long 1/4
2017-10-06 14:32:02,621 INFO [91386852]           StackTuner.java:92   | S6 MeasureStack#15 no correct rhythm
2017-10-06 14:32:02,622 INFO [91386852]         SlotsBuilder.java:427  | S6 MeasureStack#16 Slot{#5 xOffset=262 timeOffset=9/16 incomings=[#4982] SUSPICIOUS}
2017-10-06 14:32:02,622 INFO [91386852]         SlotsBuilder.java:427  | S6 MeasureStack#16 Slot{#7 xOffset=357 timeOffset=13/16 incomings=[#4983] SUSPICIOUS}
2017-10-06 14:32:02,623 INFO [91386852]                Voice.java:257  | S6 MeasureStack#16 Voice #1 too long 5/16
2017-10-06 14:32:02,623 INFO [91386852]                Voice.java:257  | S6 MeasureStack#16 Voice #2 too long 1/4
2017-10-06 14:32:02,623 INFO [91386852]                Voice.java:257  | S6 MeasureStack#16 Voice #3 too long 1/4
2017-10-06 14:32:02,623 INFO [91386852]           StackTuner.java:92   | S6 MeasureStack#16 no correct rhythm
2017-10-06 14:32:02,626 INFO [91386852]            BasicBook.java:1395 | Stored /book.xml
2017-10-06 14:32:03,776 INFO [91386852]           BasicSheet.java:979  | Stored /sheet#1/sheet#1.xml
2017-10-06 14:32:03,779 INFO [91386852]       StepMonitoring.java:96   | PAGE
2017-10-06 14:32:03,783 INFO [91386852]                Voice.java:257  | S1 MeasureStack#1 Voice #2 too long 1/4
2017-10-06 14:32:03,783 INFO [91386852]                Voice.java:257  | S1 MeasureStack#2 Voice #1 too long 1/8
2017-10-06 14:32:03,783 INFO [91386852]                Voice.java:257  | S1 MeasureStack#2 Voice #2 too long 1/4
2017-10-06 14:32:03,783 INFO [91386852]                Voice.java:257  | S1 MeasureStack#3 Voice #1 too long 1/16
2017-10-06 14:32:03,784 INFO [91386852]                Voice.java:257  | S1 MeasureStack#3 Voice #3 too long 1/4
2017-10-06 14:32:03,784 INFO [91386852]                Voice.java:257  | S1 MeasureStack#4 Voice #1 too long 1/4
2017-10-06 14:32:03,784 INFO [91386852]                Voice.java:257  | S1 MeasureStack#4 Voice #2 too long 1/8
2017-10-06 14:32:03,784 INFO [91386852]                Voice.java:257  | S1 MeasureStack#4 Voice #3 too long 3/8
2017-10-06 14:32:03,784 INFO [91386852]                Voice.java:257  | S2 MeasureStack#5 Voice #1 too long 1/8
2017-10-06 14:32:03,784 INFO [91386852]                Voice.java:257  | S2 MeasureStack#5 Voice #3 too long 1/4
2017-10-06 14:32:03,785 INFO [91386852]                Voice.java:257  | S2 MeasureStack#6 Voice #1 too long 1/4
2017-10-06 14:32:03,785 INFO [91386852]                Voice.java:257  | S2 MeasureStack#6 Voice #3 too long 1/4
2017-10-06 14:32:03,785 INFO [91386852]                Voice.java:257  | S2 MeasureStack#7 Voice #1 too long 1/8
2017-10-06 14:32:03,785 INFO [91386852]                Voice.java:257  | S2 MeasureStack#7 Voice #2 too long 1/8
2017-10-06 14:32:03,786 INFO [91386852]                Voice.java:257  | S2 MeasureStack#7 Voice #3 too long 1/4
2017-10-06 14:32:03,786 INFO [91386852]                Voice.java:257  | S3 MeasureStack#1 Voice #1 too long 1/2
2017-10-06 14:32:03,786 INFO [91386852]                Voice.java:257  | S3 MeasureStack#2 Voice #1 too long 3/8
2017-10-06 14:32:03,787 INFO [91386852]                Voice.java:257  | S3 MeasureStack#2 Voice #2 too long 1/4
2017-10-06 14:32:03,787 INFO [91386852]                Voice.java:257  | S3 MeasureStack#2 Voice #3 too long 1/4
2017-10-06 14:32:03,791 INFO [91386852]                Voice.java:257  | S3 MeasureStack#3 Voice #1 too long 1/4
2017-10-06 14:32:03,791 INFO [91386852]                Voice.java:257  | S3 MeasureStack#3 Voice #2 too long 1/4
2017-10-06 14:32:03,791 INFO [91386852]                Voice.java:257  | S3 MeasureStack#3 Voice #3 too long 1/4
2017-10-06 14:32:03,792 INFO [91386852]                Voice.java:257  | S3 MeasureStack#4 Voice #1 too long 1/4
2017-10-06 14:32:03,792 INFO [91386852]                Voice.java:257  | S3 MeasureStack#4 Voice #2 too long 1/4
2017-10-06 14:32:03,792 INFO [91386852]                Voice.java:257  | S3 MeasureStack#4 Voice #3 too long 1/4
2017-10-06 14:32:03,792 INFO [91386852]                Voice.java:257  | S4 MeasureStack#6 Voice #1 too long 1/4
2017-10-06 14:32:03,793 INFO [91386852]                Voice.java:257  | S4 MeasureStack#6 Voice #2 too long 1/8
2017-10-06 14:32:03,793 INFO [91386852]                Voice.java:257  | S4 MeasureStack#7 Voice #1 too long 3/8
2017-10-06 14:32:03,793 INFO [91386852]                Voice.java:257  | S4 MeasureStack#7 Voice #2 too long 1/4
2017-10-06 14:32:03,793 INFO [91386852]                Voice.java:257  | S4 MeasureStack#8 Voice #1 too long 1/4
2017-10-06 14:32:03,794 INFO [91386852]                Voice.java:257  | S4 MeasureStack#8 Voice #2 too long 3/8
2017-10-06 14:32:03,794 INFO [91386852]                Voice.java:257  | S5 MeasureStack#10 Voice #1 too long 1/4
2017-10-06 14:32:03,794 INFO [91386852]                Voice.java:257  | S5 MeasureStack#10 Voice #2 too long 1/4
2017-10-06 14:32:03,794 INFO [91386852]                Voice.java:257  | S5 MeasureStack#10 Voice #3 too long 3/8
2017-10-06 14:32:03,794 INFO [91386852]                Voice.java:257  | S5 MeasureStack#11 Voice #2 too long 1/2
2017-10-06 14:32:03,794 INFO [91386852]                Voice.java:257  | S5 MeasureStack#11 Voice #3 too long 3/8
2017-10-06 14:32:03,795 INFO [91386852]                Voice.java:257  | S5 MeasureStack#12 Voice #1 too long 1/4
2017-10-06 14:32:03,795 INFO [91386852]                Voice.java:257  | S5 MeasureStack#12 Voice #2 too long 1/4
2017-10-06 14:32:03,795 INFO [91386852]                Voice.java:257  | S5 MeasureStack#13 Voice #1 too long 1/4
2017-10-06 14:32:03,795 INFO [91386852]                Voice.java:257  | S5 MeasureStack#13 Voice #2 too long 1/4
2017-10-06 14:32:03,795 INFO [91386852]                Voice.java:257  | S6 MeasureStack#14 Voice #1 too long 1/2
2017-10-06 14:32:03,795 INFO [91386852]                Voice.java:257  | S6 MeasureStack#14 Voice #2 too long 1/2
2017-10-06 14:32:03,796 INFO [91386852]                Voice.java:257  | S6 MeasureStack#15 Voice #1 too long 1/4
2017-10-06 14:32:03,796 INFO [91386852]                Voice.java:257  | S6 MeasureStack#15 Voice #2 too long 1/4
2017-10-06 14:32:03,796 INFO [91386852]                Voice.java:257  | S6 MeasureStack#15 Voice #3 too long 1/4
2017-10-06 14:32:03,796 INFO [91386852]                Voice.java:257  | S6 MeasureStack#16 Voice #1 too long 5/16
2017-10-06 14:32:03,796 INFO [91386852]                Voice.java:257  | S6 MeasureStack#16 Voice #2 too long 1/4
2017-10-06 14:32:03,796 INFO [91386852]                Voice.java:257  | S6 MeasureStack#16 Voice #3 too long 1/4
2017-10-06 14:32:03,798 INFO [91386852]            BasicBook.java:1395 | Stored /book.xml
2017-10-06 14:32:04,943 INFO [91386852]           BasicSheet.java:979  | Stored /sheet#1/sheet#1.xml
2017-10-06 14:32:04,945 INFO [91386852]            BasicStub.java:723  | Sheet{91386852} disposed
2017-10-06 14:32:05,887 INFO [91386852]            BasicStub.java:449  | Loaded /sheet#1/sheet#1.xml
2017-10-06 14:32:05,892 INFO [91386852]            BasicBook.java:1133 | Scores built: 2
2017-10-06 14:32:06,906 WARN [91386852]      PartwiseBuilder.java:1379 | Error visiting null
java.lang.NullPointerException: null
	at org.audiveris.omr.score.PartwiseBuilder.processKey(PartwiseBuilder.java:1344)
	at org.audiveris.omr.score.PartwiseBuilder.processKeys(PartwiseBuilder.java:1407)
	at org.audiveris.omr.score.PartwiseBuilder.processMeasure(PartwiseBuilder.java:1575)
	at org.audiveris.omr.score.PartwiseBuilder.processPart(PartwiseBuilder.java:1988)
	at org.audiveris.omr.score.PartwiseBuilder.processSystem(PartwiseBuilder.java:2528)
	at org.audiveris.omr.score.PartwiseBuilder.processLogicalPart(PartwiseBuilder.java:1433)
	at org.audiveris.omr.score.PartwiseBuilder.processStub(PartwiseBuilder.java:2483)
	at org.audiveris.omr.score.PartwiseBuilder.processPartList(PartwiseBuilder.java:2017)
	at org.audiveris.omr.score.PartwiseBuilder.processScore(PartwiseBuilder.java:2195)
	at org.audiveris.omr.score.PartwiseBuilder.build(PartwiseBuilder.java:307)
	at org.audiveris.omr.score.ScoreExporter.export(ScoreExporter.java:117)
	at org.audiveris.omr.score.ScoreExporter.export(ScoreExporter.java:91)
	at org.audiveris.omr.sheet.BasicBook.export(BasicBook.java:589)
	at org.audiveris.omr.CLI$ProcessingTask.processBook(CLI.java:785)
	at org.audiveris.omr.CLI$CliTask.call(CLI.java:344)
	at org.audiveris.omr.Main.runBatchTasks(Main.java:316)
	at org.audiveris.omr.Main.main(Main.java:155)
	at Audiveris.main(Audiveris.java:49)
2017-10-06 14:32:06,954 INFO [91386852]        ScoreExporter.java:93   | Score 91386852.mvt1 exported to /Users/stephenn/Documents/workspace/nlsomr/xml_out/91386487/91386852/91386852.mvt1.mxl
2017-10-06 14:32:06,961 WARN [91386852]      PartwiseBuilder.java:1379 | Error visiting null
java.lang.NullPointerException: null
	at org.audiveris.omr.score.PartwiseBuilder.processKey(PartwiseBuilder.java:1344)
	at org.audiveris.omr.score.PartwiseBuilder.processKeys(PartwiseBuilder.java:1407)
	at org.audiveris.omr.score.PartwiseBuilder.processMeasure(PartwiseBuilder.java:1575)
	at org.audiveris.omr.score.PartwiseBuilder.processPart(PartwiseBuilder.java:1988)
	at org.audiveris.omr.score.PartwiseBuilder.processSystem(PartwiseBuilder.java:2528)
	at org.audiveris.omr.score.PartwiseBuilder.processLogicalPart(PartwiseBuilder.java:1433)
	at org.audiveris.omr.score.PartwiseBuilder.processStub(PartwiseBuilder.java:2483)
	at org.audiveris.omr.score.PartwiseBuilder.processPartList(PartwiseBuilder.java:2017)
	at org.audiveris.omr.score.PartwiseBuilder.processScore(PartwiseBuilder.java:2195)
	at org.audiveris.omr.score.PartwiseBuilder.build(PartwiseBuilder.java:307)
	at org.audiveris.omr.score.ScoreExporter.export(ScoreExporter.java:117)
	at org.audiveris.omr.score.ScoreExporter.export(ScoreExporter.java:91)
	at org.audiveris.omr.sheet.BasicBook.export(BasicBook.java:589)
	at org.audiveris.omr.CLI$ProcessingTask.processBook(CLI.java:785)
	at org.audiveris.omr.CLI$CliTask.call(CLI.java:344)
	at org.audiveris.omr.Main.runBatchTasks(Main.java:316)
	at org.audiveris.omr.Main.main(Main.java:155)
	at Audiveris.main(Audiveris.java:49)
2017-10-06 14:32:06,965 WARN [91386852]      PartwiseBuilder.java:1379 | Error visiting null
java.lang.NullPointerException: null
	at org.audiveris.omr.score.PartwiseBuilder.processKey(PartwiseBuilder.java:1344)
	at org.audiveris.omr.score.PartwiseBuilder.processKeys(PartwiseBuilder.java:1407)
	at org.audiveris.omr.score.PartwiseBuilder.processMeasure(PartwiseBuilder.java:1575)
	at org.audiveris.omr.score.PartwiseBuilder.processPart(PartwiseBuilder.java:1988)
	at org.audiveris.omr.score.PartwiseBuilder.processSystem(PartwiseBuilder.java:2528)
	at org.audiveris.omr.score.PartwiseBuilder.processLogicalPart(PartwiseBuilder.java:1433)
	at org.audiveris.omr.score.PartwiseBuilder.processStub(PartwiseBuilder.java:2483)
	at org.audiveris.omr.score.PartwiseBuilder.processPartList(PartwiseBuilder.java:2017)
	at org.audiveris.omr.score.PartwiseBuilder.processScore(PartwiseBuilder.java:2195)
	at org.audiveris.omr.score.PartwiseBuilder.build(PartwiseBuilder.java:307)
	at org.audiveris.omr.score.ScoreExporter.export(ScoreExporter.java:117)
	at org.audiveris.omr.score.ScoreExporter.export(ScoreExporter.java:91)
	at org.audiveris.omr.sheet.BasicBook.export(BasicBook.java:589)
	at org.audiveris.omr.CLI$ProcessingTask.processBook(CLI.java:785)
	at org.audiveris.omr.CLI$CliTask.call(CLI.java:344)
	at org.audiveris.omr.Main.runBatchTasks(Main.java:316)
	at org.audiveris.omr.Main.main(Main.java:155)
	at Audiveris.main(Audiveris.java:49)
2017-10-06 14:32:07,003 INFO [91386852]        ScoreExporter.java:93   | Score 91386852.mvt2 exported to /Users/stephenn/Documents/workspace/nlsomr/xml_out/91386487/91386852/91386852.mvt2.mxl
2017-10-06 14:32:07,171 INFO [91386852]            BasicBook.java:1395 | Stored /book.xml
2017-10-06 14:32:07,171 INFO [91386852]            BasicBook.java:1355 | Book stored as /Users/stephenn/Documents/workspace/nlsomr/xml_out/91386487/91386852/91386852.omr
