2017-10-06 14:37:41,245 INFO [91386936]            BasicBook.java:427  | 1 sheet in /Users/stephenn/Documents/workspace/nlsomr/working/91386936.jpg
2017-10-06 14:37:41,395 INFO []            BasicBook.java:1395 | Stored /book.xml
2017-10-06 14:37:41,395 INFO []            BasicBook.java:1355 | Book stored as /Users/stephenn/Documents/workspace/nlsomr/xml_out/91386487/91386936/91386936.omr
2017-10-06 14:37:41,401 INFO []            BasicBook.java:996  | Book reaching PAGE on sheets:[#1]
2017-10-06 14:37:41,402 INFO [91386936]       StepMonitoring.java:96   | LOAD
2017-10-06 14:37:41,544 INFO [91386936]            BasicBook.java:911  | Loaded image 1 2000x3056 from /Users/stephenn/Documents/workspace/nlsomr/working/91386936.jpg
2017-10-06 14:37:41,548 INFO [91386936]            ImageUtil.java:82   | Converting max RGB to gray ...
2017-10-06 14:37:41,778 INFO [91386936]            BasicBook.java:1395 | Stored /book.xml
2017-10-06 14:37:42,086 INFO [91386936]           BasicSheet.java:979  | Stored /sheet#1/sheet#1.xml
2017-10-06 14:37:42,088 INFO [91386936]       StepMonitoring.java:96   | BINARY
2017-10-06 14:37:42,664 INFO [91386936]            BasicBook.java:1395 | Stored /book.xml
2017-10-06 14:37:42,951 INFO [91386936]              Picture.java:786  | Stored /sheet#1/BINARY.xml
2017-10-06 14:37:42,953 INFO [91386936]           BasicSheet.java:979  | Stored /sheet#1/sheet#1.xml
2017-10-06 14:37:42,955 INFO [91386936]       StepMonitoring.java:96   | SCALE
2017-10-06 14:37:42,998 INFO [91386936]            ScaleStep.java:87   | Scale{line(2,4,5) interline(16,16,17) beam(13)}
2017-10-06 14:37:43,000 INFO [91386936]            BasicBook.java:1395 | Stored /book.xml
2017-10-06 14:37:43,002 INFO [91386936]           BasicSheet.java:979  | Stored /sheet#1/sheet#1.xml
2017-10-06 14:37:43,005 INFO [91386936]       StepMonitoring.java:96   | GRID
2017-10-06 14:37:43,714 INFO [91386936]       LinesRetriever.java:442  | Global slope: 0.00000
2017-10-06 14:37:43,806 INFO [91386936]    ClustersRetriever.java:241  | Retrieved line clusters: 12 of size: 5 with interline: (16,16,17)
2017-10-06 14:37:44,252 INFO [91386936]            PeakGraph.java:181  | Systems: #1[1, 2] #2[3, 4] #3[5, 6] #4[7, 8] #5[9, 10] #6[11, 12]
2017-10-06 14:37:44,910 INFO [91386936]        SystemManager.java:626  | Indentation detected for system#1
2017-10-06 14:37:44,910 INFO [91386936]        SystemManager.java:626  | Indentation detected for system#5
2017-10-06 14:37:44,911 INFO [91386936]        SystemManager.java:671  | 2 pages found in sheet
2017-10-06 14:37:44,911 INFO [91386936]        SystemManager.java:709  | Page #1: 1 part along 4 systems
2017-10-06 14:37:44,911 INFO [91386936]        SystemManager.java:709  | Page #2: 1 part along 2 systems
2017-10-06 14:37:44,915 INFO [91386936]            BasicBook.java:1395 | Stored /book.xml
2017-10-06 14:37:45,131 INFO [91386936]           BasicSheet.java:979  | Stored /sheet#1/sheet#1.xml
2017-10-06 14:37:45,134 INFO [91386936]       StepMonitoring.java:96   | HEADERS
2017-10-06 14:37:45,516 INFO []          Nd4jBackend.java:194  | Loaded [CpuBackend] backend
2017-10-06 14:37:45,585 INFO []      NativeOpsHolder.java:49   | Number of threads used for NativeOps: 2
2017-10-06 14:37:46,071 INFO [] DefaultOpExecutioner.java:544  | Backend used: [CPU]; OS: [Mac OS X]
2017-10-06 14:37:46,072 INFO [] DefaultOpExecutioner.java:545  | Cores: [4]; Memory: [3.6GB];
2017-10-06 14:37:46,072 INFO [] DefaultOpExecutioner.java:546  | Blas vendor: [OPENBLAS]
2017-10-06 14:37:46,121 INFO []   AbstractClassifier.java:332  | Classifier data loaded from default uri jar:file:/Users/stephenn/Documents/workspace/audiveris/build/distributions/Audiveris/lib/audiveris.jar!/res/basic-classifier.zip
2017-10-06 14:37:47,928 WARN [91386936]          ClefBuilder.java:560  | Staff#4 no header clef.
2017-10-06 14:37:48,667 INFO [91386936]            BasicBook.java:1395 | Stored /book.xml
2017-10-06 14:37:49,038 INFO [91386936]           BasicSheet.java:979  | Stored /sheet#1/sheet#1.xml
2017-10-06 14:37:49,041 INFO [91386936]       StepMonitoring.java:96   | STEM_SEEDS
2017-10-06 14:37:49,162 INFO [91386936]        StemSeedsStep.java:91   | stem(4 max:4)
2017-10-06 14:37:49,262 INFO [91386936]            BasicBook.java:1395 | Stored /book.xml
2017-10-06 14:37:49,400 INFO []   AbstractClassifier.java:332  | Classifier data loaded from default uri jar:file:/Users/stephenn/Documents/workspace/audiveris/build/distributions/Audiveris/lib/audiveris.jar!/res/deep-classifier.zip
2017-10-06 14:37:49,587 INFO [91386936]           BasicSheet.java:979  | Stored /sheet#1/sheet#1.xml
2017-10-06 14:37:49,589 INFO [91386936]       StepMonitoring.java:96   | BEAMS
2017-10-06 14:37:54,363 INFO [91386936]            BasicBook.java:1395 | Stored /book.xml
2017-10-06 14:37:54,428 INFO [91386936]              Picture.java:786  | Stored /sheet#1/HEAD_SPOTS.xml
2017-10-06 14:37:54,826 INFO [91386936]           BasicSheet.java:979  | Stored /sheet#1/sheet#1.xml
2017-10-06 14:37:54,828 INFO [91386936]       StepMonitoring.java:96   | LEDGERS
2017-10-06 14:37:55,136 INFO [91386936]            BasicBook.java:1395 | Stored /book.xml
2017-10-06 14:37:55,558 INFO [91386936]           BasicSheet.java:979  | Stored /sheet#1/sheet#1.xml
2017-10-06 14:37:55,561 INFO [91386936]       StepMonitoring.java:96   | HEADS
2017-10-06 14:37:57,992 INFO [91386936]            BasicBook.java:1395 | Stored /book.xml
2017-10-06 14:37:58,965 INFO [91386936]           BasicSheet.java:979  | Stored /sheet#1/sheet#1.xml
2017-10-06 14:37:58,967 INFO [91386936]       StepMonitoring.java:96   | STEMS
2017-10-06 14:37:59,983 INFO [91386936]            BasicBook.java:1395 | Stored /book.xml
2017-10-06 14:38:00,989 INFO [91386936]           BasicSheet.java:979  | Stored /sheet#1/sheet#1.xml
2017-10-06 14:38:00,991 INFO [91386936]       StepMonitoring.java:96   | REDUCTION
2017-10-06 14:38:01,264 INFO [91386936]            BasicBook.java:1395 | Stored /book.xml
2017-10-06 14:38:01,978 INFO [91386936]           BasicSheet.java:979  | Stored /sheet#1/sheet#1.xml
2017-10-06 14:38:01,984 INFO [91386936]       StepMonitoring.java:96   | CUE_BEAMS
2017-10-06 14:38:01,986 INFO [91386936]         BeamsBuilder.java:2012 | Mixed or unknown direction in cue area CueAggregate{S5A1 bounds:java.awt.Rectangle[x=1616,y=2034,width=25,height=132] HeadInter{#2687(0.365/0.560) s:9 p:0.00 NOTEHEAD_BLACK_SMALL}+StemInter{#3710(0.758/0.822)} HeadInter{#2782(0.320/0.507) s:9 p:4.00 NOTEHEAD_BLACK_SMALL}+StemInter{#3710(0.758/0.822)} HeadInter{#2675(0.338/0.573) s:9 p:-1.00 NOTEHEAD_BLACK_SMALL}+StemInter{#3707(0.749/0.838)} HeadInter{#2730(0.385/0.593) s:9 p:1.00 NOTEHEAD_BLACK_SMALL}+StemInter{#3707(0.749/0.838)}}
2017-10-06 14:38:01,990 INFO [91386936]            BasicBook.java:1395 | Stored /book.xml
2017-10-06 14:38:02,717 INFO [91386936]           BasicSheet.java:979  | Stored /sheet#1/sheet#1.xml
2017-10-06 14:38:02,719 INFO [91386936]       StepMonitoring.java:96   | TEXTS
2017-10-06 14:38:04,125 INFO [91386936]            BasicBook.java:1395 | Stored /book.xml
2017-10-06 14:38:04,934 INFO [91386936]           BasicSheet.java:979  | Stored /sheet#1/sheet#1.xml
2017-10-06 14:38:04,936 INFO [91386936]       StepMonitoring.java:96   | MEASURES
2017-10-06 14:38:04,941 INFO [91386936]                 Page.java:210  | 17 raw measures: [4 in system#1, 4 in system#2, 5 in system#3, 4 in system#4]
2017-10-06 14:38:04,942 INFO [91386936]                 Page.java:210  | 9 raw measures: [5 in system#5, 4 in system#6]
2017-10-06 14:38:04,943 INFO [91386936]            BasicBook.java:1395 | Stored /book.xml
2017-10-06 14:38:05,716 INFO [91386936]           BasicSheet.java:979  | Stored /sheet#1/sheet#1.xml
2017-10-06 14:38:05,718 INFO [91386936]       StepMonitoring.java:96   | CHORDS
2017-10-06 14:38:05,734 INFO [91386936]            BasicBook.java:1395 | Stored /book.xml
2017-10-06 14:38:06,519 INFO [91386936]           BasicSheet.java:979  | Stored /sheet#1/sheet#1.xml
2017-10-06 14:38:06,521 INFO [91386936]       StepMonitoring.java:96   | CURVES
2017-10-06 14:38:07,710 INFO [91386936]         SlursBuilder.java:157  | Slurs: 3
2017-10-06 14:38:07,727 INFO [91386936]      SegmentsBuilder.java:113  | Segments: 7
2017-10-06 14:38:07,735 INFO [91386936]            BasicBook.java:1395 | Stored /book.xml
2017-10-06 14:38:08,599 INFO [91386936]           BasicSheet.java:979  | Stored /sheet#1/sheet#1.xml
2017-10-06 14:38:08,601 INFO [91386936]       StepMonitoring.java:96   | SYMBOLS
2017-10-06 14:38:10,995 INFO [91386936]            BasicBook.java:1395 | Stored /book.xml
2017-10-06 14:38:12,005 INFO [91386936]           BasicSheet.java:979  | Stored /sheet#1/sheet#1.xml
2017-10-06 14:38:12,007 INFO [91386936]       StepMonitoring.java:96   | LINKS
2017-10-06 14:38:12,021 INFO [91386936]        SymbolsLinker.java:306  | No measure stack for direction SentenceInter{#3818(0.581) s:9 B-30 Direction} J 126.
2017-10-06 14:38:12,041 INFO [91386936]            BasicBook.java:1395 | Stored /book.xml
2017-10-06 14:38:13,055 INFO [91386936]           BasicSheet.java:979  | Stored /sheet#1/sheet#1.xml
2017-10-06 14:38:13,057 INFO [91386936]       StepMonitoring.java:96   | RHYTHMS
2017-10-06 14:38:13,095 INFO [91386936]           PageRhythm.java:314  | Range{1-17 ts:6/8} Durations avgGuess:3/4 topGuess:5/8 avgValue:0.68 stacks:17 voices:34 Histogram{1/4-7/8 size:5 [1/4=2 1/2=4 5/8=14 3/4=9 7/8=5]}
2017-10-06 14:38:13,097 INFO [91386936]                Voice.java:257  | S1 MeasureStack#1 Voice #1 too long 1/8
2017-10-06 14:38:13,098 INFO [91386936]           StackTuner.java:92   | S1 MeasureStack#1 no correct rhythm
2017-10-06 14:38:13,104 INFO [91386936]                Voice.java:257  | S1 MeasureStack#4 Voice #1 too long 1/8
2017-10-06 14:38:13,105 INFO [91386936]           StackTuner.java:92   | S1 MeasureStack#4 no correct rhythm
2017-10-06 14:38:13,107 INFO [91386936]                Voice.java:257  | S2 MeasureStack#5 Voice #1 too long 1/8
2017-10-06 14:38:13,108 INFO [91386936]           StackTuner.java:92   | S2 MeasureStack#5 no correct rhythm
2017-10-06 14:38:13,109 INFO [91386936]                Voice.java:257  | S2 MeasureStack#6 Voice #1 too long 1/8
2017-10-06 14:38:13,110 INFO [91386936]           StackTuner.java:92   | S2 MeasureStack#6 no correct rhythm
2017-10-06 14:38:13,118 INFO [91386936]                Voice.java:257  | S3 MeasureStack#13 Voice #1 too long 1/8
2017-10-06 14:38:13,119 INFO [91386936]           StackTuner.java:92   | S3 MeasureStack#13 no correct rhythm
2017-10-06 14:38:13,128 INFO [91386936]           PageRhythm.java:314  | Range{1-9 ts:3/4} Durations avgGuess:3/4 topGuess:3/4 avgValue:0.71 stacks:9 voices:25 Histogram{1/4-1 size:7 [1/4=2 3/8=1 1/2=6 5/8=2 3/4=10 7/8=1 1=3]}
2017-10-06 14:38:13,130 INFO [91386936]                Voice.java:257  | S5 MeasureStack#2 Voice #3 too long 1/8
2017-10-06 14:38:13,131 INFO [91386936]           StackTuner.java:92   | S5 MeasureStack#2 no correct rhythm
2017-10-06 14:38:13,132 INFO [91386936]         SlotsBuilder.java:427  | S5 MeasureStack#4 Slot{#3 xOffset=143 timeOffset=3/8 incomings=[#3963] SUSPICIOUS}
2017-10-06 14:38:13,133 INFO [91386936]         SlotsBuilder.java:427  | S5 MeasureStack#4 Slot{#5 xOffset=216 timeOffset=3/4 incomings=[#3964] SUSPICIOUS}
2017-10-06 14:38:13,133 INFO [91386936]                Voice.java:257  | S5 MeasureStack#4 Voice #3 too long 3/8
2017-10-06 14:38:13,134 INFO [91386936]           StackTuner.java:92   | S5 MeasureStack#4 no correct rhythm
2017-10-06 14:38:13,134 INFO [91386936]                Voice.java:257  | S5 MeasureStack#5 Voice #1 too long 1/4
2017-10-06 14:38:13,135 INFO [91386936]                Voice.java:257  | S5 MeasureStack#5 Voice #2 too long 1/4
2017-10-06 14:38:13,135 INFO [91386936]                Voice.java:257  | S5 MeasureStack#5 Voice #3 too long 1/4
2017-10-06 14:38:13,135 INFO [91386936]           StackTuner.java:92   | S5 MeasureStack#5 no correct rhythm
2017-10-06 14:38:13,137 INFO [91386936]         SlotsBuilder.java:427  | S6 MeasureStack#7 Slot{#4 xOffset=302 timeOffset=5/8 incomings=[#3988] SUSPICIOUS}
2017-10-06 14:38:13,137 INFO [91386936]                Voice.java:257  | S6 MeasureStack#7 Voice #3 too long 1/8
2017-10-06 14:38:13,138 INFO [91386936]           StackTuner.java:92   | S6 MeasureStack#7 no correct rhythm
2017-10-06 14:38:13,141 INFO [91386936]            BasicBook.java:1395 | Stored /book.xml
2017-10-06 14:38:14,192 INFO [91386936]           BasicSheet.java:979  | Stored /sheet#1/sheet#1.xml
2017-10-06 14:38:14,195 INFO [91386936]       StepMonitoring.java:96   | PAGE
2017-10-06 14:38:14,199 INFO [91386936]                Voice.java:257  | S1 MeasureStack#1 Voice #1 too long 1/8
2017-10-06 14:38:14,200 INFO [91386936]                Voice.java:257  | S1 MeasureStack#4 Voice #1 too long 1/8
2017-10-06 14:38:14,200 INFO [91386936]                Voice.java:257  | S2 MeasureStack#5 Voice #1 too long 1/8
2017-10-06 14:38:14,201 INFO [91386936]                Voice.java:257  | S2 MeasureStack#6 Voice #1 too long 1/8
2017-10-06 14:38:14,202 INFO [91386936]                Voice.java:257  | S3 MeasureStack#13 Voice #1 too long 1/8
2017-10-06 14:38:14,202 INFO [91386936]                Voice.java:257  | S5 MeasureStack#2 Voice #3 too long 1/8
2017-10-06 14:38:14,203 INFO [91386936]                Voice.java:257  | S5 MeasureStack#4 Voice #3 too long 3/8
2017-10-06 14:38:14,203 INFO [91386936]                Voice.java:257  | S5 MeasureStack#5 Voice #1 too long 1/4
2017-10-06 14:38:14,203 INFO [91386936]                Voice.java:257  | S5 MeasureStack#5 Voice #2 too long 1/4
2017-10-06 14:38:14,204 INFO [91386936]                Voice.java:257  | S5 MeasureStack#5 Voice #3 too long 1/4
2017-10-06 14:38:14,204 INFO [91386936]                Voice.java:257  | S6 MeasureStack#7 Voice #3 too long 1/8
2017-10-06 14:38:14,206 INFO [91386936]            BasicBook.java:1395 | Stored /book.xml
2017-10-06 14:38:15,246 INFO [91386936]           BasicSheet.java:979  | Stored /sheet#1/sheet#1.xml
2017-10-06 14:38:15,248 INFO [91386936]            BasicStub.java:723  | Sheet{91386936} disposed
2017-10-06 14:38:16,237 INFO [91386936]            BasicStub.java:449  | Loaded /sheet#1/sheet#1.xml
2017-10-06 14:38:16,239 INFO [91386936]            BasicBook.java:1133 | Scores built: 2
2017-10-06 14:38:17,249 INFO [91386936]        ScoreExporter.java:93   | Score 91386936.mvt1 exported to /Users/stephenn/Documents/workspace/nlsomr/xml_out/91386487/91386936/91386936.mvt1.mxl
2017-10-06 14:38:17,268 INFO [91386936]        ScoreExporter.java:93   | Score 91386936.mvt2 exported to /Users/stephenn/Documents/workspace/nlsomr/xml_out/91386487/91386936/91386936.mvt2.mxl
2017-10-06 14:38:17,408 INFO [91386936]            BasicBook.java:1395 | Stored /book.xml
2017-10-06 14:38:17,409 INFO [91386936]            BasicBook.java:1355 | Book stored as /Users/stephenn/Documents/workspace/nlsomr/xml_out/91386487/91386936/91386936.omr
