2017-10-06 14:57:51,517 INFO [91387212]            BasicBook.java:427  | 1 sheet in /Users/stephenn/Documents/workspace/nlsomr/working/91387212.jpg
2017-10-06 14:57:51,658 INFO []            BasicBook.java:1395 | Stored /book.xml
2017-10-06 14:57:51,658 INFO []            BasicBook.java:1355 | Book stored as /Users/stephenn/Documents/workspace/nlsomr/xml_out/91386487/91387212/91387212.omr
2017-10-06 14:57:51,663 INFO []            BasicBook.java:996  | Book reaching PAGE on sheets:[#1]
2017-10-06 14:57:51,665 INFO [91387212]       StepMonitoring.java:96   | LOAD
2017-10-06 14:57:51,814 INFO [91387212]            BasicBook.java:911  | Loaded image 1 2000x3056 from /Users/stephenn/Documents/workspace/nlsomr/working/91387212.jpg
2017-10-06 14:57:51,819 INFO [91387212]            ImageUtil.java:82   | Converting max RGB to gray ...
2017-10-06 14:57:52,086 INFO [91387212]            BasicBook.java:1395 | Stored /book.xml
2017-10-06 14:57:52,412 INFO [91387212]           BasicSheet.java:979  | Stored /sheet#1/sheet#1.xml
2017-10-06 14:57:52,414 INFO [91387212]       StepMonitoring.java:96   | BINARY
2017-10-06 14:57:53,023 INFO [91387212]            BasicBook.java:1395 | Stored /book.xml
2017-10-06 14:57:53,315 INFO [91387212]              Picture.java:786  | Stored /sheet#1/BINARY.xml
2017-10-06 14:57:53,316 INFO [91387212]           BasicSheet.java:979  | Stored /sheet#1/sheet#1.xml
2017-10-06 14:57:53,319 INFO [91387212]       StepMonitoring.java:96   | SCALE
2017-10-06 14:57:53,364 INFO [91387212]         ScaleBuilder.java:229  | No beam key found, guessed value 10
2017-10-06 14:57:53,365 INFO [91387212]            ScaleStep.java:87   | Scale{line(4,5,6) interline(16,16,17) beam(10 extra)}
2017-10-06 14:57:53,367 INFO [91387212]            BasicBook.java:1395 | Stored /book.xml
2017-10-06 14:57:53,369 INFO [91387212]           BasicSheet.java:979  | Stored /sheet#1/sheet#1.xml
2017-10-06 14:57:53,371 INFO [91387212]       StepMonitoring.java:96   | GRID
2017-10-06 14:57:54,138 INFO [91387212]       LinesRetriever.java:442  | Global slope: 0.00142
2017-10-06 14:57:54,240 INFO [91387212]    ClustersRetriever.java:241  | Retrieved line clusters: 12 of size: 5 with interline: (16,16,17)
2017-10-06 14:57:54,738 INFO [91387212]            PeakGraph.java:181  | Systems: #1[1, 2] #2[3, 4] #3[5, 6] #4[7, 8] #5[9, 10] #6[11, 12]
2017-10-06 14:57:55,490 INFO [91387212]        SystemManager.java:626  | Indentation detected for system#3
2017-10-06 14:57:55,491 INFO [91387212]        SystemManager.java:671  | 2 pages found in sheet
2017-10-06 14:57:55,491 INFO [91387212]        SystemManager.java:709  | Page #1: 1 part along 2 systems
2017-10-06 14:57:55,491 INFO [91387212]        SystemManager.java:709  | Page #2: 1 part along 4 systems
2017-10-06 14:57:55,495 INFO [91387212]            BasicBook.java:1395 | Stored /book.xml
2017-10-06 14:57:55,735 INFO [91387212]           BasicSheet.java:979  | Stored /sheet#1/sheet#1.xml
2017-10-06 14:57:55,738 INFO [91387212]       StepMonitoring.java:96   | HEADERS
2017-10-06 14:57:56,117 INFO []          Nd4jBackend.java:194  | Loaded [CpuBackend] backend
2017-10-06 14:57:56,178 INFO []      NativeOpsHolder.java:49   | Number of threads used for NativeOps: 2
2017-10-06 14:57:56,706 INFO [] DefaultOpExecutioner.java:544  | Backend used: [CPU]; OS: [Mac OS X]
2017-10-06 14:57:56,707 INFO [] DefaultOpExecutioner.java:545  | Cores: [4]; Memory: [3.6GB];
2017-10-06 14:57:56,707 INFO [] DefaultOpExecutioner.java:546  | Blas vendor: [OPENBLAS]
2017-10-06 14:57:56,768 INFO []   AbstractClassifier.java:332  | Classifier data loaded from default uri jar:file:/Users/stephenn/Documents/workspace/audiveris/build/distributions/Audiveris/lib/audiveris.jar!/res/basic-classifier.zip
2017-10-06 14:57:58,298 WARN [91387212]          ClefBuilder.java:560  | Staff#2 no header clef.
2017-10-06 14:57:58,585 WARN [91387212]          ClefBuilder.java:560  | Staff#4 no header clef.
2017-10-06 14:57:58,661 INFO [91387212]           KeyBuilder.java:746  | Staff#3 key slice#1 pitch adjusted from 0.7 to 0
2017-10-06 14:57:58,782 WARN [91387212]          ClefBuilder.java:560  | Staff#6 no header clef.
2017-10-06 14:57:59,145 WARN [91387212]          ClefBuilder.java:560  | Staff#8 no header clef.
2017-10-06 14:57:59,279 WARN [91387212]          ClefBuilder.java:560  | Staff#10 no header clef.
2017-10-06 14:57:59,379 WARN [91387212]          ClefBuilder.java:560  | Staff#12 no header clef.
2017-10-06 14:57:59,410 INFO [91387212]            BasicBook.java:1395 | Stored /book.xml
2017-10-06 14:57:59,795 INFO [91387212]           BasicSheet.java:979  | Stored /sheet#1/sheet#1.xml
2017-10-06 14:57:59,797 INFO [91387212]       StepMonitoring.java:96   | STEM_SEEDS
2017-10-06 14:57:59,881 INFO []   AbstractClassifier.java:332  | Classifier data loaded from default uri jar:file:/Users/stephenn/Documents/workspace/audiveris/build/distributions/Audiveris/lib/audiveris.jar!/res/deep-classifier.zip
2017-10-06 14:57:59,900 INFO [91387212]        StemSeedsStep.java:91   | stem(4 max:5)
2017-10-06 14:57:59,991 INFO [91387212]            BasicBook.java:1395 | Stored /book.xml
2017-10-06 14:58:00,319 INFO [91387212]           BasicSheet.java:979  | Stored /sheet#1/sheet#1.xml
2017-10-06 14:58:00,321 INFO [91387212]       StepMonitoring.java:96   | BEAMS
2017-10-06 14:58:03,929 INFO [91387212]            BeamsStep.java:89   | BeamDistance{count:12 mean:15.36 stdDev:0.77}
2017-10-06 14:58:03,932 INFO [91387212]            BasicBook.java:1395 | Stored /book.xml
2017-10-06 14:58:03,999 INFO [91387212]              Picture.java:786  | Stored /sheet#1/HEAD_SPOTS.xml
2017-10-06 14:58:04,473 INFO [91387212]           BasicSheet.java:979  | Stored /sheet#1/sheet#1.xml
2017-10-06 14:58:04,475 INFO [91387212]       StepMonitoring.java:96   | LEDGERS
2017-10-06 14:58:04,814 INFO [91387212]            BasicBook.java:1395 | Stored /book.xml
2017-10-06 14:58:05,339 INFO [91387212]           BasicSheet.java:979  | Stored /sheet#1/sheet#1.xml
2017-10-06 14:58:05,341 INFO [91387212]       StepMonitoring.java:96   | HEADS
2017-10-06 14:58:07,942 INFO [91387212]            BasicBook.java:1395 | Stored /book.xml
2017-10-06 14:58:09,183 INFO [91387212]           BasicSheet.java:979  | Stored /sheet#1/sheet#1.xml
2017-10-06 14:58:09,186 INFO [91387212]       StepMonitoring.java:96   | STEMS
2017-10-06 14:58:10,460 INFO [91387212]            BasicBook.java:1395 | Stored /book.xml
2017-10-06 14:58:12,163 INFO [91387212]           BasicSheet.java:979  | Stored /sheet#1/sheet#1.xml
2017-10-06 14:58:12,165 INFO [91387212]       StepMonitoring.java:96   | REDUCTION
2017-10-06 14:58:12,671 INFO [91387212]            BasicBook.java:1395 | Stored /book.xml
2017-10-06 14:58:13,813 INFO [91387212]           BasicSheet.java:979  | Stored /sheet#1/sheet#1.xml
2017-10-06 14:58:13,816 INFO [91387212]       StepMonitoring.java:96   | CUE_BEAMS
2017-10-06 14:58:13,819 INFO [91387212]            BasicBook.java:1395 | Stored /book.xml
2017-10-06 14:58:14,310 INFO [91387212]           BasicSheet.java:979  | Stored /sheet#1/sheet#1.xml
2017-10-06 14:58:14,312 INFO [91387212]       StepMonitoring.java:96   | TEXTS
2017-10-06 14:58:15,693 INFO [91387212]            BasicBook.java:1395 | Stored /book.xml
2017-10-06 14:58:16,200 INFO [91387212]           BasicSheet.java:979  | Stored /sheet#1/sheet#1.xml
2017-10-06 14:58:16,203 INFO [91387212]       StepMonitoring.java:96   | MEASURES
2017-10-06 14:58:16,207 INFO [91387212]                 Page.java:210  | 9 raw measures: [5 in system#1, 4 in system#2]
2017-10-06 14:58:16,207 INFO [91387212]                 Page.java:210  | 19 raw measures: [5 in system#3, 4 in system#4, 6 in system#5, 4 in system#6]
2017-10-06 14:58:16,208 INFO [91387212]            BasicBook.java:1395 | Stored /book.xml
2017-10-06 14:58:16,713 INFO [91387212]           BasicSheet.java:979  | Stored /sheet#1/sheet#1.xml
2017-10-06 14:58:16,715 INFO [91387212]       StepMonitoring.java:96   | CHORDS
2017-10-06 14:58:16,727 INFO [91387212]            BasicBook.java:1395 | Stored /book.xml
2017-10-06 14:58:17,278 INFO [91387212]           BasicSheet.java:979  | Stored /sheet#1/sheet#1.xml
2017-10-06 14:58:17,281 INFO [91387212]       StepMonitoring.java:96   | CURVES
2017-10-06 14:58:18,491 INFO [91387212]         SlursBuilder.java:762  | LEFT collision SlurInter{#5252(0.577)} & SlurInter{#5299(0.386)} @ HeadInter{#1821(0.451/0.660) e#5078 s:1 p:-2.00 NOTEHEAD_BLACK}
2017-10-06 14:58:18,492 INFO [91387212]         SlursBuilder.java:762  | LEFT collision SlurInter{#5299(0.386)} & SlurInter{#5252(0.577)} @ HeadInter{#1821(0.451/0.660) e#5078 s:1 p:-2.00 NOTEHEAD_BLACK}
2017-10-06 14:58:18,493 INFO [91387212]         SlursBuilder.java:157  | Slurs: 15
2017-10-06 14:58:18,509 INFO [91387212]      SegmentsBuilder.java:113  | Segments: 15
2017-10-06 14:58:18,516 INFO [91387212]            BasicBook.java:1395 | Stored /book.xml
2017-10-06 14:58:19,147 INFO [91387212]           BasicSheet.java:979  | Stored /sheet#1/sheet#1.xml
2017-10-06 14:58:19,149 INFO [91387212]       StepMonitoring.java:96   | SYMBOLS
2017-10-06 14:58:20,287 INFO [91387212]       SymbolsBuilder.java:340  | Symbol parts shrunk from 9 to 7
2017-10-06 14:58:20,993 INFO [91387212]       SymbolsBuilder.java:340  | Symbol parts shrunk from 9 to 7
2017-10-06 14:58:21,307 INFO [91387212]       SymbolsBuilder.java:340  | Symbol parts shrunk from 9 to 7
2017-10-06 14:58:22,389 INFO [91387212]            BasicBook.java:1395 | Stored /book.xml
2017-10-06 14:58:23,225 INFO [91387212]           BasicSheet.java:979  | Stored /sheet#1/sheet#1.xml
2017-10-06 14:58:23,227 INFO [91387212]       StepMonitoring.java:96   | LINKS
2017-10-06 14:58:23,270 INFO [91387212]            BasicBook.java:1395 | Stored /book.xml
2017-10-06 14:58:24,157 INFO [91387212]           BasicSheet.java:979  | Stored /sheet#1/sheet#1.xml
2017-10-06 14:58:24,159 INFO [91387212]       StepMonitoring.java:96   | RHYTHMS
2017-10-06 14:58:24,183 INFO [91387212]         SlotsBuilder.java:399  | Stack#7 suspicious Slot{#2 xOffset=98 timeOffset=1/8 incomings=[#5145]}
2017-10-06 14:58:24,189 INFO [91387212]           PageRhythm.java:314  | Range{1-9} Durations avgGuess:3/4 topGuess:3/4 avgValue:0.72 stacks:9 voices:20 Histogram{1/8-7/8 size:6 [1/8=2 1/4=6 1/2=2 5/8=1 3/4=7 7/8=2]}
2017-10-06 14:58:24,190 INFO [91387212]           PageRhythm.java:221  | S1 Range{1-9 dur:3/4} should update to 3/4-based time sig?
2017-10-06 14:58:24,201 INFO [91387212]                Voice.java:257  | S2 MeasureStack#6 Voice #1 too long 1/8
2017-10-06 14:58:24,201 INFO [91387212]                Voice.java:257  | S2 MeasureStack#6 Voice #3 too long 1/8
2017-10-06 14:58:24,201 INFO [91387212]           StackTuner.java:92   | S2 MeasureStack#6 no correct rhythm
2017-10-06 14:58:24,204 INFO [91387212]         SlotsBuilder.java:427  | S2 MeasureStack#7 Slot{#5 xOffset=180 timeOffset=1/4 incomings=[#5146] SUSPICIOUS}
2017-10-06 14:58:24,204 INFO [91387212]         SlotsBuilder.java:427  | S2 MeasureStack#7 Slot{#7 xOffset=240 timeOffset=3/8 incomings=[#5147] SUSPICIOUS}
2017-10-06 14:58:24,205 INFO [91387212]         SlotsBuilder.java:427  | S2 MeasureStack#7 Slot{#9 xOffset=305 timeOffset=1/2 incomings=[#5148] SUSPICIOUS}
2017-10-06 14:58:24,206 INFO [91387212]         SlotsBuilder.java:427  | S2 MeasureStack#7 Slot{#12 xOffset=386 timeOffset=5/8 incomings=[#5149] SUSPICIOUS}
2017-10-06 14:58:24,226 INFO [91387212]           PageRhythm.java:314  | Range{1-19 ts:6/8} Durations avgGuess:3/4 topGuess:5/8 avgValue:0.69 stacks:19 voices:36 Histogram{1/8-9/8 size:8 [1/8=3 1/4=1 1/2=8 5/8=12 3/4=5 7/8=2 1=4 9/8=1]}
2017-10-06 14:58:24,229 INFO [91387212]                Voice.java:257  | S3 MeasureStack#4 Voice #1 too long 1/4
2017-10-06 14:58:24,230 INFO [91387212]           StackTuner.java:92   | S3 MeasureStack#4 no correct rhythm
2017-10-06 14:58:24,233 INFO [91387212]                Voice.java:257  | S4 MeasureStack#8 Voice #1 too long 1/8
2017-10-06 14:58:24,233 INFO [91387212]           StackTuner.java:92   | S4 MeasureStack#8 no correct rhythm
2017-10-06 14:58:24,237 INFO [91387212]                Voice.java:257  | S5 MeasureStack#15 Voice #1 too long 1/8
2017-10-06 14:58:24,238 INFO [91387212]           StackTuner.java:92   | S5 MeasureStack#15 no correct rhythm
2017-10-06 14:58:24,239 INFO [91387212]                Voice.java:257  | S6 MeasureStack#16 Voice #1 too long 1/4
2017-10-06 14:58:24,239 INFO [91387212]                Voice.java:257  | S6 MeasureStack#16 Voice #2 too long 1/4
2017-10-06 14:58:24,240 INFO [91387212]           StackTuner.java:92   | S6 MeasureStack#16 no correct rhythm
2017-10-06 14:58:24,242 INFO [91387212]                Voice.java:257  | S6 MeasureStack#17 Voice #1 too long 3/8
2017-10-06 14:58:24,242 INFO [91387212]           StackTuner.java:92   | S6 MeasureStack#17 no correct rhythm
2017-10-06 14:58:24,244 INFO [91387212]                Voice.java:257  | S6 MeasureStack#18 Voice #1 too long 1/4
2017-10-06 14:58:24,245 INFO [91387212]           StackTuner.java:92   | S6 MeasureStack#18 no correct rhythm
2017-10-06 14:58:24,248 INFO [91387212]            BasicBook.java:1395 | Stored /book.xml
2017-10-06 14:58:25,199 INFO [91387212]           BasicSheet.java:979  | Stored /sheet#1/sheet#1.xml
2017-10-06 14:58:25,201 INFO [91387212]       StepMonitoring.java:96   | PAGE
2017-10-06 14:58:25,205 INFO [91387212]                Voice.java:257  | S2 MeasureStack#6 Voice #1 too long 1/8
2017-10-06 14:58:25,206 INFO [91387212]                Voice.java:257  | S2 MeasureStack#6 Voice #3 too long 1/8
2017-10-06 14:58:25,207 INFO [91387212]                Voice.java:257  | S3 MeasureStack#4 Voice #1 too long 1/4
2017-10-06 14:58:25,208 INFO [91387212]                Voice.java:257  | S4 MeasureStack#8 Voice #1 too long 1/8
2017-10-06 14:58:25,209 INFO [91387212]                Voice.java:257  | S5 MeasureStack#15 Voice #1 too long 1/8
2017-10-06 14:58:25,209 INFO [91387212]                Voice.java:257  | S6 MeasureStack#16 Voice #1 too long 1/4
2017-10-06 14:58:25,209 INFO [91387212]                Voice.java:257  | S6 MeasureStack#16 Voice #2 too long 1/4
2017-10-06 14:58:25,209 INFO [91387212]                Voice.java:257  | S6 MeasureStack#17 Voice #1 too long 3/8
2017-10-06 14:58:25,210 INFO [91387212]                Voice.java:257  | S6 MeasureStack#18 Voice #1 too long 1/4
2017-10-06 14:58:25,212 INFO [91387212]            BasicBook.java:1395 | Stored /book.xml
2017-10-06 14:58:26,105 INFO [91387212]           BasicSheet.java:979  | Stored /sheet#1/sheet#1.xml
2017-10-06 14:58:26,108 INFO [91387212]            BasicStub.java:723  | Sheet{91387212} disposed
2017-10-06 14:58:27,007 INFO [91387212]            BasicStub.java:449  | Loaded /sheet#1/sheet#1.xml
2017-10-06 14:58:27,009 INFO [91387212]            BasicBook.java:1133 | Scores built: 2
2017-10-06 14:58:27,990 WARN [91387212]      PartwiseBuilder.java:1379 | Error visiting null
java.lang.NullPointerException: null
	at org.audiveris.omr.score.PartwiseBuilder.processKey(PartwiseBuilder.java:1344)
	at org.audiveris.omr.score.PartwiseBuilder.processKeys(PartwiseBuilder.java:1407)
	at org.audiveris.omr.score.PartwiseBuilder.processMeasure(PartwiseBuilder.java:1575)
	at org.audiveris.omr.score.PartwiseBuilder.processPart(PartwiseBuilder.java:1988)
	at org.audiveris.omr.score.PartwiseBuilder.processSystem(PartwiseBuilder.java:2528)
	at org.audiveris.omr.score.PartwiseBuilder.processLogicalPart(PartwiseBuilder.java:1433)
	at org.audiveris.omr.score.PartwiseBuilder.processStub(PartwiseBuilder.java:2483)
	at org.audiveris.omr.score.PartwiseBuilder.processPartList(PartwiseBuilder.java:2017)
	at org.audiveris.omr.score.PartwiseBuilder.processScore(PartwiseBuilder.java:2195)
	at org.audiveris.omr.score.PartwiseBuilder.build(PartwiseBuilder.java:307)
	at org.audiveris.omr.score.ScoreExporter.export(ScoreExporter.java:117)
	at org.audiveris.omr.score.ScoreExporter.export(ScoreExporter.java:91)
	at org.audiveris.omr.sheet.BasicBook.export(BasicBook.java:589)
	at org.audiveris.omr.CLI$ProcessingTask.processBook(CLI.java:785)
	at org.audiveris.omr.CLI$CliTask.call(CLI.java:344)
	at org.audiveris.omr.Main.runBatchTasks(Main.java:316)
	at org.audiveris.omr.Main.main(Main.java:155)
	at Audiveris.main(Audiveris.java:49)
2017-10-06 14:58:28,001 WARN [91387212]      PartwiseBuilder.java:1379 | Error visiting null
java.lang.NullPointerException: null
	at org.audiveris.omr.score.PartwiseBuilder.processKey(PartwiseBuilder.java:1344)
	at org.audiveris.omr.score.PartwiseBuilder.processKeys(PartwiseBuilder.java:1407)
	at org.audiveris.omr.score.PartwiseBuilder.processMeasure(PartwiseBuilder.java:1575)
	at org.audiveris.omr.score.PartwiseBuilder.processPart(PartwiseBuilder.java:1988)
	at org.audiveris.omr.score.PartwiseBuilder.processSystem(PartwiseBuilder.java:2528)
	at org.audiveris.omr.score.PartwiseBuilder.processLogicalPart(PartwiseBuilder.java:1433)
	at org.audiveris.omr.score.PartwiseBuilder.processStub(PartwiseBuilder.java:2483)
	at org.audiveris.omr.score.PartwiseBuilder.processPartList(PartwiseBuilder.java:2017)
	at org.audiveris.omr.score.PartwiseBuilder.processScore(PartwiseBuilder.java:2195)
	at org.audiveris.omr.score.PartwiseBuilder.build(PartwiseBuilder.java:307)
	at org.audiveris.omr.score.ScoreExporter.export(ScoreExporter.java:117)
	at org.audiveris.omr.score.ScoreExporter.export(ScoreExporter.java:91)
	at org.audiveris.omr.sheet.BasicBook.export(BasicBook.java:589)
	at org.audiveris.omr.CLI$ProcessingTask.processBook(CLI.java:785)
	at org.audiveris.omr.CLI$CliTask.call(CLI.java:344)
	at org.audiveris.omr.Main.runBatchTasks(Main.java:316)
	at org.audiveris.omr.Main.main(Main.java:155)
	at Audiveris.main(Audiveris.java:49)
2017-10-06 14:58:28,044 INFO [91387212]        ScoreExporter.java:93   | Score 91387212.mvt1 exported to /Users/stephenn/Documents/workspace/nlsomr/xml_out/91386487/91387212/91387212.mvt1.mxl
2017-10-06 14:58:28,045 WARN [91387212]      PartwiseBuilder.java:1379 | Error visiting null
java.lang.NullPointerException: null
	at org.audiveris.omr.score.PartwiseBuilder.processKey(PartwiseBuilder.java:1344)
	at org.audiveris.omr.score.PartwiseBuilder.processKeys(PartwiseBuilder.java:1407)
	at org.audiveris.omr.score.PartwiseBuilder.processMeasure(PartwiseBuilder.java:1575)
	at org.audiveris.omr.score.PartwiseBuilder.processPart(PartwiseBuilder.java:1988)
	at org.audiveris.omr.score.PartwiseBuilder.processSystem(PartwiseBuilder.java:2528)
	at org.audiveris.omr.score.PartwiseBuilder.processLogicalPart(PartwiseBuilder.java:1433)
	at org.audiveris.omr.score.PartwiseBuilder.processStub(PartwiseBuilder.java:2483)
	at org.audiveris.omr.score.PartwiseBuilder.processPartList(PartwiseBuilder.java:2017)
	at org.audiveris.omr.score.PartwiseBuilder.processScore(PartwiseBuilder.java:2195)
	at org.audiveris.omr.score.PartwiseBuilder.build(PartwiseBuilder.java:307)
	at org.audiveris.omr.score.ScoreExporter.export(ScoreExporter.java:117)
	at org.audiveris.omr.score.ScoreExporter.export(ScoreExporter.java:91)
	at org.audiveris.omr.sheet.BasicBook.export(BasicBook.java:589)
	at org.audiveris.omr.CLI$ProcessingTask.processBook(CLI.java:785)
	at org.audiveris.omr.CLI$CliTask.call(CLI.java:344)
	at org.audiveris.omr.Main.runBatchTasks(Main.java:316)
	at org.audiveris.omr.Main.main(Main.java:155)
	at Audiveris.main(Audiveris.java:49)
2017-10-06 14:58:28,050 WARN [91387212]      PartwiseBuilder.java:1379 | Error visiting null
java.lang.NullPointerException: null
	at org.audiveris.omr.score.PartwiseBuilder.processKey(PartwiseBuilder.java:1344)
	at org.audiveris.omr.score.PartwiseBuilder.processKeys(PartwiseBuilder.java:1407)
	at org.audiveris.omr.score.PartwiseBuilder.processMeasure(PartwiseBuilder.java:1575)
	at org.audiveris.omr.score.PartwiseBuilder.processPart(PartwiseBuilder.java:1988)
	at org.audiveris.omr.score.PartwiseBuilder.processSystem(PartwiseBuilder.java:2528)
	at org.audiveris.omr.score.PartwiseBuilder.processLogicalPart(PartwiseBuilder.java:1433)
	at org.audiveris.omr.score.PartwiseBuilder.processStub(PartwiseBuilder.java:2483)
	at org.audiveris.omr.score.PartwiseBuilder.processPartList(PartwiseBuilder.java:2017)
	at org.audiveris.omr.score.PartwiseBuilder.processScore(PartwiseBuilder.java:2195)
	at org.audiveris.omr.score.PartwiseBuilder.build(PartwiseBuilder.java:307)
	at org.audiveris.omr.score.ScoreExporter.export(ScoreExporter.java:117)
	at org.audiveris.omr.score.ScoreExporter.export(ScoreExporter.java:91)
	at org.audiveris.omr.sheet.BasicBook.export(BasicBook.java:589)
	at org.audiveris.omr.CLI$ProcessingTask.processBook(CLI.java:785)
	at org.audiveris.omr.CLI$CliTask.call(CLI.java:344)
	at org.audiveris.omr.Main.runBatchTasks(Main.java:316)
	at org.audiveris.omr.Main.main(Main.java:155)
	at Audiveris.main(Audiveris.java:49)
2017-10-06 14:58:28,057 WARN [91387212]      PartwiseBuilder.java:1379 | Error visiting null
java.lang.NullPointerException: null
	at org.audiveris.omr.score.PartwiseBuilder.processKey(PartwiseBuilder.java:1344)
	at org.audiveris.omr.score.PartwiseBuilder.processKeys(PartwiseBuilder.java:1407)
	at org.audiveris.omr.score.PartwiseBuilder.processMeasure(PartwiseBuilder.java:1575)
	at org.audiveris.omr.score.PartwiseBuilder.processPart(PartwiseBuilder.java:1988)
	at org.audiveris.omr.score.PartwiseBuilder.processSystem(PartwiseBuilder.java:2528)
	at org.audiveris.omr.score.PartwiseBuilder.processLogicalPart(PartwiseBuilder.java:1433)
	at org.audiveris.omr.score.PartwiseBuilder.processStub(PartwiseBuilder.java:2483)
	at org.audiveris.omr.score.PartwiseBuilder.processPartList(PartwiseBuilder.java:2017)
	at org.audiveris.omr.score.PartwiseBuilder.processScore(PartwiseBuilder.java:2195)
	at org.audiveris.omr.score.PartwiseBuilder.build(PartwiseBuilder.java:307)
	at org.audiveris.omr.score.ScoreExporter.export(ScoreExporter.java:117)
	at org.audiveris.omr.score.ScoreExporter.export(ScoreExporter.java:91)
	at org.audiveris.omr.sheet.BasicBook.export(BasicBook.java:589)
	at org.audiveris.omr.CLI$ProcessingTask.processBook(CLI.java:785)
	at org.audiveris.omr.CLI$CliTask.call(CLI.java:344)
	at org.audiveris.omr.Main.runBatchTasks(Main.java:316)
	at org.audiveris.omr.Main.main(Main.java:155)
	at Audiveris.main(Audiveris.java:49)
2017-10-06 14:58:28,065 WARN [91387212]      PartwiseBuilder.java:1379 | Error visiting null
java.lang.NullPointerException: null
	at org.audiveris.omr.score.PartwiseBuilder.processKey(PartwiseBuilder.java:1344)
	at org.audiveris.omr.score.PartwiseBuilder.processKeys(PartwiseBuilder.java:1407)
	at org.audiveris.omr.score.PartwiseBuilder.processMeasure(PartwiseBuilder.java:1575)
	at org.audiveris.omr.score.PartwiseBuilder.processPart(PartwiseBuilder.java:1988)
	at org.audiveris.omr.score.PartwiseBuilder.processSystem(PartwiseBuilder.java:2528)
	at org.audiveris.omr.score.PartwiseBuilder.processLogicalPart(PartwiseBuilder.java:1433)
	at org.audiveris.omr.score.PartwiseBuilder.processStub(PartwiseBuilder.java:2483)
	at org.audiveris.omr.score.PartwiseBuilder.processPartList(PartwiseBuilder.java:2017)
	at org.audiveris.omr.score.PartwiseBuilder.processScore(PartwiseBuilder.java:2195)
	at org.audiveris.omr.score.PartwiseBuilder.build(PartwiseBuilder.java:307)
	at org.audiveris.omr.score.ScoreExporter.export(ScoreExporter.java:117)
	at org.audiveris.omr.score.ScoreExporter.export(ScoreExporter.java:91)
	at org.audiveris.omr.sheet.BasicBook.export(BasicBook.java:589)
	at org.audiveris.omr.CLI$ProcessingTask.processBook(CLI.java:785)
	at org.audiveris.omr.CLI$CliTask.call(CLI.java:344)
	at org.audiveris.omr.Main.runBatchTasks(Main.java:316)
	at org.audiveris.omr.Main.main(Main.java:155)
	at Audiveris.main(Audiveris.java:49)
2017-10-06 14:58:28,084 INFO [91387212]        ScoreExporter.java:93   | Score 91387212.mvt2 exported to /Users/stephenn/Documents/workspace/nlsomr/xml_out/91386487/91387212/91387212.mvt2.mxl
2017-10-06 14:58:28,236 INFO [91387212]            BasicBook.java:1395 | Stored /book.xml
2017-10-06 14:58:28,237 INFO [91387212]            BasicBook.java:1355 | Book stored as /Users/stephenn/Documents/workspace/nlsomr/xml_out/91386487/91387212/91387212.omr
