2017-10-06 15:03:05,731 INFO [91387284]            BasicBook.java:427  | 1 sheet in /Users/stephenn/Documents/workspace/nlsomr/working/91387284.jpg
2017-10-06 15:03:05,886 INFO []            BasicBook.java:1395 | Stored /book.xml
2017-10-06 15:03:05,887 INFO []            BasicBook.java:1355 | Book stored as /Users/stephenn/Documents/workspace/nlsomr/xml_out/91386487/91387284/91387284.omr
2017-10-06 15:03:05,892 INFO []            BasicBook.java:996  | Book reaching PAGE on sheets:[#1]
2017-10-06 15:03:05,894 INFO [91387284]       StepMonitoring.java:96   | LOAD
2017-10-06 15:03:06,042 INFO [91387284]            BasicBook.java:911  | Loaded image 1 2000x3056 from /Users/stephenn/Documents/workspace/nlsomr/working/91387284.jpg
2017-10-06 15:03:06,050 INFO [91387284]            ImageUtil.java:82   | Converting max RGB to gray ...
2017-10-06 15:03:06,288 INFO [91387284]            BasicBook.java:1395 | Stored /book.xml
2017-10-06 15:03:06,584 INFO [91387284]           BasicSheet.java:979  | Stored /sheet#1/sheet#1.xml
2017-10-06 15:03:06,586 INFO [91387284]       StepMonitoring.java:96   | BINARY
2017-10-06 15:03:07,199 INFO [91387284]            BasicBook.java:1395 | Stored /book.xml
2017-10-06 15:03:07,531 INFO [91387284]              Picture.java:786  | Stored /sheet#1/BINARY.xml
2017-10-06 15:03:07,533 INFO [91387284]           BasicSheet.java:979  | Stored /sheet#1/sheet#1.xml
2017-10-06 15:03:07,535 INFO [91387284]       StepMonitoring.java:96   | SCALE
2017-10-06 15:03:07,582 INFO [91387284]            ScaleStep.java:87   | Scale{line(3,4,5) interline(16,16,17) beam(13)}
2017-10-06 15:03:07,584 INFO [91387284]            BasicBook.java:1395 | Stored /book.xml
2017-10-06 15:03:07,586 INFO [91387284]           BasicSheet.java:979  | Stored /sheet#1/sheet#1.xml
2017-10-06 15:03:07,588 INFO [91387284]       StepMonitoring.java:96   | GRID
2017-10-06 15:03:08,620 INFO [91387284]       LinesRetriever.java:442  | Global slope: -0.00394
2017-10-06 15:03:08,731 INFO [91387284]    ClustersRetriever.java:241  | Retrieved line clusters: 12 of size: 5 with interline: (16,16,17)
2017-10-06 15:03:09,367 INFO [91387284]            PeakGraph.java:181  | Systems: #1[1, 2] #2[3, 4] #3[5, 6] #4[7, 8] #5[9, 10] #6[11, 12]
2017-10-06 15:03:09,476 INFO [91387284]        BarsRetriever.java:910  | No brace partner at level:1 for Peak{94-112 F#2734 T#2 [BRACE, BRACE_BOTTOM]}
2017-10-06 15:03:10,284 INFO [91387284]        SystemManager.java:626  | Indentation detected for system#3
2017-10-06 15:03:10,285 INFO [91387284]        SystemManager.java:671  | 2 pages found in sheet
2017-10-06 15:03:10,285 INFO [91387284]        SystemManager.java:709  | Page #1: 2 parts along 2 systems
2017-10-06 15:03:10,285 INFO [91387284]        SystemManager.java:709  | Page #2: 1 part along 4 systems
2017-10-06 15:03:10,289 INFO [91387284]            BasicBook.java:1395 | Stored /book.xml
2017-10-06 15:03:10,559 INFO [91387284]           BasicSheet.java:979  | Stored /sheet#1/sheet#1.xml
2017-10-06 15:03:10,561 INFO [91387284]       StepMonitoring.java:96   | HEADERS
2017-10-06 15:03:10,955 INFO []          Nd4jBackend.java:194  | Loaded [CpuBackend] backend
2017-10-06 15:03:11,009 INFO []      NativeOpsHolder.java:49   | Number of threads used for NativeOps: 2
2017-10-06 15:03:11,502 INFO [] DefaultOpExecutioner.java:544  | Backend used: [CPU]; OS: [Mac OS X]
2017-10-06 15:03:11,503 INFO [] DefaultOpExecutioner.java:545  | Cores: [4]; Memory: [3.6GB];
2017-10-06 15:03:11,503 INFO [] DefaultOpExecutioner.java:546  | Blas vendor: [OPENBLAS]
2017-10-06 15:03:11,539 INFO []   AbstractClassifier.java:332  | Classifier data loaded from default uri jar:file:/Users/stephenn/Documents/workspace/audiveris/build/distributions/Audiveris/lib/audiveris.jar!/res/basic-classifier.zip
2017-10-06 15:03:14,196 WARN [91387284]          ClefBuilder.java:560  | Staff#6 no header clef.
2017-10-06 15:03:14,785 WARN [91387284]          ClefBuilder.java:560  | Staff#10 no header clef.
2017-10-06 15:03:14,963 WARN [91387284]          ClefBuilder.java:560  | Staff#12 no header clef.
2017-10-06 15:03:15,003 INFO [91387284]            BasicBook.java:1395 | Stored /book.xml
2017-10-06 15:03:15,325 INFO []   AbstractClassifier.java:332  | Classifier data loaded from default uri jar:file:/Users/stephenn/Documents/workspace/audiveris/build/distributions/Audiveris/lib/audiveris.jar!/res/deep-classifier.zip
2017-10-06 15:03:15,351 INFO [91387284]           BasicSheet.java:979  | Stored /sheet#1/sheet#1.xml
2017-10-06 15:03:15,353 INFO [91387284]       StepMonitoring.java:96   | STEM_SEEDS
2017-10-06 15:03:15,456 INFO [91387284]        StemSeedsStep.java:91   | stem(4 max:5)
2017-10-06 15:03:15,576 INFO [91387284]            BasicBook.java:1395 | Stored /book.xml
2017-10-06 15:03:15,886 INFO [91387284]           BasicSheet.java:979  | Stored /sheet#1/sheet#1.xml
2017-10-06 15:03:15,888 INFO [91387284]       StepMonitoring.java:96   | BEAMS
2017-10-06 15:03:21,484 INFO [91387284]            BeamsStep.java:89   | BeamDistance{count:23 mean:13.70 stdDev:4.41}
2017-10-06 15:03:21,487 INFO [91387284]            BasicBook.java:1395 | Stored /book.xml
2017-10-06 15:03:21,557 INFO [91387284]              Picture.java:786  | Stored /sheet#1/HEAD_SPOTS.xml
2017-10-06 15:03:22,018 INFO [91387284]           BasicSheet.java:979  | Stored /sheet#1/sheet#1.xml
2017-10-06 15:03:22,020 INFO [91387284]       StepMonitoring.java:96   | LEDGERS
2017-10-06 15:03:22,635 INFO [91387284]            BasicBook.java:1395 | Stored /book.xml
2017-10-06 15:03:23,238 INFO [91387284]           BasicSheet.java:979  | Stored /sheet#1/sheet#1.xml
2017-10-06 15:03:23,241 INFO [91387284]       StepMonitoring.java:96   | HEADS
2017-10-06 15:03:26,127 INFO [91387284]            BasicBook.java:1395 | Stored /book.xml
2017-10-06 15:03:27,378 INFO [91387284]           BasicSheet.java:979  | Stored /sheet#1/sheet#1.xml
2017-10-06 15:03:27,380 INFO [91387284]       StepMonitoring.java:96   | STEMS
2017-10-06 15:03:29,377 INFO [91387284]            BasicBook.java:1395 | Stored /book.xml
2017-10-06 15:03:30,707 INFO [91387284]           BasicSheet.java:979  | Stored /sheet#1/sheet#1.xml
2017-10-06 15:03:30,711 INFO [91387284]       StepMonitoring.java:96   | REDUCTION
2017-10-06 15:03:31,268 INFO [91387284]            BasicBook.java:1395 | Stored /book.xml
2017-10-06 15:03:32,239 INFO [91387284]           BasicSheet.java:979  | Stored /sheet#1/sheet#1.xml
2017-10-06 15:03:32,242 INFO [91387284]       StepMonitoring.java:96   | CUE_BEAMS
2017-10-06 15:03:32,245 INFO [91387284]            BasicBook.java:1395 | Stored /book.xml
2017-10-06 15:03:33,153 INFO [91387284]           BasicSheet.java:979  | Stored /sheet#1/sheet#1.xml
2017-10-06 15:03:33,155 INFO [91387284]       StepMonitoring.java:96   | TEXTS
2017-10-06 15:03:34,896 INFO [91387284]            BasicBook.java:1395 | Stored /book.xml
2017-10-06 15:03:35,808 INFO [91387284]           BasicSheet.java:979  | Stored /sheet#1/sheet#1.xml
2017-10-06 15:03:35,810 INFO [91387284]       StepMonitoring.java:96   | MEASURES
2017-10-06 15:03:35,816 INFO [91387284]                 Page.java:210  | 9 raw measures: [5 in system#1, 4 in system#2]
2017-10-06 15:03:35,816 INFO [91387284]                 Page.java:210  | 18 raw measures: [4 in system#3, 5 in system#4, 5 in system#5, 4 in system#6]
2017-10-06 15:03:35,817 INFO [91387284]            BasicBook.java:1395 | Stored /book.xml
2017-10-06 15:03:36,966 INFO [91387284]           BasicSheet.java:979  | Stored /sheet#1/sheet#1.xml
2017-10-06 15:03:36,968 INFO [91387284]       StepMonitoring.java:96   | CHORDS
2017-10-06 15:03:36,986 INFO [91387284]            BasicBook.java:1395 | Stored /book.xml
2017-10-06 15:03:38,282 INFO [91387284]           BasicSheet.java:979  | Stored /sheet#1/sheet#1.xml
2017-10-06 15:03:38,284 INFO [91387284]       StepMonitoring.java:96   | CURVES
2017-10-06 15:03:39,957 INFO [91387284]         SlursBuilder.java:157  | Slurs: 36
2017-10-06 15:03:39,984 INFO [91387284]      SegmentsBuilder.java:113  | Segments: 24
2017-10-06 15:03:39,991 INFO [91387284]            BasicBook.java:1395 | Stored /book.xml
2017-10-06 15:03:41,502 INFO [91387284]           BasicSheet.java:979  | Stored /sheet#1/sheet#1.xml
2017-10-06 15:03:41,504 INFO [91387284]       StepMonitoring.java:96   | SYMBOLS
2017-10-06 15:03:43,906 INFO [91387284]            BasicBook.java:1395 | Stored /book.xml
2017-10-06 15:03:45,611 INFO [91387284]           BasicSheet.java:979  | Stored /sheet#1/sheet#1.xml
2017-10-06 15:03:45,613 INFO [91387284]       StepMonitoring.java:96   | LINKS
2017-10-06 15:03:45,624 INFO [91387284]        SymbolsLinker.java:306  | No measure stack for direction SentenceInter{#6429(0.600) s:5 IS-54 Direction} J- 72.
2017-10-06 15:03:45,667 INFO [91387284]            BasicBook.java:1395 | Stored /book.xml
2017-10-06 15:03:47,340 INFO [91387284]           BasicSheet.java:979  | Stored /sheet#1/sheet#1.xml
2017-10-06 15:03:47,343 INFO [91387284]       StepMonitoring.java:96   | RHYTHMS
2017-10-06 15:03:47,357 INFO [91387284]         SlotsBuilder.java:434  | Stack#2 endless loop detected
2017-10-06 15:03:47,362 INFO [91387284]         SlotsBuilder.java:434  | Stack#4 endless loop detected
2017-10-06 15:03:47,374 INFO [91387284]           PageRhythm.java:314  | Range{1-9} Durations avgGuess:1/2 topGuess:1/2 avgValue:0.58 stacks:9 voices:29 Histogram{1/4-3/4 size:6 [1/4=1 3/8=3 1/2=16 5/8=2 11/16=1 3/4=6]}
2017-10-06 15:03:47,375 INFO [91387284]           PageRhythm.java:221  | S1 Range{1-9 dur:1/2} should update to 1/2-based time sig?
2017-10-06 15:03:47,381 INFO [91387284]         SlotsBuilder.java:434  | Stack#2 endless loop detected
2017-10-06 15:03:47,381 INFO [91387284]                Voice.java:257  | S1 MeasureStack#2 Voice #1 too long 1/8
2017-10-06 15:03:47,382 INFO [91387284]                Voice.java:257  | S1 MeasureStack#2 Voice #2 too long 1/8
2017-10-06 15:03:47,382 INFO [91387284]                Voice.java:257  | S1 MeasureStack#2 Voice #1 too long 1/4
2017-10-06 15:03:47,382 INFO [91387284]           StackTuner.java:92   | S1 MeasureStack#2 no correct rhythm
2017-10-06 15:03:47,385 INFO [91387284]         SlotsBuilder.java:427  | S1 MeasureStack#3 Slot{#4 xOffset=162 timeOffset=1/2 incomings=[#6507] SUSPICIOUS}
2017-10-06 15:03:47,386 INFO [91387284]                Voice.java:257  | S1 MeasureStack#3 Voice #1 too long 1/2
2017-10-06 15:03:47,387 INFO [91387284]                Voice.java:257  | S1 MeasureStack#3 Voice #1 too long 1/2
2017-10-06 15:03:47,387 INFO [91387284]           StackTuner.java:92   | S1 MeasureStack#3 no correct rhythm
2017-10-06 15:03:47,389 INFO [91387284]         SlotsBuilder.java:434  | Stack#4 endless loop detected
2017-10-06 15:03:47,395 INFO [91387284]         SlotsBuilder.java:427  | S1 MeasureStack#5 Slot{#3 xOffset=143 timeOffset=1/2 incomings=[#6513] SUSPICIOUS}
2017-10-06 15:03:47,398 INFO [91387284]                Voice.java:257  | S1 MeasureStack#5 Voice #1 too long 1/2
2017-10-06 15:03:47,398 INFO [91387284]                Voice.java:257  | S1 MeasureStack#5 Voice #2 too long 1/2
2017-10-06 15:03:47,399 INFO [91387284]                Voice.java:257  | S1 MeasureStack#5 Voice #1 too long 1/2
2017-10-06 15:03:47,399 INFO [91387284]           StackTuner.java:92   | S1 MeasureStack#5 no correct rhythm
2017-10-06 15:03:47,405 INFO [91387284]                Voice.java:257  | S2 MeasureStack#6 Voice #1 too long 1/4
2017-10-06 15:03:47,406 INFO [91387284]                Voice.java:257  | S2 MeasureStack#6 Voice #2 too long 1/4
2017-10-06 15:03:47,407 INFO [91387284]                Voice.java:257  | S2 MeasureStack#6 Voice #3 too long 1/4
2017-10-06 15:03:47,408 INFO [91387284]           StackTuner.java:92   | S2 MeasureStack#6 no correct rhythm
2017-10-06 15:03:47,410 INFO [91387284]         SlotsBuilder.java:427  | S2 MeasureStack#7 Slot{#3 xOffset=185 timeOffset=1/2 incomings=[#6544] SUSPICIOUS}
2017-10-06 15:03:47,412 INFO [91387284]         SlotsBuilder.java:427  | S2 MeasureStack#7 Slot{#5 xOffset=286 timeOffset=7/8 incomings=[#6545] SUSPICIOUS}
2017-10-06 15:03:47,413 INFO [91387284]                Voice.java:257  | S2 MeasureStack#7 Voice #1 too long 5/8
2017-10-06 15:03:47,415 INFO [91387284]                Voice.java:257  | S2 MeasureStack#7 Voice #2 too long 3/4
2017-10-06 15:03:47,419 INFO [91387284]                Voice.java:257  | S2 MeasureStack#7 Voice #3 too long 1/4
2017-10-06 15:03:47,421 INFO [91387284]           StackTuner.java:92   | S2 MeasureStack#7 no correct rhythm
2017-10-06 15:03:47,423 INFO [91387284]                Voice.java:257  | S2 MeasureStack#8 Voice #1 too long 3/16
2017-10-06 15:03:47,424 INFO [91387284]                Voice.java:257  | S2 MeasureStack#8 Voice #2 too long 1/4
2017-10-06 15:03:47,424 INFO [91387284]                Voice.java:257  | S2 MeasureStack#8 Voice #3 too long 1/4
2017-10-06 15:03:47,424 INFO [91387284]           StackTuner.java:92   | S2 MeasureStack#8 no correct rhythm
2017-10-06 15:03:47,439 INFO [91387284]         SlotsBuilder.java:399  | Stack#4 suspicious Slot{#2 xOffset=88 timeOffset=1/8 incomings=[#6589]}
2017-10-06 15:03:47,441 INFO [91387284]         SlotsBuilder.java:434  | Stack#5 endless loop detected
2017-10-06 15:03:47,464 INFO [91387284]         SlotsBuilder.java:399  | Stack#13 suspicious Slot{#2 xOffset=76 timeOffset=1/8 incomings=[#6703]}
2017-10-06 15:03:47,476 INFO [91387284]         SlotsBuilder.java:399  | Stack#17 suspicious Slot{#2 xOffset=116 timeOffset=1/8 incomings=[#6757]}
2017-10-06 15:03:47,478 INFO [91387284]           PageRhythm.java:314  | Range{1-18 ts:3/4} Durations avgGuess:3/4 topGuess:3/4 avgValue:0.73 stacks:18 voices:46 Histogram{1/8-7/8 size:10 [1/8=5 1/4=6 5/16=2 3/8=6 7/16=1 1/2=1 5/8=4 3/4=18 13/16=1 7/8=2]}
2017-10-06 15:03:47,486 INFO [91387284]         SlotsBuilder.java:434  | Stack#4 endless loop detected
2017-10-06 15:03:47,487 INFO [91387284]         SlotsBuilder.java:434  | Stack#5 endless loop detected
2017-10-06 15:03:47,493 INFO [91387284]                Voice.java:257  | S4 MeasureStack#8 Voice #5 too long 1/16
2017-10-06 15:03:47,494 INFO [91387284]           StackTuner.java:92   | S4 MeasureStack#8 no correct rhythm
2017-10-06 15:03:47,495 INFO [91387284]         SlotsBuilder.java:427  | S5 MeasureStack#10 Slot{#3 xOffset=237 timeOffset=1/4 incomings=[#6657] SUSPICIOUS}
2017-10-06 15:03:47,496 INFO [91387284]         SlotsBuilder.java:427  | S5 MeasureStack#10 Slot{#5 xOffset=295 timeOffset=3/8 incomings=[#6659] SUSPICIOUS}
2017-10-06 15:03:47,499 INFO [91387284]         SlotsBuilder.java:427  | S5 MeasureStack#12 Slot{#6 xOffset=219 timeOffset=5/8 incomings=[#6671] SUSPICIOUS}
2017-10-06 15:03:47,500 INFO [91387284]         SlotsBuilder.java:427  | S5 MeasureStack#12 Slot{#8 xOffset=262 timeOffset=3/4 incomings=[#6672] SUSPICIOUS}
2017-10-06 15:03:47,500 INFO [91387284]                Voice.java:257  | S5 MeasureStack#12 Voice #1 too long 1/8
2017-10-06 15:03:47,501 INFO [91387284]           StackTuner.java:92   | S5 MeasureStack#12 no correct rhythm
2017-10-06 15:03:47,503 INFO [91387284]         SlotsBuilder.java:427  | S5 MeasureStack#14 Slot{#6 xOffset=234 timeOffset=5/8 incomings=[#6686] SUSPICIOUS}
2017-10-06 15:03:47,504 INFO [91387284]         SlotsBuilder.java:427  | S5 MeasureStack#14 Slot{#8 xOffset=279 timeOffset=3/4 incomings=[#6687] SUSPICIOUS}
2017-10-06 15:03:47,505 INFO [91387284]                Voice.java:257  | S5 MeasureStack#14 Voice #1 too long 1/8
2017-10-06 15:03:47,505 INFO [91387284]           StackTuner.java:92   | S5 MeasureStack#14 no correct rhythm
2017-10-06 15:03:47,507 INFO [91387284]                Voice.java:257  | S6 MeasureStack#15 Voice #1 too long 1/8
2017-10-06 15:03:47,507 INFO [91387284]                Voice.java:257  | S6 MeasureStack#15 Voice #2 too long 1/8
2017-10-06 15:03:47,507 INFO [91387284]           StackTuner.java:92   | S6 MeasureStack#15 no correct rhythm
2017-10-06 15:03:47,511 INFO [91387284]         SlotsBuilder.java:427  | S6 MeasureStack#17 Slot{#5 xOffset=183 timeOffset=1/4 incomings=[#6758] SUSPICIOUS}
2017-10-06 15:03:47,512 INFO [91387284]         SlotsBuilder.java:427  | S6 MeasureStack#17 Slot{#8 xOffset=269 timeOffset=3/8 incomings=[#6759] SUSPICIOUS}
2017-10-06 15:03:47,512 INFO [91387284]         SlotsBuilder.java:427  | S6 MeasureStack#17 Slot{#11 xOffset=354 timeOffset=1/2 incomings=[#6760] SUSPICIOUS}
2017-10-06 15:03:47,513 INFO [91387284]         SlotsBuilder.java:427  | S6 MeasureStack#17 Slot{#13 xOffset=421 timeOffset=5/8 incomings=[#6761] SUSPICIOUS}
2017-10-06 15:03:47,516 INFO [91387284]            BasicBook.java:1395 | Stored /book.xml
2017-10-06 15:03:49,287 INFO [91387284]           BasicSheet.java:979  | Stored /sheet#1/sheet#1.xml
2017-10-06 15:03:49,290 INFO [91387284]       StepMonitoring.java:96   | PAGE
2017-10-06 15:03:49,295 INFO [91387284]                Voice.java:257  | S1 MeasureStack#2 Voice #1 too long 1/8
2017-10-06 15:03:49,295 INFO [91387284]                Voice.java:257  | S1 MeasureStack#2 Voice #2 too long 1/8
2017-10-06 15:03:49,295 INFO [91387284]                Voice.java:257  | S1 MeasureStack#2 Voice #1 too long 1/4
2017-10-06 15:03:49,295 INFO [91387284]                Voice.java:257  | S1 MeasureStack#3 Voice #1 too long 1/2
2017-10-06 15:03:49,296 INFO [91387284]                Voice.java:257  | S1 MeasureStack#3 Voice #1 too long 1/2
2017-10-06 15:03:49,296 INFO [91387284]                Voice.java:257  | S1 MeasureStack#5 Voice #1 too long 1/2
2017-10-06 15:03:49,296 INFO [91387284]                Voice.java:257  | S1 MeasureStack#5 Voice #2 too long 1/2
2017-10-06 15:03:49,296 INFO [91387284]                Voice.java:257  | S1 MeasureStack#5 Voice #1 too long 1/2
2017-10-06 15:03:49,297 INFO [91387284]                Voice.java:257  | S2 MeasureStack#6 Voice #1 too long 1/4
2017-10-06 15:03:49,297 INFO [91387284]                Voice.java:257  | S2 MeasureStack#6 Voice #2 too long 1/4
2017-10-06 15:03:49,297 INFO [91387284]                Voice.java:257  | S2 MeasureStack#6 Voice #3 too long 1/4
2017-10-06 15:03:49,297 INFO [91387284]                Voice.java:257  | S2 MeasureStack#7 Voice #1 too long 5/8
2017-10-06 15:03:49,297 INFO [91387284]                Voice.java:257  | S2 MeasureStack#7 Voice #2 too long 3/4
2017-10-06 15:03:49,298 INFO [91387284]                Voice.java:257  | S2 MeasureStack#7 Voice #3 too long 1/4
2017-10-06 15:03:49,298 INFO [91387284]                Voice.java:257  | S2 MeasureStack#8 Voice #1 too long 3/16
2017-10-06 15:03:49,298 INFO [91387284]                Voice.java:257  | S2 MeasureStack#8 Voice #2 too long 1/4
2017-10-06 15:03:49,299 INFO [91387284]                Voice.java:257  | S2 MeasureStack#8 Voice #3 too long 1/4
2017-10-06 15:03:49,300 INFO [91387284]                 Part.java:267  | Could not left-connect slur#6846
2017-10-06 15:03:49,302 INFO [91387284]                Voice.java:257  | S4 MeasureStack#8 Voice #5 too long 1/16
2017-10-06 15:03:49,303 INFO [91387284]                Voice.java:257  | S5 MeasureStack#12 Voice #1 too long 1/8
2017-10-06 15:03:49,304 INFO [91387284]                Voice.java:257  | S5 MeasureStack#14 Voice #1 too long 1/8
2017-10-06 15:03:49,304 INFO [91387284]                Voice.java:257  | S6 MeasureStack#15 Voice #1 too long 1/8
2017-10-06 15:03:49,304 INFO [91387284]                Voice.java:257  | S6 MeasureStack#15 Voice #2 too long 1/8
2017-10-06 15:03:49,306 INFO [91387284]            BasicBook.java:1395 | Stored /book.xml
2017-10-06 15:03:51,061 INFO [91387284]           BasicSheet.java:979  | Stored /sheet#1/sheet#1.xml
2017-10-06 15:03:51,065 INFO [91387284]            BasicStub.java:723  | Sheet{91387284} disposed
2017-10-06 15:03:52,126 INFO [91387284]            BasicStub.java:449  | Loaded /sheet#1/sheet#1.xml
2017-10-06 15:03:52,128 INFO [91387284]            BasicBook.java:1133 | Scores built: 2
2017-10-06 15:03:53,152 INFO [91387284]                 Part.java:312  | S#2 {Part#3 staves[3,4]} createDummyPart for id=1
2017-10-06 15:03:53,156 WARN [91387284]      PartwiseBuilder.java:1970 | Error visiting RestInter{#0(0.000) e#0 s:0 p:-1.00 WHOLE_REST}
java.lang.NullPointerException: null
	at org.audiveris.omr.score.PartwiseBuilder.processNote(PartwiseBuilder.java:1735)
	at org.audiveris.omr.score.PartwiseBuilder.processChord(PartwiseBuilder.java:1056)
	at org.audiveris.omr.score.PartwiseBuilder.processMeasure(PartwiseBuilder.java:1614)
	at org.audiveris.omr.score.PartwiseBuilder.processPart(PartwiseBuilder.java:1988)
	at org.audiveris.omr.score.PartwiseBuilder.processSystem(PartwiseBuilder.java:2532)
	at org.audiveris.omr.score.PartwiseBuilder.processLogicalPart(PartwiseBuilder.java:1433)
	at org.audiveris.omr.score.PartwiseBuilder.processStub(PartwiseBuilder.java:2483)
	at org.audiveris.omr.score.PartwiseBuilder.processPartList(PartwiseBuilder.java:2017)
	at org.audiveris.omr.score.PartwiseBuilder.processScore(PartwiseBuilder.java:2195)
	at org.audiveris.omr.score.PartwiseBuilder.build(PartwiseBuilder.java:307)
	at org.audiveris.omr.score.ScoreExporter.export(ScoreExporter.java:117)
	at org.audiveris.omr.score.ScoreExporter.export(ScoreExporter.java:91)
	at org.audiveris.omr.sheet.BasicBook.export(BasicBook.java:589)
	at org.audiveris.omr.CLI$ProcessingTask.processBook(CLI.java:785)
	at org.audiveris.omr.CLI$CliTask.call(CLI.java:344)
	at org.audiveris.omr.Main.runBatchTasks(Main.java:316)
	at org.audiveris.omr.Main.main(Main.java:155)
	at Audiveris.main(Audiveris.java:49)
2017-10-06 15:03:53,158 WARN [91387284]      PartwiseBuilder.java:1970 | Error visiting RestInter{#0(0.000) e#0 s:0 p:-1.00 WHOLE_REST}
java.lang.NullPointerException: null
	at org.audiveris.omr.score.PartwiseBuilder.processNote(PartwiseBuilder.java:1735)
	at org.audiveris.omr.score.PartwiseBuilder.processChord(PartwiseBuilder.java:1056)
	at org.audiveris.omr.score.PartwiseBuilder.processMeasure(PartwiseBuilder.java:1614)
	at org.audiveris.omr.score.PartwiseBuilder.processPart(PartwiseBuilder.java:1988)
	at org.audiveris.omr.score.PartwiseBuilder.processSystem(PartwiseBuilder.java:2532)
	at org.audiveris.omr.score.PartwiseBuilder.processLogicalPart(PartwiseBuilder.java:1433)
	at org.audiveris.omr.score.PartwiseBuilder.processStub(PartwiseBuilder.java:2483)
	at org.audiveris.omr.score.PartwiseBuilder.processPartList(PartwiseBuilder.java:2017)
	at org.audiveris.omr.score.PartwiseBuilder.processScore(PartwiseBuilder.java:2195)
	at org.audiveris.omr.score.PartwiseBuilder.build(PartwiseBuilder.java:307)
	at org.audiveris.omr.score.ScoreExporter.export(ScoreExporter.java:117)
	at org.audiveris.omr.score.ScoreExporter.export(ScoreExporter.java:91)
	at org.audiveris.omr.sheet.BasicBook.export(BasicBook.java:589)
	at org.audiveris.omr.CLI$ProcessingTask.processBook(CLI.java:785)
	at org.audiveris.omr.CLI$CliTask.call(CLI.java:344)
	at org.audiveris.omr.Main.runBatchTasks(Main.java:316)
	at org.audiveris.omr.Main.main(Main.java:155)
	at Audiveris.main(Audiveris.java:49)
2017-10-06 15:03:53,160 WARN [91387284]      PartwiseBuilder.java:1970 | Error visiting RestInter{#0(0.000) e#0 s:0 p:-1.00 WHOLE_REST}
java.lang.NullPointerException: null
	at org.audiveris.omr.score.PartwiseBuilder.processNote(PartwiseBuilder.java:1735)
	at org.audiveris.omr.score.PartwiseBuilder.processChord(PartwiseBuilder.java:1056)
	at org.audiveris.omr.score.PartwiseBuilder.processMeasure(PartwiseBuilder.java:1614)
	at org.audiveris.omr.score.PartwiseBuilder.processPart(PartwiseBuilder.java:1988)
	at org.audiveris.omr.score.PartwiseBuilder.processSystem(PartwiseBuilder.java:2532)
	at org.audiveris.omr.score.PartwiseBuilder.processLogicalPart(PartwiseBuilder.java:1433)
	at org.audiveris.omr.score.PartwiseBuilder.processStub(PartwiseBuilder.java:2483)
	at org.audiveris.omr.score.PartwiseBuilder.processPartList(PartwiseBuilder.java:2017)
	at org.audiveris.omr.score.PartwiseBuilder.processScore(PartwiseBuilder.java:2195)
	at org.audiveris.omr.score.PartwiseBuilder.build(PartwiseBuilder.java:307)
	at org.audiveris.omr.score.ScoreExporter.export(ScoreExporter.java:117)
	at org.audiveris.omr.score.ScoreExporter.export(ScoreExporter.java:91)
	at org.audiveris.omr.sheet.BasicBook.export(BasicBook.java:589)
	at org.audiveris.omr.CLI$ProcessingTask.processBook(CLI.java:785)
	at org.audiveris.omr.CLI$CliTask.call(CLI.java:344)
	at org.audiveris.omr.Main.runBatchTasks(Main.java:316)
	at org.audiveris.omr.Main.main(Main.java:155)
	at Audiveris.main(Audiveris.java:49)
2017-10-06 15:03:53,161 WARN [91387284]      PartwiseBuilder.java:1970 | Error visiting RestInter{#0(0.000) e#0 s:0 p:-1.00 WHOLE_REST}
java.lang.NullPointerException: null
	at org.audiveris.omr.score.PartwiseBuilder.processNote(PartwiseBuilder.java:1735)
	at org.audiveris.omr.score.PartwiseBuilder.processChord(PartwiseBuilder.java:1056)
	at org.audiveris.omr.score.PartwiseBuilder.processMeasure(PartwiseBuilder.java:1614)
	at org.audiveris.omr.score.PartwiseBuilder.processPart(PartwiseBuilder.java:1988)
	at org.audiveris.omr.score.PartwiseBuilder.processSystem(PartwiseBuilder.java:2532)
	at org.audiveris.omr.score.PartwiseBuilder.processLogicalPart(PartwiseBuilder.java:1433)
	at org.audiveris.omr.score.PartwiseBuilder.processStub(PartwiseBuilder.java:2483)
	at org.audiveris.omr.score.PartwiseBuilder.processPartList(PartwiseBuilder.java:2017)
	at org.audiveris.omr.score.PartwiseBuilder.processScore(PartwiseBuilder.java:2195)
	at org.audiveris.omr.score.PartwiseBuilder.build(PartwiseBuilder.java:307)
	at org.audiveris.omr.score.ScoreExporter.export(ScoreExporter.java:117)
	at org.audiveris.omr.score.ScoreExporter.export(ScoreExporter.java:91)
	at org.audiveris.omr.sheet.BasicBook.export(BasicBook.java:589)
	at org.audiveris.omr.CLI$ProcessingTask.processBook(CLI.java:785)
	at org.audiveris.omr.CLI$CliTask.call(CLI.java:344)
	at org.audiveris.omr.Main.runBatchTasks(Main.java:316)
	at org.audiveris.omr.Main.main(Main.java:155)
	at Audiveris.main(Audiveris.java:49)
2017-10-06 15:03:53,163 WARN [91387284]      PartwiseBuilder.java:1970 | Error visiting HeadInter{#2442(0.693/0.851) e#6486 s:1 p:3.00 NOTEHEAD_BLACK}
java.lang.IllegalStateException: Part Barline with no proper StaffBarline
	at org.audiveris.omr.sheet.PartBarline.getRightX(PartBarline.java:204)
	at org.audiveris.omr.sheet.rhythm.Measure.getAbscissa(Measure.java:381)
	at org.audiveris.omr.score.PartwiseBuilder.processNote(PartwiseBuilder.java:1816)
	at org.audiveris.omr.score.PartwiseBuilder.processChord(PartwiseBuilder.java:1056)
	at org.audiveris.omr.score.PartwiseBuilder.processMeasure(PartwiseBuilder.java:1644)
	at org.audiveris.omr.score.PartwiseBuilder.processPart(PartwiseBuilder.java:1988)
	at org.audiveris.omr.score.PartwiseBuilder.processSystem(PartwiseBuilder.java:2528)
	at org.audiveris.omr.score.PartwiseBuilder.processLogicalPart(PartwiseBuilder.java:1433)
	at org.audiveris.omr.score.PartwiseBuilder.processStub(PartwiseBuilder.java:2483)
	at org.audiveris.omr.score.PartwiseBuilder.processPartList(PartwiseBuilder.java:2017)
	at org.audiveris.omr.score.PartwiseBuilder.processScore(PartwiseBuilder.java:2195)
	at org.audiveris.omr.score.PartwiseBuilder.build(PartwiseBuilder.java:307)
	at org.audiveris.omr.score.ScoreExporter.export(ScoreExporter.java:117)
	at org.audiveris.omr.score.ScoreExporter.export(ScoreExporter.java:91)
	at org.audiveris.omr.sheet.BasicBook.export(BasicBook.java:589)
	at org.audiveris.omr.CLI$ProcessingTask.processBook(CLI.java:785)
	at org.audiveris.omr.CLI$CliTask.call(CLI.java:344)
	at org.audiveris.omr.Main.runBatchTasks(Main.java:316)
	at org.audiveris.omr.Main.main(Main.java:155)
	at Audiveris.main(Audiveris.java:49)
2017-10-06 15:03:53,166 INFO [91387284]                 Part.java:312  | S#2 {Part#3 staves[3,4]} createDummyPart for id=2
2017-10-06 15:03:53,166 WARN [91387284]      PartwiseBuilder.java:1970 | Error visiting RestInter{#0(0.000) e#0 s:0 p:-1.00 WHOLE_REST}
java.lang.NullPointerException: null
	at org.audiveris.omr.score.PartwiseBuilder.processNote(PartwiseBuilder.java:1735)
	at org.audiveris.omr.score.PartwiseBuilder.processChord(PartwiseBuilder.java:1056)
	at org.audiveris.omr.score.PartwiseBuilder.processMeasure(PartwiseBuilder.java:1614)
	at org.audiveris.omr.score.PartwiseBuilder.processPart(PartwiseBuilder.java:1988)
	at org.audiveris.omr.score.PartwiseBuilder.processSystem(PartwiseBuilder.java:2532)
	at org.audiveris.omr.score.PartwiseBuilder.processLogicalPart(PartwiseBuilder.java:1433)
	at org.audiveris.omr.score.PartwiseBuilder.processStub(PartwiseBuilder.java:2483)
	at org.audiveris.omr.score.PartwiseBuilder.processPartList(PartwiseBuilder.java:2017)
	at org.audiveris.omr.score.PartwiseBuilder.processScore(PartwiseBuilder.java:2195)
	at org.audiveris.omr.score.PartwiseBuilder.build(PartwiseBuilder.java:307)
	at org.audiveris.omr.score.ScoreExporter.export(ScoreExporter.java:117)
	at org.audiveris.omr.score.ScoreExporter.export(ScoreExporter.java:91)
	at org.audiveris.omr.sheet.BasicBook.export(BasicBook.java:589)
	at org.audiveris.omr.CLI$ProcessingTask.processBook(CLI.java:785)
	at org.audiveris.omr.CLI$CliTask.call(CLI.java:344)
	at org.audiveris.omr.Main.runBatchTasks(Main.java:316)
	at org.audiveris.omr.Main.main(Main.java:155)
	at Audiveris.main(Audiveris.java:49)
2017-10-06 15:03:53,169 WARN [91387284]      PartwiseBuilder.java:1970 | Error visiting RestInter{#0(0.000) e#0 s:0 p:-1.00 WHOLE_REST}
java.lang.NullPointerException: null
	at org.audiveris.omr.score.PartwiseBuilder.processNote(PartwiseBuilder.java:1735)
	at org.audiveris.omr.score.PartwiseBuilder.processChord(PartwiseBuilder.java:1056)
	at org.audiveris.omr.score.PartwiseBuilder.processMeasure(PartwiseBuilder.java:1614)
	at org.audiveris.omr.score.PartwiseBuilder.processPart(PartwiseBuilder.java:1988)
	at org.audiveris.omr.score.PartwiseBuilder.processSystem(PartwiseBuilder.java:2532)
	at org.audiveris.omr.score.PartwiseBuilder.processLogicalPart(PartwiseBuilder.java:1433)
	at org.audiveris.omr.score.PartwiseBuilder.processStub(PartwiseBuilder.java:2483)
	at org.audiveris.omr.score.PartwiseBuilder.processPartList(PartwiseBuilder.java:2017)
	at org.audiveris.omr.score.PartwiseBuilder.processScore(PartwiseBuilder.java:2195)
	at org.audiveris.omr.score.PartwiseBuilder.build(PartwiseBuilder.java:307)
	at org.audiveris.omr.score.ScoreExporter.export(ScoreExporter.java:117)
	at org.audiveris.omr.score.ScoreExporter.export(ScoreExporter.java:91)
	at org.audiveris.omr.sheet.BasicBook.export(BasicBook.java:589)
	at org.audiveris.omr.CLI$ProcessingTask.processBook(CLI.java:785)
	at org.audiveris.omr.CLI$CliTask.call(CLI.java:344)
	at org.audiveris.omr.Main.runBatchTasks(Main.java:316)
	at org.audiveris.omr.Main.main(Main.java:155)
	at Audiveris.main(Audiveris.java:49)
2017-10-06 15:03:53,170 WARN [91387284]      PartwiseBuilder.java:1970 | Error visiting RestInter{#0(0.000) e#0 s:0 p:-1.00 WHOLE_REST}
java.lang.NullPointerException: null
	at org.audiveris.omr.score.PartwiseBuilder.processNote(PartwiseBuilder.java:1735)
	at org.audiveris.omr.score.PartwiseBuilder.processChord(PartwiseBuilder.java:1056)
	at org.audiveris.omr.score.PartwiseBuilder.processMeasure(PartwiseBuilder.java:1614)
	at org.audiveris.omr.score.PartwiseBuilder.processPart(PartwiseBuilder.java:1988)
	at org.audiveris.omr.score.PartwiseBuilder.processSystem(PartwiseBuilder.java:2532)
	at org.audiveris.omr.score.PartwiseBuilder.processLogicalPart(PartwiseBuilder.java:1433)
	at org.audiveris.omr.score.PartwiseBuilder.processStub(PartwiseBuilder.java:2483)
	at org.audiveris.omr.score.PartwiseBuilder.processPartList(PartwiseBuilder.java:2017)
	at org.audiveris.omr.score.PartwiseBuilder.processScore(PartwiseBuilder.java:2195)
	at org.audiveris.omr.score.PartwiseBuilder.build(PartwiseBuilder.java:307)
	at org.audiveris.omr.score.ScoreExporter.export(ScoreExporter.java:117)
	at org.audiveris.omr.score.ScoreExporter.export(ScoreExporter.java:91)
	at org.audiveris.omr.sheet.BasicBook.export(BasicBook.java:589)
	at org.audiveris.omr.CLI$ProcessingTask.processBook(CLI.java:785)
	at org.audiveris.omr.CLI$CliTask.call(CLI.java:344)
	at org.audiveris.omr.Main.runBatchTasks(Main.java:316)
	at org.audiveris.omr.Main.main(Main.java:155)
	at Audiveris.main(Audiveris.java:49)
2017-10-06 15:03:53,172 WARN [91387284]      PartwiseBuilder.java:1970 | Error visiting RestInter{#0(0.000) e#0 s:0 p:-1.00 WHOLE_REST}
java.lang.NullPointerException: null
	at org.audiveris.omr.score.PartwiseBuilder.processNote(PartwiseBuilder.java:1735)
	at org.audiveris.omr.score.PartwiseBuilder.processChord(PartwiseBuilder.java:1056)
	at org.audiveris.omr.score.PartwiseBuilder.processMeasure(PartwiseBuilder.java:1614)
	at org.audiveris.omr.score.PartwiseBuilder.processPart(PartwiseBuilder.java:1988)
	at org.audiveris.omr.score.PartwiseBuilder.processSystem(PartwiseBuilder.java:2532)
	at org.audiveris.omr.score.PartwiseBuilder.processLogicalPart(PartwiseBuilder.java:1433)
	at org.audiveris.omr.score.PartwiseBuilder.processStub(PartwiseBuilder.java:2483)
	at org.audiveris.omr.score.PartwiseBuilder.processPartList(PartwiseBuilder.java:2017)
	at org.audiveris.omr.score.PartwiseBuilder.processScore(PartwiseBuilder.java:2195)
	at org.audiveris.omr.score.PartwiseBuilder.build(PartwiseBuilder.java:307)
	at org.audiveris.omr.score.ScoreExporter.export(ScoreExporter.java:117)
	at org.audiveris.omr.score.ScoreExporter.export(ScoreExporter.java:91)
	at org.audiveris.omr.sheet.BasicBook.export(BasicBook.java:589)
	at org.audiveris.omr.CLI$ProcessingTask.processBook(CLI.java:785)
	at org.audiveris.omr.CLI$CliTask.call(CLI.java:344)
	at org.audiveris.omr.Main.runBatchTasks(Main.java:316)
	at org.audiveris.omr.Main.main(Main.java:155)
	at Audiveris.main(Audiveris.java:49)
2017-10-06 15:03:53,172 INFO [91387284]                 Part.java:312  | S#1 {Part#1 staves[1]} createDummyPart for id=3
2017-10-06 15:03:53,173 WARN [91387284]      PartwiseBuilder.java:2547 | Error visiting System#1
java.lang.NullPointerException: null
	at org.audiveris.omr.sig.inter.Inter$6.compare(Inter.java:159)
	at org.audiveris.omr.sig.inter.Inter$6.compare(Inter.java:150)
	at java.util.TreeMap.put(TreeMap.java:552)
	at java.util.TreeSet.add(TreeSet.java:255)
	at org.audiveris.omr.sheet.rhythm.Measure.addInter(Measure.java:241)
	at org.audiveris.omr.sheet.Part.createDummyPart(Part.java:349)
	at org.audiveris.omr.score.PartwiseBuilder.processSystem(PartwiseBuilder.java:2531)
	at org.audiveris.omr.score.PartwiseBuilder.processLogicalPart(PartwiseBuilder.java:1433)
	at org.audiveris.omr.score.PartwiseBuilder.processStub(PartwiseBuilder.java:2483)
	at org.audiveris.omr.score.PartwiseBuilder.processPartList(PartwiseBuilder.java:2017)
	at org.audiveris.omr.score.PartwiseBuilder.processScore(PartwiseBuilder.java:2195)
	at org.audiveris.omr.score.PartwiseBuilder.build(PartwiseBuilder.java:307)
	at org.audiveris.omr.score.ScoreExporter.export(ScoreExporter.java:117)
	at org.audiveris.omr.score.ScoreExporter.export(ScoreExporter.java:91)
	at org.audiveris.omr.sheet.BasicBook.export(BasicBook.java:589)
	at org.audiveris.omr.CLI$ProcessingTask.processBook(CLI.java:785)
	at org.audiveris.omr.CLI$CliTask.call(CLI.java:344)
	at org.audiveris.omr.Main.runBatchTasks(Main.java:316)
	at org.audiveris.omr.Main.main(Main.java:155)
	at Audiveris.main(Audiveris.java:49)
2017-10-06 15:03:53,223 INFO [91387284]        ScoreExporter.java:93   | Score 91387284.mvt1 exported to /Users/stephenn/Documents/workspace/nlsomr/xml_out/91386487/91387284/91387284.mvt1.mxl
2017-10-06 15:03:53,225 WARN [91387284]      PartwiseBuilder.java:1379 | Error visiting null
java.lang.NullPointerException: null
	at org.audiveris.omr.score.PartwiseBuilder.processKey(PartwiseBuilder.java:1344)
	at org.audiveris.omr.score.PartwiseBuilder.processKeys(PartwiseBuilder.java:1407)
	at org.audiveris.omr.score.PartwiseBuilder.processMeasure(PartwiseBuilder.java:1575)
	at org.audiveris.omr.score.PartwiseBuilder.processPart(PartwiseBuilder.java:1988)
	at org.audiveris.omr.score.PartwiseBuilder.processSystem(PartwiseBuilder.java:2528)
	at org.audiveris.omr.score.PartwiseBuilder.processLogicalPart(PartwiseBuilder.java:1433)
	at org.audiveris.omr.score.PartwiseBuilder.processStub(PartwiseBuilder.java:2483)
	at org.audiveris.omr.score.PartwiseBuilder.processPartList(PartwiseBuilder.java:2017)
	at org.audiveris.omr.score.PartwiseBuilder.processScore(PartwiseBuilder.java:2195)
	at org.audiveris.omr.score.PartwiseBuilder.build(PartwiseBuilder.java:307)
	at org.audiveris.omr.score.ScoreExporter.export(ScoreExporter.java:117)
	at org.audiveris.omr.score.ScoreExporter.export(ScoreExporter.java:91)
	at org.audiveris.omr.sheet.BasicBook.export(BasicBook.java:589)
	at org.audiveris.omr.CLI$ProcessingTask.processBook(CLI.java:785)
	at org.audiveris.omr.CLI$CliTask.call(CLI.java:344)
	at org.audiveris.omr.Main.runBatchTasks(Main.java:316)
	at org.audiveris.omr.Main.main(Main.java:155)
	at Audiveris.main(Audiveris.java:49)
2017-10-06 15:03:53,241 WARN [91387284]      PartwiseBuilder.java:1379 | Error visiting null
java.lang.NullPointerException: null
	at org.audiveris.omr.score.PartwiseBuilder.processKey(PartwiseBuilder.java:1344)
	at org.audiveris.omr.score.PartwiseBuilder.processKeys(PartwiseBuilder.java:1407)
	at org.audiveris.omr.score.PartwiseBuilder.processMeasure(PartwiseBuilder.java:1575)
	at org.audiveris.omr.score.PartwiseBuilder.processPart(PartwiseBuilder.java:1988)
	at org.audiveris.omr.score.PartwiseBuilder.processSystem(PartwiseBuilder.java:2528)
	at org.audiveris.omr.score.PartwiseBuilder.processLogicalPart(PartwiseBuilder.java:1433)
	at org.audiveris.omr.score.PartwiseBuilder.processStub(PartwiseBuilder.java:2483)
	at org.audiveris.omr.score.PartwiseBuilder.processPartList(PartwiseBuilder.java:2017)
	at org.audiveris.omr.score.PartwiseBuilder.processScore(PartwiseBuilder.java:2195)
	at org.audiveris.omr.score.PartwiseBuilder.build(PartwiseBuilder.java:307)
	at org.audiveris.omr.score.ScoreExporter.export(ScoreExporter.java:117)
	at org.audiveris.omr.score.ScoreExporter.export(ScoreExporter.java:91)
	at org.audiveris.omr.sheet.BasicBook.export(BasicBook.java:589)
	at org.audiveris.omr.CLI$ProcessingTask.processBook(CLI.java:785)
	at org.audiveris.omr.CLI$CliTask.call(CLI.java:344)
	at org.audiveris.omr.Main.runBatchTasks(Main.java:316)
	at org.audiveris.omr.Main.main(Main.java:155)
	at Audiveris.main(Audiveris.java:49)
2017-10-06 15:03:53,253 WARN [91387284]      PartwiseBuilder.java:1379 | Error visiting null
java.lang.NullPointerException: null
	at org.audiveris.omr.score.PartwiseBuilder.processKey(PartwiseBuilder.java:1344)
	at org.audiveris.omr.score.PartwiseBuilder.processKeys(PartwiseBuilder.java:1407)
	at org.audiveris.omr.score.PartwiseBuilder.processMeasure(PartwiseBuilder.java:1575)
	at org.audiveris.omr.score.PartwiseBuilder.processPart(PartwiseBuilder.java:1988)
	at org.audiveris.omr.score.PartwiseBuilder.processSystem(PartwiseBuilder.java:2528)
	at org.audiveris.omr.score.PartwiseBuilder.processLogicalPart(PartwiseBuilder.java:1433)
	at org.audiveris.omr.score.PartwiseBuilder.processStub(PartwiseBuilder.java:2483)
	at org.audiveris.omr.score.PartwiseBuilder.processPartList(PartwiseBuilder.java:2017)
	at org.audiveris.omr.score.PartwiseBuilder.processScore(PartwiseBuilder.java:2195)
	at org.audiveris.omr.score.PartwiseBuilder.build(PartwiseBuilder.java:307)
	at org.audiveris.omr.score.ScoreExporter.export(ScoreExporter.java:117)
	at org.audiveris.omr.score.ScoreExporter.export(ScoreExporter.java:91)
	at org.audiveris.omr.sheet.BasicBook.export(BasicBook.java:589)
	at org.audiveris.omr.CLI$ProcessingTask.processBook(CLI.java:785)
	at org.audiveris.omr.CLI$CliTask.call(CLI.java:344)
	at org.audiveris.omr.Main.runBatchTasks(Main.java:316)
	at org.audiveris.omr.Main.main(Main.java:155)
	at Audiveris.main(Audiveris.java:49)
2017-10-06 15:03:53,298 INFO [91387284]        ScoreExporter.java:93   | Score 91387284.mvt2 exported to /Users/stephenn/Documents/workspace/nlsomr/xml_out/91386487/91387284/91387284.mvt2.mxl
2017-10-06 15:03:53,477 INFO [91387284]            BasicBook.java:1395 | Stored /book.xml
2017-10-06 15:03:53,477 INFO [91387284]            BasicBook.java:1355 | Book stored as /Users/stephenn/Documents/workspace/nlsomr/xml_out/91386487/91387284/91387284.omr
