2017-10-06 16:03:00,047 INFO [91388088]            BasicBook.java:427  | 1 sheet in /Users/stephenn/Documents/workspace/nlsomr/working/91388088.jpg
2017-10-06 16:03:00,249 INFO []            BasicBook.java:1395 | Stored /book.xml
2017-10-06 16:03:00,249 INFO []            BasicBook.java:1355 | Book stored as /Users/stephenn/Documents/workspace/nlsomr/xml_out/91386487/91388088/91388088.omr
2017-10-06 16:03:00,256 INFO []            BasicBook.java:996  | Book reaching PAGE on sheets:[#1]
2017-10-06 16:03:00,258 INFO [91388088]       StepMonitoring.java:96   | LOAD
2017-10-06 16:03:00,418 INFO [91388088]            BasicBook.java:911  | Loaded image 1 2000x3056 from /Users/stephenn/Documents/workspace/nlsomr/working/91388088.jpg
2017-10-06 16:03:00,424 INFO [91388088]            ImageUtil.java:82   | Converting max RGB to gray ...
2017-10-06 16:03:00,691 INFO [91388088]            BasicBook.java:1395 | Stored /book.xml
2017-10-06 16:03:01,006 INFO [91388088]           BasicSheet.java:979  | Stored /sheet#1/sheet#1.xml
2017-10-06 16:03:01,008 INFO [91388088]       StepMonitoring.java:96   | BINARY
2017-10-06 16:03:01,625 INFO [91388088]            BasicBook.java:1395 | Stored /book.xml
2017-10-06 16:03:01,911 INFO [91388088]              Picture.java:786  | Stored /sheet#1/BINARY.xml
2017-10-06 16:03:01,913 INFO [91388088]           BasicSheet.java:979  | Stored /sheet#1/sheet#1.xml
2017-10-06 16:03:01,916 INFO [91388088]       StepMonitoring.java:96   | SCALE
2017-10-06 16:03:01,959 INFO [91388088]            ScaleStep.java:87   | Scale{line(3,4,5) interline(16,16,17) beam(13)}
2017-10-06 16:03:01,961 INFO [91388088]            BasicBook.java:1395 | Stored /book.xml
2017-10-06 16:03:01,963 INFO [91388088]           BasicSheet.java:979  | Stored /sheet#1/sheet#1.xml
2017-10-06 16:03:01,965 INFO [91388088]       StepMonitoring.java:96   | GRID
2017-10-06 16:03:02,791 INFO [91388088]       LinesRetriever.java:442  | Global slope: -0.00134
2017-10-06 16:03:02,907 INFO [91388088]    ClustersRetriever.java:241  | Retrieved line clusters: 10 of size: 5 with interline: (16,16,17)
2017-10-06 16:03:03,408 INFO [91388088]            PeakGraph.java:181  | Systems: #1[1, 2] #2[3, 4] #3[5, 6] #4[7, 8] #5[9, 10]
2017-10-06 16:03:04,107 INFO [91388088]        SystemManager.java:626  | Indentation detected for system#1
2017-10-06 16:03:04,108 INFO [91388088]        SystemManager.java:626  | Indentation detected for system#5
2017-10-06 16:03:04,108 INFO [91388088]        SystemManager.java:671  | 2 pages found in sheet
2017-10-06 16:03:04,109 INFO [91388088]        SystemManager.java:709  | Page #1: 1 part along 4 systems
2017-10-06 16:03:04,109 INFO [91388088]        SystemManager.java:709  | Page #2: 1 part along 1 system
2017-10-06 16:03:04,112 INFO [91388088]            BasicBook.java:1395 | Stored /book.xml
2017-10-06 16:03:04,310 INFO [91388088]           BasicSheet.java:979  | Stored /sheet#1/sheet#1.xml
2017-10-06 16:03:04,314 INFO [91388088]       StepMonitoring.java:96   | HEADERS
2017-10-06 16:03:04,744 INFO [91388088]          Nd4jBackend.java:194  | Loaded [CpuBackend] backend
2017-10-06 16:03:04,818 INFO [91388088]      NativeOpsHolder.java:49   | Number of threads used for NativeOps: 2
2017-10-06 16:03:05,278 INFO [91388088] DefaultOpExecutioner.java:544  | Backend used: [CPU]; OS: [Mac OS X]
2017-10-06 16:03:05,279 INFO [91388088] DefaultOpExecutioner.java:545  | Cores: [4]; Memory: [3.6GB];
2017-10-06 16:03:05,279 INFO [91388088] DefaultOpExecutioner.java:546  | Blas vendor: [OPENBLAS]
2017-10-06 16:03:05,318 INFO [91388088]   AbstractClassifier.java:332  | Classifier data loaded from default uri jar:file:/Users/stephenn/Documents/workspace/audiveris/build/distributions/Audiveris/lib/audiveris.jar!/res/basic-classifier.zip
2017-10-06 16:03:08,217 INFO [91388088]           KeyBuilder.java:746  | Staff#5 key slice#1 pitch adjusted from -4.5 to -4
2017-10-06 16:03:08,661 INFO []   AbstractClassifier.java:332  | Classifier data loaded from default uri jar:file:/Users/stephenn/Documents/workspace/audiveris/build/distributions/Audiveris/lib/audiveris.jar!/res/deep-classifier.zip
2017-10-06 16:03:08,736 WARN [91388088]          ClefBuilder.java:560  | Staff#10 no header clef.
2017-10-06 16:03:08,774 INFO [91388088]            BasicBook.java:1395 | Stored /book.xml
2017-10-06 16:03:09,151 INFO [91388088]           BasicSheet.java:979  | Stored /sheet#1/sheet#1.xml
2017-10-06 16:03:09,153 INFO [91388088]       StepMonitoring.java:96   | STEM_SEEDS
2017-10-06 16:03:09,253 INFO [91388088]        StemSeedsStep.java:91   | stem(4 max:5)
2017-10-06 16:03:09,378 INFO [91388088]            BasicBook.java:1395 | Stored /book.xml
2017-10-06 16:03:09,762 INFO [91388088]           BasicSheet.java:979  | Stored /sheet#1/sheet#1.xml
2017-10-06 16:03:09,764 INFO [91388088]       StepMonitoring.java:96   | BEAMS
2017-10-06 16:03:14,972 INFO [91388088]            BeamsStep.java:89   | BeamDistance{count:14 mean:15.35 stdDev:0.51}
2017-10-06 16:03:14,975 INFO [91388088]            BasicBook.java:1395 | Stored /book.xml
2017-10-06 16:03:15,043 INFO [91388088]              Picture.java:786  | Stored /sheet#1/HEAD_SPOTS.xml
2017-10-06 16:03:15,529 INFO [91388088]           BasicSheet.java:979  | Stored /sheet#1/sheet#1.xml
2017-10-06 16:03:15,531 INFO [91388088]       StepMonitoring.java:96   | LEDGERS
2017-10-06 16:03:16,101 INFO [91388088]            BasicBook.java:1395 | Stored /book.xml
2017-10-06 16:03:16,613 INFO [91388088]           BasicSheet.java:979  | Stored /sheet#1/sheet#1.xml
2017-10-06 16:03:16,615 INFO [91388088]       StepMonitoring.java:96   | HEADS
2017-10-06 16:03:18,924 INFO [91388088]            BasicBook.java:1395 | Stored /book.xml
2017-10-06 16:03:19,881 INFO [91388088]           BasicSheet.java:979  | Stored /sheet#1/sheet#1.xml
2017-10-06 16:03:19,883 INFO [91388088]       StepMonitoring.java:96   | STEMS
2017-10-06 16:03:21,415 INFO [91388088]            BasicBook.java:1395 | Stored /book.xml
2017-10-06 16:03:22,693 INFO [91388088]           BasicSheet.java:979  | Stored /sheet#1/sheet#1.xml
2017-10-06 16:03:22,696 INFO [91388088]       StepMonitoring.java:96   | REDUCTION
2017-10-06 16:03:23,141 INFO [91388088]            BasicBook.java:1395 | Stored /book.xml
2017-10-06 16:03:24,121 INFO [91388088]           BasicSheet.java:979  | Stored /sheet#1/sheet#1.xml
2017-10-06 16:03:24,125 INFO [91388088]       StepMonitoring.java:96   | CUE_BEAMS
2017-10-06 16:03:24,132 INFO [91388088]            BasicBook.java:1395 | Stored /book.xml
2017-10-06 16:03:25,019 INFO [91388088]           BasicSheet.java:979  | Stored /sheet#1/sheet#1.xml
2017-10-06 16:03:25,022 INFO [91388088]       StepMonitoring.java:96   | TEXTS
2017-10-06 16:03:26,456 INFO [91388088]            BasicBook.java:1395 | Stored /book.xml
2017-10-06 16:03:27,039 INFO [91388088]           BasicSheet.java:979  | Stored /sheet#1/sheet#1.xml
2017-10-06 16:03:27,041 INFO [91388088]       StepMonitoring.java:96   | MEASURES
2017-10-06 16:03:27,046 INFO [91388088]                 Page.java:210  | 17 raw measures: [5 in system#1, 4 in system#2, 4 in system#3, 4 in system#4]
2017-10-06 16:03:27,047 INFO [91388088]                 Page.java:210  | 4 raw measures: [4 in system#5]
2017-10-06 16:03:27,049 INFO [91388088]            BasicBook.java:1395 | Stored /book.xml
2017-10-06 16:03:27,587 INFO [91388088]           BasicSheet.java:979  | Stored /sheet#1/sheet#1.xml
2017-10-06 16:03:27,589 INFO [91388088]       StepMonitoring.java:96   | CHORDS
2017-10-06 16:03:27,608 INFO [91388088]            BasicBook.java:1395 | Stored /book.xml
2017-10-06 16:03:28,301 INFO [91388088]           BasicSheet.java:979  | Stored /sheet#1/sheet#1.xml
2017-10-06 16:03:28,303 INFO [91388088]       StepMonitoring.java:96   | CURVES
2017-10-06 16:03:29,725 INFO [91388088]         SlursBuilder.java:157  | Slurs: 21
2017-10-06 16:03:29,744 INFO [91388088]      SegmentsBuilder.java:113  | Segments: 19
2017-10-06 16:03:29,752 INFO [91388088]            BasicBook.java:1395 | Stored /book.xml
2017-10-06 16:03:30,603 INFO [91388088]           BasicSheet.java:979  | Stored /sheet#1/sheet#1.xml
2017-10-06 16:03:30,606 INFO [91388088]       StepMonitoring.java:96   | SYMBOLS
2017-10-06 16:03:33,257 INFO [91388088]            BasicBook.java:1395 | Stored /book.xml
2017-10-06 16:03:34,378 INFO [91388088]           BasicSheet.java:979  | Stored /sheet#1/sheet#1.xml
2017-10-06 16:03:34,381 INFO [91388088]       StepMonitoring.java:96   | LINKS
2017-10-06 16:03:34,437 INFO [91388088]        SymbolsLinker.java:306  | No measure stack for direction SentenceInter{#4638(0.641) s:9 BS-51 Direction} J; 60.
2017-10-06 16:03:34,480 INFO [91388088]            BasicBook.java:1395 | Stored /book.xml
2017-10-06 16:03:35,644 INFO [91388088]           BasicSheet.java:979  | Stored /sheet#1/sheet#1.xml
2017-10-06 16:03:35,647 INFO [91388088]       StepMonitoring.java:96   | RHYTHMS
2017-10-06 16:03:35,657 INFO [91388088]         SlotsBuilder.java:399  | Stack#2 suspicious Slot{#2 xOffset=85 timeOffset=1/8 incomings=[#4666]}
2017-10-06 16:03:35,697 INFO [91388088]           PageRhythm.java:314  | Range{1-17 ts:2/4} Durations avgGuess:1/2 topGuess:1/2 avgValue:0.53 stacks:17 voices:53 Histogram{1/8-3/4 size:8 [1/8=1 3/16=2 1/4=5 9/32=1 3/8=3 1/2=34 5/8=3 3/4=4]}
2017-10-06 16:03:35,701 INFO [91388088]         SlotsBuilder.java:427  | S1 MeasureStack#2 Slot{#5 xOffset=160 timeOffset=1/4 incomings=[#4667] SUSPICIOUS}
2017-10-06 16:03:35,702 INFO [91388088]         SlotsBuilder.java:427  | S1 MeasureStack#2 Slot{#7 xOffset=204 timeOffset=7/16 incomings=[#4668] SUSPICIOUS}
2017-10-06 16:03:35,702 INFO [91388088]                Voice.java:257  | S1 MeasureStack#2 Voice #2 too long 1/16
2017-10-06 16:03:35,702 INFO [91388088]           StackTuner.java:92   | S1 MeasureStack#2 no correct rhythm
2017-10-06 16:03:35,704 INFO [91388088]         SlotsBuilder.java:427  | S1 MeasureStack#4 Slot{#3 xOffset=128 timeOffset=3/8 incomings=[#4672] SUSPICIOUS}
2017-10-06 16:03:35,705 INFO [91388088]                Voice.java:257  | S1 MeasureStack#4 Voice #3 too long 1/8
2017-10-06 16:03:35,705 INFO [91388088]           StackTuner.java:92   | S1 MeasureStack#4 no correct rhythm
2017-10-06 16:03:35,707 INFO [91388088]                Voice.java:257  | S1 MeasureStack#5 Voice #1 too long 1/8
2017-10-06 16:03:35,707 INFO [91388088]                Voice.java:257  | S1 MeasureStack#5 Voice #2 too long 1/8
2017-10-06 16:03:35,707 INFO [91388088]           StackTuner.java:92   | S1 MeasureStack#5 no correct rhythm
2017-10-06 16:03:35,714 INFO [91388088]         SlotsBuilder.java:427  | S2 MeasureStack#9 Slot{#5 xOffset=321 timeOffset=1/2 incomings=[#4696] SUSPICIOUS}
2017-10-06 16:03:35,715 INFO [91388088]                Voice.java:257  | S2 MeasureStack#9 Voice #1 too long 1/8
2017-10-06 16:03:35,715 INFO [91388088]                Voice.java:257  | S2 MeasureStack#9 Voice #3 too long 1/8
2017-10-06 16:03:35,716 INFO [91388088]           StackTuner.java:92   | S2 MeasureStack#9 no correct rhythm
2017-10-06 16:03:35,718 INFO [91388088]                Voice.java:257  | S3 MeasureStack#10 Voice #1 too long 1/4
2017-10-06 16:03:35,719 INFO [91388088]                Voice.java:257  | S3 MeasureStack#10 Voice #2 too long 1/4
2017-10-06 16:03:35,719 INFO [91388088]                Voice.java:257  | S3 MeasureStack#10 Voice #3 too long 1/4
2017-10-06 16:03:35,719 INFO [91388088]           StackTuner.java:92   | S3 MeasureStack#10 no correct rhythm
2017-10-06 16:03:35,723 INFO [91388088]                Voice.java:257  | S3 MeasureStack#13 Voice #1 too long 1/4
2017-10-06 16:03:35,724 INFO [91388088]           StackTuner.java:92   | S3 MeasureStack#13 no correct rhythm
2017-10-06 16:03:35,725 INFO [91388088]         SlotsBuilder.java:427  | S4 MeasureStack#14 Slot{#3 xOffset=330 timeOffset=3/16 incomings=[#4745] SUSPICIOUS}
2017-10-06 16:03:35,726 INFO [91388088]         SlotsBuilder.java:427  | S4 MeasureStack#14 Slot{#5 xOffset=408 timeOffset=5/16 incomings=[#4748] SUSPICIOUS}
2017-10-06 16:03:35,727 INFO [91388088]         SlotsBuilder.java:427  | S4 MeasureStack#14 Slot{#7 xOffset=489 timeOffset=1/2 incomings=[#4749] SUSPICIOUS}
2017-10-06 16:03:35,728 INFO [91388088]                Voice.java:257  | S4 MeasureStack#14 Voice #2 too long 1/8
2017-10-06 16:03:35,728 INFO [91388088]           StackTuner.java:92   | S4 MeasureStack#14 no correct rhythm
2017-10-06 16:03:35,731 INFO [91388088]         SlotsBuilder.java:427  | S4 MeasureStack#17 Slot{#3 xOffset=152 timeOffset=3/16 incomings=[#4764] SUSPICIOUS}
2017-10-06 16:03:35,734 INFO [91388088]                Voice.java:257  | S4 MeasureStack#17 Voice #2 too long 1/8
2017-10-06 16:03:35,735 INFO [91388088]           StackTuner.java:92   | S4 MeasureStack#17 no correct rhythm
2017-10-06 16:03:35,740 INFO [91388088]         SlotsBuilder.java:434  | Stack#2 endless loop detected
2017-10-06 16:03:35,743 INFO [91388088]         SlotsBuilder.java:399  | Stack#3 suspicious Slot{#7 xOffset=266 timeOffset=5/8 incomings=[#4821]}
2017-10-06 16:03:35,746 INFO [91388088]           PageRhythm.java:314  | Range{1-4} Durations avgGuess:3/4 topGuess:3/4 avgValue:0.84 stacks:4 voices:14 Histogram{1/8-21/16 size:9 [1/8=1 3/16=1 1/2=1 5/8=2 11/16=1 3/4=4 13/16=1 5/4=2 21/16=1]}
2017-10-06 16:03:35,748 INFO [91388088]           PageRhythm.java:221  | S5 Range{1-4 dur:3/4} should update to 3/4-based time sig?
2017-10-06 16:03:35,749 INFO [91388088]                Voice.java:257  | S5 MeasureStack#1 Voice #1 too long 1/2
2017-10-06 16:03:35,749 INFO [91388088]                Voice.java:257  | S5 MeasureStack#1 Voice #2 too long 1/2
2017-10-06 16:03:35,750 INFO [91388088]                Voice.java:257  | S5 MeasureStack#1 Voice #3 too long 9/16
2017-10-06 16:03:35,750 INFO [91388088]           StackTuner.java:92   | S5 MeasureStack#1 no correct rhythm
2017-10-06 16:03:35,751 INFO [91388088]         SlotsBuilder.java:434  | Stack#2 endless loop detected
2017-10-06 16:03:35,754 INFO [91388088]         SlotsBuilder.java:427  | S5 MeasureStack#3 Slot{#9 xOffset=295 timeOffset=11/16 incomings=[#4798] SUSPICIOUS}
2017-10-06 16:03:35,757 INFO [91388088]                Voice.java:257  | S5 MeasureStack#4 Voice #3 too long 1/16
2017-10-06 16:03:35,757 INFO [91388088]           StackTuner.java:92   | S5 MeasureStack#4 no correct rhythm
2017-10-06 16:03:35,759 INFO [91388088]            BasicBook.java:1395 | Stored /book.xml
2017-10-06 16:03:36,833 INFO [91388088]           BasicSheet.java:979  | Stored /sheet#1/sheet#1.xml
2017-10-06 16:03:36,835 INFO [91388088]       StepMonitoring.java:96   | PAGE
2017-10-06 16:03:36,840 INFO [91388088]                Voice.java:257  | S1 MeasureStack#2 Voice #2 too long 1/16
2017-10-06 16:03:36,841 INFO [91388088]                Voice.java:257  | S1 MeasureStack#4 Voice #3 too long 1/8
2017-10-06 16:03:36,841 INFO [91388088]                Voice.java:257  | S1 MeasureStack#5 Voice #1 too long 1/8
2017-10-06 16:03:36,841 INFO [91388088]                Voice.java:257  | S1 MeasureStack#5 Voice #2 too long 1/8
2017-10-06 16:03:36,842 INFO [91388088]                Voice.java:257  | S2 MeasureStack#9 Voice #1 too long 1/8
2017-10-06 16:03:36,842 INFO [91388088]                Voice.java:257  | S2 MeasureStack#9 Voice #3 too long 1/8
2017-10-06 16:03:36,842 INFO [91388088]                Voice.java:257  | S3 MeasureStack#10 Voice #1 too long 1/4
2017-10-06 16:03:36,843 INFO [91388088]                Voice.java:257  | S3 MeasureStack#10 Voice #2 too long 1/4
2017-10-06 16:03:36,843 INFO [91388088]                Voice.java:257  | S3 MeasureStack#10 Voice #3 too long 1/4
2017-10-06 16:03:36,843 INFO [91388088]                Voice.java:257  | S3 MeasureStack#13 Voice #1 too long 1/4
2017-10-06 16:03:36,844 INFO [91388088]                Voice.java:257  | S4 MeasureStack#14 Voice #2 too long 1/8
2017-10-06 16:03:36,844 INFO [91388088]                Voice.java:257  | S4 MeasureStack#17 Voice #2 too long 1/8
2017-10-06 16:03:36,844 INFO [91388088]                Voice.java:257  | S5 MeasureStack#1 Voice #1 too long 1/2
2017-10-06 16:03:36,845 INFO [91388088]                Voice.java:257  | S5 MeasureStack#1 Voice #2 too long 1/2
2017-10-06 16:03:36,845 INFO [91388088]                Voice.java:257  | S5 MeasureStack#1 Voice #3 too long 9/16
2017-10-06 16:03:36,845 INFO [91388088]                Voice.java:257  | S5 MeasureStack#4 Voice #3 too long 1/16
2017-10-06 16:03:36,851 INFO [91388088]            BasicBook.java:1395 | Stored /book.xml
2017-10-06 16:03:37,902 INFO [91388088]           BasicSheet.java:979  | Stored /sheet#1/sheet#1.xml
2017-10-06 16:03:37,904 INFO [91388088]            BasicStub.java:723  | Sheet{91388088} disposed
2017-10-06 16:03:39,137 INFO [91388088]            BasicStub.java:449  | Loaded /sheet#1/sheet#1.xml
2017-10-06 16:03:39,139 INFO [91388088]            BasicBook.java:1133 | Scores built: 2
2017-10-06 16:03:40,346 INFO [91388088]        ScoreExporter.java:93   | Score 91388088.mvt1 exported to /Users/stephenn/Documents/workspace/nlsomr/xml_out/91386487/91388088/91388088.mvt1.mxl
2017-10-06 16:03:40,349 WARN [91388088]      PartwiseBuilder.java:1379 | Error visiting null
java.lang.NullPointerException: null
	at org.audiveris.omr.score.PartwiseBuilder.processKey(PartwiseBuilder.java:1344)
	at org.audiveris.omr.score.PartwiseBuilder.processKeys(PartwiseBuilder.java:1407)
	at org.audiveris.omr.score.PartwiseBuilder.processMeasure(PartwiseBuilder.java:1575)
	at org.audiveris.omr.score.PartwiseBuilder.processPart(PartwiseBuilder.java:1988)
	at org.audiveris.omr.score.PartwiseBuilder.processSystem(PartwiseBuilder.java:2528)
	at org.audiveris.omr.score.PartwiseBuilder.processLogicalPart(PartwiseBuilder.java:1433)
	at org.audiveris.omr.score.PartwiseBuilder.processStub(PartwiseBuilder.java:2483)
	at org.audiveris.omr.score.PartwiseBuilder.processPartList(PartwiseBuilder.java:2017)
	at org.audiveris.omr.score.PartwiseBuilder.processScore(PartwiseBuilder.java:2195)
	at org.audiveris.omr.score.PartwiseBuilder.build(PartwiseBuilder.java:307)
	at org.audiveris.omr.score.ScoreExporter.export(ScoreExporter.java:117)
	at org.audiveris.omr.score.ScoreExporter.export(ScoreExporter.java:91)
	at org.audiveris.omr.sheet.BasicBook.export(BasicBook.java:589)
	at org.audiveris.omr.CLI$ProcessingTask.processBook(CLI.java:785)
	at org.audiveris.omr.CLI$CliTask.call(CLI.java:344)
	at org.audiveris.omr.Main.runBatchTasks(Main.java:316)
	at org.audiveris.omr.Main.main(Main.java:155)
	at Audiveris.main(Audiveris.java:49)
2017-10-06 16:03:40,363 INFO [91388088]        ScoreExporter.java:93   | Score 91388088.mvt2 exported to /Users/stephenn/Documents/workspace/nlsomr/xml_out/91386487/91388088/91388088.mvt2.mxl
2017-10-06 16:03:40,514 INFO [91388088]            BasicBook.java:1395 | Stored /book.xml
2017-10-06 16:03:40,514 INFO [91388088]            BasicBook.java:1355 | Book stored as /Users/stephenn/Documents/workspace/nlsomr/xml_out/91386487/91388088/91388088.omr
