2017-10-06 15:41:46,864 INFO [91387812]            BasicBook.java:427  | 1 sheet in /Users/stephenn/Documents/workspace/nlsomr/working/91387812.jpg
2017-10-06 15:41:47,037 INFO []            BasicBook.java:1395 | Stored /book.xml
2017-10-06 15:41:47,038 INFO []            BasicBook.java:1355 | Book stored as /Users/stephenn/Documents/workspace/nlsomr/xml_out/91386487/91387812/91387812.omr
2017-10-06 15:41:47,043 INFO []            BasicBook.java:996  | Book reaching PAGE on sheets:[#1]
2017-10-06 15:41:47,045 INFO [91387812]       StepMonitoring.java:96   | LOAD
2017-10-06 15:41:47,220 INFO [91387812]            BasicBook.java:911  | Loaded image 1 2000x3056 from /Users/stephenn/Documents/workspace/nlsomr/working/91387812.jpg
2017-10-06 15:41:47,224 INFO [91387812]            ImageUtil.java:82   | Converting max RGB to gray ...
2017-10-06 15:41:47,468 INFO [91387812]            BasicBook.java:1395 | Stored /book.xml
2017-10-06 15:41:47,909 INFO [91387812]           BasicSheet.java:979  | Stored /sheet#1/sheet#1.xml
2017-10-06 15:41:47,912 INFO [91387812]       StepMonitoring.java:96   | BINARY
2017-10-06 15:41:48,651 INFO [91387812]            BasicBook.java:1395 | Stored /book.xml
2017-10-06 15:41:49,040 INFO [91387812]              Picture.java:786  | Stored /sheet#1/BINARY.xml
2017-10-06 15:41:49,042 INFO [91387812]           BasicSheet.java:979  | Stored /sheet#1/sheet#1.xml
2017-10-06 15:41:49,049 INFO [91387812]       StepMonitoring.java:96   | SCALE
2017-10-06 15:41:49,098 INFO [91387812]            ScaleStep.java:87   | Scale{line(3,4,5) interline(16,16,17) beam(13)}
2017-10-06 15:41:49,101 INFO [91387812]            BasicBook.java:1395 | Stored /book.xml
2017-10-06 15:41:49,104 INFO [91387812]           BasicSheet.java:979  | Stored /sheet#1/sheet#1.xml
2017-10-06 15:41:49,115 INFO [91387812]       StepMonitoring.java:96   | GRID
2017-10-06 15:41:50,248 INFO [91387812]       LinesRetriever.java:442  | Global slope: -0.00115
2017-10-06 15:41:50,409 INFO [91387812]    ClustersRetriever.java:241  | Retrieved line clusters: 12 of size: 5 with interline: (16,16,17)
2017-10-06 15:41:51,317 INFO [91387812]            PeakGraph.java:181  | Systems: #1[1, 2] #2[3, 4] #3[5, 6] #4[7, 8] #5[9, 10] #6[11, 12]
2017-10-06 15:41:52,588 INFO [91387812]        SystemManager.java:626  | Indentation detected for system#3
2017-10-06 15:41:52,589 INFO [91387812]        SystemManager.java:671  | 2 pages found in sheet
2017-10-06 15:41:52,589 INFO [91387812]        SystemManager.java:709  | Page #1: 1 part along 2 systems
2017-10-06 15:41:52,590 INFO [91387812]        SystemManager.java:709  | Page #2: 1 part along 4 systems
2017-10-06 15:41:52,593 INFO [91387812]            BasicBook.java:1395 | Stored /book.xml
2017-10-06 15:41:52,856 INFO [91387812]           BasicSheet.java:979  | Stored /sheet#1/sheet#1.xml
2017-10-06 15:41:52,862 INFO [91387812]       StepMonitoring.java:96   | HEADERS
2017-10-06 15:41:53,392 INFO []          Nd4jBackend.java:194  | Loaded [CpuBackend] backend
2017-10-06 15:41:53,470 INFO []      NativeOpsHolder.java:49   | Number of threads used for NativeOps: 2
2017-10-06 15:41:54,010 INFO [] DefaultOpExecutioner.java:544  | Backend used: [CPU]; OS: [Mac OS X]
2017-10-06 15:41:54,011 INFO [] DefaultOpExecutioner.java:545  | Cores: [4]; Memory: [3.6GB];
2017-10-06 15:41:54,011 INFO [] DefaultOpExecutioner.java:546  | Blas vendor: [OPENBLAS]
2017-10-06 15:41:54,062 INFO []   AbstractClassifier.java:332  | Classifier data loaded from default uri jar:file:/Users/stephenn/Documents/workspace/audiveris/build/distributions/Audiveris/lib/audiveris.jar!/res/basic-classifier.zip
2017-10-06 15:41:56,675 WARN [91387812]          ClefBuilder.java:560  | Staff#4 no header clef.
2017-10-06 15:41:57,955 INFO []   AbstractClassifier.java:332  | Classifier data loaded from default uri jar:file:/Users/stephenn/Documents/workspace/audiveris/build/distributions/Audiveris/lib/audiveris.jar!/res/deep-classifier.zip
2017-10-06 15:41:58,014 WARN [91387812]          ClefBuilder.java:560  | Staff#12 no header clef.
2017-10-06 15:41:58,025 INFO [91387812]            BasicBook.java:1395 | Stored /book.xml
2017-10-06 15:41:58,422 INFO [91387812]           BasicSheet.java:979  | Stored /sheet#1/sheet#1.xml
2017-10-06 15:41:58,425 INFO [91387812]       StepMonitoring.java:96   | STEM_SEEDS
2017-10-06 15:41:58,537 INFO [91387812]        StemSeedsStep.java:91   | stem(4 max:4)
2017-10-06 15:41:58,926 INFO [91387812]            BasicBook.java:1395 | Stored /book.xml
2017-10-06 15:41:59,309 INFO [91387812]           BasicSheet.java:979  | Stored /sheet#1/sheet#1.xml
2017-10-06 15:41:59,311 INFO [91387812]       StepMonitoring.java:96   | BEAMS
2017-10-06 15:42:04,586 INFO [91387812]            BeamsStep.java:89   | BeamDistance{count:28 mean:13.54 stdDev:3.87}
2017-10-06 15:42:04,589 INFO [91387812]            BasicBook.java:1395 | Stored /book.xml
2017-10-06 15:42:04,670 INFO [91387812]              Picture.java:786  | Stored /sheet#1/HEAD_SPOTS.xml
2017-10-06 15:42:05,199 INFO [91387812]           BasicSheet.java:979  | Stored /sheet#1/sheet#1.xml
2017-10-06 15:42:05,202 INFO [91387812]       StepMonitoring.java:96   | LEDGERS
2017-10-06 15:42:06,381 INFO [91387812]            BasicBook.java:1395 | Stored /book.xml
2017-10-06 15:42:06,977 INFO [91387812]           BasicSheet.java:979  | Stored /sheet#1/sheet#1.xml
2017-10-06 15:42:06,980 INFO [91387812]       StepMonitoring.java:96   | HEADS
2017-10-06 15:42:09,735 INFO [91387812]            BasicBook.java:1395 | Stored /book.xml
2017-10-06 15:42:10,641 INFO [91387812]           BasicSheet.java:979  | Stored /sheet#1/sheet#1.xml
2017-10-06 15:42:10,643 INFO [91387812]       StepMonitoring.java:96   | STEMS
2017-10-06 15:42:12,586 INFO [91387812]            BasicBook.java:1395 | Stored /book.xml
2017-10-06 15:42:13,743 INFO [91387812]           BasicSheet.java:979  | Stored /sheet#1/sheet#1.xml
2017-10-06 15:42:13,745 INFO [91387812]       StepMonitoring.java:96   | REDUCTION
2017-10-06 15:42:14,313 INFO [91387812]            BasicBook.java:1395 | Stored /book.xml
2017-10-06 15:42:15,170 INFO [91387812]           BasicSheet.java:979  | Stored /sheet#1/sheet#1.xml
2017-10-06 15:42:15,173 INFO [91387812]       StepMonitoring.java:96   | CUE_BEAMS
2017-10-06 15:42:15,179 INFO [91387812]            BasicBook.java:1395 | Stored /book.xml
2017-10-06 15:42:15,967 INFO [91387812]           BasicSheet.java:979  | Stored /sheet#1/sheet#1.xml
2017-10-06 15:42:15,969 INFO [91387812]       StepMonitoring.java:96   | TEXTS
2017-10-06 15:42:17,714 INFO [91387812]            BasicBook.java:1395 | Stored /book.xml
2017-10-06 15:42:18,653 INFO [91387812]           BasicSheet.java:979  | Stored /sheet#1/sheet#1.xml
2017-10-06 15:42:18,655 INFO [91387812]       StepMonitoring.java:96   | MEASURES
2017-10-06 15:42:18,661 INFO [91387812]                 Page.java:210  | 8 raw measures: [4 in system#1, 4 in system#2]
2017-10-06 15:42:18,662 INFO [91387812]                 Page.java:210  | 18 raw measures: [5 in system#3, 4 in system#4, 5 in system#5, 4 in system#6]
2017-10-06 15:42:18,663 INFO [91387812]            BasicBook.java:1395 | Stored /book.xml
2017-10-06 15:42:19,703 INFO [91387812]           BasicSheet.java:979  | Stored /sheet#1/sheet#1.xml
2017-10-06 15:42:19,706 INFO [91387812]       StepMonitoring.java:96   | CHORDS
2017-10-06 15:42:19,738 INFO [91387812]            BasicBook.java:1395 | Stored /book.xml
2017-10-06 15:42:20,812 INFO [91387812]           BasicSheet.java:979  | Stored /sheet#1/sheet#1.xml
2017-10-06 15:42:20,814 INFO [91387812]       StepMonitoring.java:96   | CURVES
2017-10-06 15:42:22,471 INFO [91387812]         SlursBuilder.java:762  | RIGHT collision SlurInter{#6317(0.659)} & SlurInter{#6325(0.570)} @ HeadInter{#3768(0.700/0.833) e#6162 s:7 p:3.00 NOTEHEAD_BLACK}
2017-10-06 15:42:22,472 INFO [91387812]         SlursBuilder.java:762  | RIGHT collision SlurInter{#6325(0.570)} & SlurInter{#6317(0.659)} @ HeadInter{#3768(0.700/0.833) e#6162 s:7 p:3.00 NOTEHEAD_BLACK}
2017-10-06 15:42:22,474 INFO [91387812]         SlursBuilder.java:157  | Slurs: 23
2017-10-06 15:42:22,530 INFO [91387812]      SegmentsBuilder.java:113  | Segments: 27
2017-10-06 15:42:22,538 INFO [91387812]            BasicBook.java:1395 | Stored /book.xml
2017-10-06 15:42:23,219 INFO [91387812]           BasicSheet.java:979  | Stored /sheet#1/sheet#1.xml
2017-10-06 15:42:23,221 INFO [91387812]       StepMonitoring.java:96   | SYMBOLS
2017-10-06 15:42:24,468 INFO [91387812]       SymbolsBuilder.java:340  | Symbol parts shrunk from 8 to 7
2017-10-06 15:42:25,379 INFO [91387812]       SymbolsBuilder.java:340  | Symbol parts shrunk from 8 to 7
2017-10-06 15:42:26,597 INFO [91387812]            BasicBook.java:1395 | Stored /book.xml
2017-10-06 15:42:27,436 INFO [91387812]           BasicSheet.java:979  | Stored /sheet#1/sheet#1.xml
2017-10-06 15:42:27,438 INFO [91387812]       StepMonitoring.java:96   | LINKS
2017-10-06 15:42:27,485 INFO [91387812]            BasicBook.java:1395 | Stored /book.xml
2017-10-06 15:42:28,332 INFO [91387812]           BasicSheet.java:979  | Stored /sheet#1/sheet#1.xml
2017-10-06 15:42:28,334 INFO [91387812]       StepMonitoring.java:96   | RHYTHMS
2017-10-06 15:42:28,358 INFO [91387812]           PageRhythm.java:314  | Range{1-8} Durations avgGuess:3/4 topGuess:3/4 avgValue:0.69 stacks:8 voices:21 Histogram{1/2-3/4 size:5 [1/2=3 5/8=2 11/16=2 23/32=1 3/4=13]}
2017-10-06 15:42:28,359 INFO [91387812]           PageRhythm.java:221  | S1 Range{1-8 dur:3/4} should update to 3/4-based time sig?
2017-10-06 15:42:28,366 INFO [91387812]         SlotsBuilder.java:427  | S2 MeasureStack#5 Slot{#5 xOffset=458 timeOffset=11/16 incomings=[#6080] SUSPICIOUS}
2017-10-06 15:42:28,367 INFO [91387812]                Voice.java:257  | S2 MeasureStack#5 Voice #2 too long 1/16
2017-10-06 15:42:28,367 INFO [91387812]           StackTuner.java:92   | S2 MeasureStack#5 no correct rhythm
2017-10-06 15:42:28,369 INFO [91387812]         SlotsBuilder.java:427  | S2 MeasureStack#6 Slot{#6 xOffset=329 timeOffset=5/8 incomings=[#6084] SUSPICIOUS}
2017-10-06 15:42:28,370 INFO [91387812]                Voice.java:257  | S2 MeasureStack#6 Voice #3 too long 1/8
2017-10-06 15:42:28,370 INFO [91387812]           StackTuner.java:92   | S2 MeasureStack#6 no correct rhythm
2017-10-06 15:42:28,386 INFO [91387812]         SlotsBuilder.java:399  | Stack#7 suspicious Slot{#2 xOffset=98 timeOffset=1/8 incomings=[#6171]}
2017-10-06 15:42:28,407 INFO [91387812]           PageRhythm.java:314  | Range{1-18 ts:6/8} Durations avgGuess:3/4 topGuess:3/4 avgValue:0.65 stacks:18 voices:44 Histogram{1/8-7/8 size:13 [1/8=6 1/6=1 3/16=1 1/4=5 5/16=3 3/8=2 1/2=7 9/16=1 5/8=6 11/16=2 3/4=8 13/16=1 7/8=1]}
2017-10-06 15:42:28,409 INFO [91387812]         SlotsBuilder.java:427  | S3 MeasureStack#2 Slot{#7 xOffset=203 timeOffset=1/2 incomings=[#6117] SUSPICIOUS}
2017-10-06 15:42:28,411 INFO [91387812]         SlotsBuilder.java:427  | S3 MeasureStack#2 Slot{#9 xOffset=243 timeOffset=5/8 incomings=[#6118] SUSPICIOUS}
2017-10-06 15:42:28,415 INFO [91387812]         SlotsBuilder.java:427  | S3 MeasureStack#4 Slot{#7 xOffset=262 timeOffset=11/16 incomings=[#6130] SUSPICIOUS}
2017-10-06 15:42:28,416 INFO [91387812]         SlotsBuilder.java:427  | S3 MeasureStack#4 Slot{#9 xOffset=296 timeOffset=3/4 incomings=[#6131] SUSPICIOUS}
2017-10-06 15:42:28,416 INFO [91387812]                Voice.java:257  | S3 MeasureStack#4 Voice #2 too long 1/16
2017-10-06 15:42:28,417 INFO [91387812]           StackTuner.java:92   | S3 MeasureStack#4 no correct rhythm
2017-10-06 15:42:28,419 INFO [91387812]         SlotsBuilder.java:427  | S3 MeasureStack#5 Slot{#5 xOffset=160 timeOffset=1/2 incomings=[#6111] SUSPICIOUS}
2017-10-06 15:42:28,419 INFO [91387812]                Voice.java:257  | S3 MeasureStack#5 Voice #1 too long 1/4
2017-10-06 15:42:28,419 INFO [91387812]           StackTuner.java:92   | S3 MeasureStack#5 no correct rhythm
2017-10-06 15:42:28,423 INFO [91387812]         SlotsBuilder.java:427  | S4 MeasureStack#7 Slot{#5 xOffset=174 timeOffset=1/4 incomings=[#6172] SUSPICIOUS}
2017-10-06 15:42:28,424 INFO [91387812]         SlotsBuilder.java:427  | S4 MeasureStack#7 Slot{#8 xOffset=251 timeOffset=3/8 incomings=[#6173] SUSPICIOUS}
2017-10-06 15:42:28,425 INFO [91387812]         SlotsBuilder.java:427  | S4 MeasureStack#7 Slot{#11 xOffset=360 timeOffset=5/8 incomings=[#6175] SUSPICIOUS}
2017-10-06 15:42:28,425 INFO [91387812]                Voice.java:257  | S4 MeasureStack#7 Voice #1 too long 1/16
2017-10-06 15:42:28,425 INFO [91387812]           StackTuner.java:92   | S4 MeasureStack#7 no correct rhythm
2017-10-06 15:42:28,429 INFO [91387812]         SlotsBuilder.java:427  | S4 MeasureStack#8 Slot{#3 xOffset=98 timeOffset=3/16 incomings=[#6177] SUSPICIOUS}
2017-10-06 15:42:28,430 INFO [91387812]         SlotsBuilder.java:427  | S4 MeasureStack#8 Slot{#5 xOffset=152 timeOffset=5/16 incomings=[#6178] SUSPICIOUS}
2017-10-06 15:42:28,430 INFO [91387812]         SlotsBuilder.java:427  | S4 MeasureStack#8 Slot{#7 xOffset=214 timeOffset=7/16 incomings=[#6179] SUSPICIOUS}
2017-10-06 15:42:28,431 INFO [91387812]         SlotsBuilder.java:427  | S4 MeasureStack#8 Slot{#10 xOffset=324 timeOffset=11/16 incomings=[#6181] SUSPICIOUS}
2017-10-06 15:42:28,431 INFO [91387812]         SlotsBuilder.java:427  | S4 MeasureStack#8 Slot{#12 xOffset=364 timeOffset=3/4 incomings=[#6182] SUSPICIOUS}
2017-10-06 15:42:28,432 INFO [91387812]                Voice.java:257  | S4 MeasureStack#8 Voice #4 too long 1/16
2017-10-06 15:42:28,432 INFO [91387812]           StackTuner.java:92   | S4 MeasureStack#8 no correct rhythm
2017-10-06 15:42:28,433 INFO [91387812]         SlotsBuilder.java:427  | S4 MeasureStack#9 Slot{#4 xOffset=177 timeOffset=5/16 incomings=[#6186] SUSPICIOUS}
2017-10-06 15:42:28,434 INFO [91387812]         SlotsBuilder.java:427  | S4 MeasureStack#9 Slot{#6 xOffset=236 timeOffset=1/2 incomings=[#6163] SUSPICIOUS}
2017-10-06 15:42:28,436 INFO [91387812]                Voice.java:257  | S5 MeasureStack#11 Voice #1 too long 1/16
2017-10-06 15:42:28,437 INFO [91387812]           StackTuner.java:92   | S5 MeasureStack#11 no correct rhythm
2017-10-06 15:42:28,439 INFO [91387812]                Voice.java:257  | S5 MeasureStack#12 Voice #1 too long 1/8
2017-10-06 15:42:28,439 INFO [91387812]           StackTuner.java:92   | S5 MeasureStack#12 no correct rhythm
2017-10-06 15:42:28,440 INFO [91387812]         SlotsBuilder.java:427  | S5 MeasureStack#13 Slot{#3 xOffset=91 timeOffset=1/8 incomings=[#6205] SUSPICIOUS}
2017-10-06 15:42:28,441 INFO [91387812]         SlotsBuilder.java:434  | Stack#13 endless loop detected
2017-10-06 15:42:28,442 INFO [91387812]         SlotsBuilder.java:427  | S5 MeasureStack#14 Slot{#5 xOffset=182 timeOffset=1/2 incomings=[#6212] SUSPICIOUS}
2017-10-06 15:42:28,443 INFO [91387812]         SlotsBuilder.java:427  | S5 MeasureStack#14 Slot{#7 xOffset=239 timeOffset=3/4 incomings=[#6213#7855] SUSPICIOUS}
2017-10-06 15:42:28,443 INFO [91387812]                Voice.java:257  | S5 MeasureStack#14 Voice #1 too long 1/8
2017-10-06 15:42:28,443 INFO [91387812]                Voice.java:257  | S5 MeasureStack#14 Voice #2 too long 1/8
2017-10-06 15:42:28,444 INFO [91387812]           StackTuner.java:92   | S5 MeasureStack#14 no correct rhythm
2017-10-06 15:42:28,448 INFO [91387812]         SlotsBuilder.java:427  | S6 MeasureStack#16 Slot{#5 xOffset=175 timeOffset=5/16 incomings=[#6274] SUSPICIOUS}
2017-10-06 15:42:28,449 INFO [91387812]         SlotsBuilder.java:427  | S6 MeasureStack#16 Slot{#8 xOffset=272 timeOffset=7/16 incomings=[#6275] SUSPICIOUS}
2017-10-06 15:42:28,450 INFO [91387812]         SlotsBuilder.java:427  | S6 MeasureStack#16 Slot{#11 xOffset=386 timeOffset=11/16 incomings=[#6277] SUSPICIOUS}
2017-10-06 15:42:28,450 INFO [91387812]                Voice.java:257  | S6 MeasureStack#16 Voice #1 too long 1/8
2017-10-06 15:42:28,451 INFO [91387812]                Voice.java:257  | S6 MeasureStack#16 Voice #2 too long 1/16
2017-10-06 15:42:28,451 INFO [91387812]           StackTuner.java:92   | S6 MeasureStack#16 no correct rhythm
2017-10-06 15:42:28,453 INFO [91387812]         SlotsBuilder.java:427  | S6 MeasureStack#17 Slot{#5 xOffset=218 timeOffset=1/2 incomings=[#6255] SUSPICIOUS}
2017-10-06 15:42:28,454 INFO [91387812]         SlotsBuilder.java:434  | Stack#17 endless loop detected
2017-10-06 15:42:28,455 INFO [91387812]         SlotsBuilder.java:427  | S6 MeasureStack#18 Slot{#5 xOffset=199 timeOffset=1/2 incomings=[#6261] SUSPICIOUS}
2017-10-06 15:42:28,457 INFO [91387812]            BasicBook.java:1395 | Stored /book.xml
2017-10-06 15:42:29,331 INFO [91387812]           BasicSheet.java:979  | Stored /sheet#1/sheet#1.xml
2017-10-06 15:42:29,334 INFO [91387812]       StepMonitoring.java:96   | PAGE
2017-10-06 15:42:29,339 INFO [91387812]                Voice.java:257  | S2 MeasureStack#5 Voice #2 too long 1/16
2017-10-06 15:42:29,339 INFO [91387812]                Voice.java:257  | S2 MeasureStack#6 Voice #3 too long 1/8
2017-10-06 15:42:29,340 INFO [91387812]                Voice.java:257  | S3 MeasureStack#4 Voice #2 too long 1/16
2017-10-06 15:42:29,340 INFO [91387812]                Voice.java:257  | S3 MeasureStack#5 Voice #1 too long 1/4
2017-10-06 15:42:29,341 INFO [91387812]                Voice.java:257  | S4 MeasureStack#7 Voice #1 too long 1/16
2017-10-06 15:42:29,341 INFO [91387812]                Voice.java:257  | S4 MeasureStack#8 Voice #4 too long 1/16
2017-10-06 15:42:29,341 INFO [91387812]                Voice.java:257  | S5 MeasureStack#11 Voice #1 too long 1/16
2017-10-06 15:42:29,342 INFO [91387812]                Voice.java:257  | S5 MeasureStack#12 Voice #1 too long 1/8
2017-10-06 15:42:29,342 INFO [91387812]                Voice.java:257  | S5 MeasureStack#14 Voice #1 too long 1/8
2017-10-06 15:42:29,342 INFO [91387812]                Voice.java:257  | S5 MeasureStack#14 Voice #2 too long 1/8
2017-10-06 15:42:29,342 INFO [91387812]                Voice.java:257  | S6 MeasureStack#16 Voice #1 too long 1/8
2017-10-06 15:42:29,343 INFO [91387812]                Voice.java:257  | S6 MeasureStack#16 Voice #2 too long 1/16
2017-10-06 15:42:29,345 INFO [91387812]            BasicBook.java:1395 | Stored /book.xml
2017-10-06 15:42:30,218 INFO [91387812]           BasicSheet.java:979  | Stored /sheet#1/sheet#1.xml
2017-10-06 15:42:30,221 INFO [91387812]            BasicStub.java:723  | Sheet{91387812} disposed
2017-10-06 15:42:31,358 INFO [91387812]            BasicStub.java:449  | Loaded /sheet#1/sheet#1.xml
2017-10-06 15:42:31,360 INFO [91387812]            BasicBook.java:1133 | Scores built: 2
2017-10-06 15:42:32,432 WARN [91387812]      PartwiseBuilder.java:1379 | Error visiting null
java.lang.NullPointerException: null
	at org.audiveris.omr.score.PartwiseBuilder.processKey(PartwiseBuilder.java:1344)
	at org.audiveris.omr.score.PartwiseBuilder.processKeys(PartwiseBuilder.java:1407)
	at org.audiveris.omr.score.PartwiseBuilder.processMeasure(PartwiseBuilder.java:1575)
	at org.audiveris.omr.score.PartwiseBuilder.processPart(PartwiseBuilder.java:1988)
	at org.audiveris.omr.score.PartwiseBuilder.processSystem(PartwiseBuilder.java:2528)
	at org.audiveris.omr.score.PartwiseBuilder.processLogicalPart(PartwiseBuilder.java:1433)
	at org.audiveris.omr.score.PartwiseBuilder.processStub(PartwiseBuilder.java:2483)
	at org.audiveris.omr.score.PartwiseBuilder.processPartList(PartwiseBuilder.java:2017)
	at org.audiveris.omr.score.PartwiseBuilder.processScore(PartwiseBuilder.java:2195)
	at org.audiveris.omr.score.PartwiseBuilder.build(PartwiseBuilder.java:307)
	at org.audiveris.omr.score.ScoreExporter.export(ScoreExporter.java:117)
	at org.audiveris.omr.score.ScoreExporter.export(ScoreExporter.java:91)
	at org.audiveris.omr.sheet.BasicBook.export(BasicBook.java:589)
	at org.audiveris.omr.CLI$ProcessingTask.processBook(CLI.java:785)
	at org.audiveris.omr.CLI$CliTask.call(CLI.java:344)
	at org.audiveris.omr.Main.runBatchTasks(Main.java:316)
	at org.audiveris.omr.Main.main(Main.java:155)
	at Audiveris.main(Audiveris.java:49)
2017-10-06 15:42:32,480 INFO [91387812]        ScoreExporter.java:93   | Score 91387812.mvt1 exported to /Users/stephenn/Documents/workspace/nlsomr/xml_out/91386487/91387812/91387812.mvt1.mxl
2017-10-06 15:42:32,504 WARN [91387812]      PartwiseBuilder.java:1379 | Error visiting null
java.lang.NullPointerException: null
	at org.audiveris.omr.score.PartwiseBuilder.processKey(PartwiseBuilder.java:1344)
	at org.audiveris.omr.score.PartwiseBuilder.processKeys(PartwiseBuilder.java:1407)
	at org.audiveris.omr.score.PartwiseBuilder.processMeasure(PartwiseBuilder.java:1575)
	at org.audiveris.omr.score.PartwiseBuilder.processPart(PartwiseBuilder.java:1988)
	at org.audiveris.omr.score.PartwiseBuilder.processSystem(PartwiseBuilder.java:2528)
	at org.audiveris.omr.score.PartwiseBuilder.processLogicalPart(PartwiseBuilder.java:1433)
	at org.audiveris.omr.score.PartwiseBuilder.processStub(PartwiseBuilder.java:2483)
	at org.audiveris.omr.score.PartwiseBuilder.processPartList(PartwiseBuilder.java:2017)
	at org.audiveris.omr.score.PartwiseBuilder.processScore(PartwiseBuilder.java:2195)
	at org.audiveris.omr.score.PartwiseBuilder.build(PartwiseBuilder.java:307)
	at org.audiveris.omr.score.ScoreExporter.export(ScoreExporter.java:117)
	at org.audiveris.omr.score.ScoreExporter.export(ScoreExporter.java:91)
	at org.audiveris.omr.sheet.BasicBook.export(BasicBook.java:589)
	at org.audiveris.omr.CLI$ProcessingTask.processBook(CLI.java:785)
	at org.audiveris.omr.CLI$CliTask.call(CLI.java:344)
	at org.audiveris.omr.Main.runBatchTasks(Main.java:316)
	at org.audiveris.omr.Main.main(Main.java:155)
	at Audiveris.main(Audiveris.java:49)
2017-10-06 15:42:32,541 INFO [91387812]        ScoreExporter.java:93   | Score 91387812.mvt2 exported to /Users/stephenn/Documents/workspace/nlsomr/xml_out/91386487/91387812/91387812.mvt2.mxl
2017-10-06 15:42:32,705 INFO [91387812]            BasicBook.java:1395 | Stored /book.xml
2017-10-06 15:42:32,706 INFO [91387812]            BasicBook.java:1355 | Book stored as /Users/stephenn/Documents/workspace/nlsomr/xml_out/91386487/91387812/91387812.omr
