2017-10-06 15:50:46,800 INFO [91387932]            BasicBook.java:427  | 1 sheet in /Users/stephenn/Documents/workspace/nlsomr/working/91387932.jpg
2017-10-06 15:50:46,963 INFO []            BasicBook.java:1395 | Stored /book.xml
2017-10-06 15:50:46,963 INFO []            BasicBook.java:1355 | Book stored as /Users/stephenn/Documents/workspace/nlsomr/xml_out/91386487/91387932/91387932.omr
2017-10-06 15:50:46,969 INFO []            BasicBook.java:996  | Book reaching PAGE on sheets:[#1]
2017-10-06 15:50:46,970 INFO [91387932]       StepMonitoring.java:96   | LOAD
2017-10-06 15:50:47,126 INFO [91387932]            BasicBook.java:911  | Loaded image 1 2000x3056 from /Users/stephenn/Documents/workspace/nlsomr/working/91387932.jpg
2017-10-06 15:50:47,130 INFO [91387932]            ImageUtil.java:82   | Converting max RGB to gray ...
2017-10-06 15:50:47,366 INFO [91387932]            BasicBook.java:1395 | Stored /book.xml
2017-10-06 15:50:47,687 INFO [91387932]           BasicSheet.java:979  | Stored /sheet#1/sheet#1.xml
2017-10-06 15:50:47,689 INFO [91387932]       StepMonitoring.java:96   | BINARY
2017-10-06 15:50:48,309 INFO [91387932]            BasicBook.java:1395 | Stored /book.xml
2017-10-06 15:50:48,641 INFO [91387932]              Picture.java:786  | Stored /sheet#1/BINARY.xml
2017-10-06 15:50:48,643 INFO [91387932]           BasicSheet.java:979  | Stored /sheet#1/sheet#1.xml
2017-10-06 15:50:48,645 INFO [91387932]       StepMonitoring.java:96   | SCALE
2017-10-06 15:50:48,690 INFO [91387932]            ScaleStep.java:87   | Scale{line(3,4,5) interline(16,16,17) beam(13)}
2017-10-06 15:50:48,692 INFO [91387932]            BasicBook.java:1395 | Stored /book.xml
2017-10-06 15:50:48,695 INFO [91387932]           BasicSheet.java:979  | Stored /sheet#1/sheet#1.xml
2017-10-06 15:50:48,698 INFO [91387932]       StepMonitoring.java:96   | GRID
2017-10-06 15:50:49,582 INFO [91387932]       LinesRetriever.java:442  | Global slope: -0.00202
2017-10-06 15:50:49,681 INFO [91387932]    ClustersRetriever.java:241  | Retrieved line clusters: 12 of size: 5 with interline: (16,16,17)
2017-10-06 15:50:50,259 INFO [91387932]            PeakGraph.java:181  | Systems: #1[1, 2] #2[3, 4] #3[5, 6] #4[7, 8] #5[9, 10] #6[11, 12]
2017-10-06 15:50:51,186 INFO [91387932]        SystemManager.java:626  | Indentation detected for system#3
2017-10-06 15:50:51,187 INFO [91387932]        SystemManager.java:671  | 2 pages found in sheet
2017-10-06 15:50:51,188 INFO [91387932]        SystemManager.java:709  | Page #1: 1 part along 2 systems
2017-10-06 15:50:51,188 INFO [91387932]        SystemManager.java:709  | Page #2: 1 part along 4 systems
2017-10-06 15:50:51,191 INFO [91387932]            BasicBook.java:1395 | Stored /book.xml
2017-10-06 15:50:51,443 INFO [91387932]           BasicSheet.java:979  | Stored /sheet#1/sheet#1.xml
2017-10-06 15:50:51,446 INFO [91387932]       StepMonitoring.java:96   | HEADERS
2017-10-06 15:50:51,838 INFO []          Nd4jBackend.java:194  | Loaded [CpuBackend] backend
2017-10-06 15:50:51,901 INFO []      NativeOpsHolder.java:49   | Number of threads used for NativeOps: 2
2017-10-06 15:50:52,396 INFO [] DefaultOpExecutioner.java:544  | Backend used: [CPU]; OS: [Mac OS X]
2017-10-06 15:50:52,397 INFO [] DefaultOpExecutioner.java:545  | Cores: [4]; Memory: [3.6GB];
2017-10-06 15:50:52,398 INFO [] DefaultOpExecutioner.java:546  | Blas vendor: [OPENBLAS]
2017-10-06 15:50:52,446 INFO []   AbstractClassifier.java:332  | Classifier data loaded from default uri jar:file:/Users/stephenn/Documents/workspace/audiveris/build/distributions/Audiveris/lib/audiveris.jar!/res/basic-classifier.zip
2017-10-06 15:50:54,108 INFO [91387932]           KeyBuilder.java:746  | Staff#1 key slice#2 pitch adjusted from -0.4 to -1
2017-10-06 15:50:54,481 INFO [91387932]           KeyBuilder.java:916  | Staff#4 key replication failed.
2017-10-06 15:50:54,726 WARN [91387932]          ClefBuilder.java:560  | Staff#6 no header clef.
2017-10-06 15:50:55,174 INFO [91387932]           KeyBuilder.java:746  | Staff#7 key slice#2 pitch adjusted from -0.5 to -1
2017-10-06 15:50:55,448 INFO [91387932]           KeyBuilder.java:746  | Staff#9 key slice#2 pitch adjusted from -0.4 to -1
2017-10-06 15:50:55,640 INFO [91387932]            BasicBook.java:1395 | Stored /book.xml
2017-10-06 15:50:56,048 INFO [91387932]           BasicSheet.java:979  | Stored /sheet#1/sheet#1.xml
2017-10-06 15:50:56,051 INFO [91387932]       StepMonitoring.java:96   | STEM_SEEDS
2017-10-06 15:50:56,180 INFO []   AbstractClassifier.java:332  | Classifier data loaded from default uri jar:file:/Users/stephenn/Documents/workspace/audiveris/build/distributions/Audiveris/lib/audiveris.jar!/res/deep-classifier.zip
2017-10-06 15:50:56,190 INFO [91387932]        StemSeedsStep.java:91   | stem(4 max:5)
2017-10-06 15:50:56,306 INFO [91387932]            BasicBook.java:1395 | Stored /book.xml
2017-10-06 15:50:56,853 INFO [91387932]           BasicSheet.java:979  | Stored /sheet#1/sheet#1.xml
2017-10-06 15:50:56,855 INFO [91387932]       StepMonitoring.java:96   | BEAMS
2017-10-06 15:51:01,457 INFO [91387932]            BeamsStep.java:89   | BeamDistance{count:5 mean:14.94 stdDev:0.40}
2017-10-06 15:51:01,461 INFO [91387932]            BasicBook.java:1395 | Stored /book.xml
2017-10-06 15:51:01,527 INFO [91387932]              Picture.java:786  | Stored /sheet#1/HEAD_SPOTS.xml
2017-10-06 15:51:01,936 INFO [91387932]           BasicSheet.java:979  | Stored /sheet#1/sheet#1.xml
2017-10-06 15:51:01,939 INFO [91387932]       StepMonitoring.java:96   | LEDGERS
2017-10-06 15:51:02,622 INFO [91387932]            BasicBook.java:1395 | Stored /book.xml
2017-10-06 15:51:03,128 INFO [91387932]           BasicSheet.java:979  | Stored /sheet#1/sheet#1.xml
2017-10-06 15:51:03,130 INFO [91387932]       StepMonitoring.java:96   | HEADS
2017-10-06 15:51:05,702 INFO [91387932]            BasicBook.java:1395 | Stored /book.xml
2017-10-06 15:51:06,525 INFO [91387932]           BasicSheet.java:979  | Stored /sheet#1/sheet#1.xml
2017-10-06 15:51:06,528 INFO [91387932]       StepMonitoring.java:96   | STEMS
2017-10-06 15:51:08,450 INFO [91387932]            BasicBook.java:1395 | Stored /book.xml
2017-10-06 15:51:09,671 INFO [91387932]           BasicSheet.java:979  | Stored /sheet#1/sheet#1.xml
2017-10-06 15:51:09,675 INFO [91387932]       StepMonitoring.java:96   | REDUCTION
2017-10-06 15:51:10,145 INFO [91387932]            BasicBook.java:1395 | Stored /book.xml
2017-10-06 15:51:10,908 INFO [91387932]           BasicSheet.java:979  | Stored /sheet#1/sheet#1.xml
2017-10-06 15:51:10,911 INFO [91387932]       StepMonitoring.java:96   | CUE_BEAMS
2017-10-06 15:51:10,925 INFO [91387932]            BasicBook.java:1395 | Stored /book.xml
2017-10-06 15:51:11,608 INFO [91387932]           BasicSheet.java:979  | Stored /sheet#1/sheet#1.xml
2017-10-06 15:51:11,610 INFO [91387932]       StepMonitoring.java:96   | TEXTS
2017-10-06 15:51:12,953 INFO [91387932]            BasicBook.java:1395 | Stored /book.xml
2017-10-06 15:51:13,651 INFO [91387932]           BasicSheet.java:979  | Stored /sheet#1/sheet#1.xml
2017-10-06 15:51:13,654 INFO [91387932]       StepMonitoring.java:96   | MEASURES
2017-10-06 15:51:13,661 INFO [91387932]                 Page.java:210  | 8 raw measures: [4 in system#1, 4 in system#2]
2017-10-06 15:51:13,661 INFO [91387932]                 Page.java:210  | 20 raw measures: [5 in system#3, 4 in system#4, 5 in system#5, 6 in system#6]
2017-10-06 15:51:13,662 INFO [91387932]            BasicBook.java:1395 | Stored /book.xml
2017-10-06 15:51:14,364 INFO [91387932]           BasicSheet.java:979  | Stored /sheet#1/sheet#1.xml
2017-10-06 15:51:14,366 INFO [91387932]       StepMonitoring.java:96   | CHORDS
2017-10-06 15:51:14,380 INFO [91387932]            BasicBook.java:1395 | Stored /book.xml
2017-10-06 15:51:15,123 INFO [91387932]           BasicSheet.java:979  | Stored /sheet#1/sheet#1.xml
2017-10-06 15:51:15,126 INFO [91387932]       StepMonitoring.java:96   | CURVES
2017-10-06 15:51:16,745 INFO [91387932]         SlursBuilder.java:157  | Slurs: 32
2017-10-06 15:51:16,765 INFO [91387932]      SegmentsBuilder.java:113  | Segments: 16
2017-10-06 15:51:16,772 INFO [91387932]            BasicBook.java:1395 | Stored /book.xml
2017-10-06 15:51:17,793 INFO [91387932]           BasicSheet.java:979  | Stored /sheet#1/sheet#1.xml
2017-10-06 15:51:17,796 INFO [91387932]       StepMonitoring.java:96   | SYMBOLS
2017-10-06 15:51:19,627 INFO [91387932]       SymbolsBuilder.java:340  | Symbol parts shrunk from 9 to 7
2017-10-06 15:51:20,319 INFO [91387932]            BasicBook.java:1395 | Stored /book.xml
2017-10-06 15:51:21,476 INFO [91387932]           BasicSheet.java:979  | Stored /sheet#1/sheet#1.xml
2017-10-06 15:51:21,478 INFO [91387932]       StepMonitoring.java:96   | LINKS
2017-10-06 15:51:21,502 INFO [91387932]        SymbolsLinker.java:306  | No measure stack for direction SentenceInter{#5232(0.628) s:5 S-52 Direction} J: 144.
2017-10-06 15:51:21,543 INFO [91387932]            BasicBook.java:1395 | Stored /book.xml
2017-10-06 15:51:22,646 INFO [91387932]           BasicSheet.java:979  | Stored /sheet#1/sheet#1.xml
2017-10-06 15:51:22,648 INFO [91387932]       StepMonitoring.java:96   | RHYTHMS
2017-10-06 15:51:22,668 INFO [91387932]         SlotsBuilder.java:399  | Stack#3 suspicious Slot{#2 xOffset=134 timeOffset=1/8 incomings=[#5270]}
2017-10-06 15:51:22,673 INFO [91387932]         SlotsBuilder.java:399  | Stack#6 suspicious Slot{#2 xOffset=149 timeOffset=1/8 incomings=[#5298]}
2017-10-06 15:51:22,680 INFO [91387932]           PageRhythm.java:314  | Range{1-8} Durations avgGuess:1/2 topGuess:1/2 avgValue:0.56 stacks:8 voices:23 Histogram{1/8-7/8 size:5 [1/8=2 1/4=4 1/2=14 3/4=1 7/8=2]}
2017-10-06 15:51:22,685 INFO [91387932]           PageRhythm.java:221  | S1 Range{1-8 dur:1/2} should update to 1/2-based time sig?
2017-10-06 15:51:22,692 INFO [91387932]         SlotsBuilder.java:427  | S1 MeasureStack#3 Slot{#5 xOffset=248 timeOffset=1/4 incomings=[#5271] SUSPICIOUS}
2017-10-06 15:51:22,693 INFO [91387932]         SlotsBuilder.java:427  | S1 MeasureStack#3 Slot{#7 xOffset=319 timeOffset=3/8 incomings=[#5272] SUSPICIOUS}
2017-10-06 15:51:22,699 INFO [91387932]         SlotsBuilder.java:427  | S2 MeasureStack#6 Slot{#5 xOffset=263 timeOffset=1/4 incomings=[#5299#5300] SUSPICIOUS}
2017-10-06 15:51:22,700 INFO [91387932]         SlotsBuilder.java:427  | S2 MeasureStack#6 Slot{#7 xOffset=342 timeOffset=3/8 incomings=[#5301#5302] SUSPICIOUS}
2017-10-06 15:51:22,702 INFO [91387932]                Voice.java:257  | S2 MeasureStack#7 Voice #1 too long 1/4
2017-10-06 15:51:22,703 INFO [91387932]                Voice.java:257  | S2 MeasureStack#7 Voice #2 too long 3/8
2017-10-06 15:51:22,703 INFO [91387932]                Voice.java:257  | S2 MeasureStack#7 Voice #3 too long 3/8
2017-10-06 15:51:22,703 INFO [91387932]           StackTuner.java:92   | S2 MeasureStack#7 no correct rhythm
2017-10-06 15:51:22,711 INFO [91387932]         SlotsBuilder.java:434  | Stack#4 endless loop detected
2017-10-06 15:51:22,717 INFO [91387932]         SlotsBuilder.java:434  | Stack#12 endless loop detected
2017-10-06 15:51:22,720 INFO [91387932]         SlotsBuilder.java:434  | Stack#14 endless loop detected
2017-10-06 15:51:22,731 INFO [91387932]           PageRhythm.java:314  | Range{1-20} Durations avgGuess:1/2 topGuess:1/2 avgValue:0.59 stacks:20 voices:52 Histogram{1/4-1 size:5 [1/4=3 3/8=6 1/2=28 3/4=14 1=1]}
2017-10-06 15:51:22,731 INFO [91387932]           PageRhythm.java:221  | S3 Range{1-20 dur:1/2} should update to 1/2-based time sig?
2017-10-06 15:51:22,733 INFO [91387932]         SlotsBuilder.java:427  | S3 MeasureStack#2 Slot{#3 xOffset=129 timeOffset=1/2 incomings=[#5339] SUSPICIOUS}
2017-10-06 15:51:22,733 INFO [91387932]                Voice.java:257  | S3 MeasureStack#2 Voice #1 too long 1/2
2017-10-06 15:51:22,734 INFO [91387932]                Voice.java:257  | S3 MeasureStack#2 Voice #2 too long 1/2
2017-10-06 15:51:22,734 INFO [91387932]                Voice.java:257  | S3 MeasureStack#2 Voice #3 too long 1/2
2017-10-06 15:51:22,734 INFO [91387932]           StackTuner.java:92   | S3 MeasureStack#2 no correct rhythm
2017-10-06 15:51:22,735 INFO [91387932]         SlotsBuilder.java:427  | S3 MeasureStack#3 Slot{#3 xOffset=123 timeOffset=1/2 incomings=[#5342] SUSPICIOUS}
2017-10-06 15:51:22,736 INFO [91387932]                Voice.java:257  | S3 MeasureStack#3 Voice #1 too long 1/2
2017-10-06 15:51:22,736 INFO [91387932]                Voice.java:257  | S3 MeasureStack#3 Voice #2 too long 1/2
2017-10-06 15:51:22,737 INFO [91387932]                Voice.java:257  | S3 MeasureStack#3 Voice #3 too long 1/2
2017-10-06 15:51:22,737 INFO [91387932]           StackTuner.java:92   | S3 MeasureStack#3 no correct rhythm
2017-10-06 15:51:22,739 INFO [91387932]         SlotsBuilder.java:434  | Stack#4 endless loop detected
2017-10-06 15:51:22,741 INFO [91387932]                Voice.java:257  | S3 MeasureStack#5 Voice #1 too long 1/2
2017-10-06 15:51:22,741 INFO [91387932]                Voice.java:257  | S3 MeasureStack#5 Voice #2 too long 1/4
2017-10-06 15:51:22,742 INFO [91387932]           StackTuner.java:92   | S3 MeasureStack#5 no correct rhythm
2017-10-06 15:51:22,743 INFO [91387932]         SlotsBuilder.java:427  | S4 MeasureStack#6 Slot{#3 xOffset=306 timeOffset=1/2 incomings=[#5374] SUSPICIOUS}
2017-10-06 15:51:22,744 INFO [91387932]                Voice.java:257  | S4 MeasureStack#6 Voice #1 too long 1/2
2017-10-06 15:51:22,744 INFO [91387932]                Voice.java:257  | S4 MeasureStack#6 Voice #2 too long 1/2
2017-10-06 15:51:22,744 INFO [91387932]                Voice.java:257  | S4 MeasureStack#6 Voice #3 too long 1/2
2017-10-06 15:51:22,745 INFO [91387932]           StackTuner.java:92   | S4 MeasureStack#6 no correct rhythm
2017-10-06 15:51:22,746 INFO [91387932]         SlotsBuilder.java:427  | S4 MeasureStack#7 Slot{#3 xOffset=170 timeOffset=1/2 incomings=[#5377] SUSPICIOUS}
2017-10-06 15:51:22,746 INFO [91387932]                Voice.java:257  | S4 MeasureStack#7 Voice #1 too long 1/2
2017-10-06 15:51:22,747 INFO [91387932]                Voice.java:257  | S4 MeasureStack#7 Voice #2 too long 1/2
2017-10-06 15:51:22,747 INFO [91387932]                Voice.java:257  | S4 MeasureStack#7 Voice #3 too long 1/2
2017-10-06 15:51:22,747 INFO [91387932]           StackTuner.java:92   | S4 MeasureStack#7 no correct rhythm
2017-10-06 15:51:22,748 INFO [91387932]                Voice.java:257  | S4 MeasureStack#8 Voice #1 too long 1/4
2017-10-06 15:51:22,749 INFO [91387932]                Voice.java:257  | S4 MeasureStack#8 Voice #2 too long 1/4
2017-10-06 15:51:22,749 INFO [91387932]                Voice.java:257  | S4 MeasureStack#8 Voice #3 too long 1/4
2017-10-06 15:51:22,749 INFO [91387932]           StackTuner.java:92   | S4 MeasureStack#8 no correct rhythm
2017-10-06 15:51:22,750 INFO [91387932]                Voice.java:257  | S4 MeasureStack#9 Voice #1 too long 1/4
2017-10-06 15:51:22,751 INFO [91387932]                Voice.java:257  | S4 MeasureStack#9 Voice #2 too long 1/4
2017-10-06 15:51:22,751 INFO [91387932]                Voice.java:257  | S4 MeasureStack#9 Voice #3 too long 1/4
2017-10-06 15:51:22,751 INFO [91387932]           StackTuner.java:92   | S4 MeasureStack#9 no correct rhythm
2017-10-06 15:51:22,753 INFO [91387932]         SlotsBuilder.java:434  | Stack#12 endless loop detected
2017-10-06 15:51:22,754 INFO [91387932]         SlotsBuilder.java:427  | S5 MeasureStack#13 Slot{#3 xOffset=151 timeOffset=1/2 incomings=[#5419] SUSPICIOUS}
2017-10-06 15:51:22,756 INFO [91387932]                Voice.java:257  | S5 MeasureStack#13 Voice #1 too long 1/2
2017-10-06 15:51:22,758 INFO [91387932]                Voice.java:257  | S5 MeasureStack#13 Voice #2 too long 1/2
2017-10-06 15:51:22,758 INFO [91387932]                Voice.java:257  | S5 MeasureStack#13 Voice #3 too long 1/2
2017-10-06 15:51:22,758 INFO [91387932]           StackTuner.java:92   | S5 MeasureStack#13 no correct rhythm
2017-10-06 15:51:22,759 INFO [91387932]         SlotsBuilder.java:434  | Stack#14 endless loop detected
2017-10-06 15:51:22,761 INFO [91387932]                Voice.java:257  | S6 MeasureStack#15 Voice #1 too long 1/4
2017-10-06 15:51:22,761 INFO [91387932]           StackTuner.java:92   | S6 MeasureStack#15 no correct rhythm
2017-10-06 15:51:22,762 INFO [91387932]         SlotsBuilder.java:427  | S6 MeasureStack#16 Slot{#3 xOffset=120 timeOffset=1/2 incomings=[#5457] SUSPICIOUS}
2017-10-06 15:51:22,763 INFO [91387932]                Voice.java:257  | S6 MeasureStack#16 Voice #1 too long 1/2
2017-10-06 15:51:22,763 INFO [91387932]                Voice.java:257  | S6 MeasureStack#16 Voice #2 too long 1/2
2017-10-06 15:51:22,763 INFO [91387932]                Voice.java:257  | S6 MeasureStack#16 Voice #3 too long 1/2
2017-10-06 15:51:22,763 INFO [91387932]           StackTuner.java:92   | S6 MeasureStack#16 no correct rhythm
2017-10-06 15:51:22,764 INFO [91387932]         SlotsBuilder.java:427  | S6 MeasureStack#17 Slot{#3 xOffset=119 timeOffset=1/2 incomings=[#5460] SUSPICIOUS}
2017-10-06 15:51:22,765 INFO [91387932]                Voice.java:257  | S6 MeasureStack#17 Voice #1 too long 1/2
2017-10-06 15:51:22,765 INFO [91387932]                Voice.java:257  | S6 MeasureStack#17 Voice #2 too long 1/2
2017-10-06 15:51:22,766 INFO [91387932]                Voice.java:257  | S6 MeasureStack#17 Voice #3 too long 1/2
2017-10-06 15:51:22,766 INFO [91387932]           StackTuner.java:92   | S6 MeasureStack#17 no correct rhythm
2017-10-06 15:51:22,767 INFO [91387932]                Voice.java:257  | S6 MeasureStack#18 Voice #1 too long 1/4
2017-10-06 15:51:22,767 INFO [91387932]                Voice.java:257  | S6 MeasureStack#18 Voice #2 too long 1/4
2017-10-06 15:51:22,768 INFO [91387932]                Voice.java:257  | S6 MeasureStack#18 Voice #3 too long 1/4
2017-10-06 15:51:22,768 INFO [91387932]           StackTuner.java:92   | S6 MeasureStack#18 no correct rhythm
2017-10-06 15:51:22,774 INFO [91387932]                Voice.java:257  | S6 MeasureStack#19 Voice #1 too long 1/4
2017-10-06 15:51:22,775 INFO [91387932]                Voice.java:257  | S6 MeasureStack#19 Voice #2 too long 1/4
2017-10-06 15:51:22,775 INFO [91387932]                Voice.java:257  | S6 MeasureStack#19 Voice #3 too long 1/4
2017-10-06 15:51:22,775 INFO [91387932]           StackTuner.java:92   | S6 MeasureStack#19 no correct rhythm
2017-10-06 15:51:22,778 INFO [91387932]            BasicBook.java:1395 | Stored /book.xml
2017-10-06 15:51:23,884 INFO [91387932]           BasicSheet.java:979  | Stored /sheet#1/sheet#1.xml
2017-10-06 15:51:23,887 INFO [91387932]       StepMonitoring.java:96   | PAGE
2017-10-06 15:51:23,891 INFO [91387932]                Voice.java:257  | S2 MeasureStack#7 Voice #1 too long 1/4
2017-10-06 15:51:23,891 INFO [91387932]                Voice.java:257  | S2 MeasureStack#7 Voice #2 too long 3/8
2017-10-06 15:51:23,891 INFO [91387932]                Voice.java:257  | S2 MeasureStack#7 Voice #3 too long 3/8
2017-10-06 15:51:23,894 INFO [91387932]                Voice.java:257  | S3 MeasureStack#2 Voice #1 too long 1/2
2017-10-06 15:51:23,894 INFO [91387932]                Voice.java:257  | S3 MeasureStack#2 Voice #2 too long 1/2
2017-10-06 15:51:23,895 INFO [91387932]                Voice.java:257  | S3 MeasureStack#2 Voice #3 too long 1/2
2017-10-06 15:51:23,895 INFO [91387932]                Voice.java:257  | S3 MeasureStack#3 Voice #1 too long 1/2
2017-10-06 15:51:23,895 INFO [91387932]                Voice.java:257  | S3 MeasureStack#3 Voice #2 too long 1/2
2017-10-06 15:51:23,895 INFO [91387932]                Voice.java:257  | S3 MeasureStack#3 Voice #3 too long 1/2
2017-10-06 15:51:23,896 INFO [91387932]                Voice.java:257  | S3 MeasureStack#5 Voice #1 too long 1/2
2017-10-06 15:51:23,896 INFO [91387932]                Voice.java:257  | S3 MeasureStack#5 Voice #2 too long 1/4
2017-10-06 15:51:23,896 INFO [91387932]                Voice.java:257  | S4 MeasureStack#6 Voice #1 too long 1/2
2017-10-06 15:51:23,896 INFO [91387932]                Voice.java:257  | S4 MeasureStack#6 Voice #2 too long 1/2
2017-10-06 15:51:23,896 INFO [91387932]                Voice.java:257  | S4 MeasureStack#6 Voice #3 too long 1/2
2017-10-06 15:51:23,897 INFO [91387932]                Voice.java:257  | S4 MeasureStack#7 Voice #1 too long 1/2
2017-10-06 15:51:23,897 INFO [91387932]                Voice.java:257  | S4 MeasureStack#7 Voice #2 too long 1/2
2017-10-06 15:51:23,897 INFO [91387932]                Voice.java:257  | S4 MeasureStack#7 Voice #3 too long 1/2
2017-10-06 15:51:23,897 INFO [91387932]                Voice.java:257  | S4 MeasureStack#8 Voice #1 too long 1/4
2017-10-06 15:51:23,898 INFO [91387932]                Voice.java:257  | S4 MeasureStack#8 Voice #2 too long 1/4
2017-10-06 15:51:23,898 INFO [91387932]                Voice.java:257  | S4 MeasureStack#8 Voice #3 too long 1/4
2017-10-06 15:51:23,898 INFO [91387932]                Voice.java:257  | S4 MeasureStack#9 Voice #1 too long 1/4
2017-10-06 15:51:23,898 INFO [91387932]                Voice.java:257  | S4 MeasureStack#9 Voice #2 too long 1/4
2017-10-06 15:51:23,899 INFO [91387932]                Voice.java:257  | S4 MeasureStack#9 Voice #3 too long 1/4
2017-10-06 15:51:23,899 INFO [91387932]                Voice.java:257  | S5 MeasureStack#13 Voice #1 too long 1/2
2017-10-06 15:51:23,899 INFO [91387932]                Voice.java:257  | S5 MeasureStack#13 Voice #3 too long 1/2
2017-10-06 15:51:23,899 INFO [91387932]                Voice.java:257  | S5 MeasureStack#13 Voice #2 too long 1/2
2017-10-06 15:51:23,900 INFO [91387932]                Voice.java:257  | S6 MeasureStack#15 Voice #1 too long 1/4
2017-10-06 15:51:23,900 INFO [91387932]                Voice.java:257  | S6 MeasureStack#16 Voice #1 too long 1/2
2017-10-06 15:51:23,900 INFO [91387932]                Voice.java:257  | S6 MeasureStack#16 Voice #2 too long 1/2
2017-10-06 15:51:23,900 INFO [91387932]                Voice.java:257  | S6 MeasureStack#16 Voice #3 too long 1/2
2017-10-06 15:51:23,900 INFO [91387932]                Voice.java:257  | S6 MeasureStack#17 Voice #1 too long 1/2
2017-10-06 15:51:23,901 INFO [91387932]                Voice.java:257  | S6 MeasureStack#17 Voice #2 too long 1/2
2017-10-06 15:51:23,901 INFO [91387932]                Voice.java:257  | S6 MeasureStack#17 Voice #3 too long 1/2
2017-10-06 15:51:23,902 INFO [91387932]                Voice.java:257  | S6 MeasureStack#18 Voice #1 too long 1/4
2017-10-06 15:51:23,902 INFO [91387932]                Voice.java:257  | S6 MeasureStack#18 Voice #2 too long 1/4
2017-10-06 15:51:23,903 INFO [91387932]                Voice.java:257  | S6 MeasureStack#18 Voice #3 too long 1/4
2017-10-06 15:51:23,905 INFO [91387932]                Voice.java:257  | S6 MeasureStack#19 Voice #1 too long 1/4
2017-10-06 15:51:23,906 INFO [91387932]                Voice.java:257  | S6 MeasureStack#19 Voice #2 too long 1/4
2017-10-06 15:51:23,906 INFO [91387932]                Voice.java:257  | S6 MeasureStack#19 Voice #3 too long 1/4
2017-10-06 15:51:23,909 INFO [91387932]            BasicBook.java:1395 | Stored /book.xml
2017-10-06 15:51:25,002 INFO [91387932]           BasicSheet.java:979  | Stored /sheet#1/sheet#1.xml
2017-10-06 15:51:25,005 INFO [91387932]            BasicStub.java:723  | Sheet{91387932} disposed
2017-10-06 15:51:26,244 INFO [91387932]            BasicStub.java:449  | Loaded /sheet#1/sheet#1.xml
2017-10-06 15:51:26,246 INFO [91387932]            BasicBook.java:1133 | Scores built: 2
2017-10-06 15:51:27,366 WARN [91387932]      PartwiseBuilder.java:1379 | Error visiting null
java.lang.NullPointerException: null
	at org.audiveris.omr.score.PartwiseBuilder.processKey(PartwiseBuilder.java:1344)
	at org.audiveris.omr.score.PartwiseBuilder.processKeys(PartwiseBuilder.java:1407)
	at org.audiveris.omr.score.PartwiseBuilder.processMeasure(PartwiseBuilder.java:1575)
	at org.audiveris.omr.score.PartwiseBuilder.processPart(PartwiseBuilder.java:1988)
	at org.audiveris.omr.score.PartwiseBuilder.processSystem(PartwiseBuilder.java:2528)
	at org.audiveris.omr.score.PartwiseBuilder.processLogicalPart(PartwiseBuilder.java:1433)
	at org.audiveris.omr.score.PartwiseBuilder.processStub(PartwiseBuilder.java:2483)
	at org.audiveris.omr.score.PartwiseBuilder.processPartList(PartwiseBuilder.java:2017)
	at org.audiveris.omr.score.PartwiseBuilder.processScore(PartwiseBuilder.java:2195)
	at org.audiveris.omr.score.PartwiseBuilder.build(PartwiseBuilder.java:307)
	at org.audiveris.omr.score.ScoreExporter.export(ScoreExporter.java:117)
	at org.audiveris.omr.score.ScoreExporter.export(ScoreExporter.java:91)
	at org.audiveris.omr.sheet.BasicBook.export(BasicBook.java:589)
	at org.audiveris.omr.CLI$ProcessingTask.processBook(CLI.java:785)
	at org.audiveris.omr.CLI$CliTask.call(CLI.java:344)
	at org.audiveris.omr.Main.runBatchTasks(Main.java:316)
	at org.audiveris.omr.Main.main(Main.java:155)
	at Audiveris.main(Audiveris.java:49)
2017-10-06 15:51:27,415 INFO [91387932]        ScoreExporter.java:93   | Score 91387932.mvt1 exported to /Users/stephenn/Documents/workspace/nlsomr/xml_out/91386487/91387932/91387932.mvt1.mxl
2017-10-06 15:51:27,417 WARN [91387932]      PartwiseBuilder.java:1379 | Error visiting null
java.lang.NullPointerException: null
	at org.audiveris.omr.score.PartwiseBuilder.processKey(PartwiseBuilder.java:1344)
	at org.audiveris.omr.score.PartwiseBuilder.processKeys(PartwiseBuilder.java:1407)
	at org.audiveris.omr.score.PartwiseBuilder.processMeasure(PartwiseBuilder.java:1575)
	at org.audiveris.omr.score.PartwiseBuilder.processPart(PartwiseBuilder.java:1988)
	at org.audiveris.omr.score.PartwiseBuilder.processSystem(PartwiseBuilder.java:2528)
	at org.audiveris.omr.score.PartwiseBuilder.processLogicalPart(PartwiseBuilder.java:1433)
	at org.audiveris.omr.score.PartwiseBuilder.processStub(PartwiseBuilder.java:2483)
	at org.audiveris.omr.score.PartwiseBuilder.processPartList(PartwiseBuilder.java:2017)
	at org.audiveris.omr.score.PartwiseBuilder.processScore(PartwiseBuilder.java:2195)
	at org.audiveris.omr.score.PartwiseBuilder.build(PartwiseBuilder.java:307)
	at org.audiveris.omr.score.ScoreExporter.export(ScoreExporter.java:117)
	at org.audiveris.omr.score.ScoreExporter.export(ScoreExporter.java:91)
	at org.audiveris.omr.sheet.BasicBook.export(BasicBook.java:589)
	at org.audiveris.omr.CLI$ProcessingTask.processBook(CLI.java:785)
	at org.audiveris.omr.CLI$CliTask.call(CLI.java:344)
	at org.audiveris.omr.Main.runBatchTasks(Main.java:316)
	at org.audiveris.omr.Main.main(Main.java:155)
	at Audiveris.main(Audiveris.java:49)
2017-10-06 15:51:27,458 INFO [91387932]        ScoreExporter.java:93   | Score 91387932.mvt2 exported to /Users/stephenn/Documents/workspace/nlsomr/xml_out/91386487/91387932/91387932.mvt2.mxl
2017-10-06 15:51:27,637 INFO [91387932]            BasicBook.java:1395 | Stored /book.xml
2017-10-06 15:51:27,637 INFO [91387932]            BasicBook.java:1355 | Book stored as /Users/stephenn/Documents/workspace/nlsomr/xml_out/91386487/91387932/91387932.omr
