2017-10-06 15:20:51,939 INFO [91387524]            BasicBook.java:427  | 1 sheet in /Users/stephenn/Documents/workspace/nlsomr/working/91387524.jpg
2017-10-06 15:20:52,083 INFO []            BasicBook.java:1395 | Stored /book.xml
2017-10-06 15:20:52,083 INFO []            BasicBook.java:1355 | Book stored as /Users/stephenn/Documents/workspace/nlsomr/xml_out/91386487/91387524/91387524.omr
2017-10-06 15:20:52,089 INFO []            BasicBook.java:996  | Book reaching PAGE on sheets:[#1]
2017-10-06 15:20:52,090 INFO [91387524]       StepMonitoring.java:96   | LOAD
2017-10-06 15:20:52,242 INFO [91387524]            BasicBook.java:911  | Loaded image 1 2000x3056 from /Users/stephenn/Documents/workspace/nlsomr/working/91387524.jpg
2017-10-06 15:20:52,248 INFO [91387524]            ImageUtil.java:82   | Converting max RGB to gray ...
2017-10-06 15:20:52,517 INFO [91387524]            BasicBook.java:1395 | Stored /book.xml
2017-10-06 15:20:52,872 INFO [91387524]           BasicSheet.java:979  | Stored /sheet#1/sheet#1.xml
2017-10-06 15:20:52,874 INFO [91387524]       StepMonitoring.java:96   | BINARY
2017-10-06 15:20:53,512 INFO [91387524]            BasicBook.java:1395 | Stored /book.xml
2017-10-06 15:20:53,842 INFO [91387524]              Picture.java:786  | Stored /sheet#1/BINARY.xml
2017-10-06 15:20:53,844 INFO [91387524]           BasicSheet.java:979  | Stored /sheet#1/sheet#1.xml
2017-10-06 15:20:53,846 INFO [91387524]       StepMonitoring.java:96   | SCALE
2017-10-06 15:20:53,887 INFO [91387524]            ScaleStep.java:87   | Scale{line(3,4,6) interline(16,16,17) beam(13)}
2017-10-06 15:20:53,889 INFO [91387524]            BasicBook.java:1395 | Stored /book.xml
2017-10-06 15:20:53,891 INFO [91387524]           BasicSheet.java:979  | Stored /sheet#1/sheet#1.xml
2017-10-06 15:20:53,894 INFO [91387524]       StepMonitoring.java:96   | GRID
2017-10-06 15:20:54,877 INFO [91387524]       LinesRetriever.java:442  | Global slope: -0.00082
2017-10-06 15:20:55,007 INFO [91387524]    ClustersRetriever.java:241  | Retrieved line clusters: 12 of size: 5 with interline: (16,16,17)
2017-10-06 15:20:55,805 INFO [91387524]            PeakGraph.java:181  | Systems: #1[1, 2] #2[3, 4] #3[5, 6] #4[7, 8] #5[9, 10] #6[11, 12]
2017-10-06 15:20:56,936 INFO [91387524]        SystemManager.java:626  | Indentation detected for system#3
2017-10-06 15:20:56,937 INFO [91387524]        SystemManager.java:671  | 2 pages found in sheet
2017-10-06 15:20:56,937 INFO [91387524]        SystemManager.java:709  | Page #1: 1 part along 2 systems
2017-10-06 15:20:56,937 INFO [91387524]        SystemManager.java:709  | Page #2: 1 part along 4 systems
2017-10-06 15:20:56,940 INFO [91387524]            BasicBook.java:1395 | Stored /book.xml
2017-10-06 15:20:57,223 INFO [91387524]           BasicSheet.java:979  | Stored /sheet#1/sheet#1.xml
2017-10-06 15:20:57,229 INFO [91387524]       StepMonitoring.java:96   | HEADERS
2017-10-06 15:20:57,615 INFO []          Nd4jBackend.java:194  | Loaded [CpuBackend] backend
2017-10-06 15:20:57,677 INFO []      NativeOpsHolder.java:49   | Number of threads used for NativeOps: 2
2017-10-06 15:20:58,185 INFO [] DefaultOpExecutioner.java:544  | Backend used: [CPU]; OS: [Mac OS X]
2017-10-06 15:20:58,185 INFO [] DefaultOpExecutioner.java:545  | Cores: [4]; Memory: [3.6GB];
2017-10-06 15:20:58,185 INFO [] DefaultOpExecutioner.java:546  | Blas vendor: [OPENBLAS]
2017-10-06 15:20:58,218 INFO []   AbstractClassifier.java:332  | Classifier data loaded from default uri jar:file:/Users/stephenn/Documents/workspace/audiveris/build/distributions/Audiveris/lib/audiveris.jar!/res/basic-classifier.zip
2017-10-06 15:21:00,116 WARN [91387524]          ClefBuilder.java:560  | Staff#2 no header clef.
2017-10-06 15:21:00,975 WARN [91387524]          ClefBuilder.java:560  | Staff#6 no header clef.
2017-10-06 15:21:01,063 INFO [91387524]           KeyBuilder.java:746  | Staff#5 key slice#3 pitch adjusted from -5.5 to -5
2017-10-06 15:21:01,382 WARN [91387524]          ClefBuilder.java:560  | Staff#8 no header clef.
2017-10-06 15:21:01,564 INFO [91387524]           KeyBuilder.java:746  | Staff#10 key slice#3 pitch adjusted from -3.5 to -3
2017-10-06 15:21:01,744 INFO [91387524]           KeyBuilder.java:746  | Staff#12 key slice#2 pitch adjusted from 1.5 to 1
2017-10-06 15:21:01,749 INFO [91387524]            BasicBook.java:1395 | Stored /book.xml
2017-10-06 15:21:01,861 INFO []   AbstractClassifier.java:332  | Classifier data loaded from default uri jar:file:/Users/stephenn/Documents/workspace/audiveris/build/distributions/Audiveris/lib/audiveris.jar!/res/deep-classifier.zip
2017-10-06 15:21:02,079 INFO [91387524]           BasicSheet.java:979  | Stored /sheet#1/sheet#1.xml
2017-10-06 15:21:02,081 INFO [91387524]       StepMonitoring.java:96   | STEM_SEEDS
2017-10-06 15:21:02,184 INFO [91387524]        StemSeedsStep.java:91   | stem(4 max:5)
2017-10-06 15:21:02,306 INFO [91387524]            BasicBook.java:1395 | Stored /book.xml
2017-10-06 15:21:02,907 INFO [91387524]           BasicSheet.java:979  | Stored /sheet#1/sheet#1.xml
2017-10-06 15:21:02,910 INFO [91387524]       StepMonitoring.java:96   | BEAMS
2017-10-06 15:21:07,514 INFO [91387524]            BeamsStep.java:89   | BeamDistance{count:19 mean:15.61 stdDev:1.08}
2017-10-06 15:21:07,516 INFO [91387524]            BasicBook.java:1395 | Stored /book.xml
2017-10-06 15:21:07,590 INFO [91387524]              Picture.java:786  | Stored /sheet#1/HEAD_SPOTS.xml
2017-10-06 15:21:08,064 INFO [91387524]           BasicSheet.java:979  | Stored /sheet#1/sheet#1.xml
2017-10-06 15:21:08,066 INFO [91387524]       StepMonitoring.java:96   | LEDGERS
2017-10-06 15:21:09,178 INFO [91387524]            BasicBook.java:1395 | Stored /book.xml
2017-10-06 15:21:09,548 INFO [91387524]           BasicSheet.java:979  | Stored /sheet#1/sheet#1.xml
2017-10-06 15:21:09,550 INFO [91387524]       StepMonitoring.java:96   | HEADS
2017-10-06 15:21:12,271 INFO [91387524]            BasicBook.java:1395 | Stored /book.xml
2017-10-06 15:21:13,338 INFO [91387524]           BasicSheet.java:979  | Stored /sheet#1/sheet#1.xml
2017-10-06 15:21:13,340 INFO [91387524]       StepMonitoring.java:96   | STEMS
2017-10-06 15:21:16,215 INFO [91387524]            BasicBook.java:1395 | Stored /book.xml
2017-10-06 15:21:17,588 INFO [91387524]           BasicSheet.java:979  | Stored /sheet#1/sheet#1.xml
2017-10-06 15:21:17,592 INFO [91387524]       StepMonitoring.java:96   | REDUCTION
2017-10-06 15:21:18,636 INFO [91387524]            BasicBook.java:1395 | Stored /book.xml
2017-10-06 15:21:19,637 INFO [91387524]           BasicSheet.java:979  | Stored /sheet#1/sheet#1.xml
2017-10-06 15:21:19,639 INFO [91387524]       StepMonitoring.java:96   | CUE_BEAMS
2017-10-06 15:21:19,643 INFO [91387524]            BasicBook.java:1395 | Stored /book.xml
2017-10-06 15:21:20,544 INFO [91387524]           BasicSheet.java:979  | Stored /sheet#1/sheet#1.xml
2017-10-06 15:21:20,547 INFO [91387524]       StepMonitoring.java:96   | TEXTS
2017-10-06 15:21:22,710 INFO [91387524]            BasicBook.java:1395 | Stored /book.xml
2017-10-06 15:21:23,753 INFO [91387524]           BasicSheet.java:979  | Stored /sheet#1/sheet#1.xml
2017-10-06 15:21:23,755 INFO [91387524]       StepMonitoring.java:96   | MEASURES
2017-10-06 15:21:23,760 INFO [91387524]                 Page.java:210  | 9 raw measures: [4 in system#1, 5 in system#2]
2017-10-06 15:21:23,760 INFO [91387524]                 Page.java:210  | 16 raw measures: [4 in system#3, 4 in system#4, 4 in system#5, 4 in system#6]
2017-10-06 15:21:23,762 INFO [91387524]            BasicBook.java:1395 | Stored /book.xml
2017-10-06 15:21:24,800 INFO [91387524]           BasicSheet.java:979  | Stored /sheet#1/sheet#1.xml
2017-10-06 15:21:24,803 INFO [91387524]       StepMonitoring.java:96   | CHORDS
2017-10-06 15:21:24,819 INFO [91387524]            BasicBook.java:1395 | Stored /book.xml
2017-10-06 15:21:26,068 INFO [91387524]           BasicSheet.java:979  | Stored /sheet#1/sheet#1.xml
2017-10-06 15:21:26,072 INFO [91387524]       StepMonitoring.java:96   | CURVES
2017-10-06 15:21:27,771 INFO [91387524]         SlursBuilder.java:762  | LEFT collision SlurInter{#7443(0.143)} & SlurInter{#7620(0.380)} @ HeadInter{#3643(0.537/0.725) e#7006 s:4 p:-8.00 NOTEHEAD_VOID}
2017-10-06 15:21:27,773 INFO [91387524]         SlursBuilder.java:762  | RIGHT collision SlurInter{#7443(0.143)} & SlurInter{#7620(0.380)} @ HeadInter{#3054(0.612/0.820) e#6973 s:3 p:0.00 NOTEHEAD_BLACK}
2017-10-06 15:21:27,774 INFO [91387524]         SlursBuilder.java:762  | LEFT collision SlurInter{#7620(0.380)} & SlurInter{#7443(0.143)} @ HeadInter{#3643(0.537/0.725) e#7006 s:4 p:-8.00 NOTEHEAD_VOID}
2017-10-06 15:21:27,774 INFO [91387524]         SlursBuilder.java:762  | RIGHT collision SlurInter{#7620(0.380)} & SlurInter{#7443(0.143)} @ HeadInter{#3054(0.612/0.820) e#6973 s:3 p:0.00 NOTEHEAD_BLACK}
2017-10-06 15:21:27,775 INFO [91387524]         SlursBuilder.java:762  | RIGHT collision SlurInter{#7425(0.469)} & SlurInter{#7613(0.339)} @ HeadInter{#4643(0.595/0.786) e#7071 s:8 p:2.00 NOTEHEAD_BLACK}
2017-10-06 15:21:27,776 INFO [91387524]         SlursBuilder.java:762  | RIGHT collision SlurInter{#7613(0.339)} & SlurInter{#7425(0.469)} @ HeadInter{#4643(0.595/0.786) e#7071 s:8 p:2.00 NOTEHEAD_BLACK}
2017-10-06 15:21:27,776 INFO [91387524]         SlursBuilder.java:762  | RIGHT collision SlurInter{#7430(0.513)} & SlurInter{#7536(0.353)} @ HeadInter{#5450(0.610/0.793) e#7107 s:10 p:2.00 NOTEHEAD_BLACK}
2017-10-06 15:21:27,777 INFO [91387524]         SlursBuilder.java:762  | RIGHT collision SlurInter{#7536(0.353)} & SlurInter{#7430(0.513)} @ HeadInter{#5450(0.610/0.793) e#7107 s:10 p:2.00 NOTEHEAD_BLACK}
2017-10-06 15:21:27,778 INFO [91387524]         SlursBuilder.java:157  | Slurs: 40
2017-10-06 15:21:27,837 INFO [91387524]      SegmentsBuilder.java:113  | Segments: 19
2017-10-06 15:21:27,849 INFO [91387524]            BasicBook.java:1395 | Stored /book.xml
2017-10-06 15:21:29,527 INFO [91387524]           BasicSheet.java:979  | Stored /sheet#1/sheet#1.xml
2017-10-06 15:21:29,530 INFO [91387524]       StepMonitoring.java:96   | SYMBOLS
2017-10-06 15:21:30,196 INFO [91387524]       SymbolsBuilder.java:340  | Symbol parts shrunk from 8 to 7
2017-10-06 15:21:34,045 INFO [91387524]            BasicBook.java:1395 | Stored /book.xml
2017-10-06 15:21:36,060 INFO [91387524]           BasicSheet.java:979  | Stored /sheet#1/sheet#1.xml
2017-10-06 15:21:36,063 INFO [91387524]       StepMonitoring.java:96   | LINKS
2017-10-06 15:21:36,094 INFO [91387524]        SymbolsLinker.java:306  | No measure stack for direction SentenceInter{#6884(0.545) s:5 BS-45 Direction} J; 132.
2017-10-06 15:21:36,102 INFO [91387524]        SymbolsLinker.java:252  | No chord above PedalInter{#9212(0.799) PEDAL_UP_MARK}
2017-10-06 15:21:36,103 INFO [91387524]        SymbolsLinker.java:252  | No chord above PedalInter{#9213(0.797) PEDAL_UP_MARK}
2017-10-06 15:21:36,111 INFO [91387524]        SymbolsLinker.java:252  | No chord above PedalInter{#9272(0.799) PEDAL_UP_MARK}
2017-10-06 15:21:36,112 INFO [91387524]        SymbolsLinker.java:252  | No chord above PedalInter{#9274(0.798) PEDAL_UP_MARK}
2017-10-06 15:21:36,112 INFO [91387524]        SymbolsLinker.java:252  | No chord above PedalInter{#9289(0.799) PEDAL_UP_MARK}
2017-10-06 15:21:36,112 INFO [91387524]        SymbolsLinker.java:252  | No chord above PedalInter{#9292(0.799) PEDAL_UP_MARK}
2017-10-06 15:21:36,119 INFO [91387524]        SymbolsLinker.java:252  | No chord above PedalInter{#9313(0.799) PEDAL_UP_MARK}
2017-10-06 15:21:36,119 INFO [91387524]        SymbolsLinker.java:252  | No chord above PedalInter{#9316(0.799) PEDAL_UP_MARK}
2017-10-06 15:21:36,120 INFO [91387524]        SymbolsLinker.java:252  | No chord above PedalInter{#9342(0.775) PEDAL_UP_MARK}
2017-10-06 15:21:36,138 INFO [91387524]            BasicBook.java:1395 | Stored /book.xml
2017-10-06 15:21:38,137 INFO [91387524]           BasicSheet.java:979  | Stored /sheet#1/sheet#1.xml
2017-10-06 15:21:38,141 INFO [91387524]       StepMonitoring.java:96   | RHYTHMS
2017-10-06 15:21:38,153 INFO [91387524]         SlotsBuilder.java:434  | Stack#2 endless loop detected
2017-10-06 15:21:38,157 INFO [91387524]         SlotsBuilder.java:399  | Stack#3 suspicious Slot{#2 xOffset=104 timeOffset=1/8 incomings=[#6955]}
2017-10-06 15:21:38,166 INFO [91387524]         SlotsBuilder.java:399  | Stack#7 suspicious Slot{#2 xOffset=87 timeOffset=3/16 incomings=[#7008]}
2017-10-06 15:21:38,172 INFO [91387524]           PageRhythm.java:314  | Range{1-9} Durations avgGuess:3/4 topGuess:3/8 avgValue:0.66 stacks:9 voices:21 Histogram{1/8-13/16 size:8 [1/8=2 3/16=2 1/4=2 5/16=1 3/8=6 1/2=3 3/4=4 13/16=1]}
2017-10-06 15:21:38,173 INFO [91387524]           PageRhythm.java:221  | S1 Range{1-9 dur:3/4} should update to 3/4-based time sig?
2017-10-06 15:21:38,175 INFO [91387524]         SlotsBuilder.java:434  | Stack#2 endless loop detected
2017-10-06 15:21:38,178 INFO [91387524]         SlotsBuilder.java:427  | S1 MeasureStack#3 Slot{#7 xOffset=255 timeOffset=3/8 incomings=[#6956] SUSPICIOUS}
2017-10-06 15:21:38,179 INFO [91387524]         SlotsBuilder.java:427  | S1 MeasureStack#3 Slot{#10 xOffset=324 timeOffset=1/2 incomings=[#6957] SUSPICIOUS}
2017-10-06 15:21:38,180 INFO [91387524]         SlotsBuilder.java:427  | S1 MeasureStack#3 Slot{#12 xOffset=401 timeOffset=5/8 incomings=[#6958] SUSPICIOUS}
2017-10-06 15:21:38,182 INFO [91387524]         SlotsBuilder.java:427  | S1 MeasureStack#4 Slot{#3 xOffset=89 timeOffset=3/16 incomings=[#6960] SUSPICIOUS}
2017-10-06 15:21:38,183 INFO [91387524]         SlotsBuilder.java:427  | S1 MeasureStack#4 Slot{#5 xOffset=144 timeOffset=5/16 incomings=[#6961] SUSPICIOUS}
2017-10-06 15:21:38,183 INFO [91387524]         SlotsBuilder.java:427  | S1 MeasureStack#4 Slot{#7 xOffset=215 timeOffset=1/2 incomings=[#6962] SUSPICIOUS}
2017-10-06 15:21:38,184 INFO [91387524]                Voice.java:257  | S1 MeasureStack#4 Voice #1 too long 1/8
2017-10-06 15:21:38,184 INFO [91387524]                Voice.java:257  | S1 MeasureStack#4 Voice #2 too long 1/8
2017-10-06 15:21:38,185 INFO [91387524]           StackTuner.java:92   | S1 MeasureStack#4 no correct rhythm
2017-10-06 15:21:38,188 INFO [91387524]         SlotsBuilder.java:427  | S2 MeasureStack#5 Slot{#3 xOffset=260 timeOffset=3/8 incomings=[#6966] SUSPICIOUS}
2017-10-06 15:21:38,191 INFO [91387524]                Voice.java:257  | S2 MeasureStack#6 Voice #2 too long 1/16
2017-10-06 15:21:38,192 INFO [91387524]           StackTuner.java:92   | S2 MeasureStack#6 no correct rhythm
2017-10-06 15:21:38,193 INFO [91387524]         SlotsBuilder.java:427  | S2 MeasureStack#7 Slot{#5 xOffset=149 timeOffset=5/16 incomings=[#7009] SUSPICIOUS}
2017-10-06 15:21:38,194 INFO [91387524]         SlotsBuilder.java:427  | S2 MeasureStack#7 Slot{#8 xOffset=241 timeOffset=9/16 incomings=[#7010] SUSPICIOUS}
2017-10-06 15:21:38,195 INFO [91387524]         SlotsBuilder.java:427  | S2 MeasureStack#7 Slot{#11 xOffset=302 timeOffset=11/16 incomings=[#7011] SUSPICIOUS}
2017-10-06 15:21:38,196 INFO [91387524]         SlotsBuilder.java:427  | S2 MeasureStack#7 Slot{#13 xOffset=339 timeOffset=3/4 incomings=[#7012] SUSPICIOUS}
2017-10-06 15:21:38,196 INFO [91387524]                Voice.java:257  | S2 MeasureStack#7 Voice #3 too long 1/16
2017-10-06 15:21:38,197 INFO [91387524]           StackTuner.java:92   | S2 MeasureStack#7 no correct rhythm
2017-10-06 15:21:38,217 INFO [91387524]           PageRhythm.java:314  | Range{1-16 ts:3/4} Durations avgGuess:3/4 topGuess:3/4 avgValue:0.66 stacks:16 voices:35 Histogram{1/4-13/16 size:9 [1/4=2 9/32=1 5/16=1 3/8=5 1/2=7 9/16=2 5/8=3 3/4=10 13/16=4]}
2017-10-06 15:21:38,218 INFO [91387524]         SlotsBuilder.java:427  | S3 MeasureStack#1 Slot{#3 xOffset=342 timeOffset=3/8 incomings=[#7019] SUSPICIOUS}
2017-10-06 15:21:38,219 INFO [91387524]                Voice.java:257  | S3 MeasureStack#1 Voice #1 too long 1/2
2017-10-06 15:21:38,219 INFO [91387524]                Voice.java:257  | S3 MeasureStack#1 Voice #2 too long 1/2
2017-10-06 15:21:38,220 INFO [91387524]           StackTuner.java:92   | S3 MeasureStack#1 no correct rhythm
2017-10-06 15:21:38,221 INFO [91387524]         SlotsBuilder.java:427  | S3 MeasureStack#2 Slot{#5 xOffset=197 timeOffset=9/16 incomings=[#7026] SUSPICIOUS}
2017-10-06 15:21:38,225 INFO [91387524]                Voice.java:257  | S3 MeasureStack#2 Voice #1 too long 1/16
2017-10-06 15:21:38,225 INFO [91387524]           StackTuner.java:92   | S3 MeasureStack#2 no correct rhythm
2017-10-06 15:21:38,227 INFO [91387524]         SlotsBuilder.java:427  | S3 MeasureStack#3 Slot{#3 xOffset=124 timeOffset=3/8 incomings=[#7045] SUSPICIOUS}
2017-10-06 15:21:38,227 INFO [91387524]         SlotsBuilder.java:434  | Stack#3 endless loop detected
2017-10-06 15:21:38,229 INFO [91387524]                Voice.java:257  | S3 MeasureStack#4 Voice #1 too long 1/16
2017-10-06 15:21:38,229 INFO [91387524]           StackTuner.java:92   | S3 MeasureStack#4 no correct rhythm
2017-10-06 15:21:38,230 INFO [91387524]         SlotsBuilder.java:427  | S4 MeasureStack#5 Slot{#5 xOffset=407 timeOffset=5/8 incomings=[#7053] SUSPICIOUS}
2017-10-06 15:21:38,233 INFO [91387524]                Voice.java:257  | S4 MeasureStack#5 Voice #1 too long 3/16
2017-10-06 15:21:38,234 INFO [91387524]           StackTuner.java:92   | S4 MeasureStack#5 no correct rhythm
2017-10-06 15:21:38,235 INFO [91387524]         SlotsBuilder.java:427  | S4 MeasureStack#7 Slot{#3 xOffset=128 timeOffset=3/8 incomings=[#7061] SUSPICIOUS}
2017-10-06 15:21:38,236 INFO [91387524]                Voice.java:257  | S4 MeasureStack#7 Voice #1 too long 3/16
2017-10-06 15:21:38,236 INFO [91387524]                Voice.java:257  | S4 MeasureStack#7 Voice #2 too long 1/4
2017-10-06 15:21:38,237 INFO [91387524]           StackTuner.java:92   | S4 MeasureStack#7 no correct rhythm
2017-10-06 15:21:38,239 INFO [91387524]                Voice.java:257  | S5 MeasureStack#9 Voice #1 too long 1/16
2017-10-06 15:21:38,239 INFO [91387524]           StackTuner.java:92   | S5 MeasureStack#9 no correct rhythm
2017-10-06 15:21:38,241 INFO [91387524]         SlotsBuilder.java:427  | S5 MeasureStack#11 Slot{#5 xOffset=232 timeOffset=5/8 incomings=[#7113] SUSPICIOUS}
2017-10-06 15:21:38,242 INFO [91387524]                Voice.java:257  | S5 MeasureStack#11 Voice #2 too long 1/8
2017-10-06 15:21:38,242 INFO [91387524]           StackTuner.java:92   | S5 MeasureStack#11 no correct rhythm
2017-10-06 15:21:38,243 INFO [91387524]         SlotsBuilder.java:427  | S5 MeasureStack#12 Slot{#5 xOffset=232 timeOffset=9/16 incomings=[#7105] SUSPICIOUS}
2017-10-06 15:21:38,244 INFO [91387524]                Voice.java:257  | S5 MeasureStack#12 Voice #1 too long 1/8
2017-10-06 15:21:38,244 INFO [91387524]           StackTuner.java:92   | S5 MeasureStack#12 no correct rhythm
2017-10-06 15:21:38,246 INFO [91387524]                Voice.java:257  | S6 MeasureStack#13 Voice #1 too long 1/16
2017-10-06 15:21:38,246 INFO [91387524]                Voice.java:257  | S6 MeasureStack#13 Voice #2 too long 1/16
2017-10-06 15:21:38,246 INFO [91387524]           StackTuner.java:92   | S6 MeasureStack#13 no correct rhythm
2017-10-06 15:21:38,247 INFO [91387524]         SlotsBuilder.java:427  | S6 MeasureStack#14 Slot{#4 xOffset=167 timeOffset=9/32 incomings=[#7126] SUSPICIOUS}
2017-10-06 15:21:38,248 INFO [91387524]                Voice.java:257  | S6 MeasureStack#14 Voice #1 too long 3/32
2017-10-06 15:21:38,248 INFO [91387524]                Voice.java:257  | S6 MeasureStack#14 Voice #2 too long 3/32
2017-10-06 15:21:38,248 INFO [91387524]           StackTuner.java:92   | S6 MeasureStack#14 no correct rhythm
2017-10-06 15:21:38,249 INFO [91387524]         SlotsBuilder.java:427  | S6 MeasureStack#15 Slot{#3 xOffset=126 timeOffset=3/8 incomings=[#7132] SUSPICIOUS}
2017-10-06 15:21:38,250 INFO [91387524]                Voice.java:257  | S6 MeasureStack#15 Voice #1 too long 1/8
2017-10-06 15:21:38,251 INFO [91387524]                Voice.java:257  | S6 MeasureStack#15 Voice #2 too long 1/8
2017-10-06 15:21:38,251 INFO [91387524]           StackTuner.java:92   | S6 MeasureStack#15 no correct rhythm
2017-10-06 15:21:38,252 INFO [91387524]         SlotsBuilder.java:427  | S6 MeasureStack#16 Slot{#4 xOffset=161 timeOffset=1/4 incomings=[#7151] SUSPICIOUS}
2017-10-06 15:21:38,253 INFO [91387524]         SlotsBuilder.java:427  | S6 MeasureStack#16 Slot{#6 xOffset=208 timeOffset=3/8 incomings=[#7152] SUSPICIOUS}
2017-10-06 15:21:38,254 INFO [91387524]         SlotsBuilder.java:427  | S6 MeasureStack#16 Slot{#8 xOffset=277 timeOffset=1/2 incomings=[#7153#7157] SUSPICIOUS}
2017-10-06 15:21:38,254 INFO [91387524]         SlotsBuilder.java:427  | S6 MeasureStack#16 Slot{#9 xOffset=280 timeOffset=9/16 incomings=[#7154] SUSPICIOUS}
2017-10-06 15:21:38,254 INFO [91387524]         SlotsBuilder.java:427  | S6 MeasureStack#16 Slot{#11 xOffset=328 timeOffset=11/16 incomings=[#7141] SUSPICIOUS}
2017-10-06 15:21:38,255 INFO [91387524]                Voice.java:257  | S6 MeasureStack#16 Voice #1 too long 1/16
2017-10-06 15:21:38,256 INFO [91387524]           StackTuner.java:92   | S6 MeasureStack#16 no correct rhythm
2017-10-06 15:21:38,258 INFO [91387524]            BasicBook.java:1395 | Stored /book.xml
2017-10-06 15:21:40,393 INFO [91387524]           BasicSheet.java:979  | Stored /sheet#1/sheet#1.xml
2017-10-06 15:21:40,396 INFO [91387524]       StepMonitoring.java:96   | PAGE
2017-10-06 15:21:40,400 INFO [91387524]                Voice.java:257  | S1 MeasureStack#4 Voice #1 too long 1/8
2017-10-06 15:21:40,400 INFO [91387524]                Voice.java:257  | S1 MeasureStack#4 Voice #2 too long 1/8
2017-10-06 15:21:40,401 INFO [91387524]                Voice.java:257  | S2 MeasureStack#6 Voice #2 too long 1/16
2017-10-06 15:21:40,401 INFO [91387524]                Voice.java:257  | S2 MeasureStack#7 Voice #3 too long 1/16
2017-10-06 15:21:40,402 INFO [91387524]                 Part.java:267  | Could not left-connect slur#7425
2017-10-06 15:21:40,402 INFO [91387524]                 Part.java:267  | Could not left-connect slur#7613
2017-10-06 15:21:40,402 INFO [91387524]                 Part.java:267  | Could not left-connect slur#7430
2017-10-06 15:21:40,402 INFO [91387524]                 Part.java:267  | Could not left-connect slur#7536
2017-10-06 15:21:40,403 INFO [91387524]                Voice.java:257  | S3 MeasureStack#1 Voice #1 too long 1/2
2017-10-06 15:21:40,403 INFO [91387524]                Voice.java:257  | S3 MeasureStack#1 Voice #2 too long 1/2
2017-10-06 15:21:40,403 INFO [91387524]                Voice.java:257  | S3 MeasureStack#2 Voice #1 too long 1/16
2017-10-06 15:21:40,403 INFO [91387524]                Voice.java:257  | S3 MeasureStack#4 Voice #1 too long 1/16
2017-10-06 15:21:40,403 INFO [91387524]                Voice.java:257  | S4 MeasureStack#5 Voice #1 too long 3/16
2017-10-06 15:21:40,404 INFO [91387524]                Voice.java:257  | S4 MeasureStack#7 Voice #1 too long 3/16
2017-10-06 15:21:40,404 INFO [91387524]                Voice.java:257  | S4 MeasureStack#7 Voice #2 too long 1/4
2017-10-06 15:21:40,404 INFO [91387524]                Voice.java:257  | S5 MeasureStack#9 Voice #1 too long 1/16
2017-10-06 15:21:40,405 INFO [91387524]                Voice.java:257  | S5 MeasureStack#11 Voice #2 too long 1/8
2017-10-06 15:21:40,405 INFO [91387524]                Voice.java:257  | S5 MeasureStack#12 Voice #1 too long 1/8
2017-10-06 15:21:40,405 INFO [91387524]                Voice.java:257  | S6 MeasureStack#13 Voice #1 too long 1/16
2017-10-06 15:21:40,405 INFO [91387524]                Voice.java:257  | S6 MeasureStack#13 Voice #2 too long 1/16
2017-10-06 15:21:40,406 INFO [91387524]                Voice.java:257  | S6 MeasureStack#14 Voice #1 too long 3/32
2017-10-06 15:21:40,406 INFO [91387524]                Voice.java:257  | S6 MeasureStack#14 Voice #2 too long 3/32
2017-10-06 15:21:40,406 INFO [91387524]                Voice.java:257  | S6 MeasureStack#15 Voice #1 too long 1/8
2017-10-06 15:21:40,406 INFO [91387524]                Voice.java:257  | S6 MeasureStack#15 Voice #2 too long 1/8
2017-10-06 15:21:40,406 INFO [91387524]                Voice.java:257  | S6 MeasureStack#16 Voice #1 too long 1/16
2017-10-06 15:21:40,408 INFO [91387524]            BasicBook.java:1395 | Stored /book.xml
2017-10-06 15:21:42,449 INFO [91387524]           BasicSheet.java:979  | Stored /sheet#1/sheet#1.xml
2017-10-06 15:21:42,451 INFO [91387524]            BasicStub.java:723  | Sheet{91387524} disposed
2017-10-06 15:21:43,633 INFO [91387524]            BasicStub.java:449  | Loaded /sheet#1/sheet#1.xml
2017-10-06 15:21:43,635 INFO [91387524]            BasicBook.java:1133 | Scores built: 2
2017-10-06 15:21:44,731 WARN [91387524]      PartwiseBuilder.java:1379 | Error visiting null
java.lang.NullPointerException: null
	at org.audiveris.omr.score.PartwiseBuilder.processKey(PartwiseBuilder.java:1344)
	at org.audiveris.omr.score.PartwiseBuilder.processKeys(PartwiseBuilder.java:1407)
	at org.audiveris.omr.score.PartwiseBuilder.processMeasure(PartwiseBuilder.java:1575)
	at org.audiveris.omr.score.PartwiseBuilder.processPart(PartwiseBuilder.java:1988)
	at org.audiveris.omr.score.PartwiseBuilder.processSystem(PartwiseBuilder.java:2528)
	at org.audiveris.omr.score.PartwiseBuilder.processLogicalPart(PartwiseBuilder.java:1433)
	at org.audiveris.omr.score.PartwiseBuilder.processStub(PartwiseBuilder.java:2483)
	at org.audiveris.omr.score.PartwiseBuilder.processPartList(PartwiseBuilder.java:2017)
	at org.audiveris.omr.score.PartwiseBuilder.processScore(PartwiseBuilder.java:2195)
	at org.audiveris.omr.score.PartwiseBuilder.build(PartwiseBuilder.java:307)
	at org.audiveris.omr.score.ScoreExporter.export(ScoreExporter.java:117)
	at org.audiveris.omr.score.ScoreExporter.export(ScoreExporter.java:91)
	at org.audiveris.omr.sheet.BasicBook.export(BasicBook.java:589)
	at org.audiveris.omr.CLI$ProcessingTask.processBook(CLI.java:785)
	at org.audiveris.omr.CLI$CliTask.call(CLI.java:344)
	at org.audiveris.omr.Main.runBatchTasks(Main.java:316)
	at org.audiveris.omr.Main.main(Main.java:155)
	at Audiveris.main(Audiveris.java:49)
2017-10-06 15:21:44,793 INFO [91387524]        ScoreExporter.java:93   | Score 91387524.mvt1 exported to /Users/stephenn/Documents/workspace/nlsomr/xml_out/91386487/91387524/91387524.mvt1.mxl
2017-10-06 15:21:44,795 WARN [91387524]      PartwiseBuilder.java:1379 | Error visiting null
java.lang.NullPointerException: null
	at org.audiveris.omr.score.PartwiseBuilder.processKey(PartwiseBuilder.java:1344)
	at org.audiveris.omr.score.PartwiseBuilder.processKeys(PartwiseBuilder.java:1407)
	at org.audiveris.omr.score.PartwiseBuilder.processMeasure(PartwiseBuilder.java:1575)
	at org.audiveris.omr.score.PartwiseBuilder.processPart(PartwiseBuilder.java:1988)
	at org.audiveris.omr.score.PartwiseBuilder.processSystem(PartwiseBuilder.java:2528)
	at org.audiveris.omr.score.PartwiseBuilder.processLogicalPart(PartwiseBuilder.java:1433)
	at org.audiveris.omr.score.PartwiseBuilder.processStub(PartwiseBuilder.java:2483)
	at org.audiveris.omr.score.PartwiseBuilder.processPartList(PartwiseBuilder.java:2017)
	at org.audiveris.omr.score.PartwiseBuilder.processScore(PartwiseBuilder.java:2195)
	at org.audiveris.omr.score.PartwiseBuilder.build(PartwiseBuilder.java:307)
	at org.audiveris.omr.score.ScoreExporter.export(ScoreExporter.java:117)
	at org.audiveris.omr.score.ScoreExporter.export(ScoreExporter.java:91)
	at org.audiveris.omr.sheet.BasicBook.export(BasicBook.java:589)
	at org.audiveris.omr.CLI$ProcessingTask.processBook(CLI.java:785)
	at org.audiveris.omr.CLI$CliTask.call(CLI.java:344)
	at org.audiveris.omr.Main.runBatchTasks(Main.java:316)
	at org.audiveris.omr.Main.main(Main.java:155)
	at Audiveris.main(Audiveris.java:49)
2017-10-06 15:21:44,800 WARN [91387524]      PartwiseBuilder.java:1379 | Error visiting null
java.lang.NullPointerException: null
	at org.audiveris.omr.score.PartwiseBuilder.processKey(PartwiseBuilder.java:1344)
	at org.audiveris.omr.score.PartwiseBuilder.processKeys(PartwiseBuilder.java:1407)
	at org.audiveris.omr.score.PartwiseBuilder.processMeasure(PartwiseBuilder.java:1575)
	at org.audiveris.omr.score.PartwiseBuilder.processPart(PartwiseBuilder.java:1988)
	at org.audiveris.omr.score.PartwiseBuilder.processSystem(PartwiseBuilder.java:2528)
	at org.audiveris.omr.score.PartwiseBuilder.processLogicalPart(PartwiseBuilder.java:1433)
	at org.audiveris.omr.score.PartwiseBuilder.processStub(PartwiseBuilder.java:2483)
	at org.audiveris.omr.score.PartwiseBuilder.processPartList(PartwiseBuilder.java:2017)
	at org.audiveris.omr.score.PartwiseBuilder.processScore(PartwiseBuilder.java:2195)
	at org.audiveris.omr.score.PartwiseBuilder.build(PartwiseBuilder.java:307)
	at org.audiveris.omr.score.ScoreExporter.export(ScoreExporter.java:117)
	at org.audiveris.omr.score.ScoreExporter.export(ScoreExporter.java:91)
	at org.audiveris.omr.sheet.BasicBook.export(BasicBook.java:589)
	at org.audiveris.omr.CLI$ProcessingTask.processBook(CLI.java:785)
	at org.audiveris.omr.CLI$CliTask.call(CLI.java:344)
	at org.audiveris.omr.Main.runBatchTasks(Main.java:316)
	at org.audiveris.omr.Main.main(Main.java:155)
	at Audiveris.main(Audiveris.java:49)
2017-10-06 15:21:44,840 INFO [91387524]        ScoreExporter.java:93   | Score 91387524.mvt2 exported to /Users/stephenn/Documents/workspace/nlsomr/xml_out/91386487/91387524/91387524.mvt2.mxl
2017-10-06 15:21:45,021 INFO [91387524]            BasicBook.java:1395 | Stored /book.xml
2017-10-06 15:21:45,025 INFO [91387524]            BasicBook.java:1355 | Book stored as /Users/stephenn/Documents/workspace/nlsomr/xml_out/91386487/91387524/91387524.omr
