2017-10-06 14:14:44,723 INFO [91386528]            BasicBook.java:427  | 1 sheet in /Users/stephenn/Documents/workspace/nlsomr/working/91386528.jpg
2017-10-06 14:14:44,863 INFO []            BasicBook.java:1395 | Stored /book.xml
2017-10-06 14:14:44,864 INFO []            BasicBook.java:1355 | Book stored as /Users/stephenn/Documents/workspace/nlsomr/xml_out/91386487/91386528/91386528.omr
2017-10-06 14:14:44,869 INFO []            BasicBook.java:996  | Book reaching PAGE on sheets:[#1]
2017-10-06 14:14:44,871 INFO [91386528]       StepMonitoring.java:96   | LOAD
2017-10-06 14:14:45,004 INFO [91386528]            BasicBook.java:911  | Loaded image 1 2000x3110 from /Users/stephenn/Documents/workspace/nlsomr/working/91386528.jpg
2017-10-06 14:14:45,008 INFO [91386528]            ImageUtil.java:82   | Converting max RGB to gray ...
2017-10-06 14:14:45,236 INFO [91386528]            BasicBook.java:1395 | Stored /book.xml
2017-10-06 14:14:45,514 INFO [91386528]           BasicSheet.java:979  | Stored /sheet#1/sheet#1.xml
2017-10-06 14:14:45,515 INFO [91386528]       StepMonitoring.java:96   | BINARY
2017-10-06 14:14:46,079 INFO [91386528]            BasicBook.java:1395 | Stored /book.xml
2017-10-06 14:14:46,147 INFO [91386528]              Picture.java:786  | Stored /sheet#1/BINARY.xml
2017-10-06 14:14:46,149 INFO [91386528]           BasicSheet.java:979  | Stored /sheet#1/sheet#1.xml
2017-10-06 14:14:46,151 INFO [91386528]       StepMonitoring.java:96   | SCALE
2017-10-06 14:14:46,162 INFO [91386528]         ScaleBuilder.java:524  | Second combo peak too different (31,33,34), ignored
2017-10-06 14:14:46,164 INFO [91386528]         ScaleBuilder.java:229  | No beam key found, guessed value 10
2017-10-06 14:14:46,165 INFO [91386528]            ScaleStep.java:87   | Scale{line(4,6,8) interline(12,16,18) beam(10 extra)}
2017-10-06 14:14:46,167 INFO [91386528]            BasicBook.java:1395 | Stored /book.xml
2017-10-06 14:14:46,168 INFO [91386528]           BasicSheet.java:979  | Stored /sheet#1/sheet#1.xml
2017-10-06 14:14:46,170 INFO [91386528]       StepMonitoring.java:96   | GRID
2017-10-06 14:14:46,374 INFO [91386528]       LinesRetriever.java:442  | Global slope: 0.00854
2017-10-06 14:14:46,415 INFO [91386528]    ClustersRetriever.java:241  | Retrieved line clusters: 0 of size: 5 with interline: (12,16,18)
2017-10-06 14:14:46,478 WARN [91386528]            PeakGraph.java:176  | No system found
2017-10-06 14:14:46,479 INFO [91386528]            BasicStub.java:493  | Sheet 91386528 flagged as invalid.
2017-10-06 14:14:46,482 WARN [91386528]            BasicStub.java:841  | Error in GRID java.util.concurrent.ExecutionException: org.audiveris.omr.step.StepException: No system found
java.util.concurrent.ExecutionException: org.audiveris.omr.step.StepException: No system found
	at java.util.concurrent.FutureTask.report(FutureTask.java:122)
	at java.util.concurrent.FutureTask.get(FutureTask.java:206)
	at org.audiveris.omr.sheet.BasicStub.doOneStep(BasicStub.java:824)
	at org.audiveris.omr.sheet.BasicStub.reachStep(BasicStub.java:564)
	at org.audiveris.omr.sheet.BasicBook.reachBookStep(BasicBook.java:1063)
	at org.audiveris.omr.sheet.BasicBook.transcribe(BasicBook.java:1446)
	at org.audiveris.omr.sheet.BasicBook.export(BasicBook.java:558)
	at org.audiveris.omr.CLI$ProcessingTask.processBook(CLI.java:785)
	at org.audiveris.omr.CLI$CliTask.call(CLI.java:344)
	at org.audiveris.omr.Main.runBatchTasks(Main.java:316)
	at org.audiveris.omr.Main.main(Main.java:155)
	at Audiveris.main(Audiveris.java:49)
Caused by: org.audiveris.omr.step.StepException: No system found
	at org.audiveris.omr.sheet.grid.PeakGraph.buildSystems(PeakGraph.java:178)
	at org.audiveris.omr.sheet.grid.BarsRetriever.process(BarsRetriever.java:249)
	at org.audiveris.omr.sheet.grid.GridBuilder.buildInfo(GridBuilder.java:131)
	at org.audiveris.omr.sheet.grid.GridStep.doit(GridStep.java:94)
	at org.audiveris.omr.step.Step.doit(Step.java:168)
	at org.audiveris.omr.sheet.BasicStub$3.call(BasicStub.java:814)
	at org.audiveris.omr.sheet.BasicStub$3.call(BasicStub.java:802)
	at java.util.concurrent.FutureTask.run(FutureTask.java:266)
	at java.util.concurrent.ThreadPoolExecutor.runWorker(ThreadPoolExecutor.java:1149)
	at java.util.concurrent.ThreadPoolExecutor$Worker.run(ThreadPoolExecutor.java:624)
	at java.lang.Thread.run(Thread.java:748)
2017-10-06 14:14:46,483 INFO [91386528]            BasicStub.java:846  | Cause org.audiveris.omr.step.StepException: No system found
2017-10-06 14:14:46,484 INFO [91386528]            BasicStub.java:571  | StepException detected in [LOAD, BINARY, SCALE, GRID, HEADERS, STEM_SEEDS, BEAMS, LEDGERS, HEADS, STEMS, REDUCTION, CUE_BEAMS, TEXTS, MEASURES, CHORDS, CURVES, SYMBOLS, LINKS, RHYTHMS, PAGE]
2017-10-06 14:14:46,547 INFO [91386528]            BasicBook.java:1395 | Stored /book.xml
2017-10-06 14:14:46,551 INFO [91386528]           BasicSheet.java:979  | Stored /sheet#1/sheet#1.xml
2017-10-06 14:14:46,551 INFO [91386528]            BasicBook.java:1355 | Book stored as /Users/stephenn/Documents/workspace/nlsomr/xml_out/91386487/91386528/91386528.omr
