2017-10-06 14:27:18,489 INFO [91386792]            BasicBook.java:427  | 1 sheet in /Users/stephenn/Documents/workspace/nlsomr/working/91386792.jpg
2017-10-06 14:27:18,664 INFO []            BasicBook.java:1395 | Stored /book.xml
2017-10-06 14:27:18,664 INFO []            BasicBook.java:1355 | Book stored as /Users/stephenn/Documents/workspace/nlsomr/xml_out/91386487/91386792/91386792.omr
2017-10-06 14:27:18,670 INFO []            BasicBook.java:996  | Book reaching PAGE on sheets:[#1]
2017-10-06 14:27:18,672 INFO [91386792]       StepMonitoring.java:96   | LOAD
2017-10-06 14:27:18,850 INFO [91386792]            BasicBook.java:911  | Loaded image 1 2000x3056 from /Users/stephenn/Documents/workspace/nlsomr/working/91386792.jpg
2017-10-06 14:27:18,854 INFO [91386792]            ImageUtil.java:82   | Converting max RGB to gray ...
2017-10-06 14:27:19,140 INFO [91386792]            BasicBook.java:1395 | Stored /book.xml
2017-10-06 14:27:19,439 INFO [91386792]           BasicSheet.java:979  | Stored /sheet#1/sheet#1.xml
2017-10-06 14:27:19,440 INFO [91386792]       StepMonitoring.java:96   | BINARY
2017-10-06 14:27:20,031 INFO [91386792]            BasicBook.java:1395 | Stored /book.xml
2017-10-06 14:27:20,372 INFO [91386792]              Picture.java:786  | Stored /sheet#1/BINARY.xml
2017-10-06 14:27:20,374 INFO [91386792]           BasicSheet.java:979  | Stored /sheet#1/sheet#1.xml
2017-10-06 14:27:20,376 INFO [91386792]       StepMonitoring.java:96   | SCALE
2017-10-06 14:27:20,424 INFO [91386792]            ScaleStep.java:87   | Scale{line(2,4,5) interline(16,17,17) beam(12)}
2017-10-06 14:27:20,427 INFO [91386792]            BasicBook.java:1395 | Stored /book.xml
2017-10-06 14:27:20,430 INFO [91386792]           BasicSheet.java:979  | Stored /sheet#1/sheet#1.xml
2017-10-06 14:27:20,433 INFO [91386792]       StepMonitoring.java:96   | GRID
2017-10-06 14:27:21,264 INFO [91386792]       LinesRetriever.java:442  | Global slope: -0.00038
2017-10-06 14:27:21,358 INFO [91386792]    ClustersRetriever.java:241  | Retrieved line clusters: 12 of size: 5 with interline: (16,17,17)
2017-10-06 14:27:22,004 INFO [91386792]            PeakGraph.java:181  | Systems: #1[1, 2] #2[3, 4] #3[5, 6] #4[7, 8] #5[9, 10] #6[11, 12]
2017-10-06 14:27:22,926 INFO [91386792]        SystemManager.java:626  | Indentation detected for system#1
2017-10-06 14:27:22,927 INFO [91386792]        SystemManager.java:626  | Indentation detected for system#5
2017-10-06 14:27:22,928 INFO [91386792]        SystemManager.java:671  | 2 pages found in sheet
2017-10-06 14:27:22,928 INFO [91386792]        SystemManager.java:709  | Page #1: 1 part along 4 systems
2017-10-06 14:27:22,929 INFO [91386792]        SystemManager.java:709  | Page #2: 1 part along 2 systems
2017-10-06 14:27:22,932 INFO [91386792]            BasicBook.java:1395 | Stored /book.xml
2017-10-06 14:27:23,179 INFO [91386792]           BasicSheet.java:979  | Stored /sheet#1/sheet#1.xml
2017-10-06 14:27:23,182 INFO [91386792]       StepMonitoring.java:96   | HEADERS
2017-10-06 14:27:23,619 INFO []          Nd4jBackend.java:194  | Loaded [CpuBackend] backend
2017-10-06 14:27:23,676 INFO []      NativeOpsHolder.java:49   | Number of threads used for NativeOps: 2
2017-10-06 14:27:24,114 INFO [] DefaultOpExecutioner.java:544  | Backend used: [CPU]; OS: [Mac OS X]
2017-10-06 14:27:24,114 INFO [] DefaultOpExecutioner.java:545  | Cores: [4]; Memory: [3.6GB];
2017-10-06 14:27:24,115 INFO [] DefaultOpExecutioner.java:546  | Blas vendor: [OPENBLAS]
2017-10-06 14:27:24,154 INFO []   AbstractClassifier.java:332  | Classifier data loaded from default uri jar:file:/Users/stephenn/Documents/workspace/audiveris/build/distributions/Audiveris/lib/audiveris.jar!/res/basic-classifier.zip
2017-10-06 14:27:25,705 INFO [91386792]           KeyBuilder.java:746  | Staff#1 key slice#2 pitch adjusted from -3.6 to -3
2017-10-06 14:27:26,427 WARN [91386792]          ClefBuilder.java:560  | Staff#6 no header clef.
2017-10-06 14:27:26,470 INFO [91386792]           KeyBuilder.java:746  | Staff#5 key slice#2 pitch adjusted from -3.6 to -3
2017-10-06 14:27:26,603 WARN [91386792]          ClefBuilder.java:560  | Staff#8 no header clef.
2017-10-06 14:27:26,745 WARN [91386792]          ClefBuilder.java:560  | Staff#10 no header clef.
2017-10-06 14:27:26,918 INFO [91386792]            BasicBook.java:1395 | Stored /book.xml
2017-10-06 14:27:27,335 INFO [91386792]           BasicSheet.java:979  | Stored /sheet#1/sheet#1.xml
2017-10-06 14:27:27,335 INFO []   AbstractClassifier.java:332  | Classifier data loaded from default uri jar:file:/Users/stephenn/Documents/workspace/audiveris/build/distributions/Audiveris/lib/audiveris.jar!/res/deep-classifier.zip
2017-10-06 14:27:27,337 INFO [91386792]       StepMonitoring.java:96   | STEM_SEEDS
2017-10-06 14:27:27,433 INFO [91386792]        StemSeedsStep.java:91   | stem(3 max:5)
2017-10-06 14:27:27,535 INFO [91386792]            BasicBook.java:1395 | Stored /book.xml
2017-10-06 14:27:28,039 INFO [91386792]           BasicSheet.java:979  | Stored /sheet#1/sheet#1.xml
2017-10-06 14:27:28,042 INFO [91386792]       StepMonitoring.java:96   | BEAMS
2017-10-06 14:27:32,580 INFO [91386792]            BeamsStep.java:89   | BeamDistance{count:10 mean:15.29 stdDev:0.75}
2017-10-06 14:27:32,585 INFO [91386792]            BasicBook.java:1395 | Stored /book.xml
2017-10-06 14:27:32,643 INFO [91386792]              Picture.java:786  | Stored /sheet#1/HEAD_SPOTS.xml
2017-10-06 14:27:33,005 INFO [91386792]           BasicSheet.java:979  | Stored /sheet#1/sheet#1.xml
2017-10-06 14:27:33,007 INFO [91386792]       StepMonitoring.java:96   | LEDGERS
2017-10-06 14:27:33,436 INFO [91386792]            BasicBook.java:1395 | Stored /book.xml
2017-10-06 14:27:33,871 INFO [91386792]           BasicSheet.java:979  | Stored /sheet#1/sheet#1.xml
2017-10-06 14:27:33,873 INFO [91386792]       StepMonitoring.java:96   | HEADS
2017-10-06 14:27:36,629 INFO [91386792]            BasicBook.java:1395 | Stored /book.xml
2017-10-06 14:27:37,476 INFO [91386792]           BasicSheet.java:979  | Stored /sheet#1/sheet#1.xml
2017-10-06 14:27:37,479 INFO [91386792]       StepMonitoring.java:96   | STEMS
2017-10-06 14:27:38,922 INFO [91386792]            BasicBook.java:1395 | Stored /book.xml
2017-10-06 14:27:39,986 INFO [91386792]           BasicSheet.java:979  | Stored /sheet#1/sheet#1.xml
2017-10-06 14:27:39,989 INFO [91386792]       StepMonitoring.java:96   | REDUCTION
2017-10-06 14:27:40,346 INFO [91386792]            BasicBook.java:1395 | Stored /book.xml
2017-10-06 14:27:41,166 INFO [91386792]           BasicSheet.java:979  | Stored /sheet#1/sheet#1.xml
2017-10-06 14:27:41,169 INFO [91386792]       StepMonitoring.java:96   | CUE_BEAMS
2017-10-06 14:27:41,172 INFO [91386792]            BasicBook.java:1395 | Stored /book.xml
2017-10-06 14:27:41,966 INFO [91386792]           BasicSheet.java:979  | Stored /sheet#1/sheet#1.xml
2017-10-06 14:27:41,969 INFO [91386792]       StepMonitoring.java:96   | TEXTS
2017-10-06 14:27:44,119 INFO [91386792]            BasicBook.java:1395 | Stored /book.xml
2017-10-06 14:27:44,657 INFO [91386792]           BasicSheet.java:979  | Stored /sheet#1/sheet#1.xml
2017-10-06 14:27:44,659 INFO [91386792]       StepMonitoring.java:96   | MEASURES
2017-10-06 14:27:44,663 INFO [91386792]                 Page.java:210  | 17 raw measures: [5 in system#1, 4 in system#2, 4 in system#3, 4 in system#4]
2017-10-06 14:27:44,664 INFO [91386792]                 Page.java:210  | 9 raw measures: [4 in system#5, 5 in system#6]
2017-10-06 14:27:44,666 INFO [91386792]            BasicBook.java:1395 | Stored /book.xml
2017-10-06 14:27:45,197 INFO [91386792]           BasicSheet.java:979  | Stored /sheet#1/sheet#1.xml
2017-10-06 14:27:45,199 INFO [91386792]       StepMonitoring.java:96   | CHORDS
2017-10-06 14:27:45,211 INFO [91386792]            BasicBook.java:1395 | Stored /book.xml
2017-10-06 14:27:45,778 INFO [91386792]           BasicSheet.java:979  | Stored /sheet#1/sheet#1.xml
2017-10-06 14:27:45,781 INFO [91386792]       StepMonitoring.java:96   | CURVES
2017-10-06 14:27:47,309 INFO [91386792]         SlursBuilder.java:762  | RIGHT collision SlurInter{#4910(0.684)} & SlurInter{#5041(0.340)} @ HeadInter{#2404(0.665/0.800) e#4749 s:3 p:0.00 NOTEHEAD_BLACK}
2017-10-06 14:27:47,310 INFO [91386792]         SlursBuilder.java:762  | RIGHT collision SlurInter{#5041(0.340)} & SlurInter{#4910(0.684)} @ HeadInter{#2404(0.665/0.800) e#4749 s:3 p:0.00 NOTEHEAD_BLACK}
2017-10-06 14:27:47,313 INFO [91386792]         SlursBuilder.java:762  | RIGHT collision SlurInter{#4986(0.709)} & SlurInter{#5035(0.398)} @ HeadInter{#4029(0.713/0.878) e#4881 s:11 p:3.00 NOTEHEAD_BLACK}
2017-10-06 14:27:47,317 INFO [91386792]         SlursBuilder.java:762  | RIGHT collision SlurInter{#5035(0.398)} & SlurInter{#4986(0.709)} @ HeadInter{#4029(0.713/0.878) e#4881 s:11 p:3.00 NOTEHEAD_BLACK}
2017-10-06 14:27:47,318 INFO [91386792]         SlursBuilder.java:157  | Slurs: 40
2017-10-06 14:27:47,342 INFO [91386792]      SegmentsBuilder.java:113  | Segments: 24
2017-10-06 14:27:47,348 INFO [91386792]            BasicBook.java:1395 | Stored /book.xml
2017-10-06 14:27:48,346 INFO [91386792]           BasicSheet.java:979  | Stored /sheet#1/sheet#1.xml
2017-10-06 14:27:48,348 INFO [91386792]       StepMonitoring.java:96   | SYMBOLS
2017-10-06 14:27:50,165 INFO [91386792]            BasicBook.java:1395 | Stored /book.xml
2017-10-06 14:27:51,270 INFO [91386792]           BasicSheet.java:979  | Stored /sheet#1/sheet#1.xml
2017-10-06 14:27:51,272 INFO [91386792]       StepMonitoring.java:96   | LINKS
2017-10-06 14:27:51,296 INFO [91386792]        SymbolsLinker.java:252  | No chord above PedalInter{#5960(0.799) PEDAL_UP_MARK}
2017-10-06 14:27:51,312 INFO [91386792]        SymbolsLinker.java:252  | No chord above PedalInter{#5980(0.800) PEDAL_UP_MARK}
2017-10-06 14:27:51,337 INFO [91386792]            BasicBook.java:1395 | Stored /book.xml
2017-10-06 14:27:52,462 INFO [91386792]           BasicSheet.java:979  | Stored /sheet#1/sheet#1.xml
2017-10-06 14:27:52,465 INFO [91386792]       StepMonitoring.java:96   | RHYTHMS
2017-10-06 14:27:52,501 INFO [91386792]           PageRhythm.java:314  | Range{1-17 ts:3/4} Durations avgGuess:3/4 topGuess:3/4 avgValue:0.68 stacks:17 voices:36 Histogram{1/4-1 size:7 [1/4=1 3/8=1 7/16=1 1/2=13 3/4=15 7/8=3 1=2]}
2017-10-06 14:27:52,503 INFO [91386792]         SlotsBuilder.java:427  | S1 MeasureStack#2 Slot{#4 xOffset=144 timeOffset=1/2 incomings=[#4729] SUSPICIOUS}
2017-10-06 14:27:52,504 INFO [91386792]                Voice.java:257  | S1 MeasureStack#2 Voice #1 too long 1/2
2017-10-06 14:27:52,505 INFO [91386792]                Voice.java:257  | S1 MeasureStack#2 Voice #2 too long 1/2
2017-10-06 14:27:52,505 INFO [91386792]           StackTuner.java:92   | S1 MeasureStack#2 no correct rhythm
2017-10-06 14:27:52,506 INFO [91386792]         SlotsBuilder.java:427  | S1 MeasureStack#3 Slot{#4 xOffset=164 timeOffset=1/2 incomings=[#4734] SUSPICIOUS}
2017-10-06 14:27:52,507 INFO [91386792]                Voice.java:257  | S1 MeasureStack#3 Voice #1 too long 1/4
2017-10-06 14:27:52,508 INFO [91386792]                Voice.java:257  | S1 MeasureStack#3 Voice #3 too long 1/4
2017-10-06 14:27:52,508 INFO [91386792]           StackTuner.java:92   | S1 MeasureStack#3 no correct rhythm
2017-10-06 14:27:52,512 INFO [91386792]                Voice.java:257  | S2 MeasureStack#7 Voice #2 too long 1/8
2017-10-06 14:27:52,512 INFO [91386792]           StackTuner.java:92   | S2 MeasureStack#7 no correct rhythm
2017-10-06 14:27:52,516 INFO [91386792]                Voice.java:257  | S3 MeasureStack#11 Voice #1 too long 1/8
2017-10-06 14:27:52,517 INFO [91386792]                Voice.java:257  | S3 MeasureStack#11 Voice #2 too long 1/8
2017-10-06 14:27:52,518 INFO [91386792]           StackTuner.java:92   | S3 MeasureStack#11 no correct rhythm
2017-10-06 14:27:52,520 INFO [91386792]                Voice.java:257  | S3 MeasureStack#13 Voice #1 too long 1/4
2017-10-06 14:27:52,521 INFO [91386792]                Voice.java:257  | S3 MeasureStack#13 Voice #2 too long 1/4
2017-10-06 14:27:52,521 INFO [91386792]           StackTuner.java:92   | S3 MeasureStack#13 no correct rhythm
2017-10-06 14:27:52,522 INFO [91386792]         SlotsBuilder.java:427  | S4 MeasureStack#14 Slot{#4 xOffset=323 timeOffset=1/2 incomings=[#4813] SUSPICIOUS}
2017-10-06 14:27:52,523 INFO [91386792]                Voice.java:257  | S4 MeasureStack#14 Voice #1 too long 1/2
2017-10-06 14:27:52,523 INFO [91386792]                Voice.java:257  | S4 MeasureStack#14 Voice #2 too long 1/2
2017-10-06 14:27:52,523 INFO [91386792]           StackTuner.java:92   | S4 MeasureStack#14 no correct rhythm
2017-10-06 14:27:52,525 INFO [91386792]         SlotsBuilder.java:427  | S4 MeasureStack#15 Slot{#4 xOffset=229 timeOffset=1/2 incomings=[#4818] SUSPICIOUS}
2017-10-06 14:27:52,525 INFO [91386792]                Voice.java:257  | S4 MeasureStack#15 Voice #1 too long 1/4
2017-10-06 14:27:52,525 INFO [91386792]                Voice.java:257  | S4 MeasureStack#15 Voice #3 too long 1/4
2017-10-06 14:27:52,526 INFO [91386792]           StackTuner.java:92   | S4 MeasureStack#15 no correct rhythm
2017-10-06 14:27:52,532 INFO [91386792]         SlotsBuilder.java:399  | Stack#3 suspicious Slot{#6 xOffset=281 timeOffset=5/8 incomings=[#4853]}
2017-10-06 14:27:52,540 INFO [91386792]           PageRhythm.java:314  | Range{1-9 ts:3/4} Durations avgGuess:3/4 topGuess:3/4 avgValue:0.73 stacks:9 voices:18 Histogram{1/8-7/8 size:6 [1/8=1 3/8=2 1/2=3 5/8=2 3/4=5 7/8=5]}
2017-10-06 14:27:52,549 INFO [91386792]                Voice.java:257  | S6 MeasureStack#6 Voice #1 too long 1/8
2017-10-06 14:27:52,550 INFO [91386792]           StackTuner.java:92   | S6 MeasureStack#6 no correct rhythm
2017-10-06 14:27:52,552 INFO [91386792]                Voice.java:257  | S6 MeasureStack#7 Voice #1 too long 1/8
2017-10-06 14:27:52,552 INFO [91386792]                Voice.java:257  | S6 MeasureStack#7 Voice #2 too long 1/8
2017-10-06 14:27:52,553 INFO [91386792]           StackTuner.java:92   | S6 MeasureStack#7 no correct rhythm
2017-10-06 14:27:52,554 INFO [91386792]                Voice.java:257  | S6 MeasureStack#8 Voice #1 too long 1/8
2017-10-06 14:27:52,555 INFO [91386792]                Voice.java:257  | S6 MeasureStack#8 Voice #2 too long 1/8
2017-10-06 14:27:52,555 INFO [91386792]           StackTuner.java:92   | S6 MeasureStack#8 no correct rhythm
2017-10-06 14:27:52,557 INFO [91386792]            BasicBook.java:1395 | Stored /book.xml
2017-10-06 14:27:53,731 INFO [91386792]           BasicSheet.java:979  | Stored /sheet#1/sheet#1.xml
2017-10-06 14:27:53,733 INFO [91386792]       StepMonitoring.java:96   | PAGE
2017-10-06 14:27:53,736 INFO [91386792]                 Part.java:275  | Could not right-connect slur#4944
2017-10-06 14:27:53,737 INFO [91386792]                 Part.java:267  | Could not left-connect slur#4957
2017-10-06 14:27:53,737 INFO [91386792]                 Part.java:267  | Could not left-connect slur#5310
2017-10-06 14:27:53,739 INFO [91386792]                Voice.java:257  | S1 MeasureStack#2 Voice #1 too long 1/2
2017-10-06 14:27:53,739 INFO [91386792]                Voice.java:257  | S1 MeasureStack#2 Voice #2 too long 1/2
2017-10-06 14:27:53,739 INFO [91386792]                Voice.java:257  | S1 MeasureStack#3 Voice #1 too long 1/4
2017-10-06 14:27:53,739 INFO [91386792]                Voice.java:257  | S1 MeasureStack#3 Voice #3 too long 1/4
2017-10-06 14:27:53,739 INFO [91386792]                Voice.java:257  | S2 MeasureStack#7 Voice #2 too long 1/8
2017-10-06 14:27:53,740 INFO [91386792]                Voice.java:257  | S3 MeasureStack#11 Voice #1 too long 1/8
2017-10-06 14:27:53,740 INFO [91386792]                Voice.java:257  | S3 MeasureStack#11 Voice #2 too long 1/8
2017-10-06 14:27:53,740 INFO [91386792]                Voice.java:257  | S3 MeasureStack#13 Voice #1 too long 1/4
2017-10-06 14:27:53,740 INFO [91386792]                Voice.java:257  | S3 MeasureStack#13 Voice #2 too long 1/4
2017-10-06 14:27:53,740 INFO [91386792]                Voice.java:257  | S4 MeasureStack#14 Voice #1 too long 1/2
2017-10-06 14:27:53,741 INFO [91386792]                Voice.java:257  | S4 MeasureStack#14 Voice #2 too long 1/2
2017-10-06 14:27:53,741 INFO [91386792]                Voice.java:257  | S4 MeasureStack#15 Voice #1 too long 1/4
2017-10-06 14:27:53,741 INFO [91386792]                Voice.java:257  | S4 MeasureStack#15 Voice #3 too long 1/4
2017-10-06 14:27:53,742 INFO [91386792]                Voice.java:257  | S6 MeasureStack#6 Voice #1 too long 1/8
2017-10-06 14:27:53,742 INFO [91386792]                Voice.java:257  | S6 MeasureStack#7 Voice #1 too long 1/8
2017-10-06 14:27:53,742 INFO [91386792]                Voice.java:257  | S6 MeasureStack#7 Voice #2 too long 1/8
2017-10-06 14:27:53,743 INFO [91386792]                Voice.java:257  | S6 MeasureStack#8 Voice #1 too long 1/8
2017-10-06 14:27:53,743 INFO [91386792]                Voice.java:257  | S6 MeasureStack#8 Voice #2 too long 1/8
2017-10-06 14:27:53,744 INFO [91386792]            BasicBook.java:1395 | Stored /book.xml
2017-10-06 14:27:54,957 INFO [91386792]           BasicSheet.java:979  | Stored /sheet#1/sheet#1.xml
2017-10-06 14:27:54,959 INFO [91386792]            BasicStub.java:723  | Sheet{91386792} disposed
2017-10-06 14:27:55,865 INFO [91386792]            BasicStub.java:449  | Loaded /sheet#1/sheet#1.xml
2017-10-06 14:27:55,867 INFO [91386792]            BasicBook.java:1133 | Scores built: 2
2017-10-06 14:27:56,880 WARN [91386792]      PartwiseBuilder.java:1379 | Error visiting null
java.lang.NullPointerException: null
	at org.audiveris.omr.score.PartwiseBuilder.processKey(PartwiseBuilder.java:1344)
	at org.audiveris.omr.score.PartwiseBuilder.processKeys(PartwiseBuilder.java:1407)
	at org.audiveris.omr.score.PartwiseBuilder.processMeasure(PartwiseBuilder.java:1575)
	at org.audiveris.omr.score.PartwiseBuilder.processPart(PartwiseBuilder.java:1988)
	at org.audiveris.omr.score.PartwiseBuilder.processSystem(PartwiseBuilder.java:2528)
	at org.audiveris.omr.score.PartwiseBuilder.processLogicalPart(PartwiseBuilder.java:1433)
	at org.audiveris.omr.score.PartwiseBuilder.processStub(PartwiseBuilder.java:2483)
	at org.audiveris.omr.score.PartwiseBuilder.processPartList(PartwiseBuilder.java:2017)
	at org.audiveris.omr.score.PartwiseBuilder.processScore(PartwiseBuilder.java:2195)
	at org.audiveris.omr.score.PartwiseBuilder.build(PartwiseBuilder.java:307)
	at org.audiveris.omr.score.ScoreExporter.export(ScoreExporter.java:117)
	at org.audiveris.omr.score.ScoreExporter.export(ScoreExporter.java:91)
	at org.audiveris.omr.sheet.BasicBook.export(BasicBook.java:589)
	at org.audiveris.omr.CLI$ProcessingTask.processBook(CLI.java:785)
	at org.audiveris.omr.CLI$CliTask.call(CLI.java:344)
	at org.audiveris.omr.Main.runBatchTasks(Main.java:316)
	at org.audiveris.omr.Main.main(Main.java:155)
	at Audiveris.main(Audiveris.java:49)
2017-10-06 14:27:56,887 WARN [91386792]      PartwiseBuilder.java:1379 | Error visiting null
java.lang.NullPointerException: null
	at org.audiveris.omr.score.PartwiseBuilder.processKey(PartwiseBuilder.java:1344)
	at org.audiveris.omr.score.PartwiseBuilder.processKeys(PartwiseBuilder.java:1407)
	at org.audiveris.omr.score.PartwiseBuilder.processMeasure(PartwiseBuilder.java:1575)
	at org.audiveris.omr.score.PartwiseBuilder.processPart(PartwiseBuilder.java:1988)
	at org.audiveris.omr.score.PartwiseBuilder.processSystem(PartwiseBuilder.java:2528)
	at org.audiveris.omr.score.PartwiseBuilder.processLogicalPart(PartwiseBuilder.java:1433)
	at org.audiveris.omr.score.PartwiseBuilder.processStub(PartwiseBuilder.java:2483)
	at org.audiveris.omr.score.PartwiseBuilder.processPartList(PartwiseBuilder.java:2017)
	at org.audiveris.omr.score.PartwiseBuilder.processScore(PartwiseBuilder.java:2195)
	at org.audiveris.omr.score.PartwiseBuilder.build(PartwiseBuilder.java:307)
	at org.audiveris.omr.score.ScoreExporter.export(ScoreExporter.java:117)
	at org.audiveris.omr.score.ScoreExporter.export(ScoreExporter.java:91)
	at org.audiveris.omr.sheet.BasicBook.export(BasicBook.java:589)
	at org.audiveris.omr.CLI$ProcessingTask.processBook(CLI.java:785)
	at org.audiveris.omr.CLI$CliTask.call(CLI.java:344)
	at org.audiveris.omr.Main.runBatchTasks(Main.java:316)
	at org.audiveris.omr.Main.main(Main.java:155)
	at Audiveris.main(Audiveris.java:49)
2017-10-06 14:27:56,945 INFO [91386792]        ScoreExporter.java:93   | Score 91386792.mvt1 exported to /Users/stephenn/Documents/workspace/nlsomr/xml_out/91386487/91386792/91386792.mvt1.mxl
2017-10-06 14:27:56,946 WARN [91386792]      PartwiseBuilder.java:1379 | Error visiting null
java.lang.NullPointerException: null
	at org.audiveris.omr.score.PartwiseBuilder.processKey(PartwiseBuilder.java:1344)
	at org.audiveris.omr.score.PartwiseBuilder.processKeys(PartwiseBuilder.java:1407)
	at org.audiveris.omr.score.PartwiseBuilder.processMeasure(PartwiseBuilder.java:1575)
	at org.audiveris.omr.score.PartwiseBuilder.processPart(PartwiseBuilder.java:1988)
	at org.audiveris.omr.score.PartwiseBuilder.processSystem(PartwiseBuilder.java:2528)
	at org.audiveris.omr.score.PartwiseBuilder.processLogicalPart(PartwiseBuilder.java:1433)
	at org.audiveris.omr.score.PartwiseBuilder.processStub(PartwiseBuilder.java:2483)
	at org.audiveris.omr.score.PartwiseBuilder.processPartList(PartwiseBuilder.java:2017)
	at org.audiveris.omr.score.PartwiseBuilder.processScore(PartwiseBuilder.java:2195)
	at org.audiveris.omr.score.PartwiseBuilder.build(PartwiseBuilder.java:307)
	at org.audiveris.omr.score.ScoreExporter.export(ScoreExporter.java:117)
	at org.audiveris.omr.score.ScoreExporter.export(ScoreExporter.java:91)
	at org.audiveris.omr.sheet.BasicBook.export(BasicBook.java:589)
	at org.audiveris.omr.CLI$ProcessingTask.processBook(CLI.java:785)
	at org.audiveris.omr.CLI$CliTask.call(CLI.java:344)
	at org.audiveris.omr.Main.runBatchTasks(Main.java:316)
	at org.audiveris.omr.Main.main(Main.java:155)
	at Audiveris.main(Audiveris.java:49)
2017-10-06 14:27:56,971 INFO [91386792]        ScoreExporter.java:93   | Score 91386792.mvt2 exported to /Users/stephenn/Documents/workspace/nlsomr/xml_out/91386487/91386792/91386792.mvt2.mxl
2017-10-06 14:27:57,115 INFO [91386792]            BasicBook.java:1395 | Stored /book.xml
2017-10-06 14:27:57,116 INFO [91386792]            BasicBook.java:1355 | Book stored as /Users/stephenn/Documents/workspace/nlsomr/xml_out/91386487/91386792/91386792.omr
