2017-10-06 14:15:48,008 INFO [91386600]            BasicBook.java:427  | 1 sheet in /Users/stephenn/Documents/workspace/nlsomr/working/91386600.jpg
2017-10-06 14:15:48,163 INFO []            BasicBook.java:1395 | Stored /book.xml
2017-10-06 14:15:48,164 INFO []            BasicBook.java:1355 | Book stored as /Users/stephenn/Documents/workspace/nlsomr/xml_out/91386487/91386600/91386600.omr
2017-10-06 14:15:48,169 INFO []            BasicBook.java:996  | Book reaching PAGE on sheets:[#1]
2017-10-06 14:15:48,171 INFO [91386600]       StepMonitoring.java:96   | LOAD
2017-10-06 14:15:48,324 INFO [91386600]            BasicBook.java:911  | Loaded image 1 2000x3050 from /Users/stephenn/Documents/workspace/nlsomr/working/91386600.jpg
2017-10-06 14:15:48,327 INFO [91386600]            ImageUtil.java:82   | Converting max RGB to gray ...
2017-10-06 14:15:48,570 INFO [91386600]            BasicBook.java:1395 | Stored /book.xml
2017-10-06 14:15:48,875 INFO [91386600]           BasicSheet.java:979  | Stored /sheet#1/sheet#1.xml
2017-10-06 14:15:48,876 INFO [91386600]       StepMonitoring.java:96   | BINARY
2017-10-06 14:15:49,428 INFO [91386600]            BasicBook.java:1395 | Stored /book.xml
2017-10-06 14:15:49,634 INFO [91386600]              Picture.java:786  | Stored /sheet#1/BINARY.xml
2017-10-06 14:15:49,636 INFO [91386600]           BasicSheet.java:979  | Stored /sheet#1/sheet#1.xml
2017-10-06 14:15:49,638 INFO [91386600]       StepMonitoring.java:96   | SCALE
2017-10-06 14:15:49,667 INFO [91386600]            ScaleStep.java:87   | Scale{line(1,4,6) interline(45,47,48) beam(17)}
2017-10-06 14:15:49,670 INFO [91386600]            BasicBook.java:1395 | Stored /book.xml
2017-10-06 14:15:49,672 INFO [91386600]           BasicSheet.java:979  | Stored /sheet#1/sheet#1.xml
2017-10-06 14:15:49,676 INFO [91386600]       StepMonitoring.java:96   | GRID
2017-10-06 14:15:49,977 WARN [91386600]            BasicStub.java:222  | 91386600 Too few staff filaments: 0 This sheet does not seem to contain staff lines.
2017-10-06 14:15:49,978 INFO [91386600]            BasicStub.java:493  | Sheet 91386600 flagged as invalid.
2017-10-06 14:15:49,981 WARN [91386600]            BasicStub.java:841  | Error in GRID java.util.concurrent.ExecutionException: org.audiveris.omr.step.StepException: Sheet ignored
java.util.concurrent.ExecutionException: org.audiveris.omr.step.StepException: Sheet ignored
	at java.util.concurrent.FutureTask.report(FutureTask.java:122)
	at java.util.concurrent.FutureTask.get(FutureTask.java:206)
	at org.audiveris.omr.sheet.BasicStub.doOneStep(BasicStub.java:824)
	at org.audiveris.omr.sheet.BasicStub.reachStep(BasicStub.java:564)
	at org.audiveris.omr.sheet.BasicBook.reachBookStep(BasicBook.java:1063)
	at org.audiveris.omr.sheet.BasicBook.transcribe(BasicBook.java:1446)
	at org.audiveris.omr.sheet.BasicBook.export(BasicBook.java:558)
	at org.audiveris.omr.CLI$ProcessingTask.processBook(CLI.java:785)
	at org.audiveris.omr.CLI$CliTask.call(CLI.java:344)
	at org.audiveris.omr.Main.runBatchTasks(Main.java:316)
	at org.audiveris.omr.Main.main(Main.java:155)
	at Audiveris.main(Audiveris.java:49)
Caused by: org.audiveris.omr.step.StepException: Sheet ignored
	at org.audiveris.omr.sheet.BasicStub.decideOnRemoval(BasicStub.java:236)
	at org.audiveris.omr.sheet.grid.LinesRetriever.purgeCurvedFilaments(LinesRetriever.java:1190)
	at org.audiveris.omr.sheet.grid.LinesRetriever.retrieveLines(LinesRetriever.java:436)
	at org.audiveris.omr.sheet.grid.GridBuilder.buildInfo(GridBuilder.java:124)
	at org.audiveris.omr.sheet.grid.GridStep.doit(GridStep.java:94)
	at org.audiveris.omr.step.Step.doit(Step.java:168)
	at org.audiveris.omr.sheet.BasicStub$3.call(BasicStub.java:814)
	at org.audiveris.omr.sheet.BasicStub$3.call(BasicStub.java:802)
	at java.util.concurrent.FutureTask.run(FutureTask.java:266)
	at java.util.concurrent.ThreadPoolExecutor.runWorker(ThreadPoolExecutor.java:1149)
	at java.util.concurrent.ThreadPoolExecutor$Worker.run(ThreadPoolExecutor.java:624)
	at java.lang.Thread.run(Thread.java:748)
2017-10-06 14:15:49,982 INFO [91386600]            BasicStub.java:846  | Cause org.audiveris.omr.step.StepException: Sheet ignored
2017-10-06 14:15:49,982 INFO [91386600]            BasicStub.java:571  | StepException detected in [LOAD, BINARY, SCALE, GRID, HEADERS, STEM_SEEDS, BEAMS, LEDGERS, HEADS, STEMS, REDUCTION, CUE_BEAMS, TEXTS, MEASURES, CHORDS, CURVES, SYMBOLS, LINKS, RHYTHMS, PAGE]
2017-10-06 14:15:50,052 INFO [91386600]            BasicBook.java:1395 | Stored /book.xml
2017-10-06 14:15:50,054 INFO [91386600]           BasicSheet.java:979  | Stored /sheet#1/sheet#1.xml
2017-10-06 14:15:50,054 INFO [91386600]            BasicBook.java:1355 | Book stored as /Users/stephenn/Documents/workspace/nlsomr/xml_out/91386487/91386600/91386600.omr
