2017-10-06 14:45:28,395 INFO [91387044]            BasicBook.java:427  | 1 sheet in /Users/stephenn/Documents/workspace/nlsomr/working/91387044.jpg
2017-10-06 14:45:28,541 INFO []            BasicBook.java:1395 | Stored /book.xml
2017-10-06 14:45:28,542 INFO []            BasicBook.java:1355 | Book stored as /Users/stephenn/Documents/workspace/nlsomr/xml_out/91386487/91387044/91387044.omr
2017-10-06 14:45:28,547 INFO []            BasicBook.java:996  | Book reaching PAGE on sheets:[#1]
2017-10-06 14:45:28,548 INFO [91387044]       StepMonitoring.java:96   | LOAD
2017-10-06 14:45:28,697 INFO [91387044]            BasicBook.java:911  | Loaded image 1 2000x3056 from /Users/stephenn/Documents/workspace/nlsomr/working/91387044.jpg
2017-10-06 14:45:28,700 INFO [91387044]            ImageUtil.java:82   | Converting max RGB to gray ...
2017-10-06 14:45:28,952 INFO [91387044]            BasicBook.java:1395 | Stored /book.xml
2017-10-06 14:45:29,250 INFO [91387044]           BasicSheet.java:979  | Stored /sheet#1/sheet#1.xml
2017-10-06 14:45:29,252 INFO [91387044]       StepMonitoring.java:96   | BINARY
2017-10-06 14:45:29,874 INFO [91387044]            BasicBook.java:1395 | Stored /book.xml
2017-10-06 14:45:30,202 INFO [91387044]              Picture.java:786  | Stored /sheet#1/BINARY.xml
2017-10-06 14:45:30,204 INFO [91387044]           BasicSheet.java:979  | Stored /sheet#1/sheet#1.xml
2017-10-06 14:45:30,206 INFO [91387044]       StepMonitoring.java:96   | SCALE
2017-10-06 14:45:30,248 INFO [91387044]            ScaleStep.java:87   | Scale{line(3,4,5) interline(16,16,17) beam(12)}
2017-10-06 14:45:30,250 INFO [91387044]            BasicBook.java:1395 | Stored /book.xml
2017-10-06 14:45:30,253 INFO [91387044]           BasicSheet.java:979  | Stored /sheet#1/sheet#1.xml
2017-10-06 14:45:30,256 INFO [91387044]       StepMonitoring.java:96   | GRID
2017-10-06 14:45:31,537 INFO [91387044]       LinesRetriever.java:442  | Global slope: 0.00086
2017-10-06 14:45:31,636 INFO [91387044]    ClustersRetriever.java:241  | Retrieved line clusters: 12 of size: 5 with interline: (16,16,17)
2017-10-06 14:45:32,523 INFO [91387044]            PeakGraph.java:181  | Systems: #1[1, 2] #2[3, 4] #3[5, 6] #4[7, 8] #5[9, 10] #6[11, 12]
2017-10-06 14:45:33,550 INFO [91387044]        SystemManager.java:626  | Indentation detected for system#3
2017-10-06 14:45:33,551 INFO [91387044]        SystemManager.java:671  | 2 pages found in sheet
2017-10-06 14:45:33,551 INFO [91387044]        SystemManager.java:709  | Page #1: 1 part along 2 systems
2017-10-06 14:45:33,552 INFO [91387044]        SystemManager.java:709  | Page #2: 1 part along 4 systems
2017-10-06 14:45:33,556 INFO [91387044]            BasicBook.java:1395 | Stored /book.xml
2017-10-06 14:45:33,789 INFO [91387044]           BasicSheet.java:979  | Stored /sheet#1/sheet#1.xml
2017-10-06 14:45:33,792 INFO [91387044]       StepMonitoring.java:96   | HEADERS
2017-10-06 14:45:34,188 INFO []          Nd4jBackend.java:194  | Loaded [CpuBackend] backend
2017-10-06 14:45:34,257 INFO []      NativeOpsHolder.java:49   | Number of threads used for NativeOps: 2
2017-10-06 14:45:34,733 INFO [] DefaultOpExecutioner.java:544  | Backend used: [CPU]; OS: [Mac OS X]
2017-10-06 14:45:34,734 INFO [] DefaultOpExecutioner.java:545  | Cores: [4]; Memory: [3.6GB];
2017-10-06 14:45:34,734 INFO [] DefaultOpExecutioner.java:546  | Blas vendor: [OPENBLAS]
2017-10-06 14:45:34,789 INFO []   AbstractClassifier.java:332  | Classifier data loaded from default uri jar:file:/Users/stephenn/Documents/workspace/audiveris/build/distributions/Audiveris/lib/audiveris.jar!/res/basic-classifier.zip
2017-10-06 14:45:36,305 WARN [91387044]          ClefBuilder.java:560  | Staff#2 no header clef.
2017-10-06 14:45:36,549 WARN [91387044]          ClefBuilder.java:560  | Staff#4 no header clef.
2017-10-06 14:45:37,511 WARN [91387044]          ClefBuilder.java:560  | Staff#10 no header clef.
2017-10-06 14:45:37,718 INFO [91387044]            BasicBook.java:1395 | Stored /book.xml
2017-10-06 14:45:38,106 INFO [91387044]           BasicSheet.java:979  | Stored /sheet#1/sheet#1.xml
2017-10-06 14:45:38,109 INFO [91387044]       StepMonitoring.java:96   | STEM_SEEDS
2017-10-06 14:45:38,215 INFO []   AbstractClassifier.java:332  | Classifier data loaded from default uri jar:file:/Users/stephenn/Documents/workspace/audiveris/build/distributions/Audiveris/lib/audiveris.jar!/res/deep-classifier.zip
2017-10-06 14:45:38,232 INFO [91387044]        StemSeedsStep.java:91   | stem(4 max:5)
2017-10-06 14:45:38,345 INFO [91387044]            BasicBook.java:1395 | Stored /book.xml
2017-10-06 14:45:38,681 INFO [91387044]           BasicSheet.java:979  | Stored /sheet#1/sheet#1.xml
2017-10-06 14:45:38,684 INFO [91387044]       StepMonitoring.java:96   | BEAMS
2017-10-06 14:45:43,681 INFO [91387044]            BeamsStep.java:89   | BeamDistance{count:46 mean:14.98 stdDev:0.66}
2017-10-06 14:45:43,684 INFO [91387044]            BasicBook.java:1395 | Stored /book.xml
2017-10-06 14:45:43,785 INFO [91387044]              Picture.java:786  | Stored /sheet#1/HEAD_SPOTS.xml
2017-10-06 14:45:44,274 INFO [91387044]           BasicSheet.java:979  | Stored /sheet#1/sheet#1.xml
2017-10-06 14:45:44,277 INFO [91387044]       StepMonitoring.java:96   | LEDGERS
2017-10-06 14:45:44,917 INFO [91387044]            BasicBook.java:1395 | Stored /book.xml
2017-10-06 14:45:45,652 INFO [91387044]           BasicSheet.java:979  | Stored /sheet#1/sheet#1.xml
2017-10-06 14:45:45,654 INFO [91387044]       StepMonitoring.java:96   | HEADS
2017-10-06 14:45:48,218 INFO [91387044]            BasicBook.java:1395 | Stored /book.xml
2017-10-06 14:45:49,464 INFO [91387044]           BasicSheet.java:979  | Stored /sheet#1/sheet#1.xml
2017-10-06 14:45:49,467 INFO [91387044]       StepMonitoring.java:96   | STEMS
2017-10-06 14:45:51,323 INFO [91387044]            BasicBook.java:1395 | Stored /book.xml
2017-10-06 14:45:52,583 INFO [91387044]           BasicSheet.java:979  | Stored /sheet#1/sheet#1.xml
2017-10-06 14:45:52,586 INFO [91387044]       StepMonitoring.java:96   | REDUCTION
2017-10-06 14:45:53,167 INFO [91387044]            BasicBook.java:1395 | Stored /book.xml
2017-10-06 14:45:54,052 INFO [91387044]           BasicSheet.java:979  | Stored /sheet#1/sheet#1.xml
2017-10-06 14:45:54,055 INFO [91387044]       StepMonitoring.java:96   | CUE_BEAMS
2017-10-06 14:45:54,058 INFO [91387044]            BasicBook.java:1395 | Stored /book.xml
2017-10-06 14:45:54,941 INFO [91387044]           BasicSheet.java:979  | Stored /sheet#1/sheet#1.xml
2017-10-06 14:45:54,943 INFO [91387044]       StepMonitoring.java:96   | TEXTS
2017-10-06 14:45:56,864 INFO [91387044]            BasicBook.java:1395 | Stored /book.xml
2017-10-06 14:45:57,907 INFO [91387044]           BasicSheet.java:979  | Stored /sheet#1/sheet#1.xml
2017-10-06 14:45:57,909 INFO [91387044]       StepMonitoring.java:96   | MEASURES
2017-10-06 14:45:57,914 INFO [91387044]                 Page.java:210  | 8 raw measures: [4 in system#1, 4 in system#2]
2017-10-06 14:45:57,915 INFO [91387044]                 Page.java:210  | 17 raw measures: [4 in system#3, 4 in system#4, 4 in system#5, 5 in system#6]
2017-10-06 14:45:57,916 INFO [91387044]            BasicBook.java:1395 | Stored /book.xml
2017-10-06 14:45:58,908 INFO [91387044]           BasicSheet.java:979  | Stored /sheet#1/sheet#1.xml
2017-10-06 14:45:58,910 INFO [91387044]       StepMonitoring.java:96   | CHORDS
2017-10-06 14:45:58,917 INFO [91387044]        ChordsBuilder.java:249  | Deleting StemInter{#5980(0.767/0.939)} on LEFT side of HeadInter{#2808(0.622/0.846) s:4 p:0.00 NOTEHEAD_BLACK}
2017-10-06 14:45:58,928 INFO [91387044]            BasicBook.java:1395 | Stored /book.xml
2017-10-06 14:45:59,960 INFO [91387044]           BasicSheet.java:979  | Stored /sheet#1/sheet#1.xml
2017-10-06 14:45:59,962 INFO [91387044]       StepMonitoring.java:96   | CURVES
2017-10-06 14:46:01,960 INFO [91387044]         SlursBuilder.java:157  | Slurs: 40
2017-10-06 14:46:02,004 INFO [91387044]      SegmentsBuilder.java:113  | Segments: 28
2017-10-06 14:46:02,012 INFO [91387044]            BasicBook.java:1395 | Stored /book.xml
2017-10-06 14:46:03,305 INFO [91387044]           BasicSheet.java:979  | Stored /sheet#1/sheet#1.xml
2017-10-06 14:46:03,308 INFO [91387044]       StepMonitoring.java:96   | SYMBOLS
2017-10-06 14:46:06,444 INFO [91387044]            BasicBook.java:1395 | Stored /book.xml
2017-10-06 14:46:07,868 INFO [91387044]           BasicSheet.java:979  | Stored /sheet#1/sheet#1.xml
2017-10-06 14:46:07,874 INFO [91387044]       StepMonitoring.java:96   | LINKS
2017-10-06 14:46:07,897 INFO [91387044]        SymbolsLinker.java:306  | No measure stack for direction SentenceInter{#6311(0.583) s:5 IS-38 Direction} J 72.
2017-10-06 14:46:07,931 INFO [91387044]            BasicBook.java:1395 | Stored /book.xml
2017-10-06 14:46:09,413 INFO [91387044]           BasicSheet.java:979  | Stored /sheet#1/sheet#1.xml
2017-10-06 14:46:09,417 INFO [91387044]       StepMonitoring.java:96   | RHYTHMS
2017-10-06 14:46:09,443 INFO [91387044]         SlotsBuilder.java:434  | Stack#3 endless loop detected
2017-10-06 14:46:09,451 INFO [91387044]         SlotsBuilder.java:399  | Stack#5 suspicious Slot{#2 xOffset=215 timeOffset=1/8 incomings=[#6407]}
2017-10-06 14:46:09,457 INFO [91387044]         SlotsBuilder.java:399  | Stack#7 suspicious Slot{#2 xOffset=100 timeOffset=1/16 incomings=[#6399#6414]}
2017-10-06 14:46:09,461 INFO [91387044]         SlotsBuilder.java:399  | Stack#8 suspicious Slot{#2 xOffset=88 timeOffset=1/16 incomings=[#6420]}
2017-10-06 14:46:09,465 INFO [91387044]           PageRhythm.java:314  | Range{1-8} Durations avgGuess:1/2 topGuess:3/8 avgValue:0.50 stacks:8 voices:19 Histogram{1/16-1/2 size:6 [1/16=1 1/8=2 1/4=1 5/16=2 3/8=11 1/2=2]}
2017-10-06 14:46:09,466 INFO [91387044]           PageRhythm.java:221  | S1 Range{1-8 dur:1/2} should update to 1/2-based time sig?
2017-10-06 14:46:09,481 INFO [91387044]         SlotsBuilder.java:434  | Stack#3 endless loop detected
2017-10-06 14:46:09,487 INFO [91387044]         SlotsBuilder.java:434  | Stack#5 endless loop detected
2017-10-06 14:46:09,490 INFO [91387044]         SlotsBuilder.java:434  | Stack#7 endless loop detected
2017-10-06 14:46:09,492 INFO [91387044]         SlotsBuilder.java:427  | S2 MeasureStack#8 Slot{#5 xOffset=170 timeOffset=1/8 incomings=[#6421] SUSPICIOUS}
2017-10-06 14:46:09,499 INFO [91387044]                Voice.java:257  | S2 MeasureStack#8 Voice #2 too long 1/32
2017-10-06 14:46:09,500 INFO [91387044]           StackTuner.java:92   | S2 MeasureStack#8 no correct rhythm
2017-10-06 14:46:09,518 INFO [91387044]         SlotsBuilder.java:434  | Stack#7 endless loop detected
2017-10-06 14:46:09,526 INFO [91387044]         SlotsBuilder.java:399  | Stack#12 suspicious Slot{#2 xOffset=107 timeOffset=1/8 incomings=[#6546]}
2017-10-06 14:46:09,535 INFO [91387044]           PageRhythm.java:314  | Range{1-17 ts:3/4} Durations avgGuess:3/4 topGuess:3/4 avgValue:0.78 stacks:17 voices:40 Histogram{1/8-5/4 size:11 [1/8=3 1/4=1 3/8=5 9/16=1 5/8=5 11/16=4 3/4=15 7/8=2 9/8=2 19/16=1 5/4=1]}
2017-10-06 14:46:09,551 INFO [91387044]         SlotsBuilder.java:434  | Stack#7 endless loop detected
2017-10-06 14:46:09,551 INFO [91387044]                Voice.java:257  | S4 MeasureStack#7 Voice #2 too long 7/16
2017-10-06 14:46:09,551 INFO [91387044]                Voice.java:257  | S4 MeasureStack#7 Voice #3 too long 1/2
2017-10-06 14:46:09,553 INFO [91387044]           StackTuner.java:92   | S4 MeasureStack#7 no correct rhythm
2017-10-06 14:46:09,558 INFO [91387044]                Voice.java:257  | S4 MeasureStack#8 Voice #1 too long 3/8
2017-10-06 14:46:09,558 INFO [91387044]                Voice.java:257  | S4 MeasureStack#8 Voice #2 too long 3/8
2017-10-06 14:46:09,558 INFO [91387044]           StackTuner.java:92   | S4 MeasureStack#8 no correct rhythm
2017-10-06 14:46:09,561 INFO [91387044]                Voice.java:257  | S5 MeasureStack#10 Voice #1 too long 1/8
2017-10-06 14:46:09,561 INFO [91387044]                Voice.java:257  | S5 MeasureStack#10 Voice #3 too long 1/8
2017-10-06 14:46:09,561 INFO [91387044]           StackTuner.java:92   | S5 MeasureStack#10 no correct rhythm
2017-10-06 14:46:09,563 INFO [91387044]         SlotsBuilder.java:427  | S5 MeasureStack#11 Slot{#7 xOffset=321 timeOffset=11/16 incomings=[#6544] SUSPICIOUS}
2017-10-06 14:46:09,563 INFO [91387044]                Voice.java:257  | S5 MeasureStack#11 Voice #2 too long 1/16
2017-10-06 14:46:09,564 INFO [91387044]           StackTuner.java:92   | S5 MeasureStack#11 no correct rhythm
2017-10-06 14:46:09,568 INFO [91387044]         SlotsBuilder.java:427  | S5 MeasureStack#12 Slot{#5 xOffset=189 timeOffset=1/4 incomings=[#6547] SUSPICIOUS}
2017-10-06 14:46:09,578 INFO [91387044]         SlotsBuilder.java:427  | S5 MeasureStack#12 Slot{#7 xOffset=248 timeOffset=3/8 incomings=[#6548] SUSPICIOUS}
2017-10-06 14:46:09,579 INFO [91387044]         SlotsBuilder.java:427  | S5 MeasureStack#12 Slot{#10 xOffset=324 timeOffset=1/2 incomings=[#6549] SUSPICIOUS}
2017-10-06 14:46:09,579 INFO [91387044]         SlotsBuilder.java:427  | S5 MeasureStack#12 Slot{#12 xOffset=389 timeOffset=5/8 incomings=[#6550] SUSPICIOUS}
2017-10-06 14:46:09,581 INFO [91387044]         SlotsBuilder.java:427  | S6 MeasureStack#13 Slot{#6 xOffset=388 timeOffset=11/16 incomings=[#6553#6554] SUSPICIOUS}
2017-10-06 14:46:09,582 INFO [91387044]         SlotsBuilder.java:427  | S6 MeasureStack#13 Slot{#8 xOffset=442 timeOffset=13/16 incomings=[#6555] SUSPICIOUS}
2017-10-06 14:46:09,582 INFO [91387044]                Voice.java:257  | S6 MeasureStack#13 Voice #1 too long 3/16
2017-10-06 14:46:09,582 INFO [91387044]                Voice.java:257  | S6 MeasureStack#13 Voice #2 too long 3/16
2017-10-06 14:46:09,583 INFO [91387044]                Voice.java:257  | S6 MeasureStack#13 Voice #3 too long 1/16
2017-10-06 14:46:09,583 INFO [91387044]           StackTuner.java:92   | S6 MeasureStack#13 no correct rhythm
2017-10-06 14:46:09,593 INFO [91387044]         SlotsBuilder.java:427  | S6 MeasureStack#14 Slot{#7 xOffset=260 timeOffset=9/16 incomings=[#6597] SUSPICIOUS}
2017-10-06 14:46:09,594 INFO [91387044]         SlotsBuilder.java:427  | S6 MeasureStack#14 Slot{#9 xOffset=308 timeOffset=11/16 incomings=[#6598] SUSPICIOUS}
2017-10-06 14:46:09,595 INFO [91387044]                Voice.java:257  | S6 MeasureStack#14 Voice #3 too long 1/16
2017-10-06 14:46:09,595 INFO [91387044]           StackTuner.java:92   | S6 MeasureStack#14 no correct rhythm
2017-10-06 14:46:09,602 INFO [91387044]            BasicBook.java:1395 | Stored /book.xml
2017-10-06 14:46:11,355 INFO [91387044]           BasicSheet.java:979  | Stored /sheet#1/sheet#1.xml
2017-10-06 14:46:11,358 INFO [91387044]       StepMonitoring.java:96   | PAGE
2017-10-06 14:46:11,365 INFO [91387044]                Voice.java:257  | S2 MeasureStack#8 Voice #2 too long 1/32
2017-10-06 14:46:11,373 INFO [91387044]                Voice.java:257  | S4 MeasureStack#7 Voice #2 too long 7/16
2017-10-06 14:46:11,373 INFO [91387044]                Voice.java:257  | S4 MeasureStack#7 Voice #3 too long 1/2
2017-10-06 14:46:11,374 INFO [91387044]                Voice.java:257  | S4 MeasureStack#8 Voice #1 too long 3/8
2017-10-06 14:46:11,374 INFO [91387044]                Voice.java:257  | S4 MeasureStack#8 Voice #2 too long 3/8
2017-10-06 14:46:11,374 INFO [91387044]                Voice.java:257  | S5 MeasureStack#10 Voice #1 too long 1/8
2017-10-06 14:46:11,374 INFO [91387044]                Voice.java:257  | S5 MeasureStack#10 Voice #3 too long 1/8
2017-10-06 14:46:11,375 INFO [91387044]                Voice.java:257  | S5 MeasureStack#11 Voice #2 too long 1/16
2017-10-06 14:46:11,375 INFO [91387044]                Voice.java:257  | S6 MeasureStack#13 Voice #1 too long 3/16
2017-10-06 14:46:11,375 INFO [91387044]                Voice.java:257  | S6 MeasureStack#13 Voice #2 too long 3/16
2017-10-06 14:46:11,375 INFO [91387044]                Voice.java:257  | S6 MeasureStack#13 Voice #3 too long 1/16
2017-10-06 14:46:11,376 INFO [91387044]                Voice.java:257  | S6 MeasureStack#14 Voice #3 too long 1/16
2017-10-06 14:46:11,378 INFO [91387044]            BasicBook.java:1395 | Stored /book.xml
2017-10-06 14:46:12,413 INFO [91387044]           BasicSheet.java:979  | Stored /sheet#1/sheet#1.xml
2017-10-06 14:46:12,416 INFO [91387044]            BasicStub.java:723  | Sheet{91387044} disposed
2017-10-06 14:46:13,465 INFO [91387044]            BasicStub.java:449  | Loaded /sheet#1/sheet#1.xml
2017-10-06 14:46:13,466 INFO [91387044]            BasicBook.java:1133 | Scores built: 2
2017-10-06 14:46:14,457 WARN [91387044]      PartwiseBuilder.java:1379 | Error visiting null
java.lang.NullPointerException: null
	at org.audiveris.omr.score.PartwiseBuilder.processKey(PartwiseBuilder.java:1344)
	at org.audiveris.omr.score.PartwiseBuilder.processKeys(PartwiseBuilder.java:1407)
	at org.audiveris.omr.score.PartwiseBuilder.processMeasure(PartwiseBuilder.java:1575)
	at org.audiveris.omr.score.PartwiseBuilder.processPart(PartwiseBuilder.java:1988)
	at org.audiveris.omr.score.PartwiseBuilder.processSystem(PartwiseBuilder.java:2528)
	at org.audiveris.omr.score.PartwiseBuilder.processLogicalPart(PartwiseBuilder.java:1433)
	at org.audiveris.omr.score.PartwiseBuilder.processStub(PartwiseBuilder.java:2483)
	at org.audiveris.omr.score.PartwiseBuilder.processPartList(PartwiseBuilder.java:2017)
	at org.audiveris.omr.score.PartwiseBuilder.processScore(PartwiseBuilder.java:2195)
	at org.audiveris.omr.score.PartwiseBuilder.build(PartwiseBuilder.java:307)
	at org.audiveris.omr.score.ScoreExporter.export(ScoreExporter.java:117)
	at org.audiveris.omr.score.ScoreExporter.export(ScoreExporter.java:91)
	at org.audiveris.omr.sheet.BasicBook.export(BasicBook.java:589)
	at org.audiveris.omr.CLI$ProcessingTask.processBook(CLI.java:785)
	at org.audiveris.omr.CLI$CliTask.call(CLI.java:344)
	at org.audiveris.omr.Main.runBatchTasks(Main.java:316)
	at org.audiveris.omr.Main.main(Main.java:155)
	at Audiveris.main(Audiveris.java:49)
2017-10-06 14:46:14,499 INFO [91387044]        ScoreExporter.java:93   | Score 91387044.mvt1 exported to /Users/stephenn/Documents/workspace/nlsomr/xml_out/91386487/91387044/91387044.mvt1.mxl
2017-10-06 14:46:14,512 WARN [91387044]      PartwiseBuilder.java:1379 | Error visiting null
java.lang.NullPointerException: null
	at org.audiveris.omr.score.PartwiseBuilder.processKey(PartwiseBuilder.java:1344)
	at org.audiveris.omr.score.PartwiseBuilder.processKeys(PartwiseBuilder.java:1407)
	at org.audiveris.omr.score.PartwiseBuilder.processMeasure(PartwiseBuilder.java:1575)
	at org.audiveris.omr.score.PartwiseBuilder.processPart(PartwiseBuilder.java:1988)
	at org.audiveris.omr.score.PartwiseBuilder.processSystem(PartwiseBuilder.java:2528)
	at org.audiveris.omr.score.PartwiseBuilder.processLogicalPart(PartwiseBuilder.java:1433)
	at org.audiveris.omr.score.PartwiseBuilder.processStub(PartwiseBuilder.java:2483)
	at org.audiveris.omr.score.PartwiseBuilder.processPartList(PartwiseBuilder.java:2017)
	at org.audiveris.omr.score.PartwiseBuilder.processScore(PartwiseBuilder.java:2195)
	at org.audiveris.omr.score.PartwiseBuilder.build(PartwiseBuilder.java:307)
	at org.audiveris.omr.score.ScoreExporter.export(ScoreExporter.java:117)
	at org.audiveris.omr.score.ScoreExporter.export(ScoreExporter.java:91)
	at org.audiveris.omr.sheet.BasicBook.export(BasicBook.java:589)
	at org.audiveris.omr.CLI$ProcessingTask.processBook(CLI.java:785)
	at org.audiveris.omr.CLI$CliTask.call(CLI.java:344)
	at org.audiveris.omr.Main.runBatchTasks(Main.java:316)
	at org.audiveris.omr.Main.main(Main.java:155)
	at Audiveris.main(Audiveris.java:49)
2017-10-06 14:46:14,558 INFO [91387044]        ScoreExporter.java:93   | Score 91387044.mvt2 exported to /Users/stephenn/Documents/workspace/nlsomr/xml_out/91386487/91387044/91387044.mvt2.mxl
2017-10-06 14:46:14,713 INFO [91387044]            BasicBook.java:1395 | Stored /book.xml
2017-10-06 14:46:14,714 INFO [91387044]            BasicBook.java:1355 | Book stored as /Users/stephenn/Documents/workspace/nlsomr/xml_out/91386487/91387044/91387044.omr
