2017-10-06 14:24:37,970 INFO [91386756]            BasicBook.java:427  | 1 sheet in /Users/stephenn/Documents/workspace/nlsomr/working/91386756.jpg
2017-10-06 14:24:38,135 INFO []            BasicBook.java:1395 | Stored /book.xml
2017-10-06 14:24:38,136 INFO []            BasicBook.java:1355 | Book stored as /Users/stephenn/Documents/workspace/nlsomr/xml_out/91386487/91386756/91386756.omr
2017-10-06 14:24:38,141 INFO []            BasicBook.java:996  | Book reaching PAGE on sheets:[#1]
2017-10-06 14:24:38,142 INFO [91386756]       StepMonitoring.java:96   | LOAD
2017-10-06 14:24:38,292 INFO [91386756]            BasicBook.java:911  | Loaded image 1 2000x3056 from /Users/stephenn/Documents/workspace/nlsomr/working/91386756.jpg
2017-10-06 14:24:38,297 INFO [91386756]            ImageUtil.java:82   | Converting max RGB to gray ...
2017-10-06 14:24:38,554 INFO [91386756]            BasicBook.java:1395 | Stored /book.xml
2017-10-06 14:24:38,893 INFO [91386756]           BasicSheet.java:979  | Stored /sheet#1/sheet#1.xml
2017-10-06 14:24:38,895 INFO [91386756]       StepMonitoring.java:96   | BINARY
2017-10-06 14:24:39,467 INFO [91386756]            BasicBook.java:1395 | Stored /book.xml
2017-10-06 14:24:39,787 INFO [91386756]              Picture.java:786  | Stored /sheet#1/BINARY.xml
2017-10-06 14:24:39,789 INFO [91386756]           BasicSheet.java:979  | Stored /sheet#1/sheet#1.xml
2017-10-06 14:24:39,791 INFO [91386756]       StepMonitoring.java:96   | SCALE
2017-10-06 14:24:39,836 INFO [91386756]            ScaleStep.java:87   | Scale{line(3,4,5) interline(16,16,17) beam(13)}
2017-10-06 14:24:39,838 INFO [91386756]            BasicBook.java:1395 | Stored /book.xml
2017-10-06 14:24:39,841 INFO [91386756]           BasicSheet.java:979  | Stored /sheet#1/sheet#1.xml
2017-10-06 14:24:39,843 INFO [91386756]       StepMonitoring.java:96   | GRID
2017-10-06 14:24:40,669 INFO [91386756]       LinesRetriever.java:442  | Global slope: -0.00298
2017-10-06 14:24:40,755 INFO [91386756]    ClustersRetriever.java:241  | Retrieved line clusters: 12 of size: 5 with interline: (16,16,17)
2017-10-06 14:24:41,200 INFO [91386756]            PeakGraph.java:181  | Systems: #1[1, 2] #2[3, 4] #3[5, 6] #4[7, 8] #5[9, 10] #6[11, 12]
2017-10-06 14:24:41,894 INFO [91386756]        SystemManager.java:626  | Indentation detected for system#4
2017-10-06 14:24:41,895 INFO [91386756]        SystemManager.java:671  | 2 pages found in sheet
2017-10-06 14:24:41,895 INFO [91386756]        SystemManager.java:709  | Page #1: 1 part along 3 systems
2017-10-06 14:24:41,895 INFO [91386756]        SystemManager.java:709  | Page #2: 1 part along 3 systems
2017-10-06 14:24:41,902 INFO [91386756]            BasicBook.java:1395 | Stored /book.xml
2017-10-06 14:24:42,116 INFO [91386756]           BasicSheet.java:979  | Stored /sheet#1/sheet#1.xml
2017-10-06 14:24:42,119 INFO [91386756]       StepMonitoring.java:96   | HEADERS
2017-10-06 14:24:42,512 INFO []          Nd4jBackend.java:194  | Loaded [CpuBackend] backend
2017-10-06 14:24:42,568 INFO []      NativeOpsHolder.java:49   | Number of threads used for NativeOps: 2
2017-10-06 14:24:43,012 INFO [] DefaultOpExecutioner.java:544  | Backend used: [CPU]; OS: [Mac OS X]
2017-10-06 14:24:43,012 INFO [] DefaultOpExecutioner.java:545  | Cores: [4]; Memory: [3.6GB];
2017-10-06 14:24:43,013 INFO [] DefaultOpExecutioner.java:546  | Blas vendor: [OPENBLAS]
2017-10-06 14:24:43,050 INFO []   AbstractClassifier.java:332  | Classifier data loaded from default uri jar:file:/Users/stephenn/Documents/workspace/audiveris/build/distributions/Audiveris/lib/audiveris.jar!/res/basic-classifier.zip
2017-10-06 14:24:45,839 INFO [91386756]           KeyBuilder.java:746  | Staff#6 key slice#3 pitch adjusted from 4.5 to 3
2017-10-06 14:24:46,108 WARN [91386756]          ClefBuilder.java:560  | Staff#8 no header clef.
2017-10-06 14:24:46,585 INFO []   AbstractClassifier.java:332  | Classifier data loaded from default uri jar:file:/Users/stephenn/Documents/workspace/audiveris/build/distributions/Audiveris/lib/audiveris.jar!/res/deep-classifier.zip
2017-10-06 14:24:46,810 INFO [91386756]            BasicBook.java:1395 | Stored /book.xml
2017-10-06 14:24:47,175 INFO [91386756]           BasicSheet.java:979  | Stored /sheet#1/sheet#1.xml
2017-10-06 14:24:47,177 INFO [91386756]       StepMonitoring.java:96   | STEM_SEEDS
2017-10-06 14:24:47,271 INFO [91386756]        StemSeedsStep.java:91   | stem(4 max:5)
2017-10-06 14:24:47,362 INFO [91386756]            BasicBook.java:1395 | Stored /book.xml
2017-10-06 14:24:47,729 INFO [91386756]           BasicSheet.java:979  | Stored /sheet#1/sheet#1.xml
2017-10-06 14:24:47,731 INFO [91386756]       StepMonitoring.java:96   | BEAMS
2017-10-06 14:24:52,345 INFO [91386756]            BeamsStep.java:89   | BeamDistance{count:1 mean:15.07}
2017-10-06 14:24:52,348 INFO [91386756]            BasicBook.java:1395 | Stored /book.xml
2017-10-06 14:24:52,408 INFO [91386756]              Picture.java:786  | Stored /sheet#1/HEAD_SPOTS.xml
2017-10-06 14:24:52,893 INFO [91386756]           BasicSheet.java:979  | Stored /sheet#1/sheet#1.xml
2017-10-06 14:24:52,896 INFO [91386756]       StepMonitoring.java:96   | LEDGERS
2017-10-06 14:24:53,243 INFO [91386756]            BasicBook.java:1395 | Stored /book.xml
2017-10-06 14:24:53,789 INFO [91386756]           BasicSheet.java:979  | Stored /sheet#1/sheet#1.xml
2017-10-06 14:24:53,791 INFO [91386756]       StepMonitoring.java:96   | HEADS
2017-10-06 14:24:56,573 INFO [91386756]            BasicBook.java:1395 | Stored /book.xml
2017-10-06 14:24:57,765 INFO [91386756]           BasicSheet.java:979  | Stored /sheet#1/sheet#1.xml
2017-10-06 14:24:57,767 INFO [91386756]       StepMonitoring.java:96   | STEMS
2017-10-06 14:24:59,216 INFO [91386756]            BasicBook.java:1395 | Stored /book.xml
2017-10-06 14:25:00,553 INFO [91386756]           BasicSheet.java:979  | Stored /sheet#1/sheet#1.xml
2017-10-06 14:25:00,555 INFO [91386756]       StepMonitoring.java:96   | REDUCTION
2017-10-06 14:25:01,569 INFO [91386756]            BasicBook.java:1395 | Stored /book.xml
2017-10-06 14:25:02,273 INFO [91386756]           BasicSheet.java:979  | Stored /sheet#1/sheet#1.xml
2017-10-06 14:25:02,275 INFO [91386756]       StepMonitoring.java:96   | CUE_BEAMS
2017-10-06 14:25:02,293 INFO [91386756]            BasicBook.java:1395 | Stored /book.xml
2017-10-06 14:25:02,975 INFO [91386756]           BasicSheet.java:979  | Stored /sheet#1/sheet#1.xml
2017-10-06 14:25:02,977 INFO [91386756]       StepMonitoring.java:96   | TEXTS
2017-10-06 14:25:04,671 INFO [91386756]            BasicBook.java:1395 | Stored /book.xml
2017-10-06 14:25:05,448 INFO [91386756]           BasicSheet.java:979  | Stored /sheet#1/sheet#1.xml
2017-10-06 14:25:05,450 INFO [91386756]       StepMonitoring.java:96   | MEASURES
2017-10-06 14:25:05,455 INFO [91386756]                 Page.java:210  | 15 raw measures: [5 in system#1, 5 in system#2, 5 in system#3]
2017-10-06 14:25:05,455 INFO [91386756]                 Page.java:210  | 10 raw measures: [3 in system#4, 4 in system#5, 3 in system#6]
2017-10-06 14:25:05,457 INFO [91386756]            BasicBook.java:1395 | Stored /book.xml
2017-10-06 14:25:06,166 INFO [91386756]           BasicSheet.java:979  | Stored /sheet#1/sheet#1.xml
2017-10-06 14:25:06,168 INFO [91386756]       StepMonitoring.java:96   | CHORDS
2017-10-06 14:25:06,176 INFO [91386756]        ChordsBuilder.java:249  | Deleting StemInter{#4621(0.611/0.723)} on LEFT side of HeadInter{#3463(0.350/0.795) s:10 p:-3.00 NOTEHEAD_BLACK}
2017-10-06 14:25:06,181 INFO [91386756]            BasicBook.java:1395 | Stored /book.xml
2017-10-06 14:25:06,930 INFO [91386756]           BasicSheet.java:979  | Stored /sheet#1/sheet#1.xml
2017-10-06 14:25:06,932 INFO [91386756]       StepMonitoring.java:96   | CURVES
2017-10-06 14:25:08,174 INFO [91386756]         SlursBuilder.java:157  | Slurs: 24
2017-10-06 14:25:08,204 INFO [91386756]      SegmentsBuilder.java:113  | Segments: 32
2017-10-06 14:25:08,211 INFO [91386756]            BasicBook.java:1395 | Stored /book.xml
2017-10-06 14:25:09,181 INFO [91386756]           BasicSheet.java:979  | Stored /sheet#1/sheet#1.xml
2017-10-06 14:25:09,184 INFO [91386756]       StepMonitoring.java:96   | SYMBOLS
2017-10-06 14:25:09,855 INFO [91386756]       SymbolsBuilder.java:340  | Symbol parts shrunk from 12 to 7
2017-10-06 14:25:11,646 INFO [91386756]            BasicBook.java:1395 | Stored /book.xml
2017-10-06 14:25:12,785 INFO [91386756]           BasicSheet.java:979  | Stored /sheet#1/sheet#1.xml
2017-10-06 14:25:12,787 INFO [91386756]       StepMonitoring.java:96   | LINKS
2017-10-06 14:25:12,809 INFO [91386756]        SymbolsLinker.java:323  | No chord above direction SentenceInter{#4778(0.671) s:6 BIS-40 Direction} 16
2017-10-06 14:25:12,813 INFO [91386756]        SymbolsLinker.java:306  | No measure stack for direction SentenceInter{#4796(0.662) s:7 BS-35 Direction} 132.
2017-10-06 14:25:12,838 INFO [91386756]            BasicBook.java:1395 | Stored /book.xml
2017-10-06 14:25:13,896 INFO [91386756]           BasicSheet.java:979  | Stored /sheet#1/sheet#1.xml
2017-10-06 14:25:13,902 INFO [91386756]       StepMonitoring.java:96   | RHYTHMS
2017-10-06 14:25:13,929 INFO [91386756]           PageRhythm.java:314  | Range{1-15} Durations avgGuess:1/2 topGuess:1/4 avgValue:0.51 stacks:15 voices:36 Histogram{1/4-5/8 size:4 [1/4=13 3/8=9 1/2=13 5/8=1]}
2017-10-06 14:25:13,930 INFO [91386756]           PageRhythm.java:221  | S1 Range{1-15 dur:1/2} should update to 1/2-based time sig?
2017-10-06 14:25:13,941 INFO [91386756]         SlotsBuilder.java:427  | S2 MeasureStack#6 Slot{#4 xOffset=377 timeOffset=3/8 incomings=[#4843] SUSPICIOUS}
2017-10-06 14:25:13,947 INFO [91386756]                Voice.java:257  | S3 MeasureStack#12 Voice #3 too long 1/8
2017-10-06 14:25:13,947 INFO [91386756]           StackTuner.java:92   | S3 MeasureStack#12 no correct rhythm
2017-10-06 14:25:13,965 INFO [91386756]           PageRhythm.java:314  | Range{1-10} Durations avgGuess:3/4 topGuess:9/8 avgValue:0.83 stacks:10 voices:20 Histogram{1/4-9/8 size:7 [1/4=1 5/16=2 1/2=4 5/8=4 3/4=1 1=1 9/8=7]}
2017-10-06 14:25:13,965 INFO [91386756]           PageRhythm.java:221  | S4 Range{1-10 dur:3/4} should update to 3/4-based time sig?
2017-10-06 14:25:13,966 INFO [91386756]                Voice.java:257  | S4 MeasureStack#1 Voice #1 too long 3/8
2017-10-06 14:25:13,966 INFO [91386756]                Voice.java:257  | S4 MeasureStack#1 Voice #2 too long 3/8
2017-10-06 14:25:13,967 INFO [91386756]           StackTuner.java:92   | S4 MeasureStack#1 no correct rhythm
2017-10-06 14:25:13,968 INFO [91386756]         SlotsBuilder.java:427  | S4 MeasureStack#2 Slot{#4 xOffset=210 timeOffset=5/8 incomings=[#4876] SUSPICIOUS}
2017-10-06 14:25:13,969 INFO [91386756]                Voice.java:257  | S4 MeasureStack#2 Voice #1 too long 3/4
2017-10-06 14:25:13,969 INFO [91386756]                Voice.java:257  | S4 MeasureStack#2 Voice #2 too long 5/8
2017-10-06 14:25:13,969 INFO [91386756]           StackTuner.java:92   | S4 MeasureStack#2 no correct rhythm
2017-10-06 14:25:13,971 INFO [91386756]         SlotsBuilder.java:427  | S4 MeasureStack#3 Slot{#7 xOffset=425 timeOffset=9/8 incomings=[#4887] SUSPICIOUS}
2017-10-06 14:25:13,972 INFO [91386756]                Voice.java:257  | S4 MeasureStack#3 Voice #1 too long 3/4
2017-10-06 14:25:13,972 INFO [91386756]                Voice.java:257  | S4 MeasureStack#3 Voice #3 too long 1/4
2017-10-06 14:25:13,972 INFO [91386756]           StackTuner.java:92   | S4 MeasureStack#3 no correct rhythm
2017-10-06 14:25:13,974 INFO [91386756]         SlotsBuilder.java:427  | S5 MeasureStack#4 Slot{#4 xOffset=305 timeOffset=1/2 incomings=[#4896] SUSPICIOUS}
2017-10-06 14:25:13,974 INFO [91386756]         SlotsBuilder.java:427  | S5 MeasureStack#4 Slot{#6 xOffset=383 timeOffset=3/4 incomings=[#4897] SUSPICIOUS}
2017-10-06 14:25:13,975 INFO [91386756]                Voice.java:257  | S5 MeasureStack#4 Voice #1 too long 5/8
2017-10-06 14:25:13,976 INFO [91386756]                Voice.java:257  | S5 MeasureStack#4 Voice #2 too long 5/8
2017-10-06 14:25:13,976 INFO [91386756]           StackTuner.java:92   | S5 MeasureStack#4 no correct rhythm
2017-10-06 14:25:13,977 INFO [91386756]                Voice.java:257  | S5 MeasureStack#5 Voice #1 too long 3/8
2017-10-06 14:25:13,978 INFO [91386756]                Voice.java:257  | S5 MeasureStack#5 Voice #2 too long 3/8
2017-10-06 14:25:13,978 INFO [91386756]           StackTuner.java:92   | S5 MeasureStack#5 no correct rhythm
2017-10-06 14:25:13,980 INFO [91386756]         SlotsBuilder.java:427  | S5 MeasureStack#7 Slot{#4 xOffset=147 timeOffset=5/16 incomings=[#4923] SUSPICIOUS}
2017-10-06 14:25:13,982 INFO [91386756]                Voice.java:257  | S5 MeasureStack#7 Voice #1 too long 3/8
2017-10-06 14:25:13,982 INFO [91386756]                Voice.java:257  | S5 MeasureStack#7 Voice #2 too long 9/16
2017-10-06 14:25:13,982 INFO [91386756]           StackTuner.java:92   | S5 MeasureStack#7 no correct rhythm
2017-10-06 14:25:13,984 INFO [91386756]         SlotsBuilder.java:427  | S6 MeasureStack#8 Slot{#4 xOffset=279 timeOffset=5/16 incomings=[#4951] SUSPICIOUS}
2017-10-06 14:25:13,986 INFO [91386756]         SlotsBuilder.java:427  | S6 MeasureStack#8 Slot{#6 xOffset=329 timeOffset=1/2 incomings=[#4932] SUSPICIOUS}
2017-10-06 14:25:13,986 INFO [91386756]         SlotsBuilder.java:427  | S6 MeasureStack#8 Slot{#8 xOffset=384 timeOffset=5/8 incomings=[#4933] SUSPICIOUS}
2017-10-06 14:25:13,990 INFO [91386756]         SlotsBuilder.java:427  | S6 MeasureStack#8 Slot{#10 xOffset=434 timeOffset=3/4 incomings=[#4934] SUSPICIOUS}
2017-10-06 14:25:13,990 INFO [91386756]         SlotsBuilder.java:427  | S6 MeasureStack#8 Slot{#12 xOffset=487 timeOffset=7/8 incomings=[#4935] SUSPICIOUS}
2017-10-06 14:25:13,991 INFO [91386756]                Voice.java:257  | S6 MeasureStack#8 Voice #1 too long 3/8
2017-10-06 14:25:13,992 INFO [91386756]                Voice.java:257  | S6 MeasureStack#8 Voice #2 too long 1/2
2017-10-06 14:25:13,992 INFO [91386756]           StackTuner.java:92   | S6 MeasureStack#8 no correct rhythm
2017-10-06 14:25:13,994 INFO [91386756]         SlotsBuilder.java:427  | S6 MeasureStack#9 Slot{#5 xOffset=202 timeOffset=1/2 incomings=[#4938] SUSPICIOUS}
2017-10-06 14:25:13,995 INFO [91386756]         SlotsBuilder.java:427  | S6 MeasureStack#9 Slot{#8 xOffset=306 timeOffset=7/8 incomings=[#4963] SUSPICIOUS}
2017-10-06 14:25:13,996 INFO [91386756]         SlotsBuilder.java:427  | S6 MeasureStack#9 Slot{#10 xOffset=375 timeOffset=9/8 incomings=[#4964] SUSPICIOUS}
2017-10-06 14:25:14,000 INFO [91386756]         SlotsBuilder.java:427  | S6 MeasureStack#9 Slot{#12 xOffset=431 timeOffset=5/4 incomings=[#4965] SUSPICIOUS}
2017-10-06 14:25:14,001 INFO [91386756]         SlotsBuilder.java:434  | Stack#9 endless loop detected
2017-10-06 14:25:14,001 INFO [91386756]                Voice.java:257  | S6 MeasureStack#9 Voice #1 too long 3/4
2017-10-06 14:25:14,001 INFO [91386756]                Voice.java:257  | S6 MeasureStack#9 Voice #2 too long 5/8
2017-10-06 14:25:14,002 INFO [91386756]           StackTuner.java:92   | S6 MeasureStack#9 no correct rhythm
2017-10-06 14:25:14,004 INFO [91386756]                Voice.java:257  | S6 MeasureStack#10 Voice #1 too long 3/8
2017-10-06 14:25:14,004 INFO [91386756]                Voice.java:257  | S6 MeasureStack#10 Voice #2 too long 3/8
2017-10-06 14:25:14,005 INFO [91386756]           StackTuner.java:92   | S6 MeasureStack#10 no correct rhythm
2017-10-06 14:25:14,007 INFO [91386756]            BasicBook.java:1395 | Stored /book.xml
2017-10-06 14:25:15,166 INFO [91386756]           BasicSheet.java:979  | Stored /sheet#1/sheet#1.xml
2017-10-06 14:25:15,168 INFO [91386756]       StepMonitoring.java:96   | PAGE
2017-10-06 14:25:15,173 INFO [91386756]                 Part.java:275  | Could not right-connect slur#4991
2017-10-06 14:25:15,174 INFO [91386756]                Voice.java:257  | S3 MeasureStack#12 Voice #3 too long 1/8
2017-10-06 14:25:15,175 INFO [91386756]                Voice.java:257  | S4 MeasureStack#1 Voice #1 too long 3/8
2017-10-06 14:25:15,175 INFO [91386756]                Voice.java:257  | S4 MeasureStack#1 Voice #2 too long 3/8
2017-10-06 14:25:15,176 INFO [91386756]                Voice.java:257  | S4 MeasureStack#2 Voice #1 too long 3/4
2017-10-06 14:25:15,176 INFO [91386756]                Voice.java:257  | S4 MeasureStack#2 Voice #2 too long 5/8
2017-10-06 14:25:15,176 INFO [91386756]                Voice.java:257  | S4 MeasureStack#3 Voice #1 too long 3/4
2017-10-06 14:25:15,176 INFO [91386756]                Voice.java:257  | S4 MeasureStack#3 Voice #3 too long 1/4
2017-10-06 14:25:15,176 INFO [91386756]                Voice.java:257  | S5 MeasureStack#4 Voice #1 too long 5/8
2017-10-06 14:25:15,177 INFO [91386756]                Voice.java:257  | S5 MeasureStack#4 Voice #2 too long 5/8
2017-10-06 14:25:15,177 INFO [91386756]                Voice.java:257  | S5 MeasureStack#5 Voice #1 too long 3/8
2017-10-06 14:25:15,177 INFO [91386756]                Voice.java:257  | S5 MeasureStack#5 Voice #2 too long 3/8
2017-10-06 14:25:15,178 INFO [91386756]                Voice.java:257  | S5 MeasureStack#7 Voice #1 too long 3/8
2017-10-06 14:25:15,178 INFO [91386756]                Voice.java:257  | S5 MeasureStack#7 Voice #2 too long 9/16
2017-10-06 14:25:15,178 INFO [91386756]                Voice.java:257  | S6 MeasureStack#8 Voice #1 too long 3/8
2017-10-06 14:25:15,178 INFO [91386756]                Voice.java:257  | S6 MeasureStack#8 Voice #2 too long 1/2
2017-10-06 14:25:15,179 INFO [91386756]                Voice.java:257  | S6 MeasureStack#9 Voice #1 too long 3/4
2017-10-06 14:25:15,179 INFO [91386756]                Voice.java:257  | S6 MeasureStack#9 Voice #2 too long 5/8
2017-10-06 14:25:15,179 INFO [91386756]                Voice.java:257  | S6 MeasureStack#10 Voice #1 too long 3/8
2017-10-06 14:25:15,179 INFO [91386756]                Voice.java:257  | S6 MeasureStack#10 Voice #2 too long 3/8
2017-10-06 14:25:15,181 INFO [91386756]            BasicBook.java:1395 | Stored /book.xml
2017-10-06 14:25:16,289 INFO [91386756]           BasicSheet.java:979  | Stored /sheet#1/sheet#1.xml
2017-10-06 14:25:16,292 INFO [91386756]            BasicStub.java:723  | Sheet{91386756} disposed
2017-10-06 14:25:17,358 INFO [91386756]            BasicStub.java:449  | Loaded /sheet#1/sheet#1.xml
2017-10-06 14:25:17,360 INFO [91386756]            BasicBook.java:1133 | Scores built: 2
2017-10-06 14:25:18,551 INFO [91386756]        ScoreExporter.java:93   | Score 91386756.mvt1 exported to /Users/stephenn/Documents/workspace/nlsomr/xml_out/91386487/91386756/91386756.mvt1.mxl
2017-10-06 14:25:18,555 WARN [91386756]      PartwiseBuilder.java:1379 | Error visiting null
java.lang.NullPointerException: null
	at org.audiveris.omr.score.PartwiseBuilder.processKey(PartwiseBuilder.java:1344)
	at org.audiveris.omr.score.PartwiseBuilder.processKeys(PartwiseBuilder.java:1407)
	at org.audiveris.omr.score.PartwiseBuilder.processMeasure(PartwiseBuilder.java:1575)
	at org.audiveris.omr.score.PartwiseBuilder.processPart(PartwiseBuilder.java:1988)
	at org.audiveris.omr.score.PartwiseBuilder.processSystem(PartwiseBuilder.java:2528)
	at org.audiveris.omr.score.PartwiseBuilder.processLogicalPart(PartwiseBuilder.java:1433)
	at org.audiveris.omr.score.PartwiseBuilder.processStub(PartwiseBuilder.java:2483)
	at org.audiveris.omr.score.PartwiseBuilder.processPartList(PartwiseBuilder.java:2017)
	at org.audiveris.omr.score.PartwiseBuilder.processScore(PartwiseBuilder.java:2195)
	at org.audiveris.omr.score.PartwiseBuilder.build(PartwiseBuilder.java:307)
	at org.audiveris.omr.score.ScoreExporter.export(ScoreExporter.java:117)
	at org.audiveris.omr.score.ScoreExporter.export(ScoreExporter.java:91)
	at org.audiveris.omr.sheet.BasicBook.export(BasicBook.java:589)
	at org.audiveris.omr.CLI$ProcessingTask.processBook(CLI.java:785)
	at org.audiveris.omr.CLI$CliTask.call(CLI.java:344)
	at org.audiveris.omr.Main.runBatchTasks(Main.java:316)
	at org.audiveris.omr.Main.main(Main.java:155)
	at Audiveris.main(Audiveris.java:49)
2017-10-06 14:25:18,585 INFO [91386756]        ScoreExporter.java:93   | Score 91386756.mvt2 exported to /Users/stephenn/Documents/workspace/nlsomr/xml_out/91386487/91386756/91386756.mvt2.mxl
2017-10-06 14:25:18,732 INFO [91386756]            BasicBook.java:1395 | Stored /book.xml
2017-10-06 14:25:18,733 INFO [91386756]            BasicBook.java:1355 | Book stored as /Users/stephenn/Documents/workspace/nlsomr/xml_out/91386487/91386756/91386756.omr
