2017-10-06 14:22:07,036 INFO [91386720]            BasicBook.java:427  | 1 sheet in /Users/stephenn/Documents/workspace/nlsomr/working/91386720.jpg
2017-10-06 14:22:07,178 INFO []            BasicBook.java:1395 | Stored /book.xml
2017-10-06 14:22:07,178 INFO []            BasicBook.java:1355 | Book stored as /Users/stephenn/Documents/workspace/nlsomr/xml_out/91386487/91386720/91386720.omr
2017-10-06 14:22:07,183 INFO []            BasicBook.java:996  | Book reaching PAGE on sheets:[#1]
2017-10-06 14:22:07,185 INFO [91386720]       StepMonitoring.java:96   | LOAD
2017-10-06 14:22:07,329 INFO [91386720]            BasicBook.java:911  | Loaded image 1 2000x3056 from /Users/stephenn/Documents/workspace/nlsomr/working/91386720.jpg
2017-10-06 14:22:07,333 INFO [91386720]            ImageUtil.java:82   | Converting max RGB to gray ...
2017-10-06 14:22:07,564 INFO [91386720]            BasicBook.java:1395 | Stored /book.xml
2017-10-06 14:22:07,849 INFO [91386720]           BasicSheet.java:979  | Stored /sheet#1/sheet#1.xml
2017-10-06 14:22:07,851 INFO [91386720]       StepMonitoring.java:96   | BINARY
2017-10-06 14:22:08,406 INFO [91386720]            BasicBook.java:1395 | Stored /book.xml
2017-10-06 14:22:08,716 INFO [91386720]              Picture.java:786  | Stored /sheet#1/BINARY.xml
2017-10-06 14:22:08,718 INFO [91386720]           BasicSheet.java:979  | Stored /sheet#1/sheet#1.xml
2017-10-06 14:22:08,721 INFO [91386720]       StepMonitoring.java:96   | SCALE
2017-10-06 14:22:08,759 INFO [91386720]            ScaleStep.java:87   | Scale{line(3,4,6) interline(16,17,17) beam(13)}
2017-10-06 14:22:08,762 INFO [91386720]            BasicBook.java:1395 | Stored /book.xml
2017-10-06 14:22:08,764 INFO [91386720]           BasicSheet.java:979  | Stored /sheet#1/sheet#1.xml
2017-10-06 14:22:08,766 INFO [91386720]       StepMonitoring.java:96   | GRID
2017-10-06 14:22:09,603 INFO [91386720]       LinesRetriever.java:442  | Global slope: 0.00047
2017-10-06 14:22:09,681 INFO [91386720]    ClustersRetriever.java:241  | Retrieved line clusters: 12 of size: 5 with interline: (16,17,17)
2017-10-06 14:22:10,305 INFO [91386720]            PeakGraph.java:181  | Systems: #1[1, 2] #2[3, 4] #3[5, 6] #4[7, 8] #5[9, 10] #6[11, 12]
2017-10-06 14:22:10,412 INFO [91386720]        BarsRetriever.java:910  | No brace partner at level:1 for Peak{260-273 F#2412 T#9 [BRACE]}
2017-10-06 14:22:10,413 INFO [91386720]        BarsRetriever.java:910  | No brace partner at level:1 for Peak{362-382 F#2414 T#10 [BRACE, BRACE_BOTTOM]}
2017-10-06 14:22:11,191 INFO [91386720]        SystemManager.java:626  | Indentation detected for system#1
2017-10-06 14:22:11,192 INFO [91386720]        SystemManager.java:626  | Indentation detected for system#5
2017-10-06 14:22:11,192 INFO [91386720]        SystemManager.java:671  | 2 pages found in sheet
2017-10-06 14:22:11,192 INFO [91386720]        SystemManager.java:709  | Page #1: 1 part along 4 systems
2017-10-06 14:22:11,193 INFO [91386720]        SystemManager.java:709  | Page #2: 2 parts along 2 systems
2017-10-06 14:22:11,196 INFO [91386720]            BasicBook.java:1395 | Stored /book.xml
2017-10-06 14:22:11,399 INFO [91386720]           BasicSheet.java:979  | Stored /sheet#1/sheet#1.xml
2017-10-06 14:22:11,402 INFO [91386720]       StepMonitoring.java:96   | HEADERS
2017-10-06 14:22:11,760 INFO []          Nd4jBackend.java:194  | Loaded [CpuBackend] backend
2017-10-06 14:22:11,815 INFO []      NativeOpsHolder.java:49   | Number of threads used for NativeOps: 2
2017-10-06 14:22:12,284 INFO [] DefaultOpExecutioner.java:544  | Backend used: [CPU]; OS: [Mac OS X]
2017-10-06 14:22:12,285 INFO [] DefaultOpExecutioner.java:545  | Cores: [4]; Memory: [3.6GB];
2017-10-06 14:22:12,285 INFO [] DefaultOpExecutioner.java:546  | Blas vendor: [OPENBLAS]
2017-10-06 14:22:12,339 INFO []   AbstractClassifier.java:332  | Classifier data loaded from default uri jar:file:/Users/stephenn/Documents/workspace/audiveris/build/distributions/Audiveris/lib/audiveris.jar!/res/basic-classifier.zip
2017-10-06 14:22:15,669 INFO []   AbstractClassifier.java:332  | Classifier data loaded from default uri jar:file:/Users/stephenn/Documents/workspace/audiveris/build/distributions/Audiveris/lib/audiveris.jar!/res/deep-classifier.zip
2017-10-06 14:22:15,716 INFO [91386720]            BasicBook.java:1395 | Stored /book.xml
2017-10-06 14:22:16,050 INFO [91386720]           BasicSheet.java:979  | Stored /sheet#1/sheet#1.xml
2017-10-06 14:22:16,053 INFO [91386720]       StepMonitoring.java:96   | STEM_SEEDS
2017-10-06 14:22:16,151 INFO [91386720]        StemSeedsStep.java:91   | stem(4 max:5)
2017-10-06 14:22:16,255 INFO [91386720]            BasicBook.java:1395 | Stored /book.xml
2017-10-06 14:22:16,767 INFO [91386720]           BasicSheet.java:979  | Stored /sheet#1/sheet#1.xml
2017-10-06 14:22:16,769 INFO [91386720]       StepMonitoring.java:96   | BEAMS
2017-10-06 14:22:22,092 INFO [91386720]            BeamsStep.java:89   | BeamDistance{count:21 mean:14.45 stdDev:3.37}
2017-10-06 14:22:22,095 INFO [91386720]            BasicBook.java:1395 | Stored /book.xml
2017-10-06 14:22:22,159 INFO [91386720]              Picture.java:786  | Stored /sheet#1/HEAD_SPOTS.xml
2017-10-06 14:22:22,561 INFO [91386720]           BasicSheet.java:979  | Stored /sheet#1/sheet#1.xml
2017-10-06 14:22:22,564 INFO [91386720]       StepMonitoring.java:96   | LEDGERS
2017-10-06 14:22:23,068 INFO [91386720]            BasicBook.java:1395 | Stored /book.xml
2017-10-06 14:22:23,510 INFO [91386720]           BasicSheet.java:979  | Stored /sheet#1/sheet#1.xml
2017-10-06 14:22:23,512 INFO [91386720]       StepMonitoring.java:96   | HEADS
2017-10-06 14:22:26,560 INFO [91386720]            BasicBook.java:1395 | Stored /book.xml
2017-10-06 14:22:27,563 INFO [91386720]           BasicSheet.java:979  | Stored /sheet#1/sheet#1.xml
2017-10-06 14:22:27,566 INFO [91386720]       StepMonitoring.java:96   | STEMS
2017-10-06 14:22:29,894 INFO [91386720]            BasicBook.java:1395 | Stored /book.xml
2017-10-06 14:22:30,921 INFO [91386720]           BasicSheet.java:979  | Stored /sheet#1/sheet#1.xml
2017-10-06 14:22:30,923 INFO [91386720]       StepMonitoring.java:96   | REDUCTION
2017-10-06 14:22:31,408 INFO [91386720]            BasicBook.java:1395 | Stored /book.xml
2017-10-06 14:22:32,214 INFO [91386720]           BasicSheet.java:979  | Stored /sheet#1/sheet#1.xml
2017-10-06 14:22:32,217 INFO [91386720]       StepMonitoring.java:96   | CUE_BEAMS
2017-10-06 14:22:32,235 INFO [91386720]            BasicBook.java:1395 | Stored /book.xml
2017-10-06 14:22:32,929 INFO [91386720]           BasicSheet.java:979  | Stored /sheet#1/sheet#1.xml
2017-10-06 14:22:32,931 INFO [91386720]       StepMonitoring.java:96   | TEXTS
2017-10-06 14:22:35,285 INFO [91386720]            BasicBook.java:1395 | Stored /book.xml
2017-10-06 14:22:36,055 INFO [91386720]           BasicSheet.java:979  | Stored /sheet#1/sheet#1.xml
2017-10-06 14:22:36,058 INFO [91386720]       StepMonitoring.java:96   | MEASURES
2017-10-06 14:22:36,063 INFO [91386720]                 Page.java:210  | 18 raw measures: [5 in system#1, 4 in system#2, 5 in system#3, 4 in system#4]
2017-10-06 14:22:36,063 INFO [91386720]                 Page.java:210  | 6 raw measures: [3 in system#5, 3 in system#6]
2017-10-06 14:22:36,065 INFO [91386720]            BasicBook.java:1395 | Stored /book.xml
2017-10-06 14:22:36,817 INFO [91386720]           BasicSheet.java:979  | Stored /sheet#1/sheet#1.xml
2017-10-06 14:22:36,819 INFO [91386720]       StepMonitoring.java:96   | CHORDS
2017-10-06 14:22:36,833 INFO [91386720]            BasicBook.java:1395 | Stored /book.xml
2017-10-06 14:22:37,644 INFO [91386720]           BasicSheet.java:979  | Stored /sheet#1/sheet#1.xml
2017-10-06 14:22:37,646 INFO [91386720]       StepMonitoring.java:96   | CURVES
2017-10-06 14:22:39,478 INFO [91386720]         SlursBuilder.java:762  | LEFT collision SlurInter{#5370(0.651)} & SlurInter{#5399(0.335)} @ HeadInter{#2135(0.628/0.790) e#5162 s:3 p:-1.00 NOTEHEAD_BLACK}
2017-10-06 14:22:39,480 INFO [91386720]         SlursBuilder.java:762  | LEFT collision SlurInter{#5399(0.335)} & SlurInter{#5370(0.651)} @ HeadInter{#2135(0.628/0.790) e#5162 s:3 p:-1.00 NOTEHEAD_BLACK}
2017-10-06 14:22:39,481 INFO [91386720]         SlursBuilder.java:157  | Slurs: 30
2017-10-06 14:22:39,518 INFO [91386720]      SegmentsBuilder.java:113  | Segments: 24
2017-10-06 14:22:39,528 INFO [91386720]            BasicBook.java:1395 | Stored /book.xml
2017-10-06 14:22:40,724 INFO [91386720]           BasicSheet.java:979  | Stored /sheet#1/sheet#1.xml
2017-10-06 14:22:40,726 INFO [91386720]       StepMonitoring.java:96   | SYMBOLS
2017-10-06 14:22:42,728 INFO [91386720]            BasicBook.java:1395 | Stored /book.xml
2017-10-06 14:22:43,875 INFO [91386720]           BasicSheet.java:979  | Stored /sheet#1/sheet#1.xml
2017-10-06 14:22:43,877 INFO [91386720]       StepMonitoring.java:96   | LINKS
2017-10-06 14:22:43,893 INFO [91386720]        SymbolsLinker.java:252  | No chord above PedalInter{#6178(0.800) PEDAL_UP_MARK}
2017-10-06 14:22:43,909 INFO [91386720]        SymbolsLinker.java:306  | No measure stack for direction SentenceInter{#5096(0.697) s:9 BS-41 Direction} 50.
2017-10-06 14:22:43,939 INFO [91386720]            BasicBook.java:1395 | Stored /book.xml
2017-10-06 14:22:44,592 INFO [91386720]           BasicSheet.java:979  | Stored /sheet#1/sheet#1.xml
2017-10-06 14:22:44,595 INFO [91386720]       StepMonitoring.java:96   | RHYTHMS
2017-10-06 14:22:44,642 INFO [91386720]           PageRhythm.java:314  | Range{1-18 ts:4/4} Durations avgGuess:1 topGuess:1 avgValue:0.95 stacks:18 voices:42 Histogram{1/4-11/8 size:10 [1/4=5 3/8=1 1/2=7 5/8=1 3/4=3 15/16=1 1=13 19/16=1 5/4=7 11/8=3]}
2017-10-06 14:22:44,644 INFO [91386720]         SlotsBuilder.java:427  | S1 MeasureStack#2 Slot{#5 xOffset=185 timeOffset=1 incomings=[#5131] SUSPICIOUS}
2017-10-06 14:22:44,645 INFO [91386720]                Voice.java:257  | S1 MeasureStack#2 Voice #1 too long 1/2
2017-10-06 14:22:44,645 INFO [91386720]                Voice.java:257  | S1 MeasureStack#2 Voice #3 too long 1/2
2017-10-06 14:22:44,646 INFO [91386720]           StackTuner.java:92   | S1 MeasureStack#2 no correct rhythm
2017-10-06 14:22:44,646 INFO [91386720]         SlotsBuilder.java:427  | S1 MeasureStack#3 Slot{#3 xOffset=106 timeOffset=3/8 incomings=[#5111] SUSPICIOUS}
2017-10-06 14:22:44,647 INFO [91386720]         SlotsBuilder.java:427  | S1 MeasureStack#3 Slot{#6 xOffset=217 timeOffset=3/4 incomings=[#5136] SUSPICIOUS}
2017-10-06 14:22:44,656 INFO [91386720]                Voice.java:257  | S2 MeasureStack#6 Voice #1 too long 1/4
2017-10-06 14:22:44,657 INFO [91386720]                Voice.java:257  | S2 MeasureStack#6 Voice #2 too long 1/4
2017-10-06 14:22:44,657 INFO [91386720]           StackTuner.java:92   | S2 MeasureStack#6 no correct rhythm
2017-10-06 14:22:44,659 INFO [91386720]         SlotsBuilder.java:427  | S2 MeasureStack#7 Slot{#5 xOffset=237 timeOffset=5/8 incomings=[#5153#5155] SUSPICIOUS}
2017-10-06 14:22:44,660 INFO [91386720]         SlotsBuilder.java:427  | S2 MeasureStack#7 Slot{#7 xOffset=315 timeOffset=7/8 incomings=[#5156] SUSPICIOUS}
2017-10-06 14:22:44,660 INFO [91386720]                Voice.java:257  | S2 MeasureStack#7 Voice #1 too long 1/8
2017-10-06 14:22:44,660 INFO [91386720]           StackTuner.java:92   | S2 MeasureStack#7 no correct rhythm
2017-10-06 14:22:44,662 INFO [91386720]                Voice.java:257  | S2 MeasureStack#8 Voice #1 too long 3/8
2017-10-06 14:22:44,663 INFO [91386720]                Voice.java:257  | S2 MeasureStack#8 Voice #2 too long 3/16
2017-10-06 14:22:44,663 INFO [91386720]                Voice.java:257  | S2 MeasureStack#8 Voice #3 too long 1/4
2017-10-06 14:22:44,663 INFO [91386720]           StackTuner.java:92   | S2 MeasureStack#8 no correct rhythm
2017-10-06 14:22:44,667 INFO [91386720]                Voice.java:257  | S3 MeasureStack#12 Voice #1 too long 3/8
2017-10-06 14:22:44,669 INFO [91386720]                Voice.java:257  | S3 MeasureStack#12 Voice #2 too long 3/8
2017-10-06 14:22:44,670 INFO [91386720]           StackTuner.java:92   | S3 MeasureStack#12 no correct rhythm
2017-10-06 14:22:44,671 INFO [91386720]                Voice.java:257  | S3 MeasureStack#13 Voice #1 too long 1/4
2017-10-06 14:22:44,672 INFO [91386720]                Voice.java:257  | S3 MeasureStack#13 Voice #2 too long 1/4
2017-10-06 14:22:44,672 INFO [91386720]           StackTuner.java:92   | S3 MeasureStack#13 no correct rhythm
2017-10-06 14:22:44,676 INFO [91386720]                Voice.java:257  | S4 MeasureStack#16 Voice #1 too long 1/4
2017-10-06 14:22:44,677 INFO [91386720]                Voice.java:257  | S4 MeasureStack#16 Voice #2 too long 1/4
2017-10-06 14:22:44,679 INFO [91386720]           StackTuner.java:92   | S4 MeasureStack#16 no correct rhythm
2017-10-06 14:22:44,687 INFO [91386720]         SlotsBuilder.java:399  | Stack#2 suspicious Slot{#2 xOffset=109 timeOffset=1/8 incomings=[#5273]}
2017-10-06 14:22:44,695 INFO [91386720]         SlotsBuilder.java:399  | Stack#6 suspicious Slot{#2 xOffset=129 timeOffset=1/8 incomings=[#5319]}
2017-10-06 14:22:44,695 INFO [91386720]           PageRhythm.java:314  | Range{1-6 ts:3/4} Durations avgGuess:1/2 topGuess:1/4 avgValue:0.60 stacks:6 voices:18 Histogram{1/8-3/4 size:5 [1/8=2 1/4=5 1/2=5 5/8=3 3/4=3]}
2017-10-06 14:22:44,696 INFO [91386720]           PageRhythm.java:221  | S5 Range{1-6 ts:3/4 dur:1/2} should update to 1/2-based time sig?
2017-10-06 14:22:44,697 INFO [91386720]         SlotsBuilder.java:427  | S5 MeasureStack#1 Slot{#3 xOffset=307 timeOffset=1/4 incomings=[#5246#5247] SUSPICIOUS}
2017-10-06 14:22:44,699 INFO [91386720]         SlotsBuilder.java:434  | Stack#1 endless loop detected
2017-10-06 14:22:44,709 INFO [91386720]         SlotsBuilder.java:427  | S5 MeasureStack#2 Slot{#6 xOffset=211 timeOffset=1/4 incomings=[#5274] SUSPICIOUS}
2017-10-06 14:22:44,709 INFO [91386720]         SlotsBuilder.java:427  | S5 MeasureStack#2 Slot{#8 xOffset=276 timeOffset=3/8 incomings=[#5275] SUSPICIOUS}
2017-10-06 14:22:44,710 INFO [91386720]         SlotsBuilder.java:427  | S5 MeasureStack#2 Slot{#10 xOffset=340 timeOffset=1/2 incomings=[#5276] SUSPICIOUS}
2017-10-06 14:22:44,710 INFO [91386720]         SlotsBuilder.java:427  | S5 MeasureStack#2 Slot{#12 xOffset=403 timeOffset=5/8 incomings=[#5277] SUSPICIOUS}
2017-10-06 14:22:44,711 INFO [91386720]                Voice.java:257  | S5 MeasureStack#2 Voice #1 too long 3/16
2017-10-06 14:22:44,711 INFO [91386720]                Voice.java:257  | S5 MeasureStack#2 Voice #1 too long 1/4
2017-10-06 14:22:44,711 INFO [91386720]                Voice.java:257  | S5 MeasureStack#2 Voice #2 too long 1/4
2017-10-06 14:22:44,713 INFO [91386720]           StackTuner.java:92   | S5 MeasureStack#2 no correct rhythm
2017-10-06 14:22:44,716 INFO [91386720]         SlotsBuilder.java:427  | S5 MeasureStack#3 Slot{#6 xOffset=264 timeOffset=1/2 incomings=[#5263#6219] SUSPICIOUS}
2017-10-06 14:22:44,716 INFO [91386720]         SlotsBuilder.java:427  | S5 MeasureStack#3 Slot{#8 xOffset=332 timeOffset=5/8 incomings=[#5264] SUSPICIOUS}
2017-10-06 14:22:44,717 INFO [91386720]         SlotsBuilder.java:434  | Stack#3 endless loop detected
2017-10-06 14:22:44,718 INFO [91386720]                Voice.java:257  | S5 MeasureStack#3 Voice #1 too long 1/4
2017-10-06 14:22:44,718 INFO [91386720]                Voice.java:257  | S5 MeasureStack#3 Voice #2 too long 3/16
2017-10-06 14:22:44,719 INFO [91386720]                Voice.java:257  | S5 MeasureStack#3 Voice #1 too long 1/8
2017-10-06 14:22:44,719 INFO [91386720]           StackTuner.java:92   | S5 MeasureStack#3 no correct rhythm
2017-10-06 14:22:44,722 INFO [91386720]                Voice.java:257  | S6 MeasureStack#4 Voice #1 too long 1/4
2017-10-06 14:22:44,722 INFO [91386720]                Voice.java:257  | S6 MeasureStack#4 Voice #2 too long 1/4
2017-10-06 14:22:44,722 INFO [91386720]           StackTuner.java:92   | S6 MeasureStack#4 no correct rhythm
2017-10-06 14:22:44,724 INFO [91386720]                Voice.java:257  | S6 MeasureStack#5 Voice #1 too long 1/8
2017-10-06 14:22:44,725 INFO [91386720]                Voice.java:257  | S6 MeasureStack#5 Voice #3 too long 1/8
2017-10-06 14:22:44,725 INFO [91386720]                Voice.java:257  | S6 MeasureStack#5 Voice #4 too long 1/8
2017-10-06 14:22:44,725 INFO [91386720]           StackTuner.java:92   | S6 MeasureStack#5 no correct rhythm
2017-10-06 14:22:44,728 INFO [91386720]         SlotsBuilder.java:427  | S6 MeasureStack#6 Slot{#6 xOffset=243 timeOffset=1/4 incomings=[#5320] SUSPICIOUS}
2017-10-06 14:22:44,728 INFO [91386720]         SlotsBuilder.java:427  | S6 MeasureStack#6 Slot{#8 xOffset=327 timeOffset=3/8 incomings=[#5321] SUSPICIOUS}
2017-10-06 14:22:44,729 INFO [91386720]         SlotsBuilder.java:427  | S6 MeasureStack#6 Slot{#10 xOffset=404 timeOffset=1/2 incomings=[#5322] SUSPICIOUS}
2017-10-06 14:22:44,730 INFO [91386720]         SlotsBuilder.java:427  | S6 MeasureStack#6 Slot{#12 xOffset=488 timeOffset=5/8 incomings=[#5323] SUSPICIOUS}
2017-10-06 14:22:44,730 INFO [91386720]                Voice.java:257  | S6 MeasureStack#6 Voice #1 too long 3/16
2017-10-06 14:22:44,730 INFO [91386720]                Voice.java:257  | S6 MeasureStack#6 Voice #3 too long 1/4
2017-10-06 14:22:44,730 INFO [91386720]           StackTuner.java:92   | S6 MeasureStack#6 no correct rhythm
2017-10-06 14:22:44,737 INFO [91386720]            BasicBook.java:1395 | Stored /book.xml
2017-10-06 14:22:45,421 INFO [91386720]           BasicSheet.java:979  | Stored /sheet#1/sheet#1.xml
2017-10-06 14:22:45,423 INFO [91386720]       StepMonitoring.java:96   | PAGE
2017-10-06 14:22:45,426 INFO [91386720]                 Part.java:267  | Could not left-connect slur#5503
2017-10-06 14:22:45,428 INFO [91386720]                Voice.java:257  | S1 MeasureStack#2 Voice #1 too long 1/2
2017-10-06 14:22:45,428 INFO [91386720]                Voice.java:257  | S1 MeasureStack#2 Voice #3 too long 1/2
2017-10-06 14:22:45,429 INFO [91386720]                Voice.java:257  | S2 MeasureStack#6 Voice #1 too long 1/4
2017-10-06 14:22:45,429 INFO [91386720]                Voice.java:257  | S2 MeasureStack#6 Voice #2 too long 1/4
2017-10-06 14:22:45,429 INFO [91386720]                Voice.java:257  | S2 MeasureStack#7 Voice #1 too long 1/8
2017-10-06 14:22:45,430 INFO [91386720]                Voice.java:257  | S2 MeasureStack#8 Voice #2 too long 3/8
2017-10-06 14:22:45,430 INFO [91386720]                Voice.java:257  | S2 MeasureStack#8 Voice #1 too long 3/16
2017-10-06 14:22:45,430 INFO [91386720]                Voice.java:257  | S2 MeasureStack#8 Voice #3 too long 1/4
2017-10-06 14:22:45,430 INFO [91386720]                Voice.java:257  | S3 MeasureStack#12 Voice #1 too long 3/8
2017-10-06 14:22:45,430 INFO [91386720]                Voice.java:257  | S3 MeasureStack#12 Voice #2 too long 3/8
2017-10-06 14:22:45,431 INFO [91386720]                Voice.java:257  | S3 MeasureStack#13 Voice #1 too long 1/4
2017-10-06 14:22:45,431 INFO [91386720]                Voice.java:257  | S3 MeasureStack#13 Voice #2 too long 1/4
2017-10-06 14:22:45,431 INFO [91386720]                Voice.java:257  | S4 MeasureStack#16 Voice #1 too long 1/4
2017-10-06 14:22:45,431 INFO [91386720]                Voice.java:257  | S4 MeasureStack#16 Voice #2 too long 1/4
2017-10-06 14:22:45,432 INFO [91386720]                Voice.java:257  | S5 MeasureStack#2 Voice #1 too long 3/16
2017-10-06 14:22:45,432 INFO [91386720]                Voice.java:257  | S5 MeasureStack#2 Voice #1 too long 1/4
2017-10-06 14:22:45,432 INFO [91386720]                Voice.java:257  | S5 MeasureStack#2 Voice #2 too long 1/4
2017-10-06 14:22:45,432 INFO [91386720]                Voice.java:257  | S5 MeasureStack#3 Voice #1 too long 1/4
2017-10-06 14:22:45,432 INFO [91386720]                Voice.java:257  | S5 MeasureStack#3 Voice #2 too long 3/16
2017-10-06 14:22:45,433 INFO [91386720]                Voice.java:257  | S5 MeasureStack#3 Voice #1 too long 1/8
2017-10-06 14:22:45,433 INFO [91386720]                Voice.java:257  | S6 MeasureStack#4 Voice #1 too long 1/4
2017-10-06 14:22:45,433 INFO [91386720]                Voice.java:257  | S6 MeasureStack#4 Voice #2 too long 1/4
2017-10-06 14:22:45,433 INFO [91386720]                Voice.java:257  | S6 MeasureStack#5 Voice #1 too long 1/8
2017-10-06 14:22:45,434 INFO [91386720]                Voice.java:257  | S6 MeasureStack#5 Voice #3 too long 1/8
2017-10-06 14:22:45,434 INFO [91386720]                Voice.java:257  | S6 MeasureStack#5 Voice #4 too long 1/8
2017-10-06 14:22:45,434 INFO [91386720]                Voice.java:257  | S6 MeasureStack#6 Voice #1 too long 3/16
2017-10-06 14:22:45,434 INFO [91386720]                Voice.java:257  | S6 MeasureStack#6 Voice #3 too long 1/4
2017-10-06 14:22:45,436 INFO [91386720]            BasicBook.java:1395 | Stored /book.xml
2017-10-06 14:22:46,081 INFO [91386720]           BasicSheet.java:979  | Stored /sheet#1/sheet#1.xml
2017-10-06 14:22:46,083 INFO [91386720]            BasicStub.java:723  | Sheet{91386720} disposed
2017-10-06 14:22:46,980 INFO [91386720]            BasicStub.java:449  | Loaded /sheet#1/sheet#1.xml
2017-10-06 14:22:46,982 INFO [91386720]            BasicBook.java:1133 | Scores built: 2
2017-10-06 14:22:48,114 INFO [91386720]        ScoreExporter.java:93   | Score 91386720.mvt1 exported to /Users/stephenn/Documents/workspace/nlsomr/xml_out/91386487/91386720/91386720.mvt1.mxl
2017-10-06 14:22:48,118 INFO [91386720]                 Part.java:312  | S#6 {Part#3 staves[11,12]} createDummyPart for id=1
2017-10-06 14:22:48,122 WARN [91386720]      PartwiseBuilder.java:1970 | Error visiting RestInter{#0(0.000) e#0 s:0 p:-1.00 WHOLE_REST}
java.lang.NullPointerException: null
	at org.audiveris.omr.score.PartwiseBuilder.processNote(PartwiseBuilder.java:1735)
	at org.audiveris.omr.score.PartwiseBuilder.processChord(PartwiseBuilder.java:1056)
	at org.audiveris.omr.score.PartwiseBuilder.processMeasure(PartwiseBuilder.java:1614)
	at org.audiveris.omr.score.PartwiseBuilder.processPart(PartwiseBuilder.java:1988)
	at org.audiveris.omr.score.PartwiseBuilder.processSystem(PartwiseBuilder.java:2532)
	at org.audiveris.omr.score.PartwiseBuilder.processLogicalPart(PartwiseBuilder.java:1433)
	at org.audiveris.omr.score.PartwiseBuilder.processStub(PartwiseBuilder.java:2483)
	at org.audiveris.omr.score.PartwiseBuilder.processPartList(PartwiseBuilder.java:2017)
	at org.audiveris.omr.score.PartwiseBuilder.processScore(PartwiseBuilder.java:2195)
	at org.audiveris.omr.score.PartwiseBuilder.build(PartwiseBuilder.java:307)
	at org.audiveris.omr.score.ScoreExporter.export(ScoreExporter.java:117)
	at org.audiveris.omr.score.ScoreExporter.export(ScoreExporter.java:91)
	at org.audiveris.omr.sheet.BasicBook.export(BasicBook.java:589)
	at org.audiveris.omr.CLI$ProcessingTask.processBook(CLI.java:785)
	at org.audiveris.omr.CLI$CliTask.call(CLI.java:344)
	at org.audiveris.omr.Main.runBatchTasks(Main.java:316)
	at org.audiveris.omr.Main.main(Main.java:155)
	at Audiveris.main(Audiveris.java:49)
2017-10-06 14:22:48,124 WARN [91386720]      PartwiseBuilder.java:1970 | Error visiting RestInter{#0(0.000) e#0 s:0 p:-1.00 WHOLE_REST}
java.lang.NullPointerException: null
	at org.audiveris.omr.score.PartwiseBuilder.processNote(PartwiseBuilder.java:1735)
	at org.audiveris.omr.score.PartwiseBuilder.processChord(PartwiseBuilder.java:1056)
	at org.audiveris.omr.score.PartwiseBuilder.processMeasure(PartwiseBuilder.java:1614)
	at org.audiveris.omr.score.PartwiseBuilder.processPart(PartwiseBuilder.java:1988)
	at org.audiveris.omr.score.PartwiseBuilder.processSystem(PartwiseBuilder.java:2532)
	at org.audiveris.omr.score.PartwiseBuilder.processLogicalPart(PartwiseBuilder.java:1433)
	at org.audiveris.omr.score.PartwiseBuilder.processStub(PartwiseBuilder.java:2483)
	at org.audiveris.omr.score.PartwiseBuilder.processPartList(PartwiseBuilder.java:2017)
	at org.audiveris.omr.score.PartwiseBuilder.processScore(PartwiseBuilder.java:2195)
	at org.audiveris.omr.score.PartwiseBuilder.build(PartwiseBuilder.java:307)
	at org.audiveris.omr.score.ScoreExporter.export(ScoreExporter.java:117)
	at org.audiveris.omr.score.ScoreExporter.export(ScoreExporter.java:91)
	at org.audiveris.omr.sheet.BasicBook.export(BasicBook.java:589)
	at org.audiveris.omr.CLI$ProcessingTask.processBook(CLI.java:785)
	at org.audiveris.omr.CLI$CliTask.call(CLI.java:344)
	at org.audiveris.omr.Main.runBatchTasks(Main.java:316)
	at org.audiveris.omr.Main.main(Main.java:155)
	at Audiveris.main(Audiveris.java:49)
2017-10-06 14:22:48,125 WARN [91386720]      PartwiseBuilder.java:1970 | Error visiting RestInter{#0(0.000) e#0 s:0 p:-1.00 WHOLE_REST}
java.lang.NullPointerException: null
	at org.audiveris.omr.score.PartwiseBuilder.processNote(PartwiseBuilder.java:1735)
	at org.audiveris.omr.score.PartwiseBuilder.processChord(PartwiseBuilder.java:1056)
	at org.audiveris.omr.score.PartwiseBuilder.processMeasure(PartwiseBuilder.java:1614)
	at org.audiveris.omr.score.PartwiseBuilder.processPart(PartwiseBuilder.java:1988)
	at org.audiveris.omr.score.PartwiseBuilder.processSystem(PartwiseBuilder.java:2532)
	at org.audiveris.omr.score.PartwiseBuilder.processLogicalPart(PartwiseBuilder.java:1433)
	at org.audiveris.omr.score.PartwiseBuilder.processStub(PartwiseBuilder.java:2483)
	at org.audiveris.omr.score.PartwiseBuilder.processPartList(PartwiseBuilder.java:2017)
	at org.audiveris.omr.score.PartwiseBuilder.processScore(PartwiseBuilder.java:2195)
	at org.audiveris.omr.score.PartwiseBuilder.build(PartwiseBuilder.java:307)
	at org.audiveris.omr.score.ScoreExporter.export(ScoreExporter.java:117)
	at org.audiveris.omr.score.ScoreExporter.export(ScoreExporter.java:91)
	at org.audiveris.omr.sheet.BasicBook.export(BasicBook.java:589)
	at org.audiveris.omr.CLI$ProcessingTask.processBook(CLI.java:785)
	at org.audiveris.omr.CLI$CliTask.call(CLI.java:344)
	at org.audiveris.omr.Main.runBatchTasks(Main.java:316)
	at org.audiveris.omr.Main.main(Main.java:155)
	at Audiveris.main(Audiveris.java:49)
2017-10-06 14:22:48,131 INFO [91386720]                 Part.java:312  | S#6 {Part#3 staves[11,12]} createDummyPart for id=2
2017-10-06 14:22:48,132 WARN [91386720]      PartwiseBuilder.java:1970 | Error visiting RestInter{#0(0.000) e#0 s:0 p:-1.00 WHOLE_REST}
java.lang.NullPointerException: null
	at org.audiveris.omr.score.PartwiseBuilder.processNote(PartwiseBuilder.java:1735)
	at org.audiveris.omr.score.PartwiseBuilder.processChord(PartwiseBuilder.java:1056)
	at org.audiveris.omr.score.PartwiseBuilder.processMeasure(PartwiseBuilder.java:1614)
	at org.audiveris.omr.score.PartwiseBuilder.processPart(PartwiseBuilder.java:1988)
	at org.audiveris.omr.score.PartwiseBuilder.processSystem(PartwiseBuilder.java:2532)
	at org.audiveris.omr.score.PartwiseBuilder.processLogicalPart(PartwiseBuilder.java:1433)
	at org.audiveris.omr.score.PartwiseBuilder.processStub(PartwiseBuilder.java:2483)
	at org.audiveris.omr.score.PartwiseBuilder.processPartList(PartwiseBuilder.java:2017)
	at org.audiveris.omr.score.PartwiseBuilder.processScore(PartwiseBuilder.java:2195)
	at org.audiveris.omr.score.PartwiseBuilder.build(PartwiseBuilder.java:307)
	at org.audiveris.omr.score.ScoreExporter.export(ScoreExporter.java:117)
	at org.audiveris.omr.score.ScoreExporter.export(ScoreExporter.java:91)
	at org.audiveris.omr.sheet.BasicBook.export(BasicBook.java:589)
	at org.audiveris.omr.CLI$ProcessingTask.processBook(CLI.java:785)
	at org.audiveris.omr.CLI$CliTask.call(CLI.java:344)
	at org.audiveris.omr.Main.runBatchTasks(Main.java:316)
	at org.audiveris.omr.Main.main(Main.java:155)
	at Audiveris.main(Audiveris.java:49)
2017-10-06 14:22:48,133 WARN [91386720]      PartwiseBuilder.java:1970 | Error visiting RestInter{#0(0.000) e#0 s:0 p:-1.00 WHOLE_REST}
java.lang.NullPointerException: null
	at org.audiveris.omr.score.PartwiseBuilder.processNote(PartwiseBuilder.java:1735)
	at org.audiveris.omr.score.PartwiseBuilder.processChord(PartwiseBuilder.java:1056)
	at org.audiveris.omr.score.PartwiseBuilder.processMeasure(PartwiseBuilder.java:1614)
	at org.audiveris.omr.score.PartwiseBuilder.processPart(PartwiseBuilder.java:1988)
	at org.audiveris.omr.score.PartwiseBuilder.processSystem(PartwiseBuilder.java:2532)
	at org.audiveris.omr.score.PartwiseBuilder.processLogicalPart(PartwiseBuilder.java:1433)
	at org.audiveris.omr.score.PartwiseBuilder.processStub(PartwiseBuilder.java:2483)
	at org.audiveris.omr.score.PartwiseBuilder.processPartList(PartwiseBuilder.java:2017)
	at org.audiveris.omr.score.PartwiseBuilder.processScore(PartwiseBuilder.java:2195)
	at org.audiveris.omr.score.PartwiseBuilder.build(PartwiseBuilder.java:307)
	at org.audiveris.omr.score.ScoreExporter.export(ScoreExporter.java:117)
	at org.audiveris.omr.score.ScoreExporter.export(ScoreExporter.java:91)
	at org.audiveris.omr.sheet.BasicBook.export(BasicBook.java:589)
	at org.audiveris.omr.CLI$ProcessingTask.processBook(CLI.java:785)
	at org.audiveris.omr.CLI$CliTask.call(CLI.java:344)
	at org.audiveris.omr.Main.runBatchTasks(Main.java:316)
	at org.audiveris.omr.Main.main(Main.java:155)
	at Audiveris.main(Audiveris.java:49)
2017-10-06 14:22:48,134 WARN [91386720]      PartwiseBuilder.java:1970 | Error visiting RestInter{#0(0.000) e#0 s:0 p:-1.00 WHOLE_REST}
java.lang.NullPointerException: null
	at org.audiveris.omr.score.PartwiseBuilder.processNote(PartwiseBuilder.java:1735)
	at org.audiveris.omr.score.PartwiseBuilder.processChord(PartwiseBuilder.java:1056)
	at org.audiveris.omr.score.PartwiseBuilder.processMeasure(PartwiseBuilder.java:1614)
	at org.audiveris.omr.score.PartwiseBuilder.processPart(PartwiseBuilder.java:1988)
	at org.audiveris.omr.score.PartwiseBuilder.processSystem(PartwiseBuilder.java:2532)
	at org.audiveris.omr.score.PartwiseBuilder.processLogicalPart(PartwiseBuilder.java:1433)
	at org.audiveris.omr.score.PartwiseBuilder.processStub(PartwiseBuilder.java:2483)
	at org.audiveris.omr.score.PartwiseBuilder.processPartList(PartwiseBuilder.java:2017)
	at org.audiveris.omr.score.PartwiseBuilder.processScore(PartwiseBuilder.java:2195)
	at org.audiveris.omr.score.PartwiseBuilder.build(PartwiseBuilder.java:307)
	at org.audiveris.omr.score.ScoreExporter.export(ScoreExporter.java:117)
	at org.audiveris.omr.score.ScoreExporter.export(ScoreExporter.java:91)
	at org.audiveris.omr.sheet.BasicBook.export(BasicBook.java:589)
	at org.audiveris.omr.CLI$ProcessingTask.processBook(CLI.java:785)
	at org.audiveris.omr.CLI$CliTask.call(CLI.java:344)
	at org.audiveris.omr.Main.runBatchTasks(Main.java:316)
	at org.audiveris.omr.Main.main(Main.java:155)
	at Audiveris.main(Audiveris.java:49)
2017-10-06 14:22:48,136 INFO [91386720]                 Part.java:312  | S#5 {Part#1 staves[9] name:ma non} createDummyPart for id=3
2017-10-06 14:22:48,136 WARN [91386720]      PartwiseBuilder.java:2547 | Error visiting System#5
java.lang.NullPointerException: null
	at org.audiveris.omr.sig.inter.Inter$6.compare(Inter.java:159)
	at org.audiveris.omr.sig.inter.Inter$6.compare(Inter.java:150)
	at java.util.TreeMap.put(TreeMap.java:552)
	at java.util.TreeSet.add(TreeSet.java:255)
	at org.audiveris.omr.sheet.rhythm.Measure.addInter(Measure.java:241)
	at org.audiveris.omr.sheet.Part.createDummyPart(Part.java:349)
	at org.audiveris.omr.score.PartwiseBuilder.processSystem(PartwiseBuilder.java:2531)
	at org.audiveris.omr.score.PartwiseBuilder.processLogicalPart(PartwiseBuilder.java:1433)
	at org.audiveris.omr.score.PartwiseBuilder.processStub(PartwiseBuilder.java:2483)
	at org.audiveris.omr.score.PartwiseBuilder.processPartList(PartwiseBuilder.java:2017)
	at org.audiveris.omr.score.PartwiseBuilder.processScore(PartwiseBuilder.java:2195)
	at org.audiveris.omr.score.PartwiseBuilder.build(PartwiseBuilder.java:307)
	at org.audiveris.omr.score.ScoreExporter.export(ScoreExporter.java:117)
	at org.audiveris.omr.score.ScoreExporter.export(ScoreExporter.java:91)
	at org.audiveris.omr.sheet.BasicBook.export(BasicBook.java:589)
	at org.audiveris.omr.CLI$ProcessingTask.processBook(CLI.java:785)
	at org.audiveris.omr.CLI$CliTask.call(CLI.java:344)
	at org.audiveris.omr.Main.runBatchTasks(Main.java:316)
	at org.audiveris.omr.Main.main(Main.java:155)
	at Audiveris.main(Audiveris.java:49)
2017-10-06 14:22:48,154 INFO [91386720]        ScoreExporter.java:93   | Score 91386720.mvt2 exported to /Users/stephenn/Documents/workspace/nlsomr/xml_out/91386487/91386720/91386720.mvt2.mxl
2017-10-06 14:22:48,296 INFO [91386720]            BasicBook.java:1395 | Stored /book.xml
2017-10-06 14:22:48,296 INFO [91386720]            BasicBook.java:1355 | Book stored as /Users/stephenn/Documents/workspace/nlsomr/xml_out/91386487/91386720/91386720.omr
