2017-10-06 14:20:32,805 INFO [91386696]            BasicBook.java:427  | 1 sheet in /Users/stephenn/Documents/workspace/nlsomr/working/91386696.jpg
2017-10-06 14:20:32,944 INFO []            BasicBook.java:1395 | Stored /book.xml
2017-10-06 14:20:32,945 INFO []            BasicBook.java:1355 | Book stored as /Users/stephenn/Documents/workspace/nlsomr/xml_out/91386487/91386696/91386696.omr
2017-10-06 14:20:32,950 INFO []            BasicBook.java:996  | Book reaching PAGE on sheets:[#1]
2017-10-06 14:20:32,952 INFO [91386696]       StepMonitoring.java:96   | LOAD
2017-10-06 14:20:33,094 INFO [91386696]            BasicBook.java:911  | Loaded image 1 2000x3056 from /Users/stephenn/Documents/workspace/nlsomr/working/91386696.jpg
2017-10-06 14:20:33,099 INFO [91386696]            ImageUtil.java:82   | Converting max RGB to gray ...
2017-10-06 14:20:33,347 INFO [91386696]            BasicBook.java:1395 | Stored /book.xml
2017-10-06 14:20:33,632 INFO [91386696]           BasicSheet.java:979  | Stored /sheet#1/sheet#1.xml
2017-10-06 14:20:33,633 INFO [91386696]       StepMonitoring.java:96   | BINARY
2017-10-06 14:20:34,178 INFO [91386696]            BasicBook.java:1395 | Stored /book.xml
2017-10-06 14:20:34,482 INFO [91386696]              Picture.java:786  | Stored /sheet#1/BINARY.xml
2017-10-06 14:20:34,484 INFO [91386696]           BasicSheet.java:979  | Stored /sheet#1/sheet#1.xml
2017-10-06 14:20:34,485 INFO [91386696]       StepMonitoring.java:96   | SCALE
2017-10-06 14:20:34,524 INFO [91386696]            ScaleStep.java:87   | Scale{line(3,4,6) interline(16,17,17) beam(13)}
2017-10-06 14:20:34,526 INFO [91386696]            BasicBook.java:1395 | Stored /book.xml
2017-10-06 14:20:34,528 INFO [91386696]           BasicSheet.java:979  | Stored /sheet#1/sheet#1.xml
2017-10-06 14:20:34,530 INFO [91386696]       StepMonitoring.java:96   | GRID
2017-10-06 14:20:35,292 INFO [91386696]       LinesRetriever.java:442  | Global slope: 0.00000
2017-10-06 14:20:35,368 INFO [91386696]    ClustersRetriever.java:241  | Retrieved line clusters: 12 of size: 5 with interline: (16,17,17)
2017-10-06 14:20:35,861 INFO [91386696]            PeakGraph.java:181  | Systems: #1[1, 2] #2[3, 4] #3[5, 6] #4[7, 8] #5[9, 10] #6[11, 12]
2017-10-06 14:20:36,922 INFO [91386696]        SystemManager.java:626  | Indentation detected for system#1
2017-10-06 14:20:36,923 INFO [91386696]        SystemManager.java:626  | Indentation detected for system#5
2017-10-06 14:20:36,924 INFO [91386696]        SystemManager.java:671  | 2 pages found in sheet
2017-10-06 14:20:36,924 INFO [91386696]        SystemManager.java:709  | Page #1: 1 part along 4 systems
2017-10-06 14:20:36,924 INFO [91386696]        SystemManager.java:709  | Page #2: 1 part along 2 systems
2017-10-06 14:20:36,929 INFO [91386696]            BasicBook.java:1395 | Stored /book.xml
2017-10-06 14:20:37,146 INFO [91386696]           BasicSheet.java:979  | Stored /sheet#1/sheet#1.xml
2017-10-06 14:20:37,149 INFO [91386696]       StepMonitoring.java:96   | HEADERS
2017-10-06 14:20:37,513 INFO []          Nd4jBackend.java:194  | Loaded [CpuBackend] backend
2017-10-06 14:20:37,574 INFO []      NativeOpsHolder.java:49   | Number of threads used for NativeOps: 2
2017-10-06 14:20:37,987 INFO [] DefaultOpExecutioner.java:544  | Backend used: [CPU]; OS: [Mac OS X]
2017-10-06 14:20:37,988 INFO [] DefaultOpExecutioner.java:545  | Cores: [4]; Memory: [3.6GB];
2017-10-06 14:20:37,988 INFO [] DefaultOpExecutioner.java:546  | Blas vendor: [OPENBLAS]
2017-10-06 14:20:38,021 INFO []   AbstractClassifier.java:332  | Classifier data loaded from default uri jar:file:/Users/stephenn/Documents/workspace/audiveris/build/distributions/Audiveris/lib/audiveris.jar!/res/basic-classifier.zip
2017-10-06 14:20:40,101 WARN [91386696]          ClefBuilder.java:560  | Staff#6 no header clef.
2017-10-06 14:20:40,513 WARN [91386696]          ClefBuilder.java:560  | Staff#10 no header clef.
2017-10-06 14:20:40,687 WARN [91386696]          ClefBuilder.java:560  | Staff#12 no header clef.
2017-10-06 14:20:40,704 INFO [91386696]            BasicBook.java:1395 | Stored /book.xml
2017-10-06 14:20:40,779 INFO []   AbstractClassifier.java:332  | Classifier data loaded from default uri jar:file:/Users/stephenn/Documents/workspace/audiveris/build/distributions/Audiveris/lib/audiveris.jar!/res/deep-classifier.zip
2017-10-06 14:20:41,017 INFO [91386696]           BasicSheet.java:979  | Stored /sheet#1/sheet#1.xml
2017-10-06 14:20:41,019 INFO [91386696]       StepMonitoring.java:96   | STEM_SEEDS
2017-10-06 14:20:41,114 INFO [91386696]        StemSeedsStep.java:91   | stem(4 max:5)
2017-10-06 14:20:41,218 INFO [91386696]            BasicBook.java:1395 | Stored /book.xml
2017-10-06 14:20:41,505 INFO [91386696]           BasicSheet.java:979  | Stored /sheet#1/sheet#1.xml
2017-10-06 14:20:41,507 INFO [91386696]       StepMonitoring.java:96   | BEAMS
2017-10-06 14:20:46,200 INFO [91386696]            BeamsStep.java:89   | BeamDistance{count:7 mean:14.08 stdDev:0.19}
2017-10-06 14:20:46,206 INFO [91386696]            BasicBook.java:1395 | Stored /book.xml
2017-10-06 14:20:46,259 INFO [91386696]              Picture.java:786  | Stored /sheet#1/HEAD_SPOTS.xml
2017-10-06 14:20:46,610 INFO [91386696]           BasicSheet.java:979  | Stored /sheet#1/sheet#1.xml
2017-10-06 14:20:46,613 INFO [91386696]       StepMonitoring.java:96   | LEDGERS
2017-10-06 14:20:47,205 INFO [91386696]            BasicBook.java:1395 | Stored /book.xml
2017-10-06 14:20:47,597 INFO [91386696]           BasicSheet.java:979  | Stored /sheet#1/sheet#1.xml
2017-10-06 14:20:47,600 INFO [91386696]       StepMonitoring.java:96   | HEADS
2017-10-06 14:20:50,127 INFO [91386696]            BasicBook.java:1395 | Stored /book.xml
2017-10-06 14:20:50,989 INFO [91386696]           BasicSheet.java:979  | Stored /sheet#1/sheet#1.xml
2017-10-06 14:20:50,992 INFO [91386696]       StepMonitoring.java:96   | STEMS
2017-10-06 14:20:52,581 INFO [91386696]            BasicBook.java:1395 | Stored /book.xml
2017-10-06 14:20:53,546 INFO [91386696]           BasicSheet.java:979  | Stored /sheet#1/sheet#1.xml
2017-10-06 14:20:53,548 INFO [91386696]       StepMonitoring.java:96   | REDUCTION
2017-10-06 14:20:53,955 INFO [91386696]            BasicBook.java:1395 | Stored /book.xml
2017-10-06 14:20:54,626 INFO [91386696]           BasicSheet.java:979  | Stored /sheet#1/sheet#1.xml
2017-10-06 14:20:54,629 INFO [91386696]       StepMonitoring.java:96   | CUE_BEAMS
2017-10-06 14:20:54,632 INFO [91386696]            BasicBook.java:1395 | Stored /book.xml
2017-10-06 14:20:55,313 INFO [91386696]           BasicSheet.java:979  | Stored /sheet#1/sheet#1.xml
2017-10-06 14:20:55,315 INFO [91386696]       StepMonitoring.java:96   | TEXTS
2017-10-06 14:20:57,156 INFO [91386696]            BasicBook.java:1395 | Stored /book.xml
2017-10-06 14:20:57,856 INFO [91386696]           BasicSheet.java:979  | Stored /sheet#1/sheet#1.xml
2017-10-06 14:20:57,858 INFO [91386696]       StepMonitoring.java:96   | MEASURES
2017-10-06 14:20:57,863 INFO [91386696]                 Page.java:210  | 17 raw measures: [5 in system#1, 4 in system#2, 4 in system#3, 4 in system#4]
2017-10-06 14:20:57,863 INFO [91386696]                 Page.java:210  | 8 raw measures: [4 in system#5, 4 in system#6]
2017-10-06 14:20:57,864 INFO [91386696]            BasicBook.java:1395 | Stored /book.xml
2017-10-06 14:20:58,567 INFO [91386696]           BasicSheet.java:979  | Stored /sheet#1/sheet#1.xml
2017-10-06 14:20:58,570 INFO [91386696]       StepMonitoring.java:96   | CHORDS
2017-10-06 14:20:58,576 INFO [91386696]        ChordsBuilder.java:249  | Deleting StemInter{#4511(0.746/0.851)} on RIGHT side of HeadInter{#2182(0.521/0.784) s:4 p:-5.00 NOTEHEAD_VOID}
2017-10-06 14:20:58,586 INFO [91386696]            BasicBook.java:1395 | Stored /book.xml
2017-10-06 14:20:59,400 INFO [91386696]           BasicSheet.java:979  | Stored /sheet#1/sheet#1.xml
2017-10-06 14:20:59,402 INFO [91386696]       StepMonitoring.java:96   | CURVES
2017-10-06 14:21:01,084 INFO [91386696]         SlursBuilder.java:157  | Slurs: 22
2017-10-06 14:21:01,115 INFO [91386696]      SegmentsBuilder.java:113  | Segments: 13
2017-10-06 14:21:01,123 INFO [91386696]            BasicBook.java:1395 | Stored /book.xml
2017-10-06 14:21:02,314 INFO [91386696]           BasicSheet.java:979  | Stored /sheet#1/sheet#1.xml
2017-10-06 14:21:02,316 INFO [91386696]       StepMonitoring.java:96   | SYMBOLS
2017-10-06 14:21:02,616 INFO [91386696]       SymbolsBuilder.java:340  | Symbol parts shrunk from 13 to 7
2017-10-06 14:21:04,155 INFO [91386696]            BasicBook.java:1395 | Stored /book.xml
2017-10-06 14:21:05,482 INFO [91386696]           BasicSheet.java:979  | Stored /sheet#1/sheet#1.xml
2017-10-06 14:21:05,484 INFO [91386696]       StepMonitoring.java:96   | LINKS
2017-10-06 14:21:05,533 INFO [91386696]            BasicBook.java:1395 | Stored /book.xml
2017-10-06 14:21:06,985 INFO [91386696]           BasicSheet.java:979  | Stored /sheet#1/sheet#1.xml
2017-10-06 14:21:06,988 INFO [91386696]       StepMonitoring.java:96   | RHYTHMS
2017-10-06 14:21:07,023 INFO [91386696]           PageRhythm.java:314  | Range{1-17 ts:3/4} Durations avgGuess:3/4 topGuess:3/4 avgValue:0.65 stacks:17 voices:47 Histogram{1/8-7/8 size:5 [1/8=1 1/4=1 1/2=18 3/4=26 7/8=1]}
2017-10-06 14:21:07,035 INFO [91386696]                Voice.java:257  | S3 MeasureStack#11 Voice #1 too long 1/8
2017-10-06 14:21:07,036 INFO [91386696]           StackTuner.java:92   | S3 MeasureStack#11 no correct rhythm
2017-10-06 14:21:07,049 INFO [91386696]         SlotsBuilder.java:399  | Stack#3 suspicious Slot{#6 xOffset=248 timeOffset=1/2 incomings=[#5072#5105]}
2017-10-06 14:21:07,059 INFO [91386696]           PageRhythm.java:314  | Range{1-8 ts:6/8} Durations avgGuess:3/4 topGuess:3/4 avgValue:0.71 stacks:8 voices:26 Histogram{1/2-7/8 size:4 [1/2=1 5/8=8 3/4=15 7/8=2]}
2017-10-06 14:21:07,067 INFO [91386696]         SlotsBuilder.java:434  | Stack#3 endless loop detected
2017-10-06 14:21:07,070 INFO [91386696]                Voice.java:257  | S5 MeasureStack#4 Voice #1 too long 1/8
2017-10-06 14:21:07,070 INFO [91386696]                Voice.java:257  | S5 MeasureStack#4 Voice #2 too long 1/8
2017-10-06 14:21:07,070 INFO [91386696]           StackTuner.java:92   | S5 MeasureStack#4 no correct rhythm
2017-10-06 14:21:07,090 INFO [91386696]         SlotsBuilder.java:427  | S6 MeasureStack#8 Slot{#5 xOffset=231 timeOffset=1/2 incomings=[#5162] SUSPICIOUS}
2017-10-06 14:21:07,091 INFO [91386696]                Voice.java:257  | S6 MeasureStack#8 Voice #2 too long 1/8
2017-10-06 14:21:07,091 INFO [91386696]           StackTuner.java:92   | S6 MeasureStack#8 no correct rhythm
2017-10-06 14:21:07,110 INFO [91386696]            BasicBook.java:1395 | Stored /book.xml
2017-10-06 14:21:09,101 INFO [91386696]           BasicSheet.java:979  | Stored /sheet#1/sheet#1.xml
2017-10-06 14:21:09,120 INFO [91386696]       StepMonitoring.java:96   | PAGE
2017-10-06 14:21:09,128 INFO [91386696]                Voice.java:257  | S3 MeasureStack#11 Voice #1 too long 1/8
2017-10-06 14:21:09,130 INFO [91386696]                Voice.java:257  | S5 MeasureStack#4 Voice #1 too long 1/8
2017-10-06 14:21:09,131 INFO [91386696]                Voice.java:257  | S5 MeasureStack#4 Voice #2 too long 1/8
2017-10-06 14:21:09,132 INFO [91386696]                Voice.java:257  | S6 MeasureStack#8 Voice #2 too long 1/8
2017-10-06 14:21:09,155 INFO [91386696]            BasicBook.java:1395 | Stored /book.xml
2017-10-06 14:21:10,635 INFO [91386696]           BasicSheet.java:979  | Stored /sheet#1/sheet#1.xml
2017-10-06 14:21:10,638 INFO [91386696]            BasicStub.java:723  | Sheet{91386696} disposed
2017-10-06 14:21:11,566 INFO [91386696]            BasicStub.java:449  | Loaded /sheet#1/sheet#1.xml
2017-10-06 14:21:11,568 INFO [91386696]            BasicBook.java:1133 | Scores built: 2
2017-10-06 14:21:12,549 WARN [91386696]      PartwiseBuilder.java:1379 | Error visiting null
java.lang.NullPointerException: null
	at org.audiveris.omr.score.PartwiseBuilder.processKey(PartwiseBuilder.java:1344)
	at org.audiveris.omr.score.PartwiseBuilder.processKeys(PartwiseBuilder.java:1407)
	at org.audiveris.omr.score.PartwiseBuilder.processMeasure(PartwiseBuilder.java:1575)
	at org.audiveris.omr.score.PartwiseBuilder.processPart(PartwiseBuilder.java:1988)
	at org.audiveris.omr.score.PartwiseBuilder.processSystem(PartwiseBuilder.java:2528)
	at org.audiveris.omr.score.PartwiseBuilder.processLogicalPart(PartwiseBuilder.java:1433)
	at org.audiveris.omr.score.PartwiseBuilder.processStub(PartwiseBuilder.java:2483)
	at org.audiveris.omr.score.PartwiseBuilder.processPartList(PartwiseBuilder.java:2017)
	at org.audiveris.omr.score.PartwiseBuilder.processScore(PartwiseBuilder.java:2195)
	at org.audiveris.omr.score.PartwiseBuilder.build(PartwiseBuilder.java:307)
	at org.audiveris.omr.score.ScoreExporter.export(ScoreExporter.java:117)
	at org.audiveris.omr.score.ScoreExporter.export(ScoreExporter.java:91)
	at org.audiveris.omr.sheet.BasicBook.export(BasicBook.java:589)
	at org.audiveris.omr.CLI$ProcessingTask.processBook(CLI.java:785)
	at org.audiveris.omr.CLI$CliTask.call(CLI.java:344)
	at org.audiveris.omr.Main.runBatchTasks(Main.java:316)
	at org.audiveris.omr.Main.main(Main.java:155)
	at Audiveris.main(Audiveris.java:49)
2017-10-06 14:21:12,603 INFO [91386696]        ScoreExporter.java:93   | Score 91386696.mvt1 exported to /Users/stephenn/Documents/workspace/nlsomr/xml_out/91386487/91386696/91386696.mvt1.mxl
2017-10-06 14:21:12,605 WARN [91386696]      PartwiseBuilder.java:1379 | Error visiting null
java.lang.NullPointerException: null
	at org.audiveris.omr.score.PartwiseBuilder.processKey(PartwiseBuilder.java:1344)
	at org.audiveris.omr.score.PartwiseBuilder.processKeys(PartwiseBuilder.java:1407)
	at org.audiveris.omr.score.PartwiseBuilder.processMeasure(PartwiseBuilder.java:1575)
	at org.audiveris.omr.score.PartwiseBuilder.processPart(PartwiseBuilder.java:1988)
	at org.audiveris.omr.score.PartwiseBuilder.processSystem(PartwiseBuilder.java:2528)
	at org.audiveris.omr.score.PartwiseBuilder.processLogicalPart(PartwiseBuilder.java:1433)
	at org.audiveris.omr.score.PartwiseBuilder.processStub(PartwiseBuilder.java:2483)
	at org.audiveris.omr.score.PartwiseBuilder.processPartList(PartwiseBuilder.java:2017)
	at org.audiveris.omr.score.PartwiseBuilder.processScore(PartwiseBuilder.java:2195)
	at org.audiveris.omr.score.PartwiseBuilder.build(PartwiseBuilder.java:307)
	at org.audiveris.omr.score.ScoreExporter.export(ScoreExporter.java:117)
	at org.audiveris.omr.score.ScoreExporter.export(ScoreExporter.java:91)
	at org.audiveris.omr.sheet.BasicBook.export(BasicBook.java:589)
	at org.audiveris.omr.CLI$ProcessingTask.processBook(CLI.java:785)
	at org.audiveris.omr.CLI$CliTask.call(CLI.java:344)
	at org.audiveris.omr.Main.runBatchTasks(Main.java:316)
	at org.audiveris.omr.Main.main(Main.java:155)
	at Audiveris.main(Audiveris.java:49)
2017-10-06 14:21:12,611 WARN [91386696]      PartwiseBuilder.java:1379 | Error visiting null
java.lang.NullPointerException: null
	at org.audiveris.omr.score.PartwiseBuilder.processKey(PartwiseBuilder.java:1344)
	at org.audiveris.omr.score.PartwiseBuilder.processKeys(PartwiseBuilder.java:1407)
	at org.audiveris.omr.score.PartwiseBuilder.processMeasure(PartwiseBuilder.java:1575)
	at org.audiveris.omr.score.PartwiseBuilder.processPart(PartwiseBuilder.java:1988)
	at org.audiveris.omr.score.PartwiseBuilder.processSystem(PartwiseBuilder.java:2528)
	at org.audiveris.omr.score.PartwiseBuilder.processLogicalPart(PartwiseBuilder.java:1433)
	at org.audiveris.omr.score.PartwiseBuilder.processStub(PartwiseBuilder.java:2483)
	at org.audiveris.omr.score.PartwiseBuilder.processPartList(PartwiseBuilder.java:2017)
	at org.audiveris.omr.score.PartwiseBuilder.processScore(PartwiseBuilder.java:2195)
	at org.audiveris.omr.score.PartwiseBuilder.build(PartwiseBuilder.java:307)
	at org.audiveris.omr.score.ScoreExporter.export(ScoreExporter.java:117)
	at org.audiveris.omr.score.ScoreExporter.export(ScoreExporter.java:91)
	at org.audiveris.omr.sheet.BasicBook.export(BasicBook.java:589)
	at org.audiveris.omr.CLI$ProcessingTask.processBook(CLI.java:785)
	at org.audiveris.omr.CLI$CliTask.call(CLI.java:344)
	at org.audiveris.omr.Main.runBatchTasks(Main.java:316)
	at org.audiveris.omr.Main.main(Main.java:155)
	at Audiveris.main(Audiveris.java:49)
2017-10-06 14:21:12,633 INFO [91386696]        ScoreExporter.java:93   | Score 91386696.mvt2 exported to /Users/stephenn/Documents/workspace/nlsomr/xml_out/91386487/91386696/91386696.mvt2.mxl
2017-10-06 14:21:12,794 INFO [91386696]            BasicBook.java:1395 | Stored /book.xml
2017-10-06 14:21:12,794 INFO [91386696]            BasicBook.java:1355 | Book stored as /Users/stephenn/Documents/workspace/nlsomr/xml_out/91386487/91386696/91386696.omr
