2017-10-06 14:22:57,422 INFO [91386732]            BasicBook.java:427  | 1 sheet in /Users/stephenn/Documents/workspace/nlsomr/working/91386732.jpg
2017-10-06 14:22:57,566 INFO []            BasicBook.java:1395 | Stored /book.xml
2017-10-06 14:22:57,567 INFO []            BasicBook.java:1355 | Book stored as /Users/stephenn/Documents/workspace/nlsomr/xml_out/91386487/91386732/91386732.omr
2017-10-06 14:22:57,572 INFO []            BasicBook.java:996  | Book reaching PAGE on sheets:[#1]
2017-10-06 14:22:57,574 INFO [91386732]       StepMonitoring.java:96   | LOAD
2017-10-06 14:22:57,726 INFO [91386732]            BasicBook.java:911  | Loaded image 1 2000x3056 from /Users/stephenn/Documents/workspace/nlsomr/working/91386732.jpg
2017-10-06 14:22:57,730 INFO [91386732]            ImageUtil.java:82   | Converting max RGB to gray ...
2017-10-06 14:22:57,979 INFO [91386732]            BasicBook.java:1395 | Stored /book.xml
2017-10-06 14:22:58,292 INFO [91386732]           BasicSheet.java:979  | Stored /sheet#1/sheet#1.xml
2017-10-06 14:22:58,293 INFO [91386732]       StepMonitoring.java:96   | BINARY
2017-10-06 14:22:58,867 INFO [91386732]            BasicBook.java:1395 | Stored /book.xml
2017-10-06 14:22:59,217 INFO [91386732]              Picture.java:786  | Stored /sheet#1/BINARY.xml
2017-10-06 14:22:59,219 INFO [91386732]           BasicSheet.java:979  | Stored /sheet#1/sheet#1.xml
2017-10-06 14:22:59,221 INFO [91386732]       StepMonitoring.java:96   | SCALE
2017-10-06 14:22:59,260 INFO [91386732]            ScaleStep.java:87   | Scale{line(3,4,5) interline(16,16,17) beam(13)}
2017-10-06 14:22:59,263 INFO [91386732]            BasicBook.java:1395 | Stored /book.xml
2017-10-06 14:22:59,266 INFO [91386732]           BasicSheet.java:979  | Stored /sheet#1/sheet#1.xml
2017-10-06 14:22:59,269 INFO [91386732]       StepMonitoring.java:96   | GRID
2017-10-06 14:23:00,079 INFO [91386732]       LinesRetriever.java:442  | Global slope: -0.00455
2017-10-06 14:23:00,171 INFO [91386732]    ClustersRetriever.java:241  | Retrieved line clusters: 12 of size: 5 with interline: (16,16,17)
2017-10-06 14:23:00,652 INFO [91386732]            PeakGraph.java:181  | Systems: #1[1, 2] #2[3, 4] #3[5, 6] #4[7, 8] #5[9, 10] #6[11, 12]
2017-10-06 14:23:01,585 INFO [91386732]        SystemManager.java:626  | Indentation detected for system#5
2017-10-06 14:23:01,586 INFO [91386732]        SystemManager.java:671  | 2 pages found in sheet
2017-10-06 14:23:01,587 INFO [91386732]        SystemManager.java:709  | Page #1: 1 part along 4 systems
2017-10-06 14:23:01,587 INFO [91386732]        SystemManager.java:709  | Page #2: 1 part along 2 systems
2017-10-06 14:23:01,591 INFO [91386732]            BasicBook.java:1395 | Stored /book.xml
2017-10-06 14:23:01,867 INFO [91386732]           BasicSheet.java:979  | Stored /sheet#1/sheet#1.xml
2017-10-06 14:23:01,871 INFO [91386732]       StepMonitoring.java:96   | HEADERS
2017-10-06 14:23:02,373 INFO [91386732]          Nd4jBackend.java:194  | Loaded [CpuBackend] backend
2017-10-06 14:23:02,453 INFO [91386732]      NativeOpsHolder.java:49   | Number of threads used for NativeOps: 2
2017-10-06 14:23:02,928 INFO [91386732] DefaultOpExecutioner.java:544  | Backend used: [CPU]; OS: [Mac OS X]
2017-10-06 14:23:02,928 INFO [91386732] DefaultOpExecutioner.java:545  | Cores: [4]; Memory: [3.6GB];
2017-10-06 14:23:02,929 INFO [91386732] DefaultOpExecutioner.java:546  | Blas vendor: [OPENBLAS]
2017-10-06 14:23:02,970 INFO [91386732]   AbstractClassifier.java:332  | Classifier data loaded from default uri jar:file:/Users/stephenn/Documents/workspace/audiveris/build/distributions/Audiveris/lib/audiveris.jar!/res/basic-classifier.zip
2017-10-06 14:23:05,930 WARN [91386732]          ClefBuilder.java:560  | Staff#10 no header clef.
2017-10-06 14:23:06,214 INFO [91386732]           KeyBuilder.java:746  | Staff#12 key slice#1 pitch adjusted from 2.1 to 0
2017-10-06 14:23:06,215 INFO [91386732]           KeyBuilder.java:746  | Staff#12 key slice#2 pitch adjusted from -0.9 to -3
2017-10-06 14:23:06,238 INFO [91386732]            BasicBook.java:1395 | Stored /book.xml
2017-10-06 14:23:06,246 INFO []   AbstractClassifier.java:332  | Classifier data loaded from default uri jar:file:/Users/stephenn/Documents/workspace/audiveris/build/distributions/Audiveris/lib/audiveris.jar!/res/deep-classifier.zip
2017-10-06 14:23:06,564 INFO [91386732]           BasicSheet.java:979  | Stored /sheet#1/sheet#1.xml
2017-10-06 14:23:06,567 INFO [91386732]       StepMonitoring.java:96   | STEM_SEEDS
2017-10-06 14:23:06,659 INFO [91386732]        StemSeedsStep.java:91   | stem(4 max:5)
2017-10-06 14:23:07,023 INFO [91386732]            BasicBook.java:1395 | Stored /book.xml
2017-10-06 14:23:07,295 INFO [91386732]           BasicSheet.java:979  | Stored /sheet#1/sheet#1.xml
2017-10-06 14:23:07,297 INFO [91386732]       StepMonitoring.java:96   | BEAMS
2017-10-06 14:23:11,951 INFO [91386732]            BeamsStep.java:89   | BeamDistance{count:38 mean:15.32 stdDev:1.85}
2017-10-06 14:23:11,953 INFO [91386732]            BasicBook.java:1395 | Stored /book.xml
2017-10-06 14:23:12,030 INFO [91386732]              Picture.java:786  | Stored /sheet#1/HEAD_SPOTS.xml
2017-10-06 14:23:12,505 INFO [91386732]           BasicSheet.java:979  | Stored /sheet#1/sheet#1.xml
2017-10-06 14:23:12,507 INFO [91386732]       StepMonitoring.java:96   | LEDGERS
2017-10-06 14:23:12,952 INFO [91386732]            BasicBook.java:1395 | Stored /book.xml
2017-10-06 14:23:13,471 INFO [91386732]           BasicSheet.java:979  | Stored /sheet#1/sheet#1.xml
2017-10-06 14:23:13,473 INFO [91386732]       StepMonitoring.java:96   | HEADS
2017-10-06 14:23:15,968 INFO [91386732]            BasicBook.java:1395 | Stored /book.xml
2017-10-06 14:23:16,830 INFO [91386732]           BasicSheet.java:979  | Stored /sheet#1/sheet#1.xml
2017-10-06 14:23:16,832 INFO [91386732]       StepMonitoring.java:96   | STEMS
2017-10-06 14:23:18,780 INFO [91386732]            BasicBook.java:1395 | Stored /book.xml
2017-10-06 14:23:20,319 INFO [91386732]           BasicSheet.java:979  | Stored /sheet#1/sheet#1.xml
2017-10-06 14:23:20,322 INFO [91386732]       StepMonitoring.java:96   | REDUCTION
2017-10-06 14:23:21,009 INFO [91386732]            BasicBook.java:1395 | Stored /book.xml
2017-10-06 14:23:21,765 INFO [91386732]           BasicSheet.java:979  | Stored /sheet#1/sheet#1.xml
2017-10-06 14:23:21,768 INFO [91386732]       StepMonitoring.java:96   | CUE_BEAMS
2017-10-06 14:23:21,771 INFO [91386732]            BasicBook.java:1395 | Stored /book.xml
2017-10-06 14:23:22,464 INFO [91386732]           BasicSheet.java:979  | Stored /sheet#1/sheet#1.xml
2017-10-06 14:23:22,466 INFO [91386732]       StepMonitoring.java:96   | TEXTS
2017-10-06 14:23:24,042 INFO [91386732]            BasicBook.java:1395 | Stored /book.xml
2017-10-06 14:23:24,780 INFO [91386732]           BasicSheet.java:979  | Stored /sheet#1/sheet#1.xml
2017-10-06 14:23:24,784 INFO [91386732]       StepMonitoring.java:96   | MEASURES
2017-10-06 14:23:24,789 INFO [91386732]      MeasuresBuilder.java:316  | S5 partial barline column: s10:G(x:552,y:2237)[#149]
2017-10-06 14:23:24,790 INFO [91386732]      MeasuresBuilder.java:328  | S5 deleting   half column: s10:G(x:552,y:2237)[#149]
2017-10-06 14:23:24,790 INFO [91386732]                 Page.java:210  | 12 raw measures: [3 in system#1, 3 in system#2, 3 in system#3, 3 in system#4]
2017-10-06 14:23:24,790 INFO [91386732]                 Page.java:210  | 9 raw measures: [4 in system#5, 5 in system#6]
2017-10-06 14:23:24,792 INFO [91386732]            BasicBook.java:1395 | Stored /book.xml
2017-10-06 14:23:25,493 INFO [91386732]           BasicSheet.java:979  | Stored /sheet#1/sheet#1.xml
2017-10-06 14:23:25,495 INFO [91386732]       StepMonitoring.java:96   | CHORDS
2017-10-06 14:23:25,514 INFO [91386732]            BasicBook.java:1395 | Stored /book.xml
2017-10-06 14:23:26,244 INFO [91386732]           BasicSheet.java:979  | Stored /sheet#1/sheet#1.xml
2017-10-06 14:23:26,246 INFO [91386732]       StepMonitoring.java:96   | CURVES
2017-10-06 14:23:27,667 INFO [91386732]         SlursBuilder.java:157  | Slurs: 33
2017-10-06 14:23:27,698 INFO [91386732]      SegmentsBuilder.java:113  | Segments: 28
2017-10-06 14:23:27,709 INFO [91386732]            BasicBook.java:1395 | Stored /book.xml
2017-10-06 14:23:28,653 INFO [91386732]           BasicSheet.java:979  | Stored /sheet#1/sheet#1.xml
2017-10-06 14:23:28,656 INFO [91386732]       StepMonitoring.java:96   | SYMBOLS
2017-10-06 14:23:31,716 INFO [91386732]            BasicBook.java:1395 | Stored /book.xml
2017-10-06 14:23:32,412 INFO [91386732]           BasicSheet.java:979  | Stored /sheet#1/sheet#1.xml
2017-10-06 14:23:32,414 INFO [91386732]       StepMonitoring.java:96   | LINKS
2017-10-06 14:23:32,453 INFO [91386732]        SymbolsLinker.java:306  | No measure stack for direction SentenceInter{#5958(0.543) s:9 BS-37 Direction} J 66.
2017-10-06 14:23:32,484 INFO [91386732]            BasicBook.java:1395 | Stored /book.xml
2017-10-06 14:23:33,208 INFO [91386732]           BasicSheet.java:979  | Stored /sheet#1/sheet#1.xml
2017-10-06 14:23:33,211 INFO [91386732]       StepMonitoring.java:96   | RHYTHMS
2017-10-06 14:23:33,224 INFO [91386732]         SlotsBuilder.java:399  | Stack#1 suspicious Slot{#2 xOffset=270 timeOffset=1/8 incomings=[#5993]}
2017-10-06 14:23:33,243 INFO [91386732]         SlotsBuilder.java:399  | Stack#7 suspicious Slot{#2 xOffset=243 timeOffset=1/8 incomings=[#6062]}
2017-10-06 14:23:33,248 INFO [91386732]         SlotsBuilder.java:399  | Stack#9 suspicious Slot{#2 xOffset=107 timeOffset=1/8 incomings=[#6077]}
2017-10-06 14:23:33,251 INFO [91386732]         SlotsBuilder.java:399  | Stack#10 suspicious Slot{#2 xOffset=261 timeOffset=1/8 incomings=[#6103]}
2017-10-06 14:23:33,261 INFO [91386732]           PageRhythm.java:314  | Range{1-12} Durations avgGuess:3/4 topGuess:1/4 avgValue:0.74 stacks:12 voices:29 Histogram{1/8-7/8 size:8 [1/8=5 1/4=10 5/16=2 1/2=2 11/16=1 3/4=3 13/16=4 7/8=2]}
2017-10-06 14:23:33,262 INFO [91386732]           PageRhythm.java:221  | S1 Range{1-12 dur:3/4} should update to 3/4-based time sig?
2017-10-06 14:23:33,265 INFO [91386732]         SlotsBuilder.java:427  | S1 MeasureStack#1 Slot{#5 xOffset=389 timeOffset=1/4 incomings=[#5976#5994] SUSPICIOUS}
2017-10-06 14:23:33,266 INFO [91386732]         SlotsBuilder.java:427  | S1 MeasureStack#1 Slot{#7 xOffset=480 timeOffset=7/16 incomings=[#5978#7510] SUSPICIOUS}
2017-10-06 14:23:33,267 INFO [91386732]                Voice.java:257  | S1 MeasureStack#1 Voice #4 too long 1/16
2017-10-06 14:23:33,271 INFO [91386732]           StackTuner.java:92   | S1 MeasureStack#1 no correct rhythm
2017-10-06 14:23:33,273 INFO [91386732]         SlotsBuilder.java:427  | S1 MeasureStack#2 Slot{#5 xOffset=287 timeOffset=1/4 incomings=[#5999] SUSPICIOUS}
2017-10-06 14:23:33,274 INFO [91386732]         SlotsBuilder.java:427  | S1 MeasureStack#2 Slot{#9 xOffset=499 timeOffset=1/2 incomings=[#6000] SUSPICIOUS}
2017-10-06 14:23:33,275 INFO [91386732]         SlotsBuilder.java:427  | S1 MeasureStack#2 Slot{#11 xOffset=589 timeOffset=5/8 incomings=[#6001] SUSPICIOUS}
2017-10-06 14:23:33,283 INFO [91386732]                Voice.java:257  | S2 MeasureStack#5 Voice #1 too long 1/8
2017-10-06 14:23:33,283 INFO [91386732]                Voice.java:257  | S2 MeasureStack#5 Voice #2 too long 1/8
2017-10-06 14:23:33,284 INFO [91386732]           StackTuner.java:92   | S2 MeasureStack#5 no correct rhythm
2017-10-06 14:23:33,287 INFO [91386732]                Voice.java:257  | S2 MeasureStack#6 Voice #2 too long 1/16
2017-10-06 14:23:33,287 INFO [91386732]           StackTuner.java:92   | S2 MeasureStack#6 no correct rhythm
2017-10-06 14:23:33,289 INFO [91386732]         SlotsBuilder.java:427  | S3 MeasureStack#7 Slot{#6 xOffset=353 timeOffset=1/4 incomings=[#6063] SUSPICIOUS}
2017-10-06 14:23:33,290 INFO [91386732]         SlotsBuilder.java:427  | S3 MeasureStack#7 Slot{#8 xOffset=426 timeOffset=3/8 incomings=[#6064] SUSPICIOUS}
2017-10-06 14:23:33,291 INFO [91386732]         SlotsBuilder.java:427  | S3 MeasureStack#7 Slot{#11 xOffset=538 timeOffset=9/16 incomings=[#6065#6066] SUSPICIOUS}
2017-10-06 14:23:33,291 INFO [91386732]         SlotsBuilder.java:434  | Stack#7 endless loop detected
2017-10-06 14:23:33,291 INFO [91386732]                Voice.java:257  | S3 MeasureStack#7 Voice #3 too long 1/16
2017-10-06 14:23:33,292 INFO [91386732]           StackTuner.java:92   | S3 MeasureStack#7 no correct rhythm
2017-10-06 14:23:33,295 INFO [91386732]                Voice.java:257  | S3 MeasureStack#8 Voice #1 too long 1/16
2017-10-06 14:23:33,296 INFO [91386732]                Voice.java:257  | S3 MeasureStack#8 Voice #3 too long 1/16
2017-10-06 14:23:33,296 INFO [91386732]                Voice.java:257  | S3 MeasureStack#8 Voice #4 too long 1/16
2017-10-06 14:23:33,296 INFO [91386732]           StackTuner.java:92   | S3 MeasureStack#8 no correct rhythm
2017-10-06 14:23:33,298 INFO [91386732]         SlotsBuilder.java:427  | S3 MeasureStack#9 Slot{#6 xOffset=214 timeOffset=1/4 incomings=[#6078] SUSPICIOUS}
2017-10-06 14:23:33,303 INFO [91386732]         SlotsBuilder.java:427  | S3 MeasureStack#9 Slot{#8 xOffset=284 timeOffset=3/8 incomings=[#6079] SUSPICIOUS}
2017-10-06 14:23:33,304 INFO [91386732]         SlotsBuilder.java:427  | S3 MeasureStack#9 Slot{#10 xOffset=348 timeOffset=1/2 incomings=[#6080] SUSPICIOUS}
2017-10-06 14:23:33,304 INFO [91386732]         SlotsBuilder.java:427  | S3 MeasureStack#9 Slot{#12 xOffset=418 timeOffset=5/8 incomings=[#6081] SUSPICIOUS}
2017-10-06 14:23:33,307 INFO [91386732]         SlotsBuilder.java:427  | S4 MeasureStack#10 Slot{#5 xOffset=383 timeOffset=1/4 incomings=[#6085] SUSPICIOUS}
2017-10-06 14:23:33,307 INFO [91386732]         SlotsBuilder.java:427  | S4 MeasureStack#10 Slot{#6 xOffset=384 timeOffset=5/16 incomings=[#6104] SUSPICIOUS}
2017-10-06 14:23:33,308 INFO [91386732]         SlotsBuilder.java:427  | S4 MeasureStack#10 Slot{#8 xOffset=469 timeOffset=1/2 incomings=[#6105] SUSPICIOUS}
2017-10-06 14:23:33,309 INFO [91386732]         SlotsBuilder.java:427  | S4 MeasureStack#10 Slot{#10 xOffset=559 timeOffset=5/8 incomings=[#6106] SUSPICIOUS}
2017-10-06 14:23:33,310 INFO [91386732]         SlotsBuilder.java:427  | S4 MeasureStack#10 Slot{#13 xOffset=681 timeOffset=3/4 incomings=[#6107] SUSPICIOUS}
2017-10-06 14:23:33,310 INFO [91386732]                Voice.java:257  | S4 MeasureStack#10 Voice #3 too long 1/16
2017-10-06 14:23:33,310 INFO [91386732]                Voice.java:257  | S4 MeasureStack#10 Voice #4 too long 1/8
2017-10-06 14:23:33,311 INFO [91386732]           StackTuner.java:92   | S4 MeasureStack#10 no correct rhythm
2017-10-06 14:23:33,333 INFO [91386732]           PageRhythm.java:314  | Range{1-9} Durations avgGuess:3/4 topGuess:7/8 avgValue:0.86 stacks:9 voices:23 Histogram{1/4-11/8 size:9 [1/4=2 3/8=2 1/2=2 3/4=2 13/16=2 7/8=10 15/16=1 9/8=1 11/8=1]}
2017-10-06 14:23:33,334 INFO [91386732]           PageRhythm.java:221  | S5 Range{1-9 dur:3/4} should update to 3/4-based time sig?
2017-10-06 14:23:33,335 INFO [91386732]                Voice.java:257  | S5 MeasureStack#1 Voice #1 too long 5/8
2017-10-06 14:23:33,336 INFO [91386732]                Voice.java:257  | S5 MeasureStack#1 Voice #2 too long 3/8
2017-10-06 14:23:33,336 INFO [91386732]           StackTuner.java:92   | S5 MeasureStack#1 no correct rhythm
2017-10-06 14:23:33,339 INFO [91386732]                Voice.java:257  | S5 MeasureStack#2 Voice #1 too long 1/8
2017-10-06 14:23:33,339 INFO [91386732]                Voice.java:257  | S5 MeasureStack#2 Voice #2 too long 1/8
2017-10-06 14:23:33,339 INFO [91386732]                Voice.java:257  | S5 MeasureStack#2 Voice #3 too long 1/8
2017-10-06 14:23:33,343 INFO [91386732]           StackTuner.java:92   | S5 MeasureStack#2 no correct rhythm
2017-10-06 14:23:33,345 INFO [91386732]         SlotsBuilder.java:427  | S5 MeasureStack#3 Slot{#6 xOffset=222 timeOffset=3/4 incomings=[#6132#6133] SUSPICIOUS}
2017-10-06 14:23:33,347 INFO [91386732]         SlotsBuilder.java:427  | S5 MeasureStack#3 Slot{#8 xOffset=275 timeOffset=7/8 incomings=[#6134] SUSPICIOUS}
2017-10-06 14:23:33,348 INFO [91386732]                Voice.java:257  | S5 MeasureStack#3 Voice #1 too long 1/4
2017-10-06 14:23:33,348 INFO [91386732]                Voice.java:257  | S5 MeasureStack#3 Voice #2 too long 1/4
2017-10-06 14:23:33,348 INFO [91386732]                Voice.java:257  | S5 MeasureStack#3 Voice #3 too long 1/8
2017-10-06 14:23:33,348 INFO [91386732]           StackTuner.java:92   | S5 MeasureStack#3 no correct rhythm
2017-10-06 14:23:33,351 INFO [91386732]                Voice.java:257  | S5 MeasureStack#4 Voice #1 too long 1/8
2017-10-06 14:23:33,351 INFO [91386732]                Voice.java:257  | S5 MeasureStack#4 Voice #2 too long 1/8
2017-10-06 14:23:33,351 INFO [91386732]                Voice.java:257  | S5 MeasureStack#4 Voice #3 too long 1/8
2017-10-06 14:23:33,352 INFO [91386732]           StackTuner.java:92   | S5 MeasureStack#4 no correct rhythm
2017-10-06 14:23:33,353 INFO [91386732]         SlotsBuilder.java:427  | S6 MeasureStack#5 Slot{#6 xOffset=389 timeOffset=13/16 incomings=[#6165] SUSPICIOUS}
2017-10-06 14:23:33,353 INFO [91386732]         SlotsBuilder.java:427  | S6 MeasureStack#5 Slot{#8 xOffset=438 timeOffset=15/16 incomings=[#6166] SUSPICIOUS}
2017-10-06 14:23:33,354 INFO [91386732]                Voice.java:257  | S6 MeasureStack#5 Voice #1 too long 5/16
2017-10-06 14:23:33,354 INFO [91386732]                Voice.java:257  | S6 MeasureStack#5 Voice #2 too long 3/16
2017-10-06 14:23:33,354 INFO [91386732]           StackTuner.java:92   | S6 MeasureStack#5 no correct rhythm
2017-10-06 14:23:33,356 INFO [91386732]                Voice.java:257  | S6 MeasureStack#6 Voice #1 too long 1/8
2017-10-06 14:23:33,357 INFO [91386732]                Voice.java:257  | S6 MeasureStack#6 Voice #2 too long 1/8
2017-10-06 14:23:33,357 INFO [91386732]                Voice.java:257  | S6 MeasureStack#6 Voice #3 too long 1/8
2017-10-06 14:23:33,357 INFO [91386732]           StackTuner.java:92   | S6 MeasureStack#6 no correct rhythm
2017-10-06 14:23:33,358 INFO [91386732]         SlotsBuilder.java:427  | S6 MeasureStack#7 Slot{#5 xOffset=189 timeOffset=1/2 incomings=[#6180] SUSPICIOUS}
2017-10-06 14:23:33,359 INFO [91386732]         SlotsBuilder.java:434  | Stack#7 endless loop detected
2017-10-06 14:23:33,361 INFO [91386732]                Voice.java:257  | S6 MeasureStack#8 Voice #1 too long 3/16
2017-10-06 14:23:33,361 INFO [91386732]                Voice.java:257  | S6 MeasureStack#8 Voice #2 too long 1/8
2017-10-06 14:23:33,361 INFO [91386732]           StackTuner.java:92   | S6 MeasureStack#8 no correct rhythm
2017-10-06 14:23:33,364 INFO [91386732]            BasicBook.java:1395 | Stored /book.xml
2017-10-06 14:23:34,148 INFO [91386732]           BasicSheet.java:979  | Stored /sheet#1/sheet#1.xml
2017-10-06 14:23:34,150 INFO [91386732]       StepMonitoring.java:96   | PAGE
2017-10-06 14:23:34,153 INFO [91386732]                Voice.java:257  | S1 MeasureStack#1 Voice #4 too long 1/16
2017-10-06 14:23:34,154 INFO [91386732]                Voice.java:257  | S2 MeasureStack#5 Voice #1 too long 1/8
2017-10-06 14:23:34,155 INFO [91386732]                Voice.java:257  | S2 MeasureStack#5 Voice #2 too long 1/8
2017-10-06 14:23:34,155 INFO [91386732]                Voice.java:257  | S2 MeasureStack#6 Voice #2 too long 1/16
2017-10-06 14:23:34,155 INFO [91386732]                Voice.java:257  | S3 MeasureStack#7 Voice #3 too long 1/16
2017-10-06 14:23:34,156 INFO [91386732]                Voice.java:257  | S3 MeasureStack#8 Voice #1 too long 1/16
2017-10-06 14:23:34,156 INFO [91386732]                Voice.java:257  | S3 MeasureStack#8 Voice #3 too long 1/16
2017-10-06 14:23:34,156 INFO [91386732]                Voice.java:257  | S3 MeasureStack#8 Voice #4 too long 1/16
2017-10-06 14:23:34,156 INFO [91386732]                Voice.java:257  | S4 MeasureStack#10 Voice #3 too long 1/16
2017-10-06 14:23:34,157 INFO [91386732]                Voice.java:257  | S4 MeasureStack#10 Voice #4 too long 1/8
2017-10-06 14:23:34,159 INFO [91386732]                Voice.java:257  | S5 MeasureStack#1 Voice #1 too long 5/8
2017-10-06 14:23:34,159 INFO [91386732]                Voice.java:257  | S5 MeasureStack#1 Voice #2 too long 3/8
2017-10-06 14:23:34,159 INFO [91386732]                Voice.java:257  | S5 MeasureStack#2 Voice #1 too long 1/8
2017-10-06 14:23:34,159 INFO [91386732]                Voice.java:257  | S5 MeasureStack#2 Voice #2 too long 1/8
2017-10-06 14:23:34,159 INFO [91386732]                Voice.java:257  | S5 MeasureStack#2 Voice #3 too long 1/8
2017-10-06 14:23:34,160 INFO [91386732]                Voice.java:257  | S5 MeasureStack#3 Voice #1 too long 1/4
2017-10-06 14:23:34,160 INFO [91386732]                Voice.java:257  | S5 MeasureStack#3 Voice #2 too long 1/4
2017-10-06 14:23:34,160 INFO [91386732]                Voice.java:257  | S5 MeasureStack#3 Voice #3 too long 1/8
2017-10-06 14:23:34,160 INFO [91386732]                Voice.java:257  | S5 MeasureStack#4 Voice #1 too long 1/8
2017-10-06 14:23:34,161 INFO [91386732]                Voice.java:257  | S5 MeasureStack#4 Voice #2 too long 1/8
2017-10-06 14:23:34,161 INFO [91386732]                Voice.java:257  | S5 MeasureStack#4 Voice #3 too long 1/8
2017-10-06 14:23:34,161 INFO [91386732]                Voice.java:257  | S6 MeasureStack#5 Voice #1 too long 5/16
2017-10-06 14:23:34,161 INFO [91386732]                Voice.java:257  | S6 MeasureStack#5 Voice #2 too long 3/16
2017-10-06 14:23:34,162 INFO [91386732]                Voice.java:257  | S6 MeasureStack#6 Voice #1 too long 1/8
2017-10-06 14:23:34,162 INFO [91386732]                Voice.java:257  | S6 MeasureStack#6 Voice #2 too long 1/8
2017-10-06 14:23:34,162 INFO [91386732]                Voice.java:257  | S6 MeasureStack#6 Voice #3 too long 1/8
2017-10-06 14:23:34,163 INFO [91386732]                Voice.java:257  | S6 MeasureStack#8 Voice #1 too long 3/16
2017-10-06 14:23:34,163 INFO [91386732]                Voice.java:257  | S6 MeasureStack#8 Voice #2 too long 1/8
2017-10-06 14:23:34,164 INFO [91386732]            BasicBook.java:1395 | Stored /book.xml
2017-10-06 14:23:34,869 INFO [91386732]           BasicSheet.java:979  | Stored /sheet#1/sheet#1.xml
2017-10-06 14:23:34,871 INFO [91386732]            BasicStub.java:723  | Sheet{91386732} disposed
2017-10-06 14:23:35,765 INFO [91386732]            BasicStub.java:449  | Loaded /sheet#1/sheet#1.xml
2017-10-06 14:23:35,767 INFO [91386732]            BasicBook.java:1133 | Scores built: 2
2017-10-06 14:23:36,756 INFO [91386732]        ScoreExporter.java:93   | Score 91386732.mvt1 exported to /Users/stephenn/Documents/workspace/nlsomr/xml_out/91386487/91386732/91386732.mvt1.mxl
2017-10-06 14:23:36,759 WARN [91386732]      PartwiseBuilder.java:1379 | Error visiting null
java.lang.NullPointerException: null
	at org.audiveris.omr.score.PartwiseBuilder.processKey(PartwiseBuilder.java:1344)
	at org.audiveris.omr.score.PartwiseBuilder.processKeys(PartwiseBuilder.java:1407)
	at org.audiveris.omr.score.PartwiseBuilder.processMeasure(PartwiseBuilder.java:1575)
	at org.audiveris.omr.score.PartwiseBuilder.processPart(PartwiseBuilder.java:1988)
	at org.audiveris.omr.score.PartwiseBuilder.processSystem(PartwiseBuilder.java:2528)
	at org.audiveris.omr.score.PartwiseBuilder.processLogicalPart(PartwiseBuilder.java:1433)
	at org.audiveris.omr.score.PartwiseBuilder.processStub(PartwiseBuilder.java:2483)
	at org.audiveris.omr.score.PartwiseBuilder.processPartList(PartwiseBuilder.java:2017)
	at org.audiveris.omr.score.PartwiseBuilder.processScore(PartwiseBuilder.java:2195)
	at org.audiveris.omr.score.PartwiseBuilder.build(PartwiseBuilder.java:307)
	at org.audiveris.omr.score.ScoreExporter.export(ScoreExporter.java:117)
	at org.audiveris.omr.score.ScoreExporter.export(ScoreExporter.java:91)
	at org.audiveris.omr.sheet.BasicBook.export(BasicBook.java:589)
	at org.audiveris.omr.CLI$ProcessingTask.processBook(CLI.java:785)
	at org.audiveris.omr.CLI$CliTask.call(CLI.java:344)
	at org.audiveris.omr.Main.runBatchTasks(Main.java:316)
	at org.audiveris.omr.Main.main(Main.java:155)
	at Audiveris.main(Audiveris.java:49)
2017-10-06 14:23:36,786 INFO [91386732]        ScoreExporter.java:93   | Score 91386732.mvt2 exported to /Users/stephenn/Documents/workspace/nlsomr/xml_out/91386487/91386732/91386732.mvt2.mxl
2017-10-06 14:23:36,938 INFO [91386732]            BasicBook.java:1395 | Stored /book.xml
2017-10-06 14:23:36,939 INFO [91386732]            BasicBook.java:1355 | Book stored as /Users/stephenn/Documents/workspace/nlsomr/xml_out/91386487/91386732/91386732.omr
