2017-10-06 14:36:53,922 INFO [91386924]            BasicBook.java:427  | 1 sheet in /Users/stephenn/Documents/workspace/nlsomr/working/91386924.jpg
2017-10-06 14:36:54,072 INFO []            BasicBook.java:1395 | Stored /book.xml
2017-10-06 14:36:54,073 INFO []            BasicBook.java:1355 | Book stored as /Users/stephenn/Documents/workspace/nlsomr/xml_out/91386487/91386924/91386924.omr
2017-10-06 14:36:54,078 INFO []            BasicBook.java:996  | Book reaching PAGE on sheets:[#1]
2017-10-06 14:36:54,079 INFO [91386924]       StepMonitoring.java:96   | LOAD
2017-10-06 14:36:54,229 INFO [91386924]            BasicBook.java:911  | Loaded image 1 2000x3056 from /Users/stephenn/Documents/workspace/nlsomr/working/91386924.jpg
2017-10-06 14:36:54,233 INFO [91386924]            ImageUtil.java:82   | Converting max RGB to gray ...
2017-10-06 14:36:54,474 INFO [91386924]            BasicBook.java:1395 | Stored /book.xml
2017-10-06 14:36:54,764 INFO [91386924]           BasicSheet.java:979  | Stored /sheet#1/sheet#1.xml
2017-10-06 14:36:54,766 INFO [91386924]       StepMonitoring.java:96   | BINARY
2017-10-06 14:36:55,359 INFO [91386924]            BasicBook.java:1395 | Stored /book.xml
2017-10-06 14:36:55,664 INFO [91386924]              Picture.java:786  | Stored /sheet#1/BINARY.xml
2017-10-06 14:36:55,666 INFO [91386924]           BasicSheet.java:979  | Stored /sheet#1/sheet#1.xml
2017-10-06 14:36:55,668 INFO [91386924]       StepMonitoring.java:96   | SCALE
2017-10-06 14:36:55,709 INFO [91386924]            ScaleStep.java:87   | Scale{line(3,4,5) interline(16,16,17) beam(13)}
2017-10-06 14:36:55,711 INFO [91386924]            BasicBook.java:1395 | Stored /book.xml
2017-10-06 14:36:55,714 INFO [91386924]           BasicSheet.java:979  | Stored /sheet#1/sheet#1.xml
2017-10-06 14:36:55,717 INFO [91386924]       StepMonitoring.java:96   | GRID
2017-10-06 14:36:56,508 INFO [91386924]       LinesRetriever.java:442  | Global slope: 0.00000
2017-10-06 14:36:56,590 INFO [91386924]    ClustersRetriever.java:241  | Retrieved line clusters: 12 of size: 5 with interline: (16,16,17)
2017-10-06 14:36:57,100 INFO [91386924]            PeakGraph.java:181  | Systems: #1[1, 2] #2[3, 4] #3[5, 6] #4[7, 8] #5[9, 10] #6[11, 12]
2017-10-06 14:36:57,967 INFO [91386924]        SystemManager.java:626  | Indentation detected for system#3
2017-10-06 14:36:57,967 INFO [91386924]        SystemManager.java:671  | 2 pages found in sheet
2017-10-06 14:36:57,968 INFO [91386924]        SystemManager.java:709  | Page #1: 1 part along 2 systems
2017-10-06 14:36:57,968 INFO [91386924]        SystemManager.java:709  | Page #2: 1 part along 4 systems
2017-10-06 14:36:57,972 INFO [91386924]            BasicBook.java:1395 | Stored /book.xml
2017-10-06 14:36:58,165 INFO [91386924]           BasicSheet.java:979  | Stored /sheet#1/sheet#1.xml
2017-10-06 14:36:58,168 INFO [91386924]       StepMonitoring.java:96   | HEADERS
2017-10-06 14:36:58,565 INFO [91386924]          Nd4jBackend.java:194  | Loaded [CpuBackend] backend
2017-10-06 14:36:58,622 INFO [91386924]      NativeOpsHolder.java:49   | Number of threads used for NativeOps: 2
2017-10-06 14:36:59,048 INFO [91386924] DefaultOpExecutioner.java:544  | Backend used: [CPU]; OS: [Mac OS X]
2017-10-06 14:36:59,048 INFO [91386924] DefaultOpExecutioner.java:545  | Cores: [4]; Memory: [3.6GB];
2017-10-06 14:36:59,048 INFO [91386924] DefaultOpExecutioner.java:546  | Blas vendor: [OPENBLAS]
2017-10-06 14:36:59,088 INFO [91386924]   AbstractClassifier.java:332  | Classifier data loaded from default uri jar:file:/Users/stephenn/Documents/workspace/audiveris/build/distributions/Audiveris/lib/audiveris.jar!/res/basic-classifier.zip
2017-10-06 14:37:00,473 WARN [91386924]          ClefBuilder.java:560  | Staff#2 no header clef.
2017-10-06 14:37:00,769 WARN [91386924]          ClefBuilder.java:560  | Staff#4 no header clef.
2017-10-06 14:37:01,023 INFO [91386924]           KeyBuilder.java:916  | Staff#6 key replication failed.
2017-10-06 14:37:01,640 WARN [91386924]          ClefBuilder.java:560  | Staff#12 no header clef.
2017-10-06 14:37:01,654 INFO [91386924]            BasicBook.java:1395 | Stored /book.xml
2017-10-06 14:37:01,978 INFO [91386924]           BasicSheet.java:979  | Stored /sheet#1/sheet#1.xml
2017-10-06 14:37:01,985 INFO [91386924]       StepMonitoring.java:96   | STEM_SEEDS
2017-10-06 14:37:01,988 INFO []   AbstractClassifier.java:332  | Classifier data loaded from default uri jar:file:/Users/stephenn/Documents/workspace/audiveris/build/distributions/Audiveris/lib/audiveris.jar!/res/deep-classifier.zip
2017-10-06 14:37:02,089 INFO [91386924]        StemSeedsStep.java:91   | stem(4 max:5)
2017-10-06 14:37:02,192 INFO [91386924]            BasicBook.java:1395 | Stored /book.xml
2017-10-06 14:37:02,652 INFO [91386924]           BasicSheet.java:979  | Stored /sheet#1/sheet#1.xml
2017-10-06 14:37:02,654 INFO [91386924]       StepMonitoring.java:96   | BEAMS
2017-10-06 14:37:07,614 INFO [91386924]            BeamsStep.java:89   | BeamDistance{count:35 mean:15.33 stdDev:0.37}
2017-10-06 14:37:07,618 INFO [91386924]            BasicBook.java:1395 | Stored /book.xml
2017-10-06 14:37:07,693 INFO [91386924]              Picture.java:786  | Stored /sheet#1/HEAD_SPOTS.xml
2017-10-06 14:37:08,108 INFO [91386924]           BasicSheet.java:979  | Stored /sheet#1/sheet#1.xml
2017-10-06 14:37:08,111 INFO [91386924]       StepMonitoring.java:96   | LEDGERS
2017-10-06 14:37:08,690 INFO [91386924]            BasicBook.java:1395 | Stored /book.xml
2017-10-06 14:37:09,151 INFO [91386924]           BasicSheet.java:979  | Stored /sheet#1/sheet#1.xml
2017-10-06 14:37:09,155 INFO [91386924]       StepMonitoring.java:96   | HEADS
2017-10-06 14:37:11,357 INFO [91386924]            BasicBook.java:1395 | Stored /book.xml
2017-10-06 14:37:12,024 INFO [91386924]           BasicSheet.java:979  | Stored /sheet#1/sheet#1.xml
2017-10-06 14:37:12,026 INFO [91386924]       StepMonitoring.java:96   | STEMS
2017-10-06 14:37:13,638 INFO [91386924]            BasicBook.java:1395 | Stored /book.xml
2017-10-06 14:37:14,599 INFO [91386924]           BasicSheet.java:979  | Stored /sheet#1/sheet#1.xml
2017-10-06 14:37:14,602 INFO [91386924]       StepMonitoring.java:96   | REDUCTION
2017-10-06 14:37:15,007 INFO [91386924]            BasicBook.java:1395 | Stored /book.xml
2017-10-06 14:37:15,940 INFO [91386924]           BasicSheet.java:979  | Stored /sheet#1/sheet#1.xml
2017-10-06 14:37:15,942 INFO [91386924]       StepMonitoring.java:96   | CUE_BEAMS
2017-10-06 14:37:15,946 INFO [91386924]            BasicBook.java:1395 | Stored /book.xml
2017-10-06 14:37:16,359 INFO [91386924]           BasicSheet.java:979  | Stored /sheet#1/sheet#1.xml
2017-10-06 14:37:16,361 INFO [91386924]       StepMonitoring.java:96   | TEXTS
2017-10-06 14:37:18,469 INFO [91386924]            BasicBook.java:1395 | Stored /book.xml
2017-10-06 14:37:18,879 INFO [91386924]           BasicSheet.java:979  | Stored /sheet#1/sheet#1.xml
2017-10-06 14:37:18,884 INFO [91386924]       StepMonitoring.java:96   | MEASURES
2017-10-06 14:37:18,888 INFO [91386924]                 Page.java:210  | 8 raw measures: [4 in system#1, 4 in system#2]
2017-10-06 14:37:18,889 INFO [91386924]                 Page.java:210  | 17 raw measures: [5 in system#3, 4 in system#4, 4 in system#5, 4 in system#6]
2017-10-06 14:37:18,890 INFO [91386924]            BasicBook.java:1395 | Stored /book.xml
2017-10-06 14:37:19,289 INFO [91386924]           BasicSheet.java:979  | Stored /sheet#1/sheet#1.xml
2017-10-06 14:37:19,291 INFO [91386924]       StepMonitoring.java:96   | CHORDS
2017-10-06 14:37:19,303 INFO [91386924]            BasicBook.java:1395 | Stored /book.xml
2017-10-06 14:37:19,735 INFO [91386924]           BasicSheet.java:979  | Stored /sheet#1/sheet#1.xml
2017-10-06 14:37:19,737 INFO [91386924]       StepMonitoring.java:96   | CURVES
2017-10-06 14:37:21,232 INFO [91386924]         SlursBuilder.java:157  | Slurs: 16
2017-10-06 14:37:21,247 INFO [91386924]      SegmentsBuilder.java:113  | Segments: 17
2017-10-06 14:37:21,254 INFO [91386924]            BasicBook.java:1395 | Stored /book.xml
2017-10-06 14:37:21,828 INFO [91386924]           BasicSheet.java:979  | Stored /sheet#1/sheet#1.xml
2017-10-06 14:37:21,830 INFO [91386924]       StepMonitoring.java:96   | SYMBOLS
2017-10-06 14:37:22,132 INFO [91386924]       SymbolsBuilder.java:340  | Symbol parts shrunk from 8 to 7
2017-10-06 14:37:24,816 INFO [91386924]            BasicBook.java:1395 | Stored /book.xml
2017-10-06 14:37:25,548 INFO [91386924]           BasicSheet.java:979  | Stored /sheet#1/sheet#1.xml
2017-10-06 14:37:25,550 INFO [91386924]       StepMonitoring.java:96   | LINKS
2017-10-06 14:37:25,567 INFO [91386924]        SymbolsLinker.java:323  | No chord above direction SentenceInter{#4281(0.582) s:5 BS-43 Direction} 36
2017-10-06 14:37:25,613 INFO [91386924]            BasicBook.java:1395 | Stored /book.xml
2017-10-06 14:37:26,383 INFO [91386924]           BasicSheet.java:979  | Stored /sheet#1/sheet#1.xml
2017-10-06 14:37:26,386 INFO [91386924]       StepMonitoring.java:96   | RHYTHMS
2017-10-06 14:37:26,410 INFO [91386924]           PageRhythm.java:314  | Range{1-8} Durations avgGuess:3/4 topGuess:3/4 avgValue:0.70 stacks:8 voices:23 Histogram{1/2-7/8 size:4 [1/2=5 11/16=2 3/4=15 7/8=1]}
2017-10-06 14:37:26,411 INFO [91386924]           PageRhythm.java:221  | S1 Range{1-8 dur:3/4} should update to 3/4-based time sig?
2017-10-06 14:37:26,418 INFO [91386924]                Voice.java:257  | S1 MeasureStack#4 Voice #1 too long 1/8
2017-10-06 14:37:26,419 INFO [91386924]           StackTuner.java:92   | S1 MeasureStack#4 no correct rhythm
2017-10-06 14:37:26,427 INFO [91386924]         SlotsBuilder.java:399  | Stack#2 suspicious Slot{#3 xOffset=138 timeOffset=1/4 incomings=[#4373#4374]}
2017-10-06 14:37:26,429 INFO [91386924]         SlotsBuilder.java:399  | Stack#3 suspicious Slot{#4 xOffset=174 timeOffset=1/4 incomings=[#4381#4382]}
2017-10-06 14:37:26,444 INFO [91386924]         SlotsBuilder.java:399  | Stack#15 suspicious Slot{#2 xOffset=150 timeOffset=1/8 incomings=[#4509]}
2017-10-06 14:37:26,449 INFO [91386924]           PageRhythm.java:314  | Range{1-17 ts:2/4} Durations avgGuess:1/2 topGuess:1/2 avgValue:0.50 stacks:17 voices:39 Histogram{1/8-9/16 size:8 [1/8=3 3/16=2 1/4=7 5/16=2 3/8=2 7/16=2 1/2=20 9/16=1]}
2017-10-06 14:37:26,451 INFO [91386924]         SlotsBuilder.java:434  | Stack#2 endless loop detected
2017-10-06 14:37:26,453 INFO [91386924]         SlotsBuilder.java:427  | S3 MeasureStack#3 Slot{#6 xOffset=221 timeOffset=3/8 incomings=[#4383] SUSPICIOUS}
2017-10-06 14:37:26,455 INFO [91386924]                Voice.java:257  | S3 MeasureStack#4 Voice #2 too long 1/16
2017-10-06 14:37:26,456 INFO [91386924]           StackTuner.java:92   | S3 MeasureStack#4 no correct rhythm
2017-10-06 14:37:26,457 INFO [91386924]         SlotsBuilder.java:427  | S3 MeasureStack#5 Slot{#5 xOffset=186 timeOffset=7/16 incomings=[#4407] SUSPICIOUS}
2017-10-06 14:37:26,457 INFO [91386924]                Voice.java:257  | S3 MeasureStack#5 Voice #2 too long 1/8
2017-10-06 14:37:26,458 INFO [91386924]           StackTuner.java:92   | S3 MeasureStack#5 no correct rhythm
2017-10-06 14:37:26,461 INFO [91386924]         SlotsBuilder.java:427  | S4 MeasureStack#7 Slot{#5 xOffset=231 timeOffset=5/16 incomings=[#4436] SUSPICIOUS}
2017-10-06 14:37:26,462 INFO [91386924]         SlotsBuilder.java:427  | S4 MeasureStack#7 Slot{#7 xOffset=298 timeOffset=7/16 incomings=[#4437] SUSPICIOUS}
2017-10-06 14:37:26,462 INFO [91386924]                Voice.java:257  | S4 MeasureStack#7 Voice #3 too long 1/16
2017-10-06 14:37:26,462 INFO [91386924]           StackTuner.java:92   | S4 MeasureStack#7 no correct rhythm
2017-10-06 14:37:26,463 INFO [91386924]         SlotsBuilder.java:427  | S4 MeasureStack#8 Slot{#3 xOffset=116 timeOffset=3/16 incomings=[#4439] SUSPICIOUS}
2017-10-06 14:37:26,466 INFO [91386924]         SlotsBuilder.java:427  | S4 MeasureStack#8 Slot{#6 xOffset=224 timeOffset=5/16 incomings=[#4440] SUSPICIOUS}
2017-10-06 14:37:26,467 INFO [91386924]         SlotsBuilder.java:427  | S4 MeasureStack#8 Slot{#8 xOffset=292 timeOffset=7/16 incomings=[#4441] SUSPICIOUS}
2017-10-06 14:37:26,467 INFO [91386924]                Voice.java:257  | S4 MeasureStack#8 Voice #1 too long 1/16
2017-10-06 14:37:26,468 INFO [91386924]                Voice.java:257  | S4 MeasureStack#8 Voice #2 too long 1/16
2017-10-06 14:37:26,468 INFO [91386924]           StackTuner.java:92   | S4 MeasureStack#8 no correct rhythm
2017-10-06 14:37:26,474 INFO [91386924]         SlotsBuilder.java:427  | S5 MeasureStack#13 Slot{#5 xOffset=255 timeOffset=1/2 incomings=[#4470] SUSPICIOUS}
2017-10-06 14:37:26,475 INFO [91386924]                Voice.java:257  | S5 MeasureStack#13 Voice #1 too long 3/16
2017-10-06 14:37:26,475 INFO [91386924]           StackTuner.java:92   | S5 MeasureStack#13 no correct rhythm
2017-10-06 14:37:26,478 INFO [91386924]         SlotsBuilder.java:427  | S6 MeasureStack#15 Slot{#5 xOffset=258 timeOffset=1/4 incomings=[#4510] SUSPICIOUS}
2017-10-06 14:37:26,479 INFO [91386924]         SlotsBuilder.java:427  | S6 MeasureStack#15 Slot{#7 xOffset=332 timeOffset=3/8 incomings=[#4511] SUSPICIOUS}
2017-10-06 14:37:26,487 INFO [91386924]            BasicBook.java:1395 | Stored /book.xml
2017-10-06 14:37:27,251 INFO [91386924]           BasicSheet.java:979  | Stored /sheet#1/sheet#1.xml
2017-10-06 14:37:27,253 INFO [91386924]       StepMonitoring.java:96   | PAGE
2017-10-06 14:37:27,259 INFO [91386924]                Voice.java:257  | S1 MeasureStack#4 Voice #1 too long 1/8
2017-10-06 14:37:27,260 INFO [91386924]                 Part.java:267  | Could not left-connect slur#4647
2017-10-06 14:37:27,260 INFO [91386924]                Voice.java:257  | S3 MeasureStack#4 Voice #2 too long 1/16
2017-10-06 14:37:27,261 INFO [91386924]                Voice.java:257  | S3 MeasureStack#5 Voice #2 too long 1/8
2017-10-06 14:37:27,261 INFO [91386924]                Voice.java:257  | S4 MeasureStack#7 Voice #3 too long 1/16
2017-10-06 14:37:27,262 INFO [91386924]                Voice.java:257  | S4 MeasureStack#8 Voice #1 too long 1/16
2017-10-06 14:37:27,262 INFO [91386924]                Voice.java:257  | S4 MeasureStack#8 Voice #2 too long 1/16
2017-10-06 14:37:27,263 INFO [91386924]                Voice.java:257  | S5 MeasureStack#13 Voice #1 too long 3/16
2017-10-06 14:37:27,265 INFO [91386924]            BasicBook.java:1395 | Stored /book.xml
2017-10-06 14:37:28,191 INFO [91386924]           BasicSheet.java:979  | Stored /sheet#1/sheet#1.xml
2017-10-06 14:37:28,194 INFO [91386924]            BasicStub.java:723  | Sheet{91386924} disposed
2017-10-06 14:37:29,313 INFO [91386924]            BasicStub.java:449  | Loaded /sheet#1/sheet#1.xml
2017-10-06 14:37:29,314 INFO [91386924]            BasicBook.java:1133 | Scores built: 2
2017-10-06 14:37:30,418 WARN [91386924]      PartwiseBuilder.java:1379 | Error visiting null
java.lang.NullPointerException: null
	at org.audiveris.omr.score.PartwiseBuilder.processKey(PartwiseBuilder.java:1344)
	at org.audiveris.omr.score.PartwiseBuilder.processKeys(PartwiseBuilder.java:1407)
	at org.audiveris.omr.score.PartwiseBuilder.processMeasure(PartwiseBuilder.java:1575)
	at org.audiveris.omr.score.PartwiseBuilder.processPart(PartwiseBuilder.java:1988)
	at org.audiveris.omr.score.PartwiseBuilder.processSystem(PartwiseBuilder.java:2528)
	at org.audiveris.omr.score.PartwiseBuilder.processLogicalPart(PartwiseBuilder.java:1433)
	at org.audiveris.omr.score.PartwiseBuilder.processStub(PartwiseBuilder.java:2483)
	at org.audiveris.omr.score.PartwiseBuilder.processPartList(PartwiseBuilder.java:2017)
	at org.audiveris.omr.score.PartwiseBuilder.processScore(PartwiseBuilder.java:2195)
	at org.audiveris.omr.score.PartwiseBuilder.build(PartwiseBuilder.java:307)
	at org.audiveris.omr.score.ScoreExporter.export(ScoreExporter.java:117)
	at org.audiveris.omr.score.ScoreExporter.export(ScoreExporter.java:91)
	at org.audiveris.omr.sheet.BasicBook.export(BasicBook.java:589)
	at org.audiveris.omr.CLI$ProcessingTask.processBook(CLI.java:785)
	at org.audiveris.omr.CLI$CliTask.call(CLI.java:344)
	at org.audiveris.omr.Main.runBatchTasks(Main.java:316)
	at org.audiveris.omr.Main.main(Main.java:155)
	at Audiveris.main(Audiveris.java:49)
2017-10-06 14:37:30,428 WARN [91386924]      PartwiseBuilder.java:1379 | Error visiting null
java.lang.NullPointerException: null
	at org.audiveris.omr.score.PartwiseBuilder.processKey(PartwiseBuilder.java:1344)
	at org.audiveris.omr.score.PartwiseBuilder.processKeys(PartwiseBuilder.java:1407)
	at org.audiveris.omr.score.PartwiseBuilder.processMeasure(PartwiseBuilder.java:1575)
	at org.audiveris.omr.score.PartwiseBuilder.processPart(PartwiseBuilder.java:1988)
	at org.audiveris.omr.score.PartwiseBuilder.processSystem(PartwiseBuilder.java:2528)
	at org.audiveris.omr.score.PartwiseBuilder.processLogicalPart(PartwiseBuilder.java:1433)
	at org.audiveris.omr.score.PartwiseBuilder.processStub(PartwiseBuilder.java:2483)
	at org.audiveris.omr.score.PartwiseBuilder.processPartList(PartwiseBuilder.java:2017)
	at org.audiveris.omr.score.PartwiseBuilder.processScore(PartwiseBuilder.java:2195)
	at org.audiveris.omr.score.PartwiseBuilder.build(PartwiseBuilder.java:307)
	at org.audiveris.omr.score.ScoreExporter.export(ScoreExporter.java:117)
	at org.audiveris.omr.score.ScoreExporter.export(ScoreExporter.java:91)
	at org.audiveris.omr.sheet.BasicBook.export(BasicBook.java:589)
	at org.audiveris.omr.CLI$ProcessingTask.processBook(CLI.java:785)
	at org.audiveris.omr.CLI$CliTask.call(CLI.java:344)
	at org.audiveris.omr.Main.runBatchTasks(Main.java:316)
	at org.audiveris.omr.Main.main(Main.java:155)
	at Audiveris.main(Audiveris.java:49)
2017-10-06 14:37:30,472 INFO [91386924]        ScoreExporter.java:93   | Score 91386924.mvt1 exported to /Users/stephenn/Documents/workspace/nlsomr/xml_out/91386487/91386924/91386924.mvt1.mxl
2017-10-06 14:37:30,473 WARN [91386924]      PartwiseBuilder.java:1379 | Error visiting null
java.lang.NullPointerException: null
	at org.audiveris.omr.score.PartwiseBuilder.processKey(PartwiseBuilder.java:1344)
	at org.audiveris.omr.score.PartwiseBuilder.processKeys(PartwiseBuilder.java:1407)
	at org.audiveris.omr.score.PartwiseBuilder.processMeasure(PartwiseBuilder.java:1575)
	at org.audiveris.omr.score.PartwiseBuilder.processPart(PartwiseBuilder.java:1988)
	at org.audiveris.omr.score.PartwiseBuilder.processSystem(PartwiseBuilder.java:2528)
	at org.audiveris.omr.score.PartwiseBuilder.processLogicalPart(PartwiseBuilder.java:1433)
	at org.audiveris.omr.score.PartwiseBuilder.processStub(PartwiseBuilder.java:2483)
	at org.audiveris.omr.score.PartwiseBuilder.processPartList(PartwiseBuilder.java:2017)
	at org.audiveris.omr.score.PartwiseBuilder.processScore(PartwiseBuilder.java:2195)
	at org.audiveris.omr.score.PartwiseBuilder.build(PartwiseBuilder.java:307)
	at org.audiveris.omr.score.ScoreExporter.export(ScoreExporter.java:117)
	at org.audiveris.omr.score.ScoreExporter.export(ScoreExporter.java:91)
	at org.audiveris.omr.sheet.BasicBook.export(BasicBook.java:589)
	at org.audiveris.omr.CLI$ProcessingTask.processBook(CLI.java:785)
	at org.audiveris.omr.CLI$CliTask.call(CLI.java:344)
	at org.audiveris.omr.Main.runBatchTasks(Main.java:316)
	at org.audiveris.omr.Main.main(Main.java:155)
	at Audiveris.main(Audiveris.java:49)
2017-10-06 14:37:30,489 WARN [91386924]      PartwiseBuilder.java:1379 | Error visiting null
java.lang.NullPointerException: null
	at org.audiveris.omr.score.PartwiseBuilder.processKey(PartwiseBuilder.java:1344)
	at org.audiveris.omr.score.PartwiseBuilder.processKeys(PartwiseBuilder.java:1407)
	at org.audiveris.omr.score.PartwiseBuilder.processMeasure(PartwiseBuilder.java:1575)
	at org.audiveris.omr.score.PartwiseBuilder.processPart(PartwiseBuilder.java:1988)
	at org.audiveris.omr.score.PartwiseBuilder.processSystem(PartwiseBuilder.java:2528)
	at org.audiveris.omr.score.PartwiseBuilder.processLogicalPart(PartwiseBuilder.java:1433)
	at org.audiveris.omr.score.PartwiseBuilder.processStub(PartwiseBuilder.java:2483)
	at org.audiveris.omr.score.PartwiseBuilder.processPartList(PartwiseBuilder.java:2017)
	at org.audiveris.omr.score.PartwiseBuilder.processScore(PartwiseBuilder.java:2195)
	at org.audiveris.omr.score.PartwiseBuilder.build(PartwiseBuilder.java:307)
	at org.audiveris.omr.score.ScoreExporter.export(ScoreExporter.java:117)
	at org.audiveris.omr.score.ScoreExporter.export(ScoreExporter.java:91)
	at org.audiveris.omr.sheet.BasicBook.export(BasicBook.java:589)
	at org.audiveris.omr.CLI$ProcessingTask.processBook(CLI.java:785)
	at org.audiveris.omr.CLI$CliTask.call(CLI.java:344)
	at org.audiveris.omr.Main.runBatchTasks(Main.java:316)
	at org.audiveris.omr.Main.main(Main.java:155)
	at Audiveris.main(Audiveris.java:49)
2017-10-06 14:37:30,519 INFO [91386924]        ScoreExporter.java:93   | Score 91386924.mvt2 exported to /Users/stephenn/Documents/workspace/nlsomr/xml_out/91386487/91386924/91386924.mvt2.mxl
2017-10-06 14:37:30,664 INFO [91386924]            BasicBook.java:1395 | Stored /book.xml
2017-10-06 14:37:30,664 INFO [91386924]            BasicBook.java:1355 | Book stored as /Users/stephenn/Documents/workspace/nlsomr/xml_out/91386487/91386924/91386924.omr
