2017-10-06 14:54:26,277 INFO [91387164]            BasicBook.java:427  | 1 sheet in /Users/stephenn/Documents/workspace/nlsomr/working/91387164.jpg
2017-10-06 14:54:26,418 INFO []            BasicBook.java:1395 | Stored /book.xml
2017-10-06 14:54:26,419 INFO []            BasicBook.java:1355 | Book stored as /Users/stephenn/Documents/workspace/nlsomr/xml_out/91386487/91387164/91387164.omr
2017-10-06 14:54:26,425 INFO []            BasicBook.java:996  | Book reaching PAGE on sheets:[#1]
2017-10-06 14:54:26,427 INFO [91387164]       StepMonitoring.java:96   | LOAD
2017-10-06 14:54:26,583 INFO [91387164]            BasicBook.java:911  | Loaded image 1 2000x3056 from /Users/stephenn/Documents/workspace/nlsomr/working/91387164.jpg
2017-10-06 14:54:26,587 INFO [91387164]            ImageUtil.java:82   | Converting max RGB to gray ...
2017-10-06 14:54:26,823 INFO [91387164]            BasicBook.java:1395 | Stored /book.xml
2017-10-06 14:54:27,123 INFO [91387164]           BasicSheet.java:979  | Stored /sheet#1/sheet#1.xml
2017-10-06 14:54:27,125 INFO [91387164]       StepMonitoring.java:96   | BINARY
2017-10-06 14:54:27,739 INFO [91387164]            BasicBook.java:1395 | Stored /book.xml
2017-10-06 14:54:28,046 INFO [91387164]              Picture.java:786  | Stored /sheet#1/BINARY.xml
2017-10-06 14:54:28,048 INFO [91387164]           BasicSheet.java:979  | Stored /sheet#1/sheet#1.xml
2017-10-06 14:54:28,050 INFO [91387164]       StepMonitoring.java:96   | SCALE
2017-10-06 14:54:28,092 INFO [91387164]            ScaleStep.java:87   | Scale{line(3,4,5) interline(16,16,17) beam(13)}
2017-10-06 14:54:28,094 INFO [91387164]            BasicBook.java:1395 | Stored /book.xml
2017-10-06 14:54:28,097 INFO [91387164]           BasicSheet.java:979  | Stored /sheet#1/sheet#1.xml
2017-10-06 14:54:28,100 INFO [91387164]       StepMonitoring.java:96   | GRID
2017-10-06 14:54:29,185 INFO [91387164]       LinesRetriever.java:442  | Global slope: 0.00026
2017-10-06 14:54:29,299 INFO [91387164]    ClustersRetriever.java:241  | Retrieved line clusters: 12 of size: 5 with interline: (16,16,17)
2017-10-06 14:54:29,923 INFO [91387164]            PeakGraph.java:181  | Systems: #1[1, 2] #2[3, 4] #3[5, 6] #4[7, 8] #5[9, 10] #6[11, 12]
2017-10-06 14:54:30,879 INFO [91387164]        SystemManager.java:626  | Indentation detected for system#1
2017-10-06 14:54:30,879 INFO [91387164]        SystemManager.java:626  | Indentation detected for system#5
2017-10-06 14:54:30,880 INFO [91387164]        SystemManager.java:671  | 2 pages found in sheet
2017-10-06 14:54:30,881 INFO [91387164]        SystemManager.java:709  | Page #1: 1 part along 4 systems
2017-10-06 14:54:30,882 INFO [91387164]        SystemManager.java:709  | Page #2: 1 part along 2 systems
2017-10-06 14:54:30,886 INFO [91387164]            BasicBook.java:1395 | Stored /book.xml
2017-10-06 14:54:31,118 INFO [91387164]           BasicSheet.java:979  | Stored /sheet#1/sheet#1.xml
2017-10-06 14:54:31,121 INFO [91387164]       StepMonitoring.java:96   | HEADERS
2017-10-06 14:54:31,488 INFO [91387164]          Nd4jBackend.java:194  | Loaded [CpuBackend] backend
2017-10-06 14:54:31,546 INFO [91387164]      NativeOpsHolder.java:49   | Number of threads used for NativeOps: 2
2017-10-06 14:54:32,005 INFO [91387164] DefaultOpExecutioner.java:544  | Backend used: [CPU]; OS: [Mac OS X]
2017-10-06 14:54:32,006 INFO [91387164] DefaultOpExecutioner.java:545  | Cores: [4]; Memory: [3.6GB];
2017-10-06 14:54:32,006 INFO [91387164] DefaultOpExecutioner.java:546  | Blas vendor: [OPENBLAS]
2017-10-06 14:54:32,049 INFO [91387164]   AbstractClassifier.java:332  | Classifier data loaded from default uri jar:file:/Users/stephenn/Documents/workspace/audiveris/build/distributions/Audiveris/lib/audiveris.jar!/res/basic-classifier.zip
2017-10-06 14:54:33,630 WARN [91387164]          ClefBuilder.java:560  | Staff#2 no header clef.
2017-10-06 14:54:34,199 WARN [91387164]          ClefBuilder.java:560  | Staff#4 no header clef.
2017-10-06 14:54:34,417 WARN [91387164]          ClefBuilder.java:560  | Staff#6 no header clef.
2017-10-06 14:54:34,715 WARN [91387164]          ClefBuilder.java:560  | Staff#10 no header clef.
2017-10-06 14:54:34,971 INFO [91387164]            BasicBook.java:1395 | Stored /book.xml
2017-10-06 14:54:35,227 INFO []   AbstractClassifier.java:332  | Classifier data loaded from default uri jar:file:/Users/stephenn/Documents/workspace/audiveris/build/distributions/Audiveris/lib/audiveris.jar!/res/deep-classifier.zip
2017-10-06 14:54:35,337 INFO [91387164]           BasicSheet.java:979  | Stored /sheet#1/sheet#1.xml
2017-10-06 14:54:35,339 INFO [91387164]       StepMonitoring.java:96   | STEM_SEEDS
2017-10-06 14:54:35,445 INFO [91387164]        StemSeedsStep.java:91   | stem(4 max:5)
2017-10-06 14:54:35,555 INFO [91387164]            BasicBook.java:1395 | Stored /book.xml
2017-10-06 14:54:35,853 INFO [91387164]           BasicSheet.java:979  | Stored /sheet#1/sheet#1.xml
2017-10-06 14:54:35,855 INFO [91387164]       StepMonitoring.java:96   | BEAMS
2017-10-06 14:54:40,555 INFO [91387164]            BasicBook.java:1395 | Stored /book.xml
2017-10-06 14:54:40,620 INFO [91387164]              Picture.java:786  | Stored /sheet#1/HEAD_SPOTS.xml
2017-10-06 14:54:41,001 INFO [91387164]           BasicSheet.java:979  | Stored /sheet#1/sheet#1.xml
2017-10-06 14:54:41,003 INFO [91387164]       StepMonitoring.java:96   | LEDGERS
2017-10-06 14:54:41,531 INFO [91387164]            BasicBook.java:1395 | Stored /book.xml
2017-10-06 14:54:41,948 INFO [91387164]           BasicSheet.java:979  | Stored /sheet#1/sheet#1.xml
2017-10-06 14:54:41,951 INFO [91387164]       StepMonitoring.java:96   | HEADS
2017-10-06 14:54:44,673 INFO [91387164]            BasicBook.java:1395 | Stored /book.xml
2017-10-06 14:54:45,662 INFO [91387164]           BasicSheet.java:979  | Stored /sheet#1/sheet#1.xml
2017-10-06 14:54:45,665 INFO [91387164]       StepMonitoring.java:96   | STEMS
2017-10-06 14:54:48,018 INFO [91387164]            BasicBook.java:1395 | Stored /book.xml
2017-10-06 14:54:49,138 INFO [91387164]           BasicSheet.java:979  | Stored /sheet#1/sheet#1.xml
2017-10-06 14:54:49,141 INFO [91387164]       StepMonitoring.java:96   | REDUCTION
2017-10-06 14:54:49,705 INFO [91387164]            BasicBook.java:1395 | Stored /book.xml
2017-10-06 14:54:50,578 INFO [91387164]           BasicSheet.java:979  | Stored /sheet#1/sheet#1.xml
2017-10-06 14:54:50,581 INFO [91387164]       StepMonitoring.java:96   | CUE_BEAMS
2017-10-06 14:54:50,584 INFO [91387164]            BasicBook.java:1395 | Stored /book.xml
2017-10-06 14:54:51,360 INFO [91387164]           BasicSheet.java:979  | Stored /sheet#1/sheet#1.xml
2017-10-06 14:54:51,363 INFO [91387164]       StepMonitoring.java:96   | TEXTS
2017-10-06 14:54:53,227 INFO [91387164]            BasicBook.java:1395 | Stored /book.xml
2017-10-06 14:54:54,110 INFO [91387164]           BasicSheet.java:979  | Stored /sheet#1/sheet#1.xml
2017-10-06 14:54:54,112 INFO [91387164]       StepMonitoring.java:96   | MEASURES
2017-10-06 14:54:54,117 INFO [91387164]                 Page.java:210  | 17 raw measures: [4 in system#1, 4 in system#2, 5 in system#3, 4 in system#4]
2017-10-06 14:54:54,117 INFO [91387164]                 Page.java:210  | 9 raw measures: [5 in system#5, 4 in system#6]
2017-10-06 14:54:54,119 INFO [91387164]            BasicBook.java:1395 | Stored /book.xml
2017-10-06 14:54:54,887 INFO [91387164]           BasicSheet.java:979  | Stored /sheet#1/sheet#1.xml
2017-10-06 14:54:54,889 INFO [91387164]       StepMonitoring.java:96   | CHORDS
2017-10-06 14:54:54,904 INFO [91387164]            BasicBook.java:1395 | Stored /book.xml
2017-10-06 14:54:55,796 INFO [91387164]           BasicSheet.java:979  | Stored /sheet#1/sheet#1.xml
2017-10-06 14:54:55,798 INFO [91387164]       StepMonitoring.java:96   | CURVES
2017-10-06 14:54:57,077 INFO [91387164]         SlursBuilder.java:157  | Slurs: 25
2017-10-06 14:54:57,110 INFO [91387164]      SegmentsBuilder.java:113  | Segments: 17
2017-10-06 14:54:57,121 INFO [91387164]            BasicBook.java:1395 | Stored /book.xml
2017-10-06 14:54:57,933 INFO [91387164]           BasicSheet.java:979  | Stored /sheet#1/sheet#1.xml
2017-10-06 14:54:57,935 INFO [91387164]       StepMonitoring.java:96   | SYMBOLS
2017-10-06 14:54:58,138 INFO [91387164]       SymbolsBuilder.java:340  | Symbol parts shrunk from 11 to 7
2017-10-06 14:55:01,103 INFO [91387164]            BasicBook.java:1395 | Stored /book.xml
2017-10-06 14:55:02,124 INFO [91387164]           BasicSheet.java:979  | Stored /sheet#1/sheet#1.xml
2017-10-06 14:55:02,127 INFO [91387164]       StepMonitoring.java:96   | LINKS
2017-10-06 14:55:02,150 INFO [91387164]        SymbolsLinker.java:306  | No measure stack for direction SentenceInter{#5655(0.531) s:9 BS-43 Direction} J :144.
2017-10-06 14:55:02,193 INFO [91387164]            BasicBook.java:1395 | Stored /book.xml
2017-10-06 14:55:03,257 INFO [91387164]           BasicSheet.java:979  | Stored /sheet#1/sheet#1.xml
2017-10-06 14:55:03,262 INFO [91387164]       StepMonitoring.java:96   | RHYTHMS
2017-10-06 14:55:03,302 INFO [91387164]           PageRhythm.java:314  | Range{1-17 ts:6/8} Durations avgGuess:3/4 topGuess:3/4 avgValue:0.73 stacks:17 voices:35 Histogram{5/16-7/8 size:7 [5/16=1 3/8=2 1/2=1 5/8=4 11/16=2 3/4=22 7/8=3]}
2017-10-06 14:55:03,311 INFO [91387164]                Voice.java:257  | S2 MeasureStack#6 Voice #1 too long 1/8
2017-10-06 14:55:03,312 INFO [91387164]           StackTuner.java:92   | S2 MeasureStack#6 no correct rhythm
2017-10-06 14:55:03,313 INFO [91387164]         SlotsBuilder.java:427  | S2 MeasureStack#7 Slot{#4 xOffset=154 timeOffset=5/16 incomings=[#5705] SUSPICIOUS}
2017-10-06 14:55:03,315 INFO [91387164]         SlotsBuilder.java:427  | S2 MeasureStack#7 Slot{#6 xOffset=206 timeOffset=7/16 incomings=[#5706] SUSPICIOUS}
2017-10-06 14:55:03,315 INFO [91387164]         SlotsBuilder.java:427  | S2 MeasureStack#7 Slot{#9 xOffset=317 timeOffset=3/4 incomings=[#7153] SUSPICIOUS}
2017-10-06 14:55:03,316 INFO [91387164]                Voice.java:257  | S2 MeasureStack#7 Voice #1 too long 1/8
2017-10-06 14:55:03,316 INFO [91387164]                Voice.java:257  | S2 MeasureStack#7 Voice #2 too long 1/8
2017-10-06 14:55:03,317 INFO [91387164]           StackTuner.java:92   | S2 MeasureStack#7 no correct rhythm
2017-10-06 14:55:03,319 INFO [91387164]                Voice.java:257  | S3 MeasureStack#10 Voice #1 too long 1/8
2017-10-06 14:55:03,319 INFO [91387164]                Voice.java:257  | S3 MeasureStack#10 Voice #2 too long 1/8
2017-10-06 14:55:03,320 INFO [91387164]           StackTuner.java:92   | S3 MeasureStack#10 no correct rhythm
2017-10-06 14:55:03,322 INFO [91387164]         SlotsBuilder.java:427  | S3 MeasureStack#12 Slot{#4 xOffset=192 timeOffset=1/2 incomings=[#5734] SUSPICIOUS}
2017-10-06 14:55:03,323 INFO [91387164]                Voice.java:257  | S3 MeasureStack#12 Voice #1 too long 1/8
2017-10-06 14:55:03,324 INFO [91387164]                Voice.java:257  | S3 MeasureStack#12 Voice #2 too long 1/8
2017-10-06 14:55:03,324 INFO [91387164]           StackTuner.java:92   | S3 MeasureStack#12 no correct rhythm
2017-10-06 14:55:03,344 INFO [91387164]           PageRhythm.java:314  | Range{1-9} Durations avgGuess:1 topGuess:1 avgValue:0.99 stacks:9 voices:23 Histogram{1/2-5/4 size:5 [1/2=1 3/4=3 1=14 9/8=1 5/4=4]}
2017-10-06 14:55:03,345 INFO [91387164]           PageRhythm.java:221  | S5 Range{1-9 dur:1} should update to 1-based time sig?
2017-10-06 14:55:03,347 INFO [91387164]                Voice.java:257  | S5 MeasureStack#1 Voice #1 too long 1/4
2017-10-06 14:55:03,347 INFO [91387164]                Voice.java:257  | S5 MeasureStack#1 Voice #2 too long 1/4
2017-10-06 14:55:03,348 INFO [91387164]           StackTuner.java:92   | S5 MeasureStack#1 no correct rhythm
2017-10-06 14:55:03,350 INFO [91387164]                Voice.java:257  | S5 MeasureStack#3 Voice #1 too long 1/4
2017-10-06 14:55:03,351 INFO [91387164]           StackTuner.java:92   | S5 MeasureStack#3 no correct rhythm
2017-10-06 14:55:03,352 INFO [91387164]         SlotsBuilder.java:427  | S5 MeasureStack#4 Slot{#8 xOffset=244 timeOffset=5/4 incomings=[#5827] SUSPICIOUS}
2017-10-06 14:55:03,353 INFO [91387164]                Voice.java:257  | S5 MeasureStack#4 Voice #1 too long 3/4
2017-10-06 14:55:03,353 INFO [91387164]                Voice.java:257  | S5 MeasureStack#4 Voice #2 too long 1/8
2017-10-06 14:55:03,354 INFO [91387164]           StackTuner.java:92   | S5 MeasureStack#4 no correct rhythm
2017-10-06 14:55:03,367 INFO [91387164]            BasicBook.java:1395 | Stored /book.xml
2017-10-06 14:55:04,422 INFO [91387164]           BasicSheet.java:979  | Stored /sheet#1/sheet#1.xml
2017-10-06 14:55:04,424 INFO [91387164]       StepMonitoring.java:96   | PAGE
2017-10-06 14:55:04,430 INFO [91387164]                Voice.java:257  | S2 MeasureStack#6 Voice #1 too long 1/8
2017-10-06 14:55:04,430 INFO [91387164]                Voice.java:257  | S2 MeasureStack#7 Voice #1 too long 1/8
2017-10-06 14:55:04,431 INFO [91387164]                Voice.java:257  | S2 MeasureStack#7 Voice #2 too long 1/8
2017-10-06 14:55:04,431 INFO [91387164]                Voice.java:257  | S3 MeasureStack#10 Voice #1 too long 1/8
2017-10-06 14:55:04,431 INFO [91387164]                Voice.java:257  | S3 MeasureStack#10 Voice #2 too long 1/8
2017-10-06 14:55:04,432 INFO [91387164]                Voice.java:257  | S3 MeasureStack#12 Voice #1 too long 1/8
2017-10-06 14:55:04,432 INFO [91387164]                Voice.java:257  | S3 MeasureStack#12 Voice #2 too long 1/8
2017-10-06 14:55:04,433 INFO [91387164]                Voice.java:257  | S5 MeasureStack#1 Voice #1 too long 1/4
2017-10-06 14:55:04,433 INFO [91387164]                Voice.java:257  | S5 MeasureStack#1 Voice #2 too long 1/4
2017-10-06 14:55:04,433 INFO [91387164]                Voice.java:257  | S5 MeasureStack#3 Voice #1 too long 1/4
2017-10-06 14:55:04,433 INFO [91387164]                Voice.java:257  | S5 MeasureStack#4 Voice #1 too long 3/4
2017-10-06 14:55:04,434 INFO [91387164]                Voice.java:257  | S5 MeasureStack#4 Voice #2 too long 1/8
2017-10-06 14:55:04,436 INFO [91387164]            BasicBook.java:1395 | Stored /book.xml
2017-10-06 14:55:05,450 INFO [91387164]           BasicSheet.java:979  | Stored /sheet#1/sheet#1.xml
2017-10-06 14:55:05,453 INFO [91387164]            BasicStub.java:723  | Sheet{91387164} disposed
2017-10-06 14:55:06,436 INFO [91387164]            BasicStub.java:449  | Loaded /sheet#1/sheet#1.xml
2017-10-06 14:55:06,438 INFO [91387164]            BasicBook.java:1133 | Scores built: 2
2017-10-06 14:55:07,476 WARN [91387164]      PartwiseBuilder.java:1379 | Error visiting null
java.lang.NullPointerException: null
	at org.audiveris.omr.score.PartwiseBuilder.processKey(PartwiseBuilder.java:1344)
	at org.audiveris.omr.score.PartwiseBuilder.processKeys(PartwiseBuilder.java:1407)
	at org.audiveris.omr.score.PartwiseBuilder.processMeasure(PartwiseBuilder.java:1575)
	at org.audiveris.omr.score.PartwiseBuilder.processPart(PartwiseBuilder.java:1988)
	at org.audiveris.omr.score.PartwiseBuilder.processSystem(PartwiseBuilder.java:2528)
	at org.audiveris.omr.score.PartwiseBuilder.processLogicalPart(PartwiseBuilder.java:1433)
	at org.audiveris.omr.score.PartwiseBuilder.processStub(PartwiseBuilder.java:2483)
	at org.audiveris.omr.score.PartwiseBuilder.processPartList(PartwiseBuilder.java:2017)
	at org.audiveris.omr.score.PartwiseBuilder.processScore(PartwiseBuilder.java:2195)
	at org.audiveris.omr.score.PartwiseBuilder.build(PartwiseBuilder.java:307)
	at org.audiveris.omr.score.ScoreExporter.export(ScoreExporter.java:117)
	at org.audiveris.omr.score.ScoreExporter.export(ScoreExporter.java:91)
	at org.audiveris.omr.sheet.BasicBook.export(BasicBook.java:589)
	at org.audiveris.omr.CLI$ProcessingTask.processBook(CLI.java:785)
	at org.audiveris.omr.CLI$CliTask.call(CLI.java:344)
	at org.audiveris.omr.Main.runBatchTasks(Main.java:316)
	at org.audiveris.omr.Main.main(Main.java:155)
	at Audiveris.main(Audiveris.java:49)
2017-10-06 14:55:07,490 WARN [91387164]      PartwiseBuilder.java:1379 | Error visiting null
java.lang.NullPointerException: null
	at org.audiveris.omr.score.PartwiseBuilder.processKey(PartwiseBuilder.java:1344)
	at org.audiveris.omr.score.PartwiseBuilder.processKeys(PartwiseBuilder.java:1407)
	at org.audiveris.omr.score.PartwiseBuilder.processMeasure(PartwiseBuilder.java:1575)
	at org.audiveris.omr.score.PartwiseBuilder.processPart(PartwiseBuilder.java:1988)
	at org.audiveris.omr.score.PartwiseBuilder.processSystem(PartwiseBuilder.java:2528)
	at org.audiveris.omr.score.PartwiseBuilder.processLogicalPart(PartwiseBuilder.java:1433)
	at org.audiveris.omr.score.PartwiseBuilder.processStub(PartwiseBuilder.java:2483)
	at org.audiveris.omr.score.PartwiseBuilder.processPartList(PartwiseBuilder.java:2017)
	at org.audiveris.omr.score.PartwiseBuilder.processScore(PartwiseBuilder.java:2195)
	at org.audiveris.omr.score.PartwiseBuilder.build(PartwiseBuilder.java:307)
	at org.audiveris.omr.score.ScoreExporter.export(ScoreExporter.java:117)
	at org.audiveris.omr.score.ScoreExporter.export(ScoreExporter.java:91)
	at org.audiveris.omr.sheet.BasicBook.export(BasicBook.java:589)
	at org.audiveris.omr.CLI$ProcessingTask.processBook(CLI.java:785)
	at org.audiveris.omr.CLI$CliTask.call(CLI.java:344)
	at org.audiveris.omr.Main.runBatchTasks(Main.java:316)
	at org.audiveris.omr.Main.main(Main.java:155)
	at Audiveris.main(Audiveris.java:49)
2017-10-06 14:55:07,498 WARN [91387164]      PartwiseBuilder.java:1379 | Error visiting null
java.lang.NullPointerException: null
	at org.audiveris.omr.score.PartwiseBuilder.processKey(PartwiseBuilder.java:1344)
	at org.audiveris.omr.score.PartwiseBuilder.processKeys(PartwiseBuilder.java:1407)
	at org.audiveris.omr.score.PartwiseBuilder.processMeasure(PartwiseBuilder.java:1575)
	at org.audiveris.omr.score.PartwiseBuilder.processPart(PartwiseBuilder.java:1988)
	at org.audiveris.omr.score.PartwiseBuilder.processSystem(PartwiseBuilder.java:2528)
	at org.audiveris.omr.score.PartwiseBuilder.processLogicalPart(PartwiseBuilder.java:1433)
	at org.audiveris.omr.score.PartwiseBuilder.processStub(PartwiseBuilder.java:2483)
	at org.audiveris.omr.score.PartwiseBuilder.processPartList(PartwiseBuilder.java:2017)
	at org.audiveris.omr.score.PartwiseBuilder.processScore(PartwiseBuilder.java:2195)
	at org.audiveris.omr.score.PartwiseBuilder.build(PartwiseBuilder.java:307)
	at org.audiveris.omr.score.ScoreExporter.export(ScoreExporter.java:117)
	at org.audiveris.omr.score.ScoreExporter.export(ScoreExporter.java:91)
	at org.audiveris.omr.sheet.BasicBook.export(BasicBook.java:589)
	at org.audiveris.omr.CLI$ProcessingTask.processBook(CLI.java:785)
	at org.audiveris.omr.CLI$CliTask.call(CLI.java:344)
	at org.audiveris.omr.Main.runBatchTasks(Main.java:316)
	at org.audiveris.omr.Main.main(Main.java:155)
	at Audiveris.main(Audiveris.java:49)
2017-10-06 14:55:07,591 INFO [91387164]        ScoreExporter.java:93   | Score 91387164.mvt1 exported to /Users/stephenn/Documents/workspace/nlsomr/xml_out/91386487/91387164/91387164.mvt1.mxl
2017-10-06 14:55:07,594 WARN [91387164]      PartwiseBuilder.java:1379 | Error visiting null
java.lang.NullPointerException: null
	at org.audiveris.omr.score.PartwiseBuilder.processKey(PartwiseBuilder.java:1344)
	at org.audiveris.omr.score.PartwiseBuilder.processKeys(PartwiseBuilder.java:1407)
	at org.audiveris.omr.score.PartwiseBuilder.processMeasure(PartwiseBuilder.java:1575)
	at org.audiveris.omr.score.PartwiseBuilder.processPart(PartwiseBuilder.java:1988)
	at org.audiveris.omr.score.PartwiseBuilder.processSystem(PartwiseBuilder.java:2528)
	at org.audiveris.omr.score.PartwiseBuilder.processLogicalPart(PartwiseBuilder.java:1433)
	at org.audiveris.omr.score.PartwiseBuilder.processStub(PartwiseBuilder.java:2483)
	at org.audiveris.omr.score.PartwiseBuilder.processPartList(PartwiseBuilder.java:2017)
	at org.audiveris.omr.score.PartwiseBuilder.processScore(PartwiseBuilder.java:2195)
	at org.audiveris.omr.score.PartwiseBuilder.build(PartwiseBuilder.java:307)
	at org.audiveris.omr.score.ScoreExporter.export(ScoreExporter.java:117)
	at org.audiveris.omr.score.ScoreExporter.export(ScoreExporter.java:91)
	at org.audiveris.omr.sheet.BasicBook.export(BasicBook.java:589)
	at org.audiveris.omr.CLI$ProcessingTask.processBook(CLI.java:785)
	at org.audiveris.omr.CLI$CliTask.call(CLI.java:344)
	at org.audiveris.omr.Main.runBatchTasks(Main.java:316)
	at org.audiveris.omr.Main.main(Main.java:155)
	at Audiveris.main(Audiveris.java:49)
2017-10-06 14:55:07,628 INFO [91387164]        ScoreExporter.java:93   | Score 91387164.mvt2 exported to /Users/stephenn/Documents/workspace/nlsomr/xml_out/91386487/91387164/91387164.mvt2.mxl
2017-10-06 14:55:07,788 INFO [91387164]            BasicBook.java:1395 | Stored /book.xml
2017-10-06 14:55:07,789 INFO [91387164]            BasicBook.java:1355 | Book stored as /Users/stephenn/Documents/workspace/nlsomr/xml_out/91386487/91387164/91387164.omr
