2017-10-06 14:35:10,222 INFO [91386900]            BasicBook.java:427  | 1 sheet in /Users/stephenn/Documents/workspace/nlsomr/working/91386900.jpg
2017-10-06 14:35:10,361 INFO []            BasicBook.java:1395 | Stored /book.xml
2017-10-06 14:35:10,361 INFO []            BasicBook.java:1355 | Book stored as /Users/stephenn/Documents/workspace/nlsomr/xml_out/91386487/91386900/91386900.omr
2017-10-06 14:35:10,366 INFO []            BasicBook.java:996  | Book reaching PAGE on sheets:[#1]
2017-10-06 14:35:10,368 INFO [91386900]       StepMonitoring.java:96   | LOAD
2017-10-06 14:35:10,515 INFO [91386900]            BasicBook.java:911  | Loaded image 1 2000x3056 from /Users/stephenn/Documents/workspace/nlsomr/working/91386900.jpg
2017-10-06 14:35:10,519 INFO [91386900]            ImageUtil.java:82   | Converting max RGB to gray ...
2017-10-06 14:35:10,761 INFO [91386900]            BasicBook.java:1395 | Stored /book.xml
2017-10-06 14:35:11,047 INFO [91386900]           BasicSheet.java:979  | Stored /sheet#1/sheet#1.xml
2017-10-06 14:35:11,049 INFO [91386900]       StepMonitoring.java:96   | BINARY
2017-10-06 14:35:11,651 INFO [91386900]            BasicBook.java:1395 | Stored /book.xml
2017-10-06 14:35:11,955 INFO [91386900]              Picture.java:786  | Stored /sheet#1/BINARY.xml
2017-10-06 14:35:11,957 INFO [91386900]           BasicSheet.java:979  | Stored /sheet#1/sheet#1.xml
2017-10-06 14:35:11,958 INFO [91386900]       StepMonitoring.java:96   | SCALE
2017-10-06 14:35:12,000 INFO [91386900]            ScaleStep.java:87   | Scale{line(3,4,5) interline(16,16,17) beam(13)}
2017-10-06 14:35:12,002 INFO [91386900]            BasicBook.java:1395 | Stored /book.xml
2017-10-06 14:35:12,005 INFO [91386900]           BasicSheet.java:979  | Stored /sheet#1/sheet#1.xml
2017-10-06 14:35:12,007 INFO [91386900]       StepMonitoring.java:96   | GRID
2017-10-06 14:35:12,867 INFO [91386900]       LinesRetriever.java:442  | Global slope: 0.00065
2017-10-06 14:35:12,947 INFO [91386900]    ClustersRetriever.java:241  | Retrieved line clusters: 12 of size: 5 with interline: (16,16,17)
2017-10-06 14:35:13,474 INFO [91386900]            PeakGraph.java:181  | Systems: #1[1, 2] #2[3, 4] #3[5, 6] #4[7, 8] #5[9, 10] #6[11, 12]
2017-10-06 14:35:14,433 INFO [91386900]        SystemManager.java:626  | Indentation detected for system#1
2017-10-06 14:35:14,434 INFO [91386900]        SystemManager.java:626  | Indentation detected for system#4
2017-10-06 14:35:14,434 INFO [91386900]        SystemManager.java:671  | 2 pages found in sheet
2017-10-06 14:35:14,435 INFO [91386900]        SystemManager.java:709  | Page #1: 1 part along 3 systems
2017-10-06 14:35:14,435 INFO [91386900]        SystemManager.java:709  | Page #2: 1 part along 3 systems
2017-10-06 14:35:14,439 INFO [91386900]            BasicBook.java:1395 | Stored /book.xml
2017-10-06 14:35:14,654 INFO [91386900]           BasicSheet.java:979  | Stored /sheet#1/sheet#1.xml
2017-10-06 14:35:14,657 INFO [91386900]       StepMonitoring.java:96   | HEADERS
2017-10-06 14:35:15,023 INFO [91386900]          Nd4jBackend.java:194  | Loaded [CpuBackend] backend
2017-10-06 14:35:15,087 INFO [91386900]      NativeOpsHolder.java:49   | Number of threads used for NativeOps: 2
2017-10-06 14:35:15,525 INFO [91386900] DefaultOpExecutioner.java:544  | Backend used: [CPU]; OS: [Mac OS X]
2017-10-06 14:35:15,526 INFO [91386900] DefaultOpExecutioner.java:545  | Cores: [4]; Memory: [3.6GB];
2017-10-06 14:35:15,526 INFO [91386900] DefaultOpExecutioner.java:546  | Blas vendor: [OPENBLAS]
2017-10-06 14:35:15,564 INFO [91386900]   AbstractClassifier.java:332  | Classifier data loaded from default uri jar:file:/Users/stephenn/Documents/workspace/audiveris/build/distributions/Audiveris/lib/audiveris.jar!/res/basic-classifier.zip
2017-10-06 14:35:17,299 INFO [91386900]           KeyBuilder.java:916  | Staff#1 key replication failed.
2017-10-06 14:35:17,466 WARN [91386900]          ClefBuilder.java:560  | Staff#4 no header clef.
2017-10-06 14:35:17,650 WARN [91386900]          ClefBuilder.java:560  | Staff#6 no header clef.
2017-10-06 14:35:18,354 INFO []   AbstractClassifier.java:332  | Classifier data loaded from default uri jar:file:/Users/stephenn/Documents/workspace/audiveris/build/distributions/Audiveris/lib/audiveris.jar!/res/deep-classifier.zip
2017-10-06 14:35:18,361 INFO [91386900]            BasicBook.java:1395 | Stored /book.xml
2017-10-06 14:35:18,657 INFO [91386900]           BasicSheet.java:979  | Stored /sheet#1/sheet#1.xml
2017-10-06 14:35:18,660 INFO [91386900]       StepMonitoring.java:96   | STEM_SEEDS
2017-10-06 14:35:18,758 INFO [91386900]        StemSeedsStep.java:91   | stem(4 max:4)
2017-10-06 14:35:18,866 INFO [91386900]            BasicBook.java:1395 | Stored /book.xml
2017-10-06 14:35:19,151 INFO [91386900]           BasicSheet.java:979  | Stored /sheet#1/sheet#1.xml
2017-10-06 14:35:19,153 INFO [91386900]       StepMonitoring.java:96   | BEAMS
2017-10-06 14:35:24,355 INFO [91386900]            BeamsStep.java:89   | BeamDistance{count:33 mean:15.20 stdDev:0.49}
2017-10-06 14:35:24,361 INFO [91386900]            BasicBook.java:1395 | Stored /book.xml
2017-10-06 14:35:24,448 INFO [91386900]              Picture.java:786  | Stored /sheet#1/HEAD_SPOTS.xml
2017-10-06 14:35:25,028 INFO [91386900]           BasicSheet.java:979  | Stored /sheet#1/sheet#1.xml
2017-10-06 14:35:25,035 INFO [91386900]       StepMonitoring.java:96   | LEDGERS
2017-10-06 14:35:26,334 INFO [91386900]            BasicBook.java:1395 | Stored /book.xml
2017-10-06 14:35:26,889 INFO [91386900]           BasicSheet.java:979  | Stored /sheet#1/sheet#1.xml
2017-10-06 14:35:26,891 INFO [91386900]       StepMonitoring.java:96   | HEADS
2017-10-06 14:35:29,261 INFO [91386900]            BasicBook.java:1395 | Stored /book.xml
2017-10-06 14:35:30,430 INFO [91386900]           BasicSheet.java:979  | Stored /sheet#1/sheet#1.xml
2017-10-06 14:35:30,433 INFO [91386900]       StepMonitoring.java:96   | STEMS
2017-10-06 14:35:32,628 INFO [91386900]            BasicBook.java:1395 | Stored /book.xml
2017-10-06 14:35:33,925 INFO [91386900]           BasicSheet.java:979  | Stored /sheet#1/sheet#1.xml
2017-10-06 14:35:33,927 INFO [91386900]       StepMonitoring.java:96   | REDUCTION
2017-10-06 14:35:34,619 INFO [91386900]            BasicBook.java:1395 | Stored /book.xml
2017-10-06 14:35:35,474 INFO [91386900]           BasicSheet.java:979  | Stored /sheet#1/sheet#1.xml
2017-10-06 14:35:35,476 INFO [91386900]       StepMonitoring.java:96   | CUE_BEAMS
2017-10-06 14:35:35,480 INFO [91386900]            BasicBook.java:1395 | Stored /book.xml
2017-10-06 14:35:36,351 INFO [91386900]           BasicSheet.java:979  | Stored /sheet#1/sheet#1.xml
2017-10-06 14:35:36,354 INFO [91386900]       StepMonitoring.java:96   | TEXTS
2017-10-06 14:35:38,537 INFO [91386900]            BasicBook.java:1395 | Stored /book.xml
2017-10-06 14:35:39,437 INFO [91386900]           BasicSheet.java:979  | Stored /sheet#1/sheet#1.xml
2017-10-06 14:35:39,440 INFO [91386900]       StepMonitoring.java:96   | MEASURES
2017-10-06 14:35:39,443 INFO [91386900]      MeasuresBuilder.java:316  | S1 partial barline column: s2:G(x:681,y:523)[#42]
2017-10-06 14:35:39,444 INFO [91386900]      MeasuresBuilder.java:328  | S1 deleting   half column: s2:G(x:681,y:523)[#42]
2017-10-06 14:35:39,446 INFO [91386900]                 Page.java:210  | 17 raw measures: [6 in system#1, 5 in system#2, 6 in system#3]
2017-10-06 14:35:39,447 INFO [91386900]                 Page.java:210  | 17 raw measures: [6 in system#4, 5 in system#5, 6 in system#6]
2017-10-06 14:35:39,448 INFO [91386900]            BasicBook.java:1395 | Stored /book.xml
2017-10-06 14:35:40,448 INFO [91386900]           BasicSheet.java:979  | Stored /sheet#1/sheet#1.xml
2017-10-06 14:35:40,449 INFO [91386900]       StepMonitoring.java:96   | CHORDS
2017-10-06 14:35:40,465 INFO [91386900]            BasicBook.java:1395 | Stored /book.xml
2017-10-06 14:35:41,739 INFO [91386900]           BasicSheet.java:979  | Stored /sheet#1/sheet#1.xml
2017-10-06 14:35:41,741 INFO [91386900]       StepMonitoring.java:96   | CURVES
2017-10-06 14:35:43,265 INFO [91386900]         SlursBuilder.java:157  | Slurs: 18
2017-10-06 14:35:43,309 INFO [91386900]      SegmentsBuilder.java:113  | Segments: 23
2017-10-06 14:35:43,316 INFO [91386900]            BasicBook.java:1395 | Stored /book.xml
2017-10-06 14:35:44,746 INFO [91386900]           BasicSheet.java:979  | Stored /sheet#1/sheet#1.xml
2017-10-06 14:35:44,748 INFO [91386900]       StepMonitoring.java:96   | SYMBOLS
2017-10-06 14:35:45,601 INFO [91386900]       SymbolsBuilder.java:340  | Symbol parts shrunk from 8 to 7
2017-10-06 14:35:46,520 INFO [91386900]       SymbolsBuilder.java:340  | Symbol parts shrunk from 10 to 7
2017-10-06 14:35:47,535 INFO [91386900]            BasicBook.java:1395 | Stored /book.xml
2017-10-06 14:35:49,149 INFO [91386900]           BasicSheet.java:979  | Stored /sheet#1/sheet#1.xml
2017-10-06 14:35:49,151 INFO [91386900]       StepMonitoring.java:96   | LINKS
2017-10-06 14:35:49,172 INFO [91386900]        SymbolsLinker.java:306  | No measure stack for direction SentenceInter{#6500(0.543) s:7 BSC-47 Direction} J: 96.
2017-10-06 14:35:49,194 INFO [91386900]            BasicBook.java:1395 | Stored /book.xml
2017-10-06 14:35:50,808 INFO [91386900]           BasicSheet.java:979  | Stored /sheet#1/sheet#1.xml
2017-10-06 14:35:50,810 INFO [91386900]       StepMonitoring.java:96   | RHYTHMS
2017-10-06 14:35:50,845 INFO [91386900]           PageRhythm.java:314  | Range{1-17} Durations avgGuess:3/4 topGuess:3/4 avgValue:0.69 stacks:17 voices:50 Histogram{1/4-1 size:7 [1/4=3 1/2=16 5/8=1 3/4=21 13/16=2 7/8=4 1=3]}
2017-10-06 14:35:50,846 INFO [91386900]           PageRhythm.java:221  | S1 Range{1-17 dur:3/4} should update to 3/4-based time sig?
2017-10-06 14:35:50,852 INFO [91386900]                Voice.java:257  | S1 MeasureStack#6 Voice #1 too long 1/8
2017-10-06 14:35:50,853 INFO [91386900]                Voice.java:257  | S1 MeasureStack#6 Voice #2 too long 1/16
2017-10-06 14:35:50,855 INFO [91386900]           StackTuner.java:92   | S1 MeasureStack#6 no correct rhythm
2017-10-06 14:35:50,858 INFO [91386900]                Voice.java:257  | S2 MeasureStack#8 Voice #1 too long 1/4
2017-10-06 14:35:50,859 INFO [91386900]                Voice.java:257  | S2 MeasureStack#8 Voice #2 too long 1/4
2017-10-06 14:35:50,859 INFO [91386900]                Voice.java:257  | S2 MeasureStack#8 Voice #3 too long 1/4
2017-10-06 14:35:50,859 INFO [91386900]           StackTuner.java:92   | S2 MeasureStack#8 no correct rhythm
2017-10-06 14:35:50,860 INFO [91386900]                Voice.java:257  | S2 MeasureStack#9 Voice #1 too long 1/8
2017-10-06 14:35:50,861 INFO [91386900]                Voice.java:257  | S2 MeasureStack#9 Voice #3 too long 1/8
2017-10-06 14:35:50,861 INFO [91386900]           StackTuner.java:92   | S2 MeasureStack#9 no correct rhythm
2017-10-06 14:35:50,863 INFO [91386900]         SlotsBuilder.java:427  | S2 MeasureStack#10 Slot{#5 xOffset=232 timeOffset=3/4 incomings=[#6587] SUSPICIOUS}
2017-10-06 14:35:50,873 INFO [91386900]                Voice.java:257  | S2 MeasureStack#10 Voice #1 too long 1/8
2017-10-06 14:35:50,873 INFO [91386900]                Voice.java:257  | S2 MeasureStack#10 Voice #3 too long 1/8
2017-10-06 14:35:50,874 INFO [91386900]                Voice.java:257  | S2 MeasureStack#10 Voice #5 too long 1/4
2017-10-06 14:35:50,874 INFO [91386900]           StackTuner.java:92   | S2 MeasureStack#10 no correct rhythm
2017-10-06 14:35:50,875 INFO [91386900]         SlotsBuilder.java:427  | S2 MeasureStack#11 Slot{#3 xOffset=106 timeOffset=1/2 incomings=[#6589] SUSPICIOUS}
2017-10-06 14:35:50,876 INFO [91386900]                Voice.java:257  | S2 MeasureStack#11 Voice #1 too long 1/4
2017-10-06 14:35:50,876 INFO [91386900]                Voice.java:257  | S2 MeasureStack#11 Voice #2 too long 1/4
2017-10-06 14:35:50,876 INFO [91386900]                Voice.java:257  | S2 MeasureStack#11 Voice #3 too long 1/4
2017-10-06 14:35:50,876 INFO [91386900]           StackTuner.java:92   | S2 MeasureStack#11 no correct rhythm
2017-10-06 14:35:50,879 INFO [91386900]                Voice.java:257  | S3 MeasureStack#14 Voice #3 too long 1/16
2017-10-06 14:35:50,880 INFO [91386900]           StackTuner.java:92   | S3 MeasureStack#14 no correct rhythm
2017-10-06 14:35:50,886 INFO [91386900]         SlotsBuilder.java:427  | S3 MeasureStack#16 Slot{#4 xOffset=174 timeOffset=5/8 incomings=[#6635] SUSPICIOUS}
2017-10-06 14:35:50,886 INFO [91386900]                Voice.java:257  | S3 MeasureStack#16 Voice #3 too long 1/4
2017-10-06 14:35:50,887 INFO [91386900]           StackTuner.java:92   | S3 MeasureStack#16 no correct rhythm
2017-10-06 14:35:50,892 INFO [91386900]         SlotsBuilder.java:434  | Stack#5 endless loop detected
2017-10-06 14:35:50,898 INFO [91386900]         SlotsBuilder.java:399  | Stack#9 suspicious Slot{#2 xOffset=100 timeOffset=1/8 incomings=[#6699]}
2017-10-06 14:35:50,906 INFO [91386900]           PageRhythm.java:314  | Range{1-17} Durations avgGuess:1/2 topGuess:1/2 avgValue:0.53 stacks:17 voices:37 Histogram{1/8-9/8 size:8 [1/8=1 3/16=2 1/4=7 5/16=1 3/8=3 1/2=21 5/8=1 9/8=1]}
2017-10-06 14:35:50,907 INFO [91386900]           PageRhythm.java:221  | S4 Range{1-17 dur:1/2} should update to 1/2-based time sig?
2017-10-06 14:35:50,908 INFO [91386900]                Voice.java:257  | S4 MeasureStack#1 Voice #1 too long 5/8
2017-10-06 14:35:50,908 INFO [91386900]           StackTuner.java:92   | S4 MeasureStack#1 no correct rhythm
2017-10-06 14:35:50,912 INFO [91386900]         SlotsBuilder.java:427  | S4 MeasureStack#4 Slot{#3 xOffset=77 timeOffset=3/16 incomings=[#6650] SUSPICIOUS}
2017-10-06 14:35:50,913 INFO [91386900]                Voice.java:257  | S4 MeasureStack#4 Voice #1 too long 1/16
2017-10-06 14:35:50,913 INFO [91386900]                Voice.java:257  | S4 MeasureStack#4 Voice #2 too long 1/16
2017-10-06 14:35:50,914 INFO [91386900]           StackTuner.java:92   | S4 MeasureStack#4 no correct rhythm
2017-10-06 14:35:50,916 INFO [91386900]         SlotsBuilder.java:434  | Stack#5 endless loop detected
2017-10-06 14:35:50,920 INFO [91386900]         SlotsBuilder.java:434  | Stack#9 endless loop detected
2017-10-06 14:35:50,921 INFO [91386900]         SlotsBuilder.java:427  | S5 MeasureStack#10 Slot{#3 xOffset=101 timeOffset=3/16 incomings=[#6704] SUSPICIOUS}
2017-10-06 14:35:50,922 INFO [91386900]         SlotsBuilder.java:427  | S5 MeasureStack#10 Slot{#5 xOffset=150 timeOffset=5/16 incomings=[#6705] SUSPICIOUS}
2017-10-06 14:35:50,922 INFO [91386900]         SlotsBuilder.java:427  | S5 MeasureStack#10 Slot{#7 xOffset=203 timeOffset=7/16 incomings=[#6706] SUSPICIOUS}
2017-10-06 14:35:50,922 INFO [91386900]                Voice.java:257  | S5 MeasureStack#10 Voice #1 too long 1/16
2017-10-06 14:35:50,923 INFO [91386900]           StackTuner.java:92   | S5 MeasureStack#10 no correct rhythm
2017-10-06 14:35:50,926 INFO [91386900]                Voice.java:257  | S6 MeasureStack#13 Voice #1 too long 1/8
2017-10-06 14:35:50,927 INFO [91386900]           StackTuner.java:92   | S6 MeasureStack#13 no correct rhythm
2017-10-06 14:35:50,934 INFO [91386900]            BasicBook.java:1395 | Stored /book.xml
2017-10-06 14:35:52,536 INFO [91386900]           BasicSheet.java:979  | Stored /sheet#1/sheet#1.xml
2017-10-06 14:35:52,538 INFO [91386900]       StepMonitoring.java:96   | PAGE
2017-10-06 14:35:52,542 INFO [91386900]                 Part.java:267  | Could not left-connect slur#6815
2017-10-06 14:35:52,542 INFO [91386900]                 Part.java:275  | Could not right-connect slur#6837
2017-10-06 14:35:52,542 INFO [91386900]                 Part.java:275  | Could not right-connect slur#7081
2017-10-06 14:35:52,544 INFO [91386900]                Voice.java:257  | S1 MeasureStack#6 Voice #1 too long 1/8
2017-10-06 14:35:52,544 INFO [91386900]                Voice.java:257  | S1 MeasureStack#6 Voice #2 too long 1/16
2017-10-06 14:35:52,544 INFO [91386900]                Voice.java:257  | S2 MeasureStack#8 Voice #1 too long 1/4
2017-10-06 14:35:52,544 INFO [91386900]                Voice.java:257  | S2 MeasureStack#8 Voice #2 too long 1/4
2017-10-06 14:35:52,545 INFO [91386900]                Voice.java:257  | S2 MeasureStack#8 Voice #3 too long 1/4
2017-10-06 14:35:52,545 INFO [91386900]                Voice.java:257  | S2 MeasureStack#9 Voice #1 too long 1/8
2017-10-06 14:35:52,545 INFO [91386900]                Voice.java:257  | S2 MeasureStack#9 Voice #3 too long 1/8
2017-10-06 14:35:52,545 INFO [91386900]                Voice.java:257  | S2 MeasureStack#10 Voice #1 too long 1/8
2017-10-06 14:35:52,545 INFO [91386900]                Voice.java:257  | S2 MeasureStack#10 Voice #3 too long 1/8
2017-10-06 14:35:52,545 INFO [91386900]                Voice.java:257  | S2 MeasureStack#10 Voice #5 too long 1/4
2017-10-06 14:35:52,546 INFO [91386900]                Voice.java:257  | S2 MeasureStack#11 Voice #1 too long 1/4
2017-10-06 14:35:52,546 INFO [91386900]                Voice.java:257  | S2 MeasureStack#11 Voice #2 too long 1/4
2017-10-06 14:35:52,546 INFO [91386900]                Voice.java:257  | S2 MeasureStack#11 Voice #3 too long 1/4
2017-10-06 14:35:52,546 INFO [91386900]                Voice.java:257  | S3 MeasureStack#14 Voice #3 too long 1/16
2017-10-06 14:35:52,546 INFO [91386900]                Voice.java:257  | S3 MeasureStack#16 Voice #3 too long 1/4
2017-10-06 14:35:52,547 INFO [91386900]                Voice.java:257  | S4 MeasureStack#1 Voice #1 too long 5/8
2017-10-06 14:35:52,547 INFO [91386900]                Voice.java:257  | S4 MeasureStack#4 Voice #1 too long 1/16
2017-10-06 14:35:52,548 INFO [91386900]                Voice.java:257  | S4 MeasureStack#4 Voice #2 too long 1/16
2017-10-06 14:35:52,548 INFO [91386900]                Voice.java:257  | S5 MeasureStack#10 Voice #1 too long 1/16
2017-10-06 14:35:52,549 INFO [91386900]                Voice.java:257  | S6 MeasureStack#13 Voice #1 too long 1/8
2017-10-06 14:35:52,551 INFO [91386900]            BasicBook.java:1395 | Stored /book.xml
2017-10-06 14:35:54,206 INFO [91386900]           BasicSheet.java:979  | Stored /sheet#1/sheet#1.xml
2017-10-06 14:35:54,208 INFO [91386900]            BasicStub.java:723  | Sheet{91386900} disposed
2017-10-06 14:35:55,391 INFO [91386900]            BasicStub.java:449  | Loaded /sheet#1/sheet#1.xml
2017-10-06 14:35:55,393 INFO [91386900]            BasicBook.java:1133 | Scores built: 2
2017-10-06 14:35:56,352 WARN [91386900]      PartwiseBuilder.java:1379 | Error visiting null
java.lang.NullPointerException: null
	at org.audiveris.omr.score.PartwiseBuilder.processKey(PartwiseBuilder.java:1344)
	at org.audiveris.omr.score.PartwiseBuilder.processKeys(PartwiseBuilder.java:1407)
	at org.audiveris.omr.score.PartwiseBuilder.processMeasure(PartwiseBuilder.java:1575)
	at org.audiveris.omr.score.PartwiseBuilder.processPart(PartwiseBuilder.java:1988)
	at org.audiveris.omr.score.PartwiseBuilder.processSystem(PartwiseBuilder.java:2528)
	at org.audiveris.omr.score.PartwiseBuilder.processLogicalPart(PartwiseBuilder.java:1433)
	at org.audiveris.omr.score.PartwiseBuilder.processStub(PartwiseBuilder.java:2483)
	at org.audiveris.omr.score.PartwiseBuilder.processPartList(PartwiseBuilder.java:2017)
	at org.audiveris.omr.score.PartwiseBuilder.processScore(PartwiseBuilder.java:2195)
	at org.audiveris.omr.score.PartwiseBuilder.build(PartwiseBuilder.java:307)
	at org.audiveris.omr.score.ScoreExporter.export(ScoreExporter.java:117)
	at org.audiveris.omr.score.ScoreExporter.export(ScoreExporter.java:91)
	at org.audiveris.omr.sheet.BasicBook.export(BasicBook.java:589)
	at org.audiveris.omr.CLI$ProcessingTask.processBook(CLI.java:785)
	at org.audiveris.omr.CLI$CliTask.call(CLI.java:344)
	at org.audiveris.omr.Main.runBatchTasks(Main.java:316)
	at org.audiveris.omr.Main.main(Main.java:155)
	at Audiveris.main(Audiveris.java:49)
2017-10-06 14:35:56,370 WARN [91386900]      PartwiseBuilder.java:1379 | Error visiting null
java.lang.NullPointerException: null
	at org.audiveris.omr.score.PartwiseBuilder.processKey(PartwiseBuilder.java:1344)
	at org.audiveris.omr.score.PartwiseBuilder.processKeys(PartwiseBuilder.java:1407)
	at org.audiveris.omr.score.PartwiseBuilder.processMeasure(PartwiseBuilder.java:1575)
	at org.audiveris.omr.score.PartwiseBuilder.processPart(PartwiseBuilder.java:1988)
	at org.audiveris.omr.score.PartwiseBuilder.processSystem(PartwiseBuilder.java:2528)
	at org.audiveris.omr.score.PartwiseBuilder.processLogicalPart(PartwiseBuilder.java:1433)
	at org.audiveris.omr.score.PartwiseBuilder.processStub(PartwiseBuilder.java:2483)
	at org.audiveris.omr.score.PartwiseBuilder.processPartList(PartwiseBuilder.java:2017)
	at org.audiveris.omr.score.PartwiseBuilder.processScore(PartwiseBuilder.java:2195)
	at org.audiveris.omr.score.PartwiseBuilder.build(PartwiseBuilder.java:307)
	at org.audiveris.omr.score.ScoreExporter.export(ScoreExporter.java:117)
	at org.audiveris.omr.score.ScoreExporter.export(ScoreExporter.java:91)
	at org.audiveris.omr.sheet.BasicBook.export(BasicBook.java:589)
	at org.audiveris.omr.CLI$ProcessingTask.processBook(CLI.java:785)
	at org.audiveris.omr.CLI$CliTask.call(CLI.java:344)
	at org.audiveris.omr.Main.runBatchTasks(Main.java:316)
	at org.audiveris.omr.Main.main(Main.java:155)
	at Audiveris.main(Audiveris.java:49)
2017-10-06 14:35:56,426 INFO [91386900]        ScoreExporter.java:93   | Score 91386900.mvt1 exported to /Users/stephenn/Documents/workspace/nlsomr/xml_out/91386487/91386900/91386900.mvt1.mxl
2017-10-06 14:35:56,468 INFO [91386900]        ScoreExporter.java:93   | Score 91386900.mvt2 exported to /Users/stephenn/Documents/workspace/nlsomr/xml_out/91386487/91386900/91386900.mvt2.mxl
2017-10-06 14:35:56,646 INFO [91386900]            BasicBook.java:1395 | Stored /book.xml
2017-10-06 14:35:56,646 INFO [91386900]            BasicBook.java:1355 | Book stored as /Users/stephenn/Documents/workspace/nlsomr/xml_out/91386487/91386900/91386900.omr
