2017-10-06 15:33:08,117 INFO [91387692]            BasicBook.java:427  | 1 sheet in /Users/stephenn/Documents/workspace/nlsomr/working/91387692.jpg
2017-10-06 15:33:08,261 INFO []            BasicBook.java:1395 | Stored /book.xml
2017-10-06 15:33:08,262 INFO []            BasicBook.java:1355 | Book stored as /Users/stephenn/Documents/workspace/nlsomr/xml_out/91386487/91387692/91387692.omr
2017-10-06 15:33:08,267 INFO []            BasicBook.java:996  | Book reaching PAGE on sheets:[#1]
2017-10-06 15:33:08,269 INFO [91387692]       StepMonitoring.java:96   | LOAD
2017-10-06 15:33:08,452 INFO [91387692]            BasicBook.java:911  | Loaded image 1 2000x3056 from /Users/stephenn/Documents/workspace/nlsomr/working/91387692.jpg
2017-10-06 15:33:08,455 INFO [91387692]            ImageUtil.java:82   | Converting max RGB to gray ...
2017-10-06 15:33:08,733 INFO [91387692]            BasicBook.java:1395 | Stored /book.xml
2017-10-06 15:33:09,051 INFO [91387692]           BasicSheet.java:979  | Stored /sheet#1/sheet#1.xml
2017-10-06 15:33:09,054 INFO [91387692]       StepMonitoring.java:96   | BINARY
2017-10-06 15:33:09,665 INFO [91387692]            BasicBook.java:1395 | Stored /book.xml
2017-10-06 15:33:09,981 INFO [91387692]              Picture.java:786  | Stored /sheet#1/BINARY.xml
2017-10-06 15:33:09,983 INFO [91387692]           BasicSheet.java:979  | Stored /sheet#1/sheet#1.xml
2017-10-06 15:33:09,985 INFO [91387692]       StepMonitoring.java:96   | SCALE
2017-10-06 15:33:10,027 INFO [91387692]            ScaleStep.java:87   | Scale{line(3,4,6) interline(16,16,17) beam(13)}
2017-10-06 15:33:10,029 INFO [91387692]            BasicBook.java:1395 | Stored /book.xml
2017-10-06 15:33:10,031 INFO [91387692]           BasicSheet.java:979  | Stored /sheet#1/sheet#1.xml
2017-10-06 15:33:10,033 INFO [91387692]       StepMonitoring.java:96   | GRID
2017-10-06 15:33:11,004 INFO [91387692]       LinesRetriever.java:442  | Global slope: -0.00138
2017-10-06 15:33:11,093 INFO [91387692]    ClustersRetriever.java:241  | Retrieved line clusters: 12 of size: 5 with interline: (16,16,17)
2017-10-06 15:33:11,758 INFO [91387692]            PeakGraph.java:181  | Systems: #1[1, 2] #2[3, 4] #3[5, 6] #4[7, 8] #5[9, 10] #6[11, 12]
2017-10-06 15:33:12,757 INFO [91387692]        SystemManager.java:626  | Indentation detected for system#3
2017-10-06 15:33:12,758 INFO [91387692]        SystemManager.java:671  | 2 pages found in sheet
2017-10-06 15:33:12,758 INFO [91387692]        SystemManager.java:709  | Page #1: 1 part along 2 systems
2017-10-06 15:33:12,759 INFO [91387692]        SystemManager.java:709  | Page #2: 1 part along 4 systems
2017-10-06 15:33:12,763 INFO [91387692]            BasicBook.java:1395 | Stored /book.xml
2017-10-06 15:33:12,987 INFO [91387692]           BasicSheet.java:979  | Stored /sheet#1/sheet#1.xml
2017-10-06 15:33:12,990 INFO [91387692]       StepMonitoring.java:96   | HEADERS
2017-10-06 15:33:13,377 INFO []          Nd4jBackend.java:194  | Loaded [CpuBackend] backend
2017-10-06 15:33:13,438 INFO []      NativeOpsHolder.java:49   | Number of threads used for NativeOps: 2
2017-10-06 15:33:13,875 INFO [] DefaultOpExecutioner.java:544  | Backend used: [CPU]; OS: [Mac OS X]
2017-10-06 15:33:13,875 INFO [] DefaultOpExecutioner.java:545  | Cores: [4]; Memory: [3.6GB];
2017-10-06 15:33:13,876 INFO [] DefaultOpExecutioner.java:546  | Blas vendor: [OPENBLAS]
2017-10-06 15:33:13,921 INFO []   AbstractClassifier.java:332  | Classifier data loaded from default uri jar:file:/Users/stephenn/Documents/workspace/audiveris/build/distributions/Audiveris/lib/audiveris.jar!/res/basic-classifier.zip
2017-10-06 15:33:15,319 WARN [91387692]          ClefBuilder.java:560  | Staff#2 no header clef.
2017-10-06 15:33:16,459 WARN [91387692]          ClefBuilder.java:560  | Staff#10 no header clef.
2017-10-06 15:33:16,720 INFO [91387692]            BasicBook.java:1395 | Stored /book.xml
2017-10-06 15:33:17,083 INFO [91387692]           BasicSheet.java:979  | Stored /sheet#1/sheet#1.xml
2017-10-06 15:33:17,085 INFO [91387692]       StepMonitoring.java:96   | STEM_SEEDS
2017-10-06 15:33:17,172 INFO []   AbstractClassifier.java:332  | Classifier data loaded from default uri jar:file:/Users/stephenn/Documents/workspace/audiveris/build/distributions/Audiveris/lib/audiveris.jar!/res/deep-classifier.zip
2017-10-06 15:33:17,199 INFO [91387692]        StemSeedsStep.java:91   | stem(4 max:5)
2017-10-06 15:33:17,325 INFO [91387692]            BasicBook.java:1395 | Stored /book.xml
2017-10-06 15:33:17,624 INFO [91387692]           BasicSheet.java:979  | Stored /sheet#1/sheet#1.xml
2017-10-06 15:33:17,626 INFO [91387692]       StepMonitoring.java:96   | BEAMS
2017-10-06 15:33:22,970 INFO [91387692]            BeamsStep.java:89   | BeamDistance{count:3 mean:15.13 stdDev:0.17}
2017-10-06 15:33:22,974 INFO [91387692]            BasicBook.java:1395 | Stored /book.xml
2017-10-06 15:33:23,033 INFO [91387692]              Picture.java:786  | Stored /sheet#1/HEAD_SPOTS.xml
2017-10-06 15:33:23,421 INFO [91387692]           BasicSheet.java:979  | Stored /sheet#1/sheet#1.xml
2017-10-06 15:33:23,423 INFO [91387692]       StepMonitoring.java:96   | LEDGERS
2017-10-06 15:33:24,039 INFO [91387692]            BasicBook.java:1395 | Stored /book.xml
2017-10-06 15:33:24,479 INFO [91387692]           BasicSheet.java:979  | Stored /sheet#1/sheet#1.xml
2017-10-06 15:33:24,482 INFO [91387692]       StepMonitoring.java:96   | HEADS
2017-10-06 15:33:27,291 INFO [91387692]            BasicBook.java:1395 | Stored /book.xml
2017-10-06 15:33:28,289 INFO [91387692]           BasicSheet.java:979  | Stored /sheet#1/sheet#1.xml
2017-10-06 15:33:28,291 INFO [91387692]       StepMonitoring.java:96   | STEMS
2017-10-06 15:33:30,942 INFO [91387692]            BasicBook.java:1395 | Stored /book.xml
2017-10-06 15:33:32,170 INFO [91387692]           BasicSheet.java:979  | Stored /sheet#1/sheet#1.xml
2017-10-06 15:33:32,173 INFO [91387692]       StepMonitoring.java:96   | REDUCTION
2017-10-06 15:33:32,626 INFO [91387692]            BasicBook.java:1395 | Stored /book.xml
2017-10-06 15:33:33,475 INFO [91387692]           BasicSheet.java:979  | Stored /sheet#1/sheet#1.xml
2017-10-06 15:33:33,478 INFO [91387692]       StepMonitoring.java:96   | CUE_BEAMS
2017-10-06 15:33:33,481 INFO [91387692]            BasicBook.java:1395 | Stored /book.xml
2017-10-06 15:33:34,248 INFO [91387692]           BasicSheet.java:979  | Stored /sheet#1/sheet#1.xml
2017-10-06 15:33:34,250 INFO [91387692]       StepMonitoring.java:96   | TEXTS
2017-10-06 15:33:35,722 INFO [91387692]            BasicBook.java:1395 | Stored /book.xml
2017-10-06 15:33:36,491 INFO [91387692]           BasicSheet.java:979  | Stored /sheet#1/sheet#1.xml
2017-10-06 15:33:36,493 INFO [91387692]       StepMonitoring.java:96   | MEASURES
2017-10-06 15:33:36,498 INFO [91387692]                 Page.java:210  | 8 raw measures: [4 in system#1, 4 in system#2]
2017-10-06 15:33:36,499 INFO [91387692]                 Page.java:210  | 17 raw measures: [5 in system#3, 4 in system#4, 4 in system#5, 4 in system#6]
2017-10-06 15:33:36,500 INFO [91387692]            BasicBook.java:1395 | Stored /book.xml
2017-10-06 15:33:37,275 INFO [91387692]           BasicSheet.java:979  | Stored /sheet#1/sheet#1.xml
2017-10-06 15:33:37,277 INFO [91387692]       StepMonitoring.java:96   | CHORDS
2017-10-06 15:33:37,292 INFO [91387692]            BasicBook.java:1395 | Stored /book.xml
2017-10-06 15:33:38,151 INFO [91387692]           BasicSheet.java:979  | Stored /sheet#1/sheet#1.xml
2017-10-06 15:33:38,153 INFO [91387692]       StepMonitoring.java:96   | CURVES
2017-10-06 15:33:39,723 INFO [91387692]         SlursBuilder.java:762  | LEFT collision SlurInter{#5867(0.653)} & SlurInter{#6104(0.385)} @ HeadInter{#3369(0.652/0.807) e#5666 s:5 p:2.00 NOTEHEAD_BLACK}
2017-10-06 15:33:39,724 INFO [91387692]         SlursBuilder.java:762  | LEFT collision SlurInter{#5867(0.653)} & SlurInter{#6109(0.440)} @ HeadInter{#3369(0.652/0.807) e#5666 s:5 p:2.00 NOTEHEAD_BLACK}
2017-10-06 15:33:39,724 INFO [91387692]         SlursBuilder.java:762  | LEFT collision SlurInter{#6104(0.385)} & SlurInter{#5867(0.653)} @ HeadInter{#3369(0.652/0.807) e#5666 s:5 p:2.00 NOTEHEAD_BLACK}
2017-10-06 15:33:39,726 INFO [91387692]         SlursBuilder.java:762  | LEFT collision SlurInter{#6104(0.385)} & SlurInter{#6109(0.440)} @ HeadInter{#3369(0.652/0.807) e#5666 s:5 p:2.00 NOTEHEAD_BLACK}
2017-10-06 15:33:39,727 INFO [91387692]         SlursBuilder.java:762  | RIGHT collision SlurInter{#6104(0.385)} & SlurInter{#6109(0.440)} @ HeadInter{#3383(0.608/0.768) e#5667 s:5 p:4.00 NOTEHEAD_BLACK}
2017-10-06 15:33:39,728 INFO [91387692]         SlursBuilder.java:762  | LEFT collision SlurInter{#6109(0.440)} & SlurInter{#5867(0.653)} @ HeadInter{#3369(0.652/0.807) e#5666 s:5 p:2.00 NOTEHEAD_BLACK}
2017-10-06 15:33:39,730 INFO [91387692]         SlursBuilder.java:762  | LEFT collision SlurInter{#6109(0.440)} & SlurInter{#6104(0.385)} @ HeadInter{#3369(0.652/0.807) e#5666 s:5 p:2.00 NOTEHEAD_BLACK}
2017-10-06 15:33:39,730 INFO [91387692]         SlursBuilder.java:762  | RIGHT collision SlurInter{#6109(0.440)} & SlurInter{#6104(0.385)} @ HeadInter{#3383(0.608/0.768) e#5667 s:5 p:4.00 NOTEHEAD_BLACK}
2017-10-06 15:33:39,732 INFO [91387692]         SlursBuilder.java:157  | Slurs: 45
2017-10-06 15:33:39,755 INFO [91387692]      SegmentsBuilder.java:113  | Segments: 14
2017-10-06 15:33:39,763 INFO [91387692]            BasicBook.java:1395 | Stored /book.xml
2017-10-06 15:33:41,332 INFO [91387692]           BasicSheet.java:979  | Stored /sheet#1/sheet#1.xml
2017-10-06 15:33:41,334 INFO [91387692]       StepMonitoring.java:96   | SYMBOLS
2017-10-06 15:33:44,357 INFO [91387692]            BasicBook.java:1395 | Stored /book.xml
2017-10-06 15:33:46,059 INFO [91387692]           BasicSheet.java:979  | Stored /sheet#1/sheet#1.xml
2017-10-06 15:33:46,061 INFO [91387692]       StepMonitoring.java:96   | LINKS
2017-10-06 15:33:46,085 INFO [91387692]        SymbolsLinker.java:306  | No measure stack for direction SentenceInter{#5558(0.693) s:5 S-34 Direction} 120.
2017-10-06 15:33:46,129 INFO [91387692]            BasicBook.java:1395 | Stored /book.xml
2017-10-06 15:33:47,827 INFO [91387692]           BasicSheet.java:979  | Stored /sheet#1/sheet#1.xml
2017-10-06 15:33:47,830 INFO [91387692]       StepMonitoring.java:96   | RHYTHMS
2017-10-06 15:33:47,847 INFO [91387692]         SlotsBuilder.java:434  | Stack#4 endless loop detected
2017-10-06 15:33:47,855 INFO [91387692]           PageRhythm.java:314  | Range{1-8} Durations avgGuess:1 topGuess:1 avgValue:0.89 stacks:8 voices:23 Histogram{3/8-5/4 size:5 [3/8=1 1/2=5 3/4=1 1=15 5/4=1]}
2017-10-06 15:33:47,856 INFO [91387692]           PageRhythm.java:221  | S1 Range{1-8 dur:1} should update to 1-based time sig?
2017-10-06 15:33:47,863 INFO [91387692]         SlotsBuilder.java:434  | Stack#4 endless loop detected
2017-10-06 15:33:47,867 INFO [91387692]                Voice.java:257  | S2 MeasureStack#6 Voice #1 too long 1/4
2017-10-06 15:33:47,868 INFO [91387692]           StackTuner.java:92   | S2 MeasureStack#6 no correct rhythm
2017-10-06 15:33:47,869 INFO [91387692]         SlotsBuilder.java:427  | S2 MeasureStack#7 Slot{#4 xOffset=159 timeOffset=1/2 incomings=[#5646#5648] SUSPICIOUS}
2017-10-06 15:33:47,870 INFO [91387692]         SlotsBuilder.java:427  | S2 MeasureStack#7 Slot{#7 xOffset=266 timeOffset=1 incomings=[#5649#5650] SUSPICIOUS}
2017-10-06 15:33:47,871 INFO [91387692]                Voice.java:257  | S2 MeasureStack#7 Voice #1 too long 1/2
2017-10-06 15:33:47,871 INFO [91387692]                Voice.java:257  | S2 MeasureStack#7 Voice #3 too long 1/2
2017-10-06 15:33:47,871 INFO [91387692]                Voice.java:257  | S2 MeasureStack#7 Voice #4 too long 1/4
2017-10-06 15:33:47,871 INFO [91387692]           StackTuner.java:92   | S2 MeasureStack#7 no correct rhythm
2017-10-06 15:33:47,892 INFO [91387692]           PageRhythm.java:314  | Range{1-17 ts:3/4} Durations avgGuess:3/4 topGuess:3/4 avgValue:0.70 stacks:17 voices:57 Histogram{1/4-9/8 size:9 [1/4=1 3/8=1 1/2=19 11/16=2 3/4=24 13/16=1 7/8=5 1=2 9/8=2]}
2017-10-06 15:33:47,894 INFO [91387692]                Voice.java:257  | S3 MeasureStack#2 Voice #1 too long 1/16
2017-10-06 15:33:47,895 INFO [91387692]                Voice.java:257  | S3 MeasureStack#2 Voice #2 too long 1/8
2017-10-06 15:33:47,895 INFO [91387692]           StackTuner.java:92   | S3 MeasureStack#2 no correct rhythm
2017-10-06 15:33:47,897 INFO [91387692]                Voice.java:257  | S3 MeasureStack#3 Voice #1 too long 3/8
2017-10-06 15:33:47,897 INFO [91387692]                Voice.java:257  | S3 MeasureStack#3 Voice #2 too long 1/4
2017-10-06 15:33:47,897 INFO [91387692]                Voice.java:257  | S3 MeasureStack#3 Voice #3 too long 1/4
2017-10-06 15:33:47,898 INFO [91387692]           StackTuner.java:92   | S3 MeasureStack#3 no correct rhythm
2017-10-06 15:33:47,899 INFO [91387692]         SlotsBuilder.java:427  | S3 MeasureStack#4 Slot{#5 xOffset=165 timeOffset=1/2 incomings=[#5695] SUSPICIOUS}
2017-10-06 15:33:47,899 INFO [91387692]                Voice.java:257  | S3 MeasureStack#4 Voice #2 too long 1/4
2017-10-06 15:33:47,900 INFO [91387692]                Voice.java:257  | S3 MeasureStack#4 Voice #3 too long 1/4
2017-10-06 15:33:47,900 INFO [91387692]           StackTuner.java:92   | S3 MeasureStack#4 no correct rhythm
2017-10-06 15:33:47,901 INFO [91387692]                Voice.java:257  | S3 MeasureStack#5 Voice #1 too long 1/8
2017-10-06 15:33:47,901 INFO [91387692]           StackTuner.java:92   | S3 MeasureStack#5 no correct rhythm
2017-10-06 15:33:47,903 INFO [91387692]         SlotsBuilder.java:427  | S4 MeasureStack#6 Slot{#5 xOffset=394 timeOffset=11/16 incomings=[#5726] SUSPICIOUS}
2017-10-06 15:33:47,903 INFO [91387692]                Voice.java:257  | S4 MeasureStack#6 Voice #3 too long 1/16
2017-10-06 15:33:47,904 INFO [91387692]           StackTuner.java:92   | S4 MeasureStack#6 no correct rhythm
2017-10-06 15:33:47,909 INFO [91387692]         SlotsBuilder.java:427  | S4 MeasureStack#7 Slot{#5 xOffset=310 timeOffset=11/16 incomings=[#5730] SUSPICIOUS}
2017-10-06 15:33:47,914 INFO [91387692]                Voice.java:257  | S4 MeasureStack#7 Voice #3 too long 1/16
2017-10-06 15:33:47,914 INFO [91387692]           StackTuner.java:92   | S4 MeasureStack#7 no correct rhythm
2017-10-06 15:33:47,917 INFO [91387692]                Voice.java:257  | S4 MeasureStack#9 Voice #1 too long 3/8
2017-10-06 15:33:47,918 INFO [91387692]           StackTuner.java:92   | S4 MeasureStack#9 no correct rhythm
2017-10-06 15:33:47,921 INFO [91387692]                Voice.java:257  | S5 MeasureStack#12 Voice #1 too long 1/8
2017-10-06 15:33:47,922 INFO [91387692]           StackTuner.java:92   | S5 MeasureStack#12 no correct rhythm
2017-10-06 15:33:47,923 INFO [91387692]                Voice.java:257  | S5 MeasureStack#13 Voice #1 too long 1/8
2017-10-06 15:33:47,923 INFO [91387692]           StackTuner.java:92   | S5 MeasureStack#13 no correct rhythm
2017-10-06 15:33:47,925 INFO [91387692]                Voice.java:257  | S6 MeasureStack#15 Voice #1 too long 1/8
2017-10-06 15:33:47,926 INFO [91387692]           StackTuner.java:92   | S6 MeasureStack#15 no correct rhythm
2017-10-06 15:33:47,927 INFO [91387692]         SlotsBuilder.java:427  | S6 MeasureStack#16 Slot{#5 xOffset=260 timeOffset=1/2 incomings=[#5813] SUSPICIOUS}
2017-10-06 15:33:47,927 INFO [91387692]                Voice.java:257  | S6 MeasureStack#16 Voice #2 too long 1/4
2017-10-06 15:33:47,928 INFO [91387692]                Voice.java:257  | S6 MeasureStack#16 Voice #3 too long 1/4
2017-10-06 15:33:47,928 INFO [91387692]           StackTuner.java:92   | S6 MeasureStack#16 no correct rhythm
2017-10-06 15:33:47,931 INFO [91387692]            BasicBook.java:1395 | Stored /book.xml
2017-10-06 15:33:49,683 INFO [91387692]           BasicSheet.java:979  | Stored /sheet#1/sheet#1.xml
2017-10-06 15:33:49,685 INFO [91387692]       StepMonitoring.java:96   | PAGE
2017-10-06 15:33:49,689 INFO [91387692]                Voice.java:257  | S2 MeasureStack#6 Voice #1 too long 1/4
2017-10-06 15:33:49,690 INFO [91387692]                Voice.java:257  | S2 MeasureStack#7 Voice #1 too long 1/2
2017-10-06 15:33:49,690 INFO [91387692]                Voice.java:257  | S2 MeasureStack#7 Voice #3 too long 1/2
2017-10-06 15:33:49,690 INFO [91387692]                Voice.java:257  | S2 MeasureStack#7 Voice #4 too long 1/4
2017-10-06 15:33:49,691 INFO [91387692]                Voice.java:257  | S3 MeasureStack#2 Voice #1 too long 1/16
2017-10-06 15:33:49,691 INFO [91387692]                Voice.java:257  | S3 MeasureStack#2 Voice #2 too long 1/8
2017-10-06 15:33:49,691 INFO [91387692]                Voice.java:257  | S3 MeasureStack#3 Voice #1 too long 3/8
2017-10-06 15:33:49,691 INFO [91387692]                Voice.java:257  | S3 MeasureStack#3 Voice #2 too long 1/4
2017-10-06 15:33:49,691 INFO [91387692]                Voice.java:257  | S3 MeasureStack#3 Voice #3 too long 1/4
2017-10-06 15:33:49,692 INFO [91387692]                Voice.java:257  | S3 MeasureStack#4 Voice #2 too long 1/4
2017-10-06 15:33:49,692 INFO [91387692]                Voice.java:257  | S3 MeasureStack#4 Voice #3 too long 1/4
2017-10-06 15:33:49,692 INFO [91387692]                Voice.java:257  | S3 MeasureStack#5 Voice #1 too long 1/8
2017-10-06 15:33:49,692 INFO [91387692]                Voice.java:257  | S4 MeasureStack#6 Voice #3 too long 1/16
2017-10-06 15:33:49,692 INFO [91387692]                Voice.java:257  | S4 MeasureStack#7 Voice #3 too long 1/16
2017-10-06 15:33:49,693 INFO [91387692]                Voice.java:257  | S4 MeasureStack#9 Voice #1 too long 3/8
2017-10-06 15:33:49,693 INFO [91387692]                Voice.java:257  | S5 MeasureStack#12 Voice #1 too long 1/8
2017-10-06 15:33:49,693 INFO [91387692]                Voice.java:257  | S5 MeasureStack#13 Voice #1 too long 1/8
2017-10-06 15:33:49,693 INFO [91387692]                Voice.java:257  | S6 MeasureStack#15 Voice #1 too long 1/8
2017-10-06 15:33:49,694 INFO [91387692]                Voice.java:257  | S6 MeasureStack#16 Voice #2 too long 1/4
2017-10-06 15:33:49,694 INFO [91387692]                Voice.java:257  | S6 MeasureStack#16 Voice #3 too long 1/4
2017-10-06 15:33:49,696 INFO [91387692]            BasicBook.java:1395 | Stored /book.xml
2017-10-06 15:33:51,410 INFO [91387692]           BasicSheet.java:979  | Stored /sheet#1/sheet#1.xml
2017-10-06 15:33:51,413 INFO [91387692]            BasicStub.java:723  | Sheet{91387692} disposed
2017-10-06 15:33:52,513 INFO [91387692]            BasicStub.java:449  | Loaded /sheet#1/sheet#1.xml
2017-10-06 15:33:52,515 INFO [91387692]            BasicBook.java:1133 | Scores built: 2
2017-10-06 15:33:53,803 INFO [91387692]        ScoreExporter.java:93   | Score 91387692.mvt1 exported to /Users/stephenn/Documents/workspace/nlsomr/xml_out/91386487/91387692/91387692.mvt1.mxl
2017-10-06 15:33:53,820 WARN [91387692]      PartwiseBuilder.java:1379 | Error visiting null
java.lang.NullPointerException: null
	at org.audiveris.omr.score.PartwiseBuilder.processKey(PartwiseBuilder.java:1344)
	at org.audiveris.omr.score.PartwiseBuilder.processKeys(PartwiseBuilder.java:1407)
	at org.audiveris.omr.score.PartwiseBuilder.processMeasure(PartwiseBuilder.java:1575)
	at org.audiveris.omr.score.PartwiseBuilder.processPart(PartwiseBuilder.java:1988)
	at org.audiveris.omr.score.PartwiseBuilder.processSystem(PartwiseBuilder.java:2528)
	at org.audiveris.omr.score.PartwiseBuilder.processLogicalPart(PartwiseBuilder.java:1433)
	at org.audiveris.omr.score.PartwiseBuilder.processStub(PartwiseBuilder.java:2483)
	at org.audiveris.omr.score.PartwiseBuilder.processPartList(PartwiseBuilder.java:2017)
	at org.audiveris.omr.score.PartwiseBuilder.processScore(PartwiseBuilder.java:2195)
	at org.audiveris.omr.score.PartwiseBuilder.build(PartwiseBuilder.java:307)
	at org.audiveris.omr.score.ScoreExporter.export(ScoreExporter.java:117)
	at org.audiveris.omr.score.ScoreExporter.export(ScoreExporter.java:91)
	at org.audiveris.omr.sheet.BasicBook.export(BasicBook.java:589)
	at org.audiveris.omr.CLI$ProcessingTask.processBook(CLI.java:785)
	at org.audiveris.omr.CLI$CliTask.call(CLI.java:344)
	at org.audiveris.omr.Main.runBatchTasks(Main.java:316)
	at org.audiveris.omr.Main.main(Main.java:155)
	at Audiveris.main(Audiveris.java:49)
2017-10-06 15:33:53,849 INFO [91387692]        ScoreExporter.java:93   | Score 91387692.mvt2 exported to /Users/stephenn/Documents/workspace/nlsomr/xml_out/91386487/91387692/91387692.mvt2.mxl
2017-10-06 15:33:54,047 INFO [91387692]            BasicBook.java:1395 | Stored /book.xml
2017-10-06 15:33:54,048 INFO [91387692]            BasicBook.java:1355 | Book stored as /Users/stephenn/Documents/workspace/nlsomr/xml_out/91386487/91387692/91387692.omr
