2017-10-06 15:37:25,097 INFO [91387752]            BasicBook.java:427  | 1 sheet in /Users/stephenn/Documents/workspace/nlsomr/working/91387752.jpg
2017-10-06 15:37:25,292 INFO []            BasicBook.java:1395 | Stored /book.xml
2017-10-06 15:37:25,292 INFO []            BasicBook.java:1355 | Book stored as /Users/stephenn/Documents/workspace/nlsomr/xml_out/91386487/91387752/91387752.omr
2017-10-06 15:37:25,298 INFO []            BasicBook.java:996  | Book reaching PAGE on sheets:[#1]
2017-10-06 15:37:25,300 INFO [91387752]       StepMonitoring.java:96   | LOAD
2017-10-06 15:37:25,454 INFO [91387752]            BasicBook.java:911  | Loaded image 1 2000x3056 from /Users/stephenn/Documents/workspace/nlsomr/working/91387752.jpg
2017-10-06 15:37:25,458 INFO [91387752]            ImageUtil.java:82   | Converting max RGB to gray ...
2017-10-06 15:37:25,707 INFO [91387752]            BasicBook.java:1395 | Stored /book.xml
2017-10-06 15:37:26,053 INFO [91387752]           BasicSheet.java:979  | Stored /sheet#1/sheet#1.xml
2017-10-06 15:37:26,055 INFO [91387752]       StepMonitoring.java:96   | BINARY
2017-10-06 15:37:26,665 INFO [91387752]            BasicBook.java:1395 | Stored /book.xml
2017-10-06 15:37:27,039 INFO [91387752]              Picture.java:786  | Stored /sheet#1/BINARY.xml
2017-10-06 15:37:27,040 INFO [91387752]           BasicSheet.java:979  | Stored /sheet#1/sheet#1.xml
2017-10-06 15:37:27,042 INFO [91387752]       StepMonitoring.java:96   | SCALE
2017-10-06 15:37:27,078 INFO [91387752]         ScaleBuilder.java:229  | No beam key found, guessed value 10
2017-10-06 15:37:27,079 INFO [91387752]            ScaleStep.java:87   | Scale{line(4,5,6) interline(16,17,17) beam(10 extra)}
2017-10-06 15:37:27,080 INFO [91387752]            BasicBook.java:1395 | Stored /book.xml
2017-10-06 15:37:27,084 INFO [91387752]           BasicSheet.java:979  | Stored /sheet#1/sheet#1.xml
2017-10-06 15:37:27,087 INFO [91387752]       StepMonitoring.java:96   | GRID
2017-10-06 15:37:28,059 INFO [91387752]       LinesRetriever.java:442  | Global slope: 0.00152
2017-10-06 15:37:28,159 INFO [91387752]    ClustersRetriever.java:241  | Retrieved line clusters: 10 of size: 5 with interline: (16,17,17)
2017-10-06 15:37:28,824 INFO [91387752]            PeakGraph.java:181  | Systems: #1[1, 2] #2[3, 4] #3[5, 6] #4[7, 8] #5[9, 10]
2017-10-06 15:37:29,850 INFO [91387752]        SystemManager.java:626  | Indentation detected for system#1
2017-10-06 15:37:29,850 INFO [91387752]        SystemManager.java:626  | Indentation detected for system#5
2017-10-06 15:37:29,851 INFO [91387752]        SystemManager.java:671  | 2 pages found in sheet
2017-10-06 15:37:29,851 INFO [91387752]        SystemManager.java:709  | Page #1: 1 part along 4 systems
2017-10-06 15:37:29,851 INFO [91387752]        SystemManager.java:709  | Page #2: 1 part along 1 system
2017-10-06 15:37:29,855 INFO [91387752]            BasicBook.java:1395 | Stored /book.xml
2017-10-06 15:37:30,071 INFO [91387752]           BasicSheet.java:979  | Stored /sheet#1/sheet#1.xml
2017-10-06 15:37:30,074 INFO [91387752]       StepMonitoring.java:96   | HEADERS
2017-10-06 15:37:30,517 INFO [91387752]          Nd4jBackend.java:194  | Loaded [CpuBackend] backend
2017-10-06 15:37:30,583 INFO [91387752]      NativeOpsHolder.java:49   | Number of threads used for NativeOps: 2
2017-10-06 15:37:31,112 INFO [91387752] DefaultOpExecutioner.java:544  | Backend used: [CPU]; OS: [Mac OS X]
2017-10-06 15:37:31,112 INFO [91387752] DefaultOpExecutioner.java:545  | Cores: [4]; Memory: [3.6GB];
2017-10-06 15:37:31,113 INFO [91387752] DefaultOpExecutioner.java:546  | Blas vendor: [OPENBLAS]
2017-10-06 15:37:31,161 INFO [91387752]   AbstractClassifier.java:332  | Classifier data loaded from default uri jar:file:/Users/stephenn/Documents/workspace/audiveris/build/distributions/Audiveris/lib/audiveris.jar!/res/basic-classifier.zip
2017-10-06 15:37:32,994 WARN [91387752]          ClefBuilder.java:560  | Staff#2 no header clef.
2017-10-06 15:37:34,219 WARN [91387752]          ClefBuilder.java:560  | Staff#10 no header clef.
2017-10-06 15:37:34,376 INFO [91387752]            BasicBook.java:1395 | Stored /book.xml
2017-10-06 15:37:34,579 INFO []   AbstractClassifier.java:332  | Classifier data loaded from default uri jar:file:/Users/stephenn/Documents/workspace/audiveris/build/distributions/Audiveris/lib/audiveris.jar!/res/deep-classifier.zip
2017-10-06 15:37:34,724 INFO [91387752]           BasicSheet.java:979  | Stored /sheet#1/sheet#1.xml
2017-10-06 15:37:34,726 INFO [91387752]       StepMonitoring.java:96   | STEM_SEEDS
2017-10-06 15:37:34,836 INFO [91387752]        StemSeedsStep.java:91   | stem(4 max:5)
2017-10-06 15:37:34,968 INFO [91387752]            BasicBook.java:1395 | Stored /book.xml
2017-10-06 15:37:35,480 INFO [91387752]           BasicSheet.java:979  | Stored /sheet#1/sheet#1.xml
2017-10-06 15:37:35,482 INFO [91387752]       StepMonitoring.java:96   | BEAMS
2017-10-06 15:37:39,066 INFO [91387752]            BeamsStep.java:89   | BeamDistance{count:26 mean:14.80 stdDev:3.11}
2017-10-06 15:37:39,071 INFO [91387752]            BasicBook.java:1395 | Stored /book.xml
2017-10-06 15:37:39,152 INFO [91387752]              Picture.java:786  | Stored /sheet#1/HEAD_SPOTS.xml
2017-10-06 15:37:39,630 INFO [91387752]           BasicSheet.java:979  | Stored /sheet#1/sheet#1.xml
2017-10-06 15:37:39,633 INFO [91387752]       StepMonitoring.java:96   | LEDGERS
2017-10-06 15:37:40,888 INFO [91387752]            BasicBook.java:1395 | Stored /book.xml
2017-10-06 15:37:41,221 INFO [91387752]           BasicSheet.java:979  | Stored /sheet#1/sheet#1.xml
2017-10-06 15:37:41,224 INFO [91387752]       StepMonitoring.java:96   | HEADS
2017-10-06 15:37:43,982 INFO [91387752]            BasicBook.java:1395 | Stored /book.xml
2017-10-06 15:37:45,022 INFO [91387752]           BasicSheet.java:979  | Stored /sheet#1/sheet#1.xml
2017-10-06 15:37:45,024 INFO [91387752]       StepMonitoring.java:96   | STEMS
2017-10-06 15:37:47,591 INFO [91387752]            BasicBook.java:1395 | Stored /book.xml
2017-10-06 15:37:49,074 INFO [91387752]           BasicSheet.java:979  | Stored /sheet#1/sheet#1.xml
2017-10-06 15:37:49,077 INFO [91387752]       StepMonitoring.java:96   | REDUCTION
2017-10-06 15:37:49,883 INFO [91387752]            BasicBook.java:1395 | Stored /book.xml
2017-10-06 15:37:50,875 INFO [91387752]           BasicSheet.java:979  | Stored /sheet#1/sheet#1.xml
2017-10-06 15:37:50,877 INFO [91387752]       StepMonitoring.java:96   | CUE_BEAMS
2017-10-06 15:37:50,892 INFO [91387752]            BasicBook.java:1395 | Stored /book.xml
2017-10-06 15:37:51,821 INFO [91387752]           BasicSheet.java:979  | Stored /sheet#1/sheet#1.xml
2017-10-06 15:37:51,823 INFO [91387752]       StepMonitoring.java:96   | TEXTS
2017-10-06 15:37:54,299 INFO [91387752]            BasicBook.java:1395 | Stored /book.xml
2017-10-06 15:37:55,356 INFO [91387752]           BasicSheet.java:979  | Stored /sheet#1/sheet#1.xml
2017-10-06 15:37:55,359 INFO [91387752]       StepMonitoring.java:96   | MEASURES
2017-10-06 15:37:55,363 INFO [91387752]                 Page.java:210  | 16 raw measures: [4 in system#1, 4 in system#2, 4 in system#3, 4 in system#4]
2017-10-06 15:37:55,364 INFO [91387752]                 Page.java:210  | 4 raw measures: [4 in system#5]
2017-10-06 15:37:55,365 INFO [91387752]            BasicBook.java:1395 | Stored /book.xml
2017-10-06 15:37:56,337 INFO [91387752]           BasicSheet.java:979  | Stored /sheet#1/sheet#1.xml
2017-10-06 15:37:56,340 INFO [91387752]       StepMonitoring.java:96   | CHORDS
2017-10-06 15:37:56,360 INFO [91387752]            BasicBook.java:1395 | Stored /book.xml
2017-10-06 15:37:57,352 INFO [91387752]           BasicSheet.java:979  | Stored /sheet#1/sheet#1.xml
2017-10-06 15:37:57,354 INFO [91387752]       StepMonitoring.java:96   | CURVES
2017-10-06 15:37:59,274 INFO [91387752]         SlursBuilder.java:762  | RIGHT collision SlurInter{#7938(0.652)} & SlurInter{#8051(0.363)} @ HeadInter{#3047(0.697/0.829) e#7662 s:2 p:-1.00 NOTEHEAD_BLACK}
2017-10-06 15:37:59,275 INFO [91387752]         SlursBuilder.java:762  | RIGHT collision SlurInter{#7972(0.678)} & SlurInter{#8012(0.390)} @ HeadInter{#3252(0.671/0.768) e#7654 s:2 p:-4.00 NOTEHEAD_BLACK}
2017-10-06 15:37:59,277 INFO [91387752]         SlursBuilder.java:762  | RIGHT collision SlurInter{#7995(0.673)} & SlurInter{#8049(0.179)} @ HeadInter{#3228(0.641/0.806) e#7639 s:2 p:-8.00 NOTEHEAD_BLACK}
2017-10-06 15:37:59,278 INFO [91387752]         SlursBuilder.java:762  | RIGHT collision SlurInter{#8012(0.390)} & SlurInter{#7972(0.678)} @ HeadInter{#3252(0.671/0.768) e#7654 s:2 p:-4.00 NOTEHEAD_BLACK}
2017-10-06 15:37:59,279 INFO [91387752]         SlursBuilder.java:762  | RIGHT collision SlurInter{#8049(0.179)} & SlurInter{#7995(0.673)} @ HeadInter{#3228(0.641/0.806) e#7639 s:2 p:-8.00 NOTEHEAD_BLACK}
2017-10-06 15:37:59,279 INFO [91387752]         SlursBuilder.java:762  | RIGHT collision SlurInter{#8051(0.363)} & SlurInter{#7938(0.652)} @ HeadInter{#3047(0.697/0.829) e#7662 s:2 p:-1.00 NOTEHEAD_BLACK}
2017-10-06 15:37:59,280 INFO [91387752]         SlursBuilder.java:762  | LEFT collision SlurInter{#8034(0.408)} & SlurInter{#8056(0.464)} @ HeadInter{#4905(0.677/0.822) e#7788 s:6 p:-7.00 NOTEHEAD_BLACK}
2017-10-06 15:37:59,281 INFO [91387752]         SlursBuilder.java:762  | LEFT collision SlurInter{#8056(0.464)} & SlurInter{#8034(0.408)} @ HeadInter{#4905(0.677/0.822) e#7788 s:6 p:-7.00 NOTEHEAD_BLACK}
2017-10-06 15:37:59,282 INFO [91387752]         SlursBuilder.java:762  | RIGHT collision SlurInter{#7966(0.686)} & SlurInter{#8023(0.145)} @ HeadInter{#5643(0.712/0.844) e#7829 s:8 p:-3.00 NOTEHEAD_BLACK}
2017-10-06 15:37:59,282 INFO [91387752]         SlursBuilder.java:762  | RIGHT collision SlurInter{#8023(0.145)} & SlurInter{#7966(0.686)} @ HeadInter{#5643(0.712/0.844) e#7829 s:8 p:-3.00 NOTEHEAD_BLACK}
2017-10-06 15:37:59,283 INFO [91387752]         SlursBuilder.java:762  | RIGHT collision SlurInter{#7936(0.601)} & SlurInter{#8094(0.256)} @ HeadInter{#6622(0.622/0.750) e#7865 s:9 p:6.00 NOTEHEAD_BLACK}
2017-10-06 15:37:59,284 INFO [91387752]         SlursBuilder.java:762  | RIGHT collision SlurInter{#7940(0.692)} & SlurInter{#8144(0.367)} @ HeadInter{#6072(0.708/0.873) e#7856 s:9 p:1.00 NOTEHEAD_BLACK}
2017-10-06 15:37:59,284 INFO [91387752]         SlursBuilder.java:762  | RIGHT collision SlurInter{#8094(0.256)} & SlurInter{#7936(0.601)} @ HeadInter{#6622(0.622/0.750) e#7865 s:9 p:6.00 NOTEHEAD_BLACK}
2017-10-06 15:37:59,285 INFO [91387752]         SlursBuilder.java:762  | RIGHT collision SlurInter{#8144(0.367)} & SlurInter{#7940(0.692)} @ HeadInter{#6072(0.708/0.873) e#7856 s:9 p:1.00 NOTEHEAD_BLACK}
2017-10-06 15:37:59,285 INFO [91387752]         SlursBuilder.java:762  | LEFT collision SlurInter{#8287(0.281)} & SlurInter{#8296(0.293)} @ HeadInter{#6527(0.655/0.834) e#7852 s:9 p:-2.00 NOTEHEAD_BLACK}
2017-10-06 15:37:59,285 INFO [91387752]         SlursBuilder.java:762  | RIGHT collision SlurInter{#8287(0.281)} & SlurInter{#8296(0.293)} @ HeadInter{#5989(0.648/0.825) e#7853 s:9 p:-1.00 NOTEHEAD_BLACK}
2017-10-06 15:37:59,287 INFO [91387752]         SlursBuilder.java:762  | LEFT collision SlurInter{#8296(0.293)} & SlurInter{#8287(0.281)} @ HeadInter{#6527(0.655/0.834) e#7852 s:9 p:-2.00 NOTEHEAD_BLACK}
2017-10-06 15:37:59,287 INFO [91387752]         SlursBuilder.java:762  | RIGHT collision SlurInter{#8296(0.293)} & SlurInter{#8287(0.281)} @ HeadInter{#5989(0.648/0.825) e#7853 s:9 p:-1.00 NOTEHEAD_BLACK}
2017-10-06 15:37:59,289 INFO [91387752]         SlursBuilder.java:157  | Slurs: 56
2017-10-06 15:37:59,399 INFO [91387752]      SegmentsBuilder.java:113  | Segments: 37
2017-10-06 15:37:59,411 INFO [91387752]            BasicBook.java:1395 | Stored /book.xml
2017-10-06 15:38:00,441 INFO [91387752]           BasicSheet.java:979  | Stored /sheet#1/sheet#1.xml
2017-10-06 15:38:00,444 INFO [91387752]       StepMonitoring.java:96   | SYMBOLS
2017-10-06 15:38:03,504 INFO [91387752]            BasicBook.java:1395 | Stored /book.xml
2017-10-06 15:38:04,758 INFO [91387752]           BasicSheet.java:979  | Stored /sheet#1/sheet#1.xml
2017-10-06 15:38:04,760 INFO [91387752]       StepMonitoring.java:96   | LINKS
2017-10-06 15:38:04,819 INFO [91387752]        SymbolsLinker.java:306  | No measure stack for direction SentenceInter{#7585(0.649) s:9 BS-35 Direction} 60.
2017-10-06 15:38:04,845 INFO [91387752]            BasicBook.java:1395 | Stored /book.xml
2017-10-06 15:38:06,055 INFO [91387752]           BasicSheet.java:979  | Stored /sheet#1/sheet#1.xml
2017-10-06 15:38:06,057 INFO [91387752]       StepMonitoring.java:96   | RHYTHMS
2017-10-06 15:38:06,076 INFO [91387752]         SlotsBuilder.java:434  | Stack#3 endless loop detected
2017-10-06 15:38:06,119 INFO [91387752]           PageRhythm.java:314  | Range{1-16 ts:6/8} Durations avgGuess:3/4 topGuess:1/4 avgValue:0.75 stacks:16 voices:59 Histogram{1/4-7/4 size:10 [1/4=16 5/16=1 3/8=4 1/2=10 9/16=2 5/8=6 3/4=5 7/8=3 9/8=9 7/4=3]}
2017-10-06 15:38:06,126 INFO [91387752]         SlotsBuilder.java:427  | S1 MeasureStack#1 Slot{#3 xOffset=316 timeOffset=1/4 incomings=[#7594] SUSPICIOUS}
2017-10-06 15:38:06,127 INFO [91387752]         SlotsBuilder.java:427  | S1 MeasureStack#1 Slot{#5 xOffset=354 timeOffset=1/2 incomings=[#7595#7596] SUSPICIOUS}
2017-10-06 15:38:06,128 INFO [91387752]                Voice.java:257  | S1 MeasureStack#1 Voice #1 too long 1/2
2017-10-06 15:38:06,129 INFO [91387752]                Voice.java:257  | S1 MeasureStack#1 Voice #2 too long 1/2
2017-10-06 15:38:06,129 INFO [91387752]                Voice.java:257  | S1 MeasureStack#1 Voice #3 too long 3/8
2017-10-06 15:38:06,129 INFO [91387752]                Voice.java:257  | S1 MeasureStack#1 Voice #4 too long 3/8
2017-10-06 15:38:06,129 INFO [91387752]           StackTuner.java:92   | S1 MeasureStack#1 no correct rhythm
2017-10-06 15:38:06,131 INFO [91387752]         SlotsBuilder.java:427  | S1 MeasureStack#2 Slot{#5 xOffset=156 timeOffset=5/8 incomings=[#7604#7605] SUSPICIOUS}
2017-10-06 15:38:06,132 INFO [91387752]                Voice.java:257  | S1 MeasureStack#2 Voice #1 too long 3/8
2017-10-06 15:38:06,132 INFO [91387752]                Voice.java:257  | S1 MeasureStack#2 Voice #2 too long 1/8
2017-10-06 15:38:06,133 INFO [91387752]                Voice.java:257  | S1 MeasureStack#2 Voice #3 too long 1/4
2017-10-06 15:38:06,133 INFO [91387752]                Voice.java:257  | S1 MeasureStack#2 Voice #4 too long 3/8
2017-10-06 15:38:06,133 INFO [91387752]           StackTuner.java:92   | S1 MeasureStack#2 no correct rhythm
2017-10-06 15:38:06,136 INFO [91387752]         SlotsBuilder.java:434  | Stack#3 endless loop detected
2017-10-06 15:38:06,139 INFO [91387752]                Voice.java:257  | S1 MeasureStack#4 Voice #1 too long 3/8
2017-10-06 15:38:06,139 INFO [91387752]                Voice.java:257  | S1 MeasureStack#4 Voice #4 too long 3/8
2017-10-06 15:38:06,140 INFO [91387752]           StackTuner.java:92   | S1 MeasureStack#4 no correct rhythm
2017-10-06 15:38:06,143 INFO [91387752]                Voice.java:257  | S2 MeasureStack#5 Voice #1 too long 1/8
2017-10-06 15:38:06,144 INFO [91387752]                Voice.java:257  | S2 MeasureStack#5 Voice #3 too long 1/8
2017-10-06 15:38:06,144 INFO [91387752]           StackTuner.java:92   | S2 MeasureStack#5 no correct rhythm
2017-10-06 15:38:06,146 INFO [91387752]         SlotsBuilder.java:427  | S2 MeasureStack#6 Slot{#5 xOffset=208 timeOffset=1/2 incomings=[#7676#7677] SUSPICIOUS}
2017-10-06 15:38:06,147 INFO [91387752]                Voice.java:257  | S2 MeasureStack#6 Voice #1 too long 1/4
2017-10-06 15:38:06,147 INFO [91387752]                Voice.java:257  | S2 MeasureStack#6 Voice #2 too long 1/4
2017-10-06 15:38:06,147 INFO [91387752]                Voice.java:257  | S2 MeasureStack#6 Voice #3 too long 1/8
2017-10-06 15:38:06,148 INFO [91387752]                Voice.java:257  | S2 MeasureStack#6 Voice #4 too long 1/4
2017-10-06 15:38:06,148 INFO [91387752]           StackTuner.java:92   | S2 MeasureStack#6 no correct rhythm
2017-10-06 15:38:06,150 INFO [91387752]         SlotsBuilder.java:427  | S2 MeasureStack#7 Slot{#3 xOffset=104 timeOffset=1/4 incomings=[#7716] SUSPICIOUS}
2017-10-06 15:38:06,151 INFO [91387752]         SlotsBuilder.java:427  | S2 MeasureStack#7 Slot{#5 xOffset=153 timeOffset=1/2 incomings=[#7717] SUSPICIOUS}
2017-10-06 15:38:06,152 INFO [91387752]                Voice.java:257  | S2 MeasureStack#7 Voice #1 too long 3/8
2017-10-06 15:38:06,152 INFO [91387752]                Voice.java:257  | S2 MeasureStack#7 Voice #2 too long 1/2
2017-10-06 15:38:06,152 INFO [91387752]                Voice.java:257  | S2 MeasureStack#7 Voice #3 too long 1/4
2017-10-06 15:38:06,153 INFO [91387752]                Voice.java:257  | S2 MeasureStack#7 Voice #4 too long 3/8
2017-10-06 15:38:06,153 INFO [91387752]           StackTuner.java:92   | S2 MeasureStack#7 no correct rhythm
2017-10-06 15:38:06,154 INFO [91387752]                Voice.java:257  | S2 MeasureStack#8 Voice #1 too long 3/8
2017-10-06 15:38:06,156 INFO [91387752]                Voice.java:257  | S2 MeasureStack#8 Voice #2 too long 3/8
2017-10-06 15:38:06,157 INFO [91387752]           StackTuner.java:92   | S2 MeasureStack#8 no correct rhythm
2017-10-06 15:38:06,162 INFO [91387752]         SlotsBuilder.java:427  | S3 MeasureStack#9 Slot{#5 xOffset=355 timeOffset=1/2 incomings=[#7729#7730] SUSPICIOUS}
2017-10-06 15:38:06,162 INFO [91387752]         SlotsBuilder.java:434  | Stack#9 endless loop detected
2017-10-06 15:38:06,165 INFO [91387752]         SlotsBuilder.java:427  | S3 MeasureStack#10 Slot{#4 xOffset=135 timeOffset=1/4 incomings=[#7737] SUSPICIOUS}
2017-10-06 15:38:06,165 INFO [91387752]         SlotsBuilder.java:427  | S3 MeasureStack#10 Slot{#6 xOffset=179 timeOffset=3/8 incomings=[#7738#7739] SUSPICIOUS}
2017-10-06 15:38:06,166 INFO [91387752]         SlotsBuilder.java:427  | S3 MeasureStack#10 Slot{#8 xOffset=262 timeOffset=5/8 incomings=[#7740#7741] SUSPICIOUS}
2017-10-06 15:38:06,167 INFO [91387752]                Voice.java:257  | S3 MeasureStack#10 Voice #1 too long 1/8
2017-10-06 15:38:06,167 INFO [91387752]                Voice.java:257  | S3 MeasureStack#10 Voice #2 too long 1/8
2017-10-06 15:38:06,167 INFO [91387752]                Voice.java:257  | S3 MeasureStack#10 Voice #3 too long 1/16
2017-10-06 15:38:06,167 INFO [91387752]                Voice.java:257  | S3 MeasureStack#10 Voice #4 too long 1/16
2017-10-06 15:38:06,168 INFO [91387752]           StackTuner.java:92   | S3 MeasureStack#10 no correct rhythm
2017-10-06 15:38:06,171 INFO [91387752]         SlotsBuilder.java:427  | S3 MeasureStack#11 Slot{#7 xOffset=244 timeOffset=1/2 incomings=[#7781#7782] SUSPICIOUS}
2017-10-06 15:38:06,171 INFO [91387752]         SlotsBuilder.java:434  | Stack#11 endless loop detected
2017-10-06 15:38:06,175 INFO [91387752]                Voice.java:257  | S3 MeasureStack#12 Voice #1 too long 3/8
2017-10-06 15:38:06,176 INFO [91387752]                Voice.java:257  | S3 MeasureStack#12 Voice #2 too long 3/8
2017-10-06 15:38:06,177 INFO [91387752]                Voice.java:257  | S3 MeasureStack#12 Voice #3 too long 3/8
2017-10-06 15:38:06,177 INFO [91387752]           StackTuner.java:92   | S3 MeasureStack#12 no correct rhythm
2017-10-06 15:38:06,179 INFO [91387752]         SlotsBuilder.java:427  | S4 MeasureStack#13 Slot{#3 xOffset=255 timeOffset=1/4 incomings=[#7828] SUSPICIOUS}
2017-10-06 15:38:06,180 INFO [91387752]         SlotsBuilder.java:434  | Stack#13 endless loop detected
2017-10-06 15:38:06,181 INFO [91387752]         SlotsBuilder.java:427  | S4 MeasureStack#14 Slot{#5 xOffset=203 timeOffset=1/2 incomings=[#7805#7806] SUSPICIOUS}
2017-10-06 15:38:06,182 INFO [91387752]         SlotsBuilder.java:427  | S4 MeasureStack#14 Slot{#8 xOffset=305 timeOffset=3/4 incomings=[#7807#7808] SUSPICIOUS}
2017-10-06 15:38:06,182 INFO [91387752]                Voice.java:257  | S4 MeasureStack#14 Voice #1 too long 1/4
2017-10-06 15:38:06,183 INFO [91387752]                Voice.java:257  | S4 MeasureStack#14 Voice #2 too long 1/4
2017-10-06 15:38:06,187 INFO [91387752]           StackTuner.java:92   | S4 MeasureStack#14 no correct rhythm
2017-10-06 15:38:06,191 INFO [91387752]         SlotsBuilder.java:427  | S4 MeasureStack#15 Slot{#4 xOffset=131 timeOffset=7/4 incomings=[#7844] SUSPICIOUS}
2017-10-06 15:38:06,192 INFO [91387752]         SlotsBuilder.java:427  | S4 MeasureStack#15 Slot{#6 xOffset=181 timeOffset=2 incomings=[#7845] SUSPICIOUS}
2017-10-06 15:38:06,193 INFO [91387752]         SlotsBuilder.java:434  | Stack#15 endless loop detected
2017-10-06 15:38:06,193 INFO [91387752]                Voice.java:257  | S4 MeasureStack#15 Voice #1 too long 7/4
2017-10-06 15:38:06,194 INFO [91387752]                Voice.java:257  | S4 MeasureStack#15 Voice #2 too long 27/16
2017-10-06 15:38:06,194 INFO [91387752]                Voice.java:257  | S4 MeasureStack#15 Voice #3 too long 7/4
2017-10-06 15:38:06,194 INFO [91387752]           StackTuner.java:92   | S4 MeasureStack#15 no correct rhythm
2017-10-06 15:38:06,195 INFO [91387752]                Voice.java:257  | S4 MeasureStack#16 Voice #1 too long 3/8
2017-10-06 15:38:06,196 INFO [91387752]                Voice.java:257  | S4 MeasureStack#16 Voice #2 too long 3/8
2017-10-06 15:38:06,196 INFO [91387752]           StackTuner.java:92   | S4 MeasureStack#16 no correct rhythm
2017-10-06 15:38:06,207 INFO [91387752]         SlotsBuilder.java:399  | Stack#3 suspicious Slot{#2 xOffset=79 timeOffset=1/8 incomings=[#7907]}
2017-10-06 15:38:06,209 INFO [91387752]         SlotsBuilder.java:399  | Stack#4 suspicious Slot{#2 xOffset=78 timeOffset=1/8 incomings=[#7913]}
2017-10-06 15:38:06,210 INFO [91387752]           PageRhythm.java:314  | Range{1-4 ts:3/4} Durations avgGuess:3/4 topGuess:3/8 avgValue:0.63 stacks:4 voices:14 Histogram{1/8-25/32 size:8 [1/8=2 3/16=2 1/4=2 3/8=3 1/2=2 5/8=1 3/4=1 25/32=1]}
2017-10-06 15:38:06,211 INFO [91387752]         SlotsBuilder.java:427  | S5 MeasureStack#1 Slot{#5 xOffset=396 timeOffset=3/8 incomings=[#7893] SUSPICIOUS}
2017-10-06 15:38:06,215 INFO [91387752]         SlotsBuilder.java:427  | S5 MeasureStack#2 Slot{#9 xOffset=288 timeOffset=5/8 incomings=[#7905] SUSPICIOUS}
2017-10-06 15:38:06,215 INFO [91387752]                Voice.java:257  | S5 MeasureStack#2 Voice #1 too long 1/32
2017-10-06 15:38:06,215 INFO [91387752]           StackTuner.java:92   | S5 MeasureStack#2 no correct rhythm
2017-10-06 15:38:06,217 INFO [91387752]         SlotsBuilder.java:427  | S5 MeasureStack#3 Slot{#4 xOffset=107 timeOffset=3/16 incomings=[#7870] SUSPICIOUS}
2017-10-06 15:38:06,219 INFO [91387752]         SlotsBuilder.java:427  | S5 MeasureStack#3 Slot{#7 xOffset=183 timeOffset=1/2 incomings=[#7873] SUSPICIOUS}
2017-10-06 15:38:06,219 INFO [91387752]         SlotsBuilder.java:434  | Stack#3 endless loop detected
2017-10-06 15:38:06,221 INFO [91387752]         SlotsBuilder.java:434  | Stack#4 endless loop detected
2017-10-06 15:38:06,224 INFO [91387752]            BasicBook.java:1395 | Stored /book.xml
2017-10-06 15:38:07,488 INFO [91387752]           BasicSheet.java:979  | Stored /sheet#1/sheet#1.xml
2017-10-06 15:38:07,491 INFO [91387752]       StepMonitoring.java:96   | PAGE
2017-10-06 15:38:07,494 INFO [91387752]                 Part.java:275  | Could not right-connect slur#8059
2017-10-06 15:38:07,495 INFO [91387752]                 Part.java:267  | Could not left-connect slur#8023
2017-10-06 15:38:07,495 INFO [91387752]                 Part.java:275  | Could not right-connect slur#8034
2017-10-06 15:38:07,496 INFO [91387752]                Voice.java:257  | S1 MeasureStack#1 Voice #1 too long 1/2
2017-10-06 15:38:07,497 INFO [91387752]                Voice.java:257  | S1 MeasureStack#1 Voice #2 too long 1/2
2017-10-06 15:38:07,497 INFO [91387752]                Voice.java:257  | S1 MeasureStack#1 Voice #3 too long 3/8
2017-10-06 15:38:07,497 INFO [91387752]                Voice.java:257  | S1 MeasureStack#1 Voice #4 too long 3/8
2017-10-06 15:38:07,497 INFO [91387752]                Voice.java:257  | S1 MeasureStack#2 Voice #1 too long 3/8
2017-10-06 15:38:07,497 INFO [91387752]                Voice.java:257  | S1 MeasureStack#2 Voice #2 too long 1/8
2017-10-06 15:38:07,498 INFO [91387752]                Voice.java:257  | S1 MeasureStack#2 Voice #3 too long 1/4
2017-10-06 15:38:07,498 INFO [91387752]                Voice.java:257  | S1 MeasureStack#2 Voice #4 too long 3/8
2017-10-06 15:38:07,498 INFO [91387752]                Voice.java:257  | S1 MeasureStack#4 Voice #1 too long 3/8
2017-10-06 15:38:07,498 INFO [91387752]                Voice.java:257  | S1 MeasureStack#4 Voice #4 too long 3/8
2017-10-06 15:38:07,498 INFO [91387752]                Voice.java:257  | S2 MeasureStack#5 Voice #1 too long 1/8
2017-10-06 15:38:07,498 INFO [91387752]                Voice.java:257  | S2 MeasureStack#5 Voice #3 too long 1/8
2017-10-06 15:38:07,499 INFO [91387752]                Voice.java:257  | S2 MeasureStack#6 Voice #1 too long 1/4
2017-10-06 15:38:07,503 INFO [91387752]                Voice.java:257  | S2 MeasureStack#6 Voice #2 too long 1/4
2017-10-06 15:38:07,503 INFO [91387752]                Voice.java:257  | S2 MeasureStack#6 Voice #3 too long 1/8
2017-10-06 15:38:07,503 INFO [91387752]                Voice.java:257  | S2 MeasureStack#6 Voice #4 too long 1/4
2017-10-06 15:38:07,503 INFO [91387752]                Voice.java:257  | S2 MeasureStack#7 Voice #1 too long 3/8
2017-10-06 15:38:07,504 INFO [91387752]                Voice.java:257  | S2 MeasureStack#7 Voice #2 too long 1/2
2017-10-06 15:38:07,504 INFO [91387752]                Voice.java:257  | S2 MeasureStack#7 Voice #3 too long 1/4
2017-10-06 15:38:07,504 INFO [91387752]                Voice.java:257  | S2 MeasureStack#7 Voice #4 too long 3/8
2017-10-06 15:38:07,504 INFO [91387752]                Voice.java:257  | S2 MeasureStack#8 Voice #1 too long 3/8
2017-10-06 15:38:07,504 INFO [91387752]                Voice.java:257  | S2 MeasureStack#8 Voice #2 too long 3/8
2017-10-06 15:38:07,505 INFO [91387752]                Voice.java:257  | S3 MeasureStack#10 Voice #1 too long 1/8
2017-10-06 15:38:07,505 INFO [91387752]                Voice.java:257  | S3 MeasureStack#10 Voice #2 too long 1/8
2017-10-06 15:38:07,505 INFO [91387752]                Voice.java:257  | S3 MeasureStack#10 Voice #3 too long 1/16
2017-10-06 15:38:07,505 INFO [91387752]                Voice.java:257  | S3 MeasureStack#10 Voice #4 too long 1/16
2017-10-06 15:38:07,506 INFO [91387752]                Voice.java:257  | S3 MeasureStack#12 Voice #1 too long 3/8
2017-10-06 15:38:07,506 INFO [91387752]                Voice.java:257  | S3 MeasureStack#12 Voice #2 too long 3/8
2017-10-06 15:38:07,506 INFO [91387752]                Voice.java:257  | S3 MeasureStack#12 Voice #3 too long 3/8
2017-10-06 15:38:07,506 INFO [91387752]                Voice.java:257  | S4 MeasureStack#14 Voice #1 too long 1/4
2017-10-06 15:38:07,507 INFO [91387752]                Voice.java:257  | S4 MeasureStack#14 Voice #2 too long 1/4
2017-10-06 15:38:07,507 INFO [91387752]                Voice.java:257  | S4 MeasureStack#15 Voice #1 too long 7/4
2017-10-06 15:38:07,507 INFO [91387752]                Voice.java:257  | S4 MeasureStack#15 Voice #2 too long 27/16
2017-10-06 15:38:07,507 INFO [91387752]                Voice.java:257  | S4 MeasureStack#15 Voice #3 too long 7/4
2017-10-06 15:38:07,508 INFO [91387752]                Voice.java:257  | S4 MeasureStack#16 Voice #1 too long 3/8
2017-10-06 15:38:07,508 INFO [91387752]                Voice.java:257  | S4 MeasureStack#16 Voice #2 too long 3/8
2017-10-06 15:38:07,509 INFO [91387752]                Voice.java:257  | S5 MeasureStack#2 Voice #1 too long 1/32
2017-10-06 15:38:07,511 INFO [91387752]            BasicBook.java:1395 | Stored /book.xml
2017-10-06 15:38:08,774 INFO [91387752]           BasicSheet.java:979  | Stored /sheet#1/sheet#1.xml
2017-10-06 15:38:08,778 INFO [91387752]            BasicStub.java:723  | Sheet{91387752} disposed
2017-10-06 15:38:09,963 INFO [91387752]            BasicStub.java:449  | Loaded /sheet#1/sheet#1.xml
2017-10-06 15:38:09,965 INFO [91387752]            BasicBook.java:1133 | Scores built: 2
2017-10-06 15:38:11,006 WARN [91387752]      PartwiseBuilder.java:1379 | Error visiting null
java.lang.NullPointerException: null
	at org.audiveris.omr.score.PartwiseBuilder.processKey(PartwiseBuilder.java:1344)
	at org.audiveris.omr.score.PartwiseBuilder.processKeys(PartwiseBuilder.java:1407)
	at org.audiveris.omr.score.PartwiseBuilder.processMeasure(PartwiseBuilder.java:1575)
	at org.audiveris.omr.score.PartwiseBuilder.processPart(PartwiseBuilder.java:1988)
	at org.audiveris.omr.score.PartwiseBuilder.processSystem(PartwiseBuilder.java:2528)
	at org.audiveris.omr.score.PartwiseBuilder.processLogicalPart(PartwiseBuilder.java:1433)
	at org.audiveris.omr.score.PartwiseBuilder.processStub(PartwiseBuilder.java:2483)
	at org.audiveris.omr.score.PartwiseBuilder.processPartList(PartwiseBuilder.java:2017)
	at org.audiveris.omr.score.PartwiseBuilder.processScore(PartwiseBuilder.java:2195)
	at org.audiveris.omr.score.PartwiseBuilder.build(PartwiseBuilder.java:307)
	at org.audiveris.omr.score.ScoreExporter.export(ScoreExporter.java:117)
	at org.audiveris.omr.score.ScoreExporter.export(ScoreExporter.java:91)
	at org.audiveris.omr.sheet.BasicBook.export(BasicBook.java:589)
	at org.audiveris.omr.CLI$ProcessingTask.processBook(CLI.java:785)
	at org.audiveris.omr.CLI$CliTask.call(CLI.java:344)
	at org.audiveris.omr.Main.runBatchTasks(Main.java:316)
	at org.audiveris.omr.Main.main(Main.java:155)
	at Audiveris.main(Audiveris.java:49)
2017-10-06 15:38:11,097 INFO [91387752]        ScoreExporter.java:93   | Score 91387752.mvt1 exported to /Users/stephenn/Documents/workspace/nlsomr/xml_out/91386487/91387752/91387752.mvt1.mxl
2017-10-06 15:38:11,102 WARN [91387752]      PartwiseBuilder.java:1379 | Error visiting null
java.lang.NullPointerException: null
	at org.audiveris.omr.score.PartwiseBuilder.processKey(PartwiseBuilder.java:1344)
	at org.audiveris.omr.score.PartwiseBuilder.processKeys(PartwiseBuilder.java:1407)
	at org.audiveris.omr.score.PartwiseBuilder.processMeasure(PartwiseBuilder.java:1575)
	at org.audiveris.omr.score.PartwiseBuilder.processPart(PartwiseBuilder.java:1988)
	at org.audiveris.omr.score.PartwiseBuilder.processSystem(PartwiseBuilder.java:2528)
	at org.audiveris.omr.score.PartwiseBuilder.processLogicalPart(PartwiseBuilder.java:1433)
	at org.audiveris.omr.score.PartwiseBuilder.processStub(PartwiseBuilder.java:2483)
	at org.audiveris.omr.score.PartwiseBuilder.processPartList(PartwiseBuilder.java:2017)
	at org.audiveris.omr.score.PartwiseBuilder.processScore(PartwiseBuilder.java:2195)
	at org.audiveris.omr.score.PartwiseBuilder.build(PartwiseBuilder.java:307)
	at org.audiveris.omr.score.ScoreExporter.export(ScoreExporter.java:117)
	at org.audiveris.omr.score.ScoreExporter.export(ScoreExporter.java:91)
	at org.audiveris.omr.sheet.BasicBook.export(BasicBook.java:589)
	at org.audiveris.omr.CLI$ProcessingTask.processBook(CLI.java:785)
	at org.audiveris.omr.CLI$CliTask.call(CLI.java:344)
	at org.audiveris.omr.Main.runBatchTasks(Main.java:316)
	at org.audiveris.omr.Main.main(Main.java:155)
	at Audiveris.main(Audiveris.java:49)
2017-10-06 15:38:11,105 WARN [91387752]      PartwiseBuilder.java:1970 | Error visiting HeadInter{#6610(0.538/0.757) e#7864 s:9 p:5.00 NOTEHEAD_BLACK_SMALL}
java.lang.NullPointerException: null
	at org.audiveris.omr.sig.inter.AbstractNoteInter.getStep(AbstractNoteInter.java:256)
	at org.audiveris.omr.score.PartwiseBuilder.processNote(PartwiseBuilder.java:1796)
	at org.audiveris.omr.score.PartwiseBuilder.processChord(PartwiseBuilder.java:1056)
	at org.audiveris.omr.score.PartwiseBuilder.processMeasure(PartwiseBuilder.java:1639)
	at org.audiveris.omr.score.PartwiseBuilder.processPart(PartwiseBuilder.java:1988)
	at org.audiveris.omr.score.PartwiseBuilder.processSystem(PartwiseBuilder.java:2528)
	at org.audiveris.omr.score.PartwiseBuilder.processLogicalPart(PartwiseBuilder.java:1433)
	at org.audiveris.omr.score.PartwiseBuilder.processStub(PartwiseBuilder.java:2483)
	at org.audiveris.omr.score.PartwiseBuilder.processPartList(PartwiseBuilder.java:2017)
	at org.audiveris.omr.score.PartwiseBuilder.processScore(PartwiseBuilder.java:2195)
	at org.audiveris.omr.score.PartwiseBuilder.build(PartwiseBuilder.java:307)
	at org.audiveris.omr.score.ScoreExporter.export(ScoreExporter.java:117)
	at org.audiveris.omr.score.ScoreExporter.export(ScoreExporter.java:91)
	at org.audiveris.omr.sheet.BasicBook.export(BasicBook.java:589)
	at org.audiveris.omr.CLI$ProcessingTask.processBook(CLI.java:785)
	at org.audiveris.omr.CLI$CliTask.call(CLI.java:344)
	at org.audiveris.omr.Main.runBatchTasks(Main.java:316)
	at org.audiveris.omr.Main.main(Main.java:155)
	at Audiveris.main(Audiveris.java:49)
2017-10-06 15:38:11,107 WARN [91387752]      PartwiseBuilder.java:1970 | Error visiting HeadInter{#6298(0.374/0.645) e#7864 s:9 p:4.00 NOTEHEAD_BLACK_SMALL}
java.lang.NullPointerException: null
	at org.audiveris.omr.sig.inter.AbstractNoteInter.getStep(AbstractNoteInter.java:256)
	at org.audiveris.omr.score.PartwiseBuilder.processNote(PartwiseBuilder.java:1796)
	at org.audiveris.omr.score.PartwiseBuilder.processChord(PartwiseBuilder.java:1056)
	at org.audiveris.omr.score.PartwiseBuilder.processMeasure(PartwiseBuilder.java:1639)
	at org.audiveris.omr.score.PartwiseBuilder.processPart(PartwiseBuilder.java:1988)
	at org.audiveris.omr.score.PartwiseBuilder.processSystem(PartwiseBuilder.java:2528)
	at org.audiveris.omr.score.PartwiseBuilder.processLogicalPart(PartwiseBuilder.java:1433)
	at org.audiveris.omr.score.PartwiseBuilder.processStub(PartwiseBuilder.java:2483)
	at org.audiveris.omr.score.PartwiseBuilder.processPartList(PartwiseBuilder.java:2017)
	at org.audiveris.omr.score.PartwiseBuilder.processScore(PartwiseBuilder.java:2195)
	at org.audiveris.omr.score.PartwiseBuilder.build(PartwiseBuilder.java:307)
	at org.audiveris.omr.score.ScoreExporter.export(ScoreExporter.java:117)
	at org.audiveris.omr.score.ScoreExporter.export(ScoreExporter.java:91)
	at org.audiveris.omr.sheet.BasicBook.export(BasicBook.java:589)
	at org.audiveris.omr.CLI$ProcessingTask.processBook(CLI.java:785)
	at org.audiveris.omr.CLI$CliTask.call(CLI.java:344)
	at org.audiveris.omr.Main.runBatchTasks(Main.java:316)
	at org.audiveris.omr.Main.main(Main.java:155)
	at Audiveris.main(Audiveris.java:49)
2017-10-06 15:38:11,118 INFO [91387752]        ScoreExporter.java:93   | Score 91387752.mvt2 exported to /Users/stephenn/Documents/workspace/nlsomr/xml_out/91386487/91387752/91387752.mvt2.mxl
2017-10-06 15:38:11,286 INFO [91387752]            BasicBook.java:1395 | Stored /book.xml
2017-10-06 15:38:11,286 INFO [91387752]            BasicBook.java:1355 | Book stored as /Users/stephenn/Documents/workspace/nlsomr/xml_out/91386487/91387752/91387752.omr
