2017-10-06 14:28:06,083 INFO [91386804]            BasicBook.java:427  | 1 sheet in /Users/stephenn/Documents/workspace/nlsomr/working/91386804.jpg
2017-10-06 14:28:06,249 INFO []            BasicBook.java:1395 | Stored /book.xml
2017-10-06 14:28:06,250 INFO []            BasicBook.java:1355 | Book stored as /Users/stephenn/Documents/workspace/nlsomr/xml_out/91386487/91386804/91386804.omr
2017-10-06 14:28:06,255 INFO []            BasicBook.java:996  | Book reaching PAGE on sheets:[#1]
2017-10-06 14:28:06,256 INFO [91386804]       StepMonitoring.java:96   | LOAD
2017-10-06 14:28:06,404 INFO [91386804]            BasicBook.java:911  | Loaded image 1 2000x3056 from /Users/stephenn/Documents/workspace/nlsomr/working/91386804.jpg
2017-10-06 14:28:06,408 INFO [91386804]            ImageUtil.java:82   | Converting max RGB to gray ...
2017-10-06 14:28:06,652 INFO [91386804]            BasicBook.java:1395 | Stored /book.xml
2017-10-06 14:28:06,955 INFO [91386804]           BasicSheet.java:979  | Stored /sheet#1/sheet#1.xml
2017-10-06 14:28:06,956 INFO [91386804]       StepMonitoring.java:96   | BINARY
2017-10-06 14:28:07,580 INFO [91386804]            BasicBook.java:1395 | Stored /book.xml
2017-10-06 14:28:07,885 INFO [91386804]              Picture.java:786  | Stored /sheet#1/BINARY.xml
2017-10-06 14:28:07,886 INFO [91386804]           BasicSheet.java:979  | Stored /sheet#1/sheet#1.xml
2017-10-06 14:28:07,888 INFO [91386804]       StepMonitoring.java:96   | SCALE
2017-10-06 14:28:07,931 INFO [91386804]            ScaleStep.java:87   | Scale{line(2,4,5) interline(16,16,17) beam(12)}
2017-10-06 14:28:07,934 INFO [91386804]            BasicBook.java:1395 | Stored /book.xml
2017-10-06 14:28:07,936 INFO [91386804]           BasicSheet.java:979  | Stored /sheet#1/sheet#1.xml
2017-10-06 14:28:07,939 INFO [91386804]       StepMonitoring.java:96   | GRID
2017-10-06 14:28:08,971 INFO [91386804]       LinesRetriever.java:442  | Global slope: -0.00181
2017-10-06 14:28:09,114 INFO [91386804]    ClustersRetriever.java:241  | Retrieved line clusters: 12 of size: 5 with interline: (16,16,17)
2017-10-06 14:28:09,648 INFO [91386804]            PeakGraph.java:181  | Systems: #1[1, 2] #2[3, 4] #3[5, 6] #4[7, 8] #5[9, 10] #6[11, 12]
2017-10-06 14:28:10,530 INFO [91386804]        SystemManager.java:626  | Indentation detected for system#3
2017-10-06 14:28:10,531 INFO [91386804]        SystemManager.java:671  | 2 pages found in sheet
2017-10-06 14:28:10,531 INFO [91386804]        SystemManager.java:709  | Page #1: 1 part along 2 systems
2017-10-06 14:28:10,531 INFO [91386804]        SystemManager.java:709  | Page #2: 1 part along 4 systems
2017-10-06 14:28:10,535 INFO [91386804]            BasicBook.java:1395 | Stored /book.xml
2017-10-06 14:28:10,851 INFO [91386804]           BasicSheet.java:979  | Stored /sheet#1/sheet#1.xml
2017-10-06 14:28:10,857 INFO [91386804]       StepMonitoring.java:96   | HEADERS
2017-10-06 14:28:11,374 INFO []          Nd4jBackend.java:194  | Loaded [CpuBackend] backend
2017-10-06 14:28:11,440 INFO []      NativeOpsHolder.java:49   | Number of threads used for NativeOps: 2
2017-10-06 14:28:12,016 INFO [] DefaultOpExecutioner.java:544  | Backend used: [CPU]; OS: [Mac OS X]
2017-10-06 14:28:12,017 INFO [] DefaultOpExecutioner.java:545  | Cores: [4]; Memory: [3.6GB];
2017-10-06 14:28:12,017 INFO [] DefaultOpExecutioner.java:546  | Blas vendor: [OPENBLAS]
2017-10-06 14:28:12,060 INFO []   AbstractClassifier.java:332  | Classifier data loaded from default uri jar:file:/Users/stephenn/Documents/workspace/audiveris/build/distributions/Audiveris/lib/audiveris.jar!/res/basic-classifier.zip
2017-10-06 14:28:13,554 WARN [91386804]          ClefBuilder.java:560  | Staff#2 no header clef.
2017-10-06 14:28:13,814 INFO [91386804]           KeyBuilder.java:746  | Staff#3 key slice#1 pitch adjusted from 1.1 to 0
2017-10-06 14:28:14,231 INFO [91386804]           KeyBuilder.java:916  | Staff#5 key replication failed.
2017-10-06 14:28:14,417 WARN [91386804]          ClefBuilder.java:560  | Staff#8 no header clef.
2017-10-06 14:28:14,540 WARN [91386804]          ClefBuilder.java:560  | Staff#10 no header clef.
2017-10-06 14:28:14,654 WARN [91386804]          ClefBuilder.java:560  | Staff#12 no header clef.
2017-10-06 14:28:14,663 INFO [91386804]            BasicBook.java:1395 | Stored /book.xml
2017-10-06 14:28:14,952 INFO [91386804]           BasicSheet.java:979  | Stored /sheet#1/sheet#1.xml
2017-10-06 14:28:14,956 INFO [91386804]       StepMonitoring.java:96   | STEM_SEEDS
2017-10-06 14:28:15,064 INFO [91386804]        StemSeedsStep.java:91   | stem(3 max:5)
2017-10-06 14:28:15,178 INFO [91386804]            BasicBook.java:1395 | Stored /book.xml
2017-10-06 14:28:15,548 INFO []   AbstractClassifier.java:332  | Classifier data loaded from default uri jar:file:/Users/stephenn/Documents/workspace/audiveris/build/distributions/Audiveris/lib/audiveris.jar!/res/deep-classifier.zip
2017-10-06 14:28:15,587 INFO [91386804]           BasicSheet.java:979  | Stored /sheet#1/sheet#1.xml
2017-10-06 14:28:15,589 INFO [91386804]       StepMonitoring.java:96   | BEAMS
2017-10-06 14:28:19,791 INFO [91386804]            BeamsStep.java:89   | BeamDistance{count:4 mean:15.21 stdDev:0.33}
2017-10-06 14:28:19,797 INFO [91386804]            BasicBook.java:1395 | Stored /book.xml
2017-10-06 14:28:19,855 INFO [91386804]              Picture.java:786  | Stored /sheet#1/HEAD_SPOTS.xml
2017-10-06 14:28:20,245 INFO [91386804]           BasicSheet.java:979  | Stored /sheet#1/sheet#1.xml
2017-10-06 14:28:20,248 INFO [91386804]       StepMonitoring.java:96   | LEDGERS
2017-10-06 14:28:20,829 INFO [91386804]            BasicBook.java:1395 | Stored /book.xml
2017-10-06 14:28:21,246 INFO [91386804]           BasicSheet.java:979  | Stored /sheet#1/sheet#1.xml
2017-10-06 14:28:21,248 INFO [91386804]       StepMonitoring.java:96   | HEADS
2017-10-06 14:28:23,956 INFO [91386804]            BasicBook.java:1395 | Stored /book.xml
2017-10-06 14:28:24,821 INFO [91386804]           BasicSheet.java:979  | Stored /sheet#1/sheet#1.xml
2017-10-06 14:28:24,824 INFO [91386804]       StepMonitoring.java:96   | STEMS
2017-10-06 14:28:26,506 INFO [91386804]            BasicBook.java:1395 | Stored /book.xml
2017-10-06 14:28:27,586 INFO [91386804]           BasicSheet.java:979  | Stored /sheet#1/sheet#1.xml
2017-10-06 14:28:27,588 INFO [91386804]       StepMonitoring.java:96   | REDUCTION
2017-10-06 14:28:27,984 INFO [91386804]            BasicBook.java:1395 | Stored /book.xml
2017-10-06 14:28:28,681 INFO [91386804]           BasicSheet.java:979  | Stored /sheet#1/sheet#1.xml
2017-10-06 14:28:28,684 INFO [91386804]       StepMonitoring.java:96   | CUE_BEAMS
2017-10-06 14:28:28,697 INFO [91386804]            BasicBook.java:1395 | Stored /book.xml
2017-10-06 14:28:29,310 INFO [91386804]           BasicSheet.java:979  | Stored /sheet#1/sheet#1.xml
2017-10-06 14:28:29,313 INFO [91386804]       StepMonitoring.java:96   | TEXTS
2017-10-06 14:28:31,391 INFO [91386804]            BasicBook.java:1395 | Stored /book.xml
2017-10-06 14:28:32,002 INFO [91386804]           BasicSheet.java:979  | Stored /sheet#1/sheet#1.xml
2017-10-06 14:28:32,004 INFO [91386804]       StepMonitoring.java:96   | MEASURES
2017-10-06 14:28:32,008 INFO [91386804]                 Page.java:210  | 9 raw measures: [5 in system#1, 4 in system#2]
2017-10-06 14:28:32,008 INFO [91386804]                 Page.java:210  | 14 raw measures: [4 in system#3, 4 in system#4, 3 in system#5, 3 in system#6]
2017-10-06 14:28:32,010 INFO [91386804]            BasicBook.java:1395 | Stored /book.xml
2017-10-06 14:28:32,620 INFO [91386804]           BasicSheet.java:979  | Stored /sheet#1/sheet#1.xml
2017-10-06 14:28:32,622 INFO [91386804]       StepMonitoring.java:96   | CHORDS
2017-10-06 14:28:32,633 INFO [91386804]            BasicBook.java:1395 | Stored /book.xml
2017-10-06 14:28:33,249 INFO [91386804]           BasicSheet.java:979  | Stored /sheet#1/sheet#1.xml
2017-10-06 14:28:33,251 INFO [91386804]       StepMonitoring.java:96   | CURVES
2017-10-06 14:28:34,659 INFO [91386804]         SlursBuilder.java:157  | Slurs: 11
2017-10-06 14:28:34,674 INFO [91386804]      SegmentsBuilder.java:113  | Segments: 22
2017-10-06 14:28:34,683 INFO [91386804]            BasicBook.java:1395 | Stored /book.xml
2017-10-06 14:28:35,692 INFO [91386804]           BasicSheet.java:979  | Stored /sheet#1/sheet#1.xml
2017-10-06 14:28:35,697 INFO [91386804]       StepMonitoring.java:96   | SYMBOLS
2017-10-06 14:28:36,125 INFO [91386804]       SymbolsBuilder.java:340  | Symbol parts shrunk from 8 to 7
2017-10-06 14:28:36,310 INFO [91386804]       SymbolsBuilder.java:340  | Symbol parts shrunk from 14 to 7
2017-10-06 14:28:37,519 INFO [91386804]       SymbolsBuilder.java:340  | Symbol parts shrunk from 8 to 7
2017-10-06 14:28:40,271 INFO [91386804]            BasicBook.java:1395 | Stored /book.xml
2017-10-06 14:28:41,550 INFO [91386804]           BasicSheet.java:979  | Stored /sheet#1/sheet#1.xml
2017-10-06 14:28:41,552 INFO [91386804]       StepMonitoring.java:96   | LINKS
2017-10-06 14:28:41,573 INFO [91386804]        SymbolsLinker.java:252  | No chord above PedalInter{#5975(0.799) PEDAL_UP_MARK}
2017-10-06 14:28:41,574 INFO [91386804]        SymbolsLinker.java:252  | No chord above PedalInter{#5989(0.800) PEDAL_UP_MARK}
2017-10-06 14:28:41,582 INFO [91386804]        SymbolsLinker.java:306  | No measure stack for direction SentenceInter{#4434(0.559) s:5 BSC-52 Direction} J': 120.
2017-10-06 14:28:41,596 INFO [91386804]        SymbolsLinker.java:252  | No chord above PedalInter{#6046(0.800) PEDAL_UP_MARK}
2017-10-06 14:28:41,602 INFO [91386804]        SymbolsLinker.java:323  | No chord above direction SentenceInter{#4446(0.534) s:12 IS-39 Direction} ‘Peb.
2017-10-06 14:28:41,602 INFO [91386804]        SymbolsLinker.java:252  | No chord above PedalInter{#6082(0.695) PEDAL_UP_MARK}
2017-10-06 14:28:41,603 INFO [91386804]        SymbolsLinker.java:252  | No chord above PedalInter{#6084(0.800) PEDAL_UP_MARK}
2017-10-06 14:28:41,603 INFO [91386804]        SymbolsLinker.java:252  | No chord above PedalInter{#6091(0.740) PEDAL_UP_MARK}
2017-10-06 14:28:41,604 INFO [91386804]        SymbolsLinker.java:252  | No chord above PedalInter{#6093(0.799) PEDAL_UP_MARK}
2017-10-06 14:28:41,604 INFO [91386804]        SymbolsLinker.java:252  | No chord above PedalInter{#6097(0.799) PEDAL_UP_MARK}
2017-10-06 14:28:41,618 INFO [91386804]            BasicBook.java:1395 | Stored /book.xml
2017-10-06 14:28:42,881 INFO [91386804]           BasicSheet.java:979  | Stored /sheet#1/sheet#1.xml
2017-10-06 14:28:42,883 INFO [91386804]       StepMonitoring.java:96   | RHYTHMS
2017-10-06 14:28:42,900 INFO [91386804]         SlotsBuilder.java:399  | Stack#4 suspicious Slot{#3 xOffset=132 timeOffset=1/4 incomings=[#4462#4488]}
2017-10-06 14:28:42,902 INFO [91386804]         SlotsBuilder.java:434  | Stack#5 endless loop detected
2017-10-06 14:28:42,907 INFO [91386804]         SlotsBuilder.java:399  | Stack#8 suspicious Slot{#3 xOffset=195 timeOffset=1/4 incomings=[#4507#4523]}
2017-10-06 14:28:42,911 INFO [91386804]           PageRhythm.java:314  | Range{1-9} Durations avgGuess:1/2 topGuess:3/8 avgValue:0.54 stacks:9 voices:19 Histogram{1/4-3/4 size:5 [1/4=3 5/16=3 3/8=6 1/2=6 3/4=1]}
2017-10-06 14:28:42,912 INFO [91386804]           PageRhythm.java:221  | S1 Range{1-9 dur:1/2} should update to 1/2-based time sig?
2017-10-06 14:28:42,915 INFO [91386804]         SlotsBuilder.java:427  | S1 MeasureStack#2 Slot{#5 xOffset=189 timeOffset=1/2 incomings=[#4453] SUSPICIOUS}
2017-10-06 14:28:42,916 INFO [91386804]         SlotsBuilder.java:434  | Stack#2 endless loop detected
2017-10-06 14:28:42,916 INFO [91386804]                Voice.java:257  | S1 MeasureStack#2 Voice #1 too long 1/4
2017-10-06 14:28:42,917 INFO [91386804]                Voice.java:257  | S1 MeasureStack#2 Voice #2 too long 1/8
2017-10-06 14:28:42,917 INFO [91386804]           StackTuner.java:92   | S1 MeasureStack#2 no correct rhythm
2017-10-06 14:28:42,919 INFO [91386804]         SlotsBuilder.java:427  | S1 MeasureStack#3 Slot{#4 xOffset=125 timeOffset=5/16 incomings=[#4482] SUSPICIOUS}
2017-10-06 14:28:42,919 INFO [91386804]         SlotsBuilder.java:427  | S1 MeasureStack#3 Slot{#6 xOffset=173 timeOffset=7/16 incomings=[#4483] SUSPICIOUS}
2017-10-06 14:28:42,920 INFO [91386804]         SlotsBuilder.java:427  | S1 MeasureStack#3 Slot{#8 xOffset=222 timeOffset=9/16 incomings=[#4484] SUSPICIOUS}
2017-10-06 14:28:42,920 INFO [91386804]         SlotsBuilder.java:427  | S1 MeasureStack#3 Slot{#10 xOffset=266 timeOffset=11/16 incomings=[#4485] SUSPICIOUS}
2017-10-06 14:28:42,921 INFO [91386804]                Voice.java:257  | S1 MeasureStack#3 Voice #1 too long 1/4
2017-10-06 14:28:42,921 INFO [91386804]                Voice.java:257  | S1 MeasureStack#3 Voice #2 too long 5/16
2017-10-06 14:28:42,921 INFO [91386804]           StackTuner.java:92   | S1 MeasureStack#3 no correct rhythm
2017-10-06 14:28:42,923 INFO [91386804]         SlotsBuilder.java:434  | Stack#4 endless loop detected
2017-10-06 14:28:42,924 INFO [91386804]         SlotsBuilder.java:434  | Stack#5 endless loop detected
2017-10-06 14:28:42,928 INFO [91386804]                Voice.java:257  | S2 MeasureStack#6 Voice #1 too long 1/4
2017-10-06 14:28:42,928 INFO [91386804]           StackTuner.java:92   | S2 MeasureStack#6 no correct rhythm
2017-10-06 14:28:42,929 INFO [91386804]         SlotsBuilder.java:427  | S2 MeasureStack#7 Slot{#4 xOffset=183 timeOffset=5/16 incomings=[#4516] SUSPICIOUS}
2017-10-06 14:28:42,930 INFO [91386804]         SlotsBuilder.java:427  | S2 MeasureStack#7 Slot{#7 xOffset=304 timeOffset=9/16 incomings=[#4518] SUSPICIOUS}
2017-10-06 14:28:42,931 INFO [91386804]         SlotsBuilder.java:427  | S2 MeasureStack#7 Slot{#9 xOffset=370 timeOffset=11/16 incomings=[#4519#4520] SUSPICIOUS}
2017-10-06 14:28:42,931 INFO [91386804]                Voice.java:257  | S2 MeasureStack#7 Voice #1 too long 1/4
2017-10-06 14:28:42,931 INFO [91386804]                Voice.java:257  | S2 MeasureStack#7 Voice #2 too long 7/16
2017-10-06 14:28:42,932 INFO [91386804]                Voice.java:257  | S2 MeasureStack#7 Voice #3 too long 5/16
2017-10-06 14:28:42,932 INFO [91386804]           StackTuner.java:92   | S2 MeasureStack#7 no correct rhythm
2017-10-06 14:28:42,933 INFO [91386804]         SlotsBuilder.java:434  | Stack#8 endless loop detected
2017-10-06 14:28:42,947 INFO [91386804]           PageRhythm.java:314  | Range{1-14 ts:6/8} Durations avgGuess:3/4 topGuess:5/8 avgValue:0.68 stacks:14 voices:30 Histogram{1/4-7/8 size:4 [1/4=2 5/8=18 3/4=8 7/8=2]}
2017-10-06 14:28:42,950 INFO [91386804]                Voice.java:257  | S3 MeasureStack#3 Voice #1 too long 1/8
2017-10-06 14:28:42,951 INFO [91386804]           StackTuner.java:92   | S3 MeasureStack#3 no correct rhythm
2017-10-06 14:28:42,956 INFO [91386804]                Voice.java:257  | S5 MeasureStack#10 Voice #1 too long 1/8
2017-10-06 14:28:42,957 INFO [91386804]           StackTuner.java:92   | S5 MeasureStack#10 no correct rhythm
2017-10-06 14:28:42,962 INFO [91386804]            BasicBook.java:1395 | Stored /book.xml
2017-10-06 14:28:44,253 INFO [91386804]           BasicSheet.java:979  | Stored /sheet#1/sheet#1.xml
2017-10-06 14:28:44,255 INFO [91386804]       StepMonitoring.java:96   | PAGE
2017-10-06 14:28:44,260 INFO [91386804]                Voice.java:257  | S1 MeasureStack#2 Voice #1 too long 1/4
2017-10-06 14:28:44,260 INFO [91386804]                Voice.java:257  | S1 MeasureStack#2 Voice #2 too long 1/8
2017-10-06 14:28:44,260 INFO [91386804]                Voice.java:257  | S1 MeasureStack#3 Voice #1 too long 1/4
2017-10-06 14:28:44,261 INFO [91386804]                Voice.java:257  | S1 MeasureStack#3 Voice #2 too long 5/16
2017-10-06 14:28:44,261 INFO [91386804]                Voice.java:257  | S2 MeasureStack#6 Voice #1 too long 1/4
2017-10-06 14:28:44,261 INFO [91386804]                Voice.java:257  | S2 MeasureStack#7 Voice #1 too long 1/4
2017-10-06 14:28:44,261 INFO [91386804]                Voice.java:257  | S2 MeasureStack#7 Voice #2 too long 7/16
2017-10-06 14:28:44,262 INFO [91386804]                Voice.java:257  | S2 MeasureStack#7 Voice #3 too long 5/16
2017-10-06 14:28:44,262 INFO [91386804]                 Part.java:267  | Could not left-connect slur#4746
2017-10-06 14:28:44,263 INFO [91386804]                Voice.java:257  | S3 MeasureStack#3 Voice #1 too long 1/8
2017-10-06 14:28:44,264 INFO [91386804]                Voice.java:257  | S5 MeasureStack#10 Voice #1 too long 1/8
2017-10-06 14:28:44,266 INFO [91386804]            BasicBook.java:1395 | Stored /book.xml
2017-10-06 14:28:45,561 INFO [91386804]           BasicSheet.java:979  | Stored /sheet#1/sheet#1.xml
2017-10-06 14:28:45,564 INFO [91386804]            BasicStub.java:723  | Sheet{91386804} disposed
2017-10-06 14:28:46,855 INFO [91386804]            BasicStub.java:449  | Loaded /sheet#1/sheet#1.xml
2017-10-06 14:28:46,857 INFO [91386804]            BasicBook.java:1133 | Scores built: 2
2017-10-06 14:28:47,921 WARN [91386804]      PartwiseBuilder.java:1379 | Error visiting null
java.lang.NullPointerException: null
	at org.audiveris.omr.score.PartwiseBuilder.processKey(PartwiseBuilder.java:1344)
	at org.audiveris.omr.score.PartwiseBuilder.processKeys(PartwiseBuilder.java:1407)
	at org.audiveris.omr.score.PartwiseBuilder.processMeasure(PartwiseBuilder.java:1575)
	at org.audiveris.omr.score.PartwiseBuilder.processPart(PartwiseBuilder.java:1988)
	at org.audiveris.omr.score.PartwiseBuilder.processSystem(PartwiseBuilder.java:2528)
	at org.audiveris.omr.score.PartwiseBuilder.processLogicalPart(PartwiseBuilder.java:1433)
	at org.audiveris.omr.score.PartwiseBuilder.processStub(PartwiseBuilder.java:2483)
	at org.audiveris.omr.score.PartwiseBuilder.processPartList(PartwiseBuilder.java:2017)
	at org.audiveris.omr.score.PartwiseBuilder.processScore(PartwiseBuilder.java:2195)
	at org.audiveris.omr.score.PartwiseBuilder.build(PartwiseBuilder.java:307)
	at org.audiveris.omr.score.ScoreExporter.export(ScoreExporter.java:117)
	at org.audiveris.omr.score.ScoreExporter.export(ScoreExporter.java:91)
	at org.audiveris.omr.sheet.BasicBook.export(BasicBook.java:589)
	at org.audiveris.omr.CLI$ProcessingTask.processBook(CLI.java:785)
	at org.audiveris.omr.CLI$CliTask.call(CLI.java:344)
	at org.audiveris.omr.Main.runBatchTasks(Main.java:316)
	at org.audiveris.omr.Main.main(Main.java:155)
	at Audiveris.main(Audiveris.java:49)
2017-10-06 14:28:47,976 INFO [91386804]        ScoreExporter.java:93   | Score 91386804.mvt1 exported to /Users/stephenn/Documents/workspace/nlsomr/xml_out/91386487/91386804/91386804.mvt1.mxl
2017-10-06 14:28:47,982 WARN [91386804]      PartwiseBuilder.java:1379 | Error visiting null
java.lang.NullPointerException: null
	at org.audiveris.omr.score.PartwiseBuilder.processKey(PartwiseBuilder.java:1344)
	at org.audiveris.omr.score.PartwiseBuilder.processKeys(PartwiseBuilder.java:1407)
	at org.audiveris.omr.score.PartwiseBuilder.processMeasure(PartwiseBuilder.java:1575)
	at org.audiveris.omr.score.PartwiseBuilder.processPart(PartwiseBuilder.java:1988)
	at org.audiveris.omr.score.PartwiseBuilder.processSystem(PartwiseBuilder.java:2528)
	at org.audiveris.omr.score.PartwiseBuilder.processLogicalPart(PartwiseBuilder.java:1433)
	at org.audiveris.omr.score.PartwiseBuilder.processStub(PartwiseBuilder.java:2483)
	at org.audiveris.omr.score.PartwiseBuilder.processPartList(PartwiseBuilder.java:2017)
	at org.audiveris.omr.score.PartwiseBuilder.processScore(PartwiseBuilder.java:2195)
	at org.audiveris.omr.score.PartwiseBuilder.build(PartwiseBuilder.java:307)
	at org.audiveris.omr.score.ScoreExporter.export(ScoreExporter.java:117)
	at org.audiveris.omr.score.ScoreExporter.export(ScoreExporter.java:91)
	at org.audiveris.omr.sheet.BasicBook.export(BasicBook.java:589)
	at org.audiveris.omr.CLI$ProcessingTask.processBook(CLI.java:785)
	at org.audiveris.omr.CLI$CliTask.call(CLI.java:344)
	at org.audiveris.omr.Main.runBatchTasks(Main.java:316)
	at org.audiveris.omr.Main.main(Main.java:155)
	at Audiveris.main(Audiveris.java:49)
2017-10-06 14:28:48,033 INFO [91386804]        ScoreExporter.java:93   | Score 91386804.mvt2 exported to /Users/stephenn/Documents/workspace/nlsomr/xml_out/91386487/91386804/91386804.mvt2.mxl
2017-10-06 14:28:48,234 INFO [91386804]            BasicBook.java:1395 | Stored /book.xml
2017-10-06 14:28:48,235 INFO [91386804]            BasicBook.java:1355 | Book stored as /Users/stephenn/Documents/workspace/nlsomr/xml_out/91386487/91386804/91386804.omr
