2017-10-06 15:49:52,505 INFO [91387920]            BasicBook.java:427  | 1 sheet in /Users/stephenn/Documents/workspace/nlsomr/working/91387920.jpg
2017-10-06 15:49:52,754 INFO []            BasicBook.java:1395 | Stored /book.xml
2017-10-06 15:49:52,755 INFO []            BasicBook.java:1355 | Book stored as /Users/stephenn/Documents/workspace/nlsomr/xml_out/91386487/91387920/91387920.omr
2017-10-06 15:49:52,763 INFO []            BasicBook.java:996  | Book reaching PAGE on sheets:[#1]
2017-10-06 15:49:52,765 INFO [91387920]       StepMonitoring.java:96   | LOAD
2017-10-06 15:49:52,932 INFO [91387920]            BasicBook.java:911  | Loaded image 1 2000x3056 from /Users/stephenn/Documents/workspace/nlsomr/working/91387920.jpg
2017-10-06 15:49:52,936 INFO [91387920]            ImageUtil.java:82   | Converting max RGB to gray ...
2017-10-06 15:49:53,202 INFO [91387920]            BasicBook.java:1395 | Stored /book.xml
2017-10-06 15:49:53,598 INFO [91387920]           BasicSheet.java:979  | Stored /sheet#1/sheet#1.xml
2017-10-06 15:49:53,599 INFO [91387920]       StepMonitoring.java:96   | BINARY
2017-10-06 15:49:54,309 INFO [91387920]            BasicBook.java:1395 | Stored /book.xml
2017-10-06 15:49:54,668 INFO [91387920]              Picture.java:786  | Stored /sheet#1/BINARY.xml
2017-10-06 15:49:54,671 INFO [91387920]           BasicSheet.java:979  | Stored /sheet#1/sheet#1.xml
2017-10-06 15:49:54,674 INFO [91387920]       StepMonitoring.java:96   | SCALE
2017-10-06 15:49:54,733 INFO [91387920]            ScaleStep.java:87   | Scale{line(3,4,6) interline(16,17,17) beam(13)}
2017-10-06 15:49:54,741 INFO [91387920]            BasicBook.java:1395 | Stored /book.xml
2017-10-06 15:49:54,745 INFO [91387920]           BasicSheet.java:979  | Stored /sheet#1/sheet#1.xml
2017-10-06 15:49:54,750 INFO [91387920]       StepMonitoring.java:96   | GRID
2017-10-06 15:49:55,781 INFO [91387920]       LinesRetriever.java:442  | Global slope: 0.00041
2017-10-06 15:49:55,901 INFO [91387920]    ClustersRetriever.java:241  | Retrieved line clusters: 12 of size: 5 with interline: (16,17,17)
2017-10-06 15:49:56,558 INFO [91387920]            PeakGraph.java:181  | Systems: #1[1, 2] #2[3, 4] #3[5, 6] #4[7, 8] #5[9, 10] #6[11, 12]
2017-10-06 15:49:57,604 INFO [91387920]        SystemManager.java:626  | Indentation detected for system#1
2017-10-06 15:49:57,604 INFO [91387920]        SystemManager.java:626  | Indentation detected for system#5
2017-10-06 15:49:57,605 INFO [91387920]        SystemManager.java:671  | 2 pages found in sheet
2017-10-06 15:49:57,605 INFO [91387920]        SystemManager.java:709  | Page #1: 1 part along 4 systems
2017-10-06 15:49:57,605 INFO [91387920]        SystemManager.java:709  | Page #2: 1 part along 2 systems
2017-10-06 15:49:57,609 INFO [91387920]            BasicBook.java:1395 | Stored /book.xml
2017-10-06 15:49:57,837 INFO [91387920]           BasicSheet.java:979  | Stored /sheet#1/sheet#1.xml
2017-10-06 15:49:57,840 INFO [91387920]       StepMonitoring.java:96   | HEADERS
2017-10-06 15:49:58,278 INFO []          Nd4jBackend.java:194  | Loaded [CpuBackend] backend
2017-10-06 15:49:58,345 INFO []      NativeOpsHolder.java:49   | Number of threads used for NativeOps: 2
2017-10-06 15:49:58,857 INFO [] DefaultOpExecutioner.java:544  | Backend used: [CPU]; OS: [Mac OS X]
2017-10-06 15:49:58,858 INFO [] DefaultOpExecutioner.java:545  | Cores: [4]; Memory: [3.6GB];
2017-10-06 15:49:58,858 INFO [] DefaultOpExecutioner.java:546  | Blas vendor: [OPENBLAS]
2017-10-06 15:49:58,917 INFO []   AbstractClassifier.java:332  | Classifier data loaded from default uri jar:file:/Users/stephenn/Documents/workspace/audiveris/build/distributions/Audiveris/lib/audiveris.jar!/res/basic-classifier.zip
2017-10-06 15:50:01,232 INFO [91387920]           KeyBuilder.java:746  | Staff#2 key slice#2 pitch adjusted from 1.5 to 1
2017-10-06 15:50:01,744 WARN [91387920]          ClefBuilder.java:560  | Staff#6 no header clef.
2017-10-06 15:50:02,337 INFO []   AbstractClassifier.java:332  | Classifier data loaded from default uri jar:file:/Users/stephenn/Documents/workspace/audiveris/build/distributions/Audiveris/lib/audiveris.jar!/res/deep-classifier.zip
2017-10-06 15:50:02,693 WARN [91387920]          ClefBuilder.java:560  | Staff#12 no header clef.
2017-10-06 15:50:02,769 INFO [91387920]            BasicBook.java:1395 | Stored /book.xml
2017-10-06 15:50:03,359 INFO [91387920]           BasicSheet.java:979  | Stored /sheet#1/sheet#1.xml
2017-10-06 15:50:03,361 INFO [91387920]       StepMonitoring.java:96   | STEM_SEEDS
2017-10-06 15:50:03,473 INFO [91387920]        StemSeedsStep.java:91   | stem(4 max:5)
2017-10-06 15:50:03,593 INFO [91387920]            BasicBook.java:1395 | Stored /book.xml
2017-10-06 15:50:03,919 INFO [91387920]           BasicSheet.java:979  | Stored /sheet#1/sheet#1.xml
2017-10-06 15:50:03,922 INFO [91387920]       StepMonitoring.java:96   | BEAMS
2017-10-06 15:50:08,456 INFO [91387920]            BeamsStep.java:89   | BeamDistance{count:10 mean:15.34 stdDev:0.61}
2017-10-06 15:50:08,460 INFO [91387920]            BasicBook.java:1395 | Stored /book.xml
2017-10-06 15:50:08,520 INFO [91387920]              Picture.java:786  | Stored /sheet#1/HEAD_SPOTS.xml
2017-10-06 15:50:08,949 INFO [91387920]           BasicSheet.java:979  | Stored /sheet#1/sheet#1.xml
2017-10-06 15:50:08,952 INFO [91387920]       StepMonitoring.java:96   | LEDGERS
2017-10-06 15:50:09,450 INFO [91387920]            BasicBook.java:1395 | Stored /book.xml
2017-10-06 15:50:09,902 INFO [91387920]           BasicSheet.java:979  | Stored /sheet#1/sheet#1.xml
2017-10-06 15:50:09,904 INFO [91387920]       StepMonitoring.java:96   | HEADS
2017-10-06 15:50:12,953 INFO [91387920]            BasicBook.java:1395 | Stored /book.xml
2017-10-06 15:50:13,794 INFO [91387920]           BasicSheet.java:979  | Stored /sheet#1/sheet#1.xml
2017-10-06 15:50:13,797 INFO [91387920]       StepMonitoring.java:96   | STEMS
2017-10-06 15:50:16,153 INFO [91387920]            BasicBook.java:1395 | Stored /book.xml
2017-10-06 15:50:17,212 INFO [91387920]           BasicSheet.java:979  | Stored /sheet#1/sheet#1.xml
2017-10-06 15:50:17,215 INFO [91387920]       StepMonitoring.java:96   | REDUCTION
2017-10-06 15:50:17,631 INFO [91387920]            BasicBook.java:1395 | Stored /book.xml
2017-10-06 15:50:18,393 INFO [91387920]           BasicSheet.java:979  | Stored /sheet#1/sheet#1.xml
2017-10-06 15:50:18,397 INFO [91387920]       StepMonitoring.java:96   | CUE_BEAMS
2017-10-06 15:50:18,412 INFO [91387920]            BasicBook.java:1395 | Stored /book.xml
2017-10-06 15:50:19,202 INFO [91387920]           BasicSheet.java:979  | Stored /sheet#1/sheet#1.xml
2017-10-06 15:50:19,205 INFO [91387920]       StepMonitoring.java:96   | TEXTS
2017-10-06 15:50:21,191 INFO [91387920]            BasicBook.java:1395 | Stored /book.xml
2017-10-06 15:50:22,064 INFO [91387920]           BasicSheet.java:979  | Stored /sheet#1/sheet#1.xml
2017-10-06 15:50:22,066 INFO [91387920]       StepMonitoring.java:96   | MEASURES
2017-10-06 15:50:22,073 INFO [91387920]                 Page.java:210  | 17 raw measures: [5 in system#1, 4 in system#2, 4 in system#3, 4 in system#4]
2017-10-06 15:50:22,073 INFO [91387920]                 Page.java:210  | 9 raw measures: [5 in system#5, 4 in system#6]
2017-10-06 15:50:22,075 INFO [91387920]            BasicBook.java:1395 | Stored /book.xml
2017-10-06 15:50:22,944 INFO [91387920]           BasicSheet.java:979  | Stored /sheet#1/sheet#1.xml
2017-10-06 15:50:22,946 INFO [91387920]       StepMonitoring.java:96   | CHORDS
2017-10-06 15:50:22,964 INFO [91387920]            BasicBook.java:1395 | Stored /book.xml
2017-10-06 15:50:23,731 INFO [91387920]           BasicSheet.java:979  | Stored /sheet#1/sheet#1.xml
2017-10-06 15:50:23,734 INFO [91387920]       StepMonitoring.java:96   | CURVES
2017-10-06 15:50:25,575 INFO [91387920]         SlursBuilder.java:157  | Slurs: 24
2017-10-06 15:50:25,653 INFO [91387920]      SegmentsBuilder.java:113  | Segments: 14
2017-10-06 15:50:25,661 INFO [91387920]            BasicBook.java:1395 | Stored /book.xml
2017-10-06 15:50:26,676 INFO [91387920]           BasicSheet.java:979  | Stored /sheet#1/sheet#1.xml
2017-10-06 15:50:26,678 INFO [91387920]       StepMonitoring.java:96   | SYMBOLS
2017-10-06 15:50:29,398 INFO [91387920]            BasicBook.java:1395 | Stored /book.xml
2017-10-06 15:50:30,819 INFO [91387920]           BasicSheet.java:979  | Stored /sheet#1/sheet#1.xml
2017-10-06 15:50:30,822 INFO [91387920]       StepMonitoring.java:96   | LINKS
2017-10-06 15:50:30,892 INFO [91387920]            BasicBook.java:1395 | Stored /book.xml
2017-10-06 15:50:32,239 INFO [91387920]           BasicSheet.java:979  | Stored /sheet#1/sheet#1.xml
2017-10-06 15:50:32,243 INFO [91387920]       StepMonitoring.java:96   | RHYTHMS
2017-10-06 15:50:32,296 INFO [91387920]           PageRhythm.java:314  | Range{1-17} Durations avgGuess:1 topGuess:1 avgValue:0.96 stacks:17 voices:54 Histogram{1/2-5/4 size:5 [1/2=5 3/4=6 1=36 9/8=1 5/4=6]}
2017-10-06 15:50:32,297 INFO [91387920]           PageRhythm.java:221  | S1 Range{1-17 dur:1} should update to 1-based time sig?
2017-10-06 15:50:32,298 INFO [91387920]                Voice.java:257  | S1 MeasureStack#1 Voice #1 too long 1/4
2017-10-06 15:50:32,299 INFO [91387920]           StackTuner.java:92   | S1 MeasureStack#1 no correct rhythm
2017-10-06 15:50:32,305 INFO [91387920]                Voice.java:257  | S2 MeasureStack#6 Voice #1 too long 1/4
2017-10-06 15:50:32,306 INFO [91387920]                Voice.java:257  | S2 MeasureStack#6 Voice #2 too long 1/4
2017-10-06 15:50:32,306 INFO [91387920]                Voice.java:257  | S2 MeasureStack#6 Voice #3 too long 1/4
2017-10-06 15:50:32,307 INFO [91387920]           StackTuner.java:92   | S2 MeasureStack#6 no correct rhythm
2017-10-06 15:50:32,311 INFO [91387920]         SlotsBuilder.java:427  | S3 MeasureStack#10 Slot{#4 xOffset=377 timeOffset=3/4 incomings=[#5344] SUSPICIOUS}
2017-10-06 15:50:32,312 INFO [91387920]                Voice.java:257  | S3 MeasureStack#10 Voice #1 too long 1/4
2017-10-06 15:50:32,312 INFO [91387920]                Voice.java:257  | S3 MeasureStack#10 Voice #3 too long 1/4
2017-10-06 15:50:32,313 INFO [91387920]           StackTuner.java:92   | S3 MeasureStack#10 no correct rhythm
2017-10-06 15:50:32,314 INFO [91387920]                Voice.java:257  | S3 MeasureStack#11 Voice #1 too long 1/4
2017-10-06 15:50:32,315 INFO [91387920]                Voice.java:257  | S3 MeasureStack#11 Voice #4 too long 1/4
2017-10-06 15:50:32,315 INFO [91387920]           StackTuner.java:92   | S3 MeasureStack#11 no correct rhythm
2017-10-06 15:50:32,316 INFO [91387920]         SlotsBuilder.java:427  | S3 MeasureStack#12 Slot{#4 xOffset=221 timeOffset=3/4 incomings=[#5355] SUSPICIOUS}
2017-10-06 15:50:32,317 INFO [91387920]                Voice.java:257  | S3 MeasureStack#12 Voice #2 too long 1/4
2017-10-06 15:50:32,317 INFO [91387920]                Voice.java:257  | S3 MeasureStack#12 Voice #4 too long 1/4
2017-10-06 15:50:32,317 INFO [91387920]           StackTuner.java:92   | S3 MeasureStack#12 no correct rhythm
2017-10-06 15:50:32,322 INFO [91387920]                Voice.java:257  | S4 MeasureStack#15 Voice #1 too long 1/8
2017-10-06 15:50:32,323 INFO [91387920]           StackTuner.java:92   | S4 MeasureStack#15 no correct rhythm
2017-10-06 15:50:32,338 INFO [91387920]           PageRhythm.java:314  | Range{1-9 ts:2/4} Durations avgGuess:1/2 topGuess:1/2 avgValue:0.52 stacks:9 voices:22 Histogram{1/4-11/16 size:5 [1/4=1 1/2=17 9/16=1 5/8=2 11/16=1]}
2017-10-06 15:50:32,345 INFO [91387920]         SlotsBuilder.java:427  | S5 MeasureStack#3 Slot{#6 xOffset=206 timeOffset=1/2 incomings=[#5405] SUSPICIOUS}
2017-10-06 15:50:32,345 INFO [91387920]                Voice.java:257  | S5 MeasureStack#3 Voice #1 too long 1/4
2017-10-06 15:50:32,346 INFO [91387920]           StackTuner.java:92   | S5 MeasureStack#3 no correct rhythm
2017-10-06 15:50:32,348 INFO [91387920]                Voice.java:257  | S5 MeasureStack#5 Voice #1 too long 3/16
2017-10-06 15:50:32,349 INFO [91387920]                Voice.java:257  | S5 MeasureStack#5 Voice #2 too long 1/8
2017-10-06 15:50:32,349 INFO [91387920]           StackTuner.java:92   | S5 MeasureStack#5 no correct rhythm
2017-10-06 15:50:32,353 INFO [91387920]                Voice.java:257  | S6 MeasureStack#8 Voice #1 too long 1/8
2017-10-06 15:50:32,354 INFO [91387920]           StackTuner.java:92   | S6 MeasureStack#8 no correct rhythm
2017-10-06 15:50:32,355 INFO [91387920]                Voice.java:257  | S6 MeasureStack#9 Voice #1 too long 1/16
2017-10-06 15:50:32,356 INFO [91387920]           StackTuner.java:92   | S6 MeasureStack#9 no correct rhythm
2017-10-06 15:50:32,388 INFO [91387920]            BasicBook.java:1395 | Stored /book.xml
2017-10-06 15:50:33,812 INFO [91387920]           BasicSheet.java:979  | Stored /sheet#1/sheet#1.xml
2017-10-06 15:50:33,815 INFO [91387920]       StepMonitoring.java:96   | PAGE
2017-10-06 15:50:33,818 INFO [91387920]                 Part.java:267  | Could not left-connect slur#5686
2017-10-06 15:50:33,819 INFO [91387920]                 Part.java:267  | Could not left-connect slur#5476
2017-10-06 15:50:33,820 INFO [91387920]                Voice.java:257  | S1 MeasureStack#1 Voice #1 too long 1/4
2017-10-06 15:50:33,821 INFO [91387920]                Voice.java:257  | S2 MeasureStack#6 Voice #1 too long 1/4
2017-10-06 15:50:33,822 INFO [91387920]                Voice.java:257  | S2 MeasureStack#6 Voice #2 too long 1/4
2017-10-06 15:50:33,822 INFO [91387920]                Voice.java:257  | S2 MeasureStack#6 Voice #3 too long 1/4
2017-10-06 15:50:33,822 INFO [91387920]                Voice.java:257  | S3 MeasureStack#10 Voice #1 too long 1/4
2017-10-06 15:50:33,822 INFO [91387920]                Voice.java:257  | S3 MeasureStack#10 Voice #3 too long 1/4
2017-10-06 15:50:33,823 INFO [91387920]                Voice.java:257  | S3 MeasureStack#11 Voice #1 too long 1/4
2017-10-06 15:50:33,823 INFO [91387920]                Voice.java:257  | S3 MeasureStack#11 Voice #4 too long 1/4
2017-10-06 15:50:33,824 INFO [91387920]                Voice.java:257  | S3 MeasureStack#12 Voice #2 too long 1/4
2017-10-06 15:50:33,824 INFO [91387920]                Voice.java:257  | S3 MeasureStack#12 Voice #4 too long 1/4
2017-10-06 15:50:33,824 INFO [91387920]                Voice.java:257  | S4 MeasureStack#15 Voice #1 too long 1/8
2017-10-06 15:50:33,825 INFO [91387920]                Voice.java:257  | S5 MeasureStack#3 Voice #1 too long 1/4
2017-10-06 15:50:33,825 INFO [91387920]                Voice.java:257  | S5 MeasureStack#5 Voice #1 too long 3/16
2017-10-06 15:50:33,826 INFO [91387920]                Voice.java:257  | S5 MeasureStack#5 Voice #2 too long 1/8
2017-10-06 15:50:33,826 INFO [91387920]                Voice.java:257  | S6 MeasureStack#8 Voice #1 too long 1/8
2017-10-06 15:50:33,827 INFO [91387920]                Voice.java:257  | S6 MeasureStack#9 Voice #1 too long 1/16
2017-10-06 15:50:33,829 INFO [91387920]            BasicBook.java:1395 | Stored /book.xml
2017-10-06 15:50:35,005 INFO [91387920]           BasicSheet.java:979  | Stored /sheet#1/sheet#1.xml
2017-10-06 15:50:35,008 INFO [91387920]            BasicStub.java:723  | Sheet{91387920} disposed
2017-10-06 15:50:36,168 INFO [91387920]            BasicStub.java:449  | Loaded /sheet#1/sheet#1.xml
2017-10-06 15:50:36,170 INFO [91387920]            BasicBook.java:1133 | Scores built: 2
2017-10-06 15:50:37,239 WARN [91387920]      PartwiseBuilder.java:1379 | Error visiting null
java.lang.NullPointerException: null
	at org.audiveris.omr.score.PartwiseBuilder.processKey(PartwiseBuilder.java:1344)
	at org.audiveris.omr.score.PartwiseBuilder.processKeys(PartwiseBuilder.java:1407)
	at org.audiveris.omr.score.PartwiseBuilder.processMeasure(PartwiseBuilder.java:1575)
	at org.audiveris.omr.score.PartwiseBuilder.processPart(PartwiseBuilder.java:1988)
	at org.audiveris.omr.score.PartwiseBuilder.processSystem(PartwiseBuilder.java:2528)
	at org.audiveris.omr.score.PartwiseBuilder.processLogicalPart(PartwiseBuilder.java:1433)
	at org.audiveris.omr.score.PartwiseBuilder.processStub(PartwiseBuilder.java:2483)
	at org.audiveris.omr.score.PartwiseBuilder.processPartList(PartwiseBuilder.java:2017)
	at org.audiveris.omr.score.PartwiseBuilder.processScore(PartwiseBuilder.java:2195)
	at org.audiveris.omr.score.PartwiseBuilder.build(PartwiseBuilder.java:307)
	at org.audiveris.omr.score.ScoreExporter.export(ScoreExporter.java:117)
	at org.audiveris.omr.score.ScoreExporter.export(ScoreExporter.java:91)
	at org.audiveris.omr.sheet.BasicBook.export(BasicBook.java:589)
	at org.audiveris.omr.CLI$ProcessingTask.processBook(CLI.java:785)
	at org.audiveris.omr.CLI$CliTask.call(CLI.java:344)
	at org.audiveris.omr.Main.runBatchTasks(Main.java:316)
	at org.audiveris.omr.Main.main(Main.java:155)
	at Audiveris.main(Audiveris.java:49)
2017-10-06 15:50:37,301 INFO [91387920]        ScoreExporter.java:93   | Score 91387920.mvt1 exported to /Users/stephenn/Documents/workspace/nlsomr/xml_out/91386487/91387920/91387920.mvt1.mxl
2017-10-06 15:50:37,306 WARN [91387920]      PartwiseBuilder.java:1379 | Error visiting null
java.lang.NullPointerException: null
	at org.audiveris.omr.score.PartwiseBuilder.processKey(PartwiseBuilder.java:1344)
	at org.audiveris.omr.score.PartwiseBuilder.processKeys(PartwiseBuilder.java:1407)
	at org.audiveris.omr.score.PartwiseBuilder.processMeasure(PartwiseBuilder.java:1575)
	at org.audiveris.omr.score.PartwiseBuilder.processPart(PartwiseBuilder.java:1988)
	at org.audiveris.omr.score.PartwiseBuilder.processSystem(PartwiseBuilder.java:2528)
	at org.audiveris.omr.score.PartwiseBuilder.processLogicalPart(PartwiseBuilder.java:1433)
	at org.audiveris.omr.score.PartwiseBuilder.processStub(PartwiseBuilder.java:2483)
	at org.audiveris.omr.score.PartwiseBuilder.processPartList(PartwiseBuilder.java:2017)
	at org.audiveris.omr.score.PartwiseBuilder.processScore(PartwiseBuilder.java:2195)
	at org.audiveris.omr.score.PartwiseBuilder.build(PartwiseBuilder.java:307)
	at org.audiveris.omr.score.ScoreExporter.export(ScoreExporter.java:117)
	at org.audiveris.omr.score.ScoreExporter.export(ScoreExporter.java:91)
	at org.audiveris.omr.sheet.BasicBook.export(BasicBook.java:589)
	at org.audiveris.omr.CLI$ProcessingTask.processBook(CLI.java:785)
	at org.audiveris.omr.CLI$CliTask.call(CLI.java:344)
	at org.audiveris.omr.Main.runBatchTasks(Main.java:316)
	at org.audiveris.omr.Main.main(Main.java:155)
	at Audiveris.main(Audiveris.java:49)
2017-10-06 15:50:37,325 INFO [91387920]        ScoreExporter.java:93   | Score 91387920.mvt2 exported to /Users/stephenn/Documents/workspace/nlsomr/xml_out/91386487/91387920/91387920.mvt2.mxl
2017-10-06 15:50:37,502 INFO [91387920]            BasicBook.java:1395 | Stored /book.xml
2017-10-06 15:50:37,502 INFO [91387920]            BasicBook.java:1355 | Book stored as /Users/stephenn/Documents/workspace/nlsomr/xml_out/91386487/91387920/91387920.omr
