2017-10-06 15:07:32,226 INFO [91387344]            BasicBook.java:427  | 1 sheet in /Users/stephenn/Documents/workspace/nlsomr/working/91387344.jpg
2017-10-06 15:07:32,406 INFO []            BasicBook.java:1395 | Stored /book.xml
2017-10-06 15:07:32,407 INFO []            BasicBook.java:1355 | Book stored as /Users/stephenn/Documents/workspace/nlsomr/xml_out/91386487/91387344/91387344.omr
2017-10-06 15:07:32,413 INFO []            BasicBook.java:996  | Book reaching PAGE on sheets:[#1]
2017-10-06 15:07:32,415 INFO [91387344]       StepMonitoring.java:96   | LOAD
2017-10-06 15:07:32,568 INFO [91387344]            BasicBook.java:911  | Loaded image 1 2000x3056 from /Users/stephenn/Documents/workspace/nlsomr/working/91387344.jpg
2017-10-06 15:07:32,573 INFO [91387344]            ImageUtil.java:82   | Converting max RGB to gray ...
2017-10-06 15:07:32,818 INFO [91387344]            BasicBook.java:1395 | Stored /book.xml
2017-10-06 15:07:33,125 INFO [91387344]           BasicSheet.java:979  | Stored /sheet#1/sheet#1.xml
2017-10-06 15:07:33,127 INFO [91387344]       StepMonitoring.java:96   | BINARY
2017-10-06 15:07:33,751 INFO [91387344]            BasicBook.java:1395 | Stored /book.xml
2017-10-06 15:07:34,103 INFO [91387344]              Picture.java:786  | Stored /sheet#1/BINARY.xml
2017-10-06 15:07:34,105 INFO [91387344]           BasicSheet.java:979  | Stored /sheet#1/sheet#1.xml
2017-10-06 15:07:34,107 INFO [91387344]       StepMonitoring.java:96   | SCALE
2017-10-06 15:07:34,153 INFO [91387344]            ScaleStep.java:87   | Scale{line(3,4,6) interline(16,16,17) beam(13)}
2017-10-06 15:07:34,155 INFO [91387344]            BasicBook.java:1395 | Stored /book.xml
2017-10-06 15:07:34,156 INFO [91387344]           BasicSheet.java:979  | Stored /sheet#1/sheet#1.xml
2017-10-06 15:07:34,159 INFO [91387344]       StepMonitoring.java:96   | GRID
2017-10-06 15:07:35,167 INFO [91387344]       LinesRetriever.java:442  | Global slope: 0.00000
2017-10-06 15:07:35,255 INFO [91387344]    ClustersRetriever.java:241  | Retrieved line clusters: 12 of size: 5 with interline: (16,16,17)
2017-10-06 15:07:35,794 INFO [91387344]            PeakGraph.java:181  | Systems: #1[1, 2] #2[3, 4] #3[5, 6] #4[7, 8] #5[9, 10] #6[11, 12]
2017-10-06 15:07:36,818 INFO [91387344]        SystemManager.java:626  | Indentation detected for system#1
2017-10-06 15:07:36,819 INFO [91387344]        SystemManager.java:709  | 1 part along 6 systems
2017-10-06 15:07:36,822 INFO [91387344]            BasicBook.java:1395 | Stored /book.xml
2017-10-06 15:07:37,064 INFO [91387344]           BasicSheet.java:979  | Stored /sheet#1/sheet#1.xml
2017-10-06 15:07:37,067 INFO [91387344]       StepMonitoring.java:96   | HEADERS
2017-10-06 15:07:37,436 INFO []          Nd4jBackend.java:194  | Loaded [CpuBackend] backend
2017-10-06 15:07:37,503 INFO []      NativeOpsHolder.java:49   | Number of threads used for NativeOps: 2
2017-10-06 15:07:38,024 INFO [] DefaultOpExecutioner.java:544  | Backend used: [CPU]; OS: [Mac OS X]
2017-10-06 15:07:38,024 INFO [] DefaultOpExecutioner.java:545  | Cores: [4]; Memory: [3.6GB];
2017-10-06 15:07:38,024 INFO [] DefaultOpExecutioner.java:546  | Blas vendor: [OPENBLAS]
2017-10-06 15:07:38,071 INFO []   AbstractClassifier.java:332  | Classifier data loaded from default uri jar:file:/Users/stephenn/Documents/workspace/audiveris/build/distributions/Audiveris/lib/audiveris.jar!/res/basic-classifier.zip
2017-10-06 15:07:39,638 WARN [91387344]          ClefBuilder.java:560  | Staff#2 no header clef.
2017-10-06 15:07:40,375 WARN [91387344]          ClefBuilder.java:560  | Staff#6 no header clef.
2017-10-06 15:07:40,584 WARN [91387344]          ClefBuilder.java:560  | Staff#8 no header clef.
2017-10-06 15:07:41,184 INFO [91387344]            BasicBook.java:1395 | Stored /book.xml
2017-10-06 15:07:41,585 INFO []   AbstractClassifier.java:332  | Classifier data loaded from default uri jar:file:/Users/stephenn/Documents/workspace/audiveris/build/distributions/Audiveris/lib/audiveris.jar!/res/deep-classifier.zip
2017-10-06 15:07:41,612 INFO [91387344]           BasicSheet.java:979  | Stored /sheet#1/sheet#1.xml
2017-10-06 15:07:41,616 INFO [91387344]       StepMonitoring.java:96   | STEM_SEEDS
2017-10-06 15:07:41,717 INFO [91387344]        StemSeedsStep.java:91   | stem(4 max:5)
2017-10-06 15:07:41,840 INFO [91387344]            BasicBook.java:1395 | Stored /book.xml
2017-10-06 15:07:42,147 INFO [91387344]           BasicSheet.java:979  | Stored /sheet#1/sheet#1.xml
2017-10-06 15:07:42,150 INFO [91387344]       StepMonitoring.java:96   | BEAMS
2017-10-06 15:07:46,958 INFO [91387344]            BeamsStep.java:89   | BeamDistance{count:4 mean:14.20 stdDev:1.87}
2017-10-06 15:07:46,960 INFO [91387344]            BasicBook.java:1395 | Stored /book.xml
2017-10-06 15:07:47,023 INFO [91387344]              Picture.java:786  | Stored /sheet#1/HEAD_SPOTS.xml
2017-10-06 15:07:47,422 INFO [91387344]           BasicSheet.java:979  | Stored /sheet#1/sheet#1.xml
2017-10-06 15:07:47,424 INFO [91387344]       StepMonitoring.java:96   | LEDGERS
2017-10-06 15:07:47,838 INFO [91387344]            BasicBook.java:1395 | Stored /book.xml
2017-10-06 15:07:48,332 INFO [91387344]           BasicSheet.java:979  | Stored /sheet#1/sheet#1.xml
2017-10-06 15:07:48,334 INFO [91387344]       StepMonitoring.java:96   | HEADS
2017-10-06 15:07:51,962 INFO [91387344]            BasicBook.java:1395 | Stored /book.xml
2017-10-06 15:07:52,863 INFO [91387344]           BasicSheet.java:979  | Stored /sheet#1/sheet#1.xml
2017-10-06 15:07:52,865 INFO [91387344]       StepMonitoring.java:96   | STEMS
2017-10-06 15:07:54,187 INFO [91387344]            BasicBook.java:1395 | Stored /book.xml
2017-10-06 15:07:55,377 INFO [91387344]           BasicSheet.java:979  | Stored /sheet#1/sheet#1.xml
2017-10-06 15:07:55,379 INFO [91387344]       StepMonitoring.java:96   | REDUCTION
2017-10-06 15:07:55,852 INFO [91387344]            BasicBook.java:1395 | Stored /book.xml
2017-10-06 15:07:56,777 INFO [91387344]           BasicSheet.java:979  | Stored /sheet#1/sheet#1.xml
2017-10-06 15:07:56,780 INFO [91387344]       StepMonitoring.java:96   | CUE_BEAMS
2017-10-06 15:07:56,786 INFO [91387344]            BasicBook.java:1395 | Stored /book.xml
2017-10-06 15:07:57,675 INFO [91387344]           BasicSheet.java:979  | Stored /sheet#1/sheet#1.xml
2017-10-06 15:07:57,678 INFO [91387344]       StepMonitoring.java:96   | TEXTS
2017-10-06 15:07:58,854 INFO [91387344]            BasicBook.java:1395 | Stored /book.xml
2017-10-06 15:07:59,478 INFO [91387344]           BasicSheet.java:979  | Stored /sheet#1/sheet#1.xml
2017-10-06 15:07:59,480 INFO [91387344]       StepMonitoring.java:96   | MEASURES
2017-10-06 15:07:59,485 INFO [91387344]                 Page.java:210  | 27 raw measures: [4 in system#1, 5 in system#2, 5 in system#3, 4 in system#4, 5 in system#5, 4 in system#6]
2017-10-06 15:07:59,486 INFO [91387344]            BasicBook.java:1395 | Stored /book.xml
2017-10-06 15:08:00,181 INFO [91387344]           BasicSheet.java:979  | Stored /sheet#1/sheet#1.xml
2017-10-06 15:08:00,183 INFO [91387344]       StepMonitoring.java:96   | CHORDS
2017-10-06 15:08:00,199 INFO [91387344]            BasicBook.java:1395 | Stored /book.xml
2017-10-06 15:08:00,927 INFO [91387344]           BasicSheet.java:979  | Stored /sheet#1/sheet#1.xml
2017-10-06 15:08:00,930 INFO [91387344]       StepMonitoring.java:96   | CURVES
2017-10-06 15:08:02,756 INFO [91387344]         SlursBuilder.java:157  | Slurs: 23
2017-10-06 15:08:02,786 INFO [91387344]      SegmentsBuilder.java:113  | Segments: 16
2017-10-06 15:08:02,795 INFO [91387344]            BasicBook.java:1395 | Stored /book.xml
2017-10-06 15:08:03,569 INFO [91387344]           BasicSheet.java:979  | Stored /sheet#1/sheet#1.xml
2017-10-06 15:08:03,571 INFO [91387344]       StepMonitoring.java:96   | SYMBOLS
2017-10-06 15:08:06,680 INFO [91387344]            BasicBook.java:1395 | Stored /book.xml
2017-10-06 15:08:07,664 INFO [91387344]           BasicSheet.java:979  | Stored /sheet#1/sheet#1.xml
2017-10-06 15:08:07,666 INFO [91387344]       StepMonitoring.java:96   | LINKS
2017-10-06 15:08:07,704 INFO [91387344]            BasicBook.java:1395 | Stored /book.xml
2017-10-06 15:08:08,717 INFO [91387344]           BasicSheet.java:979  | Stored /sheet#1/sheet#1.xml
2017-10-06 15:08:08,720 INFO [91387344]       StepMonitoring.java:96   | RHYTHMS
2017-10-06 15:08:08,772 INFO [91387344]         SlotsBuilder.java:399  | Stack#20 suspicious Slot{#3 xOffset=116 timeOffset=1/4 incomings=[#6118]}
2017-10-06 15:08:08,777 INFO [91387344]         SlotsBuilder.java:399  | Stack#22 suspicious Slot{#3 xOffset=128 timeOffset=1/4 incomings=[#6130]}
2017-10-06 15:08:08,780 INFO [91387344]         SlotsBuilder.java:434  | Stack#24 endless loop detected
2017-10-06 15:08:08,791 INFO [91387344]           PageRhythm.java:314  | Range{1-27 ts:4/4} Durations avgGuess:1 topGuess:1 avgValue:0.93 stacks:27 voices:58 Histogram{1/8-13/8 size:19 [1/8=4 1/4=5 9/32=1 5/16=1 3/8=2 1/2=6 5/8=2 17/24=1 3/4=4 13/16=1 7/8=1 15/16=1 1=15 9/8=7 19/16=1 5/4=1 21/16=1 11/8=2 13/8=2]}
2017-10-06 15:08:08,797 INFO [91387344]         SlotsBuilder.java:427  | S1 MeasureStack#3 Slot{#9 xOffset=335 timeOffset=1 incomings=[#5931] SUSPICIOUS}
2017-10-06 15:08:08,797 INFO [91387344]                Voice.java:257  | S1 MeasureStack#3 Voice #1 too long 1/8
2017-10-06 15:08:08,798 INFO [91387344]                Voice.java:257  | S1 MeasureStack#3 Voice #2 too long 1/4
2017-10-06 15:08:08,798 INFO [91387344]           StackTuner.java:92   | S1 MeasureStack#3 no correct rhythm
2017-10-06 15:08:08,802 INFO [91387344]                Voice.java:257  | S2 MeasureStack#5 Voice #1 too long 1/4
2017-10-06 15:08:08,802 INFO [91387344]                Voice.java:257  | S2 MeasureStack#5 Voice #2 too long 1/8
2017-10-06 15:08:08,802 INFO [91387344]           StackTuner.java:92   | S2 MeasureStack#5 no correct rhythm
2017-10-06 15:08:08,805 INFO [91387344]         SlotsBuilder.java:427  | S2 MeasureStack#7 Slot{#7 xOffset=199 timeOffset=5/8 incomings=[#5956] SUSPICIOUS}
2017-10-06 15:08:08,806 INFO [91387344]                Voice.java:257  | S2 MeasureStack#7 Voice #1 too long 1/8
2017-10-06 15:08:08,806 INFO [91387344]                Voice.java:257  | S2 MeasureStack#7 Voice #2 too long 1/8
2017-10-06 15:08:08,807 INFO [91387344]           StackTuner.java:92   | S2 MeasureStack#7 no correct rhythm
2017-10-06 15:08:08,811 INFO [91387344]                Voice.java:257  | S2 MeasureStack#8 Voice #1 too long 5/8
2017-10-06 15:08:08,812 INFO [91387344]                Voice.java:257  | S2 MeasureStack#8 Voice #2 too long 3/8
2017-10-06 15:08:08,812 INFO [91387344]           StackTuner.java:92   | S2 MeasureStack#8 no correct rhythm
2017-10-06 15:08:08,814 INFO [91387344]                Voice.java:257  | S2 MeasureStack#9 Voice #1 too long 1/8
2017-10-06 15:08:08,814 INFO [91387344]                Voice.java:257  | S2 MeasureStack#9 Voice #2 too long 1/8
2017-10-06 15:08:08,814 INFO [91387344]           StackTuner.java:92   | S2 MeasureStack#9 no correct rhythm
2017-10-06 15:08:08,819 INFO [91387344]         SlotsBuilder.java:427  | S3 MeasureStack#13 Slot{#4 xOffset=126 timeOffset=5/16 incomings=[#6011] SUSPICIOUS}
2017-10-06 15:08:08,820 INFO [91387344]         SlotsBuilder.java:427  | S3 MeasureStack#13 Slot{#9 xOffset=289 timeOffset=1 incomings=[#6036] SUSPICIOUS}
2017-10-06 15:08:08,820 INFO [91387344]                Voice.java:257  | S3 MeasureStack#13 Voice #1 too long 3/16
2017-10-06 15:08:08,821 INFO [91387344]                Voice.java:257  | S3 MeasureStack#13 Voice #2 too long 1/4
2017-10-06 15:08:08,821 INFO [91387344]           StackTuner.java:92   | S3 MeasureStack#13 no correct rhythm
2017-10-06 15:08:08,826 INFO [91387344]         SlotsBuilder.java:427  | S3 MeasureStack#14 Slot{#9 xOffset=320 timeOffset=9/8 incomings=[#7590] SUSPICIOUS}
2017-10-06 15:08:08,827 INFO [91387344]                Voice.java:257  | S3 MeasureStack#14 Voice #1 too long 3/16
2017-10-06 15:08:08,827 INFO [91387344]                Voice.java:257  | S3 MeasureStack#14 Voice #2 too long 1/4
2017-10-06 15:08:08,828 INFO [91387344]           StackTuner.java:92   | S3 MeasureStack#14 no correct rhythm
2017-10-06 15:08:08,829 INFO [91387344]         SlotsBuilder.java:427  | S4 MeasureStack#15 Slot{#4 xOffset=258 timeOffset=9/32 incomings=[#6043] SUSPICIOUS}
2017-10-06 15:08:08,832 INFO [91387344]         SlotsBuilder.java:427  | S4 MeasureStack#15 Slot{#7 xOffset=342 timeOffset=17/32 incomings=[#6045] SUSPICIOUS}
2017-10-06 15:08:08,833 INFO [91387344]         SlotsBuilder.java:427  | S4 MeasureStack#15 Slot{#10 xOffset=435 timeOffset=25/32 incomings=[#6047] SUSPICIOUS}
2017-10-06 15:08:08,834 INFO [91387344]                Voice.java:257  | S4 MeasureStack#15 Voice #1 too long 1/32
2017-10-06 15:08:08,834 INFO [91387344]           StackTuner.java:92   | S4 MeasureStack#15 no correct rhythm
2017-10-06 15:08:08,837 INFO [91387344]                Voice.java:257  | S4 MeasureStack#16 Voice #1 too long 1/8
2017-10-06 15:08:08,838 INFO [91387344]                Voice.java:257  | S4 MeasureStack#16 Voice #2 too long 1/8
2017-10-06 15:08:08,838 INFO [91387344]           StackTuner.java:92   | S4 MeasureStack#16 no correct rhythm
2017-10-06 15:08:08,839 INFO [91387344]         SlotsBuilder.java:427  | S4 MeasureStack#17 Slot{#7 xOffset=313 timeOffset=3/4 incomings=[#6082] SUSPICIOUS}
2017-10-06 15:08:08,844 INFO [91387344]         SlotsBuilder.java:427  | S4 MeasureStack#18 Slot{#4 xOffset=126 timeOffset=3/8 incomings=[#6084] SUSPICIOUS}
2017-10-06 15:08:08,846 INFO [91387344]         SlotsBuilder.java:427  | S4 MeasureStack#18 Slot{#7 xOffset=218 timeOffset=5/8 incomings=[#6085] SUSPICIOUS}
2017-10-06 15:08:08,846 INFO [91387344]         SlotsBuilder.java:427  | S4 MeasureStack#18 Slot{#9 xOffset=280 timeOffset=7/8 incomings=[#6086] SUSPICIOUS}
2017-10-06 15:08:08,846 INFO [91387344]                Voice.java:257  | S4 MeasureStack#18 Voice #2 too long 1/8
2017-10-06 15:08:08,847 INFO [91387344]           StackTuner.java:92   | S4 MeasureStack#18 no correct rhythm
2017-10-06 15:08:08,849 INFO [91387344]         SlotsBuilder.java:427  | S5 MeasureStack#20 Slot{#6 xOffset=214 timeOffset=1/2 incomings=[#6119#6120] SUSPICIOUS}
2017-10-06 15:08:08,850 INFO [91387344]         SlotsBuilder.java:434  | Stack#20 endless loop detected
2017-10-06 15:08:08,852 INFO [91387344]         SlotsBuilder.java:427  | S5 MeasureStack#21 Slot{#7 xOffset=306 timeOffset=3/4 incomings=[#6127] SUSPICIOUS}
2017-10-06 15:08:08,854 INFO [91387344]         SlotsBuilder.java:434  | Stack#22 endless loop detected
2017-10-06 15:08:08,855 INFO [91387344]                Voice.java:257  | S5 MeasureStack#22 Voice #2 too long 1/4
2017-10-06 15:08:08,855 INFO [91387344]           StackTuner.java:92   | S5 MeasureStack#22 no correct rhythm
2017-10-06 15:08:08,856 INFO [91387344]                Voice.java:257  | S5 MeasureStack#23 Voice #2 too long 5/16
2017-10-06 15:08:08,857 INFO [91387344]           StackTuner.java:92   | S5 MeasureStack#23 no correct rhythm
2017-10-06 15:08:08,859 INFO [91387344]         SlotsBuilder.java:434  | Stack#24 endless loop detected
2017-10-06 15:08:08,862 INFO [91387344]                Voice.java:257  | S6 MeasureStack#26 Voice #1 too long 5/8
2017-10-06 15:08:08,863 INFO [91387344]                Voice.java:257  | S6 MeasureStack#26 Voice #2 too long 3/8
2017-10-06 15:08:08,863 INFO [91387344]           StackTuner.java:92   | S6 MeasureStack#26 no correct rhythm
2017-10-06 15:08:08,865 INFO [91387344]                Voice.java:257  | S6 MeasureStack#27 Voice #1 too long 1/8
2017-10-06 15:08:08,865 INFO [91387344]           StackTuner.java:92   | S6 MeasureStack#27 no correct rhythm
2017-10-06 15:08:08,869 INFO [91387344]            BasicBook.java:1395 | Stored /book.xml
2017-10-06 15:08:09,912 INFO [91387344]           BasicSheet.java:979  | Stored /sheet#1/sheet#1.xml
2017-10-06 15:08:09,915 INFO [91387344]       StepMonitoring.java:96   | PAGE
2017-10-06 15:08:09,918 INFO [91387344]                 Part.java:275  | Could not right-connect slur#6230
2017-10-06 15:08:09,919 INFO [91387344]                Voice.java:257  | S1 MeasureStack#3 Voice #1 too long 1/8
2017-10-06 15:08:09,920 INFO [91387344]                Voice.java:257  | S1 MeasureStack#3 Voice #2 too long 1/4
2017-10-06 15:08:09,920 INFO [91387344]                Voice.java:257  | S2 MeasureStack#5 Voice #1 too long 1/4
2017-10-06 15:08:09,920 INFO [91387344]                Voice.java:257  | S2 MeasureStack#5 Voice #2 too long 1/8
2017-10-06 15:08:09,920 INFO [91387344]                Voice.java:257  | S2 MeasureStack#7 Voice #1 too long 1/8
2017-10-06 15:08:09,920 INFO [91387344]                Voice.java:257  | S2 MeasureStack#7 Voice #2 too long 1/8
2017-10-06 15:08:09,920 INFO [91387344]                Voice.java:257  | S2 MeasureStack#8 Voice #1 too long 5/8
2017-10-06 15:08:09,921 INFO [91387344]                Voice.java:257  | S2 MeasureStack#8 Voice #2 too long 3/8
2017-10-06 15:08:09,921 INFO [91387344]                Voice.java:257  | S2 MeasureStack#9 Voice #1 too long 1/8
2017-10-06 15:08:09,921 INFO [91387344]                Voice.java:257  | S2 MeasureStack#9 Voice #2 too long 1/8
2017-10-06 15:08:09,921 INFO [91387344]                Voice.java:257  | S3 MeasureStack#13 Voice #1 too long 3/16
2017-10-06 15:08:09,921 INFO [91387344]                Voice.java:257  | S3 MeasureStack#13 Voice #2 too long 1/4
2017-10-06 15:08:09,922 INFO [91387344]                Voice.java:257  | S3 MeasureStack#14 Voice #1 too long 3/16
2017-10-06 15:08:09,922 INFO [91387344]                Voice.java:257  | S3 MeasureStack#14 Voice #2 too long 1/4
2017-10-06 15:08:09,922 INFO [91387344]                Voice.java:257  | S4 MeasureStack#15 Voice #1 too long 1/32
2017-10-06 15:08:09,922 INFO [91387344]                Voice.java:257  | S4 MeasureStack#16 Voice #1 too long 1/8
2017-10-06 15:08:09,922 INFO [91387344]                Voice.java:257  | S4 MeasureStack#16 Voice #2 too long 1/8
2017-10-06 15:08:09,922 INFO [91387344]                Voice.java:257  | S4 MeasureStack#18 Voice #2 too long 1/8
2017-10-06 15:08:09,923 INFO [91387344]                Voice.java:257  | S5 MeasureStack#22 Voice #2 too long 1/4
2017-10-06 15:08:09,923 INFO [91387344]                Voice.java:257  | S5 MeasureStack#23 Voice #2 too long 5/16
2017-10-06 15:08:09,923 INFO [91387344]                Voice.java:257  | S6 MeasureStack#26 Voice #1 too long 5/8
2017-10-06 15:08:09,923 INFO [91387344]                Voice.java:257  | S6 MeasureStack#26 Voice #2 too long 3/8
2017-10-06 15:08:09,924 INFO [91387344]                Voice.java:257  | S6 MeasureStack#27 Voice #1 too long 1/8
2017-10-06 15:08:09,926 INFO [91387344]            BasicBook.java:1395 | Stored /book.xml
2017-10-06 15:08:11,036 INFO [91387344]           BasicSheet.java:979  | Stored /sheet#1/sheet#1.xml
2017-10-06 15:08:11,039 INFO [91387344]            BasicStub.java:723  | Sheet{91387344} disposed
2017-10-06 15:08:12,185 INFO [91387344]            BasicStub.java:449  | Loaded /sheet#1/sheet#1.xml
2017-10-06 15:08:12,187 INFO [91387344]            BasicBook.java:1133 | Scores built: 1
2017-10-06 15:08:13,198 WARN [91387344]      PartwiseBuilder.java:1379 | Error visiting null
java.lang.NullPointerException: null
	at org.audiveris.omr.score.PartwiseBuilder.processKey(PartwiseBuilder.java:1344)
	at org.audiveris.omr.score.PartwiseBuilder.processKeys(PartwiseBuilder.java:1407)
	at org.audiveris.omr.score.PartwiseBuilder.processMeasure(PartwiseBuilder.java:1575)
	at org.audiveris.omr.score.PartwiseBuilder.processPart(PartwiseBuilder.java:1988)
	at org.audiveris.omr.score.PartwiseBuilder.processSystem(PartwiseBuilder.java:2528)
	at org.audiveris.omr.score.PartwiseBuilder.processLogicalPart(PartwiseBuilder.java:1433)
	at org.audiveris.omr.score.PartwiseBuilder.processStub(PartwiseBuilder.java:2483)
	at org.audiveris.omr.score.PartwiseBuilder.processPartList(PartwiseBuilder.java:2017)
	at org.audiveris.omr.score.PartwiseBuilder.processScore(PartwiseBuilder.java:2195)
	at org.audiveris.omr.score.PartwiseBuilder.build(PartwiseBuilder.java:307)
	at org.audiveris.omr.score.ScoreExporter.export(ScoreExporter.java:117)
	at org.audiveris.omr.score.ScoreExporter.export(ScoreExporter.java:91)
	at org.audiveris.omr.sheet.BasicBook.export(BasicBook.java:589)
	at org.audiveris.omr.CLI$ProcessingTask.processBook(CLI.java:785)
	at org.audiveris.omr.CLI$CliTask.call(CLI.java:344)
	at org.audiveris.omr.Main.runBatchTasks(Main.java:316)
	at org.audiveris.omr.Main.main(Main.java:155)
	at Audiveris.main(Audiveris.java:49)
2017-10-06 15:08:13,218 WARN [91387344]      PartwiseBuilder.java:1379 | Error visiting null
java.lang.NullPointerException: null
	at org.audiveris.omr.score.PartwiseBuilder.processKey(PartwiseBuilder.java:1344)
	at org.audiveris.omr.score.PartwiseBuilder.processKeys(PartwiseBuilder.java:1407)
	at org.audiveris.omr.score.PartwiseBuilder.processMeasure(PartwiseBuilder.java:1575)
	at org.audiveris.omr.score.PartwiseBuilder.processPart(PartwiseBuilder.java:1988)
	at org.audiveris.omr.score.PartwiseBuilder.processSystem(PartwiseBuilder.java:2528)
	at org.audiveris.omr.score.PartwiseBuilder.processLogicalPart(PartwiseBuilder.java:1433)
	at org.audiveris.omr.score.PartwiseBuilder.processStub(PartwiseBuilder.java:2483)
	at org.audiveris.omr.score.PartwiseBuilder.processPartList(PartwiseBuilder.java:2017)
	at org.audiveris.omr.score.PartwiseBuilder.processScore(PartwiseBuilder.java:2195)
	at org.audiveris.omr.score.PartwiseBuilder.build(PartwiseBuilder.java:307)
	at org.audiveris.omr.score.ScoreExporter.export(ScoreExporter.java:117)
	at org.audiveris.omr.score.ScoreExporter.export(ScoreExporter.java:91)
	at org.audiveris.omr.sheet.BasicBook.export(BasicBook.java:589)
	at org.audiveris.omr.CLI$ProcessingTask.processBook(CLI.java:785)
	at org.audiveris.omr.CLI$CliTask.call(CLI.java:344)
	at org.audiveris.omr.Main.runBatchTasks(Main.java:316)
	at org.audiveris.omr.Main.main(Main.java:155)
	at Audiveris.main(Audiveris.java:49)
2017-10-06 15:08:13,232 WARN [91387344]      PartwiseBuilder.java:1379 | Error visiting null
java.lang.NullPointerException: null
	at org.audiveris.omr.score.PartwiseBuilder.processKey(PartwiseBuilder.java:1344)
	at org.audiveris.omr.score.PartwiseBuilder.processKeys(PartwiseBuilder.java:1407)
	at org.audiveris.omr.score.PartwiseBuilder.processMeasure(PartwiseBuilder.java:1575)
	at org.audiveris.omr.score.PartwiseBuilder.processPart(PartwiseBuilder.java:1988)
	at org.audiveris.omr.score.PartwiseBuilder.processSystem(PartwiseBuilder.java:2528)
	at org.audiveris.omr.score.PartwiseBuilder.processLogicalPart(PartwiseBuilder.java:1433)
	at org.audiveris.omr.score.PartwiseBuilder.processStub(PartwiseBuilder.java:2483)
	at org.audiveris.omr.score.PartwiseBuilder.processPartList(PartwiseBuilder.java:2017)
	at org.audiveris.omr.score.PartwiseBuilder.processScore(PartwiseBuilder.java:2195)
	at org.audiveris.omr.score.PartwiseBuilder.build(PartwiseBuilder.java:307)
	at org.audiveris.omr.score.ScoreExporter.export(ScoreExporter.java:117)
	at org.audiveris.omr.score.ScoreExporter.export(ScoreExporter.java:91)
	at org.audiveris.omr.sheet.BasicBook.export(BasicBook.java:589)
	at org.audiveris.omr.CLI$ProcessingTask.processBook(CLI.java:785)
	at org.audiveris.omr.CLI$CliTask.call(CLI.java:344)
	at org.audiveris.omr.Main.runBatchTasks(Main.java:316)
	at org.audiveris.omr.Main.main(Main.java:155)
	at Audiveris.main(Audiveris.java:49)
2017-10-06 15:08:13,316 INFO [91387344]        ScoreExporter.java:93   | Score 91387344 exported to /Users/stephenn/Documents/workspace/nlsomr/xml_out/91386487/91387344/91387344.mxl
2017-10-06 15:08:13,488 INFO [91387344]            BasicBook.java:1395 | Stored /book.xml
2017-10-06 15:08:13,489 INFO [91387344]            BasicBook.java:1355 | Book stored as /Users/stephenn/Documents/workspace/nlsomr/xml_out/91386487/91387344/91387344.omr
