2017-10-06 14:46:24,267 INFO [91387056]            BasicBook.java:427  | 1 sheet in /Users/stephenn/Documents/workspace/nlsomr/working/91387056.jpg
2017-10-06 14:46:24,520 INFO []            BasicBook.java:1395 | Stored /book.xml
2017-10-06 14:46:24,520 INFO []            BasicBook.java:1355 | Book stored as /Users/stephenn/Documents/workspace/nlsomr/xml_out/91386487/91387056/91387056.omr
2017-10-06 14:46:24,528 INFO []            BasicBook.java:996  | Book reaching PAGE on sheets:[#1]
2017-10-06 14:46:24,530 INFO [91387056]       StepMonitoring.java:96   | LOAD
2017-10-06 14:46:24,708 INFO [91387056]            BasicBook.java:911  | Loaded image 1 2000x3056 from /Users/stephenn/Documents/workspace/nlsomr/working/91387056.jpg
2017-10-06 14:46:24,712 INFO [91387056]            ImageUtil.java:82   | Converting max RGB to gray ...
2017-10-06 14:46:25,037 INFO [91387056]            BasicBook.java:1395 | Stored /book.xml
2017-10-06 14:46:25,534 INFO [91387056]           BasicSheet.java:979  | Stored /sheet#1/sheet#1.xml
2017-10-06 14:46:25,535 INFO [91387056]       StepMonitoring.java:96   | BINARY
2017-10-06 14:46:26,326 INFO [91387056]            BasicBook.java:1395 | Stored /book.xml
2017-10-06 14:46:26,788 INFO [91387056]              Picture.java:786  | Stored /sheet#1/BINARY.xml
2017-10-06 14:46:26,791 INFO [91387056]           BasicSheet.java:979  | Stored /sheet#1/sheet#1.xml
2017-10-06 14:46:26,794 INFO [91387056]       StepMonitoring.java:96   | SCALE
2017-10-06 14:46:26,843 INFO [91387056]            ScaleStep.java:87   | Scale{line(3,4,5) interline(16,16,17) beam(13)}
2017-10-06 14:46:26,845 INFO [91387056]            BasicBook.java:1395 | Stored /book.xml
2017-10-06 14:46:26,847 INFO [91387056]           BasicSheet.java:979  | Stored /sheet#1/sheet#1.xml
2017-10-06 14:46:26,850 INFO [91387056]       StepMonitoring.java:96   | GRID
2017-10-06 14:46:28,200 INFO [91387056]       LinesRetriever.java:442  | Global slope: -0.00030
2017-10-06 14:46:28,298 INFO [91387056]    ClustersRetriever.java:241  | Retrieved line clusters: 12 of size: 5 with interline: (16,16,17)
2017-10-06 14:46:29,506 INFO [91387056]            PeakGraph.java:181  | Systems: #1[1, 2] #2[3, 4] #3[5, 6] #4[7, 8] #5[9, 10] #6[11, 12]
2017-10-06 14:46:30,737 INFO [91387056]        SystemManager.java:626  | Indentation detected for system#1
2017-10-06 14:46:30,739 INFO [91387056]        SystemManager.java:626  | Indentation detected for system#5
2017-10-06 14:46:30,740 INFO [91387056]        SystemManager.java:671  | 2 pages found in sheet
2017-10-06 14:46:30,740 INFO [91387056]        SystemManager.java:709  | Page #1: 1 part along 4 systems
2017-10-06 14:46:30,741 INFO [91387056]        SystemManager.java:709  | Page #2: 1 part along 2 systems
2017-10-06 14:46:30,745 INFO [91387056]            BasicBook.java:1395 | Stored /book.xml
2017-10-06 14:46:31,045 INFO [91387056]           BasicSheet.java:979  | Stored /sheet#1/sheet#1.xml
2017-10-06 14:46:31,048 INFO [91387056]       StepMonitoring.java:96   | HEADERS
2017-10-06 14:46:31,590 INFO []          Nd4jBackend.java:194  | Loaded [CpuBackend] backend
2017-10-06 14:46:31,671 INFO []      NativeOpsHolder.java:49   | Number of threads used for NativeOps: 2
2017-10-06 14:46:32,187 INFO [] DefaultOpExecutioner.java:544  | Backend used: [CPU]; OS: [Mac OS X]
2017-10-06 14:46:32,187 INFO [] DefaultOpExecutioner.java:545  | Cores: [4]; Memory: [3.6GB];
2017-10-06 14:46:32,188 INFO [] DefaultOpExecutioner.java:546  | Blas vendor: [OPENBLAS]
2017-10-06 14:46:32,228 INFO []   AbstractClassifier.java:332  | Classifier data loaded from default uri jar:file:/Users/stephenn/Documents/workspace/audiveris/build/distributions/Audiveris/lib/audiveris.jar!/res/basic-classifier.zip
2017-10-06 14:46:33,741 WARN [91387056]          ClefBuilder.java:560  | Staff#2 no header clef.
2017-10-06 14:46:34,698 INFO [91387056]           KeyBuilder.java:746  | Staff#6 key slice#1 pitch adjusted from 1.9 to 0
2017-10-06 14:46:34,699 INFO [91387056]           KeyBuilder.java:746  | Staff#6 key slice#2 pitch adjusted from -0.8 to -3
2017-10-06 14:46:34,699 INFO [91387056]           KeyBuilder.java:746  | Staff#6 key slice#3 pitch adjusted from 3.1 to 1
2017-10-06 14:46:34,815 WARN [91387056]          ClefBuilder.java:560  | Staff#8 no header clef.
2017-10-06 14:46:35,122 INFO [91387056]            BasicBook.java:1395 | Stored /book.xml
2017-10-06 14:46:35,503 INFO [91387056]           BasicSheet.java:979  | Stored /sheet#1/sheet#1.xml
2017-10-06 14:46:35,505 INFO [91387056]       StepMonitoring.java:96   | STEM_SEEDS
2017-10-06 14:46:35,545 INFO []   AbstractClassifier.java:332  | Classifier data loaded from default uri jar:file:/Users/stephenn/Documents/workspace/audiveris/build/distributions/Audiveris/lib/audiveris.jar!/res/deep-classifier.zip
2017-10-06 14:46:35,607 INFO [91387056]        StemSeedsStep.java:91   | stem(4 max:5)
2017-10-06 14:46:35,713 INFO [91387056]            BasicBook.java:1395 | Stored /book.xml
2017-10-06 14:46:36,004 INFO [91387056]           BasicSheet.java:979  | Stored /sheet#1/sheet#1.xml
2017-10-06 14:46:36,006 INFO [91387056]       StepMonitoring.java:96   | BEAMS
2017-10-06 14:46:40,843 INFO [91387056]            BeamsStep.java:89   | BeamDistance{count:9 mean:15.33 stdDev:0.79}
2017-10-06 14:46:40,846 INFO [91387056]            BasicBook.java:1395 | Stored /book.xml
2017-10-06 14:46:40,907 INFO [91387056]              Picture.java:786  | Stored /sheet#1/HEAD_SPOTS.xml
2017-10-06 14:46:41,311 INFO [91387056]           BasicSheet.java:979  | Stored /sheet#1/sheet#1.xml
2017-10-06 14:46:41,313 INFO [91387056]       StepMonitoring.java:96   | LEDGERS
2017-10-06 14:46:41,903 INFO [91387056]            BasicBook.java:1395 | Stored /book.xml
2017-10-06 14:46:42,340 INFO [91387056]           BasicSheet.java:979  | Stored /sheet#1/sheet#1.xml
2017-10-06 14:46:42,342 INFO [91387056]       StepMonitoring.java:96   | HEADS
2017-10-06 14:46:44,966 INFO [91387056]            BasicBook.java:1395 | Stored /book.xml
2017-10-06 14:46:45,730 INFO [91387056]           BasicSheet.java:979  | Stored /sheet#1/sheet#1.xml
2017-10-06 14:46:45,732 INFO [91387056]       StepMonitoring.java:96   | STEMS
2017-10-06 14:46:47,350 INFO [91387056]            BasicBook.java:1395 | Stored /book.xml
2017-10-06 14:46:48,489 INFO [91387056]           BasicSheet.java:979  | Stored /sheet#1/sheet#1.xml
2017-10-06 14:46:48,492 INFO [91387056]       StepMonitoring.java:96   | REDUCTION
2017-10-06 14:46:48,990 INFO [91387056]            BasicBook.java:1395 | Stored /book.xml
2017-10-06 14:46:49,759 INFO [91387056]           BasicSheet.java:979  | Stored /sheet#1/sheet#1.xml
2017-10-06 14:46:49,761 INFO [91387056]       StepMonitoring.java:96   | CUE_BEAMS
2017-10-06 14:46:49,764 INFO [91387056]            BasicBook.java:1395 | Stored /book.xml
2017-10-06 14:46:50,464 INFO [91387056]           BasicSheet.java:979  | Stored /sheet#1/sheet#1.xml
2017-10-06 14:46:50,465 INFO [91387056]       StepMonitoring.java:96   | TEXTS
2017-10-06 14:46:52,475 INFO [91387056]            BasicBook.java:1395 | Stored /book.xml
2017-10-06 14:46:53,203 INFO [91387056]           BasicSheet.java:979  | Stored /sheet#1/sheet#1.xml
2017-10-06 14:46:53,205 INFO [91387056]       StepMonitoring.java:96   | MEASURES
2017-10-06 14:46:53,210 INFO [91387056]                 Page.java:210  | 17 raw measures: [5 in system#1, 4 in system#2, 4 in system#3, 4 in system#4]
2017-10-06 14:46:53,211 INFO [91387056]                 Page.java:210  | 9 raw measures: [5 in system#5, 4 in system#6]
2017-10-06 14:46:53,212 INFO [91387056]            BasicBook.java:1395 | Stored /book.xml
2017-10-06 14:46:53,953 INFO [91387056]           BasicSheet.java:979  | Stored /sheet#1/sheet#1.xml
2017-10-06 14:46:53,956 INFO [91387056]       StepMonitoring.java:96   | CHORDS
2017-10-06 14:46:53,972 INFO [91387056]            BasicBook.java:1395 | Stored /book.xml
2017-10-06 14:46:54,732 INFO [91387056]           BasicSheet.java:979  | Stored /sheet#1/sheet#1.xml
2017-10-06 14:46:54,734 INFO [91387056]       StepMonitoring.java:96   | CURVES
2017-10-06 14:46:56,062 INFO [91387056]         SlursBuilder.java:157  | Slurs: 27
2017-10-06 14:46:56,107 INFO [91387056]      SegmentsBuilder.java:113  | Segments: 23
2017-10-06 14:46:56,114 INFO [91387056]            BasicBook.java:1395 | Stored /book.xml
2017-10-06 14:46:57,006 INFO [91387056]           BasicSheet.java:979  | Stored /sheet#1/sheet#1.xml
2017-10-06 14:46:57,008 INFO [91387056]       StepMonitoring.java:96   | SYMBOLS
2017-10-06 14:46:58,175 INFO [91387056]       SymbolsBuilder.java:340  | Symbol parts shrunk from 11 to 7
2017-10-06 14:46:58,700 INFO [91387056]       SymbolsBuilder.java:340  | Symbol parts shrunk from 11 to 7
2017-10-06 14:46:59,640 INFO [91387056]       SymbolsBuilder.java:340  | Symbol parts shrunk from 10 to 7
2017-10-06 14:47:00,056 INFO [91387056]       SymbolsBuilder.java:340  | Symbol parts shrunk from 9 to 7
2017-10-06 14:47:00,467 INFO [91387056]            BasicBook.java:1395 | Stored /book.xml
2017-10-06 14:47:01,541 INFO [91387056]           BasicSheet.java:979  | Stored /sheet#1/sheet#1.xml
2017-10-06 14:47:01,543 INFO [91387056]       StepMonitoring.java:96   | LINKS
2017-10-06 14:47:01,567 INFO [91387056]        SymbolsLinker.java:252  | No chord above PedalInter{#6798(0.771) PEDAL_UP_MARK}
2017-10-06 14:47:01,571 INFO [91387056]        SymbolsLinker.java:252  | No chord above PedalInter{#6803(0.796) PEDAL_UP_MARK}
2017-10-06 14:47:01,582 INFO [91387056]        SymbolsLinker.java:306  | No measure stack for direction SentenceInter{#5288(0.599) s:9 B-37 Direction} J :88.
2017-10-06 14:47:01,611 INFO [91387056]            BasicBook.java:1395 | Stored /book.xml
2017-10-06 14:47:02,702 INFO [91387056]           BasicSheet.java:979  | Stored /sheet#1/sheet#1.xml
2017-10-06 14:47:02,704 INFO [91387056]       StepMonitoring.java:96   | RHYTHMS
2017-10-06 14:47:02,737 INFO [91387056]           PageRhythm.java:314  | Range{1-17 ts:3/4} Durations avgGuess:3/4 topGuess:3/4 avgValue:0.72 stacks:17 voices:42 Histogram{1/4-5/4 size:7 [1/4=4 3/8=1 1/2=11 11/16=2 3/4=15 7/8=7 5/4=2]}
2017-10-06 14:47:02,740 INFO [91387056]                Voice.java:257  | S1 MeasureStack#2 Voice #1 too long 1/8
2017-10-06 14:47:02,741 INFO [91387056]           StackTuner.java:92   | S1 MeasureStack#2 no correct rhythm
2017-10-06 14:47:02,745 INFO [91387056]                Voice.java:257  | S2 MeasureStack#6 Voice #1 too long 1/8
2017-10-06 14:47:02,745 INFO [91387056]           StackTuner.java:92   | S2 MeasureStack#6 no correct rhythm
2017-10-06 14:47:02,750 INFO [91387056]         SlotsBuilder.java:427  | S3 MeasureStack#12 Slot{#3 xOffset=148 timeOffset=3/8 incomings=[#5355] SUSPICIOUS}
2017-10-06 14:47:02,751 INFO [91387056]         SlotsBuilder.java:427  | S3 MeasureStack#12 Slot{#5 xOffset=239 timeOffset=5/8 incomings=[#5356#5357] SUSPICIOUS}
2017-10-06 14:47:02,752 INFO [91387056]                Voice.java:257  | S3 MeasureStack#12 Voice #1 too long 1/4
2017-10-06 14:47:02,752 INFO [91387056]                Voice.java:257  | S3 MeasureStack#12 Voice #2 too long 1/8
2017-10-06 14:47:02,752 INFO [91387056]           StackTuner.java:92   | S3 MeasureStack#12 no correct rhythm
2017-10-06 14:47:02,754 INFO [91387056]                Voice.java:257  | S3 MeasureStack#13 Voice #1 too long 1/8
2017-10-06 14:47:02,754 INFO [91387056]                Voice.java:257  | S3 MeasureStack#13 Voice #2 too long 1/8
2017-10-06 14:47:02,760 INFO [91387056]                Voice.java:257  | S3 MeasureStack#13 Voice #3 too long 1/8
2017-10-06 14:47:02,760 INFO [91387056]           StackTuner.java:92   | S3 MeasureStack#13 no correct rhythm
2017-10-06 14:47:02,762 INFO [91387056]                Voice.java:257  | S4 MeasureStack#14 Voice #3 too long 1/8
2017-10-06 14:47:02,762 INFO [91387056]           StackTuner.java:92   | S4 MeasureStack#14 no correct rhythm
2017-10-06 14:47:02,764 INFO [91387056]                Voice.java:257  | S4 MeasureStack#15 Voice #1 too long 1/8
2017-10-06 14:47:02,765 INFO [91387056]           StackTuner.java:92   | S4 MeasureStack#15 no correct rhythm
2017-10-06 14:47:02,766 INFO [91387056]                Voice.java:257  | S4 MeasureStack#17 Voice #1 too long 1/2
2017-10-06 14:47:02,767 INFO [91387056]                Voice.java:257  | S4 MeasureStack#17 Voice #2 too long 1/2
2017-10-06 14:47:02,767 INFO [91387056]           StackTuner.java:92   | S4 MeasureStack#17 no correct rhythm
2017-10-06 14:47:02,785 INFO [91387056]           PageRhythm.java:314  | Range{1-9} Durations avgGuess:1 topGuess:1 avgValue:0.99 stacks:9 voices:22 Histogram{3/4-5/4 size:4 [3/4=4 1=14 9/8=1 5/4=3]}
2017-10-06 14:47:02,785 INFO [91387056]           PageRhythm.java:221  | S5 Range{1-9 dur:1} should update to 1-based time sig?
2017-10-06 14:47:02,786 INFO [91387056]                Voice.java:257  | S5 MeasureStack#1 Voice #1 too long 1/4
2017-10-06 14:47:02,787 INFO [91387056]           StackTuner.java:92   | S5 MeasureStack#1 no correct rhythm
2017-10-06 14:47:02,789 INFO [91387056]                Voice.java:257  | S5 MeasureStack#3 Voice #1 too long 1/4
2017-10-06 14:47:02,790 INFO [91387056]           StackTuner.java:92   | S5 MeasureStack#3 no correct rhythm
2017-10-06 14:47:02,798 INFO [91387056]                Voice.java:257  | S6 MeasureStack#7 Voice #1 too long 1/8
2017-10-06 14:47:02,798 INFO [91387056]           StackTuner.java:92   | S6 MeasureStack#7 no correct rhythm
2017-10-06 14:47:02,799 INFO [91387056]                Voice.java:257  | S6 MeasureStack#8 Voice #1 too long 1/4
2017-10-06 14:47:02,800 INFO [91387056]           StackTuner.java:92   | S6 MeasureStack#8 no correct rhythm
2017-10-06 14:47:02,802 INFO [91387056]            BasicBook.java:1395 | Stored /book.xml
2017-10-06 14:47:03,871 INFO [91387056]           BasicSheet.java:979  | Stored /sheet#1/sheet#1.xml
2017-10-06 14:47:03,873 INFO [91387056]       StepMonitoring.java:96   | PAGE
2017-10-06 14:47:03,877 INFO [91387056]                Voice.java:257  | S1 MeasureStack#2 Voice #1 too long 1/8
2017-10-06 14:47:03,877 INFO [91387056]                Voice.java:257  | S2 MeasureStack#6 Voice #1 too long 1/8
2017-10-06 14:47:03,878 INFO [91387056]                Voice.java:257  | S3 MeasureStack#12 Voice #1 too long 1/4
2017-10-06 14:47:03,879 INFO [91387056]                Voice.java:257  | S3 MeasureStack#12 Voice #2 too long 1/8
2017-10-06 14:47:03,879 INFO [91387056]                Voice.java:257  | S3 MeasureStack#13 Voice #1 too long 1/8
2017-10-06 14:47:03,879 INFO [91387056]                Voice.java:257  | S3 MeasureStack#13 Voice #2 too long 1/8
2017-10-06 14:47:03,879 INFO [91387056]                Voice.java:257  | S3 MeasureStack#13 Voice #3 too long 1/8
2017-10-06 14:47:03,879 INFO [91387056]                Voice.java:257  | S4 MeasureStack#14 Voice #3 too long 1/8
2017-10-06 14:47:03,880 INFO [91387056]                Voice.java:257  | S4 MeasureStack#15 Voice #1 too long 1/8
2017-10-06 14:47:03,880 INFO [91387056]                Voice.java:257  | S4 MeasureStack#17 Voice #1 too long 1/2
2017-10-06 14:47:03,880 INFO [91387056]                Voice.java:257  | S4 MeasureStack#17 Voice #2 too long 1/2
2017-10-06 14:47:03,881 INFO [91387056]                Voice.java:257  | S5 MeasureStack#1 Voice #1 too long 1/4
2017-10-06 14:47:03,881 INFO [91387056]                Voice.java:257  | S5 MeasureStack#3 Voice #1 too long 1/4
2017-10-06 14:47:03,881 INFO [91387056]                Voice.java:257  | S6 MeasureStack#7 Voice #1 too long 1/8
2017-10-06 14:47:03,882 INFO [91387056]                Voice.java:257  | S6 MeasureStack#8 Voice #1 too long 1/4
2017-10-06 14:47:03,885 INFO [91387056]            BasicBook.java:1395 | Stored /book.xml
2017-10-06 14:47:04,935 INFO [91387056]           BasicSheet.java:979  | Stored /sheet#1/sheet#1.xml
2017-10-06 14:47:04,938 INFO [91387056]            BasicStub.java:723  | Sheet{91387056} disposed
2017-10-06 14:47:05,933 INFO [91387056]            BasicStub.java:449  | Loaded /sheet#1/sheet#1.xml
2017-10-06 14:47:05,934 INFO [91387056]            BasicBook.java:1133 | Scores built: 2
2017-10-06 14:47:06,987 WARN [91387056]      PartwiseBuilder.java:1379 | Error visiting null
java.lang.NullPointerException: null
	at org.audiveris.omr.score.PartwiseBuilder.processKey(PartwiseBuilder.java:1344)
	at org.audiveris.omr.score.PartwiseBuilder.processKeys(PartwiseBuilder.java:1407)
	at org.audiveris.omr.score.PartwiseBuilder.processMeasure(PartwiseBuilder.java:1575)
	at org.audiveris.omr.score.PartwiseBuilder.processPart(PartwiseBuilder.java:1988)
	at org.audiveris.omr.score.PartwiseBuilder.processSystem(PartwiseBuilder.java:2528)
	at org.audiveris.omr.score.PartwiseBuilder.processLogicalPart(PartwiseBuilder.java:1433)
	at org.audiveris.omr.score.PartwiseBuilder.processStub(PartwiseBuilder.java:2483)
	at org.audiveris.omr.score.PartwiseBuilder.processPartList(PartwiseBuilder.java:2017)
	at org.audiveris.omr.score.PartwiseBuilder.processScore(PartwiseBuilder.java:2195)
	at org.audiveris.omr.score.PartwiseBuilder.build(PartwiseBuilder.java:307)
	at org.audiveris.omr.score.ScoreExporter.export(ScoreExporter.java:117)
	at org.audiveris.omr.score.ScoreExporter.export(ScoreExporter.java:91)
	at org.audiveris.omr.sheet.BasicBook.export(BasicBook.java:589)
	at org.audiveris.omr.CLI$ProcessingTask.processBook(CLI.java:785)
	at org.audiveris.omr.CLI$CliTask.call(CLI.java:344)
	at org.audiveris.omr.Main.runBatchTasks(Main.java:316)
	at org.audiveris.omr.Main.main(Main.java:155)
	at Audiveris.main(Audiveris.java:49)
2017-10-06 14:47:07,008 WARN [91387056]      PartwiseBuilder.java:1379 | Error visiting null
java.lang.NullPointerException: null
	at org.audiveris.omr.score.PartwiseBuilder.processKey(PartwiseBuilder.java:1344)
	at org.audiveris.omr.score.PartwiseBuilder.processKeys(PartwiseBuilder.java:1407)
	at org.audiveris.omr.score.PartwiseBuilder.processMeasure(PartwiseBuilder.java:1575)
	at org.audiveris.omr.score.PartwiseBuilder.processPart(PartwiseBuilder.java:1988)
	at org.audiveris.omr.score.PartwiseBuilder.processSystem(PartwiseBuilder.java:2528)
	at org.audiveris.omr.score.PartwiseBuilder.processLogicalPart(PartwiseBuilder.java:1433)
	at org.audiveris.omr.score.PartwiseBuilder.processStub(PartwiseBuilder.java:2483)
	at org.audiveris.omr.score.PartwiseBuilder.processPartList(PartwiseBuilder.java:2017)
	at org.audiveris.omr.score.PartwiseBuilder.processScore(PartwiseBuilder.java:2195)
	at org.audiveris.omr.score.PartwiseBuilder.build(PartwiseBuilder.java:307)
	at org.audiveris.omr.score.ScoreExporter.export(ScoreExporter.java:117)
	at org.audiveris.omr.score.ScoreExporter.export(ScoreExporter.java:91)
	at org.audiveris.omr.sheet.BasicBook.export(BasicBook.java:589)
	at org.audiveris.omr.CLI$ProcessingTask.processBook(CLI.java:785)
	at org.audiveris.omr.CLI$CliTask.call(CLI.java:344)
	at org.audiveris.omr.Main.runBatchTasks(Main.java:316)
	at org.audiveris.omr.Main.main(Main.java:155)
	at Audiveris.main(Audiveris.java:49)
2017-10-06 14:47:07,062 INFO [91387056]        ScoreExporter.java:93   | Score 91387056.mvt1 exported to /Users/stephenn/Documents/workspace/nlsomr/xml_out/91386487/91387056/91387056.mvt1.mxl
2017-10-06 14:47:07,094 INFO [91387056]        ScoreExporter.java:93   | Score 91387056.mvt2 exported to /Users/stephenn/Documents/workspace/nlsomr/xml_out/91386487/91387056/91387056.mvt2.mxl
2017-10-06 14:47:07,249 INFO [91387056]            BasicBook.java:1395 | Stored /book.xml
2017-10-06 14:47:07,250 INFO [91387056]            BasicBook.java:1355 | Book stored as /Users/stephenn/Documents/workspace/nlsomr/xml_out/91386487/91387056/91387056.omr
