2017-10-06 15:40:08,792 INFO [91387788]            BasicBook.java:427  | 1 sheet in /Users/stephenn/Documents/workspace/nlsomr/working/91387788.jpg
2017-10-06 15:40:08,953 INFO []            BasicBook.java:1395 | Stored /book.xml
2017-10-06 15:40:08,954 INFO []            BasicBook.java:1355 | Book stored as /Users/stephenn/Documents/workspace/nlsomr/xml_out/91386487/91387788/91387788.omr
2017-10-06 15:40:08,959 INFO []            BasicBook.java:996  | Book reaching PAGE on sheets:[#1]
2017-10-06 15:40:08,960 INFO [91387788]       StepMonitoring.java:96   | LOAD
2017-10-06 15:40:09,115 INFO [91387788]            BasicBook.java:911  | Loaded image 1 2000x3056 from /Users/stephenn/Documents/workspace/nlsomr/working/91387788.jpg
2017-10-06 15:40:09,119 INFO [91387788]            ImageUtil.java:82   | Converting max RGB to gray ...
2017-10-06 15:40:09,368 INFO [91387788]            BasicBook.java:1395 | Stored /book.xml
2017-10-06 15:40:09,730 INFO [91387788]           BasicSheet.java:979  | Stored /sheet#1/sheet#1.xml
2017-10-06 15:40:09,732 INFO [91387788]       StepMonitoring.java:96   | BINARY
2017-10-06 15:40:10,378 INFO [91387788]            BasicBook.java:1395 | Stored /book.xml
2017-10-06 15:40:10,703 INFO [91387788]              Picture.java:786  | Stored /sheet#1/BINARY.xml
2017-10-06 15:40:10,705 INFO [91387788]           BasicSheet.java:979  | Stored /sheet#1/sheet#1.xml
2017-10-06 15:40:10,707 INFO [91387788]       StepMonitoring.java:96   | SCALE
2017-10-06 15:40:10,746 INFO [91387788]            ScaleStep.java:87   | Scale{line(3,4,5) interline(16,16,17) beam(12)}
2017-10-06 15:40:10,748 INFO [91387788]            BasicBook.java:1395 | Stored /book.xml
2017-10-06 15:40:10,750 INFO [91387788]           BasicSheet.java:979  | Stored /sheet#1/sheet#1.xml
2017-10-06 15:40:10,754 INFO [91387788]       StepMonitoring.java:96   | GRID
2017-10-06 15:40:11,664 INFO [91387788]       LinesRetriever.java:442  | Global slope: -0.00287
2017-10-06 15:40:11,758 INFO [91387788]    ClustersRetriever.java:241  | Retrieved line clusters: 10 of size: 5 with interline: (16,16,17)
2017-10-06 15:40:12,249 INFO [91387788]            PeakGraph.java:181  | Systems: #1[1, 2] #2[3, 4] #3[5, 6] #4[7, 8] #5[9, 10]
2017-10-06 15:40:13,035 INFO [91387788]        SystemManager.java:626  | Indentation detected for system#3
2017-10-06 15:40:13,035 INFO [91387788]        SystemManager.java:671  | 2 pages found in sheet
2017-10-06 15:40:13,036 INFO [91387788]        SystemManager.java:709  | Page #1: 1 part along 2 systems
2017-10-06 15:40:13,036 INFO [91387788]        SystemManager.java:709  | Page #2: 1 part along 3 systems
2017-10-06 15:40:13,041 INFO [91387788]            BasicBook.java:1395 | Stored /book.xml
2017-10-06 15:40:13,262 INFO [91387788]           BasicSheet.java:979  | Stored /sheet#1/sheet#1.xml
2017-10-06 15:40:13,266 INFO [91387788]       StepMonitoring.java:96   | HEADERS
2017-10-06 15:40:13,696 INFO []          Nd4jBackend.java:194  | Loaded [CpuBackend] backend
2017-10-06 15:40:13,758 INFO []      NativeOpsHolder.java:49   | Number of threads used for NativeOps: 2
2017-10-06 15:40:14,190 INFO [] DefaultOpExecutioner.java:544  | Backend used: [CPU]; OS: [Mac OS X]
2017-10-06 15:40:14,190 INFO [] DefaultOpExecutioner.java:545  | Cores: [4]; Memory: [3.6GB];
2017-10-06 15:40:14,190 INFO [] DefaultOpExecutioner.java:546  | Blas vendor: [OPENBLAS]
2017-10-06 15:40:14,230 INFO []   AbstractClassifier.java:332  | Classifier data loaded from default uri jar:file:/Users/stephenn/Documents/workspace/audiveris/build/distributions/Audiveris/lib/audiveris.jar!/res/basic-classifier.zip
2017-10-06 15:40:16,357 INFO [91387788]           KeyBuilder.java:916  | Staff#5 key replication failed.
2017-10-06 15:40:16,949 INFO [91387788]            BasicBook.java:1395 | Stored /book.xml
2017-10-06 15:40:17,260 INFO [91387788]           BasicSheet.java:979  | Stored /sheet#1/sheet#1.xml
2017-10-06 15:40:17,262 INFO [91387788]       StepMonitoring.java:96   | STEM_SEEDS
2017-10-06 15:40:17,371 INFO [91387788]        StemSeedsStep.java:91   | stem(4 max:5)
2017-10-06 15:40:17,487 INFO [91387788]            BasicBook.java:1395 | Stored /book.xml
2017-10-06 15:40:17,587 INFO []   AbstractClassifier.java:332  | Classifier data loaded from default uri jar:file:/Users/stephenn/Documents/workspace/audiveris/build/distributions/Audiveris/lib/audiveris.jar!/res/deep-classifier.zip
2017-10-06 15:40:17,756 INFO [91387788]           BasicSheet.java:979  | Stored /sheet#1/sheet#1.xml
2017-10-06 15:40:17,759 INFO [91387788]       StepMonitoring.java:96   | BEAMS
2017-10-06 15:40:22,769 INFO [91387788]            BeamsStep.java:89   | BeamDistance{count:23 mean:15.03 stdDev:0.54}
2017-10-06 15:40:22,772 INFO [91387788]            BasicBook.java:1395 | Stored /book.xml
2017-10-06 15:40:22,843 INFO [91387788]              Picture.java:786  | Stored /sheet#1/HEAD_SPOTS.xml
2017-10-06 15:40:23,216 INFO [91387788]           BasicSheet.java:979  | Stored /sheet#1/sheet#1.xml
2017-10-06 15:40:23,220 INFO [91387788]       StepMonitoring.java:96   | LEDGERS
2017-10-06 15:40:23,846 INFO [91387788]            BasicBook.java:1395 | Stored /book.xml
2017-10-06 15:40:24,292 INFO [91387788]           BasicSheet.java:979  | Stored /sheet#1/sheet#1.xml
2017-10-06 15:40:24,294 INFO [91387788]       StepMonitoring.java:96   | HEADS
2017-10-06 15:40:27,205 INFO [91387788]            BasicBook.java:1395 | Stored /book.xml
2017-10-06 15:40:28,048 INFO [91387788]           BasicSheet.java:979  | Stored /sheet#1/sheet#1.xml
2017-10-06 15:40:28,050 INFO [91387788]       StepMonitoring.java:96   | STEMS
2017-10-06 15:40:29,945 INFO [91387788]            BasicBook.java:1395 | Stored /book.xml
2017-10-06 15:40:31,134 INFO [91387788]           BasicSheet.java:979  | Stored /sheet#1/sheet#1.xml
2017-10-06 15:40:31,137 INFO [91387788]       StepMonitoring.java:96   | REDUCTION
2017-10-06 15:40:31,842 INFO [91387788]            BasicBook.java:1395 | Stored /book.xml
2017-10-06 15:40:32,671 INFO [91387788]           BasicSheet.java:979  | Stored /sheet#1/sheet#1.xml
2017-10-06 15:40:32,673 INFO [91387788]       StepMonitoring.java:96   | CUE_BEAMS
2017-10-06 15:40:32,677 INFO [91387788]            BasicBook.java:1395 | Stored /book.xml
2017-10-06 15:40:33,414 INFO [91387788]           BasicSheet.java:979  | Stored /sheet#1/sheet#1.xml
2017-10-06 15:40:33,416 INFO [91387788]       StepMonitoring.java:96   | TEXTS
2017-10-06 15:40:35,004 INFO [91387788]            BasicBook.java:1395 | Stored /book.xml
2017-10-06 15:40:35,772 INFO [91387788]           BasicSheet.java:979  | Stored /sheet#1/sheet#1.xml
2017-10-06 15:40:35,774 INFO [91387788]       StepMonitoring.java:96   | MEASURES
2017-10-06 15:40:35,778 INFO [91387788]                 Page.java:210  | 7 raw measures: [4 in system#1, 3 in system#2]
2017-10-06 15:40:35,778 INFO [91387788]                 Page.java:210  | 18 raw measures: [6 in system#3, 6 in system#4, 6 in system#5]
2017-10-06 15:40:35,780 INFO [91387788]            BasicBook.java:1395 | Stored /book.xml
2017-10-06 15:40:36,517 INFO [91387788]           BasicSheet.java:979  | Stored /sheet#1/sheet#1.xml
2017-10-06 15:40:36,519 INFO [91387788]       StepMonitoring.java:96   | CHORDS
2017-10-06 15:40:36,538 INFO [91387788]            BasicBook.java:1395 | Stored /book.xml
2017-10-06 15:40:37,290 INFO [91387788]           BasicSheet.java:979  | Stored /sheet#1/sheet#1.xml
2017-10-06 15:40:37,293 INFO [91387788]       StepMonitoring.java:96   | CURVES
2017-10-06 15:40:38,548 INFO [91387788]         SlursBuilder.java:157  | Slurs: 14
2017-10-06 15:40:38,568 INFO [91387788]      SegmentsBuilder.java:113  | Segments: 7
2017-10-06 15:40:38,576 INFO [91387788]            BasicBook.java:1395 | Stored /book.xml
2017-10-06 15:40:39,476 INFO [91387788]           BasicSheet.java:979  | Stored /sheet#1/sheet#1.xml
2017-10-06 15:40:39,478 INFO [91387788]       StepMonitoring.java:96   | SYMBOLS
2017-10-06 15:40:40,113 INFO [91387788]       SymbolsBuilder.java:340  | Symbol parts shrunk from 8 to 7
2017-10-06 15:40:40,865 INFO [91387788]       SymbolsBuilder.java:340  | Symbol parts shrunk from 8 to 7
2017-10-06 15:40:42,255 INFO [91387788]            BasicBook.java:1395 | Stored /book.xml
2017-10-06 15:40:43,257 INFO [91387788]           BasicSheet.java:979  | Stored /sheet#1/sheet#1.xml
2017-10-06 15:40:43,260 INFO [91387788]       StepMonitoring.java:96   | LINKS
2017-10-06 15:40:43,331 INFO [91387788]            BasicBook.java:1395 | Stored /book.xml
2017-10-06 15:40:44,424 INFO [91387788]           BasicSheet.java:979  | Stored /sheet#1/sheet#1.xml
2017-10-06 15:40:44,426 INFO [91387788]       StepMonitoring.java:96   | RHYTHMS
2017-10-06 15:40:44,444 INFO [91387788]         SlotsBuilder.java:399  | Stack#1 suspicious Slot{#3 xOffset=261 timeOffset=1/8 incomings=[#5202#5250]}
2017-10-06 15:40:44,466 INFO [91387788]         SlotsBuilder.java:434  | Stack#7 endless loop detected
2017-10-06 15:40:44,470 INFO [91387788]           PageRhythm.java:314  | Range{1-7} Durations avgGuess:3/4 topGuess:1/4 avgValue:0.82 stacks:7 voices:18 Histogram{1/8-17/16 size:8 [1/8=1 3/16=1 1/4=4 7/16=1 1/2=3 3/4=3 33/32=1 17/16=4]}
2017-10-06 15:40:44,471 INFO [91387788]           PageRhythm.java:221  | S1 Range{1-7 dur:3/4} should update to 3/4-based time sig?
2017-10-06 15:40:44,476 INFO [91387788]         SlotsBuilder.java:427  | S1 MeasureStack#1 Slot{#5 xOffset=295 timeOffset=3/16 incomings=[#5203] SUSPICIOUS}
2017-10-06 15:40:44,477 INFO [91387788]         SlotsBuilder.java:427  | S1 MeasureStack#1 Slot{#7 xOffset=329 timeOffset=9/32 incomings=[#5206#5208] SUSPICIOUS}
2017-10-06 15:40:44,478 INFO [91387788]         SlotsBuilder.java:427  | S1 MeasureStack#1 Slot{#10 xOffset=404 timeOffset=13/32 incomings=[#5210] SUSPICIOUS}
2017-10-06 15:40:44,479 INFO [91387788]         SlotsBuilder.java:427  | S1 MeasureStack#1 Slot{#12 xOffset=436 timeOffset=15/32 incomings=[#5211] SUSPICIOUS}
2017-10-06 15:40:44,480 INFO [91387788]         SlotsBuilder.java:427  | S1 MeasureStack#1 Slot{#14 xOffset=474 timeOffset=17/32 incomings=[#5214] SUSPICIOUS}
2017-10-06 15:40:44,480 INFO [91387788]         SlotsBuilder.java:427  | S1 MeasureStack#1 Slot{#16 xOffset=510 timeOffset=19/32 incomings=[#5215] SUSPICIOUS}
2017-10-06 15:40:44,481 INFO [91387788]         SlotsBuilder.java:427  | S1 MeasureStack#1 Slot{#18 xOffset=542 timeOffset=21/32 incomings=[#5216] SUSPICIOUS}
2017-10-06 15:40:44,481 INFO [91387788]         SlotsBuilder.java:427  | S1 MeasureStack#1 Slot{#20 xOffset=633 timeOffset=23/32 incomings=[#5218] SUSPICIOUS}
2017-10-06 15:40:44,483 INFO [91387788]         SlotsBuilder.java:427  | S1 MeasureStack#1 Slot{#22 xOffset=664 timeOffset=3/4 incomings=[#5219] SUSPICIOUS}
2017-10-06 15:40:44,483 INFO [91387788]         SlotsBuilder.java:427  | S1 MeasureStack#1 Slot{#24 xOffset=698 timeOffset=25/32 incomings=[#5220#5222] SUSPICIOUS}
2017-10-06 15:40:44,484 INFO [91387788]         SlotsBuilder.java:427  | S1 MeasureStack#1 Slot{#26 xOffset=752 timeOffset=29/32 incomings=[#5223] SUSPICIOUS}
2017-10-06 15:40:44,485 INFO [91387788]         SlotsBuilder.java:434  | Stack#1 endless loop detected
2017-10-06 15:40:44,486 INFO [91387788]                Voice.java:257  | S1 MeasureStack#1 Voice #1 too long 9/32
2017-10-06 15:40:44,486 INFO [91387788]                Voice.java:257  | S1 MeasureStack#1 Voice #2 too long 5/32
2017-10-06 15:40:44,487 INFO [91387788]                Voice.java:257  | S1 MeasureStack#1 Voice #3 too long 25/64
2017-10-06 15:40:44,487 INFO [91387788]                Voice.java:257  | S1 MeasureStack#1 Voice #4 too long 13/64
2017-10-06 15:40:44,487 INFO [91387788]           StackTuner.java:92   | S1 MeasureStack#1 no correct rhythm
2017-10-06 15:40:44,493 INFO [91387788]                Voice.java:257  | S1 MeasureStack#4 Voice #1 too long 5/16
2017-10-06 15:40:44,493 INFO [91387788]                Voice.java:257  | S1 MeasureStack#4 Voice #2 too long 5/16
2017-10-06 15:40:44,494 INFO [91387788]                Voice.java:257  | S1 MeasureStack#4 Voice #3 too long 5/16
2017-10-06 15:40:44,494 INFO [91387788]           StackTuner.java:92   | S1 MeasureStack#4 no correct rhythm
2017-10-06 15:40:44,503 INFO [91387788]                Voice.java:257  | S2 MeasureStack#6 Voice #1 too long 9/32
2017-10-06 15:40:44,503 INFO [91387788]                Voice.java:257  | S2 MeasureStack#6 Voice #3 too long 5/16
2017-10-06 15:40:44,503 INFO [91387788]           StackTuner.java:92   | S2 MeasureStack#6 no correct rhythm
2017-10-06 15:40:44,505 INFO [91387788]         SlotsBuilder.java:434  | Stack#7 endless loop detected
2017-10-06 15:40:44,512 INFO [91387788]       TupletsBuilder.java:199  | TupletInter{#6505(0.200/0.200) TUPLET_THREE} null sequence in TUPLET_THREE: 5/8 vs 3/4
2017-10-06 15:40:44,528 INFO [91387788]           PageRhythm.java:314  | Range{1-18 ts:6/8} Durations avgGuess:3/4 topGuess:5/8 avgValue:0.70 stacks:18 voices:38 Histogram{1/8-1 size:8 [1/8=1 1/4=4 3/8=3 1/2=3 5/8=12 3/4=10 7/8=3 1=2]}
2017-10-06 15:40:44,530 INFO [91387788]         SlotsBuilder.java:427  | S3 MeasureStack#2 Slot{#4 xOffset=125 timeOffset=1/2 incomings=[#5317] SUSPICIOUS}
2017-10-06 15:40:44,531 INFO [91387788]                Voice.java:257  | S3 MeasureStack#2 Voice #1 too long 1/4
2017-10-06 15:40:44,532 INFO [91387788]           StackTuner.java:92   | S3 MeasureStack#2 no correct rhythm
2017-10-06 15:40:44,533 INFO [91387788]                Voice.java:257  | S3 MeasureStack#3 Voice #1 too long 1/4
2017-10-06 15:40:44,533 INFO [91387788]           StackTuner.java:92   | S3 MeasureStack#3 no correct rhythm
2017-10-06 15:40:44,535 INFO [91387788]                Voice.java:257  | S3 MeasureStack#5 Voice #1 too long 1/8
2017-10-06 15:40:44,535 INFO [91387788]           StackTuner.java:92   | S3 MeasureStack#5 no correct rhythm
2017-10-06 15:40:44,537 INFO [91387788]                Voice.java:257  | S3 MeasureStack#6 Voice #1 too long 1/4
2017-10-06 15:40:44,537 INFO [91387788]           StackTuner.java:92   | S3 MeasureStack#6 no correct rhythm
2017-10-06 15:40:44,538 INFO [91387788]                Voice.java:257  | S4 MeasureStack#7 Voice #1 too long 1/8
2017-10-06 15:40:44,538 INFO [91387788]           StackTuner.java:92   | S4 MeasureStack#7 no correct rhythm
2017-10-06 15:40:44,540 INFO [91387788]         SlotsBuilder.java:427  | S4 MeasureStack#9 Slot{#3 xOffset=118 timeOffset=3/8 incomings=[#5359] SUSPICIOUS}
2017-10-06 15:40:44,547 INFO [91387788]                Voice.java:257  | S5 MeasureStack#14 Voice #1 too long 1/8
2017-10-06 15:40:44,548 INFO [91387788]           StackTuner.java:92   | S5 MeasureStack#14 no correct rhythm
2017-10-06 15:40:44,554 INFO [91387788]            BasicBook.java:1395 | Stored /book.xml
2017-10-06 15:40:45,716 INFO [91387788]           BasicSheet.java:979  | Stored /sheet#1/sheet#1.xml
2017-10-06 15:40:45,718 INFO [91387788]       StepMonitoring.java:96   | PAGE
2017-10-06 15:40:45,722 INFO [91387788]                 Part.java:267  | Could not left-connect slur#5441
2017-10-06 15:40:45,723 INFO [91387788]                Voice.java:257  | S1 MeasureStack#1 Voice #1 too long 9/32
2017-10-06 15:40:45,723 INFO [91387788]                Voice.java:257  | S1 MeasureStack#1 Voice #2 too long 5/32
2017-10-06 15:40:45,724 INFO [91387788]                Voice.java:257  | S1 MeasureStack#1 Voice #3 too long 25/64
2017-10-06 15:40:45,724 INFO [91387788]                Voice.java:257  | S1 MeasureStack#1 Voice #4 too long 13/64
2017-10-06 15:40:45,725 INFO [91387788]                Voice.java:257  | S1 MeasureStack#4 Voice #1 too long 5/16
2017-10-06 15:40:45,726 INFO [91387788]                Voice.java:257  | S1 MeasureStack#4 Voice #2 too long 5/16
2017-10-06 15:40:45,726 INFO [91387788]                Voice.java:257  | S1 MeasureStack#4 Voice #3 too long 5/16
2017-10-06 15:40:45,726 INFO [91387788]                Voice.java:257  | S2 MeasureStack#6 Voice #1 too long 9/32
2017-10-06 15:40:45,727 INFO [91387788]                Voice.java:257  | S2 MeasureStack#6 Voice #3 too long 5/16
2017-10-06 15:40:45,728 INFO [91387788]                 Part.java:267  | Could not left-connect slur#5509
2017-10-06 15:40:45,729 INFO [91387788]                Voice.java:257  | S3 MeasureStack#2 Voice #1 too long 1/4
2017-10-06 15:40:45,729 INFO [91387788]                Voice.java:257  | S3 MeasureStack#3 Voice #1 too long 1/4
2017-10-06 15:40:45,729 INFO [91387788]                Voice.java:257  | S3 MeasureStack#5 Voice #1 too long 1/8
2017-10-06 15:40:45,730 INFO [91387788]                Voice.java:257  | S3 MeasureStack#6 Voice #1 too long 1/4
2017-10-06 15:40:45,730 INFO [91387788]                Voice.java:257  | S4 MeasureStack#7 Voice #1 too long 1/8
2017-10-06 15:40:45,730 INFO [91387788]                Voice.java:257  | S5 MeasureStack#14 Voice #1 too long 1/8
2017-10-06 15:40:45,745 INFO [91387788]            BasicBook.java:1395 | Stored /book.xml
2017-10-06 15:40:46,779 INFO [91387788]           BasicSheet.java:979  | Stored /sheet#1/sheet#1.xml
2017-10-06 15:40:46,782 INFO [91387788]            BasicStub.java:723  | Sheet{91387788} disposed
2017-10-06 15:40:47,832 INFO [91387788]            BasicStub.java:449  | Loaded /sheet#1/sheet#1.xml
2017-10-06 15:40:47,834 INFO [91387788]            BasicBook.java:1133 | Scores built: 2
2017-10-06 15:40:48,954 INFO [91387788]        ScoreExporter.java:93   | Score 91387788.mvt1 exported to /Users/stephenn/Documents/workspace/nlsomr/xml_out/91386487/91387788/91387788.mvt1.mxl
2017-10-06 15:40:48,957 WARN [91387788]      PartwiseBuilder.java:1379 | Error visiting null
java.lang.NullPointerException: null
	at org.audiveris.omr.score.PartwiseBuilder.processKey(PartwiseBuilder.java:1344)
	at org.audiveris.omr.score.PartwiseBuilder.processKeys(PartwiseBuilder.java:1407)
	at org.audiveris.omr.score.PartwiseBuilder.processMeasure(PartwiseBuilder.java:1575)
	at org.audiveris.omr.score.PartwiseBuilder.processPart(PartwiseBuilder.java:1988)
	at org.audiveris.omr.score.PartwiseBuilder.processSystem(PartwiseBuilder.java:2528)
	at org.audiveris.omr.score.PartwiseBuilder.processLogicalPart(PartwiseBuilder.java:1433)
	at org.audiveris.omr.score.PartwiseBuilder.processStub(PartwiseBuilder.java:2483)
	at org.audiveris.omr.score.PartwiseBuilder.processPartList(PartwiseBuilder.java:2017)
	at org.audiveris.omr.score.PartwiseBuilder.processScore(PartwiseBuilder.java:2195)
	at org.audiveris.omr.score.PartwiseBuilder.build(PartwiseBuilder.java:307)
	at org.audiveris.omr.score.ScoreExporter.export(ScoreExporter.java:117)
	at org.audiveris.omr.score.ScoreExporter.export(ScoreExporter.java:91)
	at org.audiveris.omr.sheet.BasicBook.export(BasicBook.java:589)
	at org.audiveris.omr.CLI$ProcessingTask.processBook(CLI.java:785)
	at org.audiveris.omr.CLI$CliTask.call(CLI.java:344)
	at org.audiveris.omr.Main.runBatchTasks(Main.java:316)
	at org.audiveris.omr.Main.main(Main.java:155)
	at Audiveris.main(Audiveris.java:49)
2017-10-06 15:40:49,004 INFO [91387788]        ScoreExporter.java:93   | Score 91387788.mvt2 exported to /Users/stephenn/Documents/workspace/nlsomr/xml_out/91386487/91387788/91387788.mvt2.mxl
2017-10-06 15:40:49,181 INFO [91387788]            BasicBook.java:1395 | Stored /book.xml
2017-10-06 15:40:49,181 INFO [91387788]            BasicBook.java:1355 | Book stored as /Users/stephenn/Documents/workspace/nlsomr/xml_out/91386487/91387788/91387788.omr
