2017-10-06 14:50:50,277 INFO [91387116]            BasicBook.java:427  | 1 sheet in /Users/stephenn/Documents/workspace/nlsomr/working/91387116.jpg
2017-10-06 14:50:50,456 INFO []            BasicBook.java:1395 | Stored /book.xml
2017-10-06 14:50:50,457 INFO []            BasicBook.java:1355 | Book stored as /Users/stephenn/Documents/workspace/nlsomr/xml_out/91386487/91387116/91387116.omr
2017-10-06 14:50:50,462 INFO []            BasicBook.java:996  | Book reaching PAGE on sheets:[#1]
2017-10-06 14:50:50,468 INFO [91387116]       StepMonitoring.java:96   | LOAD
2017-10-06 14:50:50,630 INFO [91387116]            BasicBook.java:911  | Loaded image 1 2000x3056 from /Users/stephenn/Documents/workspace/nlsomr/working/91387116.jpg
2017-10-06 14:50:50,636 INFO [91387116]            ImageUtil.java:82   | Converting max RGB to gray ...
2017-10-06 14:50:50,900 INFO [91387116]            BasicBook.java:1395 | Stored /book.xml
2017-10-06 14:50:51,217 INFO [91387116]           BasicSheet.java:979  | Stored /sheet#1/sheet#1.xml
2017-10-06 14:50:51,219 INFO [91387116]       StepMonitoring.java:96   | BINARY
2017-10-06 14:50:51,843 INFO [91387116]            BasicBook.java:1395 | Stored /book.xml
2017-10-06 14:50:52,183 INFO [91387116]              Picture.java:786  | Stored /sheet#1/BINARY.xml
2017-10-06 14:50:52,185 INFO [91387116]           BasicSheet.java:979  | Stored /sheet#1/sheet#1.xml
2017-10-06 14:50:52,187 INFO [91387116]       StepMonitoring.java:96   | SCALE
2017-10-06 14:50:52,228 INFO [91387116]            ScaleStep.java:87   | Scale{line(3,4,5) interline(16,16,17) beam(13)}
2017-10-06 14:50:52,230 INFO [91387116]            BasicBook.java:1395 | Stored /book.xml
2017-10-06 14:50:52,233 INFO [91387116]           BasicSheet.java:979  | Stored /sheet#1/sheet#1.xml
2017-10-06 14:50:52,235 INFO [91387116]       StepMonitoring.java:96   | GRID
2017-10-06 14:50:53,295 INFO [91387116]       LinesRetriever.java:442  | Global slope: -0.00351
2017-10-06 14:50:53,387 INFO [91387116]    ClustersRetriever.java:241  | Retrieved line clusters: 12 of size: 5 with interline: (16,16,17)
2017-10-06 14:50:53,978 INFO [91387116]            PeakGraph.java:181  | Systems: #1[1, 2] #2[3, 4] #3[5, 6] #4[7, 8] #5[9, 10] #6[11, 12]
2017-10-06 14:50:54,776 INFO [91387116]        SystemManager.java:626  | Indentation detected for system#1
2017-10-06 14:50:54,777 INFO [91387116]        SystemManager.java:626  | Indentation detected for system#5
2017-10-06 14:50:54,777 INFO [91387116]        SystemManager.java:671  | 2 pages found in sheet
2017-10-06 14:50:54,778 INFO [91387116]        SystemManager.java:709  | Page #1: 1 part along 4 systems
2017-10-06 14:50:54,778 INFO [91387116]        SystemManager.java:709  | Page #2: 1 part along 2 systems
2017-10-06 14:50:54,782 INFO [91387116]            BasicBook.java:1395 | Stored /book.xml
2017-10-06 14:50:54,992 INFO [91387116]           BasicSheet.java:979  | Stored /sheet#1/sheet#1.xml
2017-10-06 14:50:54,995 INFO [91387116]       StepMonitoring.java:96   | HEADERS
2017-10-06 14:50:55,394 INFO []          Nd4jBackend.java:194  | Loaded [CpuBackend] backend
2017-10-06 14:50:55,451 INFO []      NativeOpsHolder.java:49   | Number of threads used for NativeOps: 2
2017-10-06 14:50:55,913 INFO [] DefaultOpExecutioner.java:544  | Backend used: [CPU]; OS: [Mac OS X]
2017-10-06 14:50:55,914 INFO [] DefaultOpExecutioner.java:545  | Cores: [4]; Memory: [3.6GB];
2017-10-06 14:50:55,914 INFO [] DefaultOpExecutioner.java:546  | Blas vendor: [OPENBLAS]
2017-10-06 14:50:55,950 INFO []   AbstractClassifier.java:332  | Classifier data loaded from default uri jar:file:/Users/stephenn/Documents/workspace/audiveris/build/distributions/Audiveris/lib/audiveris.jar!/res/basic-classifier.zip
2017-10-06 14:50:57,843 WARN [91387116]          ClefBuilder.java:560  | Staff#6 no header clef.
2017-10-06 14:50:58,097 WARN [91387116]          ClefBuilder.java:560  | Staff#8 no header clef.
2017-10-06 14:50:58,330 INFO [91387116]           KeyBuilder.java:746  | Staff#10 key slice#1 pitch adjusted from 2.6 to 2
2017-10-06 14:50:58,521 WARN [91387116]          ClefBuilder.java:560  | Staff#12 no header clef.
2017-10-06 14:50:58,561 INFO [91387116]            BasicBook.java:1395 | Stored /book.xml
2017-10-06 14:50:58,971 INFO []   AbstractClassifier.java:332  | Classifier data loaded from default uri jar:file:/Users/stephenn/Documents/workspace/audiveris/build/distributions/Audiveris/lib/audiveris.jar!/res/deep-classifier.zip
2017-10-06 14:50:59,012 INFO [91387116]           BasicSheet.java:979  | Stored /sheet#1/sheet#1.xml
2017-10-06 14:50:59,015 INFO [91387116]       StepMonitoring.java:96   | STEM_SEEDS
2017-10-06 14:50:59,104 INFO [91387116]        StemSeedsStep.java:91   | stem(4 max:5)
2017-10-06 14:50:59,229 INFO [91387116]            BasicBook.java:1395 | Stored /book.xml
2017-10-06 14:50:59,589 INFO [91387116]           BasicSheet.java:979  | Stored /sheet#1/sheet#1.xml
2017-10-06 14:50:59,591 INFO [91387116]       StepMonitoring.java:96   | BEAMS
2017-10-06 14:51:04,296 INFO [91387116]            BeamsStep.java:89   | BeamDistance{count:10 mean:15.19 stdDev:1.10}
2017-10-06 14:51:04,300 INFO [91387116]            BasicBook.java:1395 | Stored /book.xml
2017-10-06 14:51:04,369 INFO [91387116]              Picture.java:786  | Stored /sheet#1/HEAD_SPOTS.xml
2017-10-06 14:51:04,858 INFO [91387116]           BasicSheet.java:979  | Stored /sheet#1/sheet#1.xml
2017-10-06 14:51:04,861 INFO [91387116]       StepMonitoring.java:96   | LEDGERS
2017-10-06 14:51:05,638 INFO [91387116]            BasicBook.java:1395 | Stored /book.xml
2017-10-06 14:51:06,007 INFO [91387116]           BasicSheet.java:979  | Stored /sheet#1/sheet#1.xml
2017-10-06 14:51:06,010 INFO [91387116]       StepMonitoring.java:96   | HEADS
2017-10-06 14:51:08,235 INFO [91387116]            BasicBook.java:1395 | Stored /book.xml
2017-10-06 14:51:09,421 INFO [91387116]           BasicSheet.java:979  | Stored /sheet#1/sheet#1.xml
2017-10-06 14:51:09,424 INFO [91387116]       StepMonitoring.java:96   | STEMS
2017-10-06 14:51:11,903 INFO [91387116]            BasicBook.java:1395 | Stored /book.xml
2017-10-06 14:51:13,444 INFO [91387116]           BasicSheet.java:979  | Stored /sheet#1/sheet#1.xml
2017-10-06 14:51:13,447 INFO [91387116]       StepMonitoring.java:96   | REDUCTION
2017-10-06 14:51:13,834 INFO [91387116]            BasicBook.java:1395 | Stored /book.xml
2017-10-06 14:51:14,903 INFO [91387116]           BasicSheet.java:979  | Stored /sheet#1/sheet#1.xml
2017-10-06 14:51:14,905 INFO [91387116]       StepMonitoring.java:96   | CUE_BEAMS
2017-10-06 14:51:14,910 INFO [91387116]            BasicBook.java:1395 | Stored /book.xml
2017-10-06 14:51:15,912 INFO [91387116]           BasicSheet.java:979  | Stored /sheet#1/sheet#1.xml
2017-10-06 14:51:15,915 INFO [91387116]       StepMonitoring.java:96   | TEXTS
2017-10-06 14:51:17,677 INFO [91387116]            BasicBook.java:1395 | Stored /book.xml
2017-10-06 14:51:18,801 INFO [91387116]           BasicSheet.java:979  | Stored /sheet#1/sheet#1.xml
2017-10-06 14:51:18,803 INFO [91387116]       StepMonitoring.java:96   | MEASURES
2017-10-06 14:51:18,809 INFO [91387116]                 Page.java:210  | 16 raw measures: [4 in system#1, 4 in system#2, 4 in system#3, 4 in system#4]
2017-10-06 14:51:18,809 INFO [91387116]                 Page.java:210  | 9 raw measures: [5 in system#5, 4 in system#6]
2017-10-06 14:51:18,811 INFO [91387116]            BasicBook.java:1395 | Stored /book.xml
2017-10-06 14:51:19,909 INFO [91387116]           BasicSheet.java:979  | Stored /sheet#1/sheet#1.xml
2017-10-06 14:51:19,911 INFO [91387116]       StepMonitoring.java:96   | CHORDS
2017-10-06 14:51:19,925 INFO [91387116]            BasicBook.java:1395 | Stored /book.xml
2017-10-06 14:51:21,009 INFO [91387116]           BasicSheet.java:979  | Stored /sheet#1/sheet#1.xml
2017-10-06 14:51:21,011 INFO [91387116]       StepMonitoring.java:96   | CURVES
2017-10-06 14:51:22,675 INFO [91387116]         SlursBuilder.java:157  | Slurs: 37
2017-10-06 14:51:22,707 INFO [91387116]      SegmentsBuilder.java:113  | Segments: 34
2017-10-06 14:51:22,715 INFO [91387116]            BasicBook.java:1395 | Stored /book.xml
2017-10-06 14:51:24,265 INFO [91387116]           BasicSheet.java:979  | Stored /sheet#1/sheet#1.xml
2017-10-06 14:51:24,268 INFO [91387116]       StepMonitoring.java:96   | SYMBOLS
2017-10-06 14:51:25,166 WARN [91387116]       SymbolsBuilder.java:229  | Error in glyph evaluation java.lang.ClassCastException: org.audiveris.omr.sig.inter.SmallChordInter cannot be cast to org.audiveris.omr.sig.inter.HeadChordInter
java.lang.ClassCastException: org.audiveris.omr.sig.inter.SmallChordInter cannot be cast to org.audiveris.omr.sig.inter.HeadChordInter
	at org.audiveris.omr.sig.inter.ArpeggiatoInter.create(ArpeggiatoInter.java:136)
	at org.audiveris.omr.sheet.symbol.SymbolFactory.create(SymbolFactory.java:220)
	at org.audiveris.omr.sheet.symbol.SymbolsBuilder.evaluateGlyph(SymbolsBuilder.java:227)
	at org.audiveris.omr.sheet.symbol.SymbolsBuilder.access$1200(SymbolsBuilder.java:68)
	at org.audiveris.omr.sheet.symbol.SymbolsBuilder$SymbolAdapter.evaluateGlyph(SymbolsBuilder.java:479)
	at org.audiveris.omr.glyph.GlyphCluster.process(GlyphCluster.java:200)
	at org.audiveris.omr.glyph.GlyphCluster.decompose(GlyphCluster.java:141)
	at org.audiveris.omr.sheet.symbol.SymbolsBuilder.processClusters(SymbolsBuilder.java:346)
	at org.audiveris.omr.sheet.symbol.SymbolsBuilder.buildSymbols(SymbolsBuilder.java:164)
	at org.audiveris.omr.sheet.symbol.SymbolsStep.doSystem(SymbolsStep.java:103)
	at org.audiveris.omr.sheet.symbol.SymbolsStep.doSystem(SymbolsStep.java:51)
	at org.audiveris.omr.step.AbstractSystemStep$1.call(AbstractSystemStep.java:198)
	at org.audiveris.omr.step.AbstractSystemStep$1.call(AbstractSystemStep.java:181)
	at org.audiveris.omr.step.AbstractSystemStep.doitPerSystem(AbstractSystemStep.java:219)
	at org.audiveris.omr.step.AbstractSystemStep.doit(AbstractSystemStep.java:106)
	at org.audiveris.omr.step.Step.doit(Step.java:168)
	at org.audiveris.omr.sheet.BasicStub$3.call(BasicStub.java:814)
	at org.audiveris.omr.sheet.BasicStub$3.call(BasicStub.java:802)
	at java.util.concurrent.FutureTask.run(FutureTask.java:266)
	at java.util.concurrent.ThreadPoolExecutor.runWorker(ThreadPoolExecutor.java:1149)
	at java.util.concurrent.ThreadPoolExecutor$Worker.run(ThreadPoolExecutor.java:624)
	at java.lang.Thread.run(Thread.java:748)
2017-10-06 14:51:26,020 INFO [91387116]       SymbolsBuilder.java:340  | Symbol parts shrunk from 10 to 7
2017-10-06 14:51:26,658 INFO [91387116]            BasicBook.java:1395 | Stored /book.xml
2017-10-06 14:51:28,028 INFO [91387116]           BasicSheet.java:979  | Stored /sheet#1/sheet#1.xml
2017-10-06 14:51:28,030 INFO [91387116]       StepMonitoring.java:96   | LINKS
2017-10-06 14:51:28,046 INFO [91387116]        SymbolsLinker.java:323  | No chord above direction SentenceInter{#5791(0.559) s:5 BS-35 Direction} hm.
2017-10-06 14:51:28,056 INFO [91387116]        SymbolsLinker.java:306  | No measure stack for direction SentenceInter{#5819(0.599) s:9 BC-45 Direction} J:60.
2017-10-06 14:51:28,080 INFO [91387116]            BasicBook.java:1395 | Stored /book.xml
2017-10-06 14:51:29,436 INFO [91387116]           BasicSheet.java:979  | Stored /sheet#1/sheet#1.xml
2017-10-06 14:51:29,439 INFO [91387116]       StepMonitoring.java:96   | RHYTHMS
2017-10-06 14:51:29,483 INFO [91387116]           PageRhythm.java:314  | Range{1-16 ts:4/4} Durations avgGuess:1 topGuess:1 avgValue:0.96 stacks:16 voices:47 Histogram{1/2-5/4 size:5 [1/2=2 3/4=6 1=36 9/8=2 5/4=1]}
2017-10-06 14:51:29,486 INFO [91387116]                Voice.java:257  | S1 MeasureStack#1 Voice #1 too long 1/8
2017-10-06 14:51:29,486 INFO [91387116]           StackTuner.java:92   | S1 MeasureStack#1 no correct rhythm
2017-10-06 14:51:29,490 INFO [91387116]                Voice.java:257  | S1 MeasureStack#3 Voice #1 too long 1/8
2017-10-06 14:51:29,491 INFO [91387116]           StackTuner.java:92   | S1 MeasureStack#3 no correct rhythm
2017-10-06 14:51:29,494 INFO [91387116]                Voice.java:257  | S2 MeasureStack#5 Voice #2 too long 1/4
2017-10-06 14:51:29,496 INFO [91387116]           StackTuner.java:92   | S2 MeasureStack#5 no correct rhythm
2017-10-06 14:51:29,521 INFO [91387116]         SlotsBuilder.java:399  | Stack#8 suspicious Slot{#5 xOffset=377 timeOffset=5/8 incomings=[#6068]}
2017-10-06 14:51:29,523 INFO [91387116]           PageRhythm.java:314  | Range{1-9 ts:3/4} Durations avgGuess:3/4 topGuess:3/4 avgValue:0.68 stacks:9 voices:24 Histogram{1/8-3/4 size:6 [1/8=1 1/4=4 3/8=2 1/2=3 5/8=3 3/4=11]}
2017-10-06 14:51:29,537 INFO [91387116]            BasicBook.java:1395 | Stored /book.xml
2017-10-06 14:51:30,998 INFO [91387116]           BasicSheet.java:979  | Stored /sheet#1/sheet#1.xml
2017-10-06 14:51:31,001 INFO [91387116]       StepMonitoring.java:96   | PAGE
2017-10-06 14:51:31,006 INFO [91387116]                Voice.java:257  | S1 MeasureStack#1 Voice #1 too long 1/8
2017-10-06 14:51:31,006 INFO [91387116]                Voice.java:257  | S1 MeasureStack#3 Voice #1 too long 1/8
2017-10-06 14:51:31,007 INFO [91387116]                Voice.java:257  | S2 MeasureStack#5 Voice #2 too long 1/4
2017-10-06 14:51:31,010 INFO [91387116]            BasicBook.java:1395 | Stored /book.xml
2017-10-06 14:51:32,488 INFO [91387116]           BasicSheet.java:979  | Stored /sheet#1/sheet#1.xml
2017-10-06 14:51:32,490 INFO [91387116]            BasicStub.java:723  | Sheet{91387116} disposed
2017-10-06 14:51:34,105 INFO [91387116]            BasicStub.java:449  | Loaded /sheet#1/sheet#1.xml
2017-10-06 14:51:34,106 INFO [91387116]            BasicBook.java:1133 | Scores built: 2
2017-10-06 14:51:35,487 WARN [91387116]      PartwiseBuilder.java:1379 | Error visiting null
java.lang.NullPointerException: null
	at org.audiveris.omr.score.PartwiseBuilder.processKey(PartwiseBuilder.java:1344)
	at org.audiveris.omr.score.PartwiseBuilder.processKeys(PartwiseBuilder.java:1407)
	at org.audiveris.omr.score.PartwiseBuilder.processMeasure(PartwiseBuilder.java:1575)
	at org.audiveris.omr.score.PartwiseBuilder.processPart(PartwiseBuilder.java:1988)
	at org.audiveris.omr.score.PartwiseBuilder.processSystem(PartwiseBuilder.java:2528)
	at org.audiveris.omr.score.PartwiseBuilder.processLogicalPart(PartwiseBuilder.java:1433)
	at org.audiveris.omr.score.PartwiseBuilder.processStub(PartwiseBuilder.java:2483)
	at org.audiveris.omr.score.PartwiseBuilder.processPartList(PartwiseBuilder.java:2017)
	at org.audiveris.omr.score.PartwiseBuilder.processScore(PartwiseBuilder.java:2195)
	at org.audiveris.omr.score.PartwiseBuilder.build(PartwiseBuilder.java:307)
	at org.audiveris.omr.score.ScoreExporter.export(ScoreExporter.java:117)
	at org.audiveris.omr.score.ScoreExporter.export(ScoreExporter.java:91)
	at org.audiveris.omr.sheet.BasicBook.export(BasicBook.java:589)
	at org.audiveris.omr.CLI$ProcessingTask.processBook(CLI.java:785)
	at org.audiveris.omr.CLI$CliTask.call(CLI.java:344)
	at org.audiveris.omr.Main.runBatchTasks(Main.java:316)
	at org.audiveris.omr.Main.main(Main.java:155)
	at Audiveris.main(Audiveris.java:49)
2017-10-06 14:51:35,494 WARN [91387116]      PartwiseBuilder.java:1379 | Error visiting null
java.lang.NullPointerException: null
	at org.audiveris.omr.score.PartwiseBuilder.processKey(PartwiseBuilder.java:1344)
	at org.audiveris.omr.score.PartwiseBuilder.processKeys(PartwiseBuilder.java:1407)
	at org.audiveris.omr.score.PartwiseBuilder.processMeasure(PartwiseBuilder.java:1575)
	at org.audiveris.omr.score.PartwiseBuilder.processPart(PartwiseBuilder.java:1988)
	at org.audiveris.omr.score.PartwiseBuilder.processSystem(PartwiseBuilder.java:2528)
	at org.audiveris.omr.score.PartwiseBuilder.processLogicalPart(PartwiseBuilder.java:1433)
	at org.audiveris.omr.score.PartwiseBuilder.processStub(PartwiseBuilder.java:2483)
	at org.audiveris.omr.score.PartwiseBuilder.processPartList(PartwiseBuilder.java:2017)
	at org.audiveris.omr.score.PartwiseBuilder.processScore(PartwiseBuilder.java:2195)
	at org.audiveris.omr.score.PartwiseBuilder.build(PartwiseBuilder.java:307)
	at org.audiveris.omr.score.ScoreExporter.export(ScoreExporter.java:117)
	at org.audiveris.omr.score.ScoreExporter.export(ScoreExporter.java:91)
	at org.audiveris.omr.sheet.BasicBook.export(BasicBook.java:589)
	at org.audiveris.omr.CLI$ProcessingTask.processBook(CLI.java:785)
	at org.audiveris.omr.CLI$CliTask.call(CLI.java:344)
	at org.audiveris.omr.Main.runBatchTasks(Main.java:316)
	at org.audiveris.omr.Main.main(Main.java:155)
	at Audiveris.main(Audiveris.java:49)
2017-10-06 14:51:35,560 INFO [91387116]        ScoreExporter.java:93   | Score 91387116.mvt1 exported to /Users/stephenn/Documents/workspace/nlsomr/xml_out/91386487/91387116/91387116.mvt1.mxl
2017-10-06 14:51:35,569 WARN [91387116]      PartwiseBuilder.java:1379 | Error visiting null
java.lang.NullPointerException: null
	at org.audiveris.omr.score.PartwiseBuilder.processKey(PartwiseBuilder.java:1344)
	at org.audiveris.omr.score.PartwiseBuilder.processKeys(PartwiseBuilder.java:1407)
	at org.audiveris.omr.score.PartwiseBuilder.processMeasure(PartwiseBuilder.java:1575)
	at org.audiveris.omr.score.PartwiseBuilder.processPart(PartwiseBuilder.java:1988)
	at org.audiveris.omr.score.PartwiseBuilder.processSystem(PartwiseBuilder.java:2528)
	at org.audiveris.omr.score.PartwiseBuilder.processLogicalPart(PartwiseBuilder.java:1433)
	at org.audiveris.omr.score.PartwiseBuilder.processStub(PartwiseBuilder.java:2483)
	at org.audiveris.omr.score.PartwiseBuilder.processPartList(PartwiseBuilder.java:2017)
	at org.audiveris.omr.score.PartwiseBuilder.processScore(PartwiseBuilder.java:2195)
	at org.audiveris.omr.score.PartwiseBuilder.build(PartwiseBuilder.java:307)
	at org.audiveris.omr.score.ScoreExporter.export(ScoreExporter.java:117)
	at org.audiveris.omr.score.ScoreExporter.export(ScoreExporter.java:91)
	at org.audiveris.omr.sheet.BasicBook.export(BasicBook.java:589)
	at org.audiveris.omr.CLI$ProcessingTask.processBook(CLI.java:785)
	at org.audiveris.omr.CLI$CliTask.call(CLI.java:344)
	at org.audiveris.omr.Main.runBatchTasks(Main.java:316)
	at org.audiveris.omr.Main.main(Main.java:155)
	at Audiveris.main(Audiveris.java:49)
2017-10-06 14:51:35,596 INFO [91387116]        ScoreExporter.java:93   | Score 91387116.mvt2 exported to /Users/stephenn/Documents/workspace/nlsomr/xml_out/91386487/91387116/91387116.mvt2.mxl
2017-10-06 14:51:35,758 INFO [91387116]            BasicBook.java:1395 | Stored /book.xml
2017-10-06 14:51:35,759 INFO [91387116]            BasicBook.java:1355 | Book stored as /Users/stephenn/Documents/workspace/nlsomr/xml_out/91386487/91387116/91387116.omr
