2017-10-06 15:53:31,987 INFO [91387968]            BasicBook.java:427  | 1 sheet in /Users/stephenn/Documents/workspace/nlsomr/working/91387968.jpg
2017-10-06 15:53:32,134 INFO []            BasicBook.java:1395 | Stored /book.xml
2017-10-06 15:53:32,135 INFO []            BasicBook.java:1355 | Book stored as /Users/stephenn/Documents/workspace/nlsomr/xml_out/91386487/91387968/91387968.omr
2017-10-06 15:53:32,142 INFO []            BasicBook.java:996  | Book reaching PAGE on sheets:[#1]
2017-10-06 15:53:32,143 INFO [91387968]       StepMonitoring.java:96   | LOAD
2017-10-06 15:53:32,299 INFO [91387968]            BasicBook.java:911  | Loaded image 1 2000x3056 from /Users/stephenn/Documents/workspace/nlsomr/working/91387968.jpg
2017-10-06 15:53:32,304 INFO [91387968]            ImageUtil.java:82   | Converting max RGB to gray ...
2017-10-06 15:53:32,631 INFO [91387968]            BasicBook.java:1395 | Stored /book.xml
2017-10-06 15:53:32,962 INFO [91387968]           BasicSheet.java:979  | Stored /sheet#1/sheet#1.xml
2017-10-06 15:53:32,964 INFO [91387968]       StepMonitoring.java:96   | BINARY
2017-10-06 15:53:33,623 INFO [91387968]            BasicBook.java:1395 | Stored /book.xml
2017-10-06 15:53:33,954 INFO [91387968]              Picture.java:786  | Stored /sheet#1/BINARY.xml
2017-10-06 15:53:33,956 INFO [91387968]           BasicSheet.java:979  | Stored /sheet#1/sheet#1.xml
2017-10-06 15:53:33,958 INFO [91387968]       StepMonitoring.java:96   | SCALE
2017-10-06 15:53:34,005 INFO [91387968]            ScaleStep.java:87   | Scale{line(3,4,5) interline(16,16,17) beam(13)}
2017-10-06 15:53:34,007 INFO [91387968]            BasicBook.java:1395 | Stored /book.xml
2017-10-06 15:53:34,012 INFO [91387968]           BasicSheet.java:979  | Stored /sheet#1/sheet#1.xml
2017-10-06 15:53:34,015 INFO [91387968]       StepMonitoring.java:96   | GRID
2017-10-06 15:53:34,854 INFO [91387968]       LinesRetriever.java:442  | Global slope: 0.00070
2017-10-06 15:53:34,956 INFO [91387968]    ClustersRetriever.java:241  | Retrieved line clusters: 12 of size: 5 with interline: (16,16,17)
2017-10-06 15:53:35,617 INFO [91387968]            PeakGraph.java:181  | Systems: #1[1, 2] #2[3, 4] #3[5, 6] #4[7, 8] #5[9, 10] #6[11, 12]
2017-10-06 15:53:36,734 INFO [91387968]        SystemManager.java:626  | Indentation detected for system#1
2017-10-06 15:53:36,734 INFO [91387968]        SystemManager.java:626  | Indentation detected for system#6
2017-10-06 15:53:36,735 INFO [91387968]        SystemManager.java:671  | 2 pages found in sheet
2017-10-06 15:53:36,736 INFO [91387968]        SystemManager.java:709  | Page #1: 1 part along 5 systems
2017-10-06 15:53:36,737 INFO [91387968]        SystemManager.java:709  | Page #2: 1 part along 1 system
2017-10-06 15:53:36,741 INFO [91387968]            BasicBook.java:1395 | Stored /book.xml
2017-10-06 15:53:37,006 INFO [91387968]           BasicSheet.java:979  | Stored /sheet#1/sheet#1.xml
2017-10-06 15:53:37,009 INFO [91387968]       StepMonitoring.java:96   | HEADERS
2017-10-06 15:53:37,403 INFO []          Nd4jBackend.java:194  | Loaded [CpuBackend] backend
2017-10-06 15:53:37,463 INFO []      NativeOpsHolder.java:49   | Number of threads used for NativeOps: 2
2017-10-06 15:53:37,961 INFO [] DefaultOpExecutioner.java:544  | Backend used: [CPU]; OS: [Mac OS X]
2017-10-06 15:53:37,961 INFO [] DefaultOpExecutioner.java:545  | Cores: [4]; Memory: [3.6GB];
2017-10-06 15:53:37,961 INFO [] DefaultOpExecutioner.java:546  | Blas vendor: [OPENBLAS]
2017-10-06 15:53:38,011 INFO []   AbstractClassifier.java:332  | Classifier data loaded from default uri jar:file:/Users/stephenn/Documents/workspace/audiveris/build/distributions/Audiveris/lib/audiveris.jar!/res/basic-classifier.zip
2017-10-06 15:53:39,584 WARN [91387968]          ClefBuilder.java:560  | Staff#2 no header clef.
2017-10-06 15:53:40,519 WARN [91387968]          ClefBuilder.java:560  | Staff#8 no header clef.
2017-10-06 15:53:40,682 WARN [91387968]          ClefBuilder.java:560  | Staff#10 no header clef.
2017-10-06 15:53:40,827 WARN [91387968]          ClefBuilder.java:560  | Staff#12 no header clef.
2017-10-06 15:53:40,831 INFO [91387968]            BasicBook.java:1395 | Stored /book.xml
2017-10-06 15:53:41,207 INFO [91387968]           BasicSheet.java:979  | Stored /sheet#1/sheet#1.xml
2017-10-06 15:53:41,212 INFO [91387968]       StepMonitoring.java:96   | STEM_SEEDS
2017-10-06 15:53:41,244 INFO []   AbstractClassifier.java:332  | Classifier data loaded from default uri jar:file:/Users/stephenn/Documents/workspace/audiveris/build/distributions/Audiveris/lib/audiveris.jar!/res/deep-classifier.zip
2017-10-06 15:53:41,341 INFO [91387968]        StemSeedsStep.java:91   | stem(4 max:5)
2017-10-06 15:53:41,473 INFO [91387968]            BasicBook.java:1395 | Stored /book.xml
2017-10-06 15:53:42,045 INFO [91387968]           BasicSheet.java:979  | Stored /sheet#1/sheet#1.xml
2017-10-06 15:53:42,047 INFO [91387968]       StepMonitoring.java:96   | BEAMS
2017-10-06 15:53:46,485 INFO [91387968]            BeamsStep.java:89   | BeamDistance{count:3 mean:16.06 stdDev:0.52}
2017-10-06 15:53:46,488 INFO [91387968]            BasicBook.java:1395 | Stored /book.xml
2017-10-06 15:53:46,539 INFO [91387968]              Picture.java:786  | Stored /sheet#1/HEAD_SPOTS.xml
2017-10-06 15:53:46,891 INFO [91387968]           BasicSheet.java:979  | Stored /sheet#1/sheet#1.xml
2017-10-06 15:53:46,893 INFO [91387968]       StepMonitoring.java:96   | LEDGERS
2017-10-06 15:53:47,429 INFO [91387968]            BasicBook.java:1395 | Stored /book.xml
2017-10-06 15:53:47,887 INFO [91387968]           BasicSheet.java:979  | Stored /sheet#1/sheet#1.xml
2017-10-06 15:53:47,890 INFO [91387968]       StepMonitoring.java:96   | HEADS
2017-10-06 15:53:50,656 INFO [91387968]            BasicBook.java:1395 | Stored /book.xml
2017-10-06 15:53:51,617 INFO [91387968]           BasicSheet.java:979  | Stored /sheet#1/sheet#1.xml
2017-10-06 15:53:51,620 INFO [91387968]       StepMonitoring.java:96   | STEMS
2017-10-06 15:53:54,107 INFO [91387968]            BasicBook.java:1395 | Stored /book.xml
2017-10-06 15:53:55,416 INFO [91387968]           BasicSheet.java:979  | Stored /sheet#1/sheet#1.xml
2017-10-06 15:53:55,419 INFO [91387968]       StepMonitoring.java:96   | REDUCTION
2017-10-06 15:53:55,957 INFO [91387968]            BasicBook.java:1395 | Stored /book.xml
2017-10-06 15:53:56,820 INFO [91387968]           BasicSheet.java:979  | Stored /sheet#1/sheet#1.xml
2017-10-06 15:53:56,823 INFO [91387968]       StepMonitoring.java:96   | CUE_BEAMS
2017-10-06 15:53:56,838 INFO [91387968]            BasicBook.java:1395 | Stored /book.xml
2017-10-06 15:53:57,685 INFO [91387968]           BasicSheet.java:979  | Stored /sheet#1/sheet#1.xml
2017-10-06 15:53:57,687 INFO [91387968]       StepMonitoring.java:96   | TEXTS
2017-10-06 15:54:00,311 INFO [91387968]            BasicBook.java:1395 | Stored /book.xml
2017-10-06 15:54:01,195 INFO [91387968]           BasicSheet.java:979  | Stored /sheet#1/sheet#1.xml
2017-10-06 15:54:01,198 INFO [91387968]       StepMonitoring.java:96   | MEASURES
2017-10-06 15:54:01,203 INFO [91387968]                 Page.java:210  | 26 raw measures: [5 in system#1, 5 in system#2, 6 in system#3, 5 in system#4, 5 in system#5]
2017-10-06 15:54:01,203 INFO [91387968]                 Page.java:210  | 6 raw measures: [6 in system#6]
2017-10-06 15:54:01,204 INFO [91387968]            BasicBook.java:1395 | Stored /book.xml
2017-10-06 15:54:02,073 INFO [91387968]           BasicSheet.java:979  | Stored /sheet#1/sheet#1.xml
2017-10-06 15:54:02,075 INFO [91387968]       StepMonitoring.java:96   | CHORDS
2017-10-06 15:54:02,077 INFO [91387968]        ChordsBuilder.java:249  | Deleting StemInter{#4959(0.704/0.871)} on RIGHT side of HeadInter{#1852(0.589/0.835) s:2 p:-3.00 NOTEHEAD_VOID}
2017-10-06 15:54:02,092 INFO [91387968]            BasicBook.java:1395 | Stored /book.xml
2017-10-06 15:54:03,026 INFO [91387968]           BasicSheet.java:979  | Stored /sheet#1/sheet#1.xml
2017-10-06 15:54:03,030 INFO [91387968]       StepMonitoring.java:96   | CURVES
2017-10-06 15:54:04,831 INFO [91387968]         SlursBuilder.java:762  | RIGHT collision SlurInter{#5718(0.601)} & SlurInter{#5977(0.325)} @ HeadInter{#2544(0.623/0.803) e#5513 s:5 p:4.00 NOTEHEAD_BLACK}
2017-10-06 15:54:04,832 INFO [91387968]         SlursBuilder.java:762  | RIGHT collision SlurInter{#5977(0.325)} & SlurInter{#5718(0.601)} @ HeadInter{#2544(0.623/0.803) e#5513 s:5 p:4.00 NOTEHEAD_BLACK}
2017-10-06 15:54:04,833 INFO [91387968]         SlursBuilder.java:157  | Slurs: 35
2017-10-06 15:54:04,852 INFO [91387968]      SegmentsBuilder.java:113  | Segments: 18
2017-10-06 15:54:04,862 INFO [91387968]            BasicBook.java:1395 | Stored /book.xml
2017-10-06 15:54:05,735 INFO [91387968]           BasicSheet.java:979  | Stored /sheet#1/sheet#1.xml
2017-10-06 15:54:05,737 INFO [91387968]       StepMonitoring.java:96   | SYMBOLS
2017-10-06 15:54:08,649 INFO [91387968]            BasicBook.java:1395 | Stored /book.xml
2017-10-06 15:54:09,647 INFO [91387968]           BasicSheet.java:979  | Stored /sheet#1/sheet#1.xml
2017-10-06 15:54:09,650 INFO [91387968]       StepMonitoring.java:96   | LINKS
2017-10-06 15:54:09,717 INFO [91387968]            BasicBook.java:1395 | Stored /book.xml
2017-10-06 15:54:10,784 INFO [91387968]           BasicSheet.java:979  | Stored /sheet#1/sheet#1.xml
2017-10-06 15:54:10,786 INFO [91387968]       StepMonitoring.java:96   | RHYTHMS
2017-10-06 15:54:10,810 INFO [91387968]         SlotsBuilder.java:434  | Stack#8 endless loop detected
2017-10-06 15:54:10,828 INFO [91387968]           PageRhythm.java:314  | Range{1-26} Durations avgGuess:3/4 topGuess:3/4 avgValue:0.65 stacks:26 voices:61 Histogram{1/4-5/4 size:7 [1/4=1 3/8=1 1/2=25 5/8=1 3/4=31 1=1 5/4=1]}
2017-10-06 15:54:10,829 INFO [91387968]           PageRhythm.java:221  | S1 Range{1-26 dur:3/4} should update to 3/4-based time sig?
2017-10-06 15:54:10,831 INFO [91387968]                Voice.java:257  | S1 MeasureStack#1 Voice #1 too long 1/2
2017-10-06 15:54:10,832 INFO [91387968]                Voice.java:257  | S1 MeasureStack#1 Voice #2 too long 1/4
2017-10-06 15:54:10,832 INFO [91387968]           StackTuner.java:92   | S1 MeasureStack#1 no correct rhythm
2017-10-06 15:54:10,840 INFO [91387968]         SlotsBuilder.java:434  | Stack#8 endless loop detected
2017-10-06 15:54:10,842 INFO [91387968]         SlotsBuilder.java:427  | S2 MeasureStack#10 Slot{#3 xOffset=124 timeOffset=1/2 incomings=[#5511] SUSPICIOUS}
2017-10-06 15:54:10,842 INFO [91387968]                Voice.java:257  | S2 MeasureStack#10 Voice #1 too long 1/2
2017-10-06 15:54:10,843 INFO [91387968]                Voice.java:257  | S2 MeasureStack#10 Voice #2 too long 1/2
2017-10-06 15:54:10,843 INFO [91387968]           StackTuner.java:92   | S2 MeasureStack#10 no correct rhythm
2017-10-06 15:54:10,846 INFO [91387968]         SlotsBuilder.java:427  | S3 MeasureStack#15 Slot{#3 xOffset=124 timeOffset=3/4 incomings=[#5543#5545] SUSPICIOUS}
2017-10-06 15:54:10,847 INFO [91387968]                Voice.java:257  | S3 MeasureStack#15 Voice #1 too long 3/4
2017-10-06 15:54:10,848 INFO [91387968]                Voice.java:257  | S3 MeasureStack#15 Voice #2 too long 3/4
2017-10-06 15:54:10,848 INFO [91387968]                Voice.java:257  | S3 MeasureStack#15 Voice #3 too long 1/2
2017-10-06 15:54:10,848 INFO [91387968]           StackTuner.java:92   | S3 MeasureStack#15 no correct rhythm
2017-10-06 15:54:10,850 INFO [91387968]         SlotsBuilder.java:427  | S4 MeasureStack#17 Slot{#3 xOffset=272 timeOffset=1/2 incomings=[#5567] SUSPICIOUS}
2017-10-06 15:54:10,851 INFO [91387968]                Voice.java:257  | S4 MeasureStack#17 Voice #1 too long 1/8
2017-10-06 15:54:10,852 INFO [91387968]           StackTuner.java:92   | S4 MeasureStack#17 no correct rhythm
2017-10-06 15:54:10,852 INFO [91387968]         SlotsBuilder.java:427  | S4 MeasureStack#18 Slot{#3 xOffset=126 timeOffset=3/4 incomings=[#5569#5571] SUSPICIOUS}
2017-10-06 15:54:10,853 INFO [91387968]                Voice.java:257  | S4 MeasureStack#18 Voice #1 too long 3/4
2017-10-06 15:54:10,853 INFO [91387968]                Voice.java:257  | S4 MeasureStack#18 Voice #2 too long 3/4
2017-10-06 15:54:10,853 INFO [91387968]                Voice.java:257  | S4 MeasureStack#18 Voice #3 too long 1/2
2017-10-06 15:54:10,854 INFO [91387968]           StackTuner.java:92   | S4 MeasureStack#18 no correct rhythm
2017-10-06 15:54:10,855 INFO [91387968]         SlotsBuilder.java:427  | S4 MeasureStack#19 Slot{#3 xOffset=147 timeOffset=3/4 incomings=[#5574#5576] SUSPICIOUS}
2017-10-06 15:54:10,856 INFO [91387968]                Voice.java:257  | S4 MeasureStack#19 Voice #1 too long 3/4
2017-10-06 15:54:10,856 INFO [91387968]                Voice.java:257  | S4 MeasureStack#19 Voice #2 too long 3/4
2017-10-06 15:54:10,857 INFO [91387968]                Voice.java:257  | S4 MeasureStack#19 Voice #3 too long 1/2
2017-10-06 15:54:10,857 INFO [91387968]           StackTuner.java:92   | S4 MeasureStack#19 no correct rhythm
2017-10-06 15:54:10,859 INFO [91387968]         SlotsBuilder.java:427  | S4 MeasureStack#21 Slot{#3 xOffset=144 timeOffset=3/4 incomings=[#5581#5583] SUSPICIOUS}
2017-10-06 15:54:10,859 INFO [91387968]                Voice.java:257  | S4 MeasureStack#21 Voice #1 too long 3/4
2017-10-06 15:54:10,860 INFO [91387968]                Voice.java:257  | S4 MeasureStack#21 Voice #2 too long 3/4
2017-10-06 15:54:10,860 INFO [91387968]                Voice.java:257  | S4 MeasureStack#21 Voice #3 too long 1/2
2017-10-06 15:54:10,860 INFO [91387968]           StackTuner.java:92   | S4 MeasureStack#21 no correct rhythm
2017-10-06 15:54:10,862 INFO [91387968]         SlotsBuilder.java:427  | S5 MeasureStack#23 Slot{#3 xOffset=163 timeOffset=1/2 incomings=[#5605] SUSPICIOUS}
2017-10-06 15:54:10,863 INFO [91387968]                Voice.java:257  | S5 MeasureStack#23 Voice #1 too long 1/4
2017-10-06 15:54:10,864 INFO [91387968]                Voice.java:257  | S5 MeasureStack#23 Voice #2 too long 1/4
2017-10-06 15:54:10,864 INFO [91387968]                Voice.java:257  | S5 MeasureStack#23 Voice #3 too long 1/4
2017-10-06 15:54:10,864 INFO [91387968]           StackTuner.java:92   | S5 MeasureStack#23 no correct rhythm
2017-10-06 15:54:10,875 INFO [91387968]           PageRhythm.java:314  | Range{1-6} Durations avgGuess:3/4 topGuess:5/8 avgValue:0.77 stacks:6 voices:12 Histogram{1/2-5/4 size:5 [1/2=1 5/8=6 7/8=3 9/8=1 5/4=1]}
2017-10-06 15:54:10,876 INFO [91387968]           PageRhythm.java:221  | S6 Range{1-6 dur:3/4} should update to 3/4-based time sig?
2017-10-06 15:54:10,877 INFO [91387968]                Voice.java:257  | S6 MeasureStack#1 Voice #1 too long 1/2
2017-10-06 15:54:10,881 INFO [91387968]                Voice.java:257  | S6 MeasureStack#1 Voice #2 too long 3/8
2017-10-06 15:54:10,882 INFO [91387968]           StackTuner.java:92   | S6 MeasureStack#1 no correct rhythm
2017-10-06 15:54:10,884 INFO [91387968]         SlotsBuilder.java:427  | S6 MeasureStack#2 Slot{#5 xOffset=135 timeOffset=5/8 incomings=[#5644] SUSPICIOUS}
2017-10-06 15:54:10,885 INFO [91387968]                Voice.java:257  | S6 MeasureStack#2 Voice #1 too long 3/8
2017-10-06 15:54:10,885 INFO [91387968]                Voice.java:257  | S6 MeasureStack#2 Voice #2 too long 3/8
2017-10-06 15:54:10,886 INFO [91387968]           StackTuner.java:92   | S6 MeasureStack#2 no correct rhythm
2017-10-06 15:54:10,887 INFO [91387968]         SlotsBuilder.java:427  | S6 MeasureStack#3 Slot{#5 xOffset=137 timeOffset=5/8 incomings=[#5648] SUSPICIOUS}
2017-10-06 15:54:10,888 INFO [91387968]                Voice.java:257  | S6 MeasureStack#3 Voice #1 too long 3/8
2017-10-06 15:54:10,888 INFO [91387968]                Voice.java:257  | S6 MeasureStack#3 Voice #2 too long 1/4
2017-10-06 15:54:10,888 INFO [91387968]           StackTuner.java:92   | S6 MeasureStack#3 no correct rhythm
2017-10-06 15:54:10,889 INFO [91387968]                Voice.java:257  | S6 MeasureStack#4 Voice #1 too long 1/8
2017-10-06 15:54:10,890 INFO [91387968]                Voice.java:257  | S6 MeasureStack#4 Voice #2 too long 1/8
2017-10-06 15:54:10,890 INFO [91387968]           StackTuner.java:92   | S6 MeasureStack#4 no correct rhythm
2017-10-06 15:54:10,891 INFO [91387968]                Voice.java:257  | S6 MeasureStack#5 Voice #1 too long 1/8
2017-10-06 15:54:10,892 INFO [91387968]           StackTuner.java:92   | S6 MeasureStack#5 no correct rhythm
2017-10-06 15:54:10,893 INFO [91387968]         SlotsBuilder.java:427  | S6 MeasureStack#6 Slot{#5 xOffset=164 timeOffset=1/2 incomings=[#5656] SUSPICIOUS}
2017-10-06 15:54:10,898 INFO [91387968]         SlotsBuilder.java:427  | S6 MeasureStack#6 Slot{#7 xOffset=224 timeOffset=3/4 incomings=[#5657] SUSPICIOUS}
2017-10-06 15:54:10,898 INFO [91387968]                Voice.java:257  | S6 MeasureStack#6 Voice #1 too long 1/8
2017-10-06 15:54:10,899 INFO [91387968]                Voice.java:257  | S6 MeasureStack#6 Voice #2 too long 1/4
2017-10-06 15:54:10,899 INFO [91387968]           StackTuner.java:92   | S6 MeasureStack#6 no correct rhythm
2017-10-06 15:54:10,901 INFO [91387968]            BasicBook.java:1395 | Stored /book.xml
2017-10-06 15:54:12,013 INFO [91387968]           BasicSheet.java:979  | Stored /sheet#1/sheet#1.xml
2017-10-06 15:54:12,015 INFO [91387968]       StepMonitoring.java:96   | PAGE
2017-10-06 15:54:12,021 INFO [91387968]                 Part.java:267  | Could not left-connect slur#5690
2017-10-06 15:54:12,023 INFO [91387968]                Voice.java:257  | S1 MeasureStack#1 Voice #1 too long 1/2
2017-10-06 15:54:12,024 INFO [91387968]                Voice.java:257  | S1 MeasureStack#1 Voice #2 too long 1/4
2017-10-06 15:54:12,025 INFO [91387968]                Voice.java:257  | S2 MeasureStack#10 Voice #1 too long 1/2
2017-10-06 15:54:12,025 INFO [91387968]                Voice.java:257  | S2 MeasureStack#10 Voice #2 too long 1/2
2017-10-06 15:54:12,026 INFO [91387968]                Voice.java:257  | S3 MeasureStack#15 Voice #1 too long 3/4
2017-10-06 15:54:12,027 INFO [91387968]                Voice.java:257  | S3 MeasureStack#15 Voice #2 too long 3/4
2017-10-06 15:54:12,027 INFO [91387968]                Voice.java:257  | S3 MeasureStack#15 Voice #3 too long 1/2
2017-10-06 15:54:12,027 INFO [91387968]                Voice.java:257  | S4 MeasureStack#17 Voice #1 too long 1/8
2017-10-06 15:54:12,027 INFO [91387968]                Voice.java:257  | S4 MeasureStack#18 Voice #1 too long 3/4
2017-10-06 15:54:12,027 INFO [91387968]                Voice.java:257  | S4 MeasureStack#18 Voice #2 too long 3/4
2017-10-06 15:54:12,028 INFO [91387968]                Voice.java:257  | S4 MeasureStack#18 Voice #3 too long 1/2
2017-10-06 15:54:12,028 INFO [91387968]                Voice.java:257  | S4 MeasureStack#19 Voice #1 too long 3/4
2017-10-06 15:54:12,028 INFO [91387968]                Voice.java:257  | S4 MeasureStack#19 Voice #2 too long 3/4
2017-10-06 15:54:12,028 INFO [91387968]                Voice.java:257  | S4 MeasureStack#19 Voice #3 too long 1/2
2017-10-06 15:54:12,029 INFO [91387968]                Voice.java:257  | S4 MeasureStack#21 Voice #1 too long 3/4
2017-10-06 15:54:12,029 INFO [91387968]                Voice.java:257  | S4 MeasureStack#21 Voice #2 too long 3/4
2017-10-06 15:54:12,029 INFO [91387968]                Voice.java:257  | S4 MeasureStack#21 Voice #3 too long 1/2
2017-10-06 15:54:12,029 INFO [91387968]                Voice.java:257  | S5 MeasureStack#23 Voice #1 too long 1/4
2017-10-06 15:54:12,029 INFO [91387968]                Voice.java:257  | S5 MeasureStack#23 Voice #2 too long 1/4
2017-10-06 15:54:12,030 INFO [91387968]                Voice.java:257  | S5 MeasureStack#23 Voice #3 too long 1/4
2017-10-06 15:54:12,030 INFO [91387968]                Voice.java:257  | S6 MeasureStack#1 Voice #1 too long 1/2
2017-10-06 15:54:12,030 INFO [91387968]                Voice.java:257  | S6 MeasureStack#1 Voice #2 too long 3/8
2017-10-06 15:54:12,030 INFO [91387968]                Voice.java:257  | S6 MeasureStack#2 Voice #1 too long 3/8
2017-10-06 15:54:12,031 INFO [91387968]                Voice.java:257  | S6 MeasureStack#2 Voice #2 too long 3/8
2017-10-06 15:54:12,031 INFO [91387968]                Voice.java:257  | S6 MeasureStack#3 Voice #1 too long 3/8
2017-10-06 15:54:12,031 INFO [91387968]                Voice.java:257  | S6 MeasureStack#3 Voice #2 too long 1/4
2017-10-06 15:54:12,031 INFO [91387968]                Voice.java:257  | S6 MeasureStack#4 Voice #1 too long 1/8
2017-10-06 15:54:12,031 INFO [91387968]                Voice.java:257  | S6 MeasureStack#4 Voice #2 too long 1/8
2017-10-06 15:54:12,032 INFO [91387968]                Voice.java:257  | S6 MeasureStack#5 Voice #1 too long 1/8
2017-10-06 15:54:12,032 INFO [91387968]                Voice.java:257  | S6 MeasureStack#6 Voice #1 too long 1/8
2017-10-06 15:54:12,032 INFO [91387968]                Voice.java:257  | S6 MeasureStack#6 Voice #2 too long 1/4
2017-10-06 15:54:12,034 INFO [91387968]            BasicBook.java:1395 | Stored /book.xml
2017-10-06 15:54:13,114 INFO [91387968]           BasicSheet.java:979  | Stored /sheet#1/sheet#1.xml
2017-10-06 15:54:13,117 INFO [91387968]            BasicStub.java:723  | Sheet{91387968} disposed
2017-10-06 15:54:14,291 INFO [91387968]            BasicStub.java:449  | Loaded /sheet#1/sheet#1.xml
2017-10-06 15:54:14,293 INFO [91387968]            BasicBook.java:1133 | Scores built: 2
2017-10-06 15:54:15,474 WARN [91387968]      PartwiseBuilder.java:1379 | Error visiting null
java.lang.NullPointerException: null
	at org.audiveris.omr.score.PartwiseBuilder.processKey(PartwiseBuilder.java:1344)
	at org.audiveris.omr.score.PartwiseBuilder.processKeys(PartwiseBuilder.java:1407)
	at org.audiveris.omr.score.PartwiseBuilder.processMeasure(PartwiseBuilder.java:1575)
	at org.audiveris.omr.score.PartwiseBuilder.processPart(PartwiseBuilder.java:1988)
	at org.audiveris.omr.score.PartwiseBuilder.processSystem(PartwiseBuilder.java:2528)
	at org.audiveris.omr.score.PartwiseBuilder.processLogicalPart(PartwiseBuilder.java:1433)
	at org.audiveris.omr.score.PartwiseBuilder.processStub(PartwiseBuilder.java:2483)
	at org.audiveris.omr.score.PartwiseBuilder.processPartList(PartwiseBuilder.java:2017)
	at org.audiveris.omr.score.PartwiseBuilder.processScore(PartwiseBuilder.java:2195)
	at org.audiveris.omr.score.PartwiseBuilder.build(PartwiseBuilder.java:307)
	at org.audiveris.omr.score.ScoreExporter.export(ScoreExporter.java:117)
	at org.audiveris.omr.score.ScoreExporter.export(ScoreExporter.java:91)
	at org.audiveris.omr.sheet.BasicBook.export(BasicBook.java:589)
	at org.audiveris.omr.CLI$ProcessingTask.processBook(CLI.java:785)
	at org.audiveris.omr.CLI$CliTask.call(CLI.java:344)
	at org.audiveris.omr.Main.runBatchTasks(Main.java:316)
	at org.audiveris.omr.Main.main(Main.java:155)
	at Audiveris.main(Audiveris.java:49)
2017-10-06 15:54:15,495 WARN [91387968]      PartwiseBuilder.java:1379 | Error visiting null
java.lang.NullPointerException: null
	at org.audiveris.omr.score.PartwiseBuilder.processKey(PartwiseBuilder.java:1344)
	at org.audiveris.omr.score.PartwiseBuilder.processKeys(PartwiseBuilder.java:1407)
	at org.audiveris.omr.score.PartwiseBuilder.processMeasure(PartwiseBuilder.java:1575)
	at org.audiveris.omr.score.PartwiseBuilder.processPart(PartwiseBuilder.java:1988)
	at org.audiveris.omr.score.PartwiseBuilder.processSystem(PartwiseBuilder.java:2528)
	at org.audiveris.omr.score.PartwiseBuilder.processLogicalPart(PartwiseBuilder.java:1433)
	at org.audiveris.omr.score.PartwiseBuilder.processStub(PartwiseBuilder.java:2483)
	at org.audiveris.omr.score.PartwiseBuilder.processPartList(PartwiseBuilder.java:2017)
	at org.audiveris.omr.score.PartwiseBuilder.processScore(PartwiseBuilder.java:2195)
	at org.audiveris.omr.score.PartwiseBuilder.build(PartwiseBuilder.java:307)
	at org.audiveris.omr.score.ScoreExporter.export(ScoreExporter.java:117)
	at org.audiveris.omr.score.ScoreExporter.export(ScoreExporter.java:91)
	at org.audiveris.omr.sheet.BasicBook.export(BasicBook.java:589)
	at org.audiveris.omr.CLI$ProcessingTask.processBook(CLI.java:785)
	at org.audiveris.omr.CLI$CliTask.call(CLI.java:344)
	at org.audiveris.omr.Main.runBatchTasks(Main.java:316)
	at org.audiveris.omr.Main.main(Main.java:155)
	at Audiveris.main(Audiveris.java:49)
2017-10-06 15:54:15,500 WARN [91387968]      PartwiseBuilder.java:1379 | Error visiting null
java.lang.NullPointerException: null
	at org.audiveris.omr.score.PartwiseBuilder.processKey(PartwiseBuilder.java:1344)
	at org.audiveris.omr.score.PartwiseBuilder.processKeys(PartwiseBuilder.java:1407)
	at org.audiveris.omr.score.PartwiseBuilder.processMeasure(PartwiseBuilder.java:1575)
	at org.audiveris.omr.score.PartwiseBuilder.processPart(PartwiseBuilder.java:1988)
	at org.audiveris.omr.score.PartwiseBuilder.processSystem(PartwiseBuilder.java:2528)
	at org.audiveris.omr.score.PartwiseBuilder.processLogicalPart(PartwiseBuilder.java:1433)
	at org.audiveris.omr.score.PartwiseBuilder.processStub(PartwiseBuilder.java:2483)
	at org.audiveris.omr.score.PartwiseBuilder.processPartList(PartwiseBuilder.java:2017)
	at org.audiveris.omr.score.PartwiseBuilder.processScore(PartwiseBuilder.java:2195)
	at org.audiveris.omr.score.PartwiseBuilder.build(PartwiseBuilder.java:307)
	at org.audiveris.omr.score.ScoreExporter.export(ScoreExporter.java:117)
	at org.audiveris.omr.score.ScoreExporter.export(ScoreExporter.java:91)
	at org.audiveris.omr.sheet.BasicBook.export(BasicBook.java:589)
	at org.audiveris.omr.CLI$ProcessingTask.processBook(CLI.java:785)
	at org.audiveris.omr.CLI$CliTask.call(CLI.java:344)
	at org.audiveris.omr.Main.runBatchTasks(Main.java:316)
	at org.audiveris.omr.Main.main(Main.java:155)
	at Audiveris.main(Audiveris.java:49)
2017-10-06 15:54:15,557 INFO [91387968]        ScoreExporter.java:93   | Score 91387968.mvt1 exported to /Users/stephenn/Documents/workspace/nlsomr/xml_out/91386487/91387968/91387968.mvt1.mxl
2017-10-06 15:54:15,584 INFO [91387968]        ScoreExporter.java:93   | Score 91387968.mvt2 exported to /Users/stephenn/Documents/workspace/nlsomr/xml_out/91386487/91387968/91387968.mvt2.mxl
2017-10-06 15:54:15,734 INFO [91387968]            BasicBook.java:1395 | Stored /book.xml
2017-10-06 15:54:15,735 INFO [91387968]            BasicBook.java:1355 | Book stored as /Users/stephenn/Documents/workspace/nlsomr/xml_out/91386487/91387968/91387968.omr
