2017-10-06 14:53:28,415 INFO [91387152]            BasicBook.java:427  | 1 sheet in /Users/stephenn/Documents/workspace/nlsomr/working/91387152.jpg
2017-10-06 14:53:28,557 INFO []            BasicBook.java:1395 | Stored /book.xml
2017-10-06 14:53:28,558 INFO []            BasicBook.java:1355 | Book stored as /Users/stephenn/Documents/workspace/nlsomr/xml_out/91386487/91387152/91387152.omr
2017-10-06 14:53:28,567 INFO []            BasicBook.java:996  | Book reaching PAGE on sheets:[#1]
2017-10-06 14:53:28,569 INFO [91387152]       StepMonitoring.java:96   | LOAD
2017-10-06 14:53:28,717 INFO [91387152]            BasicBook.java:911  | Loaded image 1 2000x3056 from /Users/stephenn/Documents/workspace/nlsomr/working/91387152.jpg
2017-10-06 14:53:28,721 INFO [91387152]            ImageUtil.java:82   | Converting max RGB to gray ...
2017-10-06 14:53:28,979 INFO [91387152]            BasicBook.java:1395 | Stored /book.xml
2017-10-06 14:53:29,284 INFO [91387152]           BasicSheet.java:979  | Stored /sheet#1/sheet#1.xml
2017-10-06 14:53:29,286 INFO [91387152]       StepMonitoring.java:96   | BINARY
2017-10-06 14:53:29,912 INFO [91387152]            BasicBook.java:1395 | Stored /book.xml
2017-10-06 14:53:30,231 INFO [91387152]              Picture.java:786  | Stored /sheet#1/BINARY.xml
2017-10-06 14:53:30,233 INFO [91387152]           BasicSheet.java:979  | Stored /sheet#1/sheet#1.xml
2017-10-06 14:53:30,235 INFO [91387152]       StepMonitoring.java:96   | SCALE
2017-10-06 14:53:30,278 INFO [91387152]            ScaleStep.java:87   | Scale{line(3,4,6) interline(16,17,17) beam(13)}
2017-10-06 14:53:30,281 INFO [91387152]            BasicBook.java:1395 | Stored /book.xml
2017-10-06 14:53:30,285 INFO [91387152]           BasicSheet.java:979  | Stored /sheet#1/sheet#1.xml
2017-10-06 14:53:30,288 INFO [91387152]       StepMonitoring.java:96   | GRID
2017-10-06 14:53:31,324 INFO [91387152]       LinesRetriever.java:442  | Global slope: -0.00049
2017-10-06 14:53:31,421 INFO [91387152]    ClustersRetriever.java:241  | Retrieved line clusters: 12 of size: 5 with interline: (16,17,17)
2017-10-06 14:53:32,258 INFO [91387152]            PeakGraph.java:181  | Systems: #1[1, 2] #2[3, 4] #3[5, 6] #4[7, 8] #5[9, 10] #6[11, 12]
2017-10-06 14:53:33,491 INFO [91387152]        SystemManager.java:626  | Indentation detected for system#1
2017-10-06 14:53:33,492 INFO [91387152]        SystemManager.java:626  | Indentation detected for system#5
2017-10-06 14:53:33,492 INFO [91387152]        SystemManager.java:671  | 2 pages found in sheet
2017-10-06 14:53:33,492 INFO [91387152]        SystemManager.java:709  | Page #1: 1 part along 4 systems
2017-10-06 14:53:33,493 INFO [91387152]        SystemManager.java:709  | Page #2: 1 part along 2 systems
2017-10-06 14:53:33,496 INFO [91387152]            BasicBook.java:1395 | Stored /book.xml
2017-10-06 14:53:33,718 INFO [91387152]           BasicSheet.java:979  | Stored /sheet#1/sheet#1.xml
2017-10-06 14:53:33,721 INFO [91387152]       StepMonitoring.java:96   | HEADERS
2017-10-06 14:53:34,110 INFO [91387152]          Nd4jBackend.java:194  | Loaded [CpuBackend] backend
2017-10-06 14:53:34,195 INFO [91387152]      NativeOpsHolder.java:49   | Number of threads used for NativeOps: 2
2017-10-06 14:53:34,675 INFO [91387152] DefaultOpExecutioner.java:544  | Backend used: [CPU]; OS: [Mac OS X]
2017-10-06 14:53:34,675 INFO [91387152] DefaultOpExecutioner.java:545  | Cores: [4]; Memory: [3.6GB];
2017-10-06 14:53:34,676 INFO [91387152] DefaultOpExecutioner.java:546  | Blas vendor: [OPENBLAS]
2017-10-06 14:53:34,718 INFO [91387152]   AbstractClassifier.java:332  | Classifier data loaded from default uri jar:file:/Users/stephenn/Documents/workspace/audiveris/build/distributions/Audiveris/lib/audiveris.jar!/res/basic-classifier.zip
2017-10-06 14:53:36,202 WARN [91387152]          ClefBuilder.java:560  | Staff#2 no header clef.
2017-10-06 14:53:36,583 WARN [91387152]          ClefBuilder.java:560  | Staff#4 no header clef.
2017-10-06 14:53:37,848 INFO [91387152]            BasicBook.java:1395 | Stored /book.xml
2017-10-06 14:53:37,969 INFO []   AbstractClassifier.java:332  | Classifier data loaded from default uri jar:file:/Users/stephenn/Documents/workspace/audiveris/build/distributions/Audiveris/lib/audiveris.jar!/res/deep-classifier.zip
2017-10-06 14:53:38,208 INFO [91387152]           BasicSheet.java:979  | Stored /sheet#1/sheet#1.xml
2017-10-06 14:53:38,210 INFO [91387152]       StepMonitoring.java:96   | STEM_SEEDS
2017-10-06 14:53:38,302 INFO [91387152]        StemSeedsStep.java:91   | stem(4 max:5)
2017-10-06 14:53:38,437 INFO [91387152]            BasicBook.java:1395 | Stored /book.xml
2017-10-06 14:53:38,776 INFO [91387152]           BasicSheet.java:979  | Stored /sheet#1/sheet#1.xml
2017-10-06 14:53:38,779 INFO [91387152]       StepMonitoring.java:96   | BEAMS
2017-10-06 14:53:43,704 INFO [91387152]            BeamsStep.java:89   | BeamDistance{count:8 mean:15.07 stdDev:1.24}
2017-10-06 14:53:43,707 INFO [91387152]            BasicBook.java:1395 | Stored /book.xml
2017-10-06 14:53:43,766 INFO [91387152]              Picture.java:786  | Stored /sheet#1/HEAD_SPOTS.xml
2017-10-06 14:53:44,175 INFO [91387152]           BasicSheet.java:979  | Stored /sheet#1/sheet#1.xml
2017-10-06 14:53:44,177 INFO [91387152]       StepMonitoring.java:96   | LEDGERS
2017-10-06 14:53:44,863 INFO [91387152]            BasicBook.java:1395 | Stored /book.xml
2017-10-06 14:53:45,339 INFO [91387152]           BasicSheet.java:979  | Stored /sheet#1/sheet#1.xml
2017-10-06 14:53:45,342 INFO [91387152]       StepMonitoring.java:96   | HEADS
2017-10-06 14:53:47,997 INFO [91387152]            BasicBook.java:1395 | Stored /book.xml
2017-10-06 14:53:49,063 INFO [91387152]           BasicSheet.java:979  | Stored /sheet#1/sheet#1.xml
2017-10-06 14:53:49,066 INFO [91387152]       StepMonitoring.java:96   | STEMS
2017-10-06 14:53:51,936 INFO [91387152]            BasicBook.java:1395 | Stored /book.xml
2017-10-06 14:53:53,255 INFO [91387152]           BasicSheet.java:979  | Stored /sheet#1/sheet#1.xml
2017-10-06 14:53:53,261 INFO [91387152]       StepMonitoring.java:96   | REDUCTION
2017-10-06 14:53:53,850 INFO [91387152]            BasicBook.java:1395 | Stored /book.xml
2017-10-06 14:53:54,687 INFO [91387152]           BasicSheet.java:979  | Stored /sheet#1/sheet#1.xml
2017-10-06 14:53:54,689 INFO [91387152]       StepMonitoring.java:96   | CUE_BEAMS
2017-10-06 14:53:54,693 INFO [91387152]            BasicBook.java:1395 | Stored /book.xml
2017-10-06 14:53:55,520 INFO [91387152]           BasicSheet.java:979  | Stored /sheet#1/sheet#1.xml
2017-10-06 14:53:55,523 INFO [91387152]       StepMonitoring.java:96   | TEXTS
2017-10-06 14:53:57,999 ERROR [91387152]             TextLine.java:375  | TextLine with no first word TextLine{ "" conf:NaN}
2017-10-06 14:53:58,002 WARN [91387152]   AbstractSystemStep.java:200  | S5 java.lang.IndexOutOfBoundsException: Index: 0, Size: 0
java.lang.IndexOutOfBoundsException: Index: 0, Size: 0
	at java.util.ArrayList.rangeCheck(ArrayList.java:653)
	at java.util.ArrayList.get(ArrayList.java:429)
	at org.audiveris.omr.sig.inter.SentenceInter.getLocation(SentenceInter.java:280)
	at org.audiveris.omr.sig.inter.SentenceInter.assignStaff(SentenceInter.java:196)
	at org.audiveris.omr.text.TextBuilder.createInters(TextBuilder.java:895)
	at org.audiveris.omr.text.TextBuilder.retrieveLines(TextBuilder.java:610)
	at org.audiveris.omr.text.TextsStep.doSystem(TextsStep.java:66)
	at org.audiveris.omr.text.TextsStep.doSystem(TextsStep.java:41)
	at org.audiveris.omr.step.AbstractSystemStep$1.call(AbstractSystemStep.java:198)
	at org.audiveris.omr.step.AbstractSystemStep$1.call(AbstractSystemStep.java:181)
	at org.audiveris.omr.step.AbstractSystemStep.doitPerSystem(AbstractSystemStep.java:219)
	at org.audiveris.omr.step.AbstractSystemStep.doit(AbstractSystemStep.java:106)
	at org.audiveris.omr.step.Step.doit(Step.java:168)
	at org.audiveris.omr.sheet.BasicStub$3.call(BasicStub.java:814)
	at org.audiveris.omr.sheet.BasicStub$3.call(BasicStub.java:802)
	at java.util.concurrent.FutureTask.run(FutureTask.java:266)
	at java.util.concurrent.ThreadPoolExecutor.runWorker(ThreadPoolExecutor.java:1149)
	at java.util.concurrent.ThreadPoolExecutor$Worker.run(ThreadPoolExecutor.java:624)
	at java.lang.Thread.run(Thread.java:748)
2017-10-06 14:53:58,014 INFO [91387152]            BasicBook.java:1395 | Stored /book.xml
2017-10-06 14:53:59,009 INFO [91387152]           BasicSheet.java:979  | Stored /sheet#1/sheet#1.xml
2017-10-06 14:53:59,011 INFO [91387152]       StepMonitoring.java:96   | MEASURES
2017-10-06 14:53:59,017 INFO [91387152]                 Page.java:210  | 21 raw measures: [6 in system#1, 5 in system#2, 5 in system#3, 5 in system#4]
2017-10-06 14:53:59,017 INFO [91387152]                 Page.java:210  | 8 raw measures: [4 in system#5, 4 in system#6]
2017-10-06 14:53:59,018 INFO [91387152]            BasicBook.java:1395 | Stored /book.xml
2017-10-06 14:54:00,164 INFO [91387152]           BasicSheet.java:979  | Stored /sheet#1/sheet#1.xml
2017-10-06 14:54:00,166 INFO [91387152]       StepMonitoring.java:96   | CHORDS
2017-10-06 14:54:00,182 INFO [91387152]            BasicBook.java:1395 | Stored /book.xml
2017-10-06 14:54:01,393 INFO [91387152]           BasicSheet.java:979  | Stored /sheet#1/sheet#1.xml
2017-10-06 14:54:01,396 INFO [91387152]       StepMonitoring.java:96   | CURVES
2017-10-06 14:54:03,295 INFO [91387152]         SlursBuilder.java:157  | Slurs: 46
2017-10-06 14:54:03,316 INFO [91387152]      SegmentsBuilder.java:113  | Segments: 22
2017-10-06 14:54:03,323 INFO [91387152]            BasicBook.java:1395 | Stored /book.xml
2017-10-06 14:54:04,904 INFO [91387152]           BasicSheet.java:979  | Stored /sheet#1/sheet#1.xml
2017-10-06 14:54:04,906 INFO [91387152]       StepMonitoring.java:96   | SYMBOLS
2017-10-06 14:54:07,189 INFO [91387152]            BasicBook.java:1395 | Stored /book.xml
2017-10-06 14:54:08,828 INFO [91387152]           BasicSheet.java:979  | Stored /sheet#1/sheet#1.xml
2017-10-06 14:54:08,832 INFO [91387152]       StepMonitoring.java:96   | LINKS
2017-10-06 14:54:08,889 INFO [91387152]            BasicBook.java:1395 | Stored /book.xml
2017-10-06 14:54:10,564 INFO [91387152]           BasicSheet.java:979  | Stored /sheet#1/sheet#1.xml
2017-10-06 14:54:10,566 INFO [91387152]       StepMonitoring.java:96   | RHYTHMS
2017-10-06 14:54:10,604 INFO [91387152]           PageRhythm.java:314  | Range{1-21} Durations avgGuess:3/4 topGuess:3/4 avgValue:0.68 stacks:21 voices:61 Histogram{1/2-1 size:4 [1/2=22 3/4=31 7/8=6 1=2]}
2017-10-06 14:54:10,605 INFO [91387152]           PageRhythm.java:221  | S1 Range{1-21 dur:3/4} should update to 3/4-based time sig?
2017-10-06 14:54:10,607 INFO [91387152]                Voice.java:257  | S1 MeasureStack#2 Voice #1 too long 1/8
2017-10-06 14:54:10,608 INFO [91387152]           StackTuner.java:92   | S1 MeasureStack#2 no correct rhythm
2017-10-06 14:54:10,611 INFO [91387152]                Voice.java:257  | S1 MeasureStack#5 Voice #1 too long 1/8
2017-10-06 14:54:10,612 INFO [91387152]           StackTuner.java:92   | S1 MeasureStack#5 no correct rhythm
2017-10-06 14:54:10,615 INFO [91387152]         SlotsBuilder.java:427  | S2 MeasureStack#7 Slot{#4 xOffset=294 timeOffset=1/2 incomings=[#6000] SUSPICIOUS}
2017-10-06 14:54:10,616 INFO [91387152]                Voice.java:257  | S2 MeasureStack#7 Voice #1 too long 1/4
2017-10-06 14:54:10,616 INFO [91387152]                Voice.java:257  | S2 MeasureStack#7 Voice #3 too long 1/4
2017-10-06 14:54:10,616 INFO [91387152]           StackTuner.java:92   | S2 MeasureStack#7 no correct rhythm
2017-10-06 14:54:10,619 INFO [91387152]                Voice.java:257  | S2 MeasureStack#9 Voice #1 too long 1/8
2017-10-06 14:54:10,620 INFO [91387152]           StackTuner.java:92   | S2 MeasureStack#9 no correct rhythm
2017-10-06 14:54:10,621 INFO [91387152]         SlotsBuilder.java:427  | S2 MeasureStack#10 Slot{#3 xOffset=122 timeOffset=1/2 incomings=[#6013] SUSPICIOUS}
2017-10-06 14:54:10,621 INFO [91387152]                Voice.java:257  | S2 MeasureStack#10 Voice #1 too long 1/4
2017-10-06 14:54:10,622 INFO [91387152]                Voice.java:257  | S2 MeasureStack#10 Voice #2 too long 1/4
2017-10-06 14:54:10,622 INFO [91387152]                Voice.java:257  | S2 MeasureStack#10 Voice #3 too long 1/4
2017-10-06 14:54:10,622 INFO [91387152]           StackTuner.java:92   | S2 MeasureStack#10 no correct rhythm
2017-10-06 14:54:10,625 INFO [91387152]         SlotsBuilder.java:427  | S3 MeasureStack#12 Slot{#3 xOffset=275 timeOffset=1/2 incomings=[#6041] SUSPICIOUS}
2017-10-06 14:54:10,625 INFO [91387152]                Voice.java:257  | S3 MeasureStack#12 Voice #1 too long 1/4
2017-10-06 14:54:10,625 INFO [91387152]                Voice.java:257  | S3 MeasureStack#12 Voice #2 too long 1/4
2017-10-06 14:54:10,626 INFO [91387152]                Voice.java:257  | S3 MeasureStack#12 Voice #3 too long 1/4
2017-10-06 14:54:10,626 INFO [91387152]           StackTuner.java:92   | S3 MeasureStack#12 no correct rhythm
2017-10-06 14:54:10,627 INFO [91387152]                Voice.java:257  | S3 MeasureStack#13 Voice #1 too long 1/4
2017-10-06 14:54:10,628 INFO [91387152]                Voice.java:257  | S3 MeasureStack#13 Voice #4 too long 1/4
2017-10-06 14:54:10,628 INFO [91387152]           StackTuner.java:92   | S3 MeasureStack#13 no correct rhythm
2017-10-06 14:54:10,631 INFO [91387152]                Voice.java:257  | S4 MeasureStack#17 Voice #1 too long 1/8
2017-10-06 14:54:10,632 INFO [91387152]                Voice.java:257  | S4 MeasureStack#17 Voice #2 too long 1/8
2017-10-06 14:54:10,632 INFO [91387152]                Voice.java:257  | S4 MeasureStack#17 Voice #3 too long 1/8
2017-10-06 14:54:10,632 INFO [91387152]           StackTuner.java:92   | S4 MeasureStack#17 no correct rhythm
2017-10-06 14:54:10,643 INFO [91387152]           PageRhythm.java:314  | Range{1-8 ts:6/8} Durations avgGuess:1/2 topGuess:1/2 avgValue:0.55 stacks:8 voices:17 Histogram{3/8-7/8 size:4 [3/8=1 1/2=13 3/4=2 7/8=1]}
2017-10-06 14:54:10,644 INFO [91387152]           PageRhythm.java:221  | S5 Range{1-8 ts:6/8 dur:1/2} should update to 1/2-based time sig?
2017-10-06 14:54:10,645 INFO [91387152]         SlotsBuilder.java:427  | S5 MeasureStack#1 Slot{#5 xOffset=392 timeOffset=1/2 incomings=[#6096] SUSPICIOUS}
2017-10-06 14:54:10,646 INFO [91387152]         SlotsBuilder.java:427  | S5 MeasureStack#1 Slot{#8 xOffset=483 timeOffset=3/4 incomings=[#6097] SUSPICIOUS}
2017-10-06 14:54:10,647 INFO [91387152]                Voice.java:257  | S5 MeasureStack#1 Voice #1 too long 1/2
2017-10-06 14:54:10,647 INFO [91387152]                Voice.java:257  | S5 MeasureStack#1 Voice #2 too long 1/4
2017-10-06 14:54:10,648 INFO [91387152]           StackTuner.java:92   | S5 MeasureStack#1 no correct rhythm
2017-10-06 14:54:10,649 INFO [91387152]         SlotsBuilder.java:427  | S5 MeasureStack#2 Slot{#5 xOffset=193 timeOffset=1/2 incomings=[#6100] SUSPICIOUS}
2017-10-06 14:54:10,650 INFO [91387152]                Voice.java:257  | S5 MeasureStack#2 Voice #1 too long 1/2
2017-10-06 14:54:10,651 INFO [91387152]                Voice.java:257  | S5 MeasureStack#2 Voice #2 too long 1/4
2017-10-06 14:54:10,651 INFO [91387152]           StackTuner.java:92   | S5 MeasureStack#2 no correct rhythm
2017-10-06 14:54:10,652 INFO [91387152]         SlotsBuilder.java:427  | S5 MeasureStack#3 Slot{#5 xOffset=179 timeOffset=1/2 incomings=[#6104] SUSPICIOUS}
2017-10-06 14:54:10,653 INFO [91387152]         SlotsBuilder.java:427  | S5 MeasureStack#3 Slot{#8 xOffset=273 timeOffset=3/4 incomings=[#6105] SUSPICIOUS}
2017-10-06 14:54:10,654 INFO [91387152]                Voice.java:257  | S5 MeasureStack#3 Voice #1 too long 1/2
2017-10-06 14:54:10,654 INFO [91387152]                Voice.java:257  | S5 MeasureStack#3 Voice #2 too long 1/4
2017-10-06 14:54:10,654 INFO [91387152]           StackTuner.java:92   | S5 MeasureStack#3 no correct rhythm
2017-10-06 14:54:10,656 INFO [91387152]         SlotsBuilder.java:427  | S5 MeasureStack#4 Slot{#5 xOffset=177 timeOffset=1/2 incomings=[#6108] SUSPICIOUS}
2017-10-06 14:54:10,657 INFO [91387152]         SlotsBuilder.java:427  | S5 MeasureStack#4 Slot{#8 xOffset=271 timeOffset=3/4 incomings=[#6109] SUSPICIOUS}
2017-10-06 14:54:10,662 INFO [91387152]                Voice.java:257  | S5 MeasureStack#4 Voice #1 too long 1/2
2017-10-06 14:54:10,662 INFO [91387152]                Voice.java:257  | S5 MeasureStack#4 Voice #2 too long 1/4
2017-10-06 14:54:10,663 INFO [91387152]           StackTuner.java:92   | S5 MeasureStack#4 no correct rhythm
2017-10-06 14:54:10,664 INFO [91387152]         SlotsBuilder.java:427  | S6 MeasureStack#5 Slot{#5 xOffset=383 timeOffset=1/2 incomings=[#6136] SUSPICIOUS}
2017-10-06 14:54:10,665 INFO [91387152]         SlotsBuilder.java:427  | S6 MeasureStack#5 Slot{#8 xOffset=494 timeOffset=3/4 incomings=[#6137] SUSPICIOUS}
2017-10-06 14:54:10,665 INFO [91387152]                Voice.java:257  | S6 MeasureStack#5 Voice #1 too long 1/2
2017-10-06 14:54:10,665 INFO [91387152]                Voice.java:257  | S6 MeasureStack#5 Voice #2 too long 1/4
2017-10-06 14:54:10,666 INFO [91387152]           StackTuner.java:92   | S6 MeasureStack#5 no correct rhythm
2017-10-06 14:54:10,667 INFO [91387152]         SlotsBuilder.java:427  | S6 MeasureStack#6 Slot{#5 xOffset=243 timeOffset=1/2 incomings=[#6140] SUSPICIOUS}
2017-10-06 14:54:10,668 INFO [91387152]         SlotsBuilder.java:427  | S6 MeasureStack#6 Slot{#8 xOffset=357 timeOffset=3/4 incomings=[#6141] SUSPICIOUS}
2017-10-06 14:54:10,668 INFO [91387152]                Voice.java:257  | S6 MeasureStack#6 Voice #1 too long 1/2
2017-10-06 14:54:10,669 INFO [91387152]                Voice.java:257  | S6 MeasureStack#6 Voice #2 too long 1/4
2017-10-06 14:54:10,669 INFO [91387152]           StackTuner.java:92   | S6 MeasureStack#6 no correct rhythm
2017-10-06 14:54:10,671 INFO [91387152]                Voice.java:257  | S6 MeasureStack#7 Voice #1 too long 3/8
2017-10-06 14:54:10,671 INFO [91387152]                Voice.java:257  | S6 MeasureStack#7 Voice #2 too long 1/4
2017-10-06 14:54:10,671 INFO [91387152]           StackTuner.java:92   | S6 MeasureStack#7 no correct rhythm
2017-10-06 14:54:10,672 INFO [91387152]         SlotsBuilder.java:427  | S6 MeasureStack#8 Slot{#5 xOffset=227 timeOffset=1/2 incomings=[#6149] SUSPICIOUS}
2017-10-06 14:54:10,673 INFO [91387152]                Voice.java:257  | S6 MeasureStack#8 Voice #1 too long 1/4
2017-10-06 14:54:10,673 INFO [91387152]                Voice.java:257  | S6 MeasureStack#8 Voice #2 too long 1/4
2017-10-06 14:54:10,673 INFO [91387152]           StackTuner.java:92   | S6 MeasureStack#8 no correct rhythm
2017-10-06 14:54:10,676 INFO [91387152]            BasicBook.java:1395 | Stored /book.xml
2017-10-06 14:54:12,377 INFO [91387152]           BasicSheet.java:979  | Stored /sheet#1/sheet#1.xml
2017-10-06 14:54:12,379 INFO [91387152]       StepMonitoring.java:96   | PAGE
2017-10-06 14:54:12,383 INFO [91387152]                Voice.java:257  | S1 MeasureStack#2 Voice #1 too long 1/8
2017-10-06 14:54:12,384 INFO [91387152]                Voice.java:257  | S1 MeasureStack#5 Voice #1 too long 1/8
2017-10-06 14:54:12,384 INFO [91387152]                Voice.java:257  | S2 MeasureStack#7 Voice #1 too long 1/4
2017-10-06 14:54:12,384 INFO [91387152]                Voice.java:257  | S2 MeasureStack#7 Voice #3 too long 1/4
2017-10-06 14:54:12,385 INFO [91387152]                Voice.java:257  | S2 MeasureStack#9 Voice #1 too long 1/8
2017-10-06 14:54:12,385 INFO [91387152]                Voice.java:257  | S2 MeasureStack#10 Voice #1 too long 1/4
2017-10-06 14:54:12,385 INFO [91387152]                Voice.java:257  | S2 MeasureStack#10 Voice #2 too long 1/4
2017-10-06 14:54:12,385 INFO [91387152]                Voice.java:257  | S2 MeasureStack#10 Voice #3 too long 1/4
2017-10-06 14:54:12,385 INFO [91387152]                Voice.java:257  | S3 MeasureStack#12 Voice #1 too long 1/4
2017-10-06 14:54:12,386 INFO [91387152]                Voice.java:257  | S3 MeasureStack#12 Voice #2 too long 1/4
2017-10-06 14:54:12,386 INFO [91387152]                Voice.java:257  | S3 MeasureStack#12 Voice #3 too long 1/4
2017-10-06 14:54:12,386 INFO [91387152]                Voice.java:257  | S3 MeasureStack#13 Voice #1 too long 1/4
2017-10-06 14:54:12,386 INFO [91387152]                Voice.java:257  | S3 MeasureStack#13 Voice #4 too long 1/4
2017-10-06 14:54:12,387 INFO [91387152]                Voice.java:257  | S4 MeasureStack#17 Voice #1 too long 1/8
2017-10-06 14:54:12,387 INFO [91387152]                Voice.java:257  | S4 MeasureStack#17 Voice #2 too long 1/8
2017-10-06 14:54:12,387 INFO [91387152]                Voice.java:257  | S4 MeasureStack#17 Voice #3 too long 1/8
2017-10-06 14:54:12,388 INFO [91387152]                Voice.java:257  | S5 MeasureStack#1 Voice #1 too long 1/2
2017-10-06 14:54:12,388 INFO [91387152]                Voice.java:257  | S5 MeasureStack#1 Voice #2 too long 1/4
2017-10-06 14:54:12,388 INFO [91387152]                Voice.java:257  | S5 MeasureStack#2 Voice #1 too long 1/2
2017-10-06 14:54:12,388 INFO [91387152]                Voice.java:257  | S5 MeasureStack#2 Voice #2 too long 1/4
2017-10-06 14:54:12,389 INFO [91387152]                Voice.java:257  | S5 MeasureStack#3 Voice #1 too long 1/2
2017-10-06 14:54:12,389 INFO [91387152]                Voice.java:257  | S5 MeasureStack#3 Voice #2 too long 1/4
2017-10-06 14:54:12,389 INFO [91387152]                Voice.java:257  | S5 MeasureStack#4 Voice #1 too long 1/2
2017-10-06 14:54:12,389 INFO [91387152]                Voice.java:257  | S5 MeasureStack#4 Voice #2 too long 1/4
2017-10-06 14:54:12,390 INFO [91387152]                Voice.java:257  | S6 MeasureStack#5 Voice #1 too long 1/2
2017-10-06 14:54:12,390 INFO [91387152]                Voice.java:257  | S6 MeasureStack#5 Voice #2 too long 1/4
2017-10-06 14:54:12,390 INFO [91387152]                Voice.java:257  | S6 MeasureStack#6 Voice #1 too long 1/2
2017-10-06 14:54:12,391 INFO [91387152]                Voice.java:257  | S6 MeasureStack#6 Voice #2 too long 1/4
2017-10-06 14:54:12,391 INFO [91387152]                Voice.java:257  | S6 MeasureStack#7 Voice #1 too long 3/8
2017-10-06 14:54:12,391 INFO [91387152]                Voice.java:257  | S6 MeasureStack#7 Voice #2 too long 1/4
2017-10-06 14:54:12,392 INFO [91387152]                Voice.java:257  | S6 MeasureStack#8 Voice #1 too long 1/4
2017-10-06 14:54:12,392 INFO [91387152]                Voice.java:257  | S6 MeasureStack#8 Voice #2 too long 1/4
2017-10-06 14:54:12,394 INFO [91387152]            BasicBook.java:1395 | Stored /book.xml
2017-10-06 14:54:14,105 INFO [91387152]           BasicSheet.java:979  | Stored /sheet#1/sheet#1.xml
2017-10-06 14:54:14,107 INFO [91387152]            BasicStub.java:723  | Sheet{91387152} disposed
2017-10-06 14:54:15,763 INFO [91387152]            BasicStub.java:449  | Loaded /sheet#1/sheet#1.xml
2017-10-06 14:54:15,764 INFO [91387152]            BasicBook.java:1133 | Scores built: 2
2017-10-06 14:54:16,794 WARN [91387152]      PartwiseBuilder.java:1379 | Error visiting null
java.lang.NullPointerException: null
	at org.audiveris.omr.score.PartwiseBuilder.processKey(PartwiseBuilder.java:1344)
	at org.audiveris.omr.score.PartwiseBuilder.processKeys(PartwiseBuilder.java:1407)
	at org.audiveris.omr.score.PartwiseBuilder.processMeasure(PartwiseBuilder.java:1575)
	at org.audiveris.omr.score.PartwiseBuilder.processPart(PartwiseBuilder.java:1988)
	at org.audiveris.omr.score.PartwiseBuilder.processSystem(PartwiseBuilder.java:2528)
	at org.audiveris.omr.score.PartwiseBuilder.processLogicalPart(PartwiseBuilder.java:1433)
	at org.audiveris.omr.score.PartwiseBuilder.processStub(PartwiseBuilder.java:2483)
	at org.audiveris.omr.score.PartwiseBuilder.processPartList(PartwiseBuilder.java:2017)
	at org.audiveris.omr.score.PartwiseBuilder.processScore(PartwiseBuilder.java:2195)
	at org.audiveris.omr.score.PartwiseBuilder.build(PartwiseBuilder.java:307)
	at org.audiveris.omr.score.ScoreExporter.export(ScoreExporter.java:117)
	at org.audiveris.omr.score.ScoreExporter.export(ScoreExporter.java:91)
	at org.audiveris.omr.sheet.BasicBook.export(BasicBook.java:589)
	at org.audiveris.omr.CLI$ProcessingTask.processBook(CLI.java:785)
	at org.audiveris.omr.CLI$CliTask.call(CLI.java:344)
	at org.audiveris.omr.Main.runBatchTasks(Main.java:316)
	at org.audiveris.omr.Main.main(Main.java:155)
	at Audiveris.main(Audiveris.java:49)
2017-10-06 14:54:16,805 WARN [91387152]      PartwiseBuilder.java:1379 | Error visiting null
java.lang.NullPointerException: null
	at org.audiveris.omr.score.PartwiseBuilder.processKey(PartwiseBuilder.java:1344)
	at org.audiveris.omr.score.PartwiseBuilder.processKeys(PartwiseBuilder.java:1407)
	at org.audiveris.omr.score.PartwiseBuilder.processMeasure(PartwiseBuilder.java:1575)
	at org.audiveris.omr.score.PartwiseBuilder.processPart(PartwiseBuilder.java:1988)
	at org.audiveris.omr.score.PartwiseBuilder.processSystem(PartwiseBuilder.java:2528)
	at org.audiveris.omr.score.PartwiseBuilder.processLogicalPart(PartwiseBuilder.java:1433)
	at org.audiveris.omr.score.PartwiseBuilder.processStub(PartwiseBuilder.java:2483)
	at org.audiveris.omr.score.PartwiseBuilder.processPartList(PartwiseBuilder.java:2017)
	at org.audiveris.omr.score.PartwiseBuilder.processScore(PartwiseBuilder.java:2195)
	at org.audiveris.omr.score.PartwiseBuilder.build(PartwiseBuilder.java:307)
	at org.audiveris.omr.score.ScoreExporter.export(ScoreExporter.java:117)
	at org.audiveris.omr.score.ScoreExporter.export(ScoreExporter.java:91)
	at org.audiveris.omr.sheet.BasicBook.export(BasicBook.java:589)
	at org.audiveris.omr.CLI$ProcessingTask.processBook(CLI.java:785)
	at org.audiveris.omr.CLI$CliTask.call(CLI.java:344)
	at org.audiveris.omr.Main.runBatchTasks(Main.java:316)
	at org.audiveris.omr.Main.main(Main.java:155)
	at Audiveris.main(Audiveris.java:49)
2017-10-06 14:54:16,875 INFO [91387152]        ScoreExporter.java:93   | Score 91387152.mvt1 exported to /Users/stephenn/Documents/workspace/nlsomr/xml_out/91386487/91387152/91387152.mvt1.mxl
2017-10-06 14:54:16,904 INFO [91387152]        ScoreExporter.java:93   | Score 91387152.mvt2 exported to /Users/stephenn/Documents/workspace/nlsomr/xml_out/91386487/91387152/91387152.mvt2.mxl
2017-10-06 14:54:17,070 INFO [91387152]            BasicBook.java:1395 | Stored /book.xml
2017-10-06 14:54:17,071 INFO [91387152]            BasicBook.java:1355 | Book stored as /Users/stephenn/Documents/workspace/nlsomr/xml_out/91386487/91387152/91387152.omr
