2017-10-06 16:16:59,429 INFO [91388268]            BasicBook.java:427  | 1 sheet in /Users/stephenn/Documents/workspace/nlsomr/working/91388268.jpg
2017-10-06 16:16:59,631 INFO []            BasicBook.java:1395 | Stored /book.xml
2017-10-06 16:16:59,632 INFO []            BasicBook.java:1355 | Book stored as /Users/stephenn/Documents/workspace/nlsomr/xml_out/91386487/91388268/91388268.omr
2017-10-06 16:16:59,640 INFO []            BasicBook.java:996  | Book reaching PAGE on sheets:[#1]
2017-10-06 16:16:59,642 INFO [91388268]       StepMonitoring.java:96   | LOAD
2017-10-06 16:16:59,896 INFO [91388268]            BasicBook.java:911  | Loaded image 1 2000x3056 from /Users/stephenn/Documents/workspace/nlsomr/working/91388268.jpg
2017-10-06 16:16:59,901 INFO [91388268]            ImageUtil.java:82   | Converting max RGB to gray ...
2017-10-06 16:17:00,207 INFO [91388268]            BasicBook.java:1395 | Stored /book.xml
2017-10-06 16:17:00,613 INFO [91388268]           BasicSheet.java:979  | Stored /sheet#1/sheet#1.xml
2017-10-06 16:17:00,617 INFO [91388268]       StepMonitoring.java:96   | BINARY
2017-10-06 16:17:01,305 INFO [91388268]            BasicBook.java:1395 | Stored /book.xml
2017-10-06 16:17:01,757 INFO [91388268]              Picture.java:786  | Stored /sheet#1/BINARY.xml
2017-10-06 16:17:01,759 INFO [91388268]           BasicSheet.java:979  | Stored /sheet#1/sheet#1.xml
2017-10-06 16:17:01,763 INFO [91388268]       StepMonitoring.java:96   | SCALE
2017-10-06 16:17:01,809 INFO [91388268]            ScaleStep.java:87   | Scale{line(3,4,6) interline(16,16,17) beam(13)}
2017-10-06 16:17:01,812 INFO [91388268]            BasicBook.java:1395 | Stored /book.xml
2017-10-06 16:17:01,815 INFO [91388268]           BasicSheet.java:979  | Stored /sheet#1/sheet#1.xml
2017-10-06 16:17:01,818 INFO [91388268]       StepMonitoring.java:96   | GRID
2017-10-06 16:17:02,929 INFO [91388268]       LinesRetriever.java:442  | Global slope: -0.00095
2017-10-06 16:17:03,021 INFO [91388268]    ClustersRetriever.java:241  | Retrieved line clusters: 8 of size: 5 with interline: (16,16,17)
2017-10-06 16:17:06,280 INFO [91388268]            PeakGraph.java:181  | Systems: #1[1, 2] #2[3, 4] #3[5, 6] #4[7, 8]
2017-10-06 16:17:10,905 INFO [91388268]        SystemManager.java:626  | Indentation detected for system#3
2017-10-06 16:17:10,906 INFO [91388268]        SystemManager.java:671  | 2 pages found in sheet
2017-10-06 16:17:10,907 INFO [91388268]        SystemManager.java:709  | Page #1: 1 part along 2 systems
2017-10-06 16:17:10,907 INFO [91388268]        SystemManager.java:709  | Page #2: 1 part along 2 systems
2017-10-06 16:17:10,910 INFO [91388268]            BasicBook.java:1395 | Stored /book.xml
2017-10-06 16:17:11,078 INFO [91388268]           BasicSheet.java:979  | Stored /sheet#1/sheet#1.xml
2017-10-06 16:17:11,081 INFO [91388268]       StepMonitoring.java:96   | HEADERS
2017-10-06 16:17:11,485 INFO []          Nd4jBackend.java:194  | Loaded [CpuBackend] backend
2017-10-06 16:17:11,556 INFO []      NativeOpsHolder.java:49   | Number of threads used for NativeOps: 2
2017-10-06 16:17:12,042 INFO [] DefaultOpExecutioner.java:544  | Backend used: [CPU]; OS: [Mac OS X]
2017-10-06 16:17:12,042 INFO [] DefaultOpExecutioner.java:545  | Cores: [4]; Memory: [3.6GB];
2017-10-06 16:17:12,042 INFO [] DefaultOpExecutioner.java:546  | Blas vendor: [OPENBLAS]
2017-10-06 16:17:12,080 INFO []   AbstractClassifier.java:332  | Classifier data loaded from default uri jar:file:/Users/stephenn/Documents/workspace/audiveris/build/distributions/Audiveris/lib/audiveris.jar!/res/basic-classifier.zip
2017-10-06 16:17:13,588 WARN [91388268]          ClefBuilder.java:560  | Staff#2 no header clef.
2017-10-06 16:17:13,789 WARN [91388268]          ClefBuilder.java:560  | Staff#4 no header clef.
2017-10-06 16:17:14,214 INFO [91388268]            BasicBook.java:1395 | Stored /book.xml
2017-10-06 16:17:14,437 INFO [91388268]           BasicSheet.java:979  | Stored /sheet#1/sheet#1.xml
2017-10-06 16:17:14,439 INFO [91388268]       StepMonitoring.java:96   | STEM_SEEDS
2017-10-06 16:17:14,590 INFO [91388268]        StemSeedsStep.java:91   | stem(4 max:6)
2017-10-06 16:17:14,735 INFO [91388268]            BasicBook.java:1395 | Stored /book.xml
2017-10-06 16:17:14,992 INFO [91388268]           BasicSheet.java:979  | Stored /sheet#1/sheet#1.xml
2017-10-06 16:17:14,995 INFO [91388268]       StepMonitoring.java:96   | BEAMS
2017-10-06 16:17:15,554 INFO []   AbstractClassifier.java:332  | Classifier data loaded from default uri jar:file:/Users/stephenn/Documents/workspace/audiveris/build/distributions/Audiveris/lib/audiveris.jar!/res/deep-classifier.zip
2017-10-06 16:17:21,675 INFO [91388268]            BeamsStep.java:89   | BeamDistance{count:34 mean:14.57 stdDev:0.50}
2017-10-06 16:17:21,681 INFO [91388268]            BasicBook.java:1395 | Stored /book.xml
2017-10-06 16:17:21,744 INFO [91388268]              Picture.java:786  | Stored /sheet#1/HEAD_SPOTS.xml
2017-10-06 16:17:22,105 INFO [91388268]           BasicSheet.java:979  | Stored /sheet#1/sheet#1.xml
2017-10-06 16:17:22,110 INFO [91388268]       StepMonitoring.java:96   | LEDGERS
2017-10-06 16:17:28,629 INFO [91388268]            BasicBook.java:1395 | Stored /book.xml
2017-10-06 16:17:28,850 INFO [91388268]           BasicSheet.java:979  | Stored /sheet#1/sheet#1.xml
2017-10-06 16:17:28,855 INFO [91388268]       StepMonitoring.java:96   | HEADS
2017-10-06 16:17:31,107 INFO [91388268]            BasicBook.java:1395 | Stored /book.xml
2017-10-06 16:17:31,874 INFO [91388268]           BasicSheet.java:979  | Stored /sheet#1/sheet#1.xml
2017-10-06 16:17:31,876 INFO [91388268]       StepMonitoring.java:96   | STEMS
2017-10-06 16:17:39,788 INFO [91388268]            BasicBook.java:1395 | Stored /book.xml
2017-10-06 16:17:40,860 INFO [91388268]           BasicSheet.java:979  | Stored /sheet#1/sheet#1.xml
2017-10-06 16:17:40,863 INFO [91388268]       StepMonitoring.java:96   | REDUCTION
2017-10-06 16:17:41,662 INFO [91388268]            BasicBook.java:1395 | Stored /book.xml
2017-10-06 16:17:42,376 INFO [91388268]           BasicSheet.java:979  | Stored /sheet#1/sheet#1.xml
2017-10-06 16:17:42,379 INFO [91388268]       StepMonitoring.java:96   | CUE_BEAMS
2017-10-06 16:17:42,384 INFO [91388268]            BasicBook.java:1395 | Stored /book.xml
2017-10-06 16:17:43,097 INFO [91388268]           BasicSheet.java:979  | Stored /sheet#1/sheet#1.xml
2017-10-06 16:17:43,101 INFO [91388268]       StepMonitoring.java:96   | TEXTS
2017-10-06 16:19:43,104 WARN [91388268]            BasicStub.java:832  | Timeout 120 seconds for step TEXTS
java.util.concurrent.TimeoutException: null
	at java.util.concurrent.FutureTask.get(FutureTask.java:205)
	at org.audiveris.omr.sheet.BasicStub.doOneStep(BasicStub.java:824)
	at org.audiveris.omr.sheet.BasicStub.reachStep(BasicStub.java:564)
	at org.audiveris.omr.sheet.BasicBook.reachBookStep(BasicBook.java:1063)
	at org.audiveris.omr.sheet.BasicBook.transcribe(BasicBook.java:1446)
	at org.audiveris.omr.sheet.BasicBook.export(BasicBook.java:558)
	at org.audiveris.omr.CLI$ProcessingTask.processBook(CLI.java:785)
	at org.audiveris.omr.CLI$CliTask.call(CLI.java:344)
	at org.audiveris.omr.Main.runBatchTasks(Main.java:316)
	at org.audiveris.omr.Main.main(Main.java:155)
	at Audiveris.main(Audiveris.java:49)
2017-10-06 16:19:43,108 WARN [91388268]            BasicBook.java:1073 | Error processing stub
2017-10-06 16:19:43,112 INFO [91388268]            BasicBook.java:1133 | Scores built: 2
2017-10-06 16:19:44,528 INFO [91388268]        ScoreExporter.java:93   | Score 91388268.mvt1 exported to /Users/stephenn/Documents/workspace/nlsomr/xml_out/91386487/91388268/91388268.mvt1.mxl
2017-10-06 16:19:44,532 INFO [91388268]        ScoreExporter.java:93   | Score 91388268.mvt2 exported to /Users/stephenn/Documents/workspace/nlsomr/xml_out/91386487/91388268/91388268.mvt2.mxl
2017-10-06 16:19:44,748 INFO [91388268]            BasicBook.java:1395 | Stored /book.xml
2017-10-06 16:19:45,259 INFO [91388268]           BasicSheet.java:979  | Stored /sheet#1/sheet#1.xml
2017-10-06 16:19:45,260 INFO [91388268]            BasicBook.java:1355 | Book stored as /Users/stephenn/Documents/workspace/nlsomr/xml_out/91386487/91388268/91388268.omr
