2017-10-06 14:49:53,540 INFO [91387104]            BasicBook.java:427  | 1 sheet in /Users/stephenn/Documents/workspace/nlsomr/working/91387104.jpg
2017-10-06 14:49:53,698 INFO []            BasicBook.java:1395 | Stored /book.xml
2017-10-06 14:49:53,699 INFO []            BasicBook.java:1355 | Book stored as /Users/stephenn/Documents/workspace/nlsomr/xml_out/91386487/91387104/91387104.omr
2017-10-06 14:49:53,704 INFO []            BasicBook.java:996  | Book reaching PAGE on sheets:[#1]
2017-10-06 14:49:53,706 INFO [91387104]       StepMonitoring.java:96   | LOAD
2017-10-06 14:49:53,860 INFO [91387104]            BasicBook.java:911  | Loaded image 1 2000x3056 from /Users/stephenn/Documents/workspace/nlsomr/working/91387104.jpg
2017-10-06 14:49:53,867 INFO [91387104]            ImageUtil.java:82   | Converting max RGB to gray ...
2017-10-06 14:49:54,104 INFO [91387104]            BasicBook.java:1395 | Stored /book.xml
2017-10-06 14:49:54,430 INFO [91387104]           BasicSheet.java:979  | Stored /sheet#1/sheet#1.xml
2017-10-06 14:49:54,432 INFO [91387104]       StepMonitoring.java:96   | BINARY
2017-10-06 14:49:55,057 INFO [91387104]            BasicBook.java:1395 | Stored /book.xml
2017-10-06 14:49:55,390 INFO [91387104]              Picture.java:786  | Stored /sheet#1/BINARY.xml
2017-10-06 14:49:55,392 INFO [91387104]           BasicSheet.java:979  | Stored /sheet#1/sheet#1.xml
2017-10-06 14:49:55,394 INFO [91387104]       StepMonitoring.java:96   | SCALE
2017-10-06 14:49:55,433 INFO [91387104]            ScaleStep.java:87   | Scale{line(3,4,5) interline(16,16,17) beam(12)}
2017-10-06 14:49:55,435 INFO [91387104]            BasicBook.java:1395 | Stored /book.xml
2017-10-06 14:49:55,438 INFO [91387104]           BasicSheet.java:979  | Stored /sheet#1/sheet#1.xml
2017-10-06 14:49:55,440 INFO [91387104]       StepMonitoring.java:96   | GRID
2017-10-06 14:49:56,325 INFO [91387104]       LinesRetriever.java:442  | Global slope: 0.00000
2017-10-06 14:49:56,415 INFO [91387104]    ClustersRetriever.java:241  | Retrieved line clusters: 12 of size: 5 with interline: (16,16,17)
2017-10-06 14:49:57,043 INFO [91387104]            PeakGraph.java:181  | Systems: #1[1, 2] #2[3, 4] #3[5, 6] #4[7, 8] #5[9, 10] #6[11, 12]
2017-10-06 14:49:58,015 INFO [91387104]        SystemManager.java:626  | Indentation detected for system#1
2017-10-06 14:49:58,015 INFO [91387104]        SystemManager.java:626  | Indentation detected for system#5
2017-10-06 14:49:58,016 INFO [91387104]        SystemManager.java:671  | 2 pages found in sheet
2017-10-06 14:49:58,016 INFO [91387104]        SystemManager.java:709  | Page #1: 1 part along 4 systems
2017-10-06 14:49:58,017 INFO [91387104]        SystemManager.java:709  | Page #2: 1 part along 2 systems
2017-10-06 14:49:58,021 INFO [91387104]            BasicBook.java:1395 | Stored /book.xml
2017-10-06 14:49:58,248 INFO [91387104]           BasicSheet.java:979  | Stored /sheet#1/sheet#1.xml
2017-10-06 14:49:58,252 INFO [91387104]       StepMonitoring.java:96   | HEADERS
2017-10-06 14:49:58,637 INFO []          Nd4jBackend.java:194  | Loaded [CpuBackend] backend
2017-10-06 14:49:58,699 INFO []      NativeOpsHolder.java:49   | Number of threads used for NativeOps: 2
2017-10-06 14:49:59,206 INFO [] DefaultOpExecutioner.java:544  | Backend used: [CPU]; OS: [Mac OS X]
2017-10-06 14:49:59,206 INFO [] DefaultOpExecutioner.java:545  | Cores: [4]; Memory: [3.6GB];
2017-10-06 14:49:59,206 INFO [] DefaultOpExecutioner.java:546  | Blas vendor: [OPENBLAS]
2017-10-06 14:49:59,252 INFO []   AbstractClassifier.java:332  | Classifier data loaded from default uri jar:file:/Users/stephenn/Documents/workspace/audiveris/build/distributions/Audiveris/lib/audiveris.jar!/res/basic-classifier.zip
2017-10-06 14:50:00,607 WARN [91387104]          ClefBuilder.java:560  | Staff#2 no header clef.
2017-10-06 14:50:01,130 WARN [91387104]          ClefBuilder.java:560  | Staff#6 no header clef.
2017-10-06 14:50:01,292 INFO [91387104]           KeyBuilder.java:916  | Staff#7 key replication failed.
2017-10-06 14:50:01,496 INFO [91387104]           KeyBuilder.java:746  | Staff#10 key slice#1 pitch adjusted from 2.3 to 0
2017-10-06 14:50:01,496 INFO [91387104]           KeyBuilder.java:746  | Staff#10 key slice#2 pitch adjusted from -1.0 to -3
2017-10-06 14:50:01,802 INFO [91387104]            BasicBook.java:1395 | Stored /book.xml
2017-10-06 14:50:02,131 INFO [91387104]           BasicSheet.java:979  | Stored /sheet#1/sheet#1.xml
2017-10-06 14:50:02,134 INFO [91387104]       StepMonitoring.java:96   | STEM_SEEDS
2017-10-06 14:50:02,257 INFO [91387104]        StemSeedsStep.java:91   | stem(4 max:5)
2017-10-06 14:50:02,432 INFO [91387104]            BasicBook.java:1395 | Stored /book.xml
2017-10-06 14:50:02,885 INFO []   AbstractClassifier.java:332  | Classifier data loaded from default uri jar:file:/Users/stephenn/Documents/workspace/audiveris/build/distributions/Audiveris/lib/audiveris.jar!/res/deep-classifier.zip
2017-10-06 14:50:03,028 INFO [91387104]           BasicSheet.java:979  | Stored /sheet#1/sheet#1.xml
2017-10-06 14:50:03,030 INFO [91387104]       StepMonitoring.java:96   | BEAMS
2017-10-06 14:50:07,446 INFO [91387104]            BeamsStep.java:89   | BeamDistance{count:63 mean:13.47 stdDev:4.47}
2017-10-06 14:50:07,449 INFO [91387104]            BasicBook.java:1395 | Stored /book.xml
2017-10-06 14:50:07,547 INFO [91387104]              Picture.java:786  | Stored /sheet#1/HEAD_SPOTS.xml
2017-10-06 14:50:08,077 INFO [91387104]           BasicSheet.java:979  | Stored /sheet#1/sheet#1.xml
2017-10-06 14:50:08,079 INFO [91387104]       StepMonitoring.java:96   | LEDGERS
2017-10-06 14:50:09,224 INFO [91387104]            BasicBook.java:1395 | Stored /book.xml
2017-10-06 14:50:09,568 INFO [91387104]           BasicSheet.java:979  | Stored /sheet#1/sheet#1.xml
2017-10-06 14:50:09,571 INFO [91387104]       StepMonitoring.java:96   | HEADS
2017-10-06 14:50:12,408 INFO [91387104]            BasicBook.java:1395 | Stored /book.xml
2017-10-06 14:50:13,467 INFO [91387104]           BasicSheet.java:979  | Stored /sheet#1/sheet#1.xml
2017-10-06 14:50:13,470 INFO [91387104]       StepMonitoring.java:96   | STEMS
2017-10-06 14:50:15,883 INFO [91387104]            BasicBook.java:1395 | Stored /book.xml
2017-10-06 14:50:17,300 INFO [91387104]           BasicSheet.java:979  | Stored /sheet#1/sheet#1.xml
2017-10-06 14:50:17,303 INFO [91387104]       StepMonitoring.java:96   | REDUCTION
2017-10-06 14:50:18,136 INFO [91387104]            BasicBook.java:1395 | Stored /book.xml
2017-10-06 14:50:19,160 INFO [91387104]           BasicSheet.java:979  | Stored /sheet#1/sheet#1.xml
2017-10-06 14:50:19,167 INFO [91387104]       StepMonitoring.java:96   | CUE_BEAMS
2017-10-06 14:50:19,171 INFO [91387104]            BasicBook.java:1395 | Stored /book.xml
2017-10-06 14:50:20,127 INFO [91387104]           BasicSheet.java:979  | Stored /sheet#1/sheet#1.xml
2017-10-06 14:50:20,130 INFO [91387104]       StepMonitoring.java:96   | TEXTS
2017-10-06 14:50:21,956 INFO [91387104]            BasicBook.java:1395 | Stored /book.xml
2017-10-06 14:50:22,933 INFO [91387104]           BasicSheet.java:979  | Stored /sheet#1/sheet#1.xml
2017-10-06 14:50:22,935 INFO [91387104]       StepMonitoring.java:96   | MEASURES
2017-10-06 14:50:22,940 INFO [91387104]                 Page.java:210  | 17 raw measures: [5 in system#1, 4 in system#2, 4 in system#3, 4 in system#4]
2017-10-06 14:50:22,940 INFO [91387104]                 Page.java:210  | 10 raw measures: [5 in system#5, 5 in system#6]
2017-10-06 14:50:22,941 INFO [91387104]            BasicBook.java:1395 | Stored /book.xml
2017-10-06 14:50:23,926 INFO [91387104]           BasicSheet.java:979  | Stored /sheet#1/sheet#1.xml
2017-10-06 14:50:23,928 INFO [91387104]       StepMonitoring.java:96   | CHORDS
2017-10-06 14:50:23,938 INFO [91387104]        ChordsBuilder.java:249  | Deleting StemInter{#7041(0.678/0.807)} on RIGHT side of HeadInter{#4568(0.497/0.776) s:9 p:-3.00 NOTEHEAD_BLACK}
2017-10-06 14:50:23,945 INFO [91387104]            BasicBook.java:1395 | Stored /book.xml
2017-10-06 14:50:25,012 INFO [91387104]           BasicSheet.java:979  | Stored /sheet#1/sheet#1.xml
2017-10-06 14:50:25,014 INFO [91387104]       StepMonitoring.java:96   | CURVES
2017-10-06 14:50:26,986 INFO [91387104]         SlursBuilder.java:157  | Slurs: 54
2017-10-06 14:50:27,016 INFO [91387104]      SegmentsBuilder.java:113  | Segments: 19
2017-10-06 14:50:27,024 INFO [91387104]            BasicBook.java:1395 | Stored /book.xml
2017-10-06 14:50:28,362 INFO [91387104]           BasicSheet.java:979  | Stored /sheet#1/sheet#1.xml
2017-10-06 14:50:28,369 INFO [91387104]       StepMonitoring.java:96   | SYMBOLS
2017-10-06 14:50:31,753 INFO [91387104]            BasicBook.java:1395 | Stored /book.xml
2017-10-06 14:50:33,306 INFO [91387104]           BasicSheet.java:979  | Stored /sheet#1/sheet#1.xml
2017-10-06 14:50:33,308 INFO [91387104]       StepMonitoring.java:96   | LINKS
2017-10-06 14:50:33,334 INFO [91387104]        SymbolsLinker.java:323  | No chord above direction SentenceInter{#7266(0.659) s:5 BS-38 Direction} rall.
2017-10-06 14:50:33,344 INFO [91387104]        SymbolsLinker.java:252  | No chord above PedalInter{#9284(0.165) PEDAL_MARK}
2017-10-06 14:50:33,362 INFO [91387104]        SymbolsLinker.java:306  | No measure stack for direction SentenceInter{#7324(0.593) s:9 BS-38 Direction} 46.
2017-10-06 14:50:33,404 INFO [91387104]            BasicBook.java:1395 | Stored /book.xml
2017-10-06 14:50:34,849 INFO [91387104]           BasicSheet.java:979  | Stored /sheet#1/sheet#1.xml
2017-10-06 14:50:34,851 INFO [91387104]       StepMonitoring.java:96   | RHYTHMS
2017-10-06 14:50:34,895 INFO [91387104]           PageRhythm.java:314  | Range{1-17 ts:2/4} Durations avgGuess:1/2 topGuess:1/2 avgValue:0.51 stacks:17 voices:47 Histogram{1/8-5/8 size:9 [1/8=1 3/16=4 1/4=8 11/32=1 3/8=4 15/32=1 1/2=25 9/16=1 5/8=2]}
2017-10-06 14:50:34,900 INFO [91387104]         SlotsBuilder.java:427  | S1 MeasureStack#3 Slot{#5 xOffset=174 timeOffset=3/8 incomings=[#7348] SUSPICIOUS}
2017-10-06 14:50:34,901 INFO [91387104]         SlotsBuilder.java:434  | Stack#3 endless loop detected
2017-10-06 14:50:34,901 INFO [91387104]                Voice.java:257  | S1 MeasureStack#3 Voice #2 too long 1/8
2017-10-06 14:50:34,903 INFO [91387104]           StackTuner.java:92   | S1 MeasureStack#3 no correct rhythm
2017-10-06 14:50:34,907 INFO [91387104]         SlotsBuilder.java:427  | S2 MeasureStack#6 Slot{#3 xOffset=221 timeOffset=3/16 incomings=[#7398] SUSPICIOUS}
2017-10-06 14:50:34,908 INFO [91387104]         SlotsBuilder.java:427  | S2 MeasureStack#6 Slot{#6 xOffset=313 timeOffset=5/16 incomings=[#7399] SUSPICIOUS}
2017-10-06 14:50:34,909 INFO [91387104]         SlotsBuilder.java:427  | S2 MeasureStack#6 Slot{#8 xOffset=393 timeOffset=7/16 incomings=[#7400] SUSPICIOUS}
2017-10-06 14:50:34,909 INFO [91387104]                Voice.java:257  | S2 MeasureStack#6 Voice #3 too long 1/8
2017-10-06 14:50:34,910 INFO [91387104]           StackTuner.java:92   | S2 MeasureStack#6 no correct rhythm
2017-10-06 14:50:34,912 INFO [91387104]                Voice.java:257  | S2 MeasureStack#7 Voice #3 too long 1/16
2017-10-06 14:50:34,912 INFO [91387104]           StackTuner.java:92   | S2 MeasureStack#7 no correct rhythm
2017-10-06 14:50:34,922 INFO [91387104]                Voice.java:257  | S3 MeasureStack#13 Voice #2 too long 1/8
2017-10-06 14:50:34,922 INFO [91387104]                Voice.java:257  | S3 MeasureStack#13 Voice #4 too long 1/8
2017-10-06 14:50:34,923 INFO [91387104]           StackTuner.java:92   | S3 MeasureStack#13 no correct rhythm
2017-10-06 14:50:34,925 INFO [91387104]         SlotsBuilder.java:427  | S4 MeasureStack#15 Slot{#3 xOffset=130 timeOffset=3/16 incomings=[#7485] SUSPICIOUS}
2017-10-06 14:50:34,926 INFO [91387104]         SlotsBuilder.java:427  | S4 MeasureStack#15 Slot{#6 xOffset=253 timeOffset=5/16 incomings=[#7486] SUSPICIOUS}
2017-10-06 14:50:34,927 INFO [91387104]                Voice.java:257  | S4 MeasureStack#15 Voice #1 too long 3/8
2017-10-06 14:50:34,927 INFO [91387104]                Voice.java:257  | S4 MeasureStack#15 Voice #2 too long 1/4
2017-10-06 14:50:34,927 INFO [91387104]                Voice.java:257  | S4 MeasureStack#15 Voice #3 too long 1/16
2017-10-06 14:50:34,927 INFO [91387104]           StackTuner.java:92   | S4 MeasureStack#15 no correct rhythm
2017-10-06 14:50:34,929 INFO [91387104]         SlotsBuilder.java:427  | S4 MeasureStack#16 Slot{#5 xOffset=264 timeOffset=1/4 incomings=[#7489] SUSPICIOUS}
2017-10-06 14:50:34,930 INFO [91387104]         SlotsBuilder.java:427  | S4 MeasureStack#16 Slot{#7 xOffset=355 timeOffset=3/8 incomings=[#7490] SUSPICIOUS}
2017-10-06 14:50:34,948 INFO [91387104]         SlotsBuilder.java:399  | Stack#10 suspicious Slot{#2 xOffset=74 timeOffset=1/8 incomings=[#7598]}
2017-10-06 14:50:34,949 INFO [91387104]           PageRhythm.java:314  | Range{1-10 ts:6/8} Durations avgGuess:1 topGuess:1/8 avgValue:0.99 stacks:10 voices:23 Histogram{1/8-3/2 size:11 [1/8=4 1/4=2 5/16=2 3/8=2 1/2=1 11/16=1 3/4=1 7/8=1 1=4 9/8=4 3/2=1]}
2017-10-06 14:50:34,949 INFO [91387104]           PageRhythm.java:221  | S5 Range{1-10 ts:6/8 dur:1} should update to 1-based time sig?
2017-10-06 14:50:34,953 INFO [91387104]                Voice.java:257  | S5 MeasureStack#2 Voice #1 too long 1/8
2017-10-06 14:50:34,954 INFO [91387104]           StackTuner.java:92   | S5 MeasureStack#2 no correct rhythm
2017-10-06 14:50:34,956 INFO [91387104]                Voice.java:257  | S5 MeasureStack#3 Voice #1 too long 1/2
2017-10-06 14:50:34,957 INFO [91387104]                Voice.java:257  | S5 MeasureStack#3 Voice #3 too long 1/8
2017-10-06 14:50:34,957 INFO [91387104]           StackTuner.java:92   | S5 MeasureStack#3 no correct rhythm
2017-10-06 14:50:34,960 INFO [91387104]         SlotsBuilder.java:427  | S5 MeasureStack#4 Slot{#7 xOffset=178 timeOffset=11/16 incomings=[#7551] SUSPICIOUS}
2017-10-06 14:50:34,961 INFO [91387104]         SlotsBuilder.java:427  | S5 MeasureStack#4 Slot{#9 xOffset=211 timeOffset=7/8 incomings=[#7552] SUSPICIOUS}
2017-10-06 14:50:34,961 INFO [91387104]                Voice.java:257  | S5 MeasureStack#4 Voice #1 too long 3/8
2017-10-06 14:50:34,961 INFO [91387104]                Voice.java:257  | S5 MeasureStack#4 Voice #2 too long 1/4
2017-10-06 14:50:34,962 INFO [91387104]           StackTuner.java:92   | S5 MeasureStack#4 no correct rhythm
2017-10-06 14:50:34,970 INFO [91387104]         SlotsBuilder.java:427  | S6 MeasureStack#7 Slot{#4 xOffset=96 timeOffset=5/16 incomings=[#7568] SUSPICIOUS}
2017-10-06 14:50:34,971 INFO [91387104]         SlotsBuilder.java:427  | S6 MeasureStack#7 Slot{#7 xOffset=166 timeOffset=1/2 incomings=[#7570] SUSPICIOUS}
2017-10-06 14:50:34,972 INFO [91387104]         SlotsBuilder.java:427  | S6 MeasureStack#7 Slot{#12 xOffset=302 timeOffset=15/16 incomings=[#7607] SUSPICIOUS}
2017-10-06 14:50:34,973 INFO [91387104]                Voice.java:257  | S6 MeasureStack#7 Voice #4 too long 1/16
2017-10-06 14:50:34,973 INFO [91387104]           StackTuner.java:92   | S6 MeasureStack#7 no correct rhythm
2017-10-06 14:50:34,975 INFO [91387104]         SlotsBuilder.java:427  | S6 MeasureStack#8 Slot{#4 xOffset=100 timeOffset=5/16 incomings=[#7610] SUSPICIOUS}
2017-10-06 14:50:34,976 INFO [91387104]         SlotsBuilder.java:427  | S6 MeasureStack#8 Slot{#7 xOffset=169 timeOffset=11/16 incomings=[#7612] SUSPICIOUS}
2017-10-06 14:50:34,976 INFO [91387104]         SlotsBuilder.java:427  | S6 MeasureStack#8 Slot{#9 xOffset=207 timeOffset=13/16 incomings=[#7613] SUSPICIOUS}
2017-10-06 14:50:34,976 INFO [91387104]         SlotsBuilder.java:427  | S6 MeasureStack#8 Slot{#11 xOffset=241 timeOffset=15/16 incomings=[#7614] SUSPICIOUS}
2017-10-06 14:50:34,978 INFO [91387104]                Voice.java:257  | S6 MeasureStack#8 Voice #1 too long 19/32
2017-10-06 14:50:34,978 INFO [91387104]                Voice.java:257  | S6 MeasureStack#8 Voice #2 too long 7/16
2017-10-06 14:50:34,978 INFO [91387104]           StackTuner.java:92   | S6 MeasureStack#8 no correct rhythm
2017-10-06 14:50:34,981 INFO [91387104]                Voice.java:257  | S6 MeasureStack#9 Voice #1 too long 1/8
2017-10-06 14:50:34,982 INFO [91387104]                Voice.java:257  | S6 MeasureStack#9 Voice #2 too long 1/8
2017-10-06 14:50:34,982 INFO [91387104]           StackTuner.java:92   | S6 MeasureStack#9 no correct rhythm
2017-10-06 14:50:34,983 INFO [91387104]         SlotsBuilder.java:427  | S6 MeasureStack#10 Slot{#5 xOffset=124 timeOffset=1/4 incomings=[#7600] SUSPICIOUS}
2017-10-06 14:50:34,984 INFO [91387104]         SlotsBuilder.java:427  | S6 MeasureStack#10 Slot{#7 xOffset=162 timeOffset=3/8 incomings=[#7626] SUSPICIOUS}
2017-10-06 14:50:34,984 INFO [91387104]         SlotsBuilder.java:427  | S6 MeasureStack#10 Slot{#9 xOffset=201 timeOffset=9/16 incomings=[#7603] SUSPICIOUS}
2017-10-06 14:50:34,985 INFO [91387104]         SlotsBuilder.java:427  | S6 MeasureStack#10 Slot{#12 xOffset=274 timeOffset=13/16 incomings=[#7604] SUSPICIOUS}
2017-10-06 14:50:34,985 INFO [91387104]                Voice.java:257  | S6 MeasureStack#10 Voice #1 too long 1/16
2017-10-06 14:50:34,986 INFO [91387104]           StackTuner.java:92   | S6 MeasureStack#10 no correct rhythm
2017-10-06 14:50:34,988 INFO [91387104]            BasicBook.java:1395 | Stored /book.xml
2017-10-06 14:50:36,446 INFO [91387104]           BasicSheet.java:979  | Stored /sheet#1/sheet#1.xml
2017-10-06 14:50:36,449 INFO [91387104]       StepMonitoring.java:96   | PAGE
2017-10-06 14:50:36,453 INFO [91387104]                 Part.java:267  | Could not left-connect slur#7634
2017-10-06 14:50:36,457 INFO [91387104]                Voice.java:257  | S1 MeasureStack#3 Voice #2 too long 1/8
2017-10-06 14:50:36,458 INFO [91387104]                Voice.java:257  | S2 MeasureStack#6 Voice #3 too long 1/8
2017-10-06 14:50:36,459 INFO [91387104]                Voice.java:257  | S2 MeasureStack#7 Voice #3 too long 1/16
2017-10-06 14:50:36,459 INFO [91387104]                Voice.java:257  | S3 MeasureStack#13 Voice #2 too long 1/8
2017-10-06 14:50:36,460 INFO [91387104]                Voice.java:257  | S3 MeasureStack#13 Voice #4 too long 1/8
2017-10-06 14:50:36,460 INFO [91387104]                Voice.java:257  | S4 MeasureStack#15 Voice #1 too long 3/8
2017-10-06 14:50:36,460 INFO [91387104]                Voice.java:257  | S4 MeasureStack#15 Voice #2 too long 1/4
2017-10-06 14:50:36,461 INFO [91387104]                Voice.java:257  | S4 MeasureStack#15 Voice #3 too long 1/16
2017-10-06 14:50:36,461 INFO [91387104]                Voice.java:257  | S5 MeasureStack#2 Voice #1 too long 1/8
2017-10-06 14:50:36,462 INFO [91387104]                Voice.java:257  | S5 MeasureStack#3 Voice #1 too long 1/2
2017-10-06 14:50:36,462 INFO [91387104]                Voice.java:257  | S5 MeasureStack#3 Voice #3 too long 1/8
2017-10-06 14:50:36,465 INFO [91387104]                Voice.java:257  | S5 MeasureStack#4 Voice #1 too long 3/8
2017-10-06 14:50:36,466 INFO [91387104]                Voice.java:257  | S5 MeasureStack#4 Voice #2 too long 1/4
2017-10-06 14:50:36,467 INFO [91387104]                Voice.java:257  | S6 MeasureStack#7 Voice #4 too long 1/16
2017-10-06 14:50:36,467 INFO [91387104]                Voice.java:257  | S6 MeasureStack#8 Voice #1 too long 19/32
2017-10-06 14:50:36,467 INFO [91387104]                Voice.java:257  | S6 MeasureStack#8 Voice #2 too long 7/16
2017-10-06 14:50:36,468 INFO [91387104]                Voice.java:257  | S6 MeasureStack#9 Voice #1 too long 1/8
2017-10-06 14:50:36,468 INFO [91387104]                Voice.java:257  | S6 MeasureStack#9 Voice #2 too long 1/8
2017-10-06 14:50:36,469 INFO [91387104]                Voice.java:257  | S6 MeasureStack#10 Voice #1 too long 1/16
2017-10-06 14:50:36,470 INFO [91387104]            BasicBook.java:1395 | Stored /book.xml
2017-10-06 14:50:37,933 INFO [91387104]           BasicSheet.java:979  | Stored /sheet#1/sheet#1.xml
2017-10-06 14:50:37,937 INFO [91387104]            BasicStub.java:723  | Sheet{91387104} disposed
2017-10-06 14:50:39,501 INFO [91387104]            BasicStub.java:449  | Loaded /sheet#1/sheet#1.xml
2017-10-06 14:50:39,504 INFO [91387104]            BasicBook.java:1133 | Scores built: 2
2017-10-06 14:50:40,553 WARN [91387104]      PartwiseBuilder.java:1379 | Error visiting null
java.lang.NullPointerException: null
	at org.audiveris.omr.score.PartwiseBuilder.processKey(PartwiseBuilder.java:1344)
	at org.audiveris.omr.score.PartwiseBuilder.processKeys(PartwiseBuilder.java:1407)
	at org.audiveris.omr.score.PartwiseBuilder.processMeasure(PartwiseBuilder.java:1575)
	at org.audiveris.omr.score.PartwiseBuilder.processPart(PartwiseBuilder.java:1988)
	at org.audiveris.omr.score.PartwiseBuilder.processSystem(PartwiseBuilder.java:2528)
	at org.audiveris.omr.score.PartwiseBuilder.processLogicalPart(PartwiseBuilder.java:1433)
	at org.audiveris.omr.score.PartwiseBuilder.processStub(PartwiseBuilder.java:2483)
	at org.audiveris.omr.score.PartwiseBuilder.processPartList(PartwiseBuilder.java:2017)
	at org.audiveris.omr.score.PartwiseBuilder.processScore(PartwiseBuilder.java:2195)
	at org.audiveris.omr.score.PartwiseBuilder.build(PartwiseBuilder.java:307)
	at org.audiveris.omr.score.ScoreExporter.export(ScoreExporter.java:117)
	at org.audiveris.omr.score.ScoreExporter.export(ScoreExporter.java:91)
	at org.audiveris.omr.sheet.BasicBook.export(BasicBook.java:589)
	at org.audiveris.omr.CLI$ProcessingTask.processBook(CLI.java:785)
	at org.audiveris.omr.CLI$CliTask.call(CLI.java:344)
	at org.audiveris.omr.Main.runBatchTasks(Main.java:316)
	at org.audiveris.omr.Main.main(Main.java:155)
	at Audiveris.main(Audiveris.java:49)
2017-10-06 14:50:40,565 WARN [91387104]      PartwiseBuilder.java:1379 | Error visiting null
java.lang.NullPointerException: null
	at org.audiveris.omr.score.PartwiseBuilder.processKey(PartwiseBuilder.java:1344)
	at org.audiveris.omr.score.PartwiseBuilder.processKeys(PartwiseBuilder.java:1407)
	at org.audiveris.omr.score.PartwiseBuilder.processMeasure(PartwiseBuilder.java:1575)
	at org.audiveris.omr.score.PartwiseBuilder.processPart(PartwiseBuilder.java:1988)
	at org.audiveris.omr.score.PartwiseBuilder.processSystem(PartwiseBuilder.java:2528)
	at org.audiveris.omr.score.PartwiseBuilder.processLogicalPart(PartwiseBuilder.java:1433)
	at org.audiveris.omr.score.PartwiseBuilder.processStub(PartwiseBuilder.java:2483)
	at org.audiveris.omr.score.PartwiseBuilder.processPartList(PartwiseBuilder.java:2017)
	at org.audiveris.omr.score.PartwiseBuilder.processScore(PartwiseBuilder.java:2195)
	at org.audiveris.omr.score.PartwiseBuilder.build(PartwiseBuilder.java:307)
	at org.audiveris.omr.score.ScoreExporter.export(ScoreExporter.java:117)
	at org.audiveris.omr.score.ScoreExporter.export(ScoreExporter.java:91)
	at org.audiveris.omr.sheet.BasicBook.export(BasicBook.java:589)
	at org.audiveris.omr.CLI$ProcessingTask.processBook(CLI.java:785)
	at org.audiveris.omr.CLI$CliTask.call(CLI.java:344)
	at org.audiveris.omr.Main.runBatchTasks(Main.java:316)
	at org.audiveris.omr.Main.main(Main.java:155)
	at Audiveris.main(Audiveris.java:49)
2017-10-06 14:50:40,634 INFO [91387104]        ScoreExporter.java:93   | Score 91387104.mvt1 exported to /Users/stephenn/Documents/workspace/nlsomr/xml_out/91386487/91387104/91387104.mvt1.mxl
2017-10-06 14:50:40,684 INFO [91387104]        ScoreExporter.java:93   | Score 91387104.mvt2 exported to /Users/stephenn/Documents/workspace/nlsomr/xml_out/91386487/91387104/91387104.mvt2.mxl
2017-10-06 14:50:40,868 INFO [91387104]            BasicBook.java:1395 | Stored /book.xml
2017-10-06 14:50:40,869 INFO [91387104]            BasicBook.java:1355 | Book stored as /Users/stephenn/Documents/workspace/nlsomr/xml_out/91386487/91387104/91387104.omr
