2017-10-06 14:59:30,094 INFO [91387236]            BasicBook.java:427  | 1 sheet in /Users/stephenn/Documents/workspace/nlsomr/working/91387236.jpg
2017-10-06 14:59:30,274 INFO []            BasicBook.java:1395 | Stored /book.xml
2017-10-06 14:59:30,274 INFO []            BasicBook.java:1355 | Book stored as /Users/stephenn/Documents/workspace/nlsomr/xml_out/91386487/91387236/91387236.omr
2017-10-06 14:59:30,280 INFO []            BasicBook.java:996  | Book reaching PAGE on sheets:[#1]
2017-10-06 14:59:30,282 INFO [91387236]       StepMonitoring.java:96   | LOAD
2017-10-06 14:59:30,434 INFO [91387236]            BasicBook.java:911  | Loaded image 1 2000x3056 from /Users/stephenn/Documents/workspace/nlsomr/working/91387236.jpg
2017-10-06 14:59:30,438 INFO [91387236]            ImageUtil.java:82   | Converting max RGB to gray ...
2017-10-06 14:59:30,701 INFO [91387236]            BasicBook.java:1395 | Stored /book.xml
2017-10-06 14:59:31,029 INFO [91387236]           BasicSheet.java:979  | Stored /sheet#1/sheet#1.xml
2017-10-06 14:59:31,031 INFO [91387236]       StepMonitoring.java:96   | BINARY
2017-10-06 14:59:31,627 INFO [91387236]            BasicBook.java:1395 | Stored /book.xml
2017-10-06 14:59:31,950 INFO [91387236]              Picture.java:786  | Stored /sheet#1/BINARY.xml
2017-10-06 14:59:31,955 INFO [91387236]           BasicSheet.java:979  | Stored /sheet#1/sheet#1.xml
2017-10-06 14:59:31,957 INFO [91387236]       StepMonitoring.java:96   | SCALE
2017-10-06 14:59:32,000 INFO [91387236]            ScaleStep.java:87   | Scale{line(3,4,5) interline(16,16,17) beam(13)}
2017-10-06 14:59:32,003 INFO [91387236]            BasicBook.java:1395 | Stored /book.xml
2017-10-06 14:59:32,005 INFO [91387236]           BasicSheet.java:979  | Stored /sheet#1/sheet#1.xml
2017-10-06 14:59:32,008 INFO [91387236]       StepMonitoring.java:96   | GRID
2017-10-06 14:59:32,878 INFO [91387236]       LinesRetriever.java:442  | Global slope: -0.00149
2017-10-06 14:59:32,974 INFO [91387236]    ClustersRetriever.java:241  | Retrieved line clusters: 12 of size: 5 with interline: (16,16,17)
2017-10-06 14:59:33,479 INFO [91387236]            PeakGraph.java:181  | Systems: #1[1, 2] #2[3, 4] #3[5, 6] #4[7, 8] #5[9, 10] #6[11, 12]
2017-10-06 14:59:34,400 INFO [91387236]        SystemManager.java:626  | Indentation detected for system#3
2017-10-06 14:59:34,401 INFO [91387236]        SystemManager.java:671  | 2 pages found in sheet
2017-10-06 14:59:34,401 INFO [91387236]        SystemManager.java:709  | Page #1: 1 part along 2 systems
2017-10-06 14:59:34,401 INFO [91387236]        SystemManager.java:709  | Page #2: 1 part along 4 systems
2017-10-06 14:59:34,405 INFO [91387236]            BasicBook.java:1395 | Stored /book.xml
2017-10-06 14:59:34,629 INFO [91387236]           BasicSheet.java:979  | Stored /sheet#1/sheet#1.xml
2017-10-06 14:59:34,632 INFO [91387236]       StepMonitoring.java:96   | HEADERS
2017-10-06 14:59:35,028 INFO []          Nd4jBackend.java:194  | Loaded [CpuBackend] backend
2017-10-06 14:59:35,095 INFO []      NativeOpsHolder.java:49   | Number of threads used for NativeOps: 2
2017-10-06 14:59:35,560 INFO [] DefaultOpExecutioner.java:544  | Backend used: [CPU]; OS: [Mac OS X]
2017-10-06 14:59:35,561 INFO [] DefaultOpExecutioner.java:545  | Cores: [4]; Memory: [3.6GB];
2017-10-06 14:59:35,561 INFO [] DefaultOpExecutioner.java:546  | Blas vendor: [OPENBLAS]
2017-10-06 14:59:35,595 INFO []   AbstractClassifier.java:332  | Classifier data loaded from default uri jar:file:/Users/stephenn/Documents/workspace/audiveris/build/distributions/Audiveris/lib/audiveris.jar!/res/basic-classifier.zip
2017-10-06 14:59:37,313 WARN [91387236]          ClefBuilder.java:560  | Staff#4 no header clef.
2017-10-06 14:59:38,430 WARN [91387236]          ClefBuilder.java:560  | Staff#10 no header clef.
2017-10-06 14:59:38,713 INFO []   AbstractClassifier.java:332  | Classifier data loaded from default uri jar:file:/Users/stephenn/Documents/workspace/audiveris/build/distributions/Audiveris/lib/audiveris.jar!/res/deep-classifier.zip
2017-10-06 14:59:38,834 INFO [91387236]            BasicBook.java:1395 | Stored /book.xml
2017-10-06 14:59:39,138 INFO [91387236]           BasicSheet.java:979  | Stored /sheet#1/sheet#1.xml
2017-10-06 14:59:39,141 INFO [91387236]       StepMonitoring.java:96   | STEM_SEEDS
2017-10-06 14:59:39,240 INFO [91387236]        StemSeedsStep.java:91   | stem(4 max:5)
2017-10-06 14:59:39,618 INFO [91387236]            BasicBook.java:1395 | Stored /book.xml
2017-10-06 14:59:39,972 INFO [91387236]           BasicSheet.java:979  | Stored /sheet#1/sheet#1.xml
2017-10-06 14:59:39,975 INFO [91387236]       StepMonitoring.java:96   | BEAMS
2017-10-06 14:59:44,519 INFO [91387236]            BeamsStep.java:89   | BeamDistance{count:4 mean:14.70 stdDev:0.55}
2017-10-06 14:59:44,522 INFO [91387236]            BasicBook.java:1395 | Stored /book.xml
2017-10-06 14:59:44,575 INFO [91387236]              Picture.java:786  | Stored /sheet#1/HEAD_SPOTS.xml
2017-10-06 14:59:44,945 INFO [91387236]           BasicSheet.java:979  | Stored /sheet#1/sheet#1.xml
2017-10-06 14:59:44,947 INFO [91387236]       StepMonitoring.java:96   | LEDGERS
2017-10-06 14:59:45,403 INFO [91387236]            BasicBook.java:1395 | Stored /book.xml
2017-10-06 14:59:45,818 INFO [91387236]           BasicSheet.java:979  | Stored /sheet#1/sheet#1.xml
2017-10-06 14:59:45,820 INFO [91387236]       StepMonitoring.java:96   | HEADS
2017-10-06 14:59:48,642 INFO [91387236]            BasicBook.java:1395 | Stored /book.xml
2017-10-06 14:59:49,428 INFO [91387236]           BasicSheet.java:979  | Stored /sheet#1/sheet#1.xml
2017-10-06 14:59:49,432 INFO [91387236]       StepMonitoring.java:96   | STEMS
2017-10-06 14:59:51,076 INFO [91387236]            BasicBook.java:1395 | Stored /book.xml
2017-10-06 14:59:52,271 INFO [91387236]           BasicSheet.java:979  | Stored /sheet#1/sheet#1.xml
2017-10-06 14:59:52,275 INFO [91387236]       StepMonitoring.java:96   | REDUCTION
2017-10-06 14:59:52,681 INFO [91387236]            BasicBook.java:1395 | Stored /book.xml
2017-10-06 14:59:53,459 INFO [91387236]           BasicSheet.java:979  | Stored /sheet#1/sheet#1.xml
2017-10-06 14:59:53,461 INFO [91387236]       StepMonitoring.java:96   | CUE_BEAMS
2017-10-06 14:59:53,467 INFO [91387236]            BasicBook.java:1395 | Stored /book.xml
2017-10-06 14:59:54,182 INFO [91387236]           BasicSheet.java:979  | Stored /sheet#1/sheet#1.xml
2017-10-06 14:59:54,185 INFO [91387236]       StepMonitoring.java:96   | TEXTS
2017-10-06 14:59:56,054 INFO [91387236]            BasicBook.java:1395 | Stored /book.xml
2017-10-06 14:59:56,631 INFO [91387236]           BasicSheet.java:979  | Stored /sheet#1/sheet#1.xml
2017-10-06 14:59:56,634 INFO [91387236]       StepMonitoring.java:96   | MEASURES
2017-10-06 14:59:56,638 INFO [91387236]                 Page.java:210  | 8 raw measures: [4 in system#1, 4 in system#2]
2017-10-06 14:59:56,639 INFO [91387236]                 Page.java:210  | 17 raw measures: [5 in system#3, 4 in system#4, 4 in system#5, 4 in system#6]
2017-10-06 14:59:56,640 INFO [91387236]            BasicBook.java:1395 | Stored /book.xml
2017-10-06 14:59:57,235 INFO [91387236]           BasicSheet.java:979  | Stored /sheet#1/sheet#1.xml
2017-10-06 14:59:57,237 INFO [91387236]       StepMonitoring.java:96   | CHORDS
2017-10-06 14:59:57,252 INFO [91387236]            BasicBook.java:1395 | Stored /book.xml
2017-10-06 14:59:57,843 INFO [91387236]           BasicSheet.java:979  | Stored /sheet#1/sheet#1.xml
2017-10-06 14:59:57,845 INFO [91387236]       StepMonitoring.java:96   | CURVES
2017-10-06 14:59:59,571 INFO [91387236]         SlursBuilder.java:157  | Slurs: 24
2017-10-06 14:59:59,602 INFO [91387236]      SegmentsBuilder.java:113  | Segments: 23
2017-10-06 14:59:59,614 INFO [91387236]            BasicBook.java:1395 | Stored /book.xml
2017-10-06 15:00:00,497 INFO [91387236]           BasicSheet.java:979  | Stored /sheet#1/sheet#1.xml
2017-10-06 15:00:00,499 INFO [91387236]       StepMonitoring.java:96   | SYMBOLS
2017-10-06 15:00:01,614 INFO [91387236]       SymbolsBuilder.java:340  | Symbol parts shrunk from 13 to 7
2017-10-06 15:00:03,275 INFO [91387236]            BasicBook.java:1395 | Stored /book.xml
2017-10-06 15:00:04,371 INFO [91387236]           BasicSheet.java:979  | Stored /sheet#1/sheet#1.xml
2017-10-06 15:00:04,373 INFO [91387236]       StepMonitoring.java:96   | LINKS
2017-10-06 15:00:04,394 INFO [91387236]        SymbolsLinker.java:323  | No chord above direction SentenceInter{#5109(0.735) s:5 BS-39 Direction} 77
2017-10-06 15:00:04,395 INFO [91387236]        SymbolsLinker.java:306  | No measure stack for direction SentenceInter{#5115(0.550) s:5 BS-53 Direction} i: so.
2017-10-06 15:00:04,430 INFO [91387236]            BasicBook.java:1395 | Stored /book.xml
2017-10-06 15:00:05,519 INFO [91387236]           BasicSheet.java:979  | Stored /sheet#1/sheet#1.xml
2017-10-06 15:00:05,521 INFO [91387236]       StepMonitoring.java:96   | RHYTHMS
2017-10-06 15:00:05,546 INFO [91387236]           PageRhythm.java:314  | Range{1-8} Durations avgGuess:3/4 topGuess:3/4 avgValue:0.69 stacks:8 voices:26 Histogram{3/8-3/4 size:3 [3/8=2 1/2=6 3/4=18]}
2017-10-06 15:00:05,547 INFO [91387236]           PageRhythm.java:221  | S1 Range{1-8 dur:3/4} should update to 3/4-based time sig?
2017-10-06 15:00:05,558 INFO [91387236]         SlotsBuilder.java:427  | S1 MeasureStack#4 Slot{#4 xOffset=189 timeOffset=3/8 incomings=[#5173] SUSPICIOUS}
2017-10-06 15:00:05,559 INFO [91387236]         SlotsBuilder.java:427  | S1 MeasureStack#4 Slot{#7 xOffset=340 timeOffset=5/8 incomings=[#5174] SUSPICIOUS}
2017-10-06 15:00:05,560 INFO [91387236]                Voice.java:257  | S1 MeasureStack#4 Voice #3 too long 1/8
2017-10-06 15:00:05,561 INFO [91387236]           StackTuner.java:92   | S1 MeasureStack#4 no correct rhythm
2017-10-06 15:00:05,585 INFO [91387236]           PageRhythm.java:314  | Range{1-17 ts:6/8} Durations avgGuess:3/4 topGuess:5/8 avgValue:0.72 stacks:17 voices:40 Histogram{1/8-1 size:9 [1/8=1 1/2=7 5/8=10 11/16=1 3/4=10 7/8=6 29/32=1 15/16=1 1=3]}
2017-10-06 15:00:05,588 INFO [91387236]         SlotsBuilder.java:427  | S3 MeasureStack#2 Slot{#5 xOffset=175 timeOffset=1/2 incomings=[#5239] SUSPICIOUS}
2017-10-06 15:00:05,589 INFO [91387236]         SlotsBuilder.java:427  | S3 MeasureStack#2 Slot{#7 xOffset=242 timeOffset=3/4 incomings=[#5240] SUSPICIOUS}
2017-10-06 15:00:05,589 INFO [91387236]                Voice.java:257  | S3 MeasureStack#2 Voice #1 too long 3/16
2017-10-06 15:00:05,589 INFO [91387236]                Voice.java:257  | S3 MeasureStack#2 Voice #2 too long 1/4
2017-10-06 15:00:05,590 INFO [91387236]           StackTuner.java:92   | S3 MeasureStack#2 no correct rhythm
2017-10-06 15:00:05,591 INFO [91387236]         SlotsBuilder.java:427  | S3 MeasureStack#3 Slot{#7 xOffset=238 timeOffset=3/4 incomings=[#5245] SUSPICIOUS}
2017-10-06 15:00:05,592 INFO [91387236]                Voice.java:257  | S3 MeasureStack#3 Voice #1 too long 1/8
2017-10-06 15:00:05,592 INFO [91387236]                Voice.java:257  | S3 MeasureStack#3 Voice #2 too long 1/4
2017-10-06 15:00:05,592 INFO [91387236]           StackTuner.java:92   | S3 MeasureStack#3 no correct rhythm
2017-10-06 15:00:05,595 INFO [91387236]         SlotsBuilder.java:427  | S3 MeasureStack#4 Slot{#7 xOffset=239 timeOffset=3/4 incomings=[#5250] SUSPICIOUS}
2017-10-06 15:00:05,595 INFO [91387236]                Voice.java:257  | S3 MeasureStack#4 Voice #1 too long 3/16
2017-10-06 15:00:05,596 INFO [91387236]                Voice.java:257  | S3 MeasureStack#4 Voice #2 too long 1/4
2017-10-06 15:00:05,596 INFO [91387236]           StackTuner.java:92   | S3 MeasureStack#4 no correct rhythm
2017-10-06 15:00:05,597 INFO [91387236]         SlotsBuilder.java:427  | S3 MeasureStack#5 Slot{#5 xOffset=173 timeOffset=1/2 incomings=[#5254] SUSPICIOUS}
2017-10-06 15:00:05,598 INFO [91387236]         SlotsBuilder.java:434  | Stack#5 endless loop detected
2017-10-06 15:00:05,601 INFO [91387236]                Voice.java:257  | S4 MeasureStack#6 Voice #3 too long 1/4
2017-10-06 15:00:05,602 INFO [91387236]           StackTuner.java:92   | S4 MeasureStack#6 no correct rhythm
2017-10-06 15:00:05,603 INFO [91387236]                Voice.java:257  | S4 MeasureStack#7 Voice #3 too long 1/8
2017-10-06 15:00:05,604 INFO [91387236]           StackTuner.java:92   | S4 MeasureStack#7 no correct rhythm
2017-10-06 15:00:05,605 INFO [91387236]                Voice.java:257  | S4 MeasureStack#8 Voice #1 too long 1/8
2017-10-06 15:00:05,606 INFO [91387236]           StackTuner.java:92   | S4 MeasureStack#8 no correct rhythm
2017-10-06 15:00:05,607 INFO [91387236]         SlotsBuilder.java:427  | S4 MeasureStack#9 Slot{#7 xOffset=318 timeOffset=3/4 incomings=[#5282] SUSPICIOUS}
2017-10-06 15:00:05,608 INFO [91387236]                Voice.java:257  | S4 MeasureStack#9 Voice #1 too long 1/4
2017-10-06 15:00:05,608 INFO [91387236]                Voice.java:257  | S4 MeasureStack#9 Voice #2 too long 1/8
2017-10-06 15:00:05,609 INFO [91387236]           StackTuner.java:92   | S4 MeasureStack#9 no correct rhythm
2017-10-06 15:00:05,610 INFO [91387236]                Voice.java:257  | S5 MeasureStack#10 Voice #1 too long 1/8
2017-10-06 15:00:05,610 INFO [91387236]           StackTuner.java:92   | S5 MeasureStack#10 no correct rhythm
2017-10-06 15:00:05,611 INFO [91387236]                Voice.java:257  | S5 MeasureStack#11 Voice #1 too long 1/8
2017-10-06 15:00:05,611 INFO [91387236]           StackTuner.java:92   | S5 MeasureStack#11 no correct rhythm
2017-10-06 15:00:05,613 INFO [91387236]                Voice.java:257  | S5 MeasureStack#13 Voice #1 too long 5/32
2017-10-06 15:00:05,614 INFO [91387236]                Voice.java:257  | S5 MeasureStack#13 Voice #2 too long 1/4
2017-10-06 15:00:05,614 INFO [91387236]           StackTuner.java:92   | S5 MeasureStack#13 no correct rhythm
2017-10-06 15:00:05,616 INFO [91387236]                Voice.java:257  | S6 MeasureStack#14 Voice #3 too long 1/4
2017-10-06 15:00:05,616 INFO [91387236]           StackTuner.java:92   | S6 MeasureStack#14 no correct rhythm
2017-10-06 15:00:05,618 INFO [91387236]         SlotsBuilder.java:427  | S6 MeasureStack#15 Slot{#5 xOffset=233 timeOffset=1/2 incomings=[#5348] SUSPICIOUS}
2017-10-06 15:00:05,618 INFO [91387236]         SlotsBuilder.java:427  | S6 MeasureStack#15 Slot{#7 xOffset=319 timeOffset=3/4 incomings=[#5349] SUSPICIOUS}
2017-10-06 15:00:05,618 INFO [91387236]                Voice.java:257  | S6 MeasureStack#15 Voice #2 too long 1/4
2017-10-06 15:00:05,619 INFO [91387236]           StackTuner.java:92   | S6 MeasureStack#15 no correct rhythm
2017-10-06 15:00:05,622 INFO [91387236]            BasicBook.java:1395 | Stored /book.xml
2017-10-06 15:00:06,777 INFO [91387236]           BasicSheet.java:979  | Stored /sheet#1/sheet#1.xml
2017-10-06 15:00:06,779 INFO [91387236]       StepMonitoring.java:96   | PAGE
2017-10-06 15:00:06,782 INFO [91387236]                 Part.java:275  | Could not right-connect slur#5361
2017-10-06 15:00:06,784 INFO [91387236]                Voice.java:257  | S1 MeasureStack#4 Voice #3 too long 1/8
2017-10-06 15:00:06,785 INFO [91387236]                 Part.java:267  | Could not left-connect slur#5473
2017-10-06 15:00:06,785 INFO [91387236]                 Part.java:267  | Could not left-connect slur#5389
2017-10-06 15:00:06,785 INFO [91387236]                Voice.java:257  | S3 MeasureStack#2 Voice #1 too long 3/16
2017-10-06 15:00:06,786 INFO [91387236]                Voice.java:257  | S3 MeasureStack#2 Voice #2 too long 1/4
2017-10-06 15:00:06,786 INFO [91387236]                Voice.java:257  | S3 MeasureStack#3 Voice #1 too long 1/8
2017-10-06 15:00:06,786 INFO [91387236]                Voice.java:257  | S3 MeasureStack#3 Voice #2 too long 1/4
2017-10-06 15:00:06,786 INFO [91387236]                Voice.java:257  | S3 MeasureStack#4 Voice #1 too long 3/16
2017-10-06 15:00:06,787 INFO [91387236]                Voice.java:257  | S3 MeasureStack#4 Voice #2 too long 1/4
2017-10-06 15:00:06,787 INFO [91387236]                Voice.java:257  | S4 MeasureStack#6 Voice #3 too long 1/4
2017-10-06 15:00:06,787 INFO [91387236]                Voice.java:257  | S4 MeasureStack#7 Voice #3 too long 1/8
2017-10-06 15:00:06,787 INFO [91387236]                Voice.java:257  | S4 MeasureStack#8 Voice #1 too long 1/8
2017-10-06 15:00:06,788 INFO [91387236]                Voice.java:257  | S4 MeasureStack#9 Voice #1 too long 1/4
2017-10-06 15:00:06,788 INFO [91387236]                Voice.java:257  | S4 MeasureStack#9 Voice #2 too long 1/8
2017-10-06 15:00:06,788 INFO [91387236]                Voice.java:257  | S5 MeasureStack#10 Voice #1 too long 1/8
2017-10-06 15:00:06,789 INFO [91387236]                Voice.java:257  | S5 MeasureStack#11 Voice #1 too long 1/8
2017-10-06 15:00:06,789 INFO [91387236]                Voice.java:257  | S5 MeasureStack#13 Voice #1 too long 5/32
2017-10-06 15:00:06,789 INFO [91387236]                Voice.java:257  | S5 MeasureStack#13 Voice #2 too long 1/4
2017-10-06 15:00:06,790 INFO [91387236]                Voice.java:257  | S6 MeasureStack#14 Voice #3 too long 1/4
2017-10-06 15:00:06,790 INFO [91387236]                Voice.java:257  | S6 MeasureStack#15 Voice #2 too long 1/4
2017-10-06 15:00:06,792 INFO [91387236]            BasicBook.java:1395 | Stored /book.xml
2017-10-06 15:00:07,941 INFO [91387236]           BasicSheet.java:979  | Stored /sheet#1/sheet#1.xml
2017-10-06 15:00:07,943 INFO [91387236]            BasicStub.java:723  | Sheet{91387236} disposed
2017-10-06 15:00:08,924 WARN [91387236]              SIGraph.java:192  | Error in class org.audiveris.omr.sig.SIGraph afterReload() java.lang.ClassCastException: org.audiveris.omr.sig.inter.SmallChordInter cannot be cast to org.audiveris.omr.sig.inter.HeadChordInter
java.lang.ClassCastException: org.audiveris.omr.sig.inter.SmallChordInter cannot be cast to org.audiveris.omr.sig.inter.HeadChordInter
	at org.audiveris.omr.sig.inter.ArticulationInter.getStaff(ArticulationInter.java:102)
	at org.audiveris.omr.sheet.Staff$StaffHolder.checkStaffHolder(Staff.java:1804)
	at org.audiveris.omr.sig.SIGraph.afterReload(SIGraph.java:189)
	at org.audiveris.omr.sheet.SystemInfo.afterReload(SystemInfo.java:257)
	at org.audiveris.omr.sheet.BasicSheet.afterReload(BasicSheet.java:327)
	at org.audiveris.omr.sheet.BasicStub.getSheet(BasicStub.java:448)
	at org.audiveris.omr.sheet.BasicStub.getSheet(BasicStub.java:86)
	at org.audiveris.omr.score.Score.getPage(Score.java:608)
	at org.audiveris.omr.score.Score.getPages(Score.java:380)
	at org.audiveris.omr.score.ScoreReduction.<init>(ScoreReduction.java:94)
	at org.audiveris.omr.sheet.BasicBook.reduceScores(BasicBook.java:1109)
	at org.audiveris.omr.sheet.BasicBook.transcribe(BasicBook.java:1448)
	at org.audiveris.omr.sheet.BasicBook.export(BasicBook.java:558)
	at org.audiveris.omr.CLI$ProcessingTask.processBook(CLI.java:785)
	at org.audiveris.omr.CLI$CliTask.call(CLI.java:344)
	at org.audiveris.omr.Main.runBatchTasks(Main.java:316)
	at org.audiveris.omr.Main.main(Main.java:155)
	at Audiveris.main(Audiveris.java:49)
2017-10-06 15:00:08,935 INFO [91387236]            BasicStub.java:449  | Loaded /sheet#1/sheet#1.xml
2017-10-06 15:00:08,938 INFO [91387236]            BasicBook.java:1133 | Scores built: 2
2017-10-06 15:00:10,126 WARN [91387236]      PartwiseBuilder.java:1379 | Error visiting null
java.lang.NullPointerException: null
	at org.audiveris.omr.score.PartwiseBuilder.processKey(PartwiseBuilder.java:1344)
	at org.audiveris.omr.score.PartwiseBuilder.processKeys(PartwiseBuilder.java:1407)
	at org.audiveris.omr.score.PartwiseBuilder.processMeasure(PartwiseBuilder.java:1575)
	at org.audiveris.omr.score.PartwiseBuilder.processPart(PartwiseBuilder.java:1988)
	at org.audiveris.omr.score.PartwiseBuilder.processSystem(PartwiseBuilder.java:2528)
	at org.audiveris.omr.score.PartwiseBuilder.processLogicalPart(PartwiseBuilder.java:1433)
	at org.audiveris.omr.score.PartwiseBuilder.processStub(PartwiseBuilder.java:2483)
	at org.audiveris.omr.score.PartwiseBuilder.processPartList(PartwiseBuilder.java:2017)
	at org.audiveris.omr.score.PartwiseBuilder.processScore(PartwiseBuilder.java:2195)
	at org.audiveris.omr.score.PartwiseBuilder.build(PartwiseBuilder.java:307)
	at org.audiveris.omr.score.ScoreExporter.export(ScoreExporter.java:117)
	at org.audiveris.omr.score.ScoreExporter.export(ScoreExporter.java:91)
	at org.audiveris.omr.sheet.BasicBook.export(BasicBook.java:589)
	at org.audiveris.omr.CLI$ProcessingTask.processBook(CLI.java:785)
	at org.audiveris.omr.CLI$CliTask.call(CLI.java:344)
	at org.audiveris.omr.Main.runBatchTasks(Main.java:316)
	at org.audiveris.omr.Main.main(Main.java:155)
	at Audiveris.main(Audiveris.java:49)
2017-10-06 15:00:10,179 INFO [91387236]        ScoreExporter.java:93   | Score 91387236.mvt1 exported to /Users/stephenn/Documents/workspace/nlsomr/xml_out/91386487/91387236/91387236.mvt1.mxl
2017-10-06 15:00:10,190 WARN [91387236]      PartwiseBuilder.java:1379 | Error visiting null
java.lang.NullPointerException: null
	at org.audiveris.omr.score.PartwiseBuilder.processKey(PartwiseBuilder.java:1344)
	at org.audiveris.omr.score.PartwiseBuilder.processKeys(PartwiseBuilder.java:1407)
	at org.audiveris.omr.score.PartwiseBuilder.processMeasure(PartwiseBuilder.java:1575)
	at org.audiveris.omr.score.PartwiseBuilder.processPart(PartwiseBuilder.java:1988)
	at org.audiveris.omr.score.PartwiseBuilder.processSystem(PartwiseBuilder.java:2528)
	at org.audiveris.omr.score.PartwiseBuilder.processLogicalPart(PartwiseBuilder.java:1433)
	at org.audiveris.omr.score.PartwiseBuilder.processStub(PartwiseBuilder.java:2483)
	at org.audiveris.omr.score.PartwiseBuilder.processPartList(PartwiseBuilder.java:2017)
	at org.audiveris.omr.score.PartwiseBuilder.processScore(PartwiseBuilder.java:2195)
	at org.audiveris.omr.score.PartwiseBuilder.build(PartwiseBuilder.java:307)
	at org.audiveris.omr.score.ScoreExporter.export(ScoreExporter.java:117)
	at org.audiveris.omr.score.ScoreExporter.export(ScoreExporter.java:91)
	at org.audiveris.omr.sheet.BasicBook.export(BasicBook.java:589)
	at org.audiveris.omr.CLI$ProcessingTask.processBook(CLI.java:785)
	at org.audiveris.omr.CLI$CliTask.call(CLI.java:344)
	at org.audiveris.omr.Main.runBatchTasks(Main.java:316)
	at org.audiveris.omr.Main.main(Main.java:155)
	at Audiveris.main(Audiveris.java:49)
2017-10-06 15:00:10,222 INFO [91387236]        ScoreExporter.java:93   | Score 91387236.mvt2 exported to /Users/stephenn/Documents/workspace/nlsomr/xml_out/91386487/91387236/91387236.mvt2.mxl
2017-10-06 15:00:10,379 INFO [91387236]            BasicBook.java:1395 | Stored /book.xml
2017-10-06 15:00:10,379 INFO [91387236]            BasicBook.java:1355 | Book stored as /Users/stephenn/Documents/workspace/nlsomr/xml_out/91386487/91387236/91387236.omr
