2017-10-06 14:42:46,945 INFO [91387008]            BasicBook.java:427  | 1 sheet in /Users/stephenn/Documents/workspace/nlsomr/working/91387008.jpg
2017-10-06 14:42:47,092 INFO []            BasicBook.java:1395 | Stored /book.xml
2017-10-06 14:42:47,093 INFO []            BasicBook.java:1355 | Book stored as /Users/stephenn/Documents/workspace/nlsomr/xml_out/91386487/91387008/91387008.omr
2017-10-06 14:42:47,098 INFO []            BasicBook.java:996  | Book reaching PAGE on sheets:[#1]
2017-10-06 14:42:47,100 INFO [91387008]       StepMonitoring.java:96   | LOAD
2017-10-06 14:42:47,264 INFO [91387008]            BasicBook.java:911  | Loaded image 1 2000x3056 from /Users/stephenn/Documents/workspace/nlsomr/working/91387008.jpg
2017-10-06 14:42:47,268 INFO [91387008]            ImageUtil.java:82   | Converting max RGB to gray ...
2017-10-06 14:42:47,543 INFO [91387008]            BasicBook.java:1395 | Stored /book.xml
2017-10-06 14:42:47,857 INFO [91387008]           BasicSheet.java:979  | Stored /sheet#1/sheet#1.xml
2017-10-06 14:42:47,859 INFO [91387008]       StepMonitoring.java:96   | BINARY
2017-10-06 14:42:48,485 INFO [91387008]            BasicBook.java:1395 | Stored /book.xml
2017-10-06 14:42:48,813 INFO [91387008]              Picture.java:786  | Stored /sheet#1/BINARY.xml
2017-10-06 14:42:48,815 INFO [91387008]           BasicSheet.java:979  | Stored /sheet#1/sheet#1.xml
2017-10-06 14:42:48,817 INFO [91387008]       StepMonitoring.java:96   | SCALE
2017-10-06 14:42:48,856 INFO [91387008]            ScaleStep.java:87   | Scale{line(3,4,5) interline(16,16,17) beam(13)}
2017-10-06 14:42:48,858 INFO [91387008]            BasicBook.java:1395 | Stored /book.xml
2017-10-06 14:42:48,860 INFO [91387008]           BasicSheet.java:979  | Stored /sheet#1/sheet#1.xml
2017-10-06 14:42:48,862 INFO [91387008]       StepMonitoring.java:96   | GRID
2017-10-06 14:42:49,790 INFO [91387008]       LinesRetriever.java:442  | Global slope: 0.00000
2017-10-06 14:42:49,879 INFO [91387008]    ClustersRetriever.java:241  | Retrieved line clusters: 12 of size: 5 with interline: (16,16,17)
2017-10-06 14:42:50,591 INFO [91387008]            PeakGraph.java:181  | Systems: #1[1, 2] #2[3, 4] #3[5, 6] #4[7, 8] #5[9, 10] #6[11, 12]
2017-10-06 14:42:51,833 INFO [91387008]        SystemManager.java:626  | Indentation detected for system#1
2017-10-06 14:42:51,834 INFO [91387008]        SystemManager.java:626  | Indentation detected for system#5
2017-10-06 14:42:51,835 INFO [91387008]        SystemManager.java:671  | 2 pages found in sheet
2017-10-06 14:42:51,835 INFO [91387008]        SystemManager.java:709  | Page #1: 1 part along 4 systems
2017-10-06 14:42:51,835 INFO [91387008]        SystemManager.java:709  | Page #2: 1 part along 2 systems
2017-10-06 14:42:51,843 INFO [91387008]            BasicBook.java:1395 | Stored /book.xml
2017-10-06 14:42:52,190 INFO [91387008]           BasicSheet.java:979  | Stored /sheet#1/sheet#1.xml
2017-10-06 14:42:52,194 INFO [91387008]       StepMonitoring.java:96   | HEADERS
2017-10-06 14:42:52,748 INFO []          Nd4jBackend.java:194  | Loaded [CpuBackend] backend
2017-10-06 14:42:52,825 INFO []      NativeOpsHolder.java:49   | Number of threads used for NativeOps: 2
2017-10-06 14:42:53,321 INFO [] DefaultOpExecutioner.java:544  | Backend used: [CPU]; OS: [Mac OS X]
2017-10-06 14:42:53,321 INFO [] DefaultOpExecutioner.java:545  | Cores: [4]; Memory: [3.6GB];
2017-10-06 14:42:53,322 INFO [] DefaultOpExecutioner.java:546  | Blas vendor: [OPENBLAS]
2017-10-06 14:42:53,356 INFO []   AbstractClassifier.java:332  | Classifier data loaded from default uri jar:file:/Users/stephenn/Documents/workspace/audiveris/build/distributions/Audiveris/lib/audiveris.jar!/res/basic-classifier.zip
2017-10-06 14:42:55,603 WARN [91387008]          ClefBuilder.java:560  | Staff#6 no header clef.
2017-10-06 14:42:55,825 WARN [91387008]          ClefBuilder.java:560  | Staff#8 no header clef.
2017-10-06 14:42:55,985 WARN [91387008]          ClefBuilder.java:560  | Staff#10 no header clef.
2017-10-06 14:42:56,190 WARN [91387008]          ClefBuilder.java:560  | Staff#12 no header clef.
2017-10-06 14:42:56,202 INFO [91387008]            BasicBook.java:1395 | Stored /book.xml
2017-10-06 14:42:56,544 INFO []   AbstractClassifier.java:332  | Classifier data loaded from default uri jar:file:/Users/stephenn/Documents/workspace/audiveris/build/distributions/Audiveris/lib/audiveris.jar!/res/deep-classifier.zip
2017-10-06 14:42:56,585 INFO [91387008]           BasicSheet.java:979  | Stored /sheet#1/sheet#1.xml
2017-10-06 14:42:56,588 INFO [91387008]       StepMonitoring.java:96   | STEM_SEEDS
2017-10-06 14:42:56,686 INFO [91387008]        StemSeedsStep.java:91   | stem(4 max:5)
2017-10-06 14:42:56,805 INFO [91387008]            BasicBook.java:1395 | Stored /book.xml
2017-10-06 14:42:57,096 INFO [91387008]           BasicSheet.java:979  | Stored /sheet#1/sheet#1.xml
2017-10-06 14:42:57,098 INFO [91387008]       StepMonitoring.java:96   | BEAMS
2017-10-06 14:43:02,040 INFO [91387008]            BeamsStep.java:89   | BeamDistance{count:14 mean:15.21 stdDev:0.77}
2017-10-06 14:43:02,043 INFO [91387008]            BasicBook.java:1395 | Stored /book.xml
2017-10-06 14:43:02,112 INFO [91387008]              Picture.java:786  | Stored /sheet#1/HEAD_SPOTS.xml
2017-10-06 14:43:02,495 INFO [91387008]           BasicSheet.java:979  | Stored /sheet#1/sheet#1.xml
2017-10-06 14:43:02,497 INFO [91387008]       StepMonitoring.java:96   | LEDGERS
2017-10-06 14:43:03,237 INFO [91387008]            BasicBook.java:1395 | Stored /book.xml
2017-10-06 14:43:03,670 INFO [91387008]           BasicSheet.java:979  | Stored /sheet#1/sheet#1.xml
2017-10-06 14:43:03,672 INFO [91387008]       StepMonitoring.java:96   | HEADS
2017-10-06 14:43:06,224 INFO [91387008]            BasicBook.java:1395 | Stored /book.xml
2017-10-06 14:43:07,291 INFO [91387008]           BasicSheet.java:979  | Stored /sheet#1/sheet#1.xml
2017-10-06 14:43:07,293 INFO [91387008]       StepMonitoring.java:96   | STEMS
2017-10-06 14:43:09,685 INFO [91387008]            BasicBook.java:1395 | Stored /book.xml
2017-10-06 14:43:10,883 INFO [91387008]           BasicSheet.java:979  | Stored /sheet#1/sheet#1.xml
2017-10-06 14:43:10,885 INFO [91387008]       StepMonitoring.java:96   | REDUCTION
2017-10-06 14:43:11,729 INFO [91387008]            BasicBook.java:1395 | Stored /book.xml
2017-10-06 14:43:12,518 INFO [91387008]           BasicSheet.java:979  | Stored /sheet#1/sheet#1.xml
2017-10-06 14:43:12,521 INFO [91387008]       StepMonitoring.java:96   | CUE_BEAMS
2017-10-06 14:43:12,524 INFO [91387008]            BasicBook.java:1395 | Stored /book.xml
2017-10-06 14:43:13,277 INFO [91387008]           BasicSheet.java:979  | Stored /sheet#1/sheet#1.xml
2017-10-06 14:43:13,279 INFO [91387008]       StepMonitoring.java:96   | TEXTS
2017-10-06 14:43:15,665 INFO [91387008]            BasicBook.java:1395 | Stored /book.xml
2017-10-06 14:43:16,467 INFO [91387008]           BasicSheet.java:979  | Stored /sheet#1/sheet#1.xml
2017-10-06 14:43:16,469 INFO [91387008]       StepMonitoring.java:96   | MEASURES
2017-10-06 14:43:16,478 INFO [91387008]                 Page.java:210  | 17 raw measures: [5 in system#1, 4 in system#2, 4 in system#3, 4 in system#4]
2017-10-06 14:43:16,479 INFO [91387008]                 Page.java:210  | 9 raw measures: [5 in system#5, 4 in system#6]
2017-10-06 14:43:16,481 INFO [91387008]            BasicBook.java:1395 | Stored /book.xml
2017-10-06 14:43:17,438 INFO [91387008]           BasicSheet.java:979  | Stored /sheet#1/sheet#1.xml
2017-10-06 14:43:17,440 INFO [91387008]       StepMonitoring.java:96   | CHORDS
2017-10-06 14:43:17,452 INFO [91387008]        ChordsBuilder.java:249  | Deleting StemInter{#5643(0.727/0.878)} on RIGHT side of HeadInter{#4655(0.569/0.817) s:9 p:3.00 NOTEHEAD_VOID}
2017-10-06 14:43:17,456 INFO [91387008]            BasicBook.java:1395 | Stored /book.xml
2017-10-06 14:43:18,544 INFO [91387008]           BasicSheet.java:979  | Stored /sheet#1/sheet#1.xml
2017-10-06 14:43:18,546 INFO [91387008]       StepMonitoring.java:96   | CURVES
2017-10-06 14:43:20,545 INFO [91387008]         SlursBuilder.java:762  | LEFT collision SlurInter{#6194(0.525)} & SlurInter{#6228(0.395)} @ HeadInter{#2332(0.627/0.831) e#5903 s:2 p:-7.00 NOTEHEAD_BLACK}
2017-10-06 14:43:20,546 INFO [91387008]         SlursBuilder.java:762  | LEFT collision SlurInter{#6228(0.395)} & SlurInter{#6194(0.525)} @ HeadInter{#2332(0.627/0.831) e#5903 s:2 p:-7.00 NOTEHEAD_BLACK}
2017-10-06 14:43:20,554 INFO [91387008]         SlursBuilder.java:157  | Slurs: 28
2017-10-06 14:43:20,658 INFO [91387008]      SegmentsBuilder.java:113  | Segments: 34
2017-10-06 14:43:20,667 INFO [91387008]            BasicBook.java:1395 | Stored /book.xml
2017-10-06 14:43:22,513 INFO [91387008]           BasicSheet.java:979  | Stored /sheet#1/sheet#1.xml
2017-10-06 14:43:22,519 INFO [91387008]       StepMonitoring.java:96   | SYMBOLS
2017-10-06 14:43:23,377 INFO [91387008]       SymbolsBuilder.java:340  | Symbol parts shrunk from 11 to 7
2017-10-06 14:43:24,834 INFO [91387008]       SymbolsBuilder.java:340  | Symbol parts shrunk from 11 to 7
2017-10-06 14:43:25,865 INFO [91387008]       SymbolsBuilder.java:340  | Symbol parts shrunk from 11 to 7
2017-10-06 14:43:26,035 INFO [91387008]       SymbolsBuilder.java:340  | Symbol parts shrunk from 14 to 7
2017-10-06 14:43:26,758 INFO [91387008]            BasicBook.java:1395 | Stored /book.xml
2017-10-06 14:43:28,489 INFO [91387008]           BasicSheet.java:979  | Stored /sheet#1/sheet#1.xml
2017-10-06 14:43:28,491 INFO [91387008]       StepMonitoring.java:96   | LINKS
2017-10-06 14:43:28,524 INFO [91387008]        SymbolsLinker.java:323  | No chord above direction SentenceInter{#5869(0.684) s:9 BS-50 Direction} A1r.
2017-10-06 14:43:28,524 INFO [91387008]        SymbolsLinker.java:323  | No chord above direction SentenceInter{#5871(0.660) s:9 BS-33 Direction} Unknown.
2017-10-06 14:43:28,525 INFO [91387008]        SymbolsLinker.java:306  | No measure stack for direction SentenceInter{#5874(0.583) s:9 BSC-49 Direction} J: 92.
2017-10-06 14:43:28,540 INFO [91387008]            BasicBook.java:1395 | Stored /book.xml
2017-10-06 14:43:30,203 INFO [91387008]           BasicSheet.java:979  | Stored /sheet#1/sheet#1.xml
2017-10-06 14:43:30,205 INFO [91387008]       StepMonitoring.java:96   | RHYTHMS
2017-10-06 14:43:30,237 WARN [91387008]   AbstractChordInter.java:1156 | HeadChordInter{#5990(0.796/0.796) s:5 dur:1/16} Attempt to reassign voice from 3 to 2
2017-10-06 14:43:30,237 INFO [91387008]         SlotsBuilder.java:399  | Stack#12 suspicious Slot{#5 xOffset=269 timeOffset=1/2 incomings=[#5988#5987]}
2017-10-06 14:43:30,243 INFO [91387008]         SlotsBuilder.java:399  | Stack#16 suspicious Slot{#2 xOffset=110 timeOffset=1/8 incomings=[#6067]}
2017-10-06 14:43:30,247 INFO [91387008]           PageRhythm.java:314  | Range{1-17} Durations avgGuess:3/4 topGuess:3/4 avgValue:0.64 stacks:17 voices:48 Histogram{1/8-13/16 size:9 [1/8=1 1/4=3 5/16=1 3/8=1 7/16=1 1/2=18 5/8=2 3/4=20 13/16=1]}
2017-10-06 14:43:30,248 INFO [91387008]           PageRhythm.java:221  | S1 Range{1-17 dur:3/4} should update to 3/4-based time sig?
2017-10-06 14:43:30,258 INFO [91387008]                Voice.java:257  | S2 MeasureStack#9 Voice #1 too long 1/16
2017-10-06 14:43:30,259 INFO [91387008]           StackTuner.java:92   | S2 MeasureStack#9 no correct rhythm
2017-10-06 14:43:30,261 INFO [91387008]         SlotsBuilder.java:427  | S3 MeasureStack#10 Slot{#4 xOffset=295 timeOffset=5/16 incomings=[#5972] SUSPICIOUS}
2017-10-06 14:43:30,262 INFO [91387008]         SlotsBuilder.java:427  | S3 MeasureStack#10 Slot{#6 xOffset=354 timeOffset=7/16 incomings=[#5973] SUSPICIOUS}
2017-10-06 14:43:30,263 INFO [91387008]         SlotsBuilder.java:427  | S3 MeasureStack#10 Slot{#8 xOffset=407 timeOffset=9/16 incomings=[#5974] SUSPICIOUS}
2017-10-06 14:43:30,264 INFO [91387008]         SlotsBuilder.java:427  | S3 MeasureStack#10 Slot{#10 xOffset=456 timeOffset=11/16 incomings=[#5975] SUSPICIOUS}
2017-10-06 14:43:30,265 INFO [91387008]                Voice.java:257  | S3 MeasureStack#10 Voice #1 too long 1/16
2017-10-06 14:43:30,265 INFO [91387008]           StackTuner.java:92   | S3 MeasureStack#10 no correct rhythm
2017-10-06 14:43:30,269 WARN [91387008]   AbstractChordInter.java:1156 | HeadChordInter{#5990(0.796/0.796) s:5 dur:1/16} Attempt to reassign voice from 3 to 2
2017-10-06 14:43:30,271 INFO [91387008]         SlotsBuilder.java:427  | S3 MeasureStack#12 Slot{#6 xOffset=271 timeOffset=1/2 incomings=[#6027] SUSPICIOUS}
2017-10-06 14:43:30,271 INFO [91387008]         SlotsBuilder.java:427  | S3 MeasureStack#12 Slot{#7 xOffset=271 timeOffset=5/8 incomings=[#6019] SUSPICIOUS}
2017-10-06 14:43:30,272 INFO [91387008]         SlotsBuilder.java:427  | S3 MeasureStack#12 Slot{#9 xOffset=328 timeOffset=11/16 incomings=[#6020] SUSPICIOUS}
2017-10-06 14:43:30,272 INFO [91387008]                Voice.java:257  | S3 MeasureStack#12 Voice #3 too long 1/16
2017-10-06 14:43:30,272 INFO [91387008]           StackTuner.java:92   | S3 MeasureStack#12 no correct rhythm
2017-10-06 14:43:30,278 INFO [91387008]         SlotsBuilder.java:427  | S3 MeasureStack#13 Slot{#5 xOffset=218 timeOffset=7/16 incomings=[#6024] SUSPICIOUS}
2017-10-06 14:43:30,278 INFO [91387008]         SlotsBuilder.java:427  | S3 MeasureStack#13 Slot{#7 xOffset=269 timeOffset=9/16 incomings=[#6025] SUSPICIOUS}
2017-10-06 14:43:30,279 INFO [91387008]         SlotsBuilder.java:434  | Stack#13 endless loop detected
2017-10-06 14:43:30,283 INFO [91387008]         SlotsBuilder.java:427  | S4 MeasureStack#15 Slot{#5 xOffset=301 timeOffset=1/2 incomings=[#6041#6042#6063] SUSPICIOUS}
2017-10-06 14:43:30,283 INFO [91387008]         SlotsBuilder.java:427  | S4 MeasureStack#15 Slot{#7 xOffset=362 timeOffset=3/4 incomings=[#6064] SUSPICIOUS}
2017-10-06 14:43:30,284 INFO [91387008]                Voice.java:257  | S4 MeasureStack#15 Voice #2 too long 1/8
2017-10-06 14:43:30,284 INFO [91387008]           StackTuner.java:92   | S4 MeasureStack#15 no correct rhythm
2017-10-06 14:43:30,286 INFO [91387008]         SlotsBuilder.java:427  | S4 MeasureStack#16 Slot{#5 xOffset=195 timeOffset=1/4 incomings=[#6068] SUSPICIOUS}
2017-10-06 14:43:30,286 INFO [91387008]         SlotsBuilder.java:427  | S4 MeasureStack#16 Slot{#7 xOffset=262 timeOffset=3/8 incomings=[#6069] SUSPICIOUS}
2017-10-06 14:43:30,287 INFO [91387008]         SlotsBuilder.java:427  | S4 MeasureStack#16 Slot{#9 xOffset=323 timeOffset=1/2 incomings=[#6070] SUSPICIOUS}
2017-10-06 14:43:30,287 INFO [91387008]         SlotsBuilder.java:427  | S4 MeasureStack#16 Slot{#11 xOffset=384 timeOffset=5/8 incomings=[#6071] SUSPICIOUS}
2017-10-06 14:43:30,296 INFO [91387008]           PageRhythm.java:314  | Range{1-9} Durations avgGuess:3/4 topGuess:3/4 avgValue:0.69 stacks:9 voices:27 Histogram{1/4-3/4 size:4 [1/4=1 3/8=1 1/2=6 3/4=19]}
2017-10-06 14:43:30,297 INFO [91387008]           PageRhythm.java:221  | S5 Range{1-9 dur:3/4} should update to 3/4-based time sig?
2017-10-06 14:43:30,305 INFO [91387008]            BasicBook.java:1395 | Stored /book.xml
2017-10-06 14:43:31,981 INFO [91387008]           BasicSheet.java:979  | Stored /sheet#1/sheet#1.xml
2017-10-06 14:43:31,984 INFO [91387008]       StepMonitoring.java:96   | PAGE
2017-10-06 14:43:31,989 INFO [91387008]                Voice.java:257  | S2 MeasureStack#9 Voice #1 too long 1/16
2017-10-06 14:43:31,989 INFO [91387008]                Voice.java:257  | S3 MeasureStack#10 Voice #1 too long 1/16
2017-10-06 14:43:31,990 INFO [91387008]                Voice.java:257  | S3 MeasureStack#12 Voice #3 too long 1/16
2017-10-06 14:43:31,990 INFO [91387008]                Voice.java:257  | S4 MeasureStack#15 Voice #2 too long 1/8
2017-10-06 14:43:31,993 INFO [91387008]            BasicBook.java:1395 | Stored /book.xml
2017-10-06 14:43:33,654 INFO [91387008]           BasicSheet.java:979  | Stored /sheet#1/sheet#1.xml
2017-10-06 14:43:33,656 INFO [91387008]            BasicStub.java:723  | Sheet{91387008} disposed
2017-10-06 14:43:34,904 INFO [91387008]            BasicStub.java:449  | Loaded /sheet#1/sheet#1.xml
2017-10-06 14:43:34,906 INFO [91387008]            BasicBook.java:1133 | Scores built: 2
2017-10-06 14:43:36,065 WARN [91387008]      PartwiseBuilder.java:1379 | Error visiting null
java.lang.NullPointerException: null
	at org.audiveris.omr.score.PartwiseBuilder.processKey(PartwiseBuilder.java:1344)
	at org.audiveris.omr.score.PartwiseBuilder.processKeys(PartwiseBuilder.java:1407)
	at org.audiveris.omr.score.PartwiseBuilder.processMeasure(PartwiseBuilder.java:1575)
	at org.audiveris.omr.score.PartwiseBuilder.processPart(PartwiseBuilder.java:1988)
	at org.audiveris.omr.score.PartwiseBuilder.processSystem(PartwiseBuilder.java:2528)
	at org.audiveris.omr.score.PartwiseBuilder.processLogicalPart(PartwiseBuilder.java:1433)
	at org.audiveris.omr.score.PartwiseBuilder.processStub(PartwiseBuilder.java:2483)
	at org.audiveris.omr.score.PartwiseBuilder.processPartList(PartwiseBuilder.java:2017)
	at org.audiveris.omr.score.PartwiseBuilder.processScore(PartwiseBuilder.java:2195)
	at org.audiveris.omr.score.PartwiseBuilder.build(PartwiseBuilder.java:307)
	at org.audiveris.omr.score.ScoreExporter.export(ScoreExporter.java:117)
	at org.audiveris.omr.score.ScoreExporter.export(ScoreExporter.java:91)
	at org.audiveris.omr.sheet.BasicBook.export(BasicBook.java:589)
	at org.audiveris.omr.CLI$ProcessingTask.processBook(CLI.java:785)
	at org.audiveris.omr.CLI$CliTask.call(CLI.java:344)
	at org.audiveris.omr.Main.runBatchTasks(Main.java:316)
	at org.audiveris.omr.Main.main(Main.java:155)
	at Audiveris.main(Audiveris.java:49)
2017-10-06 14:43:36,135 INFO [91387008]        ScoreExporter.java:93   | Score 91387008.mvt1 exported to /Users/stephenn/Documents/workspace/nlsomr/xml_out/91386487/91387008/91387008.mvt1.mxl
2017-10-06 14:43:36,139 WARN [91387008]      PartwiseBuilder.java:1379 | Error visiting null
java.lang.NullPointerException: null
	at org.audiveris.omr.score.PartwiseBuilder.processKey(PartwiseBuilder.java:1344)
	at org.audiveris.omr.score.PartwiseBuilder.processKeys(PartwiseBuilder.java:1407)
	at org.audiveris.omr.score.PartwiseBuilder.processMeasure(PartwiseBuilder.java:1575)
	at org.audiveris.omr.score.PartwiseBuilder.processPart(PartwiseBuilder.java:1988)
	at org.audiveris.omr.score.PartwiseBuilder.processSystem(PartwiseBuilder.java:2528)
	at org.audiveris.omr.score.PartwiseBuilder.processLogicalPart(PartwiseBuilder.java:1433)
	at org.audiveris.omr.score.PartwiseBuilder.processStub(PartwiseBuilder.java:2483)
	at org.audiveris.omr.score.PartwiseBuilder.processPartList(PartwiseBuilder.java:2017)
	at org.audiveris.omr.score.PartwiseBuilder.processScore(PartwiseBuilder.java:2195)
	at org.audiveris.omr.score.PartwiseBuilder.build(PartwiseBuilder.java:307)
	at org.audiveris.omr.score.ScoreExporter.export(ScoreExporter.java:117)
	at org.audiveris.omr.score.ScoreExporter.export(ScoreExporter.java:91)
	at org.audiveris.omr.sheet.BasicBook.export(BasicBook.java:589)
	at org.audiveris.omr.CLI$ProcessingTask.processBook(CLI.java:785)
	at org.audiveris.omr.CLI$CliTask.call(CLI.java:344)
	at org.audiveris.omr.Main.runBatchTasks(Main.java:316)
	at org.audiveris.omr.Main.main(Main.java:155)
	at Audiveris.main(Audiveris.java:49)
2017-10-06 14:43:36,154 INFO [91387008]        ScoreExporter.java:93   | Score 91387008.mvt2 exported to /Users/stephenn/Documents/workspace/nlsomr/xml_out/91386487/91387008/91387008.mvt2.mxl
2017-10-06 14:43:36,327 INFO [91387008]            BasicBook.java:1395 | Stored /book.xml
2017-10-06 14:43:36,328 INFO [91387008]            BasicBook.java:1355 | Book stored as /Users/stephenn/Documents/workspace/nlsomr/xml_out/91386487/91387008/91387008.omr
