2017-10-06 15:17:04,248 INFO [91387476]            BasicBook.java:427  | 1 sheet in /Users/stephenn/Documents/workspace/nlsomr/working/91387476.jpg
2017-10-06 15:17:04,404 INFO []            BasicBook.java:1395 | Stored /book.xml
2017-10-06 15:17:04,404 INFO []            BasicBook.java:1355 | Book stored as /Users/stephenn/Documents/workspace/nlsomr/xml_out/91386487/91387476/91387476.omr
2017-10-06 15:17:04,409 INFO []            BasicBook.java:996  | Book reaching PAGE on sheets:[#1]
2017-10-06 15:17:04,411 INFO [91387476]       StepMonitoring.java:96   | LOAD
2017-10-06 15:17:04,573 INFO [91387476]            BasicBook.java:911  | Loaded image 1 2000x3056 from /Users/stephenn/Documents/workspace/nlsomr/working/91387476.jpg
2017-10-06 15:17:04,577 INFO [91387476]            ImageUtil.java:82   | Converting max RGB to gray ...
2017-10-06 15:17:04,819 INFO [91387476]            BasicBook.java:1395 | Stored /book.xml
2017-10-06 15:17:05,132 INFO [91387476]           BasicSheet.java:979  | Stored /sheet#1/sheet#1.xml
2017-10-06 15:17:05,133 INFO [91387476]       StepMonitoring.java:96   | BINARY
2017-10-06 15:17:05,807 INFO [91387476]            BasicBook.java:1395 | Stored /book.xml
2017-10-06 15:17:06,155 INFO [91387476]              Picture.java:786  | Stored /sheet#1/BINARY.xml
2017-10-06 15:17:06,157 INFO [91387476]           BasicSheet.java:979  | Stored /sheet#1/sheet#1.xml
2017-10-06 15:17:06,159 INFO [91387476]       StepMonitoring.java:96   | SCALE
2017-10-06 15:17:06,202 INFO [91387476]            ScaleStep.java:87   | Scale{line(3,4,5) interline(16,16,17) beam(13)}
2017-10-06 15:17:06,204 INFO [91387476]            BasicBook.java:1395 | Stored /book.xml
2017-10-06 15:17:06,206 INFO [91387476]           BasicSheet.java:979  | Stored /sheet#1/sheet#1.xml
2017-10-06 15:17:06,209 INFO [91387476]       StepMonitoring.java:96   | GRID
2017-10-06 15:17:07,152 INFO [91387476]       LinesRetriever.java:442  | Global slope: -0.00208
2017-10-06 15:17:07,245 INFO [91387476]    ClustersRetriever.java:819  | Pairing clusters CC812 & CC898
2017-10-06 15:17:07,250 INFO [91387476]    ClustersRetriever.java:241  | Retrieved line clusters: 12 of size: 5 with interline: (16,16,17)
2017-10-06 15:17:07,795 INFO [91387476]            PeakGraph.java:181  | Systems: #1[1, 2] #2[3, 4] #3[5, 6] #4[7, 8] #5[9, 10] #6[11, 12]
2017-10-06 15:17:08,743 INFO [91387476]        SystemManager.java:626  | Indentation detected for system#3
2017-10-06 15:17:08,744 INFO [91387476]        SystemManager.java:671  | 2 pages found in sheet
2017-10-06 15:17:08,744 INFO [91387476]        SystemManager.java:709  | Page #1: 1 part along 2 systems
2017-10-06 15:17:08,744 INFO [91387476]        SystemManager.java:709  | Page #2: 1 part along 4 systems
2017-10-06 15:17:08,749 INFO [91387476]            BasicBook.java:1395 | Stored /book.xml
2017-10-06 15:17:08,994 INFO [91387476]           BasicSheet.java:979  | Stored /sheet#1/sheet#1.xml
2017-10-06 15:17:08,998 INFO [91387476]       StepMonitoring.java:96   | HEADERS
2017-10-06 15:17:09,399 INFO [91387476]          Nd4jBackend.java:194  | Loaded [CpuBackend] backend
2017-10-06 15:17:09,460 INFO [91387476]      NativeOpsHolder.java:49   | Number of threads used for NativeOps: 2
2017-10-06 15:17:09,908 INFO [91387476] DefaultOpExecutioner.java:544  | Backend used: [CPU]; OS: [Mac OS X]
2017-10-06 15:17:09,908 INFO [91387476] DefaultOpExecutioner.java:545  | Cores: [4]; Memory: [3.6GB];
2017-10-06 15:17:09,909 INFO [91387476] DefaultOpExecutioner.java:546  | Blas vendor: [OPENBLAS]
2017-10-06 15:17:09,952 INFO [91387476]   AbstractClassifier.java:332  | Classifier data loaded from default uri jar:file:/Users/stephenn/Documents/workspace/audiveris/build/distributions/Audiveris/lib/audiveris.jar!/res/basic-classifier.zip
2017-10-06 15:17:12,806 WARN [91387476]          ClefBuilder.java:560  | Staff#6 no header clef.
2017-10-06 15:17:13,343 WARN [91387476]          ClefBuilder.java:560  | Staff#10 no header clef.
2017-10-06 15:17:13,538 INFO [91387476]            BasicBook.java:1395 | Stored /book.xml
2017-10-06 15:17:13,908 INFO [91387476]           BasicSheet.java:979  | Stored /sheet#1/sheet#1.xml
2017-10-06 15:17:13,912 INFO [91387476]       StepMonitoring.java:96   | STEM_SEEDS
2017-10-06 15:17:13,957 INFO []   AbstractClassifier.java:332  | Classifier data loaded from default uri jar:file:/Users/stephenn/Documents/workspace/audiveris/build/distributions/Audiveris/lib/audiveris.jar!/res/deep-classifier.zip
2017-10-06 15:17:14,030 INFO [91387476]        StemSeedsStep.java:91   | stem(4 max:5)
2017-10-06 15:17:14,164 INFO [91387476]            BasicBook.java:1395 | Stored /book.xml
2017-10-06 15:17:14,726 INFO [91387476]           BasicSheet.java:979  | Stored /sheet#1/sheet#1.xml
2017-10-06 15:17:14,732 INFO [91387476]       StepMonitoring.java:96   | BEAMS
2017-10-06 15:17:19,647 INFO [91387476]            BeamsStep.java:89   | BeamDistance{count:30 mean:15.69 stdDev:2.02}
2017-10-06 15:17:19,650 INFO [91387476]            BasicBook.java:1395 | Stored /book.xml
2017-10-06 15:17:19,743 INFO [91387476]              Picture.java:786  | Stored /sheet#1/HEAD_SPOTS.xml
2017-10-06 15:17:20,265 INFO [91387476]           BasicSheet.java:979  | Stored /sheet#1/sheet#1.xml
2017-10-06 15:17:20,268 INFO [91387476]       StepMonitoring.java:96   | LEDGERS
2017-10-06 15:17:20,970 INFO [91387476]            BasicBook.java:1395 | Stored /book.xml
2017-10-06 15:17:21,618 INFO [91387476]           BasicSheet.java:979  | Stored /sheet#1/sheet#1.xml
2017-10-06 15:17:21,621 INFO [91387476]       StepMonitoring.java:96   | HEADS
2017-10-06 15:17:24,763 INFO [91387476]            BasicBook.java:1395 | Stored /book.xml
2017-10-06 15:17:26,168 INFO [91387476]           BasicSheet.java:979  | Stored /sheet#1/sheet#1.xml
2017-10-06 15:17:26,171 INFO [91387476]       StepMonitoring.java:96   | STEMS
2017-10-06 15:17:28,741 INFO [91387476]            BasicBook.java:1395 | Stored /book.xml
2017-10-06 15:17:30,196 INFO [91387476]           BasicSheet.java:979  | Stored /sheet#1/sheet#1.xml
2017-10-06 15:17:30,199 INFO [91387476]       StepMonitoring.java:96   | REDUCTION
2017-10-06 15:17:30,855 INFO [91387476]            BasicBook.java:1395 | Stored /book.xml
2017-10-06 15:17:31,905 INFO [91387476]           BasicSheet.java:979  | Stored /sheet#1/sheet#1.xml
2017-10-06 15:17:31,908 INFO [91387476]       StepMonitoring.java:96   | CUE_BEAMS
2017-10-06 15:17:31,912 INFO [91387476]            BasicBook.java:1395 | Stored /book.xml
2017-10-06 15:17:32,904 INFO [91387476]           BasicSheet.java:979  | Stored /sheet#1/sheet#1.xml
2017-10-06 15:17:32,906 INFO [91387476]       StepMonitoring.java:96   | TEXTS
2017-10-06 15:17:34,065 INFO [91387476]            BasicBook.java:1395 | Stored /book.xml
2017-10-06 15:17:35,119 INFO [91387476]           BasicSheet.java:979  | Stored /sheet#1/sheet#1.xml
2017-10-06 15:17:35,122 INFO [91387476]       StepMonitoring.java:96   | MEASURES
2017-10-06 15:17:35,131 INFO [91387476]      MeasuresBuilder.java:316  | S6 partial barline column: s12:G(x:1380,y:2630)[#265]
2017-10-06 15:17:35,132 INFO [91387476]      MeasuresBuilder.java:328  | S6 deleting   half column: s12:G(x:1380,y:2630)[#265]
2017-10-06 15:17:35,133 INFO [91387476]                 Page.java:210  | 9 raw measures: [5 in system#1, 4 in system#2]
2017-10-06 15:17:35,133 INFO [91387476]                 Page.java:210  | 18 raw measures: [5 in system#3, 4 in system#4, 5 in system#5, 4 in system#6]
2017-10-06 15:17:35,135 INFO [91387476]            BasicBook.java:1395 | Stored /book.xml
2017-10-06 15:17:36,359 INFO [91387476]           BasicSheet.java:979  | Stored /sheet#1/sheet#1.xml
2017-10-06 15:17:36,362 INFO [91387476]       StepMonitoring.java:96   | CHORDS
2017-10-06 15:17:36,379 INFO [91387476]            BasicBook.java:1395 | Stored /book.xml
2017-10-06 15:17:37,853 INFO [91387476]           BasicSheet.java:979  | Stored /sheet#1/sheet#1.xml
2017-10-06 15:17:37,856 INFO [91387476]       StepMonitoring.java:96   | CURVES
2017-10-06 15:17:39,460 INFO [91387476]         SlursBuilder.java:157  | Slurs: 31
2017-10-06 15:17:39,476 INFO [91387476]      SegmentsBuilder.java:113  | Segments: 13
2017-10-06 15:17:39,485 INFO [91387476]            BasicBook.java:1395 | Stored /book.xml
2017-10-06 15:17:41,185 INFO [91387476]           BasicSheet.java:979  | Stored /sheet#1/sheet#1.xml
2017-10-06 15:17:41,187 INFO [91387476]       StepMonitoring.java:96   | SYMBOLS
2017-10-06 15:17:42,000 INFO [91387476]       SymbolsBuilder.java:340  | Symbol parts shrunk from 8 to 7
2017-10-06 15:17:42,724 INFO [91387476]       SymbolsBuilder.java:340  | Symbol parts shrunk from 8 to 7
2017-10-06 15:17:44,595 INFO [91387476]            BasicBook.java:1395 | Stored /book.xml
2017-10-06 15:17:46,539 INFO [91387476]           BasicSheet.java:979  | Stored /sheet#1/sheet#1.xml
2017-10-06 15:17:46,542 INFO [91387476]       StepMonitoring.java:96   | LINKS
2017-10-06 15:17:46,608 INFO [91387476]            BasicBook.java:1395 | Stored /book.xml
2017-10-06 15:17:48,574 INFO [91387476]           BasicSheet.java:979  | Stored /sheet#1/sheet#1.xml
2017-10-06 15:17:48,577 INFO [91387476]       StepMonitoring.java:96   | RHYTHMS
2017-10-06 15:17:48,591 INFO [91387476]         SlotsBuilder.java:399  | Stack#3 suspicious Slot{#2 xOffset=119 timeOffset=1/8 incomings=[#7634#7657]}
2017-10-06 15:17:48,602 INFO [91387476]         SlotsBuilder.java:399  | Stack#7 suspicious Slot{#2 xOffset=154 timeOffset=1/8 incomings=[#7678#7699]}
2017-10-06 15:17:48,608 INFO [91387476]           PageRhythm.java:314  | Range{1-9} Durations avgGuess:1/2 topGuess:1/2 avgValue:0.50 stacks:9 voices:24 Histogram{1/8-9/16 size:6 [1/8=2 3/16=1 1/4=5 5/16=1 1/2=14 9/16=1]}
2017-10-06 15:17:48,609 INFO [91387476]           PageRhythm.java:221  | S1 Range{1-9 dur:1/2} should update to 1/2-based time sig?
2017-10-06 15:17:48,613 INFO [91387476]         SlotsBuilder.java:427  | S1 MeasureStack#3 Slot{#5 xOffset=214 timeOffset=1/4 incomings=[#7636#7658] SUSPICIOUS}
2017-10-06 15:17:48,616 INFO [91387476]         SlotsBuilder.java:427  | S1 MeasureStack#3 Slot{#7 xOffset=279 timeOffset=3/8 incomings=[#7640#7659] SUSPICIOUS}
2017-10-06 15:17:48,621 INFO [91387476]                Voice.java:257  | S1 MeasureStack#5 Voice #3 too long 1/16
2017-10-06 15:17:48,621 INFO [91387476]           StackTuner.java:92   | S1 MeasureStack#5 no correct rhythm
2017-10-06 15:17:48,629 INFO [91387476]         SlotsBuilder.java:427  | S2 MeasureStack#7 Slot{#5 xOffset=274 timeOffset=1/4 incomings=[#7700] SUSPICIOUS}
2017-10-06 15:17:48,630 INFO [91387476]         SlotsBuilder.java:427  | S2 MeasureStack#7 Slot{#6 xOffset=273 timeOffset=5/16 incomings=[#7681] SUSPICIOUS}
2017-10-06 15:17:48,630 INFO [91387476]         SlotsBuilder.java:427  | S2 MeasureStack#7 Slot{#8 xOffset=363 timeOffset=3/8 incomings=[#7701] SUSPICIOUS}
2017-10-06 15:17:48,631 INFO [91387476]         SlotsBuilder.java:427  | S2 MeasureStack#7 Slot{#9 xOffset=363 timeOffset=7/16 incomings=[#7683] SUSPICIOUS}
2017-10-06 15:17:48,633 INFO [91387476]                Voice.java:257  | S2 MeasureStack#7 Voice #2 too long 1/16
2017-10-06 15:17:48,633 INFO [91387476]                Voice.java:257  | S2 MeasureStack#7 Voice #3 too long 1/16
2017-10-06 15:17:48,633 INFO [91387476]           StackTuner.java:92   | S2 MeasureStack#7 no correct rhythm
2017-10-06 15:17:48,654 INFO [91387476]         SlotsBuilder.java:399  | Stack#5 suspicious Slot{#4 xOffset=127 timeOffset=1/4 incomings=[#7739]}
2017-10-06 15:17:48,660 WARN [91387476]           StackTuner.java:95   | Error java.lang.IllegalArgumentException: no such vertex in graph: HeadChordInter{#7778 DELETED(0.863/0.863) s:7 dur:1/16} checkConfig 
java.lang.IllegalArgumentException: no such vertex in graph: HeadChordInter{#7778 DELETED(0.863/0.863) s:7 dur:1/16}
	at org.jgrapht.graph.AbstractGraph.assertVertexExist(AbstractGraph.java:132)
	at org.jgrapht.graph.AbstractBaseGraph.addEdge(AbstractBaseGraph.java:209)
	at org.audiveris.omr.sheet.rhythm.SlotsBuilder.setRel(SlotsBuilder.java:1162)
	at org.audiveris.omr.sheet.rhythm.SlotsBuilder.inspectBeams(SlotsBuilder.java:866)
	at org.audiveris.omr.sheet.rhythm.SlotsBuilder.buildRelationships(SlotsBuilder.java:346)
	at org.audiveris.omr.sheet.rhythm.SlotsBuilder.process(SlotsBuilder.java:234)
	at org.audiveris.omr.sheet.rhythm.StackTuner.checkSlots(StackTuner.java:146)
	at org.audiveris.omr.sheet.rhythm.StackTuner.check(StackTuner.java:110)
	at org.audiveris.omr.sheet.rhythm.StackTuner.process(StackTuner.java:91)
	at org.audiveris.omr.sheet.rhythm.PageRhythm.retrieveRangeDurations(PageRhythm.java:346)
	at org.audiveris.omr.sheet.rhythm.PageRhythm.process(PageRhythm.java:125)
	at org.audiveris.omr.sheet.rhythm.RhythmsStep.doit(RhythmsStep.java:61)
	at org.audiveris.omr.step.Step.doit(Step.java:168)
	at org.audiveris.omr.sheet.BasicStub$3.call(BasicStub.java:814)
	at org.audiveris.omr.sheet.BasicStub$3.call(BasicStub.java:802)
	at java.util.concurrent.FutureTask.run(FutureTask.java:266)
	at java.util.concurrent.ThreadPoolExecutor.runWorker(ThreadPoolExecutor.java:1149)
	at java.util.concurrent.ThreadPoolExecutor$Worker.run(ThreadPoolExecutor.java:624)
	at java.lang.Thread.run(Thread.java:748)
2017-10-06 15:17:48,684 INFO [91387476]           PageRhythm.java:314  | Range{1-18 ts:6/8} Durations avgGuess:3/4 topGuess:3/4 avgValue:0.72 stacks:18 voices:36 Histogram{1/8-7/8 size:11 [1/8=2 5/32=2 3/16=1 1/4=4 5/16=1 9/16=1 5/8=5 11/16=3 3/4=15 13/16=1 7/8=1]}
2017-10-06 15:17:48,687 INFO [91387476]         SlotsBuilder.java:427  | S3 MeasureStack#2 Slot{#8 xOffset=233 timeOffset=9/16 incomings=[#7749] SUSPICIOUS}
2017-10-06 15:17:48,688 INFO [91387476]         SlotsBuilder.java:427  | S3 MeasureStack#2 Slot{#10 xOffset=279 timeOffset=11/16 incomings=[#7750] SUSPICIOUS}
2017-10-06 15:17:48,688 INFO [91387476]                Voice.java:257  | S3 MeasureStack#2 Voice #2 too long 1/16
2017-10-06 15:17:48,689 INFO [91387476]           StackTuner.java:92   | S3 MeasureStack#2 no correct rhythm
2017-10-06 15:17:48,693 INFO [91387476]         SlotsBuilder.java:427  | S3 MeasureStack#4 Slot{#12 xOffset=294 timeOffset=11/16 incomings=[#7734] SUSPICIOUS}
2017-10-06 15:17:48,694 INFO [91387476]                Voice.java:257  | S3 MeasureStack#4 Voice #1 too long 1/16
2017-10-06 15:17:48,695 INFO [91387476]           StackTuner.java:92   | S3 MeasureStack#4 no correct rhythm
2017-10-06 15:17:48,696 INFO [91387476]         SlotsBuilder.java:427  | S3 MeasureStack#5 Slot{#6 xOffset=152 timeOffset=5/16 incomings=[#7740] SUSPICIOUS}
2017-10-06 15:17:48,697 INFO [91387476]                Voice.java:257  | S3 MeasureStack#5 Voice #1 too long 1/16
2017-10-06 15:17:48,698 INFO [91387476]                Voice.java:257  | S3 MeasureStack#5 Voice #2 too long 1/16
2017-10-06 15:17:48,698 INFO [91387476]           StackTuner.java:92   | S3 MeasureStack#5 no correct rhythm
2017-10-06 15:17:48,701 WARN [91387476]           StackTuner.java:95   | Error java.lang.IllegalArgumentException: no such vertex in graph: HeadChordInter{#7778 DELETED(0.863/0.863) s:7 dur:1/16} checkConfig 
java.lang.IllegalArgumentException: no such vertex in graph: HeadChordInter{#7778 DELETED(0.863/0.863) s:7 dur:1/16}
	at org.jgrapht.graph.AbstractGraph.assertVertexExist(AbstractGraph.java:132)
	at org.jgrapht.graph.AbstractBaseGraph.addEdge(AbstractBaseGraph.java:209)
	at org.audiveris.omr.sheet.rhythm.SlotsBuilder.setRel(SlotsBuilder.java:1162)
	at org.audiveris.omr.sheet.rhythm.SlotsBuilder.inspectBeams(SlotsBuilder.java:866)
	at org.audiveris.omr.sheet.rhythm.SlotsBuilder.buildRelationships(SlotsBuilder.java:346)
	at org.audiveris.omr.sheet.rhythm.SlotsBuilder.process(SlotsBuilder.java:234)
	at org.audiveris.omr.sheet.rhythm.StackTuner.checkSlots(StackTuner.java:146)
	at org.audiveris.omr.sheet.rhythm.StackTuner.check(StackTuner.java:110)
	at org.audiveris.omr.sheet.rhythm.StackTuner.process(StackTuner.java:91)
	at org.audiveris.omr.sheet.rhythm.PageRhythm.processRanges(PageRhythm.java:231)
	at org.audiveris.omr.sheet.rhythm.PageRhythm.process(PageRhythm.java:128)
	at org.audiveris.omr.sheet.rhythm.RhythmsStep.doit(RhythmsStep.java:61)
	at org.audiveris.omr.step.Step.doit(Step.java:168)
	at org.audiveris.omr.sheet.BasicStub$3.call(BasicStub.java:814)
	at org.audiveris.omr.sheet.BasicStub$3.call(BasicStub.java:802)
	at java.util.concurrent.FutureTask.run(FutureTask.java:266)
	at java.util.concurrent.ThreadPoolExecutor.runWorker(ThreadPoolExecutor.java:1149)
	at java.util.concurrent.ThreadPoolExecutor$Worker.run(ThreadPoolExecutor.java:624)
	at java.lang.Thread.run(Thread.java:748)
2017-10-06 15:17:48,703 INFO [91387476]         SlotsBuilder.java:427  | S4 MeasureStack#8 Slot{#4 xOffset=109 timeOffset=5/32 incomings=[#7788] SUSPICIOUS}
2017-10-06 15:17:48,704 INFO [91387476]         SlotsBuilder.java:427  | S4 MeasureStack#8 Slot{#7 xOffset=185 timeOffset=9/32 incomings=[#7790] SUSPICIOUS}
2017-10-06 15:17:48,705 INFO [91387476]         SlotsBuilder.java:427  | S4 MeasureStack#8 Slot{#10 xOffset=256 timeOffset=13/32 incomings=[#7792] SUSPICIOUS}
2017-10-06 15:17:48,706 INFO [91387476]                Voice.java:257  | S4 MeasureStack#8 Voice #1 too long 1/8
2017-10-06 15:17:48,707 INFO [91387476]                Voice.java:257  | S4 MeasureStack#8 Voice #2 too long 1/16
2017-10-06 15:17:48,707 INFO [91387476]           StackTuner.java:92   | S4 MeasureStack#8 no correct rhythm
2017-10-06 15:17:48,712 INFO [91387476]         SlotsBuilder.java:427  | S5 MeasureStack#12 Slot{#9 xOffset=278 timeOffset=11/16 incomings=[#7872] SUSPICIOUS}
2017-10-06 15:17:48,712 INFO [91387476]                Voice.java:257  | S5 MeasureStack#12 Voice #2 too long 1/16
2017-10-06 15:17:48,713 INFO [91387476]           StackTuner.java:92   | S5 MeasureStack#12 no correct rhythm
2017-10-06 15:17:48,716 INFO [91387476]         SlotsBuilder.java:427  | S5 MeasureStack#13 Slot{#9 xOffset=286 timeOffset=11/16 incomings=[#7851] SUSPICIOUS}
2017-10-06 15:17:48,717 INFO [91387476]                Voice.java:257  | S5 MeasureStack#13 Voice #1 too long 1/8
2017-10-06 15:17:48,718 INFO [91387476]                Voice.java:257  | S5 MeasureStack#13 Voice #2 too long 1/8
2017-10-06 15:17:48,718 INFO [91387476]           StackTuner.java:92   | S5 MeasureStack#13 no correct rhythm
2017-10-06 15:17:48,721 INFO [91387476]                Voice.java:257  | S5 MeasureStack#14 Voice #1 too long 1/16
2017-10-06 15:17:48,722 INFO [91387476]           StackTuner.java:92   | S5 MeasureStack#14 no correct rhythm
2017-10-06 15:17:48,732 INFO [91387476]         SlotsBuilder.java:427  | S6 MeasureStack#17 Slot{#4 xOffset=96 timeOffset=5/32 incomings=[#7908] SUSPICIOUS}
2017-10-06 15:17:48,732 INFO [91387476]         SlotsBuilder.java:427  | S6 MeasureStack#17 Slot{#7 xOffset=159 timeOffset=9/32 incomings=[#7910] SUSPICIOUS}
2017-10-06 15:17:48,733 INFO [91387476]         SlotsBuilder.java:427  | S6 MeasureStack#17 Slot{#10 xOffset=221 timeOffset=13/32 incomings=[#7912] SUSPICIOUS}
2017-10-06 15:17:48,733 INFO [91387476]         SlotsBuilder.java:434  | Stack#17 endless loop detected
2017-10-06 15:17:48,739 INFO [91387476]            BasicBook.java:1395 | Stored /book.xml
2017-10-06 15:17:50,781 INFO [91387476]           BasicSheet.java:979  | Stored /sheet#1/sheet#1.xml
2017-10-06 15:17:50,787 INFO [91387476]       StepMonitoring.java:96   | PAGE
2017-10-06 15:17:50,791 INFO [91387476]                Voice.java:257  | S1 MeasureStack#5 Voice #3 too long 1/16
2017-10-06 15:17:50,792 INFO [91387476]                Voice.java:257  | S2 MeasureStack#7 Voice #2 too long 1/16
2017-10-06 15:17:50,792 INFO [91387476]                Voice.java:257  | S2 MeasureStack#7 Voice #3 too long 1/16
2017-10-06 15:17:50,793 INFO [91387476]                Voice.java:257  | S3 MeasureStack#2 Voice #2 too long 1/16
2017-10-06 15:17:50,793 INFO [91387476]                Voice.java:257  | S3 MeasureStack#4 Voice #1 too long 1/16
2017-10-06 15:17:50,793 INFO [91387476]                Voice.java:257  | S3 MeasureStack#5 Voice #1 too long 1/16
2017-10-06 15:17:50,794 INFO [91387476]                Voice.java:257  | S3 MeasureStack#5 Voice #2 too long 1/16
2017-10-06 15:17:50,794 INFO [91387476]                Voice.java:257  | S4 MeasureStack#8 Voice #1 too long 1/8
2017-10-06 15:17:50,794 INFO [91387476]                Voice.java:257  | S4 MeasureStack#8 Voice #2 too long 1/16
2017-10-06 15:17:50,795 INFO [91387476]                Voice.java:257  | S5 MeasureStack#12 Voice #2 too long 1/16
2017-10-06 15:17:50,795 INFO [91387476]                Voice.java:257  | S5 MeasureStack#13 Voice #1 too long 1/8
2017-10-06 15:17:50,795 INFO [91387476]                Voice.java:257  | S5 MeasureStack#13 Voice #2 too long 1/8
2017-10-06 15:17:50,795 INFO [91387476]                Voice.java:257  | S5 MeasureStack#14 Voice #1 too long 1/16
2017-10-06 15:17:50,798 INFO [91387476]            BasicBook.java:1395 | Stored /book.xml
2017-10-06 15:17:52,783 INFO [91387476]           BasicSheet.java:979  | Stored /sheet#1/sheet#1.xml
2017-10-06 15:17:52,785 INFO [91387476]            BasicStub.java:723  | Sheet{91387476} disposed
2017-10-06 15:17:53,874 INFO [91387476]            BasicStub.java:449  | Loaded /sheet#1/sheet#1.xml
2017-10-06 15:17:53,876 INFO [91387476]            BasicBook.java:1133 | Scores built: 2
2017-10-06 15:17:54,995 INFO [91387476]        ScoreExporter.java:93   | Score 91387476.mvt1 exported to /Users/stephenn/Documents/workspace/nlsomr/xml_out/91386487/91387476/91387476.mvt1.mxl
2017-10-06 15:17:54,997 WARN [91387476]      PartwiseBuilder.java:1379 | Error visiting null
java.lang.NullPointerException: null
	at org.audiveris.omr.score.PartwiseBuilder.processKey(PartwiseBuilder.java:1344)
	at org.audiveris.omr.score.PartwiseBuilder.processKeys(PartwiseBuilder.java:1407)
	at org.audiveris.omr.score.PartwiseBuilder.processMeasure(PartwiseBuilder.java:1575)
	at org.audiveris.omr.score.PartwiseBuilder.processPart(PartwiseBuilder.java:1988)
	at org.audiveris.omr.score.PartwiseBuilder.processSystem(PartwiseBuilder.java:2528)
	at org.audiveris.omr.score.PartwiseBuilder.processLogicalPart(PartwiseBuilder.java:1433)
	at org.audiveris.omr.score.PartwiseBuilder.processStub(PartwiseBuilder.java:2483)
	at org.audiveris.omr.score.PartwiseBuilder.processPartList(PartwiseBuilder.java:2017)
	at org.audiveris.omr.score.PartwiseBuilder.processScore(PartwiseBuilder.java:2195)
	at org.audiveris.omr.score.PartwiseBuilder.build(PartwiseBuilder.java:307)
	at org.audiveris.omr.score.ScoreExporter.export(ScoreExporter.java:117)
	at org.audiveris.omr.score.ScoreExporter.export(ScoreExporter.java:91)
	at org.audiveris.omr.sheet.BasicBook.export(BasicBook.java:589)
	at org.audiveris.omr.CLI$ProcessingTask.processBook(CLI.java:785)
	at org.audiveris.omr.CLI$CliTask.call(CLI.java:344)
	at org.audiveris.omr.Main.runBatchTasks(Main.java:316)
	at org.audiveris.omr.Main.main(Main.java:155)
	at Audiveris.main(Audiveris.java:49)
2017-10-06 15:17:55,011 WARN [91387476]      PartwiseBuilder.java:1379 | Error visiting null
java.lang.NullPointerException: null
	at org.audiveris.omr.score.PartwiseBuilder.processKey(PartwiseBuilder.java:1344)
	at org.audiveris.omr.score.PartwiseBuilder.processKeys(PartwiseBuilder.java:1407)
	at org.audiveris.omr.score.PartwiseBuilder.processMeasure(PartwiseBuilder.java:1575)
	at org.audiveris.omr.score.PartwiseBuilder.processPart(PartwiseBuilder.java:1988)
	at org.audiveris.omr.score.PartwiseBuilder.processSystem(PartwiseBuilder.java:2528)
	at org.audiveris.omr.score.PartwiseBuilder.processLogicalPart(PartwiseBuilder.java:1433)
	at org.audiveris.omr.score.PartwiseBuilder.processStub(PartwiseBuilder.java:2483)
	at org.audiveris.omr.score.PartwiseBuilder.processPartList(PartwiseBuilder.java:2017)
	at org.audiveris.omr.score.PartwiseBuilder.processScore(PartwiseBuilder.java:2195)
	at org.audiveris.omr.score.PartwiseBuilder.build(PartwiseBuilder.java:307)
	at org.audiveris.omr.score.ScoreExporter.export(ScoreExporter.java:117)
	at org.audiveris.omr.score.ScoreExporter.export(ScoreExporter.java:91)
	at org.audiveris.omr.sheet.BasicBook.export(BasicBook.java:589)
	at org.audiveris.omr.CLI$ProcessingTask.processBook(CLI.java:785)
	at org.audiveris.omr.CLI$CliTask.call(CLI.java:344)
	at org.audiveris.omr.Main.runBatchTasks(Main.java:316)
	at org.audiveris.omr.Main.main(Main.java:155)
	at Audiveris.main(Audiveris.java:49)
2017-10-06 15:17:55,064 INFO [91387476]        ScoreExporter.java:93   | Score 91387476.mvt2 exported to /Users/stephenn/Documents/workspace/nlsomr/xml_out/91386487/91387476/91387476.mvt2.mxl
2017-10-06 15:17:55,244 INFO [91387476]            BasicBook.java:1395 | Stored /book.xml
2017-10-06 15:17:55,245 INFO [91387476]            BasicBook.java:1355 | Book stored as /Users/stephenn/Documents/workspace/nlsomr/xml_out/91386487/91387476/91387476.omr
