2017-10-06 14:17:56,443 INFO [91386660]            BasicBook.java:427  | 1 sheet in /Users/stephenn/Documents/workspace/nlsomr/working/91386660.jpg
2017-10-06 14:17:56,582 INFO []            BasicBook.java:1395 | Stored /book.xml
2017-10-06 14:17:56,583 INFO []            BasicBook.java:1355 | Book stored as /Users/stephenn/Documents/workspace/nlsomr/xml_out/91386487/91386660/91386660.omr
2017-10-06 14:17:56,588 INFO []            BasicBook.java:996  | Book reaching PAGE on sheets:[#1]
2017-10-06 14:17:56,589 INFO [91386660]       StepMonitoring.java:96   | LOAD
2017-10-06 14:17:56,727 INFO [91386660]            BasicBook.java:911  | Loaded image 1 2000x3056 from /Users/stephenn/Documents/workspace/nlsomr/working/91386660.jpg
2017-10-06 14:17:56,731 INFO [91386660]            ImageUtil.java:82   | Converting max RGB to gray ...
2017-10-06 14:17:56,951 INFO [91386660]            BasicBook.java:1395 | Stored /book.xml
2017-10-06 14:17:57,216 INFO [91386660]           BasicSheet.java:979  | Stored /sheet#1/sheet#1.xml
2017-10-06 14:17:57,218 INFO [91386660]       StepMonitoring.java:96   | BINARY
2017-10-06 14:17:57,778 INFO [91386660]            BasicBook.java:1395 | Stored /book.xml
2017-10-06 14:17:58,110 INFO [91386660]              Picture.java:786  | Stored /sheet#1/BINARY.xml
2017-10-06 14:17:58,112 INFO [91386660]           BasicSheet.java:979  | Stored /sheet#1/sheet#1.xml
2017-10-06 14:17:58,113 INFO [91386660]       StepMonitoring.java:96   | SCALE
2017-10-06 14:17:58,152 INFO [91386660]            ScaleStep.java:87   | Scale{line(2,4,5) interline(16,16,17) beam(12)}
2017-10-06 14:17:58,154 INFO [91386660]            BasicBook.java:1395 | Stored /book.xml
2017-10-06 14:17:58,157 INFO [91386660]           BasicSheet.java:979  | Stored /sheet#1/sheet#1.xml
2017-10-06 14:17:58,159 INFO [91386660]       StepMonitoring.java:96   | GRID
2017-10-06 14:17:59,188 INFO [91386660]       LinesRetriever.java:442  | Global slope: -0.00052
2017-10-06 14:17:59,279 INFO [91386660]    ClustersRetriever.java:241  | Retrieved line clusters: 12 of size: 5 with interline: (16,16,17)
2017-10-06 14:17:59,944 INFO [91386660]            PeakGraph.java:181  | Systems: #1[1, 2] #2[3, 4] #3[5, 6] #4[7, 8] #5[9, 10] #6[11, 12]
2017-10-06 14:18:00,865 INFO [91386660]        SystemManager.java:626  | Indentation detected for system#3
2017-10-06 14:18:00,866 INFO [91386660]        SystemManager.java:671  | 2 pages found in sheet
2017-10-06 14:18:00,866 INFO [91386660]        SystemManager.java:709  | Page #1: 1 part along 2 systems
2017-10-06 14:18:00,866 INFO [91386660]        SystemManager.java:709  | Page #2: 1 part along 4 systems
2017-10-06 14:18:00,869 INFO [91386660]            BasicBook.java:1395 | Stored /book.xml
2017-10-06 14:18:01,070 INFO [91386660]           BasicSheet.java:979  | Stored /sheet#1/sheet#1.xml
2017-10-06 14:18:01,073 INFO [91386660]       StepMonitoring.java:96   | HEADERS
2017-10-06 14:18:01,462 INFO []          Nd4jBackend.java:194  | Loaded [CpuBackend] backend
2017-10-06 14:18:01,520 INFO []      NativeOpsHolder.java:49   | Number of threads used for NativeOps: 2
2017-10-06 14:18:01,927 INFO [] DefaultOpExecutioner.java:544  | Backend used: [CPU]; OS: [Mac OS X]
2017-10-06 14:18:01,927 INFO [] DefaultOpExecutioner.java:545  | Cores: [4]; Memory: [3.6GB];
2017-10-06 14:18:01,927 INFO [] DefaultOpExecutioner.java:546  | Blas vendor: [OPENBLAS]
2017-10-06 14:18:01,962 INFO []   AbstractClassifier.java:332  | Classifier data loaded from default uri jar:file:/Users/stephenn/Documents/workspace/audiveris/build/distributions/Audiveris/lib/audiveris.jar!/res/basic-classifier.zip
2017-10-06 14:18:03,207 WARN [91386660]          ClefBuilder.java:560  | Staff#2 no header clef.
2017-10-06 14:18:03,387 WARN [91386660]          ClefBuilder.java:560  | Staff#4 no header clef.
2017-10-06 14:18:03,542 WARN [91386660]          ClefBuilder.java:560  | Staff#6 no header clef.
2017-10-06 14:18:04,069 WARN [91386660]          ClefBuilder.java:560  | Staff#10 no header clef.
2017-10-06 14:18:04,241 WARN [91386660]          ClefBuilder.java:560  | Staff#12 no header clef.
2017-10-06 14:18:04,290 INFO [91386660]            BasicBook.java:1395 | Stored /book.xml
2017-10-06 14:18:04,601 INFO [91386660]           BasicSheet.java:979  | Stored /sheet#1/sheet#1.xml
2017-10-06 14:18:04,603 INFO [91386660]       StepMonitoring.java:96   | STEM_SEEDS
2017-10-06 14:18:04,709 INFO [91386660]        StemSeedsStep.java:91   | stem(3 max:4)
2017-10-06 14:18:04,824 INFO [91386660]            BasicBook.java:1395 | Stored /book.xml
2017-10-06 14:18:05,034 INFO []   AbstractClassifier.java:332  | Classifier data loaded from default uri jar:file:/Users/stephenn/Documents/workspace/audiveris/build/distributions/Audiveris/lib/audiveris.jar!/res/deep-classifier.zip
2017-10-06 14:18:05,175 INFO [91386660]           BasicSheet.java:979  | Stored /sheet#1/sheet#1.xml
2017-10-06 14:18:05,177 INFO [91386660]       StepMonitoring.java:96   | BEAMS
2017-10-06 14:18:09,429 INFO [91386660]            BeamsStep.java:89   | BeamDistance{count:51 mean:11.51 stdDev:5.76}
2017-10-06 14:18:09,432 INFO [91386660]            BasicBook.java:1395 | Stored /book.xml
2017-10-06 14:18:09,509 INFO [91386660]              Picture.java:786  | Stored /sheet#1/HEAD_SPOTS.xml
2017-10-06 14:18:09,947 INFO [91386660]           BasicSheet.java:979  | Stored /sheet#1/sheet#1.xml
2017-10-06 14:18:09,950 INFO [91386660]       StepMonitoring.java:96   | LEDGERS
2017-10-06 14:18:10,789 INFO [91386660]            BasicBook.java:1395 | Stored /book.xml
2017-10-06 14:18:11,321 INFO [91386660]           BasicSheet.java:979  | Stored /sheet#1/sheet#1.xml
2017-10-06 14:18:11,323 INFO [91386660]       StepMonitoring.java:96   | HEADS
2017-10-06 14:18:13,888 INFO [91386660]            BasicBook.java:1395 | Stored /book.xml
2017-10-06 14:18:14,979 INFO [91386660]           BasicSheet.java:979  | Stored /sheet#1/sheet#1.xml
2017-10-06 14:18:14,981 INFO [91386660]       StepMonitoring.java:96   | STEMS
2017-10-06 14:18:17,388 INFO [91386660]            BasicBook.java:1395 | Stored /book.xml
2017-10-06 14:18:18,870 INFO [91386660]           BasicSheet.java:979  | Stored /sheet#1/sheet#1.xml
2017-10-06 14:18:18,872 INFO [91386660]       StepMonitoring.java:96   | REDUCTION
2017-10-06 14:18:19,476 INFO [91386660]            BasicBook.java:1395 | Stored /book.xml
2017-10-06 14:18:20,405 INFO [91386660]           BasicSheet.java:979  | Stored /sheet#1/sheet#1.xml
2017-10-06 14:18:20,408 INFO [91386660]       StepMonitoring.java:96   | CUE_BEAMS
2017-10-06 14:18:20,411 INFO [91386660]            BasicBook.java:1395 | Stored /book.xml
2017-10-06 14:18:21,310 INFO [91386660]           BasicSheet.java:979  | Stored /sheet#1/sheet#1.xml
2017-10-06 14:18:21,313 INFO [91386660]       StepMonitoring.java:96   | TEXTS
2017-10-06 14:18:22,963 INFO [91386660]            BasicBook.java:1395 | Stored /book.xml
2017-10-06 14:18:23,884 INFO [91386660]           BasicSheet.java:979  | Stored /sheet#1/sheet#1.xml
2017-10-06 14:18:23,886 INFO [91386660]       StepMonitoring.java:96   | MEASURES
2017-10-06 14:18:23,892 INFO [91386660]                 Page.java:210  | 9 raw measures: [5 in system#1, 4 in system#2]
2017-10-06 14:18:23,892 INFO [91386660]                 Page.java:210  | 18 raw measures: [5 in system#3, 4 in system#4, 5 in system#5, 4 in system#6]
2017-10-06 14:18:23,894 INFO [91386660]            BasicBook.java:1395 | Stored /book.xml
2017-10-06 14:18:24,835 INFO [91386660]           BasicSheet.java:979  | Stored /sheet#1/sheet#1.xml
2017-10-06 14:18:24,837 INFO [91386660]       StepMonitoring.java:96   | CHORDS
2017-10-06 14:18:24,854 INFO [91386660]            BasicBook.java:1395 | Stored /book.xml
2017-10-06 14:18:25,935 INFO [91386660]           BasicSheet.java:979  | Stored /sheet#1/sheet#1.xml
2017-10-06 14:18:25,937 INFO [91386660]       StepMonitoring.java:96   | CURVES
2017-10-06 14:18:27,578 INFO [91386660]         SlursBuilder.java:762  | LEFT collision SlurInter{#7708(0.587)} & SlurInter{#7721(0.507)} @ HeadInter{#3716(0.663/0.847) e#7417 s:5 p:2.00 NOTEHEAD_BLACK}
2017-10-06 14:18:27,579 INFO [91386660]         SlursBuilder.java:762  | LEFT collision SlurInter{#7721(0.507)} & SlurInter{#7708(0.587)} @ HeadInter{#3716(0.663/0.847) e#7417 s:5 p:2.00 NOTEHEAD_BLACK}
2017-10-06 14:18:27,580 INFO [91386660]         SlursBuilder.java:762  | RIGHT collision SlurInter{#7638(0.699)} & SlurInter{#7704(0.639)} @ HeadInter{#4293(0.640/0.825) e#7467 s:7 p:3.00 NOTEHEAD_BLACK}
2017-10-06 14:18:27,580 INFO [91386660]         SlursBuilder.java:762  | RIGHT collision SlurInter{#7704(0.639)} & SlurInter{#7638(0.699)} @ HeadInter{#4293(0.640/0.825) e#7467 s:7 p:3.00 NOTEHEAD_BLACK}
2017-10-06 14:18:27,581 INFO [91386660]         SlursBuilder.java:157  | Slurs: 35
2017-10-06 14:18:27,646 INFO [91386660]      SegmentsBuilder.java:113  | Segments: 38
2017-10-06 14:18:27,654 INFO [91386660]            BasicBook.java:1395 | Stored /book.xml
2017-10-06 14:18:29,120 INFO [91386660]           BasicSheet.java:979  | Stored /sheet#1/sheet#1.xml
2017-10-06 14:18:29,122 INFO [91386660]       StepMonitoring.java:96   | SYMBOLS
2017-10-06 14:18:30,194 INFO [91386660]       SymbolsBuilder.java:340  | Symbol parts shrunk from 8 to 7
2017-10-06 14:18:32,358 INFO [91386660]            BasicBook.java:1395 | Stored /book.xml
2017-10-06 14:18:34,117 INFO [91386660]           BasicSheet.java:979  | Stored /sheet#1/sheet#1.xml
2017-10-06 14:18:34,119 INFO [91386660]       StepMonitoring.java:96   | LINKS
2017-10-06 14:18:34,140 INFO [91386660]        SymbolsLinker.java:306  | No measure stack for direction SentenceInter{#7259(0.656) s:5 BS-36 Direction} J 60.
2017-10-06 14:18:34,170 INFO [91386660]        SymbolsLinker.java:323  | No chord above direction SentenceInter{#7297(0.592) s:10 BIS-37 Direction} dolente
2017-10-06 14:18:34,200 INFO [91386660]            BasicBook.java:1395 | Stored /book.xml
2017-10-06 14:18:35,994 INFO [91386660]           BasicSheet.java:979  | Stored /sheet#1/sheet#1.xml
2017-10-06 14:18:35,996 INFO [91386660]       StepMonitoring.java:96   | RHYTHMS
2017-10-06 14:18:36,018 INFO [91386660]         SlotsBuilder.java:399  | Stack#7 suspicious Slot{#2 xOffset=105 timeOffset=1/8 incomings=[#7385]}
2017-10-06 14:18:36,028 INFO [91386660]           PageRhythm.java:314  | Range{1-9} Durations avgGuess:3/4 topGuess:3/4 avgValue:0.74 stacks:9 voices:25 Histogram{1/8-9/8 size:9 [1/8=3 1/4=2 5/16=1 3/8=2 1/2=2 5/8=5 3/4=6 7/8=2 9/8=2]}
2017-10-06 14:18:36,028 INFO [91386660]           PageRhythm.java:221  | S1 Range{1-9 dur:3/4} should update to 3/4-based time sig?
2017-10-06 14:18:36,031 INFO [91386660]         SlotsBuilder.java:427  | S1 MeasureStack#2 Slot{#4 xOffset=138 timeOffset=5/16 incomings=[#7329] SUSPICIOUS}
2017-10-06 14:18:36,031 INFO [91386660]         SlotsBuilder.java:427  | S1 MeasureStack#2 Slot{#6 xOffset=191 timeOffset=7/16 incomings=[#7330] SUSPICIOUS}
2017-10-06 14:18:36,032 INFO [91386660]         SlotsBuilder.java:427  | S1 MeasureStack#2 Slot{#9 xOffset=286 timeOffset=11/16 incomings=[#7332] SUSPICIOUS}
2017-10-06 14:18:36,033 INFO [91386660]                Voice.java:257  | S1 MeasureStack#2 Voice #1 too long 1/8
2017-10-06 14:18:36,033 INFO [91386660]                Voice.java:257  | S1 MeasureStack#2 Voice #2 too long 1/16
2017-10-06 14:18:36,033 INFO [91386660]           StackTuner.java:92   | S1 MeasureStack#2 no correct rhythm
2017-10-06 14:18:36,038 INFO [91386660]                Voice.java:257  | S1 MeasureStack#4 Voice #1 too long 1/8
2017-10-06 14:18:36,039 INFO [91386660]           StackTuner.java:92   | S1 MeasureStack#4 no correct rhythm
2017-10-06 14:18:36,043 INFO [91386660]                Voice.java:257  | S2 MeasureStack#6 Voice #1 too long 1/8
2017-10-06 14:18:36,043 INFO [91386660]           StackTuner.java:92   | S2 MeasureStack#6 no correct rhythm
2017-10-06 14:18:36,045 INFO [91386660]         SlotsBuilder.java:434  | Stack#7 endless loop detected
2017-10-06 14:18:36,048 INFO [91386660]                Voice.java:257  | S2 MeasureStack#8 Voice #1 too long 3/8
2017-10-06 14:18:36,048 INFO [91386660]                Voice.java:257  | S2 MeasureStack#8 Voice #3 too long 3/8
2017-10-06 14:18:36,048 INFO [91386660]           StackTuner.java:92   | S2 MeasureStack#8 no correct rhythm
2017-10-06 14:18:36,056 INFO [91386660]         SlotsBuilder.java:434  | Stack#3 endless loop detected
2017-10-06 14:18:36,077 INFO [91386660]         SlotsBuilder.java:434  | Stack#16 endless loop detected
2017-10-06 14:18:36,081 INFO [91386660]           PageRhythm.java:314  | Range{1-18 ts:4/4} Durations avgGuess:1 topGuess:1 avgValue:0.91 stacks:18 voices:53 Histogram{1/8-23/16 size:14 [1/8=4 3/16=1 1/4=2 5/16=1 3/8=1 1/2=5 3/4=4 13/16=4 7/8=4 15/16=2 1=20 9/8=3 5/4=1 23/16=1]}
2017-10-06 14:18:36,086 INFO [91386660]         SlotsBuilder.java:434  | Stack#3 endless loop detected
2017-10-06 14:18:36,093 INFO [91386660]                Voice.java:257  | S4 MeasureStack#7 Voice #1 too long 1/8
2017-10-06 14:18:36,093 INFO [91386660]                Voice.java:257  | S4 MeasureStack#7 Voice #2 too long 1/8
2017-10-06 14:18:36,094 INFO [91386660]           StackTuner.java:92   | S4 MeasureStack#7 no correct rhythm
2017-10-06 14:18:36,097 INFO [91386660]         SlotsBuilder.java:427  | S4 MeasureStack#9 Slot{#5 xOffset=140 timeOffset=5/16 incomings=[#7484] SUSPICIOUS}
2017-10-06 14:18:36,098 INFO [91386660]         SlotsBuilder.java:427  | S4 MeasureStack#9 Slot{#7 xOffset=181 timeOffset=7/16 incomings=[#7485] SUSPICIOUS}
2017-10-06 14:18:36,100 INFO [91386660]         SlotsBuilder.java:427  | S5 MeasureStack#11 Slot{#5 xOffset=150 timeOffset=1/2 incomings=[#7553] SUSPICIOUS}
2017-10-06 14:18:36,101 INFO [91386660]                Voice.java:257  | S5 MeasureStack#11 Voice #1 too long 3/8
2017-10-06 14:18:36,102 INFO [91386660]                Voice.java:257  | S5 MeasureStack#11 Voice #2 too long 3/8
2017-10-06 14:18:36,102 INFO [91386660]                Voice.java:257  | S5 MeasureStack#11 Voice #3 too long 1/4
2017-10-06 14:18:36,102 INFO [91386660]                Voice.java:257  | S5 MeasureStack#11 Voice #4 too long 3/8
2017-10-06 14:18:36,102 INFO [91386660]                Voice.java:257  | S5 MeasureStack#11 Voice #5 too long 3/8
2017-10-06 14:18:36,103 INFO [91386660]           StackTuner.java:92   | S5 MeasureStack#11 no correct rhythm
2017-10-06 14:18:36,105 INFO [91386660]                Voice.java:257  | S5 MeasureStack#12 Voice #1 too long 7/16
2017-10-06 14:18:36,106 INFO [91386660]           StackTuner.java:92   | S5 MeasureStack#12 no correct rhythm
2017-10-06 14:18:36,108 INFO [91386660]                Voice.java:257  | S5 MeasureStack#13 Voice #1 too long 1/8
2017-10-06 14:18:36,108 INFO [91386660]                Voice.java:257  | S5 MeasureStack#13 Voice #2 too long 1/4
2017-10-06 14:18:36,108 INFO [91386660]           StackTuner.java:92   | S5 MeasureStack#13 no correct rhythm
2017-10-06 14:18:36,111 INFO [91386660]         SlotsBuilder.java:427  | S6 MeasureStack#15 Slot{#3 xOffset=234 timeOffset=3/16 incomings=[#7607] SUSPICIOUS}
2017-10-06 14:18:36,112 INFO [91386660]         SlotsBuilder.java:427  | S6 MeasureStack#15 Slot{#5 xOffset=277 timeOffset=5/16 incomings=[#7575] SUSPICIOUS}
2017-10-06 14:18:36,112 INFO [91386660]         SlotsBuilder.java:427  | S6 MeasureStack#15 Slot{#7 xOffset=317 timeOffset=7/16 incomings=[#7608] SUSPICIOUS}
2017-10-06 14:18:36,113 INFO [91386660]         SlotsBuilder.java:427  | S6 MeasureStack#15 Slot{#9 xOffset=360 timeOffset=9/16 incomings=[#7609] SUSPICIOUS}
2017-10-06 14:18:36,113 INFO [91386660]                Voice.java:257  | S6 MeasureStack#15 Voice #1 too long 1/16
2017-10-06 14:18:36,113 INFO [91386660]                Voice.java:257  | S6 MeasureStack#15 Voice #2 too long 1/16
2017-10-06 14:18:36,114 INFO [91386660]           StackTuner.java:92   | S6 MeasureStack#15 no correct rhythm
2017-10-06 14:18:36,115 INFO [91386660]         SlotsBuilder.java:434  | Stack#16 endless loop detected
2017-10-06 14:18:36,120 INFO [91386660]            BasicBook.java:1395 | Stored /book.xml
2017-10-06 14:18:37,995 INFO [91386660]           BasicSheet.java:979  | Stored /sheet#1/sheet#1.xml
2017-10-06 14:18:37,997 INFO [91386660]       StepMonitoring.java:96   | PAGE
2017-10-06 14:18:38,001 INFO [91386660]                Voice.java:257  | S1 MeasureStack#2 Voice #1 too long 1/8
2017-10-06 14:18:38,002 INFO [91386660]                Voice.java:257  | S1 MeasureStack#2 Voice #2 too long 1/16
2017-10-06 14:18:38,002 INFO [91386660]                Voice.java:257  | S1 MeasureStack#4 Voice #1 too long 1/8
2017-10-06 14:18:38,002 INFO [91386660]                Voice.java:257  | S2 MeasureStack#6 Voice #1 too long 1/8
2017-10-06 14:18:38,002 INFO [91386660]                Voice.java:257  | S2 MeasureStack#8 Voice #1 too long 3/8
2017-10-06 14:18:38,003 INFO [91386660]                Voice.java:257  | S2 MeasureStack#8 Voice #3 too long 3/8
2017-10-06 14:18:38,003 INFO [91386660]                 Part.java:267  | Could not left-connect slur#7638
2017-10-06 14:18:38,004 INFO [91386660]                Voice.java:257  | S4 MeasureStack#7 Voice #1 too long 1/8
2017-10-06 14:18:38,004 INFO [91386660]                Voice.java:257  | S4 MeasureStack#7 Voice #2 too long 1/8
2017-10-06 14:18:38,005 INFO [91386660]                Voice.java:257  | S5 MeasureStack#11 Voice #1 too long 3/8
2017-10-06 14:18:38,005 INFO [91386660]                Voice.java:257  | S5 MeasureStack#11 Voice #2 too long 3/8
2017-10-06 14:18:38,005 INFO [91386660]                Voice.java:257  | S5 MeasureStack#11 Voice #3 too long 1/4
2017-10-06 14:18:38,005 INFO [91386660]                Voice.java:257  | S5 MeasureStack#11 Voice #4 too long 3/8
2017-10-06 14:18:38,006 INFO [91386660]                Voice.java:257  | S5 MeasureStack#11 Voice #5 too long 3/8
2017-10-06 14:18:38,006 INFO [91386660]                Voice.java:257  | S5 MeasureStack#12 Voice #1 too long 7/16
2017-10-06 14:18:38,006 INFO [91386660]                Voice.java:257  | S5 MeasureStack#13 Voice #1 too long 1/8
2017-10-06 14:18:38,006 INFO [91386660]                Voice.java:257  | S5 MeasureStack#13 Voice #2 too long 1/4
2017-10-06 14:18:38,007 INFO [91386660]                Voice.java:257  | S6 MeasureStack#15 Voice #1 too long 1/16
2017-10-06 14:18:38,007 INFO [91386660]                Voice.java:257  | S6 MeasureStack#15 Voice #2 too long 1/16
2017-10-06 14:18:38,009 INFO [91386660]            BasicBook.java:1395 | Stored /book.xml
2017-10-06 14:18:39,841 INFO [91386660]           BasicSheet.java:979  | Stored /sheet#1/sheet#1.xml
2017-10-06 14:18:39,844 INFO [91386660]            BasicStub.java:723  | Sheet{91386660} disposed
2017-10-06 14:18:41,028 INFO [91386660]            BasicStub.java:449  | Loaded /sheet#1/sheet#1.xml
2017-10-06 14:18:41,030 INFO [91386660]            BasicBook.java:1133 | Scores built: 2
2017-10-06 14:18:42,265 WARN [91386660]      PartwiseBuilder.java:1379 | Error visiting null
java.lang.NullPointerException: null
	at org.audiveris.omr.score.PartwiseBuilder.processKey(PartwiseBuilder.java:1344)
	at org.audiveris.omr.score.PartwiseBuilder.processKeys(PartwiseBuilder.java:1407)
	at org.audiveris.omr.score.PartwiseBuilder.processMeasure(PartwiseBuilder.java:1575)
	at org.audiveris.omr.score.PartwiseBuilder.processPart(PartwiseBuilder.java:1988)
	at org.audiveris.omr.score.PartwiseBuilder.processSystem(PartwiseBuilder.java:2528)
	at org.audiveris.omr.score.PartwiseBuilder.processLogicalPart(PartwiseBuilder.java:1433)
	at org.audiveris.omr.score.PartwiseBuilder.processStub(PartwiseBuilder.java:2483)
	at org.audiveris.omr.score.PartwiseBuilder.processPartList(PartwiseBuilder.java:2017)
	at org.audiveris.omr.score.PartwiseBuilder.processScore(PartwiseBuilder.java:2195)
	at org.audiveris.omr.score.PartwiseBuilder.build(PartwiseBuilder.java:307)
	at org.audiveris.omr.score.ScoreExporter.export(ScoreExporter.java:117)
	at org.audiveris.omr.score.ScoreExporter.export(ScoreExporter.java:91)
	at org.audiveris.omr.sheet.BasicBook.export(BasicBook.java:589)
	at org.audiveris.omr.CLI$ProcessingTask.processBook(CLI.java:785)
	at org.audiveris.omr.CLI$CliTask.call(CLI.java:344)
	at org.audiveris.omr.Main.runBatchTasks(Main.java:316)
	at org.audiveris.omr.Main.main(Main.java:155)
	at Audiveris.main(Audiveris.java:49)
2017-10-06 14:18:42,277 WARN [91386660]      PartwiseBuilder.java:1379 | Error visiting null
java.lang.NullPointerException: null
	at org.audiveris.omr.score.PartwiseBuilder.processKey(PartwiseBuilder.java:1344)
	at org.audiveris.omr.score.PartwiseBuilder.processKeys(PartwiseBuilder.java:1407)
	at org.audiveris.omr.score.PartwiseBuilder.processMeasure(PartwiseBuilder.java:1575)
	at org.audiveris.omr.score.PartwiseBuilder.processPart(PartwiseBuilder.java:1988)
	at org.audiveris.omr.score.PartwiseBuilder.processSystem(PartwiseBuilder.java:2528)
	at org.audiveris.omr.score.PartwiseBuilder.processLogicalPart(PartwiseBuilder.java:1433)
	at org.audiveris.omr.score.PartwiseBuilder.processStub(PartwiseBuilder.java:2483)
	at org.audiveris.omr.score.PartwiseBuilder.processPartList(PartwiseBuilder.java:2017)
	at org.audiveris.omr.score.PartwiseBuilder.processScore(PartwiseBuilder.java:2195)
	at org.audiveris.omr.score.PartwiseBuilder.build(PartwiseBuilder.java:307)
	at org.audiveris.omr.score.ScoreExporter.export(ScoreExporter.java:117)
	at org.audiveris.omr.score.ScoreExporter.export(ScoreExporter.java:91)
	at org.audiveris.omr.sheet.BasicBook.export(BasicBook.java:589)
	at org.audiveris.omr.CLI$ProcessingTask.processBook(CLI.java:785)
	at org.audiveris.omr.CLI$CliTask.call(CLI.java:344)
	at org.audiveris.omr.Main.runBatchTasks(Main.java:316)
	at org.audiveris.omr.Main.main(Main.java:155)
	at Audiveris.main(Audiveris.java:49)
2017-10-06 14:18:42,324 INFO [91386660]        ScoreExporter.java:93   | Score 91386660.mvt1 exported to /Users/stephenn/Documents/workspace/nlsomr/xml_out/91386487/91386660/91386660.mvt1.mxl
2017-10-06 14:18:42,325 WARN [91386660]      PartwiseBuilder.java:1379 | Error visiting null
java.lang.NullPointerException: null
	at org.audiveris.omr.score.PartwiseBuilder.processKey(PartwiseBuilder.java:1344)
	at org.audiveris.omr.score.PartwiseBuilder.processKeys(PartwiseBuilder.java:1407)
	at org.audiveris.omr.score.PartwiseBuilder.processMeasure(PartwiseBuilder.java:1575)
	at org.audiveris.omr.score.PartwiseBuilder.processPart(PartwiseBuilder.java:1988)
	at org.audiveris.omr.score.PartwiseBuilder.processSystem(PartwiseBuilder.java:2528)
	at org.audiveris.omr.score.PartwiseBuilder.processLogicalPart(PartwiseBuilder.java:1433)
	at org.audiveris.omr.score.PartwiseBuilder.processStub(PartwiseBuilder.java:2483)
	at org.audiveris.omr.score.PartwiseBuilder.processPartList(PartwiseBuilder.java:2017)
	at org.audiveris.omr.score.PartwiseBuilder.processScore(PartwiseBuilder.java:2195)
	at org.audiveris.omr.score.PartwiseBuilder.build(PartwiseBuilder.java:307)
	at org.audiveris.omr.score.ScoreExporter.export(ScoreExporter.java:117)
	at org.audiveris.omr.score.ScoreExporter.export(ScoreExporter.java:91)
	at org.audiveris.omr.sheet.BasicBook.export(BasicBook.java:589)
	at org.audiveris.omr.CLI$ProcessingTask.processBook(CLI.java:785)
	at org.audiveris.omr.CLI$CliTask.call(CLI.java:344)
	at org.audiveris.omr.Main.runBatchTasks(Main.java:316)
	at org.audiveris.omr.Main.main(Main.java:155)
	at Audiveris.main(Audiveris.java:49)
2017-10-06 14:18:42,339 WARN [91386660]      PartwiseBuilder.java:1379 | Error visiting null
java.lang.NullPointerException: null
	at org.audiveris.omr.score.PartwiseBuilder.processKey(PartwiseBuilder.java:1344)
	at org.audiveris.omr.score.PartwiseBuilder.processKeys(PartwiseBuilder.java:1407)
	at org.audiveris.omr.score.PartwiseBuilder.processMeasure(PartwiseBuilder.java:1575)
	at org.audiveris.omr.score.PartwiseBuilder.processPart(PartwiseBuilder.java:1988)
	at org.audiveris.omr.score.PartwiseBuilder.processSystem(PartwiseBuilder.java:2528)
	at org.audiveris.omr.score.PartwiseBuilder.processLogicalPart(PartwiseBuilder.java:1433)
	at org.audiveris.omr.score.PartwiseBuilder.processStub(PartwiseBuilder.java:2483)
	at org.audiveris.omr.score.PartwiseBuilder.processPartList(PartwiseBuilder.java:2017)
	at org.audiveris.omr.score.PartwiseBuilder.processScore(PartwiseBuilder.java:2195)
	at org.audiveris.omr.score.PartwiseBuilder.build(PartwiseBuilder.java:307)
	at org.audiveris.omr.score.ScoreExporter.export(ScoreExporter.java:117)
	at org.audiveris.omr.score.ScoreExporter.export(ScoreExporter.java:91)
	at org.audiveris.omr.sheet.BasicBook.export(BasicBook.java:589)
	at org.audiveris.omr.CLI$ProcessingTask.processBook(CLI.java:785)
	at org.audiveris.omr.CLI$CliTask.call(CLI.java:344)
	at org.audiveris.omr.Main.runBatchTasks(Main.java:316)
	at org.audiveris.omr.Main.main(Main.java:155)
	at Audiveris.main(Audiveris.java:49)
2017-10-06 14:18:42,347 WARN [91386660]      PartwiseBuilder.java:1379 | Error visiting null
java.lang.NullPointerException: null
	at org.audiveris.omr.score.PartwiseBuilder.processKey(PartwiseBuilder.java:1344)
	at org.audiveris.omr.score.PartwiseBuilder.processKeys(PartwiseBuilder.java:1407)
	at org.audiveris.omr.score.PartwiseBuilder.processMeasure(PartwiseBuilder.java:1575)
	at org.audiveris.omr.score.PartwiseBuilder.processPart(PartwiseBuilder.java:1988)
	at org.audiveris.omr.score.PartwiseBuilder.processSystem(PartwiseBuilder.java:2528)
	at org.audiveris.omr.score.PartwiseBuilder.processLogicalPart(PartwiseBuilder.java:1433)
	at org.audiveris.omr.score.PartwiseBuilder.processStub(PartwiseBuilder.java:2483)
	at org.audiveris.omr.score.PartwiseBuilder.processPartList(PartwiseBuilder.java:2017)
	at org.audiveris.omr.score.PartwiseBuilder.processScore(PartwiseBuilder.java:2195)
	at org.audiveris.omr.score.PartwiseBuilder.build(PartwiseBuilder.java:307)
	at org.audiveris.omr.score.ScoreExporter.export(ScoreExporter.java:117)
	at org.audiveris.omr.score.ScoreExporter.export(ScoreExporter.java:91)
	at org.audiveris.omr.sheet.BasicBook.export(BasicBook.java:589)
	at org.audiveris.omr.CLI$ProcessingTask.processBook(CLI.java:785)
	at org.audiveris.omr.CLI$CliTask.call(CLI.java:344)
	at org.audiveris.omr.Main.runBatchTasks(Main.java:316)
	at org.audiveris.omr.Main.main(Main.java:155)
	at Audiveris.main(Audiveris.java:49)
2017-10-06 14:18:42,382 INFO [91386660]        ScoreExporter.java:93   | Score 91386660.mvt2 exported to /Users/stephenn/Documents/workspace/nlsomr/xml_out/91386487/91386660/91386660.mvt2.mxl
2017-10-06 14:18:42,558 INFO [91386660]            BasicBook.java:1395 | Stored /book.xml
2017-10-06 14:18:42,559 INFO [91386660]            BasicBook.java:1355 | Book stored as /Users/stephenn/Documents/workspace/nlsomr/xml_out/91386487/91386660/91386660.omr
