2017-10-06 15:19:03,298 INFO [91387500]            BasicBook.java:427  | 1 sheet in /Users/stephenn/Documents/workspace/nlsomr/working/91387500.jpg
2017-10-06 15:19:03,456 INFO []            BasicBook.java:1395 | Stored /book.xml
2017-10-06 15:19:03,457 INFO []            BasicBook.java:1355 | Book stored as /Users/stephenn/Documents/workspace/nlsomr/xml_out/91386487/91387500/91387500.omr
2017-10-06 15:19:03,462 INFO []            BasicBook.java:996  | Book reaching PAGE on sheets:[#1]
2017-10-06 15:19:03,464 INFO [91387500]       StepMonitoring.java:96   | LOAD
2017-10-06 15:19:03,612 INFO [91387500]            BasicBook.java:911  | Loaded image 1 2000x3056 from /Users/stephenn/Documents/workspace/nlsomr/working/91387500.jpg
2017-10-06 15:19:03,616 INFO [91387500]            ImageUtil.java:82   | Converting max RGB to gray ...
2017-10-06 15:19:03,869 INFO [91387500]            BasicBook.java:1395 | Stored /book.xml
2017-10-06 15:19:04,201 INFO [91387500]           BasicSheet.java:979  | Stored /sheet#1/sheet#1.xml
2017-10-06 15:19:04,203 INFO [91387500]       StepMonitoring.java:96   | BINARY
2017-10-06 15:19:04,779 INFO [91387500]            BasicBook.java:1395 | Stored /book.xml
2017-10-06 15:19:05,119 INFO [91387500]              Picture.java:786  | Stored /sheet#1/BINARY.xml
2017-10-06 15:19:05,121 INFO [91387500]           BasicSheet.java:979  | Stored /sheet#1/sheet#1.xml
2017-10-06 15:19:05,123 INFO [91387500]       StepMonitoring.java:96   | SCALE
2017-10-06 15:19:05,168 INFO [91387500]         ScaleBuilder.java:229  | No beam key found, guessed value 10
2017-10-06 15:19:05,169 INFO [91387500]            ScaleStep.java:87   | Scale{line(4,5,6) interline(16,16,17) beam(10 extra)}
2017-10-06 15:19:05,172 INFO [91387500]            BasicBook.java:1395 | Stored /book.xml
2017-10-06 15:19:05,174 INFO [91387500]           BasicSheet.java:979  | Stored /sheet#1/sheet#1.xml
2017-10-06 15:19:05,178 INFO [91387500]       StepMonitoring.java:96   | GRID
2017-10-06 15:19:06,212 INFO [91387500]       LinesRetriever.java:442  | Global slope: 0.00082
2017-10-06 15:19:06,320 INFO [91387500]    ClustersRetriever.java:241  | Retrieved line clusters: 12 of size: 5 with interline: (16,16,17)
2017-10-06 15:19:07,277 INFO [91387500]            PeakGraph.java:181  | Systems: #1[1, 2] #2[3, 4] #3[5, 6] #4[7, 8] #5[9, 10] #6[11, 12]
2017-10-06 15:19:08,580 INFO [91387500]        SystemManager.java:626  | Indentation detected for system#1
2017-10-06 15:19:08,581 INFO [91387500]        SystemManager.java:626  | Indentation detected for system#5
2017-10-06 15:19:08,582 INFO [91387500]        SystemManager.java:671  | 2 pages found in sheet
2017-10-06 15:19:08,582 INFO [91387500]        SystemManager.java:709  | Page #1: 1 part along 4 systems
2017-10-06 15:19:08,582 INFO [91387500]        SystemManager.java:709  | Page #2: 1 part along 2 systems
2017-10-06 15:19:08,586 INFO [91387500]            BasicBook.java:1395 | Stored /book.xml
2017-10-06 15:19:08,872 INFO [91387500]           BasicSheet.java:979  | Stored /sheet#1/sheet#1.xml
2017-10-06 15:19:08,875 INFO [91387500]       StepMonitoring.java:96   | HEADERS
2017-10-06 15:19:09,291 INFO []          Nd4jBackend.java:194  | Loaded [CpuBackend] backend
2017-10-06 15:19:09,368 INFO []      NativeOpsHolder.java:49   | Number of threads used for NativeOps: 2
2017-10-06 15:19:09,874 INFO [] DefaultOpExecutioner.java:544  | Backend used: [CPU]; OS: [Mac OS X]
2017-10-06 15:19:09,875 INFO [] DefaultOpExecutioner.java:545  | Cores: [4]; Memory: [3.6GB];
2017-10-06 15:19:09,875 INFO [] DefaultOpExecutioner.java:546  | Blas vendor: [OPENBLAS]
2017-10-06 15:19:09,918 INFO []   AbstractClassifier.java:332  | Classifier data loaded from default uri jar:file:/Users/stephenn/Documents/workspace/audiveris/build/distributions/Audiveris/lib/audiveris.jar!/res/basic-classifier.zip
2017-10-06 15:19:11,702 WARN [91387500]          ClefBuilder.java:560  | Staff#2 no header clef.
2017-10-06 15:19:12,228 WARN [91387500]          ClefBuilder.java:560  | Staff#6 no header clef.
2017-10-06 15:19:12,587 WARN [91387500]          ClefBuilder.java:560  | Staff#10 no header clef.
2017-10-06 15:19:12,790 INFO [91387500]           KeyBuilder.java:916  | Staff#11 key replication failed.
2017-10-06 15:19:12,794 INFO [91387500]            BasicBook.java:1395 | Stored /book.xml
2017-10-06 15:19:13,132 INFO [91387500]           BasicSheet.java:979  | Stored /sheet#1/sheet#1.xml
2017-10-06 15:19:13,135 INFO [91387500]       StepMonitoring.java:96   | STEM_SEEDS
2017-10-06 15:19:13,253 INFO [91387500]        StemSeedsStep.java:91   | stem(4 max:5)
2017-10-06 15:19:13,407 INFO []   AbstractClassifier.java:332  | Classifier data loaded from default uri jar:file:/Users/stephenn/Documents/workspace/audiveris/build/distributions/Audiveris/lib/audiveris.jar!/res/deep-classifier.zip
2017-10-06 15:19:13,408 INFO [91387500]            BasicBook.java:1395 | Stored /book.xml
2017-10-06 15:19:13,722 INFO [91387500]           BasicSheet.java:979  | Stored /sheet#1/sheet#1.xml
2017-10-06 15:19:13,728 INFO [91387500]       StepMonitoring.java:96   | BEAMS
2017-10-06 15:19:17,648 INFO [91387500]            BeamsStep.java:89   | BeamDistance{count:33 mean:10.36 stdDev:7.62}
2017-10-06 15:19:17,651 INFO [91387500]            BasicBook.java:1395 | Stored /book.xml
2017-10-06 15:19:17,745 INFO [91387500]              Picture.java:786  | Stored /sheet#1/HEAD_SPOTS.xml
2017-10-06 15:19:18,222 INFO [91387500]           BasicSheet.java:979  | Stored /sheet#1/sheet#1.xml
2017-10-06 15:19:18,224 INFO [91387500]       StepMonitoring.java:96   | LEDGERS
2017-10-06 15:19:19,028 INFO [91387500]            BasicBook.java:1395 | Stored /book.xml
2017-10-06 15:19:19,584 INFO [91387500]           BasicSheet.java:979  | Stored /sheet#1/sheet#1.xml
2017-10-06 15:19:19,587 INFO [91387500]       StepMonitoring.java:96   | HEADS
2017-10-06 15:19:22,451 INFO [91387500]            BasicBook.java:1395 | Stored /book.xml
2017-10-06 15:19:23,874 INFO [91387500]           BasicSheet.java:979  | Stored /sheet#1/sheet#1.xml
2017-10-06 15:19:23,877 INFO [91387500]       StepMonitoring.java:96   | STEMS
2017-10-06 15:19:27,378 INFO [91387500]            BasicBook.java:1395 | Stored /book.xml
2017-10-06 15:19:28,886 INFO [91387500]           BasicSheet.java:979  | Stored /sheet#1/sheet#1.xml
2017-10-06 15:19:28,889 INFO [91387500]       StepMonitoring.java:96   | REDUCTION
2017-10-06 15:19:29,514 INFO [91387500]            BasicBook.java:1395 | Stored /book.xml
2017-10-06 15:19:30,085 INFO [91387500]           BasicSheet.java:979  | Stored /sheet#1/sheet#1.xml
2017-10-06 15:19:30,087 INFO [91387500]       StepMonitoring.java:96   | CUE_BEAMS
2017-10-06 15:19:30,101 INFO [91387500]            BasicBook.java:1395 | Stored /book.xml
2017-10-06 15:19:30,635 INFO [91387500]           BasicSheet.java:979  | Stored /sheet#1/sheet#1.xml
2017-10-06 15:19:30,637 INFO [91387500]       StepMonitoring.java:96   | TEXTS
2017-10-06 15:19:32,894 INFO [91387500]            BasicBook.java:1395 | Stored /book.xml
2017-10-06 15:19:33,483 INFO [91387500]           BasicSheet.java:979  | Stored /sheet#1/sheet#1.xml
2017-10-06 15:19:33,486 INFO [91387500]       StepMonitoring.java:96   | MEASURES
2017-10-06 15:19:33,491 INFO [91387500]                 Page.java:210  | 18 raw measures: [4 in system#1, 5 in system#2, 4 in system#3, 5 in system#4]
2017-10-06 15:19:33,491 INFO [91387500]                 Page.java:210  | 9 raw measures: [5 in system#5, 4 in system#6]
2017-10-06 15:19:33,493 INFO [91387500]            BasicBook.java:1395 | Stored /book.xml
2017-10-06 15:19:34,064 INFO [91387500]           BasicSheet.java:979  | Stored /sheet#1/sheet#1.xml
2017-10-06 15:19:34,067 INFO [91387500]       StepMonitoring.java:96   | CHORDS
2017-10-06 15:19:34,078 INFO [91387500]        ChordsBuilder.java:249  | Deleting StemInter{#7550(0.754/0.873)} on RIGHT side of HeadInter{#5195(0.617/0.821) s:8 p:-4.00 NOTEHEAD_BLACK}
2017-10-06 15:19:34,085 INFO [91387500]            BasicBook.java:1395 | Stored /book.xml
2017-10-06 15:19:34,682 INFO [91387500]           BasicSheet.java:979  | Stored /sheet#1/sheet#1.xml
2017-10-06 15:19:34,684 INFO [91387500]       StepMonitoring.java:96   | CURVES
2017-10-06 15:19:36,787 INFO [91387500]         SlursBuilder.java:762  | LEFT collision SlurInter{#8199(0.697)} & SlurInter{#8545(0.293)} @ HeadInter{#2763(0.592/0.717) e#7876 s:1 p:6.00 NOTEHEAD_BLACK}
2017-10-06 15:19:36,787 INFO [91387500]         SlursBuilder.java:762  | LEFT collision SlurInter{#8199(0.697)} & SlurInter{#8592(0.539)} @ HeadInter{#2763(0.592/0.717) e#7876 s:1 p:6.00 NOTEHEAD_BLACK}
2017-10-06 15:19:36,788 INFO [91387500]         SlursBuilder.java:762  | LEFT collision SlurInter{#8545(0.293)} & SlurInter{#8199(0.697)} @ HeadInter{#2763(0.592/0.717) e#7876 s:1 p:6.00 NOTEHEAD_BLACK}
2017-10-06 15:19:36,789 INFO [91387500]         SlursBuilder.java:762  | LEFT collision SlurInter{#8545(0.293)} & SlurInter{#8592(0.539)} @ HeadInter{#2763(0.592/0.717) e#7876 s:1 p:6.00 NOTEHEAD_BLACK}
2017-10-06 15:19:36,789 INFO [91387500]         SlursBuilder.java:762  | RIGHT collision SlurInter{#8545(0.293)} & SlurInter{#8592(0.539)} @ HeadInter{#2505(0.697/0.867) e#7877 s:1 p:3.00 NOTEHEAD_BLACK}
2017-10-06 15:19:36,790 INFO [91387500]         SlursBuilder.java:762  | LEFT collision SlurInter{#8592(0.539)} & SlurInter{#8199(0.697)} @ HeadInter{#2763(0.592/0.717) e#7876 s:1 p:6.00 NOTEHEAD_BLACK}
2017-10-06 15:19:36,790 INFO [91387500]         SlursBuilder.java:762  | LEFT collision SlurInter{#8592(0.539)} & SlurInter{#8545(0.293)} @ HeadInter{#2763(0.592/0.717) e#7876 s:1 p:6.00 NOTEHEAD_BLACK}
2017-10-06 15:19:36,791 INFO [91387500]         SlursBuilder.java:762  | RIGHT collision SlurInter{#8592(0.539)} & SlurInter{#8545(0.293)} @ HeadInter{#2505(0.697/0.867) e#7877 s:1 p:3.00 NOTEHEAD_BLACK}
2017-10-06 15:19:36,793 INFO [91387500]         SlursBuilder.java:762  | RIGHT collision SlurInter{#8222(0.503)} & SlurInter{#8465(0.441)} @ HeadInter{#5593(0.700/0.852) e#8086 s:9 p:-3.00 NOTEHEAD_BLACK}
2017-10-06 15:19:36,793 INFO [91387500]         SlursBuilder.java:762  | RIGHT collision SlurInter{#8465(0.441)} & SlurInter{#8222(0.503)} @ HeadInter{#5593(0.700/0.852) e#8086 s:9 p:-3.00 NOTEHEAD_BLACK}
2017-10-06 15:19:36,794 INFO [91387500]         SlursBuilder.java:762  | LEFT collision SlurInter{#8261(0.542)} & SlurInter{#8358(0.401)} @ HeadInter{#6625(0.569/0.764) e#8133 s:11 p:-2.00 NOTEHEAD_BLACK}
2017-10-06 15:19:36,794 INFO [91387500]         SlursBuilder.java:762  | RIGHT collision SlurInter{#8261(0.542)} & SlurInter{#8358(0.401)} @ HeadInter{#6697(0.583/0.773) e#8134 s:11 p:0.00 NOTEHEAD_BLACK}
2017-10-06 15:19:36,795 INFO [91387500]         SlursBuilder.java:762  | LEFT collision SlurInter{#8358(0.401)} & SlurInter{#8261(0.542)} @ HeadInter{#6625(0.569/0.764) e#8133 s:11 p:-2.00 NOTEHEAD_BLACK}
2017-10-06 15:19:36,795 INFO [91387500]         SlursBuilder.java:762  | RIGHT collision SlurInter{#8358(0.401)} & SlurInter{#8261(0.542)} @ HeadInter{#6697(0.583/0.773) e#8134 s:11 p:0.00 NOTEHEAD_BLACK}
2017-10-06 15:19:36,796 INFO [91387500]         SlursBuilder.java:157  | Slurs: 57
2017-10-06 15:19:36,967 INFO [91387500]      SegmentsBuilder.java:113  | Segments: 48
2017-10-06 15:19:36,974 INFO [91387500]            BasicBook.java:1395 | Stored /book.xml
2017-10-06 15:19:37,824 INFO [91387500]           BasicSheet.java:979  | Stored /sheet#1/sheet#1.xml
2017-10-06 15:19:37,829 INFO [91387500]       StepMonitoring.java:96   | SYMBOLS
2017-10-06 15:19:39,265 INFO [91387500]       SymbolsBuilder.java:340  | Symbol parts shrunk from 8 to 7
2017-10-06 15:19:42,273 INFO [91387500]            BasicBook.java:1395 | Stored /book.xml
2017-10-06 15:19:43,423 INFO [91387500]           BasicSheet.java:979  | Stored /sheet#1/sheet#1.xml
2017-10-06 15:19:43,429 INFO [91387500]       StepMonitoring.java:96   | LINKS
2017-10-06 15:19:43,539 INFO [91387500]        SymbolsLinker.java:323  | No chord above direction SentenceInter{#7847(0.692) s:9 BS-40 Direction} III
2017-10-06 15:19:43,543 INFO [91387500]        SymbolsLinker.java:306  | No measure stack for direction SentenceInter{#7860(0.628) s:9 S-32 Direction} J 107.
2017-10-06 15:19:43,585 INFO [91387500]            BasicBook.java:1395 | Stored /book.xml
2017-10-06 15:19:44,490 INFO [91387500]           BasicSheet.java:979  | Stored /sheet#1/sheet#1.xml
2017-10-06 15:19:44,493 INFO [91387500]       StepMonitoring.java:96   | RHYTHMS
2017-10-06 15:19:44,510 INFO [91387500]         SlotsBuilder.java:434  | Stack#3 endless loop detected
2017-10-06 15:19:44,512 INFO [91387500]         SlotsBuilder.java:434  | Stack#4 endless loop detected
2017-10-06 15:19:44,516 INFO [91387500]         SlotsBuilder.java:434  | Stack#5 endless loop detected
2017-10-06 15:19:44,518 INFO [91387500]         SlotsBuilder.java:399  | Stack#6 suspicious Slot{#5 xOffset=207 timeOffset=3/8 incomings=[#7928#7955]}
2017-10-06 15:19:44,520 INFO [91387500]         SlotsBuilder.java:399  | Stack#7 suspicious Slot{#2 xOffset=80 timeOffset=1/8 incomings=[#7959]}
2017-10-06 15:19:44,536 INFO [91387500]         SlotsBuilder.java:434  | Stack#14 endless loop detected
2017-10-06 15:19:44,543 INFO [91387500]         SlotsBuilder.java:399  | Stack#16 suspicious Slot{#2 xOffset=91 timeOffset=1/8 incomings=[#8056]}
2017-10-06 15:19:44,552 INFO [91387500]           PageRhythm.java:314  | Range{1-18} Durations avgGuess:3/4 topGuess:1/2 avgValue:0.73 stacks:18 voices:38 Histogram{1/8-3/2 size:14 [1/8=2 1/4=5 3/8=3 7/16=3 1/2=10 5/8=2 11/16=1 3/4=4 25/32=1 7/8=1 15/16=1 1=2 9/8=2 3/2=1]}
2017-10-06 15:19:44,553 INFO [91387500]           PageRhythm.java:221  | S1 Range{1-18 dur:3/4} should update to 3/4-based time sig?
2017-10-06 15:19:44,555 INFO [91387500]                Voice.java:257  | S1 MeasureStack#1 Voice #1 too long 3/4
2017-10-06 15:19:44,555 INFO [91387500]                Voice.java:257  | S1 MeasureStack#1 Voice #2 too long 3/8
2017-10-06 15:19:44,556 INFO [91387500]           StackTuner.java:92   | S1 MeasureStack#1 no correct rhythm
2017-10-06 15:19:44,558 INFO [91387500]         SlotsBuilder.java:427  | S1 MeasureStack#2 Slot{#6 xOffset=214 timeOffset=1/2 incomings=[#7882] SUSPICIOUS}
2017-10-06 15:19:44,559 INFO [91387500]         SlotsBuilder.java:434  | Stack#2 endless loop detected
2017-10-06 15:19:44,561 INFO [91387500]         SlotsBuilder.java:434  | Stack#3 endless loop detected
2017-10-06 15:19:44,562 INFO [91387500]                Voice.java:257  | S1 MeasureStack#3 Voice #1 too long 1/4
2017-10-06 15:19:44,562 INFO [91387500]                Voice.java:257  | S1 MeasureStack#3 Voice #2 too long 3/8
2017-10-06 15:19:44,562 INFO [91387500]           StackTuner.java:92   | S1 MeasureStack#3 no correct rhythm
2017-10-06 15:19:44,565 INFO [91387500]         SlotsBuilder.java:434  | Stack#4 endless loop detected
2017-10-06 15:19:44,568 INFO [91387500]         SlotsBuilder.java:434  | Stack#5 endless loop detected
2017-10-06 15:19:44,570 INFO [91387500]         SlotsBuilder.java:434  | Stack#6 endless loop detected
2017-10-06 15:19:44,571 INFO [91387500]         SlotsBuilder.java:434  | Stack#7 endless loop detected
2017-10-06 15:19:44,577 INFO [91387500]                Voice.java:257  | S3 MeasureStack#11 Voice #1 too long 1/8
2017-10-06 15:19:44,578 INFO [91387500]                Voice.java:257  | S3 MeasureStack#11 Voice #3 too long 3/16
2017-10-06 15:19:44,578 INFO [91387500]           StackTuner.java:92   | S3 MeasureStack#11 no correct rhythm
2017-10-06 15:19:44,580 INFO [91387500]         SlotsBuilder.java:427  | S3 MeasureStack#12 Slot{#7 xOffset=307 timeOffset=25/32 incomings=[#7989] SUSPICIOUS}
2017-10-06 15:19:44,581 INFO [91387500]         SlotsBuilder.java:427  | S3 MeasureStack#12 Slot{#9 xOffset=372 timeOffset=1 incomings=[#8006] SUSPICIOUS}
2017-10-06 15:19:44,581 INFO [91387500]                Voice.java:257  | S3 MeasureStack#12 Voice #1 too long 11/32
2017-10-06 15:19:44,582 INFO [91387500]                Voice.java:257  | S3 MeasureStack#12 Voice #2 too long 1/2
2017-10-06 15:19:44,582 INFO [91387500]           StackTuner.java:92   | S3 MeasureStack#12 no correct rhythm
2017-10-06 15:19:44,584 INFO [91387500]         SlotsBuilder.java:427  | S3 MeasureStack#13 Slot{#5 xOffset=234 timeOffset=1/2 incomings=[#7994] SUSPICIOUS}
2017-10-06 15:19:44,584 INFO [91387500]         SlotsBuilder.java:434  | Stack#13 endless loop detected
2017-10-06 15:19:44,590 INFO [91387500]         SlotsBuilder.java:434  | Stack#14 endless loop detected
2017-10-06 15:19:44,592 INFO [91387500]         SlotsBuilder.java:427  | S4 MeasureStack#15 Slot{#6 xOffset=215 timeOffset=7/16 incomings=[#8052] SUSPICIOUS}
2017-10-06 15:19:44,593 INFO [91387500]         SlotsBuilder.java:427  | S4 MeasureStack#15 Slot{#8 xOffset=262 timeOffset=9/16 incomings=[#8053] SUSPICIOUS}
2017-10-06 15:19:44,593 INFO [91387500]         SlotsBuilder.java:427  | S4 MeasureStack#15 Slot{#10 xOffset=304 timeOffset=11/16 incomings=[#8054] SUSPICIOUS}
2017-10-06 15:19:44,594 INFO [91387500]                Voice.java:257  | S4 MeasureStack#15 Voice #1 too long 1/16
2017-10-06 15:19:44,594 INFO [91387500]                Voice.java:257  | S4 MeasureStack#15 Voice #2 too long 1/16
2017-10-06 15:19:44,594 INFO [91387500]           StackTuner.java:92   | S4 MeasureStack#15 no correct rhythm
2017-10-06 15:19:44,596 INFO [91387500]         SlotsBuilder.java:427  | S4 MeasureStack#16 Slot{#5 xOffset=154 timeOffset=1/4 incomings=[#8057] SUSPICIOUS}
2017-10-06 15:19:44,597 INFO [91387500]         SlotsBuilder.java:427  | S4 MeasureStack#16 Slot{#7 xOffset=196 timeOffset=7/16 incomings=[#8030] SUSPICIOUS}
2017-10-06 15:19:44,597 INFO [91387500]         SlotsBuilder.java:427  | S4 MeasureStack#16 Slot{#9 xOffset=247 timeOffset=11/16 incomings=[#8031] SUSPICIOUS}
2017-10-06 15:19:44,598 INFO [91387500]         SlotsBuilder.java:427  | S4 MeasureStack#16 Slot{#11 xOffset=291 timeOffset=13/16 incomings=[#8032] SUSPICIOUS}
2017-10-06 15:19:44,598 INFO [91387500]                Voice.java:257  | S4 MeasureStack#16 Voice #1 too long 3/16
2017-10-06 15:19:44,599 INFO [91387500]                Voice.java:257  | S4 MeasureStack#16 Voice #2 too long 1/4
2017-10-06 15:19:44,599 INFO [91387500]           StackTuner.java:92   | S4 MeasureStack#16 no correct rhythm
2017-10-06 15:19:44,601 INFO [91387500]         SlotsBuilder.java:427  | S4 MeasureStack#17 Slot{#3 xOffset=83 timeOffset=1/4 incomings=[#8062] SUSPICIOUS}
2017-10-06 15:19:44,602 INFO [91387500]                Voice.java:257  | S4 MeasureStack#17 Voice #1 too long 1/4
2017-10-06 15:19:44,602 INFO [91387500]                Voice.java:257  | S4 MeasureStack#17 Voice #2 too long 1/4
2017-10-06 15:19:44,603 INFO [91387500]           StackTuner.java:92   | S4 MeasureStack#17 no correct rhythm
2017-10-06 15:19:44,612 INFO [91387500]       TupletsBuilder.java:199  | TupletInter{#10405(0.388/0.388) TUPLET_THREE} null sequence in TUPLET_THREE: 1/2 vs 3/4
2017-10-06 15:19:44,624 INFO [91387500]           PageRhythm.java:314  | Range{1-9} Durations avgGuess:1 topGuess:1 avgValue:0.98 stacks:9 voices:21 Histogram{1/3-5/4 size:6 [1/3=1 1/2=1 7/12=1 3/4=2 1=12 5/4=4]}
2017-10-06 15:19:44,628 INFO [91387500]           PageRhythm.java:221  | S5 Range{1-9 dur:1} should update to 1-based time sig?
2017-10-06 15:19:44,629 INFO [91387500]                Voice.java:257  | S5 MeasureStack#1 Voice #1 too long 1/4
2017-10-06 15:19:44,630 INFO [91387500]           StackTuner.java:92   | S5 MeasureStack#1 no correct rhythm
2017-10-06 15:19:44,633 INFO [91387500]                Voice.java:257  | S5 MeasureStack#3 Voice #1 too long 1/4
2017-10-06 15:19:44,635 INFO [91387500]           StackTuner.java:92   | S5 MeasureStack#3 no correct rhythm
2017-10-06 15:19:44,637 INFO [91387500]         SlotsBuilder.java:427  | S5 MeasureStack#4 Slot{#6 xOffset=166 timeOffset=7/12 incomings=[#8087] SUSPICIOUS}
2017-10-06 15:19:44,637 INFO [91387500]         SlotsBuilder.java:427  | S5 MeasureStack#4 Slot{#9 xOffset=229 timeOffset=5/6 incomings=[#8089] SUSPICIOUS}
2017-10-06 15:19:44,638 INFO [91387500]                Voice.java:257  | S5 MeasureStack#4 Voice #2 too long 1/12
2017-10-06 15:19:44,638 INFO [91387500]           StackTuner.java:92   | S5 MeasureStack#4 no correct rhythm
2017-10-06 15:19:44,645 INFO [91387500]                Voice.java:257  | S6 MeasureStack#8 Voice #1 too long 1/4
2017-10-06 15:19:44,645 INFO [91387500]                Voice.java:257  | S6 MeasureStack#8 Voice #2 too long 1/4
2017-10-06 15:19:44,646 INFO [91387500]           StackTuner.java:92   | S6 MeasureStack#8 no correct rhythm
2017-10-06 15:19:44,648 INFO [91387500]            BasicBook.java:1395 | Stored /book.xml
2017-10-06 15:19:45,534 INFO [91387500]           BasicSheet.java:979  | Stored /sheet#1/sheet#1.xml
2017-10-06 15:19:45,536 INFO [91387500]       StepMonitoring.java:96   | PAGE
2017-10-06 15:19:45,542 INFO [91387500]                Voice.java:257  | S1 MeasureStack#1 Voice #1 too long 3/4
2017-10-06 15:19:45,542 INFO [91387500]                Voice.java:257  | S1 MeasureStack#1 Voice #2 too long 3/8
2017-10-06 15:19:45,542 INFO [91387500]                Voice.java:257  | S1 MeasureStack#3 Voice #1 too long 1/4
2017-10-06 15:19:45,543 INFO [91387500]                Voice.java:257  | S1 MeasureStack#3 Voice #2 too long 3/8
2017-10-06 15:19:45,543 INFO [91387500]                Voice.java:257  | S3 MeasureStack#11 Voice #1 too long 1/8
2017-10-06 15:19:45,544 INFO [91387500]                Voice.java:257  | S3 MeasureStack#11 Voice #3 too long 3/16
2017-10-06 15:19:45,544 INFO [91387500]                Voice.java:257  | S3 MeasureStack#12 Voice #1 too long 11/32
2017-10-06 15:19:45,544 INFO [91387500]                Voice.java:257  | S3 MeasureStack#12 Voice #2 too long 1/2
2017-10-06 15:19:45,545 INFO [91387500]                Voice.java:257  | S4 MeasureStack#15 Voice #1 too long 1/16
2017-10-06 15:19:45,545 INFO [91387500]                Voice.java:257  | S4 MeasureStack#15 Voice #2 too long 1/16
2017-10-06 15:19:45,546 INFO [91387500]                Voice.java:257  | S4 MeasureStack#16 Voice #1 too long 3/16
2017-10-06 15:19:45,546 INFO [91387500]                Voice.java:257  | S4 MeasureStack#16 Voice #2 too long 1/4
2017-10-06 15:19:45,547 INFO [91387500]                Voice.java:257  | S4 MeasureStack#17 Voice #1 too long 1/4
2017-10-06 15:19:45,547 INFO [91387500]                Voice.java:257  | S4 MeasureStack#17 Voice #2 too long 1/4
2017-10-06 15:19:45,548 INFO [91387500]                Voice.java:257  | S5 MeasureStack#1 Voice #1 too long 1/4
2017-10-06 15:19:45,548 INFO [91387500]                Voice.java:257  | S5 MeasureStack#3 Voice #1 too long 1/4
2017-10-06 15:19:45,549 INFO [91387500]                Voice.java:257  | S5 MeasureStack#4 Voice #2 too long 1/12
2017-10-06 15:19:45,549 INFO [91387500]                Voice.java:257  | S6 MeasureStack#8 Voice #1 too long 1/4
2017-10-06 15:19:45,550 INFO [91387500]                Voice.java:257  | S6 MeasureStack#8 Voice #2 too long 1/4
2017-10-06 15:19:45,551 INFO [91387500]            BasicBook.java:1395 | Stored /book.xml
2017-10-06 15:19:46,334 INFO [91387500]           BasicSheet.java:979  | Stored /sheet#1/sheet#1.xml
2017-10-06 15:19:46,338 INFO [91387500]            BasicStub.java:723  | Sheet{91387500} disposed
2017-10-06 15:19:47,342 INFO [91387500]            BasicStub.java:449  | Loaded /sheet#1/sheet#1.xml
2017-10-06 15:19:47,344 INFO [91387500]            BasicBook.java:1133 | Scores built: 2
2017-10-06 15:19:48,323 WARN [91387500]      PartwiseBuilder.java:1379 | Error visiting null
java.lang.NullPointerException: null
	at org.audiveris.omr.score.PartwiseBuilder.processKey(PartwiseBuilder.java:1344)
	at org.audiveris.omr.score.PartwiseBuilder.processKeys(PartwiseBuilder.java:1407)
	at org.audiveris.omr.score.PartwiseBuilder.processMeasure(PartwiseBuilder.java:1575)
	at org.audiveris.omr.score.PartwiseBuilder.processPart(PartwiseBuilder.java:1988)
	at org.audiveris.omr.score.PartwiseBuilder.processSystem(PartwiseBuilder.java:2528)
	at org.audiveris.omr.score.PartwiseBuilder.processLogicalPart(PartwiseBuilder.java:1433)
	at org.audiveris.omr.score.PartwiseBuilder.processStub(PartwiseBuilder.java:2483)
	at org.audiveris.omr.score.PartwiseBuilder.processPartList(PartwiseBuilder.java:2017)
	at org.audiveris.omr.score.PartwiseBuilder.processScore(PartwiseBuilder.java:2195)
	at org.audiveris.omr.score.PartwiseBuilder.build(PartwiseBuilder.java:307)
	at org.audiveris.omr.score.ScoreExporter.export(ScoreExporter.java:117)
	at org.audiveris.omr.score.ScoreExporter.export(ScoreExporter.java:91)
	at org.audiveris.omr.sheet.BasicBook.export(BasicBook.java:589)
	at org.audiveris.omr.CLI$ProcessingTask.processBook(CLI.java:785)
	at org.audiveris.omr.CLI$CliTask.call(CLI.java:344)
	at org.audiveris.omr.Main.runBatchTasks(Main.java:316)
	at org.audiveris.omr.Main.main(Main.java:155)
	at Audiveris.main(Audiveris.java:49)
2017-10-06 15:19:48,344 WARN [91387500]      PartwiseBuilder.java:1379 | Error visiting null
java.lang.NullPointerException: null
	at org.audiveris.omr.score.PartwiseBuilder.processKey(PartwiseBuilder.java:1344)
	at org.audiveris.omr.score.PartwiseBuilder.processKeys(PartwiseBuilder.java:1407)
	at org.audiveris.omr.score.PartwiseBuilder.processMeasure(PartwiseBuilder.java:1575)
	at org.audiveris.omr.score.PartwiseBuilder.processPart(PartwiseBuilder.java:1988)
	at org.audiveris.omr.score.PartwiseBuilder.processSystem(PartwiseBuilder.java:2528)
	at org.audiveris.omr.score.PartwiseBuilder.processLogicalPart(PartwiseBuilder.java:1433)
	at org.audiveris.omr.score.PartwiseBuilder.processStub(PartwiseBuilder.java:2483)
	at org.audiveris.omr.score.PartwiseBuilder.processPartList(PartwiseBuilder.java:2017)
	at org.audiveris.omr.score.PartwiseBuilder.processScore(PartwiseBuilder.java:2195)
	at org.audiveris.omr.score.PartwiseBuilder.build(PartwiseBuilder.java:307)
	at org.audiveris.omr.score.ScoreExporter.export(ScoreExporter.java:117)
	at org.audiveris.omr.score.ScoreExporter.export(ScoreExporter.java:91)
	at org.audiveris.omr.sheet.BasicBook.export(BasicBook.java:589)
	at org.audiveris.omr.CLI$ProcessingTask.processBook(CLI.java:785)
	at org.audiveris.omr.CLI$CliTask.call(CLI.java:344)
	at org.audiveris.omr.Main.runBatchTasks(Main.java:316)
	at org.audiveris.omr.Main.main(Main.java:155)
	at Audiveris.main(Audiveris.java:49)
2017-10-06 15:19:48,353 WARN [91387500]      PartwiseBuilder.java:762  | No number for SlurInter{#8182(0.683/0.939)}
2017-10-06 15:19:48,355 WARN [91387500]      PartwiseBuilder.java:762  | No number for SlurInter{#8182(0.683/0.939)}
2017-10-06 15:19:48,355 WARN [91387500]      PartwiseBuilder.java:762  | No number for SlurInter{#8173(0.613/0.913)}
2017-10-06 15:19:48,356 WARN [91387500]      PartwiseBuilder.java:762  | No number for SlurInter{#8173(0.613/0.913)}
2017-10-06 15:19:48,357 WARN [91387500]      PartwiseBuilder.java:762  | No number for SlurInter{#8195(0.645/0.918)}
2017-10-06 15:19:48,357 WARN [91387500]      PartwiseBuilder.java:762  | No number for SlurInter{#8195(0.645/0.918)}
2017-10-06 15:19:48,358 WARN [91387500]      PartwiseBuilder.java:762  | No number for SlurInter{#8225(0.506/0.878)}
2017-10-06 15:19:48,359 WARN [91387500]      PartwiseBuilder.java:762  | No number for SlurInter{#8225(0.506/0.878)}
2017-10-06 15:19:48,360 WARN [91387500]      PartwiseBuilder.java:762  | No number for SlurInter{#8329(0.328/0.761)}
2017-10-06 15:19:48,360 WARN [91387500]      PartwiseBuilder.java:762  | No number for SlurInter{#8329(0.328/0.761)}
2017-10-06 15:19:48,362 WARN [91387500]      PartwiseBuilder.java:762  | No number for SlurInter{#8272(0.441/0.851)}
2017-10-06 15:19:48,368 WARN [91387500]      PartwiseBuilder.java:762  | No number for SlurInter{#8272(0.441/0.851)}
2017-10-06 15:19:48,369 WARN [91387500]      PartwiseBuilder.java:762  | No number for SlurInter{#8201(0.703/0.949)}
2017-10-06 15:19:48,370 WARN [91387500]      PartwiseBuilder.java:762  | No number for SlurInter{#8201(0.703/0.949)}
2017-10-06 15:19:48,371 WARN [91387500]      PartwiseBuilder.java:762  | No number for SlurInter{#8238(0.627/0.924)}
2017-10-06 15:19:48,372 WARN [91387500]      PartwiseBuilder.java:762  | No number for SlurInter{#8238(0.627/0.924)}
2017-10-06 15:19:48,373 WARN [91387500]      PartwiseBuilder.java:762  | No number for SlurInter{#8279(0.440/0.849)}
2017-10-06 15:19:48,373 WARN [91387500]      PartwiseBuilder.java:762  | No number for SlurInter{#8279(0.440/0.849)}
2017-10-06 15:19:48,374 WARN [91387500]      PartwiseBuilder.java:762  | No number for SlurInter{#8227(0.657/0.929)}
2017-10-06 15:19:48,375 WARN [91387500]      PartwiseBuilder.java:762  | No number for SlurInter{#8227(0.657/0.929)}
2017-10-06 15:19:48,439 INFO [91387500]        ScoreExporter.java:93   | Score 91387500.mvt1 exported to /Users/stephenn/Documents/workspace/nlsomr/xml_out/91386487/91387500/91387500.mvt1.mxl
2017-10-06 15:19:48,440 WARN [91387500]      PartwiseBuilder.java:1379 | Error visiting null
java.lang.NullPointerException: null
	at org.audiveris.omr.score.PartwiseBuilder.processKey(PartwiseBuilder.java:1344)
	at org.audiveris.omr.score.PartwiseBuilder.processKeys(PartwiseBuilder.java:1407)
	at org.audiveris.omr.score.PartwiseBuilder.processMeasure(PartwiseBuilder.java:1575)
	at org.audiveris.omr.score.PartwiseBuilder.processPart(PartwiseBuilder.java:1988)
	at org.audiveris.omr.score.PartwiseBuilder.processSystem(PartwiseBuilder.java:2528)
	at org.audiveris.omr.score.PartwiseBuilder.processLogicalPart(PartwiseBuilder.java:1433)
	at org.audiveris.omr.score.PartwiseBuilder.processStub(PartwiseBuilder.java:2483)
	at org.audiveris.omr.score.PartwiseBuilder.processPartList(PartwiseBuilder.java:2017)
	at org.audiveris.omr.score.PartwiseBuilder.processScore(PartwiseBuilder.java:2195)
	at org.audiveris.omr.score.PartwiseBuilder.build(PartwiseBuilder.java:307)
	at org.audiveris.omr.score.ScoreExporter.export(ScoreExporter.java:117)
	at org.audiveris.omr.score.ScoreExporter.export(ScoreExporter.java:91)
	at org.audiveris.omr.sheet.BasicBook.export(BasicBook.java:589)
	at org.audiveris.omr.CLI$ProcessingTask.processBook(CLI.java:785)
	at org.audiveris.omr.CLI$CliTask.call(CLI.java:344)
	at org.audiveris.omr.Main.runBatchTasks(Main.java:316)
	at org.audiveris.omr.Main.main(Main.java:155)
	at Audiveris.main(Audiveris.java:49)
2017-10-06 15:19:48,446 WARN [91387500]      PartwiseBuilder.java:1379 | Error visiting null
java.lang.NullPointerException: null
	at org.audiveris.omr.score.PartwiseBuilder.processKey(PartwiseBuilder.java:1344)
	at org.audiveris.omr.score.PartwiseBuilder.processKeys(PartwiseBuilder.java:1407)
	at org.audiveris.omr.score.PartwiseBuilder.processMeasure(PartwiseBuilder.java:1575)
	at org.audiveris.omr.score.PartwiseBuilder.processPart(PartwiseBuilder.java:1988)
	at org.audiveris.omr.score.PartwiseBuilder.processSystem(PartwiseBuilder.java:2528)
	at org.audiveris.omr.score.PartwiseBuilder.processLogicalPart(PartwiseBuilder.java:1433)
	at org.audiveris.omr.score.PartwiseBuilder.processStub(PartwiseBuilder.java:2483)
	at org.audiveris.omr.score.PartwiseBuilder.processPartList(PartwiseBuilder.java:2017)
	at org.audiveris.omr.score.PartwiseBuilder.processScore(PartwiseBuilder.java:2195)
	at org.audiveris.omr.score.PartwiseBuilder.build(PartwiseBuilder.java:307)
	at org.audiveris.omr.score.ScoreExporter.export(ScoreExporter.java:117)
	at org.audiveris.omr.score.ScoreExporter.export(ScoreExporter.java:91)
	at org.audiveris.omr.sheet.BasicBook.export(BasicBook.java:589)
	at org.audiveris.omr.CLI$ProcessingTask.processBook(CLI.java:785)
	at org.audiveris.omr.CLI$CliTask.call(CLI.java:344)
	at org.audiveris.omr.Main.runBatchTasks(Main.java:316)
	at org.audiveris.omr.Main.main(Main.java:155)
	at Audiveris.main(Audiveris.java:49)
2017-10-06 15:19:48,467 INFO [91387500]        ScoreExporter.java:93   | Score 91387500.mvt2 exported to /Users/stephenn/Documents/workspace/nlsomr/xml_out/91386487/91387500/91387500.mvt2.mxl
2017-10-06 15:19:48,629 INFO [91387500]            BasicBook.java:1395 | Stored /book.xml
2017-10-06 15:19:48,630 INFO [91387500]            BasicBook.java:1355 | Book stored as /Users/stephenn/Documents/workspace/nlsomr/xml_out/91386487/91387500/91387500.omr
