2017-10-06 14:44:38,245 INFO [91387032]            BasicBook.java:427  | 1 sheet in /Users/stephenn/Documents/workspace/nlsomr/working/91387032.jpg
2017-10-06 14:44:38,388 INFO []            BasicBook.java:1395 | Stored /book.xml
2017-10-06 14:44:38,388 INFO []            BasicBook.java:1355 | Book stored as /Users/stephenn/Documents/workspace/nlsomr/xml_out/91386487/91387032/91387032.omr
2017-10-06 14:44:38,393 INFO []            BasicBook.java:996  | Book reaching PAGE on sheets:[#1]
2017-10-06 14:44:38,395 INFO [91387032]       StepMonitoring.java:96   | LOAD
2017-10-06 14:44:38,543 INFO [91387032]            BasicBook.java:911  | Loaded image 1 2000x3056 from /Users/stephenn/Documents/workspace/nlsomr/working/91387032.jpg
2017-10-06 14:44:38,546 INFO [91387032]            ImageUtil.java:82   | Converting max RGB to gray ...
2017-10-06 14:44:38,807 INFO [91387032]            BasicBook.java:1395 | Stored /book.xml
2017-10-06 14:44:39,109 INFO [91387032]           BasicSheet.java:979  | Stored /sheet#1/sheet#1.xml
2017-10-06 14:44:39,112 INFO [91387032]       StepMonitoring.java:96   | BINARY
2017-10-06 14:44:39,689 INFO [91387032]            BasicBook.java:1395 | Stored /book.xml
2017-10-06 14:44:40,019 INFO [91387032]              Picture.java:786  | Stored /sheet#1/BINARY.xml
2017-10-06 14:44:40,021 INFO [91387032]           BasicSheet.java:979  | Stored /sheet#1/sheet#1.xml
2017-10-06 14:44:40,022 INFO [91387032]       StepMonitoring.java:96   | SCALE
2017-10-06 14:44:40,061 INFO [91387032]            ScaleStep.java:87   | Scale{line(3,4,5) interline(16,17,17) beam(13)}
2017-10-06 14:44:40,064 INFO [91387032]            BasicBook.java:1395 | Stored /book.xml
2017-10-06 14:44:40,066 INFO [91387032]           BasicSheet.java:979  | Stored /sheet#1/sheet#1.xml
2017-10-06 14:44:40,068 INFO [91387032]       StepMonitoring.java:96   | GRID
2017-10-06 14:44:40,914 INFO [91387032]       LinesRetriever.java:442  | Global slope: 0.00091
2017-10-06 14:44:40,993 INFO [91387032]    ClustersRetriever.java:241  | Retrieved line clusters: 12 of size: 5 with interline: (16,17,17)
2017-10-06 14:44:41,551 INFO [91387032]            PeakGraph.java:181  | Systems: #1[1, 2] #2[3, 4] #3[5, 6] #4[7, 8] #5[9, 10] #6[11, 12]
2017-10-06 14:44:42,534 INFO [91387032]        SystemManager.java:626  | Indentation detected for system#1
2017-10-06 14:44:42,534 INFO [91387032]        SystemManager.java:626  | Indentation detected for system#5
2017-10-06 14:44:42,535 INFO [91387032]        SystemManager.java:671  | 2 pages found in sheet
2017-10-06 14:44:42,535 INFO [91387032]        SystemManager.java:709  | Page #1: 1 part along 4 systems
2017-10-06 14:44:42,535 INFO [91387032]        SystemManager.java:709  | Page #2: 1 part along 2 systems
2017-10-06 14:44:42,539 INFO [91387032]            BasicBook.java:1395 | Stored /book.xml
2017-10-06 14:44:42,759 INFO [91387032]           BasicSheet.java:979  | Stored /sheet#1/sheet#1.xml
2017-10-06 14:44:42,763 INFO [91387032]       StepMonitoring.java:96   | HEADERS
2017-10-06 14:44:43,139 INFO [91387032]          Nd4jBackend.java:194  | Loaded [CpuBackend] backend
2017-10-06 14:44:43,203 INFO [91387032]      NativeOpsHolder.java:49   | Number of threads used for NativeOps: 2
2017-10-06 14:44:43,623 INFO [91387032] DefaultOpExecutioner.java:544  | Backend used: [CPU]; OS: [Mac OS X]
2017-10-06 14:44:43,624 INFO [91387032] DefaultOpExecutioner.java:545  | Cores: [4]; Memory: [3.6GB];
2017-10-06 14:44:43,624 INFO [91387032] DefaultOpExecutioner.java:546  | Blas vendor: [OPENBLAS]
2017-10-06 14:44:43,663 INFO [91387032]   AbstractClassifier.java:332  | Classifier data loaded from default uri jar:file:/Users/stephenn/Documents/workspace/audiveris/build/distributions/Audiveris/lib/audiveris.jar!/res/basic-classifier.zip
2017-10-06 14:44:45,183 WARN [91387032]          ClefBuilder.java:560  | Staff#2 no header clef.
2017-10-06 14:44:45,754 WARN [91387032]          ClefBuilder.java:560  | Staff#6 no header clef.
2017-10-06 14:44:46,020 WARN [91387032]          ClefBuilder.java:560  | Staff#8 no header clef.
2017-10-06 14:44:46,420 WARN [91387032]          ClefBuilder.java:560  | Staff#12 no header clef.
2017-10-06 14:44:46,442 INFO [91387032]            BasicBook.java:1395 | Stored /book.xml
2017-10-06 14:44:46,743 INFO []   AbstractClassifier.java:332  | Classifier data loaded from default uri jar:file:/Users/stephenn/Documents/workspace/audiveris/build/distributions/Audiveris/lib/audiveris.jar!/res/deep-classifier.zip
2017-10-06 14:44:46,809 INFO [91387032]           BasicSheet.java:979  | Stored /sheet#1/sheet#1.xml
2017-10-06 14:44:46,811 INFO [91387032]       StepMonitoring.java:96   | STEM_SEEDS
2017-10-06 14:44:46,912 INFO [91387032]        StemSeedsStep.java:91   | stem(4 max:5)
2017-10-06 14:44:47,024 INFO [91387032]            BasicBook.java:1395 | Stored /book.xml
2017-10-06 14:44:47,569 INFO [91387032]           BasicSheet.java:979  | Stored /sheet#1/sheet#1.xml
2017-10-06 14:44:47,575 INFO [91387032]       StepMonitoring.java:96   | BEAMS
2017-10-06 14:44:52,296 INFO [91387032]            BeamsStep.java:89   | BeamDistance{count:54 mean:14.81 stdDev:3.01}
2017-10-06 14:44:52,300 INFO [91387032]            BasicBook.java:1395 | Stored /book.xml
2017-10-06 14:44:52,362 INFO [91387032]              Picture.java:786  | Stored /sheet#1/HEAD_SPOTS.xml
2017-10-06 14:44:52,850 INFO [91387032]           BasicSheet.java:979  | Stored /sheet#1/sheet#1.xml
2017-10-06 14:44:52,852 INFO [91387032]       StepMonitoring.java:96   | LEDGERS
2017-10-06 14:44:53,448 INFO [91387032]            BasicBook.java:1395 | Stored /book.xml
2017-10-06 14:44:54,001 INFO [91387032]           BasicSheet.java:979  | Stored /sheet#1/sheet#1.xml
2017-10-06 14:44:54,004 INFO [91387032]       StepMonitoring.java:96   | HEADS
2017-10-06 14:44:56,489 INFO [91387032]            BasicBook.java:1395 | Stored /book.xml
2017-10-06 14:44:57,300 INFO [91387032]           BasicSheet.java:979  | Stored /sheet#1/sheet#1.xml
2017-10-06 14:44:57,302 INFO [91387032]       StepMonitoring.java:96   | STEMS
2017-10-06 14:44:59,758 INFO [91387032]            BasicBook.java:1395 | Stored /book.xml
2017-10-06 14:45:01,130 INFO [91387032]           BasicSheet.java:979  | Stored /sheet#1/sheet#1.xml
2017-10-06 14:45:01,133 INFO [91387032]       StepMonitoring.java:96   | REDUCTION
2017-10-06 14:45:01,776 INFO [91387032]            BasicBook.java:1395 | Stored /book.xml
2017-10-06 14:45:02,531 INFO [91387032]           BasicSheet.java:979  | Stored /sheet#1/sheet#1.xml
2017-10-06 14:45:02,533 INFO [91387032]       StepMonitoring.java:96   | CUE_BEAMS
2017-10-06 14:45:02,545 INFO [91387032]         BeamsBuilder.java:2012 | Mixed or unknown direction in cue area CueAggregate{S2A1 bounds:java.awt.Rectangle[x=766,y=805,width=25,height=99] HeadInter{#2595(0.441/0.656) s:4 p:-2.00 NOTEHEAD_BLACK_SMALL}+StemInter{#4949(0.743/0.914)} HeadInter{#2625(0.454/0.677) s:4 p:0.00 NOTEHEAD_BLACK_SMALL}+StemInter{#4949(0.743/0.914)}}
2017-10-06 14:45:02,548 INFO [91387032]            BasicBook.java:1395 | Stored /book.xml
2017-10-06 14:45:03,308 INFO [91387032]           BasicSheet.java:979  | Stored /sheet#1/sheet#1.xml
2017-10-06 14:45:03,311 INFO [91387032]       StepMonitoring.java:96   | TEXTS
2017-10-06 14:45:05,192 INFO [91387032]            BasicBook.java:1395 | Stored /book.xml
2017-10-06 14:45:05,950 INFO [91387032]           BasicSheet.java:979  | Stored /sheet#1/sheet#1.xml
2017-10-06 14:45:05,952 INFO [91387032]       StepMonitoring.java:96   | MEASURES
2017-10-06 14:45:05,957 INFO [91387032]                 Page.java:210  | 18 raw measures: [5 in system#1, 4 in system#2, 5 in system#3, 4 in system#4]
2017-10-06 14:45:05,958 INFO [91387032]                 Page.java:210  | 8 raw measures: [4 in system#5, 4 in system#6]
2017-10-06 14:45:05,959 INFO [91387032]            BasicBook.java:1395 | Stored /book.xml
2017-10-06 14:45:06,710 INFO [91387032]           BasicSheet.java:979  | Stored /sheet#1/sheet#1.xml
2017-10-06 14:45:06,713 INFO [91387032]       StepMonitoring.java:96   | CHORDS
2017-10-06 14:45:06,725 INFO [91387032]            BasicBook.java:1395 | Stored /book.xml
2017-10-06 14:45:07,517 INFO [91387032]           BasicSheet.java:979  | Stored /sheet#1/sheet#1.xml
2017-10-06 14:45:07,520 INFO [91387032]       StepMonitoring.java:96   | CURVES
2017-10-06 14:45:09,196 INFO [91387032]         SlursBuilder.java:157  | Slurs: 23
2017-10-06 14:45:09,213 INFO [91387032]      SegmentsBuilder.java:113  | Segments: 16
2017-10-06 14:45:09,220 INFO [91387032]            BasicBook.java:1395 | Stored /book.xml
2017-10-06 14:45:10,395 INFO [91387032]           BasicSheet.java:979  | Stored /sheet#1/sheet#1.xml
2017-10-06 14:45:10,397 INFO [91387032]       StepMonitoring.java:96   | SYMBOLS
2017-10-06 14:45:11,057 INFO [91387032]       SymbolsBuilder.java:340  | Symbol parts shrunk from 9 to 7
2017-10-06 14:45:12,165 INFO [91387032]       SymbolsBuilder.java:340  | Symbol parts shrunk from 10 to 7
2017-10-06 14:45:13,845 INFO [91387032]            BasicBook.java:1395 | Stored /book.xml
2017-10-06 14:45:14,467 INFO [91387032]           BasicSheet.java:979  | Stored /sheet#1/sheet#1.xml
2017-10-06 14:45:14,469 INFO [91387032]       StepMonitoring.java:96   | LINKS
2017-10-06 14:45:14,521 INFO [91387032]            BasicBook.java:1395 | Stored /book.xml
2017-10-06 14:45:15,145 INFO [91387032]           BasicSheet.java:979  | Stored /sheet#1/sheet#1.xml
2017-10-06 14:45:15,148 INFO [91387032]       StepMonitoring.java:96   | RHYTHMS
2017-10-06 14:45:15,194 INFO [91387032]           PageRhythm.java:314  | Range{1-18} Durations avgGuess:3/4 topGuess:5/8 avgValue:0.74 stacks:18 voices:36 Histogram{1/8-11/8 size:6 [1/8=2 5/8=16 3/4=14 7/8=1 9/8=2 11/8=1]}
2017-10-06 14:45:15,195 INFO [91387032]           PageRhythm.java:221  | S1 Range{1-18 dur:3/4} should update to 3/4-based time sig?
2017-10-06 14:45:15,196 INFO [91387032]                Voice.java:257  | S1 MeasureStack#1 Voice #1 too long 3/8
2017-10-06 14:45:15,196 INFO [91387032]                Voice.java:257  | S1 MeasureStack#1 Voice #2 too long 3/8
2017-10-06 14:45:15,197 INFO [91387032]           StackTuner.java:92   | S1 MeasureStack#1 no correct rhythm
2017-10-06 14:45:15,200 INFO [91387032]                Voice.java:257  | S1 MeasureStack#4 Voice #1 too long 1/8
2017-10-06 14:45:15,201 INFO [91387032]           StackTuner.java:92   | S1 MeasureStack#4 no correct rhythm
2017-10-06 14:45:15,215 INFO [91387032]                Voice.java:257  | S4 MeasureStack#15 Voice #1 too long 5/8
2017-10-06 14:45:15,216 INFO [91387032]           StackTuner.java:92   | S4 MeasureStack#15 no correct rhythm
2017-10-06 14:45:15,230 INFO [91387032]           PageRhythm.java:314  | Range{1-8 ts:3/8} Durations avgGuess:1/2 topGuess:3/8 avgValue:0.50 stacks:8 voices:16 Histogram{5/32-1/2 size:5 [5/32=1 1/4=2 9/32=1 3/8=11 1/2=1]}
2017-10-06 14:45:15,231 INFO [91387032]           PageRhythm.java:221  | S5 Range{1-8 ts:3/8 dur:1/2} should update to 1/2-based time sig?
2017-10-06 14:45:15,235 INFO [91387032]         SlotsBuilder.java:427  | S5 MeasureStack#3 Slot{#6 xOffset=254 timeOffset=9/32 incomings=[#5463] SUSPICIOUS}
2017-10-06 14:45:15,236 INFO [91387032]         SlotsBuilder.java:427  | S5 MeasureStack#4 Slot{#4 xOffset=143 timeOffset=1/4 incomings=[#5478] SUSPICIOUS}
2017-10-06 14:45:15,237 INFO [91387032]         SlotsBuilder.java:427  | S6 MeasureStack#5 Slot{#4 xOffset=275 timeOffset=5/32 incomings=[#5481] SUSPICIOUS}
2017-10-06 14:45:15,238 INFO [91387032]         SlotsBuilder.java:427  | S6 MeasureStack#5 Slot{#7 xOffset=392 timeOffset=5/16 incomings=[#5483] SUSPICIOUS}
2017-10-06 14:45:15,241 INFO [91387032]         SlotsBuilder.java:427  | S6 MeasureStack#8 Slot{#3 xOffset=166 timeOffset=3/8 incomings=[#5498] SUSPICIOUS}
2017-10-06 14:45:15,242 INFO [91387032]                Voice.java:257  | S6 MeasureStack#8 Voice #1 too long 1/8
2017-10-06 14:45:15,242 INFO [91387032]           StackTuner.java:92   | S6 MeasureStack#8 no correct rhythm
2017-10-06 14:45:15,244 INFO [91387032]            BasicBook.java:1395 | Stored /book.xml
2017-10-06 14:45:15,942 INFO [91387032]           BasicSheet.java:979  | Stored /sheet#1/sheet#1.xml
2017-10-06 14:45:15,944 INFO [91387032]       StepMonitoring.java:96   | PAGE
2017-10-06 14:45:15,949 INFO [91387032]                Voice.java:257  | S1 MeasureStack#1 Voice #1 too long 3/8
2017-10-06 14:45:15,949 INFO [91387032]                Voice.java:257  | S1 MeasureStack#1 Voice #2 too long 3/8
2017-10-06 14:45:15,950 INFO [91387032]                Voice.java:257  | S1 MeasureStack#4 Voice #1 too long 1/8
2017-10-06 14:45:15,951 INFO [91387032]                Voice.java:257  | S4 MeasureStack#15 Voice #1 too long 5/8
2017-10-06 14:45:15,952 INFO [91387032]                Voice.java:257  | S6 MeasureStack#8 Voice #1 too long 1/8
2017-10-06 14:45:15,954 INFO [91387032]            BasicBook.java:1395 | Stored /book.xml
2017-10-06 14:45:16,594 INFO [91387032]           BasicSheet.java:979  | Stored /sheet#1/sheet#1.xml
2017-10-06 14:45:16,597 INFO [91387032]            BasicStub.java:723  | Sheet{91387032} disposed
2017-10-06 14:45:17,735 INFO [91387032]            BasicStub.java:449  | Loaded /sheet#1/sheet#1.xml
2017-10-06 14:45:17,737 INFO [91387032]            BasicBook.java:1133 | Scores built: 2
2017-10-06 14:45:18,840 WARN [91387032]      PartwiseBuilder.java:1379 | Error visiting null
java.lang.NullPointerException: null
	at org.audiveris.omr.score.PartwiseBuilder.processKey(PartwiseBuilder.java:1344)
	at org.audiveris.omr.score.PartwiseBuilder.processKeys(PartwiseBuilder.java:1407)
	at org.audiveris.omr.score.PartwiseBuilder.processMeasure(PartwiseBuilder.java:1575)
	at org.audiveris.omr.score.PartwiseBuilder.processPart(PartwiseBuilder.java:1988)
	at org.audiveris.omr.score.PartwiseBuilder.processSystem(PartwiseBuilder.java:2528)
	at org.audiveris.omr.score.PartwiseBuilder.processLogicalPart(PartwiseBuilder.java:1433)
	at org.audiveris.omr.score.PartwiseBuilder.processStub(PartwiseBuilder.java:2483)
	at org.audiveris.omr.score.PartwiseBuilder.processPartList(PartwiseBuilder.java:2017)
	at org.audiveris.omr.score.PartwiseBuilder.processScore(PartwiseBuilder.java:2195)
	at org.audiveris.omr.score.PartwiseBuilder.build(PartwiseBuilder.java:307)
	at org.audiveris.omr.score.ScoreExporter.export(ScoreExporter.java:117)
	at org.audiveris.omr.score.ScoreExporter.export(ScoreExporter.java:91)
	at org.audiveris.omr.sheet.BasicBook.export(BasicBook.java:589)
	at org.audiveris.omr.CLI$ProcessingTask.processBook(CLI.java:785)
	at org.audiveris.omr.CLI$CliTask.call(CLI.java:344)
	at org.audiveris.omr.Main.runBatchTasks(Main.java:316)
	at org.audiveris.omr.Main.main(Main.java:155)
	at Audiveris.main(Audiveris.java:49)
2017-10-06 14:45:18,859 WARN [91387032]      PartwiseBuilder.java:1379 | Error visiting null
java.lang.NullPointerException: null
	at org.audiveris.omr.score.PartwiseBuilder.processKey(PartwiseBuilder.java:1344)
	at org.audiveris.omr.score.PartwiseBuilder.processKeys(PartwiseBuilder.java:1407)
	at org.audiveris.omr.score.PartwiseBuilder.processMeasure(PartwiseBuilder.java:1575)
	at org.audiveris.omr.score.PartwiseBuilder.processPart(PartwiseBuilder.java:1988)
	at org.audiveris.omr.score.PartwiseBuilder.processSystem(PartwiseBuilder.java:2528)
	at org.audiveris.omr.score.PartwiseBuilder.processLogicalPart(PartwiseBuilder.java:1433)
	at org.audiveris.omr.score.PartwiseBuilder.processStub(PartwiseBuilder.java:2483)
	at org.audiveris.omr.score.PartwiseBuilder.processPartList(PartwiseBuilder.java:2017)
	at org.audiveris.omr.score.PartwiseBuilder.processScore(PartwiseBuilder.java:2195)
	at org.audiveris.omr.score.PartwiseBuilder.build(PartwiseBuilder.java:307)
	at org.audiveris.omr.score.ScoreExporter.export(ScoreExporter.java:117)
	at org.audiveris.omr.score.ScoreExporter.export(ScoreExporter.java:91)
	at org.audiveris.omr.sheet.BasicBook.export(BasicBook.java:589)
	at org.audiveris.omr.CLI$ProcessingTask.processBook(CLI.java:785)
	at org.audiveris.omr.CLI$CliTask.call(CLI.java:344)
	at org.audiveris.omr.Main.runBatchTasks(Main.java:316)
	at org.audiveris.omr.Main.main(Main.java:155)
	at Audiveris.main(Audiveris.java:49)
2017-10-06 14:45:18,864 WARN [91387032]      PartwiseBuilder.java:1379 | Error visiting null
java.lang.NullPointerException: null
	at org.audiveris.omr.score.PartwiseBuilder.processKey(PartwiseBuilder.java:1344)
	at org.audiveris.omr.score.PartwiseBuilder.processKeys(PartwiseBuilder.java:1407)
	at org.audiveris.omr.score.PartwiseBuilder.processMeasure(PartwiseBuilder.java:1575)
	at org.audiveris.omr.score.PartwiseBuilder.processPart(PartwiseBuilder.java:1988)
	at org.audiveris.omr.score.PartwiseBuilder.processSystem(PartwiseBuilder.java:2528)
	at org.audiveris.omr.score.PartwiseBuilder.processLogicalPart(PartwiseBuilder.java:1433)
	at org.audiveris.omr.score.PartwiseBuilder.processStub(PartwiseBuilder.java:2483)
	at org.audiveris.omr.score.PartwiseBuilder.processPartList(PartwiseBuilder.java:2017)
	at org.audiveris.omr.score.PartwiseBuilder.processScore(PartwiseBuilder.java:2195)
	at org.audiveris.omr.score.PartwiseBuilder.build(PartwiseBuilder.java:307)
	at org.audiveris.omr.score.ScoreExporter.export(ScoreExporter.java:117)
	at org.audiveris.omr.score.ScoreExporter.export(ScoreExporter.java:91)
	at org.audiveris.omr.sheet.BasicBook.export(BasicBook.java:589)
	at org.audiveris.omr.CLI$ProcessingTask.processBook(CLI.java:785)
	at org.audiveris.omr.CLI$CliTask.call(CLI.java:344)
	at org.audiveris.omr.Main.runBatchTasks(Main.java:316)
	at org.audiveris.omr.Main.main(Main.java:155)
	at Audiveris.main(Audiveris.java:49)
2017-10-06 14:45:18,920 INFO [91387032]        ScoreExporter.java:93   | Score 91387032.mvt1 exported to /Users/stephenn/Documents/workspace/nlsomr/xml_out/91386487/91387032/91387032.mvt1.mxl
2017-10-06 14:45:18,926 WARN [91387032]      PartwiseBuilder.java:1379 | Error visiting null
java.lang.NullPointerException: null
	at org.audiveris.omr.score.PartwiseBuilder.processKey(PartwiseBuilder.java:1344)
	at org.audiveris.omr.score.PartwiseBuilder.processKeys(PartwiseBuilder.java:1407)
	at org.audiveris.omr.score.PartwiseBuilder.processMeasure(PartwiseBuilder.java:1575)
	at org.audiveris.omr.score.PartwiseBuilder.processPart(PartwiseBuilder.java:1988)
	at org.audiveris.omr.score.PartwiseBuilder.processSystem(PartwiseBuilder.java:2528)
	at org.audiveris.omr.score.PartwiseBuilder.processLogicalPart(PartwiseBuilder.java:1433)
	at org.audiveris.omr.score.PartwiseBuilder.processStub(PartwiseBuilder.java:2483)
	at org.audiveris.omr.score.PartwiseBuilder.processPartList(PartwiseBuilder.java:2017)
	at org.audiveris.omr.score.PartwiseBuilder.processScore(PartwiseBuilder.java:2195)
	at org.audiveris.omr.score.PartwiseBuilder.build(PartwiseBuilder.java:307)
	at org.audiveris.omr.score.ScoreExporter.export(ScoreExporter.java:117)
	at org.audiveris.omr.score.ScoreExporter.export(ScoreExporter.java:91)
	at org.audiveris.omr.sheet.BasicBook.export(BasicBook.java:589)
	at org.audiveris.omr.CLI$ProcessingTask.processBook(CLI.java:785)
	at org.audiveris.omr.CLI$CliTask.call(CLI.java:344)
	at org.audiveris.omr.Main.runBatchTasks(Main.java:316)
	at org.audiveris.omr.Main.main(Main.java:155)
	at Audiveris.main(Audiveris.java:49)
2017-10-06 14:45:18,946 INFO [91387032]        ScoreExporter.java:93   | Score 91387032.mvt2 exported to /Users/stephenn/Documents/workspace/nlsomr/xml_out/91386487/91387032/91387032.mvt2.mxl
2017-10-06 14:45:19,097 INFO [91387032]            BasicBook.java:1395 | Stored /book.xml
2017-10-06 14:45:19,097 INFO [91387032]            BasicBook.java:1355 | Book stored as /Users/stephenn/Documents/workspace/nlsomr/xml_out/91386487/91387032/91387032.omr
