2017-10-06 14:26:26,785 INFO [91386780]            BasicBook.java:427  | 1 sheet in /Users/stephenn/Documents/workspace/nlsomr/working/91386780.jpg
2017-10-06 14:26:26,941 INFO []            BasicBook.java:1395 | Stored /book.xml
2017-10-06 14:26:26,941 INFO []            BasicBook.java:1355 | Book stored as /Users/stephenn/Documents/workspace/nlsomr/xml_out/91386487/91386780/91386780.omr
2017-10-06 14:26:26,946 INFO []            BasicBook.java:996  | Book reaching PAGE on sheets:[#1]
2017-10-06 14:26:26,948 INFO [91386780]       StepMonitoring.java:96   | LOAD
2017-10-06 14:26:27,094 INFO [91386780]            BasicBook.java:911  | Loaded image 1 2000x3056 from /Users/stephenn/Documents/workspace/nlsomr/working/91386780.jpg
2017-10-06 14:26:27,102 INFO [91386780]            ImageUtil.java:82   | Converting max RGB to gray ...
2017-10-06 14:26:27,334 INFO [91386780]            BasicBook.java:1395 | Stored /book.xml
2017-10-06 14:26:27,619 INFO [91386780]           BasicSheet.java:979  | Stored /sheet#1/sheet#1.xml
2017-10-06 14:26:27,621 INFO [91386780]       StepMonitoring.java:96   | BINARY
2017-10-06 14:26:28,214 INFO [91386780]            BasicBook.java:1395 | Stored /book.xml
2017-10-06 14:26:28,532 INFO [91386780]              Picture.java:786  | Stored /sheet#1/BINARY.xml
2017-10-06 14:26:28,534 INFO [91386780]           BasicSheet.java:979  | Stored /sheet#1/sheet#1.xml
2017-10-06 14:26:28,536 INFO [91386780]       StepMonitoring.java:96   | SCALE
2017-10-06 14:26:28,576 INFO [91386780]            ScaleStep.java:87   | Scale{line(3,4,5) interline(16,16,17) beam(12)}
2017-10-06 14:26:28,578 INFO [91386780]            BasicBook.java:1395 | Stored /book.xml
2017-10-06 14:26:28,581 INFO [91386780]           BasicSheet.java:979  | Stored /sheet#1/sheet#1.xml
2017-10-06 14:26:28,584 INFO [91386780]       StepMonitoring.java:96   | GRID
2017-10-06 14:26:29,288 INFO [91386780]       LinesRetriever.java:442  | Global slope: -0.00339
2017-10-06 14:26:29,386 INFO [91386780]    ClustersRetriever.java:241  | Retrieved line clusters: 12 of size: 5 with interline: (16,16,17)
2017-10-06 14:26:29,973 INFO [91386780]            PeakGraph.java:181  | Systems: #1[1, 2] #2[3, 4] #3[5, 6] #4[7, 8] #5[9, 10] #6[11, 12]
2017-10-06 14:26:30,935 INFO [91386780]        SystemManager.java:626  | Indentation detected for system#1
2017-10-06 14:26:30,935 INFO [91386780]        SystemManager.java:709  | 1 part along 6 systems
2017-10-06 14:26:30,938 INFO [91386780]            BasicBook.java:1395 | Stored /book.xml
2017-10-06 14:26:31,143 INFO [91386780]           BasicSheet.java:979  | Stored /sheet#1/sheet#1.xml
2017-10-06 14:26:31,145 INFO [91386780]       StepMonitoring.java:96   | HEADERS
2017-10-06 14:26:31,542 INFO [91386780]          Nd4jBackend.java:194  | Loaded [CpuBackend] backend
2017-10-06 14:26:31,614 INFO [91386780]      NativeOpsHolder.java:49   | Number of threads used for NativeOps: 2
2017-10-06 14:26:32,059 INFO [91386780] DefaultOpExecutioner.java:544  | Backend used: [CPU]; OS: [Mac OS X]
2017-10-06 14:26:32,060 INFO [91386780] DefaultOpExecutioner.java:545  | Cores: [4]; Memory: [3.6GB];
2017-10-06 14:26:32,060 INFO [91386780] DefaultOpExecutioner.java:546  | Blas vendor: [OPENBLAS]
2017-10-06 14:26:32,100 INFO [91386780]   AbstractClassifier.java:332  | Classifier data loaded from default uri jar:file:/Users/stephenn/Documents/workspace/audiveris/build/distributions/Audiveris/lib/audiveris.jar!/res/basic-classifier.zip
2017-10-06 14:26:33,743 WARN [91386780]          ClefBuilder.java:560  | Staff#2 no header clef.
2017-10-06 14:26:34,505 WARN [91386780]          ClefBuilder.java:560  | Staff#6 no header clef.
2017-10-06 14:26:34,782 WARN [91386780]          ClefBuilder.java:560  | Staff#8 no header clef.
2017-10-06 14:26:35,178 WARN [91386780]          ClefBuilder.java:560  | Staff#12 no header clef.
2017-10-06 14:26:35,239 INFO [91386780]            BasicBook.java:1395 | Stored /book.xml
2017-10-06 14:26:35,578 INFO []   AbstractClassifier.java:332  | Classifier data loaded from default uri jar:file:/Users/stephenn/Documents/workspace/audiveris/build/distributions/Audiveris/lib/audiveris.jar!/res/deep-classifier.zip
2017-10-06 14:26:35,712 INFO [91386780]           BasicSheet.java:979  | Stored /sheet#1/sheet#1.xml
2017-10-06 14:26:35,721 INFO [91386780]       StepMonitoring.java:96   | STEM_SEEDS
2017-10-06 14:26:35,893 INFO [91386780]        StemSeedsStep.java:91   | stem(4 max:5)
2017-10-06 14:26:36,404 INFO [91386780]            BasicBook.java:1395 | Stored /book.xml
2017-10-06 14:26:36,734 INFO [91386780]           BasicSheet.java:979  | Stored /sheet#1/sheet#1.xml
2017-10-06 14:26:36,737 INFO [91386780]       StepMonitoring.java:96   | BEAMS
2017-10-06 14:26:41,200 INFO [91386780]            BeamsStep.java:89   | BeamDistance{count:31 mean:15.07 stdDev:0.31}
2017-10-06 14:26:41,203 INFO [91386780]            BasicBook.java:1395 | Stored /book.xml
2017-10-06 14:26:41,274 INFO [91386780]              Picture.java:786  | Stored /sheet#1/HEAD_SPOTS.xml
2017-10-06 14:26:41,694 INFO [91386780]           BasicSheet.java:979  | Stored /sheet#1/sheet#1.xml
2017-10-06 14:26:41,700 INFO [91386780]       StepMonitoring.java:96   | LEDGERS
2017-10-06 14:26:42,218 INFO [91386780]            BasicBook.java:1395 | Stored /book.xml
2017-10-06 14:26:42,687 INFO [91386780]           BasicSheet.java:979  | Stored /sheet#1/sheet#1.xml
2017-10-06 14:26:42,690 INFO [91386780]       StepMonitoring.java:96   | HEADS
2017-10-06 14:26:45,283 INFO [91386780]            BasicBook.java:1395 | Stored /book.xml
2017-10-06 14:26:46,072 INFO [91386780]           BasicSheet.java:979  | Stored /sheet#1/sheet#1.xml
2017-10-06 14:26:46,075 INFO [91386780]       StepMonitoring.java:96   | STEMS
2017-10-06 14:26:48,330 INFO [91386780]            BasicBook.java:1395 | Stored /book.xml
2017-10-06 14:26:49,489 INFO [91386780]           BasicSheet.java:979  | Stored /sheet#1/sheet#1.xml
2017-10-06 14:26:49,491 INFO [91386780]       StepMonitoring.java:96   | REDUCTION
2017-10-06 14:26:50,345 INFO [91386780]            BasicBook.java:1395 | Stored /book.xml
2017-10-06 14:26:50,942 INFO [91386780]           BasicSheet.java:979  | Stored /sheet#1/sheet#1.xml
2017-10-06 14:26:50,945 INFO [91386780]       StepMonitoring.java:96   | CUE_BEAMS
2017-10-06 14:26:50,948 INFO [91386780]            BasicBook.java:1395 | Stored /book.xml
2017-10-06 14:26:51,539 INFO [91386780]           BasicSheet.java:979  | Stored /sheet#1/sheet#1.xml
2017-10-06 14:26:51,542 INFO [91386780]       StepMonitoring.java:96   | TEXTS
2017-10-06 14:26:53,538 INFO [91386780]            BasicBook.java:1395 | Stored /book.xml
2017-10-06 14:26:54,185 INFO [91386780]           BasicSheet.java:979  | Stored /sheet#1/sheet#1.xml
2017-10-06 14:26:54,187 INFO [91386780]       StepMonitoring.java:96   | MEASURES
2017-10-06 14:26:54,191 INFO [91386780]                 Page.java:210  | 18 raw measures: [3 in system#1, 3 in system#2, 3 in system#3, 3 in system#4, 3 in system#5, 3 in system#6]
2017-10-06 14:26:54,193 INFO [91386780]            BasicBook.java:1395 | Stored /book.xml
2017-10-06 14:26:54,814 INFO [91386780]           BasicSheet.java:979  | Stored /sheet#1/sheet#1.xml
2017-10-06 14:26:54,816 INFO [91386780]       StepMonitoring.java:96   | CHORDS
2017-10-06 14:26:54,828 INFO [91386780]            BasicBook.java:1395 | Stored /book.xml
2017-10-06 14:26:55,468 INFO [91386780]           BasicSheet.java:979  | Stored /sheet#1/sheet#1.xml
2017-10-06 14:26:55,470 INFO [91386780]       StepMonitoring.java:96   | CURVES
2017-10-06 14:26:56,966 INFO [91386780]         SlursBuilder.java:762  | RIGHT collision SlurInter{#5780(0.381)} & SlurInter{#6027(0.278)} @ HeadInter{#3340(0.665/0.831) e#5442 s:6 p:5.00 NOTEHEAD_BLACK}
2017-10-06 14:26:56,967 INFO [91386780]         SlursBuilder.java:762  | RIGHT collision SlurInter{#6027(0.278)} & SlurInter{#5780(0.381)} @ HeadInter{#3340(0.665/0.831) e#5442 s:6 p:5.00 NOTEHEAD_BLACK}
2017-10-06 14:26:56,968 INFO [91386780]         SlursBuilder.java:157  | Slurs: 50
2017-10-06 14:26:57,002 INFO [91386780]      SegmentsBuilder.java:113  | Segments: 30
2017-10-06 14:26:57,011 INFO [91386780]            BasicBook.java:1395 | Stored /book.xml
2017-10-06 14:26:57,937 INFO [91386780]           BasicSheet.java:979  | Stored /sheet#1/sheet#1.xml
2017-10-06 14:26:57,939 INFO [91386780]       StepMonitoring.java:96   | SYMBOLS
2017-10-06 14:26:59,603 INFO [91386780]       SymbolsBuilder.java:340  | Symbol parts shrunk from 9 to 7
2017-10-06 14:27:01,365 INFO [91386780]            BasicBook.java:1395 | Stored /book.xml
2017-10-06 14:27:02,571 INFO [91386780]           BasicSheet.java:979  | Stored /sheet#1/sheet#1.xml
2017-10-06 14:27:02,573 INFO [91386780]       StepMonitoring.java:96   | LINKS
2017-10-06 14:27:02,576 INFO [91386780]        SymbolsLinker.java:252  | No chord above PedalInter{#7237(0.778) PEDAL_UP_MARK}
2017-10-06 14:27:02,576 INFO [91386780]        SymbolsLinker.java:252  | No chord above PedalInter{#7239(0.800) PEDAL_UP_MARK}
2017-10-06 14:27:02,599 INFO [91386780]        SymbolsLinker.java:252  | No chord above PedalInter{#7328(0.799) PEDAL_UP_MARK}
2017-10-06 14:27:02,636 INFO [91386780]            BasicBook.java:1395 | Stored /book.xml
2017-10-06 14:27:03,816 INFO [91386780]           BasicSheet.java:979  | Stored /sheet#1/sheet#1.xml
2017-10-06 14:27:03,818 INFO [91386780]       StepMonitoring.java:96   | RHYTHMS
2017-10-06 14:27:03,837 INFO [91386780]         SlotsBuilder.java:434  | Stack#3 endless loop detected
2017-10-06 14:27:03,842 INFO [91386780]         SlotsBuilder.java:399  | Stack#4 suspicious Slot{#8 xOffset=553 timeOffset=1/2 incomings=[#5404]}
2017-10-06 14:27:03,849 INFO [91386780]         SlotsBuilder.java:434  | Stack#7 endless loop detected
2017-10-06 14:27:03,853 INFO [91386780]         SlotsBuilder.java:399  | Stack#8 suspicious Slot{#8 xOffset=436 timeOffset=1/2 incomings=[#5452]}
2017-10-06 14:27:03,863 INFO [91386780]         SlotsBuilder.java:399  | Stack#12 suspicious Slot{#7 xOffset=472 timeOffset=1/2 incomings=[#5492]}
2017-10-06 14:27:03,867 INFO [91386780]         SlotsBuilder.java:399  | Stack#13 suspicious Slot{#7 xOffset=529 timeOffset=1/2 incomings=[#5521]}
2017-10-06 14:27:03,873 INFO [91386780]         SlotsBuilder.java:434  | Stack#16 endless loop detected
2017-10-06 14:27:03,877 INFO [91386780]         SlotsBuilder.java:399  | Stack#17 suspicious Slot{#8 xOffset=439 timeOffset=1/2 incomings=[#5570]}
2017-10-06 14:27:03,882 INFO [91386780]           PageRhythm.java:314  | Range{1-18} Durations avgGuess:3/4 topGuess:5/8 avgValue:0.63 stacks:18 voices:52 Histogram{1/8-13/16 size:12 [1/8=3 3/16=3 7/32=1 1/4=8 3/8=2 7/16=2 1/2=9 5/8=14 11/16=2 3/4=6 25/32=1 13/16=1]}
2017-10-06 14:27:03,884 INFO [91386780]           PageRhythm.java:221  | S1 Range{1-18 dur:3/4} should update to 3/4-based time sig?
2017-10-06 14:27:03,887 INFO [91386780]         SlotsBuilder.java:427  | S1 MeasureStack#2 Slot{#7 xOffset=400 timeOffset=11/16 incomings=[#5372] SUSPICIOUS}
2017-10-06 14:27:03,889 INFO [91386780]                Voice.java:257  | S1 MeasureStack#2 Voice #3 too long 1/16
2017-10-06 14:27:03,889 INFO [91386780]           StackTuner.java:92   | S1 MeasureStack#2 no correct rhythm
2017-10-06 14:27:03,892 INFO [91386780]         SlotsBuilder.java:434  | Stack#3 endless loop detected
2017-10-06 14:27:03,899 INFO [91386780]         SlotsBuilder.java:434  | Stack#4 endless loop detected
2017-10-06 14:27:03,904 INFO [91386780]                Voice.java:257  | S2 MeasureStack#6 Voice #1 too long 1/32
2017-10-06 14:27:03,904 INFO [91386780]                Voice.java:257  | S2 MeasureStack#6 Voice #3 too long 1/16
2017-10-06 14:27:03,905 INFO [91386780]           StackTuner.java:92   | S2 MeasureStack#6 no correct rhythm
2017-10-06 14:27:03,907 INFO [91386780]         SlotsBuilder.java:434  | Stack#7 endless loop detected
2017-10-06 14:27:03,912 INFO [91386780]         SlotsBuilder.java:427  | S3 MeasureStack#8 Slot{#11 xOffset=537 timeOffset=5/8 incomings=[#5453] SUSPICIOUS}
2017-10-06 14:27:03,913 INFO [91386780]         SlotsBuilder.java:427  | S3 MeasureStack#9 Slot{#3 xOffset=146 timeOffset=3/8 incomings=[#5455] SUSPICIOUS}
2017-10-06 14:27:03,915 INFO [91386780]         SlotsBuilder.java:427  | S4 MeasureStack#11 Slot{#7 xOffset=391 timeOffset=7/16 incomings=[#5479#5481] SUSPICIOUS}
2017-10-06 14:27:03,916 INFO [91386780]         SlotsBuilder.java:427  | S4 MeasureStack#11 Slot{#10 xOffset=569 timeOffset=3/4 incomings=[#5483] SUSPICIOUS}
2017-10-06 14:27:03,917 INFO [91386780]                Voice.java:257  | S4 MeasureStack#11 Voice #1 too long 1/8
2017-10-06 14:27:03,917 INFO [91386780]                Voice.java:257  | S4 MeasureStack#11 Voice #3 too long 1/8
2017-10-06 14:27:03,918 INFO [91386780]           StackTuner.java:92   | S4 MeasureStack#11 no correct rhythm
2017-10-06 14:27:03,922 INFO [91386780]         SlotsBuilder.java:427  | S4 MeasureStack#12 Slot{#10 xOffset=591 timeOffset=5/8 incomings=[#5493] SUSPICIOUS}
2017-10-06 14:27:03,926 INFO [91386780]         SlotsBuilder.java:427  | S5 MeasureStack#13 Slot{#10 xOffset=627 timeOffset=5/8 incomings=[#5522] SUSPICIOUS}
2017-10-06 14:27:03,927 INFO [91386780]         SlotsBuilder.java:427  | S5 MeasureStack#14 Slot{#6 xOffset=362 timeOffset=3/4 incomings=[#5527] SUSPICIOUS}
2017-10-06 14:27:03,928 INFO [91386780]                Voice.java:257  | S5 MeasureStack#14 Voice #1 too long 1/16
2017-10-06 14:27:03,928 INFO [91386780]                Voice.java:257  | S5 MeasureStack#14 Voice #2 too long 3/16
2017-10-06 14:27:03,929 INFO [91386780]           StackTuner.java:92   | S5 MeasureStack#14 no correct rhythm
2017-10-06 14:27:03,933 INFO [91386780]         SlotsBuilder.java:434  | Stack#16 endless loop detected
2017-10-06 14:27:03,936 INFO [91386780]         SlotsBuilder.java:427  | S6 MeasureStack#17 Slot{#11 xOffset=540 timeOffset=5/8 incomings=[#5571] SUSPICIOUS}
2017-10-06 14:27:03,941 INFO [91386780]            BasicBook.java:1395 | Stored /book.xml
2017-10-06 14:27:05,101 INFO [91386780]           BasicSheet.java:979  | Stored /sheet#1/sheet#1.xml
2017-10-06 14:27:05,103 INFO [91386780]       StepMonitoring.java:96   | PAGE
2017-10-06 14:27:05,107 INFO [91386780]                 Part.java:267  | Could not left-connect slur#6021
2017-10-06 14:27:05,109 INFO [91386780]                 Part.java:267  | Could not left-connect slur#5936
2017-10-06 14:27:05,110 INFO [91386780]                Voice.java:257  | S1 MeasureStack#2 Voice #3 too long 1/16
2017-10-06 14:27:05,111 INFO [91386780]                Voice.java:257  | S2 MeasureStack#6 Voice #1 too long 1/32
2017-10-06 14:27:05,111 INFO [91386780]                Voice.java:257  | S2 MeasureStack#6 Voice #3 too long 1/16
2017-10-06 14:27:05,112 INFO [91386780]                Voice.java:257  | S4 MeasureStack#11 Voice #1 too long 1/8
2017-10-06 14:27:05,112 INFO [91386780]                Voice.java:257  | S4 MeasureStack#11 Voice #3 too long 1/8
2017-10-06 14:27:05,112 INFO [91386780]                Voice.java:257  | S5 MeasureStack#14 Voice #1 too long 1/16
2017-10-06 14:27:05,113 INFO [91386780]                Voice.java:257  | S5 MeasureStack#14 Voice #2 too long 3/16
2017-10-06 14:27:05,116 INFO [91386780]            BasicBook.java:1395 | Stored /book.xml
2017-10-06 14:27:06,248 INFO [91386780]           BasicSheet.java:979  | Stored /sheet#1/sheet#1.xml
2017-10-06 14:27:06,250 INFO [91386780]            BasicStub.java:723  | Sheet{91386780} disposed
2017-10-06 14:27:07,272 INFO [91386780]            BasicStub.java:449  | Loaded /sheet#1/sheet#1.xml
2017-10-06 14:27:07,274 INFO [91386780]            BasicBook.java:1133 | Scores built: 1
2017-10-06 14:27:08,620 WARN [91386780]      PartwiseBuilder.java:1379 | Error visiting null
java.lang.NullPointerException: null
	at org.audiveris.omr.score.PartwiseBuilder.processKey(PartwiseBuilder.java:1344)
	at org.audiveris.omr.score.PartwiseBuilder.processKeys(PartwiseBuilder.java:1407)
	at org.audiveris.omr.score.PartwiseBuilder.processMeasure(PartwiseBuilder.java:1575)
	at org.audiveris.omr.score.PartwiseBuilder.processPart(PartwiseBuilder.java:1988)
	at org.audiveris.omr.score.PartwiseBuilder.processSystem(PartwiseBuilder.java:2528)
	at org.audiveris.omr.score.PartwiseBuilder.processLogicalPart(PartwiseBuilder.java:1433)
	at org.audiveris.omr.score.PartwiseBuilder.processStub(PartwiseBuilder.java:2483)
	at org.audiveris.omr.score.PartwiseBuilder.processPartList(PartwiseBuilder.java:2017)
	at org.audiveris.omr.score.PartwiseBuilder.processScore(PartwiseBuilder.java:2195)
	at org.audiveris.omr.score.PartwiseBuilder.build(PartwiseBuilder.java:307)
	at org.audiveris.omr.score.ScoreExporter.export(ScoreExporter.java:117)
	at org.audiveris.omr.score.ScoreExporter.export(ScoreExporter.java:91)
	at org.audiveris.omr.sheet.BasicBook.export(BasicBook.java:589)
	at org.audiveris.omr.CLI$ProcessingTask.processBook(CLI.java:785)
	at org.audiveris.omr.CLI$CliTask.call(CLI.java:344)
	at org.audiveris.omr.Main.runBatchTasks(Main.java:316)
	at org.audiveris.omr.Main.main(Main.java:155)
	at Audiveris.main(Audiveris.java:49)
2017-10-06 14:27:08,638 WARN [91386780]      PartwiseBuilder.java:1379 | Error visiting null
java.lang.NullPointerException: null
	at org.audiveris.omr.score.PartwiseBuilder.processKey(PartwiseBuilder.java:1344)
	at org.audiveris.omr.score.PartwiseBuilder.processKeys(PartwiseBuilder.java:1407)
	at org.audiveris.omr.score.PartwiseBuilder.processMeasure(PartwiseBuilder.java:1575)
	at org.audiveris.omr.score.PartwiseBuilder.processPart(PartwiseBuilder.java:1988)
	at org.audiveris.omr.score.PartwiseBuilder.processSystem(PartwiseBuilder.java:2528)
	at org.audiveris.omr.score.PartwiseBuilder.processLogicalPart(PartwiseBuilder.java:1433)
	at org.audiveris.omr.score.PartwiseBuilder.processStub(PartwiseBuilder.java:2483)
	at org.audiveris.omr.score.PartwiseBuilder.processPartList(PartwiseBuilder.java:2017)
	at org.audiveris.omr.score.PartwiseBuilder.processScore(PartwiseBuilder.java:2195)
	at org.audiveris.omr.score.PartwiseBuilder.build(PartwiseBuilder.java:307)
	at org.audiveris.omr.score.ScoreExporter.export(ScoreExporter.java:117)
	at org.audiveris.omr.score.ScoreExporter.export(ScoreExporter.java:91)
	at org.audiveris.omr.sheet.BasicBook.export(BasicBook.java:589)
	at org.audiveris.omr.CLI$ProcessingTask.processBook(CLI.java:785)
	at org.audiveris.omr.CLI$CliTask.call(CLI.java:344)
	at org.audiveris.omr.Main.runBatchTasks(Main.java:316)
	at org.audiveris.omr.Main.main(Main.java:155)
	at Audiveris.main(Audiveris.java:49)
2017-10-06 14:27:08,644 WARN [91386780]      PartwiseBuilder.java:1379 | Error visiting null
java.lang.NullPointerException: null
	at org.audiveris.omr.score.PartwiseBuilder.processKey(PartwiseBuilder.java:1344)
	at org.audiveris.omr.score.PartwiseBuilder.processKeys(PartwiseBuilder.java:1407)
	at org.audiveris.omr.score.PartwiseBuilder.processMeasure(PartwiseBuilder.java:1575)
	at org.audiveris.omr.score.PartwiseBuilder.processPart(PartwiseBuilder.java:1988)
	at org.audiveris.omr.score.PartwiseBuilder.processSystem(PartwiseBuilder.java:2528)
	at org.audiveris.omr.score.PartwiseBuilder.processLogicalPart(PartwiseBuilder.java:1433)
	at org.audiveris.omr.score.PartwiseBuilder.processStub(PartwiseBuilder.java:2483)
	at org.audiveris.omr.score.PartwiseBuilder.processPartList(PartwiseBuilder.java:2017)
	at org.audiveris.omr.score.PartwiseBuilder.processScore(PartwiseBuilder.java:2195)
	at org.audiveris.omr.score.PartwiseBuilder.build(PartwiseBuilder.java:307)
	at org.audiveris.omr.score.ScoreExporter.export(ScoreExporter.java:117)
	at org.audiveris.omr.score.ScoreExporter.export(ScoreExporter.java:91)
	at org.audiveris.omr.sheet.BasicBook.export(BasicBook.java:589)
	at org.audiveris.omr.CLI$ProcessingTask.processBook(CLI.java:785)
	at org.audiveris.omr.CLI$CliTask.call(CLI.java:344)
	at org.audiveris.omr.Main.runBatchTasks(Main.java:316)
	at org.audiveris.omr.Main.main(Main.java:155)
	at Audiveris.main(Audiveris.java:49)
2017-10-06 14:27:08,656 WARN [91386780]      PartwiseBuilder.java:1379 | Error visiting null
java.lang.NullPointerException: null
	at org.audiveris.omr.score.PartwiseBuilder.processKey(PartwiseBuilder.java:1344)
	at org.audiveris.omr.score.PartwiseBuilder.processKeys(PartwiseBuilder.java:1407)
	at org.audiveris.omr.score.PartwiseBuilder.processMeasure(PartwiseBuilder.java:1575)
	at org.audiveris.omr.score.PartwiseBuilder.processPart(PartwiseBuilder.java:1988)
	at org.audiveris.omr.score.PartwiseBuilder.processSystem(PartwiseBuilder.java:2528)
	at org.audiveris.omr.score.PartwiseBuilder.processLogicalPart(PartwiseBuilder.java:1433)
	at org.audiveris.omr.score.PartwiseBuilder.processStub(PartwiseBuilder.java:2483)
	at org.audiveris.omr.score.PartwiseBuilder.processPartList(PartwiseBuilder.java:2017)
	at org.audiveris.omr.score.PartwiseBuilder.processScore(PartwiseBuilder.java:2195)
	at org.audiveris.omr.score.PartwiseBuilder.build(PartwiseBuilder.java:307)
	at org.audiveris.omr.score.ScoreExporter.export(ScoreExporter.java:117)
	at org.audiveris.omr.score.ScoreExporter.export(ScoreExporter.java:91)
	at org.audiveris.omr.sheet.BasicBook.export(BasicBook.java:589)
	at org.audiveris.omr.CLI$ProcessingTask.processBook(CLI.java:785)
	at org.audiveris.omr.CLI$CliTask.call(CLI.java:344)
	at org.audiveris.omr.Main.runBatchTasks(Main.java:316)
	at org.audiveris.omr.Main.main(Main.java:155)
	at Audiveris.main(Audiveris.java:49)
2017-10-06 14:27:08,742 INFO [91386780]        ScoreExporter.java:93   | Score 91386780 exported to /Users/stephenn/Documents/workspace/nlsomr/xml_out/91386487/91386780/91386780.mxl
2017-10-06 14:27:08,940 INFO [91386780]            BasicBook.java:1395 | Stored /book.xml
2017-10-06 14:27:08,941 INFO [91386780]            BasicBook.java:1355 | Book stored as /Users/stephenn/Documents/workspace/nlsomr/xml_out/91386487/91386780/91386780.omr
