2017-10-06 16:11:21,123 INFO [91388196]            BasicBook.java:427  | 1 sheet in /Users/stephenn/Documents/workspace/nlsomr/working/91388196.jpg
2017-10-06 16:11:21,326 INFO []            BasicBook.java:1395 | Stored /book.xml
2017-10-06 16:11:21,327 INFO []            BasicBook.java:1355 | Book stored as /Users/stephenn/Documents/workspace/nlsomr/xml_out/91386487/91388196/91388196.omr
2017-10-06 16:11:21,332 INFO []            BasicBook.java:996  | Book reaching PAGE on sheets:[#1]
2017-10-06 16:11:21,333 INFO [91388196]       StepMonitoring.java:96   | LOAD
2017-10-06 16:11:21,512 INFO [91388196]            BasicBook.java:911  | Loaded image 1 2000x3056 from /Users/stephenn/Documents/workspace/nlsomr/working/91388196.jpg
2017-10-06 16:11:21,515 INFO [91388196]            ImageUtil.java:82   | Converting max RGB to gray ...
2017-10-06 16:11:21,785 INFO [91388196]            BasicBook.java:1395 | Stored /book.xml
2017-10-06 16:11:22,141 INFO [91388196]           BasicSheet.java:979  | Stored /sheet#1/sheet#1.xml
2017-10-06 16:11:22,143 INFO [91388196]       StepMonitoring.java:96   | BINARY
2017-10-06 16:11:22,823 INFO [91388196]            BasicBook.java:1395 | Stored /book.xml
2017-10-06 16:11:23,182 INFO [91388196]              Picture.java:786  | Stored /sheet#1/BINARY.xml
2017-10-06 16:11:23,187 INFO [91388196]           BasicSheet.java:979  | Stored /sheet#1/sheet#1.xml
2017-10-06 16:11:23,189 INFO [91388196]       StepMonitoring.java:96   | SCALE
2017-10-06 16:11:23,230 INFO [91388196]         ScaleBuilder.java:229  | No beam key found, guessed value 10
2017-10-06 16:11:23,230 INFO [91388196]            ScaleStep.java:87   | Scale{line(4,5,6) interline(16,16,17) beam(10 extra)}
2017-10-06 16:11:23,233 INFO [91388196]            BasicBook.java:1395 | Stored /book.xml
2017-10-06 16:11:23,238 INFO [91388196]           BasicSheet.java:979  | Stored /sheet#1/sheet#1.xml
2017-10-06 16:11:23,241 INFO [91388196]       StepMonitoring.java:96   | GRID
2017-10-06 16:11:24,310 INFO [91388196]       LinesRetriever.java:442  | Global slope: -0.00095
2017-10-06 16:11:24,441 INFO [91388196]    ClustersRetriever.java:241  | Retrieved line clusters: 12 of size: 5 with interline: (16,16,17)
2017-10-06 16:11:25,186 INFO [91388196]            PeakGraph.java:181  | Systems: #1[1, 2] #2[3, 4] #3[5, 6] #4[7, 8] #5[9, 10] #6[11, 12]
2017-10-06 16:11:26,083 INFO [91388196]        SystemManager.java:626  | Indentation detected for system#1
2017-10-06 16:11:26,084 INFO [91388196]        SystemManager.java:626  | Indentation detected for system#3
2017-10-06 16:11:26,084 INFO [91388196]        SystemManager.java:626  | Indentation detected for system#5
2017-10-06 16:11:26,084 INFO [91388196]        SystemManager.java:671  | 3 pages found in sheet
2017-10-06 16:11:26,085 INFO [91388196]        SystemManager.java:709  | Page #1: 1 part along 2 systems
2017-10-06 16:11:26,085 INFO [91388196]        SystemManager.java:709  | Page #2: 1 part along 2 systems
2017-10-06 16:11:26,086 INFO [91388196]        SystemManager.java:709  | Page #3: 1 part along 2 systems
2017-10-06 16:11:26,089 INFO [91388196]            BasicBook.java:1395 | Stored /book.xml
2017-10-06 16:11:26,341 INFO [91388196]           BasicSheet.java:979  | Stored /sheet#1/sheet#1.xml
2017-10-06 16:11:26,345 INFO [91388196]       StepMonitoring.java:96   | HEADERS
2017-10-06 16:11:26,844 INFO []          Nd4jBackend.java:194  | Loaded [CpuBackend] backend
2017-10-06 16:11:26,919 INFO []      NativeOpsHolder.java:49   | Number of threads used for NativeOps: 2
2017-10-06 16:11:27,444 INFO [] DefaultOpExecutioner.java:544  | Backend used: [CPU]; OS: [Mac OS X]
2017-10-06 16:11:27,445 INFO [] DefaultOpExecutioner.java:545  | Cores: [4]; Memory: [3.6GB];
2017-10-06 16:11:27,445 INFO [] DefaultOpExecutioner.java:546  | Blas vendor: [OPENBLAS]
2017-10-06 16:11:27,485 INFO []   AbstractClassifier.java:332  | Classifier data loaded from default uri jar:file:/Users/stephenn/Documents/workspace/audiveris/build/distributions/Audiveris/lib/audiveris.jar!/res/basic-classifier.zip
2017-10-06 16:11:29,518 WARN [91388196]          ClefBuilder.java:560  | Staff#6 no header clef.
2017-10-06 16:11:29,905 WARN [91388196]          ClefBuilder.java:560  | Staff#10 no header clef.
2017-10-06 16:11:30,066 INFO [91388196]            BasicBook.java:1395 | Stored /book.xml
2017-10-06 16:11:30,391 INFO [91388196]           BasicSheet.java:979  | Stored /sheet#1/sheet#1.xml
2017-10-06 16:11:30,394 INFO [91388196]       StepMonitoring.java:96   | STEM_SEEDS
2017-10-06 16:11:30,501 INFO [91388196]        StemSeedsStep.java:91   | stem(4 max:5)
2017-10-06 16:11:30,633 INFO [91388196]            BasicBook.java:1395 | Stored /book.xml
2017-10-06 16:11:30,982 INFO [91388196]           BasicSheet.java:979  | Stored /sheet#1/sheet#1.xml
2017-10-06 16:11:30,985 INFO [91388196]       StepMonitoring.java:96   | BEAMS
2017-10-06 16:11:31,102 INFO []   AbstractClassifier.java:332  | Classifier data loaded from default uri jar:file:/Users/stephenn/Documents/workspace/audiveris/build/distributions/Audiveris/lib/audiveris.jar!/res/deep-classifier.zip
2017-10-06 16:11:34,634 INFO [91388196]            BeamsStep.java:89   | BeamDistance{count:2 mean:15.30 stdDev:0.12}
2017-10-06 16:11:34,637 INFO [91388196]            BasicBook.java:1395 | Stored /book.xml
2017-10-06 16:11:34,696 INFO [91388196]              Picture.java:786  | Stored /sheet#1/HEAD_SPOTS.xml
2017-10-06 16:11:35,058 INFO [91388196]           BasicSheet.java:979  | Stored /sheet#1/sheet#1.xml
2017-10-06 16:11:35,060 INFO [91388196]       StepMonitoring.java:96   | LEDGERS
2017-10-06 16:11:35,677 INFO [91388196]            BasicBook.java:1395 | Stored /book.xml
2017-10-06 16:11:36,065 INFO [91388196]           BasicSheet.java:979  | Stored /sheet#1/sheet#1.xml
2017-10-06 16:11:36,067 INFO [91388196]       StepMonitoring.java:96   | HEADS
2017-10-06 16:11:38,681 INFO [91388196]            BasicBook.java:1395 | Stored /book.xml
2017-10-06 16:11:39,595 INFO [91388196]           BasicSheet.java:979  | Stored /sheet#1/sheet#1.xml
2017-10-06 16:11:39,597 INFO [91388196]       StepMonitoring.java:96   | STEMS
2017-10-06 16:11:41,632 INFO [91388196]            BasicBook.java:1395 | Stored /book.xml
2017-10-06 16:11:43,005 INFO [91388196]           BasicSheet.java:979  | Stored /sheet#1/sheet#1.xml
2017-10-06 16:11:43,008 INFO [91388196]       StepMonitoring.java:96   | REDUCTION
2017-10-06 16:11:43,836 INFO [91388196]            BasicBook.java:1395 | Stored /book.xml
2017-10-06 16:11:44,343 INFO [91388196]           BasicSheet.java:979  | Stored /sheet#1/sheet#1.xml
2017-10-06 16:11:44,346 INFO [91388196]       StepMonitoring.java:96   | CUE_BEAMS
2017-10-06 16:11:44,377 INFO [91388196]            BasicBook.java:1395 | Stored /book.xml
2017-10-06 16:11:44,834 INFO [91388196]           BasicSheet.java:979  | Stored /sheet#1/sheet#1.xml
2017-10-06 16:11:44,836 INFO [91388196]       StepMonitoring.java:96   | TEXTS
2017-10-06 16:11:46,246 INFO [91388196]            BasicBook.java:1395 | Stored /book.xml
2017-10-06 16:11:46,685 INFO [91388196]           BasicSheet.java:979  | Stored /sheet#1/sheet#1.xml
2017-10-06 16:11:46,690 INFO [91388196]       StepMonitoring.java:96   | MEASURES
2017-10-06 16:11:46,695 INFO [91388196]                 Page.java:210  | 8 raw measures: [4 in system#1, 4 in system#2]
2017-10-06 16:11:46,695 INFO [91388196]                 Page.java:210  | 9 raw measures: [5 in system#3, 4 in system#4]
2017-10-06 16:11:46,695 INFO [91388196]                 Page.java:210  | 8 raw measures: [4 in system#5, 4 in system#6]
2017-10-06 16:11:46,698 INFO [91388196]            BasicBook.java:1395 | Stored /book.xml
2017-10-06 16:11:47,085 INFO [91388196]           BasicSheet.java:979  | Stored /sheet#1/sheet#1.xml
2017-10-06 16:11:47,091 INFO [91388196]       StepMonitoring.java:96   | CHORDS
2017-10-06 16:11:47,098 INFO [91388196]        ChordsBuilder.java:249  | Deleting StemInter{#5592(0.510/0.547)} on LEFT side of HeadInter{#3159(0.484/0.782) s:5 p:6.00 NOTEHEAD_BLACK}
2017-10-06 16:11:47,101 INFO [91388196]        ChordsBuilder.java:249  | Deleting StemInter{#5643(0.740/0.780)} on LEFT side of HeadInter{#4064(0.415/0.608) s:8 p:1.00 NOTEHEAD_BLACK_SMALL}
2017-10-06 16:11:47,107 INFO [91388196]            BasicBook.java:1395 | Stored /book.xml
2017-10-06 16:11:47,538 INFO [91388196]           BasicSheet.java:979  | Stored /sheet#1/sheet#1.xml
2017-10-06 16:11:47,540 INFO [91388196]       StepMonitoring.java:96   | CURVES
2017-10-06 16:11:48,904 INFO [91388196]         SlursBuilder.java:157  | Slurs: 20
2017-10-06 16:11:48,928 INFO [91388196]      SegmentsBuilder.java:113  | Segments: 9
2017-10-06 16:11:48,935 INFO [91388196]            BasicBook.java:1395 | Stored /book.xml
2017-10-06 16:11:49,479 INFO [91388196]           BasicSheet.java:979  | Stored /sheet#1/sheet#1.xml
2017-10-06 16:11:49,482 INFO [91388196]       StepMonitoring.java:96   | SYMBOLS
2017-10-06 16:11:51,649 INFO [91388196]       SymbolsBuilder.java:340  | Symbol parts shrunk from 11 to 7
2017-10-06 16:11:52,183 INFO [91388196]            BasicBook.java:1395 | Stored /book.xml
2017-10-06 16:11:52,869 INFO [91388196]           BasicSheet.java:979  | Stored /sheet#1/sheet#1.xml
2017-10-06 16:11:52,873 INFO [91388196]       StepMonitoring.java:96   | LINKS
2017-10-06 16:11:52,925 INFO [91388196]            BasicBook.java:1395 | Stored /book.xml
2017-10-06 16:11:53,649 INFO [91388196]           BasicSheet.java:979  | Stored /sheet#1/sheet#1.xml
2017-10-06 16:11:53,651 INFO [91388196]       StepMonitoring.java:96   | RHYTHMS
2017-10-06 16:11:53,676 INFO [91388196]           PageRhythm.java:314  | Range{1-8} Durations avgGuess:1 topGuess:1 avgValue:1.00 stacks:8 voices:21 Histogram{1/2-2 size:4 [1/2=1 1=17 3/2=1 2=2]}
2017-10-06 16:11:53,677 INFO [91388196]           PageRhythm.java:221  | S1 Range{1-8 dur:1} should update to 1-based time sig?
2017-10-06 16:11:53,679 INFO [91388196]                Voice.java:257  | S1 MeasureStack#1 Voice #1 too long 1
2017-10-06 16:11:53,680 INFO [91388196]                Voice.java:257  | S1 MeasureStack#1 Voice #2 too long 1/2
2017-10-06 16:11:53,680 INFO [91388196]                Voice.java:257  | S1 MeasureStack#1 Voice #3 too long 1
2017-10-06 16:11:53,681 INFO [91388196]           StackTuner.java:92   | S1 MeasureStack#1 no correct rhythm
2017-10-06 16:11:53,703 INFO [91388196]           PageRhythm.java:314  | Range{1-9 ts:4/4} Durations avgGuess:1 topGuess:5/4 avgValue:1.08 stacks:9 voices:26 Histogram{1/4-3/2 size:8 [1/4=1 1/2=2 3/4=4 1=5 9/8=2 5/4=8 11/8=2 3/2=2]}
2017-10-06 16:11:53,705 INFO [91388196]                Voice.java:257  | S3 MeasureStack#2 Voice #1 too long 1/2
2017-10-06 16:11:53,705 INFO [91388196]                Voice.java:257  | S3 MeasureStack#2 Voice #3 too long 1/4
2017-10-06 16:11:53,706 INFO [91388196]           StackTuner.java:92   | S3 MeasureStack#2 no correct rhythm
2017-10-06 16:11:53,709 INFO [91388196]                Voice.java:257  | S3 MeasureStack#4 Voice #1 too long 1/4
2017-10-06 16:11:53,710 INFO [91388196]                Voice.java:257  | S3 MeasureStack#4 Voice #2 too long 1/4
2017-10-06 16:11:53,710 INFO [91388196]                Voice.java:257  | S3 MeasureStack#4 Voice #3 too long 1/4
2017-10-06 16:11:53,710 INFO [91388196]           StackTuner.java:92   | S3 MeasureStack#4 no correct rhythm
2017-10-06 16:11:53,713 INFO [91388196]                Voice.java:257  | S3 MeasureStack#5 Voice #1 too long 1/2
2017-10-06 16:11:53,713 INFO [91388196]                Voice.java:257  | S3 MeasureStack#5 Voice #2 too long 1/8
2017-10-06 16:11:53,714 INFO [91388196]           StackTuner.java:92   | S3 MeasureStack#5 no correct rhythm
2017-10-06 16:11:53,716 INFO [91388196]                Voice.java:257  | S4 MeasureStack#6 Voice #1 too long 1/4
2017-10-06 16:11:53,716 INFO [91388196]                Voice.java:257  | S4 MeasureStack#6 Voice #2 too long 1/4
2017-10-06 16:11:53,717 INFO [91388196]                Voice.java:257  | S4 MeasureStack#6 Voice #3 too long 1/4
2017-10-06 16:11:53,717 INFO [91388196]           StackTuner.java:92   | S4 MeasureStack#6 no correct rhythm
2017-10-06 16:11:53,718 INFO [91388196]                Voice.java:257  | S4 MeasureStack#7 Voice #1 too long 1/4
2017-10-06 16:11:53,719 INFO [91388196]           StackTuner.java:92   | S4 MeasureStack#7 no correct rhythm
2017-10-06 16:11:53,721 INFO [91388196]                Voice.java:257  | S4 MeasureStack#8 Voice #1 too long 1/8
2017-10-06 16:11:53,721 INFO [91388196]                Voice.java:257  | S4 MeasureStack#8 Voice #2 too long 3/8
2017-10-06 16:11:53,721 INFO [91388196]                Voice.java:257  | S4 MeasureStack#8 Voice #3 too long 3/8
2017-10-06 16:11:53,722 INFO [91388196]           StackTuner.java:92   | S4 MeasureStack#8 no correct rhythm
2017-10-06 16:11:53,732 INFO [91388196]           PageRhythm.java:314  | Range{1-8} Durations avgGuess:1 topGuess:1 avgValue:0.88 stacks:8 voices:21 Histogram{1/2-17/8 size:5 [1/2=4 3/4=1 1=14 2=1 17/8=1]}
2017-10-06 16:11:53,733 INFO [91388196]           PageRhythm.java:221  | S5 Range{1-8 dur:1} should update to 1-based time sig?
2017-10-06 16:11:53,734 INFO [91388196]                Voice.java:257  | S5 MeasureStack#1 Voice #1 too long 9/8
2017-10-06 16:11:53,735 INFO [91388196]                Voice.java:257  | S5 MeasureStack#1 Voice #2 too long 1
2017-10-06 16:11:53,735 INFO [91388196]           StackTuner.java:92   | S5 MeasureStack#1 no correct rhythm
2017-10-06 16:11:53,740 INFO [91388196]         SlotsBuilder.java:427  | S6 MeasureStack#6 Slot{#5 xOffset=215 timeOffset=1/2 incomings=[#6109] SUSPICIOUS}
2017-10-06 16:11:53,741 INFO [91388196]                Voice.java:257  | S6 MeasureStack#6 Voice #1 too long 1/4
2017-10-06 16:11:53,742 INFO [91388196]                Voice.java:257  | S6 MeasureStack#6 Voice #2 too long 1/4
2017-10-06 16:11:53,742 INFO [91388196]           StackTuner.java:92   | S6 MeasureStack#6 no correct rhythm
2017-10-06 16:11:53,743 WARN [91388196]   AbstractChordInter.java:1156 | SmallChordInter{#6114(0.692/0.692) dur:1/4} Attempt to reassign voice from 3 to 3
2017-10-06 16:11:53,748 INFO [91388196]            BasicBook.java:1395 | Stored /book.xml
2017-10-06 16:11:54,429 INFO [91388196]           BasicSheet.java:979  | Stored /sheet#1/sheet#1.xml
2017-10-06 16:11:54,432 INFO [91388196]       StepMonitoring.java:96   | PAGE
2017-10-06 16:11:54,436 INFO [91388196]                Voice.java:257  | S1 MeasureStack#1 Voice #1 too long 1
2017-10-06 16:11:54,436 INFO [91388196]                Voice.java:257  | S1 MeasureStack#1 Voice #2 too long 1/2
2017-10-06 16:11:54,436 INFO [91388196]                Voice.java:257  | S1 MeasureStack#1 Voice #3 too long 1
2017-10-06 16:11:54,437 INFO [91388196]                Voice.java:257  | S3 MeasureStack#2 Voice #1 too long 1/2
2017-10-06 16:11:54,438 INFO [91388196]                Voice.java:257  | S3 MeasureStack#2 Voice #3 too long 1/4
2017-10-06 16:11:54,438 INFO [91388196]                Voice.java:257  | S3 MeasureStack#4 Voice #1 too long 1/4
2017-10-06 16:11:54,438 INFO [91388196]                Voice.java:257  | S3 MeasureStack#4 Voice #2 too long 1/4
2017-10-06 16:11:54,438 INFO [91388196]                Voice.java:257  | S3 MeasureStack#4 Voice #3 too long 1/4
2017-10-06 16:11:54,439 INFO [91388196]                Voice.java:257  | S3 MeasureStack#5 Voice #1 too long 1/2
2017-10-06 16:11:54,439 INFO [91388196]                Voice.java:257  | S3 MeasureStack#5 Voice #2 too long 1/8
2017-10-06 16:11:54,439 INFO [91388196]                Voice.java:257  | S4 MeasureStack#6 Voice #1 too long 1/4
2017-10-06 16:11:54,439 INFO [91388196]                Voice.java:257  | S4 MeasureStack#6 Voice #2 too long 1/4
2017-10-06 16:11:54,439 INFO [91388196]                Voice.java:257  | S4 MeasureStack#6 Voice #3 too long 1/4
2017-10-06 16:11:54,440 INFO [91388196]                Voice.java:257  | S4 MeasureStack#7 Voice #1 too long 1/4
2017-10-06 16:11:54,440 INFO [91388196]                Voice.java:257  | S4 MeasureStack#8 Voice #1 too long 1/8
2017-10-06 16:11:54,440 INFO [91388196]                Voice.java:257  | S4 MeasureStack#8 Voice #2 too long 3/8
2017-10-06 16:11:54,440 INFO [91388196]                Voice.java:257  | S4 MeasureStack#8 Voice #3 too long 3/8
2017-10-06 16:11:54,441 INFO [91388196]                Voice.java:257  | S5 MeasureStack#1 Voice #1 too long 9/8
2017-10-06 16:11:54,441 INFO [91388196]                Voice.java:257  | S5 MeasureStack#1 Voice #2 too long 1
2017-10-06 16:11:54,442 INFO [91388196]                Voice.java:257  | S6 MeasureStack#6 Voice #1 too long 1/4
2017-10-06 16:11:54,442 INFO [91388196]                Voice.java:257  | S6 MeasureStack#6 Voice #2 too long 1/4
2017-10-06 16:11:54,444 INFO [91388196]            BasicBook.java:1395 | Stored /book.xml
2017-10-06 16:11:55,093 INFO [91388196]           BasicSheet.java:979  | Stored /sheet#1/sheet#1.xml
2017-10-06 16:11:55,095 INFO [91388196]            BasicStub.java:723  | Sheet{91388196} disposed
2017-10-06 16:11:56,159 WARN [91388196]              SIGraph.java:192  | Error in class org.audiveris.omr.sig.SIGraph afterReload() java.lang.ClassCastException: org.audiveris.omr.sig.inter.SmallChordInter cannot be cast to org.audiveris.omr.sig.inter.HeadChordInter
java.lang.ClassCastException: org.audiveris.omr.sig.inter.SmallChordInter cannot be cast to org.audiveris.omr.sig.inter.HeadChordInter
	at org.audiveris.omr.sig.inter.ArticulationInter.getStaff(ArticulationInter.java:102)
	at org.audiveris.omr.sheet.Staff$StaffHolder.checkStaffHolder(Staff.java:1804)
	at org.audiveris.omr.sig.SIGraph.afterReload(SIGraph.java:189)
	at org.audiveris.omr.sheet.SystemInfo.afterReload(SystemInfo.java:257)
	at org.audiveris.omr.sheet.BasicSheet.afterReload(BasicSheet.java:327)
	at org.audiveris.omr.sheet.BasicStub.getSheet(BasicStub.java:448)
	at org.audiveris.omr.sheet.BasicStub.getSheet(BasicStub.java:86)
	at org.audiveris.omr.score.Score.getPage(Score.java:608)
	at org.audiveris.omr.score.Score.getPages(Score.java:380)
	at org.audiveris.omr.score.ScoreReduction.<init>(ScoreReduction.java:94)
	at org.audiveris.omr.sheet.BasicBook.reduceScores(BasicBook.java:1109)
	at org.audiveris.omr.sheet.BasicBook.transcribe(BasicBook.java:1448)
	at org.audiveris.omr.sheet.BasicBook.export(BasicBook.java:558)
	at org.audiveris.omr.CLI$ProcessingTask.processBook(CLI.java:785)
	at org.audiveris.omr.CLI$CliTask.call(CLI.java:344)
	at org.audiveris.omr.Main.runBatchTasks(Main.java:316)
	at org.audiveris.omr.Main.main(Main.java:155)
	at Audiveris.main(Audiveris.java:49)
2017-10-06 16:11:56,168 INFO [91388196]            BasicStub.java:449  | Loaded /sheet#1/sheet#1.xml
2017-10-06 16:11:56,170 INFO [91388196]            BasicBook.java:1133 | Scores built: 3
2017-10-06 16:11:57,310 INFO [91388196]        ScoreExporter.java:93   | Score 91388196.mvt1 exported to /Users/stephenn/Documents/workspace/nlsomr/xml_out/91386487/91388196/91388196.mvt1.mxl
2017-10-06 16:11:57,312 WARN [91388196]      PartwiseBuilder.java:1379 | Error visiting null
java.lang.NullPointerException: null
	at org.audiveris.omr.score.PartwiseBuilder.processKey(PartwiseBuilder.java:1344)
	at org.audiveris.omr.score.PartwiseBuilder.processKeys(PartwiseBuilder.java:1407)
	at org.audiveris.omr.score.PartwiseBuilder.processMeasure(PartwiseBuilder.java:1575)
	at org.audiveris.omr.score.PartwiseBuilder.processPart(PartwiseBuilder.java:1988)
	at org.audiveris.omr.score.PartwiseBuilder.processSystem(PartwiseBuilder.java:2528)
	at org.audiveris.omr.score.PartwiseBuilder.processLogicalPart(PartwiseBuilder.java:1433)
	at org.audiveris.omr.score.PartwiseBuilder.processStub(PartwiseBuilder.java:2483)
	at org.audiveris.omr.score.PartwiseBuilder.processPartList(PartwiseBuilder.java:2017)
	at org.audiveris.omr.score.PartwiseBuilder.processScore(PartwiseBuilder.java:2195)
	at org.audiveris.omr.score.PartwiseBuilder.build(PartwiseBuilder.java:307)
	at org.audiveris.omr.score.ScoreExporter.export(ScoreExporter.java:117)
	at org.audiveris.omr.score.ScoreExporter.export(ScoreExporter.java:91)
	at org.audiveris.omr.sheet.BasicBook.export(BasicBook.java:589)
	at org.audiveris.omr.CLI$ProcessingTask.processBook(CLI.java:785)
	at org.audiveris.omr.CLI$CliTask.call(CLI.java:344)
	at org.audiveris.omr.Main.runBatchTasks(Main.java:316)
	at org.audiveris.omr.Main.main(Main.java:155)
	at Audiveris.main(Audiveris.java:49)
2017-10-06 16:11:57,340 INFO [91388196]        ScoreExporter.java:93   | Score 91388196.mvt2 exported to /Users/stephenn/Documents/workspace/nlsomr/xml_out/91386487/91388196/91388196.mvt2.mxl
2017-10-06 16:11:57,341 WARN [91388196]      PartwiseBuilder.java:1379 | Error visiting null
java.lang.NullPointerException: null
	at org.audiveris.omr.score.PartwiseBuilder.processKey(PartwiseBuilder.java:1344)
	at org.audiveris.omr.score.PartwiseBuilder.processKeys(PartwiseBuilder.java:1407)
	at org.audiveris.omr.score.PartwiseBuilder.processMeasure(PartwiseBuilder.java:1575)
	at org.audiveris.omr.score.PartwiseBuilder.processPart(PartwiseBuilder.java:1988)
	at org.audiveris.omr.score.PartwiseBuilder.processSystem(PartwiseBuilder.java:2528)
	at org.audiveris.omr.score.PartwiseBuilder.processLogicalPart(PartwiseBuilder.java:1433)
	at org.audiveris.omr.score.PartwiseBuilder.processStub(PartwiseBuilder.java:2483)
	at org.audiveris.omr.score.PartwiseBuilder.processPartList(PartwiseBuilder.java:2017)
	at org.audiveris.omr.score.PartwiseBuilder.processScore(PartwiseBuilder.java:2195)
	at org.audiveris.omr.score.PartwiseBuilder.build(PartwiseBuilder.java:307)
	at org.audiveris.omr.score.ScoreExporter.export(ScoreExporter.java:117)
	at org.audiveris.omr.score.ScoreExporter.export(ScoreExporter.java:91)
	at org.audiveris.omr.sheet.BasicBook.export(BasicBook.java:589)
	at org.audiveris.omr.CLI$ProcessingTask.processBook(CLI.java:785)
	at org.audiveris.omr.CLI$CliTask.call(CLI.java:344)
	at org.audiveris.omr.Main.runBatchTasks(Main.java:316)
	at org.audiveris.omr.Main.main(Main.java:155)
	at Audiveris.main(Audiveris.java:49)
2017-10-06 16:11:57,364 INFO [91388196]        ScoreExporter.java:93   | Score 91388196.mvt3 exported to /Users/stephenn/Documents/workspace/nlsomr/xml_out/91386487/91388196/91388196.mvt3.mxl
2017-10-06 16:11:57,519 INFO [91388196]            BasicBook.java:1395 | Stored /book.xml
2017-10-06 16:11:57,520 INFO [91388196]            BasicBook.java:1355 | Book stored as /Users/stephenn/Documents/workspace/nlsomr/xml_out/91386487/91388196/91388196.omr
