2017-10-06 15:55:19,688 INFO [91387992]            BasicBook.java:427  | 1 sheet in /Users/stephenn/Documents/workspace/nlsomr/working/91387992.jpg
2017-10-06 15:55:19,865 INFO []            BasicBook.java:1395 | Stored /book.xml
2017-10-06 15:55:19,867 INFO []            BasicBook.java:1355 | Book stored as /Users/stephenn/Documents/workspace/nlsomr/xml_out/91386487/91387992/91387992.omr
2017-10-06 15:55:19,872 INFO []            BasicBook.java:996  | Book reaching PAGE on sheets:[#1]
2017-10-06 15:55:19,874 INFO [91387992]       StepMonitoring.java:96   | LOAD
2017-10-06 15:55:20,034 INFO [91387992]            BasicBook.java:911  | Loaded image 1 2000x3056 from /Users/stephenn/Documents/workspace/nlsomr/working/91387992.jpg
2017-10-06 15:55:20,037 INFO [91387992]            ImageUtil.java:82   | Converting max RGB to gray ...
2017-10-06 15:55:20,293 INFO [91387992]            BasicBook.java:1395 | Stored /book.xml
2017-10-06 15:55:20,650 INFO [91387992]           BasicSheet.java:979  | Stored /sheet#1/sheet#1.xml
2017-10-06 15:55:20,652 INFO [91387992]       StepMonitoring.java:96   | BINARY
2017-10-06 15:55:21,247 INFO [91387992]            BasicBook.java:1395 | Stored /book.xml
2017-10-06 15:55:21,566 INFO [91387992]              Picture.java:786  | Stored /sheet#1/BINARY.xml
2017-10-06 15:55:21,568 INFO [91387992]           BasicSheet.java:979  | Stored /sheet#1/sheet#1.xml
2017-10-06 15:55:21,570 INFO [91387992]       StepMonitoring.java:96   | SCALE
2017-10-06 15:55:21,614 INFO [91387992]            ScaleStep.java:87   | Scale{line(3,4,5) interline(16,17,17) beam(13)}
2017-10-06 15:55:21,616 INFO [91387992]            BasicBook.java:1395 | Stored /book.xml
2017-10-06 15:55:21,619 INFO [91387992]           BasicSheet.java:979  | Stored /sheet#1/sheet#1.xml
2017-10-06 15:55:21,622 INFO [91387992]       StepMonitoring.java:96   | GRID
2017-10-06 15:55:22,480 INFO [91387992]       LinesRetriever.java:442  | Global slope: -0.00061
2017-10-06 15:55:22,570 INFO [91387992]    ClustersRetriever.java:241  | Retrieved line clusters: 12 of size: 5 with interline: (16,17,17)
2017-10-06 15:55:23,127 INFO [91387992]            PeakGraph.java:181  | Systems: #1[1, 2] #2[3, 4] #3[5, 6] #4[7, 8] #5[9, 10] #6[11, 12]
2017-10-06 15:55:24,046 INFO [91387992]        SystemManager.java:626  | Indentation detected for system#1
2017-10-06 15:55:24,046 INFO [91387992]        SystemManager.java:626  | Indentation detected for system#5
2017-10-06 15:55:24,047 INFO [91387992]        SystemManager.java:671  | 2 pages found in sheet
2017-10-06 15:55:24,047 INFO [91387992]        SystemManager.java:709  | Page #1: 1 part along 4 systems
2017-10-06 15:55:24,047 INFO [91387992]        SystemManager.java:709  | Page #2: 1 part along 2 systems
2017-10-06 15:55:24,051 INFO [91387992]            BasicBook.java:1395 | Stored /book.xml
2017-10-06 15:55:24,273 INFO [91387992]           BasicSheet.java:979  | Stored /sheet#1/sheet#1.xml
2017-10-06 15:55:24,279 INFO [91387992]       StepMonitoring.java:96   | HEADERS
2017-10-06 15:55:24,693 INFO []          Nd4jBackend.java:194  | Loaded [CpuBackend] backend
2017-10-06 15:55:24,755 INFO []      NativeOpsHolder.java:49   | Number of threads used for NativeOps: 2
2017-10-06 15:55:25,206 INFO [] DefaultOpExecutioner.java:544  | Backend used: [CPU]; OS: [Mac OS X]
2017-10-06 15:55:25,206 INFO [] DefaultOpExecutioner.java:545  | Cores: [4]; Memory: [3.6GB];
2017-10-06 15:55:25,207 INFO [] DefaultOpExecutioner.java:546  | Blas vendor: [OPENBLAS]
2017-10-06 15:55:25,249 INFO []   AbstractClassifier.java:332  | Classifier data loaded from default uri jar:file:/Users/stephenn/Documents/workspace/audiveris/build/distributions/Audiveris/lib/audiveris.jar!/res/basic-classifier.zip
2017-10-06 15:55:26,756 WARN [91387992]          ClefBuilder.java:560  | Staff#2 no header clef.
2017-10-06 15:55:27,137 WARN [91387992]          ClefBuilder.java:560  | Staff#4 no header clef.
2017-10-06 15:55:28,008 WARN [91387992]          ClefBuilder.java:560  | Staff#10 no header clef.
2017-10-06 15:55:28,347 WARN [91387992]          ClefBuilder.java:560  | Staff#12 no header clef.
2017-10-06 15:55:28,370 INFO [91387992]            BasicBook.java:1395 | Stored /book.xml
2017-10-06 15:55:28,580 INFO []   AbstractClassifier.java:332  | Classifier data loaded from default uri jar:file:/Users/stephenn/Documents/workspace/audiveris/build/distributions/Audiveris/lib/audiveris.jar!/res/deep-classifier.zip
2017-10-06 15:55:28,768 INFO [91387992]           BasicSheet.java:979  | Stored /sheet#1/sheet#1.xml
2017-10-06 15:55:28,770 INFO [91387992]       StepMonitoring.java:96   | STEM_SEEDS
2017-10-06 15:55:28,875 INFO [91387992]        StemSeedsStep.java:91   | stem(4 max:5)
2017-10-06 15:55:28,988 INFO [91387992]            BasicBook.java:1395 | Stored /book.xml
2017-10-06 15:55:29,514 INFO [91387992]           BasicSheet.java:979  | Stored /sheet#1/sheet#1.xml
2017-10-06 15:55:29,517 INFO [91387992]       StepMonitoring.java:96   | BEAMS
2017-10-06 15:55:34,444 INFO [91387992]            BasicBook.java:1395 | Stored /book.xml
2017-10-06 15:55:34,503 INFO [91387992]              Picture.java:786  | Stored /sheet#1/HEAD_SPOTS.xml
2017-10-06 15:55:34,967 INFO [91387992]           BasicSheet.java:979  | Stored /sheet#1/sheet#1.xml
2017-10-06 15:55:34,974 INFO [91387992]       StepMonitoring.java:96   | LEDGERS
2017-10-06 15:55:36,043 INFO [91387992]            BasicBook.java:1395 | Stored /book.xml
2017-10-06 15:55:36,514 INFO [91387992]           BasicSheet.java:979  | Stored /sheet#1/sheet#1.xml
2017-10-06 15:55:36,516 INFO [91387992]       StepMonitoring.java:96   | HEADS
2017-10-06 15:55:39,707 INFO [91387992]            BasicBook.java:1395 | Stored /book.xml
2017-10-06 15:55:40,742 INFO [91387992]           BasicSheet.java:979  | Stored /sheet#1/sheet#1.xml
2017-10-06 15:55:40,745 INFO [91387992]       StepMonitoring.java:96   | STEMS
2017-10-06 15:55:42,190 INFO [91387992]            BasicBook.java:1395 | Stored /book.xml
2017-10-06 15:55:43,446 INFO [91387992]           BasicSheet.java:979  | Stored /sheet#1/sheet#1.xml
2017-10-06 15:55:43,449 INFO [91387992]       StepMonitoring.java:96   | REDUCTION
2017-10-06 15:55:43,860 INFO [91387992]            BasicBook.java:1395 | Stored /book.xml
2017-10-06 15:55:44,967 INFO [91387992]           BasicSheet.java:979  | Stored /sheet#1/sheet#1.xml
2017-10-06 15:55:44,969 INFO [91387992]       StepMonitoring.java:96   | CUE_BEAMS
2017-10-06 15:55:44,974 INFO [91387992]            BasicBook.java:1395 | Stored /book.xml
2017-10-06 15:55:45,900 INFO [91387992]           BasicSheet.java:979  | Stored /sheet#1/sheet#1.xml
2017-10-06 15:55:45,903 INFO [91387992]       StepMonitoring.java:96   | TEXTS
2017-10-06 15:55:47,849 INFO [91387992]            BasicBook.java:1395 | Stored /book.xml
2017-10-06 15:55:48,781 INFO [91387992]           BasicSheet.java:979  | Stored /sheet#1/sheet#1.xml
2017-10-06 15:55:48,783 INFO [91387992]       StepMonitoring.java:96   | MEASURES
2017-10-06 15:55:48,788 INFO [91387992]                 Page.java:210  | 16 raw measures: [4 in system#1, 4 in system#2, 4 in system#3, 4 in system#4]
2017-10-06 15:55:48,788 INFO [91387992]                 Page.java:210  | 9 raw measures: [5 in system#5, 4 in system#6]
2017-10-06 15:55:48,790 INFO [91387992]            BasicBook.java:1395 | Stored /book.xml
2017-10-06 15:55:49,790 INFO [91387992]           BasicSheet.java:979  | Stored /sheet#1/sheet#1.xml
2017-10-06 15:55:49,791 INFO [91387992]       StepMonitoring.java:96   | CHORDS
2017-10-06 15:55:49,803 INFO [91387992]            BasicBook.java:1395 | Stored /book.xml
2017-10-06 15:55:50,737 INFO [91387992]           BasicSheet.java:979  | Stored /sheet#1/sheet#1.xml
2017-10-06 15:55:50,740 INFO [91387992]       StepMonitoring.java:96   | CURVES
2017-10-06 15:55:52,153 INFO [91387992]         SlursBuilder.java:157  | Slurs: 25
2017-10-06 15:55:52,168 INFO [91387992]      SegmentsBuilder.java:113  | Segments: 15
2017-10-06 15:55:52,174 INFO [91387992]            BasicBook.java:1395 | Stored /book.xml
2017-10-06 15:55:53,455 INFO [91387992]           BasicSheet.java:979  | Stored /sheet#1/sheet#1.xml
2017-10-06 15:55:53,457 INFO [91387992]       StepMonitoring.java:96   | SYMBOLS
2017-10-06 15:55:57,374 INFO [91387992]       SymbolsBuilder.java:340  | Symbol parts shrunk from 9 to 7
2017-10-06 15:55:57,730 INFO [91387992]            BasicBook.java:1395 | Stored /book.xml
2017-10-06 15:55:59,348 INFO [91387992]           BasicSheet.java:979  | Stored /sheet#1/sheet#1.xml
2017-10-06 15:55:59,350 INFO [91387992]       StepMonitoring.java:96   | LINKS
2017-10-06 15:55:59,380 INFO [91387992]        SymbolsLinker.java:306  | No measure stack for direction SentenceInter{#4023(0.645) s:9 BS-37 Direction} J 132.
2017-10-06 15:55:59,381 INFO [91387992]        SymbolsLinker.java:252  | No chord above PedalInter{#5231(0.509) PEDAL_UP_MARK}
2017-10-06 15:55:59,381 INFO [91387992]        SymbolsLinker.java:252  | No chord above PedalInter{#5233(0.796) PEDAL_UP_MARK}
2017-10-06 15:55:59,382 INFO [91387992]        SymbolsLinker.java:252  | No chord above PedalInter{#5241(0.800) PEDAL_UP_MARK}
2017-10-06 15:55:59,396 INFO [91387992]        SymbolsLinker.java:252  | No chord above PedalInter{#5384(0.799) PEDAL_UP_MARK}
2017-10-06 15:55:59,396 INFO [91387992]        SymbolsLinker.java:252  | No chord above PedalInter{#5385(0.800) PEDAL_UP_MARK}
2017-10-06 15:55:59,426 INFO [91387992]            BasicBook.java:1395 | Stored /book.xml
2017-10-06 15:56:00,996 INFO [91387992]           BasicSheet.java:979  | Stored /sheet#1/sheet#1.xml
2017-10-06 15:56:00,999 INFO [91387992]       StepMonitoring.java:96   | RHYTHMS
2017-10-06 15:56:01,027 INFO [91387992]           PageRhythm.java:314  | Range{1-16 ts:3/4} Durations avgGuess:3/4 topGuess:1/2 avgValue:0.78 stacks:16 voices:38 Histogram{1/2-7/4 size:6 [1/2=15 3/4=12 1=3 5/4=4 3/2=3 7/4=1]}
2017-10-06 15:56:01,029 INFO [91387992]                Voice.java:257  | S1 MeasureStack#1 Voice #1 too long 3/4
2017-10-06 15:56:01,029 INFO [91387992]                Voice.java:257  | S1 MeasureStack#1 Voice #2 too long 1/2
2017-10-06 15:56:01,030 INFO [91387992]           StackTuner.java:92   | S1 MeasureStack#1 no correct rhythm
2017-10-06 15:56:01,032 INFO [91387992]                Voice.java:257  | S1 MeasureStack#3 Voice #1 too long 1
2017-10-06 15:56:01,033 INFO [91387992]                Voice.java:257  | S1 MeasureStack#3 Voice #2 too long 1/2
2017-10-06 15:56:01,033 INFO [91387992]           StackTuner.java:92   | S1 MeasureStack#3 no correct rhythm
2017-10-06 15:56:01,035 INFO [91387992]                Voice.java:257  | S1 MeasureStack#4 Voice #1 too long 3/4
2017-10-06 15:56:01,035 INFO [91387992]                Voice.java:257  | S1 MeasureStack#4 Voice #2 too long 1/2
2017-10-06 15:56:01,035 INFO [91387992]           StackTuner.java:92   | S1 MeasureStack#4 no correct rhythm
2017-10-06 15:56:01,037 INFO [91387992]                Voice.java:257  | S2 MeasureStack#5 Voice #1 too long 3/4
2017-10-06 15:56:01,038 INFO [91387992]                Voice.java:257  | S2 MeasureStack#5 Voice #2 too long 1/2
2017-10-06 15:56:01,039 INFO [91387992]           StackTuner.java:92   | S2 MeasureStack#5 no correct rhythm
2017-10-06 15:56:01,041 INFO [91387992]         SlotsBuilder.java:427  | S2 MeasureStack#7 Slot{#3 xOffset=216 timeOffset=1/2 incomings=[#4065] SUSPICIOUS}
2017-10-06 15:56:01,042 INFO [91387992]                Voice.java:257  | S2 MeasureStack#7 Voice #1 too long 1/4
2017-10-06 15:56:01,042 INFO [91387992]                Voice.java:257  | S2 MeasureStack#7 Voice #2 too long 1/4
2017-10-06 15:56:01,042 INFO [91387992]                Voice.java:257  | S2 MeasureStack#7 Voice #3 too long 1/4
2017-10-06 15:56:01,043 INFO [91387992]           StackTuner.java:92   | S2 MeasureStack#7 no correct rhythm
2017-10-06 15:56:01,045 INFO [91387992]                Voice.java:257  | S3 MeasureStack#9 Voice #1 too long 1/4
2017-10-06 15:56:01,045 INFO [91387992]                Voice.java:257  | S3 MeasureStack#9 Voice #2 too long 1/4
2017-10-06 15:56:01,046 INFO [91387992]                Voice.java:257  | S3 MeasureStack#9 Voice #3 too long 1/4
2017-10-06 15:56:01,046 INFO [91387992]           StackTuner.java:92   | S3 MeasureStack#9 no correct rhythm
2017-10-06 15:56:01,053 INFO [91387992]         SlotsBuilder.java:427  | S4 MeasureStack#14 Slot{#3 xOffset=209 timeOffset=1/2 incomings=[#4108] SUSPICIOUS}
2017-10-06 15:56:01,054 INFO [91387992]                Voice.java:257  | S4 MeasureStack#14 Voice #1 too long 1/2
2017-10-06 15:56:01,054 INFO [91387992]           StackTuner.java:92   | S4 MeasureStack#14 no correct rhythm
2017-10-06 15:56:01,061 INFO [91387992]         SlotsBuilder.java:434  | Stack#2 endless loop detected
2017-10-06 15:56:01,072 INFO [91387992]           PageRhythm.java:314  | Range{1-9 ts:3/4} Durations avgGuess:3/4 topGuess:3/4 avgValue:0.70 stacks:9 voices:27 Histogram{1/4-9/8 size:6 [1/4=1 1/2=7 5/8=4 3/4=10 7/8=4 9/8=1]}
2017-10-06 15:56:01,079 INFO [91387992]         SlotsBuilder.java:434  | Stack#2 endless loop detected
2017-10-06 15:56:01,081 INFO [91387992]         SlotsBuilder.java:427  | S5 MeasureStack#3 Slot{#3 xOffset=111 timeOffset=3/4 incomings=[#4146] SUSPICIOUS}
2017-10-06 15:56:01,082 INFO [91387992]                Voice.java:257  | S5 MeasureStack#3 Voice #1 too long 5/8
2017-10-06 15:56:01,082 INFO [91387992]                Voice.java:257  | S5 MeasureStack#3 Voice #2 too long 1/2
2017-10-06 15:56:01,083 INFO [91387992]           StackTuner.java:92   | S5 MeasureStack#3 no correct rhythm
2017-10-06 15:56:01,090 INFO [91387992]                Voice.java:257  | S6 MeasureStack#6 Voice #2 too long 3/8
2017-10-06 15:56:01,090 INFO [91387992]           StackTuner.java:92   | S6 MeasureStack#6 no correct rhythm
2017-10-06 15:56:01,091 INFO [91387992]                Voice.java:257  | S6 MeasureStack#7 Voice #1 too long 1/8
2017-10-06 15:56:01,092 INFO [91387992]           StackTuner.java:92   | S6 MeasureStack#7 no correct rhythm
2017-10-06 15:56:01,094 INFO [91387992]                Voice.java:257  | S6 MeasureStack#8 Voice #1 too long 1/8
2017-10-06 15:56:01,094 INFO [91387992]                Voice.java:257  | S6 MeasureStack#8 Voice #2 too long 1/8
2017-10-06 15:56:01,094 INFO [91387992]                Voice.java:257  | S6 MeasureStack#8 Voice #3 too long 1/8
2017-10-06 15:56:01,095 INFO [91387992]           StackTuner.java:92   | S6 MeasureStack#8 no correct rhythm
2017-10-06 15:56:01,097 INFO [91387992]            BasicBook.java:1395 | Stored /book.xml
2017-10-06 15:56:02,263 INFO [91387992]           BasicSheet.java:979  | Stored /sheet#1/sheet#1.xml
2017-10-06 15:56:02,265 INFO [91387992]       StepMonitoring.java:96   | PAGE
2017-10-06 15:56:02,269 INFO [91387992]                Voice.java:257  | S1 MeasureStack#1 Voice #1 too long 3/4
2017-10-06 15:56:02,269 INFO [91387992]                Voice.java:257  | S1 MeasureStack#1 Voice #2 too long 1/2
2017-10-06 15:56:02,270 INFO [91387992]                Voice.java:257  | S1 MeasureStack#3 Voice #1 too long 1
2017-10-06 15:56:02,270 INFO [91387992]                Voice.java:257  | S1 MeasureStack#3 Voice #2 too long 1/2
2017-10-06 15:56:02,270 INFO [91387992]                Voice.java:257  | S1 MeasureStack#4 Voice #1 too long 3/4
2017-10-06 15:56:02,270 INFO [91387992]                Voice.java:257  | S1 MeasureStack#4 Voice #2 too long 1/2
2017-10-06 15:56:02,271 INFO [91387992]                Voice.java:257  | S2 MeasureStack#5 Voice #1 too long 3/4
2017-10-06 15:56:02,271 INFO [91387992]                Voice.java:257  | S2 MeasureStack#5 Voice #2 too long 1/2
2017-10-06 15:56:02,271 INFO [91387992]                Voice.java:257  | S2 MeasureStack#7 Voice #1 too long 1/4
2017-10-06 15:56:02,271 INFO [91387992]                Voice.java:257  | S2 MeasureStack#7 Voice #2 too long 1/4
2017-10-06 15:56:02,271 INFO [91387992]                Voice.java:257  | S2 MeasureStack#7 Voice #3 too long 1/4
2017-10-06 15:56:02,272 INFO [91387992]                Voice.java:257  | S3 MeasureStack#9 Voice #1 too long 1/4
2017-10-06 15:56:02,272 INFO [91387992]                Voice.java:257  | S3 MeasureStack#9 Voice #2 too long 1/4
2017-10-06 15:56:02,272 INFO [91387992]                Voice.java:257  | S3 MeasureStack#9 Voice #3 too long 1/4
2017-10-06 15:56:02,273 INFO [91387992]                Voice.java:257  | S4 MeasureStack#14 Voice #1 too long 1/2
2017-10-06 15:56:02,273 INFO [91387992]                 Part.java:267  | Could not left-connect slur#4379
2017-10-06 15:56:02,274 INFO [91387992]                Voice.java:257  | S5 MeasureStack#3 Voice #1 too long 5/8
2017-10-06 15:56:02,274 INFO [91387992]                Voice.java:257  | S5 MeasureStack#3 Voice #4 too long 1/2
2017-10-06 15:56:02,274 INFO [91387992]                Voice.java:257  | S6 MeasureStack#6 Voice #2 too long 3/8
2017-10-06 15:56:02,275 INFO [91387992]                Voice.java:257  | S6 MeasureStack#7 Voice #1 too long 1/8
2017-10-06 15:56:02,279 INFO [91387992]                Voice.java:257  | S6 MeasureStack#8 Voice #1 too long 1/8
2017-10-06 15:56:02,279 INFO [91387992]                Voice.java:257  | S6 MeasureStack#8 Voice #2 too long 1/8
2017-10-06 15:56:02,279 INFO [91387992]                Voice.java:257  | S6 MeasureStack#8 Voice #3 too long 1/8
2017-10-06 15:56:02,281 INFO [91387992]            BasicBook.java:1395 | Stored /book.xml
2017-10-06 15:56:03,359 INFO [91387992]           BasicSheet.java:979  | Stored /sheet#1/sheet#1.xml
2017-10-06 15:56:03,361 INFO [91387992]            BasicStub.java:723  | Sheet{91387992} disposed
2017-10-06 15:56:04,659 INFO [91387992]            BasicStub.java:449  | Loaded /sheet#1/sheet#1.xml
2017-10-06 15:56:04,661 INFO [91387992]            BasicBook.java:1133 | Scores built: 2
2017-10-06 15:56:05,818 WARN [91387992]      PartwiseBuilder.java:1379 | Error visiting null
java.lang.NullPointerException: null
	at org.audiveris.omr.score.PartwiseBuilder.processKey(PartwiseBuilder.java:1344)
	at org.audiveris.omr.score.PartwiseBuilder.processKeys(PartwiseBuilder.java:1407)
	at org.audiveris.omr.score.PartwiseBuilder.processMeasure(PartwiseBuilder.java:1575)
	at org.audiveris.omr.score.PartwiseBuilder.processPart(PartwiseBuilder.java:1988)
	at org.audiveris.omr.score.PartwiseBuilder.processSystem(PartwiseBuilder.java:2528)
	at org.audiveris.omr.score.PartwiseBuilder.processLogicalPart(PartwiseBuilder.java:1433)
	at org.audiveris.omr.score.PartwiseBuilder.processStub(PartwiseBuilder.java:2483)
	at org.audiveris.omr.score.PartwiseBuilder.processPartList(PartwiseBuilder.java:2017)
	at org.audiveris.omr.score.PartwiseBuilder.processScore(PartwiseBuilder.java:2195)
	at org.audiveris.omr.score.PartwiseBuilder.build(PartwiseBuilder.java:307)
	at org.audiveris.omr.score.ScoreExporter.export(ScoreExporter.java:117)
	at org.audiveris.omr.score.ScoreExporter.export(ScoreExporter.java:91)
	at org.audiveris.omr.sheet.BasicBook.export(BasicBook.java:589)
	at org.audiveris.omr.CLI$ProcessingTask.processBook(CLI.java:785)
	at org.audiveris.omr.CLI$CliTask.call(CLI.java:344)
	at org.audiveris.omr.Main.runBatchTasks(Main.java:316)
	at org.audiveris.omr.Main.main(Main.java:155)
	at Audiveris.main(Audiveris.java:49)
2017-10-06 15:56:05,829 WARN [91387992]      PartwiseBuilder.java:1379 | Error visiting null
java.lang.NullPointerException: null
	at org.audiveris.omr.score.PartwiseBuilder.processKey(PartwiseBuilder.java:1344)
	at org.audiveris.omr.score.PartwiseBuilder.processKeys(PartwiseBuilder.java:1407)
	at org.audiveris.omr.score.PartwiseBuilder.processMeasure(PartwiseBuilder.java:1575)
	at org.audiveris.omr.score.PartwiseBuilder.processPart(PartwiseBuilder.java:1988)
	at org.audiveris.omr.score.PartwiseBuilder.processSystem(PartwiseBuilder.java:2528)
	at org.audiveris.omr.score.PartwiseBuilder.processLogicalPart(PartwiseBuilder.java:1433)
	at org.audiveris.omr.score.PartwiseBuilder.processStub(PartwiseBuilder.java:2483)
	at org.audiveris.omr.score.PartwiseBuilder.processPartList(PartwiseBuilder.java:2017)
	at org.audiveris.omr.score.PartwiseBuilder.processScore(PartwiseBuilder.java:2195)
	at org.audiveris.omr.score.PartwiseBuilder.build(PartwiseBuilder.java:307)
	at org.audiveris.omr.score.ScoreExporter.export(ScoreExporter.java:117)
	at org.audiveris.omr.score.ScoreExporter.export(ScoreExporter.java:91)
	at org.audiveris.omr.sheet.BasicBook.export(BasicBook.java:589)
	at org.audiveris.omr.CLI$ProcessingTask.processBook(CLI.java:785)
	at org.audiveris.omr.CLI$CliTask.call(CLI.java:344)
	at org.audiveris.omr.Main.runBatchTasks(Main.java:316)
	at org.audiveris.omr.Main.main(Main.java:155)
	at Audiveris.main(Audiveris.java:49)
2017-10-06 15:56:05,890 INFO [91387992]        ScoreExporter.java:93   | Score 91387992.mvt1 exported to /Users/stephenn/Documents/workspace/nlsomr/xml_out/91386487/91387992/91387992.mvt1.mxl
2017-10-06 15:56:05,892 WARN [91387992]      PartwiseBuilder.java:1379 | Error visiting null
java.lang.NullPointerException: null
	at org.audiveris.omr.score.PartwiseBuilder.processKey(PartwiseBuilder.java:1344)
	at org.audiveris.omr.score.PartwiseBuilder.processKeys(PartwiseBuilder.java:1407)
	at org.audiveris.omr.score.PartwiseBuilder.processMeasure(PartwiseBuilder.java:1575)
	at org.audiveris.omr.score.PartwiseBuilder.processPart(PartwiseBuilder.java:1988)
	at org.audiveris.omr.score.PartwiseBuilder.processSystem(PartwiseBuilder.java:2528)
	at org.audiveris.omr.score.PartwiseBuilder.processLogicalPart(PartwiseBuilder.java:1433)
	at org.audiveris.omr.score.PartwiseBuilder.processStub(PartwiseBuilder.java:2483)
	at org.audiveris.omr.score.PartwiseBuilder.processPartList(PartwiseBuilder.java:2017)
	at org.audiveris.omr.score.PartwiseBuilder.processScore(PartwiseBuilder.java:2195)
	at org.audiveris.omr.score.PartwiseBuilder.build(PartwiseBuilder.java:307)
	at org.audiveris.omr.score.ScoreExporter.export(ScoreExporter.java:117)
	at org.audiveris.omr.score.ScoreExporter.export(ScoreExporter.java:91)
	at org.audiveris.omr.sheet.BasicBook.export(BasicBook.java:589)
	at org.audiveris.omr.CLI$ProcessingTask.processBook(CLI.java:785)
	at org.audiveris.omr.CLI$CliTask.call(CLI.java:344)
	at org.audiveris.omr.Main.runBatchTasks(Main.java:316)
	at org.audiveris.omr.Main.main(Main.java:155)
	at Audiveris.main(Audiveris.java:49)
2017-10-06 15:56:05,897 WARN [91387992]      PartwiseBuilder.java:1379 | Error visiting null
java.lang.NullPointerException: null
	at org.audiveris.omr.score.PartwiseBuilder.processKey(PartwiseBuilder.java:1344)
	at org.audiveris.omr.score.PartwiseBuilder.processKeys(PartwiseBuilder.java:1407)
	at org.audiveris.omr.score.PartwiseBuilder.processMeasure(PartwiseBuilder.java:1575)
	at org.audiveris.omr.score.PartwiseBuilder.processPart(PartwiseBuilder.java:1988)
	at org.audiveris.omr.score.PartwiseBuilder.processSystem(PartwiseBuilder.java:2528)
	at org.audiveris.omr.score.PartwiseBuilder.processLogicalPart(PartwiseBuilder.java:1433)
	at org.audiveris.omr.score.PartwiseBuilder.processStub(PartwiseBuilder.java:2483)
	at org.audiveris.omr.score.PartwiseBuilder.processPartList(PartwiseBuilder.java:2017)
	at org.audiveris.omr.score.PartwiseBuilder.processScore(PartwiseBuilder.java:2195)
	at org.audiveris.omr.score.PartwiseBuilder.build(PartwiseBuilder.java:307)
	at org.audiveris.omr.score.ScoreExporter.export(ScoreExporter.java:117)
	at org.audiveris.omr.score.ScoreExporter.export(ScoreExporter.java:91)
	at org.audiveris.omr.sheet.BasicBook.export(BasicBook.java:589)
	at org.audiveris.omr.CLI$ProcessingTask.processBook(CLI.java:785)
	at org.audiveris.omr.CLI$CliTask.call(CLI.java:344)
	at org.audiveris.omr.Main.runBatchTasks(Main.java:316)
	at org.audiveris.omr.Main.main(Main.java:155)
	at Audiveris.main(Audiveris.java:49)
2017-10-06 15:56:05,917 INFO [91387992]        ScoreExporter.java:93   | Score 91387992.mvt2 exported to /Users/stephenn/Documents/workspace/nlsomr/xml_out/91386487/91387992/91387992.mvt2.mxl
2017-10-06 15:56:06,058 INFO [91387992]            BasicBook.java:1395 | Stored /book.xml
2017-10-06 15:56:06,059 INFO [91387992]            BasicBook.java:1355 | Book stored as /Users/stephenn/Documents/workspace/nlsomr/xml_out/91386487/91387992/91387992.omr
