2017-10-06 14:25:28,085 INFO [91386768]            BasicBook.java:427  | 1 sheet in /Users/stephenn/Documents/workspace/nlsomr/working/91386768.jpg
2017-10-06 14:25:28,234 INFO []            BasicBook.java:1395 | Stored /book.xml
2017-10-06 14:25:28,235 INFO []            BasicBook.java:1355 | Book stored as /Users/stephenn/Documents/workspace/nlsomr/xml_out/91386487/91386768/91386768.omr
2017-10-06 14:25:28,240 INFO []            BasicBook.java:996  | Book reaching PAGE on sheets:[#1]
2017-10-06 14:25:28,242 INFO [91386768]       StepMonitoring.java:96   | LOAD
2017-10-06 14:25:28,401 INFO [91386768]            BasicBook.java:911  | Loaded image 1 2000x3056 from /Users/stephenn/Documents/workspace/nlsomr/working/91386768.jpg
2017-10-06 14:25:28,405 INFO [91386768]            ImageUtil.java:82   | Converting max RGB to gray ...
2017-10-06 14:25:28,661 INFO [91386768]            BasicBook.java:1395 | Stored /book.xml
2017-10-06 14:25:28,965 INFO [91386768]           BasicSheet.java:979  | Stored /sheet#1/sheet#1.xml
2017-10-06 14:25:28,967 INFO [91386768]       StepMonitoring.java:96   | BINARY
2017-10-06 14:25:29,578 INFO [91386768]            BasicBook.java:1395 | Stored /book.xml
2017-10-06 14:25:29,912 INFO [91386768]              Picture.java:786  | Stored /sheet#1/BINARY.xml
2017-10-06 14:25:29,914 INFO [91386768]           BasicSheet.java:979  | Stored /sheet#1/sheet#1.xml
2017-10-06 14:25:29,916 INFO [91386768]       StepMonitoring.java:96   | SCALE
2017-10-06 14:25:29,956 INFO [91386768]            ScaleStep.java:87   | Scale{line(3,4,6) interline(16,17,17) beam(13)}
2017-10-06 14:25:29,958 INFO [91386768]            BasicBook.java:1395 | Stored /book.xml
2017-10-06 14:25:29,961 INFO [91386768]           BasicSheet.java:979  | Stored /sheet#1/sheet#1.xml
2017-10-06 14:25:29,964 INFO [91386768]       StepMonitoring.java:96   | GRID
2017-10-06 14:25:30,949 INFO [91386768]       LinesRetriever.java:442  | Global slope: 0.00106
2017-10-06 14:25:31,035 INFO [91386768]    ClustersRetriever.java:241  | Retrieved line clusters: 12 of size: 5 with interline: (16,17,17)
2017-10-06 14:25:31,636 INFO [91386768]            PeakGraph.java:181  | Systems: #1[1, 2] #2[3, 4] #3[5, 6] #4[7, 8] #5[9, 10] #6[11, 12]
2017-10-06 14:25:32,682 INFO [91386768]        SystemManager.java:626  | Indentation detected for system#1
2017-10-06 14:25:32,682 INFO [91386768]        SystemManager.java:626  | Indentation detected for system#5
2017-10-06 14:25:32,683 INFO [91386768]        SystemManager.java:671  | 2 pages found in sheet
2017-10-06 14:25:32,683 INFO [91386768]        SystemManager.java:709  | Page #1: 1 part along 4 systems
2017-10-06 14:25:32,684 INFO [91386768]        SystemManager.java:709  | Page #2: 1 part along 2 systems
2017-10-06 14:25:32,687 INFO [91386768]            BasicBook.java:1395 | Stored /book.xml
2017-10-06 14:25:32,918 INFO [91386768]           BasicSheet.java:979  | Stored /sheet#1/sheet#1.xml
2017-10-06 14:25:32,921 INFO [91386768]       StepMonitoring.java:96   | HEADERS
2017-10-06 14:25:33,322 INFO []          Nd4jBackend.java:194  | Loaded [CpuBackend] backend
2017-10-06 14:25:33,385 INFO []      NativeOpsHolder.java:49   | Number of threads used for NativeOps: 2
2017-10-06 14:25:33,828 INFO [] DefaultOpExecutioner.java:544  | Backend used: [CPU]; OS: [Mac OS X]
2017-10-06 14:25:33,829 INFO [] DefaultOpExecutioner.java:545  | Cores: [4]; Memory: [3.6GB];
2017-10-06 14:25:33,829 INFO [] DefaultOpExecutioner.java:546  | Blas vendor: [OPENBLAS]
2017-10-06 14:25:33,867 INFO []   AbstractClassifier.java:332  | Classifier data loaded from default uri jar:file:/Users/stephenn/Documents/workspace/audiveris/build/distributions/Audiveris/lib/audiveris.jar!/res/basic-classifier.zip
2017-10-06 14:25:36,373 INFO [91386768]           KeyBuilder.java:746  | Staff#5 key slice#1 pitch adjusted from 0.6 to 0
2017-10-06 14:25:36,514 WARN [91386768]          ClefBuilder.java:560  | Staff#8 no header clef.
2017-10-06 14:25:36,764 INFO []   AbstractClassifier.java:332  | Classifier data loaded from default uri jar:file:/Users/stephenn/Documents/workspace/audiveris/build/distributions/Audiveris/lib/audiveris.jar!/res/deep-classifier.zip
2017-10-06 14:25:37,022 WARN [91386768]          ClefBuilder.java:560  | Staff#12 no header clef.
2017-10-06 14:25:37,048 INFO [91386768]            BasicBook.java:1395 | Stored /book.xml
2017-10-06 14:25:37,392 INFO [91386768]           BasicSheet.java:979  | Stored /sheet#1/sheet#1.xml
2017-10-06 14:25:37,395 INFO [91386768]       StepMonitoring.java:96   | STEM_SEEDS
2017-10-06 14:25:37,494 INFO [91386768]        StemSeedsStep.java:91   | stem(4 max:5)
2017-10-06 14:25:37,633 INFO [91386768]            BasicBook.java:1395 | Stored /book.xml
2017-10-06 14:25:38,001 INFO [91386768]           BasicSheet.java:979  | Stored /sheet#1/sheet#1.xml
2017-10-06 14:25:38,003 INFO [91386768]       StepMonitoring.java:96   | BEAMS
2017-10-06 14:25:43,056 INFO [91386768]            BeamsStep.java:89   | BeamDistance{count:6 mean:14.65 stdDev:1.09}
2017-10-06 14:25:43,060 INFO [91386768]            BasicBook.java:1395 | Stored /book.xml
2017-10-06 14:25:43,142 INFO [91386768]              Picture.java:786  | Stored /sheet#1/HEAD_SPOTS.xml
2017-10-06 14:25:43,649 INFO [91386768]           BasicSheet.java:979  | Stored /sheet#1/sheet#1.xml
2017-10-06 14:25:43,651 INFO [91386768]       StepMonitoring.java:96   | LEDGERS
2017-10-06 14:25:44,649 INFO [91386768]            BasicBook.java:1395 | Stored /book.xml
2017-10-06 14:25:45,291 INFO [91386768]           BasicSheet.java:979  | Stored /sheet#1/sheet#1.xml
2017-10-06 14:25:45,294 INFO [91386768]       StepMonitoring.java:96   | HEADS
2017-10-06 14:25:48,319 INFO [91386768]            BasicBook.java:1395 | Stored /book.xml
2017-10-06 14:25:49,563 INFO [91386768]           BasicSheet.java:979  | Stored /sheet#1/sheet#1.xml
2017-10-06 14:25:49,566 INFO [91386768]       StepMonitoring.java:96   | STEMS
2017-10-06 14:25:52,013 INFO [91386768]            BasicBook.java:1395 | Stored /book.xml
2017-10-06 14:25:53,372 INFO [91386768]           BasicSheet.java:979  | Stored /sheet#1/sheet#1.xml
2017-10-06 14:25:53,374 INFO [91386768]       StepMonitoring.java:96   | REDUCTION
2017-10-06 14:25:54,066 INFO [91386768]            BasicBook.java:1395 | Stored /book.xml
2017-10-06 14:25:55,020 INFO [91386768]           BasicSheet.java:979  | Stored /sheet#1/sheet#1.xml
2017-10-06 14:25:55,023 INFO [91386768]       StepMonitoring.java:96   | CUE_BEAMS
2017-10-06 14:25:55,026 INFO [91386768]            BasicBook.java:1395 | Stored /book.xml
2017-10-06 14:25:55,931 INFO [91386768]           BasicSheet.java:979  | Stored /sheet#1/sheet#1.xml
2017-10-06 14:25:55,933 INFO [91386768]       StepMonitoring.java:96   | TEXTS
2017-10-06 14:25:58,104 INFO [91386768]            BasicBook.java:1395 | Stored /book.xml
2017-10-06 14:25:59,342 INFO [91386768]           BasicSheet.java:979  | Stored /sheet#1/sheet#1.xml
2017-10-06 14:25:59,345 INFO [91386768]       StepMonitoring.java:96   | MEASURES
2017-10-06 14:25:59,350 INFO [91386768]                 Page.java:210  | 18 raw measures: [5 in system#1, 4 in system#2, 5 in system#3, 4 in system#4]
2017-10-06 14:25:59,351 INFO [91386768]                 Page.java:210  | 10 raw measures: [5 in system#5, 5 in system#6]
2017-10-06 14:25:59,352 INFO [91386768]            BasicBook.java:1395 | Stored /book.xml
2017-10-06 14:26:00,601 INFO [91386768]           BasicSheet.java:979  | Stored /sheet#1/sheet#1.xml
2017-10-06 14:26:00,604 INFO [91386768]       StepMonitoring.java:96   | CHORDS
2017-10-06 14:26:00,621 INFO [91386768]            BasicBook.java:1395 | Stored /book.xml
2017-10-06 14:26:01,884 INFO [91386768]           BasicSheet.java:979  | Stored /sheet#1/sheet#1.xml
2017-10-06 14:26:01,886 INFO [91386768]       StepMonitoring.java:96   | CURVES
2017-10-06 14:26:03,550 INFO [91386768]         SlursBuilder.java:762  | RIGHT collision SlurInter{#7245(0.664)} & SlurInter{#7337(0.242)} @ HeadInter{#2566(0.660/0.845) e#6951 s:1 p:4.00 NOTEHEAD_BLACK}
2017-10-06 14:26:03,551 INFO [91386768]         SlursBuilder.java:762  | RIGHT collision SlurInter{#7337(0.242)} & SlurInter{#7245(0.664)} @ HeadInter{#2566(0.660/0.845) e#6951 s:1 p:4.00 NOTEHEAD_BLACK}
2017-10-06 14:26:03,553 INFO [91386768]         SlursBuilder.java:157  | Slurs: 32
2017-10-06 14:26:03,620 INFO [91386768]      SegmentsBuilder.java:113  | Segments: 34
2017-10-06 14:26:03,628 INFO [91386768]            BasicBook.java:1395 | Stored /book.xml
2017-10-06 14:26:05,159 INFO [91386768]           BasicSheet.java:979  | Stored /sheet#1/sheet#1.xml
2017-10-06 14:26:05,161 INFO [91386768]       StepMonitoring.java:96   | SYMBOLS
2017-10-06 14:26:06,950 INFO [91386768]       SymbolsBuilder.java:340  | Symbol parts shrunk from 12 to 7
2017-10-06 14:26:07,521 INFO [91386768]       SymbolsBuilder.java:340  | Symbol parts shrunk from 12 to 7
2017-10-06 14:26:07,940 INFO [91386768]            BasicBook.java:1395 | Stored /book.xml
2017-10-06 14:26:09,689 INFO [91386768]           BasicSheet.java:979  | Stored /sheet#1/sheet#1.xml
2017-10-06 14:26:09,693 INFO [91386768]       StepMonitoring.java:96   | LINKS
2017-10-06 14:26:09,718 INFO [91386768]        SymbolsLinker.java:252  | No chord above PedalInter{#8361(0.799) PEDAL_UP_MARK}
2017-10-06 14:26:09,731 INFO [91386768]        SymbolsLinker.java:306  | No measure stack for direction SentenceInter{#6918(0.634) s:9 BS-34 Direction} 72.
2017-10-06 14:26:09,753 INFO [91386768]            BasicBook.java:1395 | Stored /book.xml
2017-10-06 14:26:11,454 INFO [91386768]           BasicSheet.java:979  | Stored /sheet#1/sheet#1.xml
2017-10-06 14:26:11,456 INFO [91386768]       StepMonitoring.java:96   | RHYTHMS
2017-10-06 14:26:11,466 INFO [91386768]         SlotsBuilder.java:434  | Stack#2 endless loop detected
2017-10-06 14:26:11,480 INFO [91386768]         SlotsBuilder.java:399  | Stack#8 suspicious Slot{#6 xOffset=347 timeOffset=5/8 incomings=[#7013]}
2017-10-06 14:26:11,486 INFO [91386768]         SlotsBuilder.java:434  | Stack#12 endless loop detected
2017-10-06 14:26:11,492 INFO [91386768]         SlotsBuilder.java:399  | Stack#15 suspicious Slot{#2 xOffset=253 timeOffset=1/8 incomings=[#7105]}
2017-10-06 14:26:11,501 INFO [91386768]         SlotsBuilder.java:399  | Stack#17 suspicious Slot{#6 xOffset=346 timeOffset=5/8 incomings=[#7123]}
2017-10-06 14:26:11,505 INFO [91386768]           PageRhythm.java:314  | Range{1-18} Durations avgGuess:3/4 topGuess:3/4 avgValue:0.74 stacks:18 voices:48 Histogram{1/8-7/8 size:8 [1/8=1 3/16=1 1/4=10 3/8=4 1/2=3 5/8=4 3/4=18 7/8=7]}
2017-10-06 14:26:11,506 INFO [91386768]           PageRhythm.java:221  | S1 Range{1-18 dur:3/4} should update to 3/4-based time sig?
2017-10-06 14:26:11,507 INFO [91386768]         SlotsBuilder.java:427  | S1 MeasureStack#1 Slot{#3 xOffset=293 timeOffset=1/4 incomings=[#6931] SUSPICIOUS}
2017-10-06 14:26:11,510 INFO [91386768]         SlotsBuilder.java:434  | Stack#2 endless loop detected
2017-10-06 14:26:11,513 INFO [91386768]         SlotsBuilder.java:427  | S1 MeasureStack#4 Slot{#5 xOffset=157 timeOffset=1/2 incomings=[#6949] SUSPICIOUS}
2017-10-06 14:26:11,513 INFO [91386768]         SlotsBuilder.java:434  | Stack#4 endless loop detected
2017-10-06 14:26:11,515 INFO [91386768]         SlotsBuilder.java:427  | S1 MeasureStack#5 Slot{#6 xOffset=193 timeOffset=5/8 incomings=[#6954] SUSPICIOUS}
2017-10-06 14:26:11,516 INFO [91386768]                Voice.java:257  | S1 MeasureStack#5 Voice #1 too long 1/8
2017-10-06 14:26:11,516 INFO [91386768]           StackTuner.java:92   | S1 MeasureStack#5 no correct rhythm
2017-10-06 14:26:11,519 INFO [91386768]                Voice.java:257  | S2 MeasureStack#6 Voice #1 too long 1/8
2017-10-06 14:26:11,520 INFO [91386768]                Voice.java:257  | S2 MeasureStack#6 Voice #2 too long 1/8
2017-10-06 14:26:11,520 INFO [91386768]                Voice.java:257  | S2 MeasureStack#6 Voice #3 too long 1/8
2017-10-06 14:26:11,520 INFO [91386768]           StackTuner.java:92   | S2 MeasureStack#6 no correct rhythm
2017-10-06 14:26:11,526 INFO [91386768]                Voice.java:257  | S3 MeasureStack#11 Voice #1 too long 1/8
2017-10-06 14:26:11,526 INFO [91386768]                Voice.java:257  | S3 MeasureStack#11 Voice #2 too long 1/8
2017-10-06 14:26:11,527 INFO [91386768]                Voice.java:257  | S3 MeasureStack#11 Voice #3 too long 1/8
2017-10-06 14:26:11,527 INFO [91386768]           StackTuner.java:92   | S3 MeasureStack#11 no correct rhythm
2017-10-06 14:26:11,528 INFO [91386768]         SlotsBuilder.java:434  | Stack#12 endless loop detected
2017-10-06 14:26:11,534 INFO [91386768]         SlotsBuilder.java:427  | S4 MeasureStack#15 Slot{#5 xOffset=342 timeOffset=1/4 incomings=[#7106] SUSPICIOUS}
2017-10-06 14:26:11,535 INFO [91386768]         SlotsBuilder.java:427  | S4 MeasureStack#15 Slot{#7 xOffset=404 timeOffset=3/8 incomings=[#7107] SUSPICIOUS}
2017-10-06 14:26:11,535 INFO [91386768]         SlotsBuilder.java:427  | S4 MeasureStack#15 Slot{#9 xOffset=460 timeOffset=1/2 incomings=[#7108] SUSPICIOUS}
2017-10-06 14:26:11,536 INFO [91386768]         SlotsBuilder.java:427  | S4 MeasureStack#15 Slot{#11 xOffset=537 timeOffset=5/8 incomings=[#7109] SUSPICIOUS}
2017-10-06 14:26:11,539 INFO [91386768]         SlotsBuilder.java:427  | S4 MeasureStack#16 Slot{#6 xOffset=328 timeOffset=3/4 incomings=[#7115#7116] SUSPICIOUS}
2017-10-06 14:26:11,540 INFO [91386768]         SlotsBuilder.java:427  | S4 MeasureStack#16 Slot{#8 xOffset=386 timeOffset=7/8 incomings=[#7117] SUSPICIOUS}
2017-10-06 14:26:11,540 INFO [91386768]                Voice.java:257  | S4 MeasureStack#16 Voice #1 too long 1/8
2017-10-06 14:26:11,541 INFO [91386768]                Voice.java:257  | S4 MeasureStack#16 Voice #2 too long 1/8
2017-10-06 14:26:11,541 INFO [91386768]                Voice.java:257  | S4 MeasureStack#16 Voice #3 too long 1/4
2017-10-06 14:26:11,541 INFO [91386768]                Voice.java:257  | S4 MeasureStack#16 Voice #4 too long 1/4
2017-10-06 14:26:11,542 INFO [91386768]           StackTuner.java:92   | S4 MeasureStack#16 no correct rhythm
2017-10-06 14:26:11,559 INFO [91386768]           PageRhythm.java:314  | Range{1-10 ts:6/8} Durations avgGuess:3/4 topGuess:3/4 avgValue:0.75 stacks:10 voices:27 Histogram{1/4-7/8 size:6 [1/4=4 3/8=1 1/2=1 5/8=3 3/4=13 7/8=5]}
2017-10-06 14:26:11,563 INFO [91386768]         SlotsBuilder.java:427  | S5 MeasureStack#2 Slot{#6 xOffset=210 timeOffset=5/8 incomings=[#7135] SUSPICIOUS}
2017-10-06 14:26:11,564 INFO [91386768]                Voice.java:257  | S5 MeasureStack#2 Voice #1 too long 1/8
2017-10-06 14:26:11,564 INFO [91386768]           StackTuner.java:92   | S5 MeasureStack#2 no correct rhythm
2017-10-06 14:26:11,568 INFO [91386768]                Voice.java:257  | S5 MeasureStack#4 Voice #1 too long 1/8
2017-10-06 14:26:11,568 INFO [91386768]                Voice.java:257  | S5 MeasureStack#4 Voice #3 too long 1/8
2017-10-06 14:26:11,569 INFO [91386768]           StackTuner.java:92   | S5 MeasureStack#4 no correct rhythm
2017-10-06 14:26:11,573 INFO [91386768]                Voice.java:257  | S6 MeasureStack#6 Voice #1 too long 1/8
2017-10-06 14:26:11,573 INFO [91386768]                Voice.java:257  | S6 MeasureStack#6 Voice #3 too long 1/8
2017-10-06 14:26:11,574 INFO [91386768]           StackTuner.java:92   | S6 MeasureStack#6 no correct rhythm
2017-10-06 14:26:11,575 INFO [91386768]         SlotsBuilder.java:427  | S6 MeasureStack#7 Slot{#7 xOffset=272 timeOffset=3/4 incomings=[#7225] SUSPICIOUS}
2017-10-06 14:26:11,576 INFO [91386768]                Voice.java:257  | S6 MeasureStack#7 Voice #2 too long 1/4
2017-10-06 14:26:11,576 INFO [91386768]           StackTuner.java:92   | S6 MeasureStack#7 no correct rhythm
2017-10-06 14:26:11,577 INFO [91386768]                Voice.java:257  | S6 MeasureStack#8 Voice #1 too long 1/8
2017-10-06 14:26:11,578 INFO [91386768]           StackTuner.java:92   | S6 MeasureStack#8 no correct rhythm
2017-10-06 14:26:11,580 INFO [91386768]         SlotsBuilder.java:427  | S6 MeasureStack#10 Slot{#3 xOffset=83 timeOffset=1/4 incomings=[#7239] SUSPICIOUS}
2017-10-06 14:26:11,580 INFO [91386768]         SlotsBuilder.java:427  | S6 MeasureStack#10 Slot{#6 xOffset=180 timeOffset=1/2 incomings=[#7240] SUSPICIOUS}
2017-10-06 14:26:11,582 INFO [91386768]            BasicBook.java:1395 | Stored /book.xml
2017-10-06 14:26:13,418 INFO [91386768]           BasicSheet.java:979  | Stored /sheet#1/sheet#1.xml
2017-10-06 14:26:13,420 INFO [91386768]       StepMonitoring.java:96   | PAGE
2017-10-06 14:26:13,423 INFO [91386768]                 Part.java:267  | Could not left-connect slur#7463
2017-10-06 14:26:13,426 INFO [91386768]                Voice.java:257  | S1 MeasureStack#5 Voice #1 too long 1/8
2017-10-06 14:26:13,426 INFO [91386768]                Voice.java:257  | S2 MeasureStack#6 Voice #1 too long 1/8
2017-10-06 14:26:13,426 INFO [91386768]                Voice.java:257  | S2 MeasureStack#6 Voice #2 too long 1/8
2017-10-06 14:26:13,427 INFO [91386768]                Voice.java:257  | S2 MeasureStack#6 Voice #3 too long 1/8
2017-10-06 14:26:13,427 INFO [91386768]                Voice.java:257  | S3 MeasureStack#11 Voice #2 too long 1/8
2017-10-06 14:26:13,427 INFO [91386768]                Voice.java:257  | S3 MeasureStack#11 Voice #1 too long 1/8
2017-10-06 14:26:13,427 INFO [91386768]                Voice.java:257  | S3 MeasureStack#11 Voice #3 too long 1/8
2017-10-06 14:26:13,428 INFO [91386768]                Voice.java:257  | S4 MeasureStack#16 Voice #1 too long 1/8
2017-10-06 14:26:13,428 INFO [91386768]                Voice.java:257  | S4 MeasureStack#16 Voice #2 too long 1/8
2017-10-06 14:26:13,428 INFO [91386768]                Voice.java:257  | S4 MeasureStack#16 Voice #3 too long 1/4
2017-10-06 14:26:13,428 INFO [91386768]                Voice.java:257  | S4 MeasureStack#16 Voice #4 too long 1/4
2017-10-06 14:26:13,429 INFO [91386768]                 Part.java:267  | Could not left-connect slur#7275
2017-10-06 14:26:13,430 INFO [91386768]                Voice.java:257  | S5 MeasureStack#2 Voice #1 too long 1/8
2017-10-06 14:26:13,430 INFO [91386768]                Voice.java:257  | S5 MeasureStack#4 Voice #1 too long 1/8
2017-10-06 14:26:13,430 INFO [91386768]                Voice.java:257  | S5 MeasureStack#4 Voice #3 too long 1/8
2017-10-06 14:26:13,431 INFO [91386768]                Voice.java:257  | S6 MeasureStack#6 Voice #1 too long 1/8
2017-10-06 14:26:13,431 INFO [91386768]                Voice.java:257  | S6 MeasureStack#6 Voice #3 too long 1/8
2017-10-06 14:26:13,432 INFO [91386768]                Voice.java:257  | S6 MeasureStack#7 Voice #2 too long 1/4
2017-10-06 14:26:13,432 INFO [91386768]                Voice.java:257  | S6 MeasureStack#8 Voice #1 too long 1/8
2017-10-06 14:26:13,434 INFO [91386768]            BasicBook.java:1395 | Stored /book.xml
2017-10-06 14:26:15,253 INFO [91386768]           BasicSheet.java:979  | Stored /sheet#1/sheet#1.xml
2017-10-06 14:26:15,256 INFO [91386768]            BasicStub.java:723  | Sheet{91386768} disposed
2017-10-06 14:26:16,420 INFO [91386768]            BasicStub.java:449  | Loaded /sheet#1/sheet#1.xml
2017-10-06 14:26:16,422 INFO [91386768]            BasicBook.java:1133 | Scores built: 2
2017-10-06 14:26:17,372 WARN [91386768]      PartwiseBuilder.java:1379 | Error visiting null
java.lang.NullPointerException: null
	at org.audiveris.omr.score.PartwiseBuilder.processKey(PartwiseBuilder.java:1344)
	at org.audiveris.omr.score.PartwiseBuilder.processKeys(PartwiseBuilder.java:1407)
	at org.audiveris.omr.score.PartwiseBuilder.processMeasure(PartwiseBuilder.java:1575)
	at org.audiveris.omr.score.PartwiseBuilder.processPart(PartwiseBuilder.java:1988)
	at org.audiveris.omr.score.PartwiseBuilder.processSystem(PartwiseBuilder.java:2528)
	at org.audiveris.omr.score.PartwiseBuilder.processLogicalPart(PartwiseBuilder.java:1433)
	at org.audiveris.omr.score.PartwiseBuilder.processStub(PartwiseBuilder.java:2483)
	at org.audiveris.omr.score.PartwiseBuilder.processPartList(PartwiseBuilder.java:2017)
	at org.audiveris.omr.score.PartwiseBuilder.processScore(PartwiseBuilder.java:2195)
	at org.audiveris.omr.score.PartwiseBuilder.build(PartwiseBuilder.java:307)
	at org.audiveris.omr.score.ScoreExporter.export(ScoreExporter.java:117)
	at org.audiveris.omr.score.ScoreExporter.export(ScoreExporter.java:91)
	at org.audiveris.omr.sheet.BasicBook.export(BasicBook.java:589)
	at org.audiveris.omr.CLI$ProcessingTask.processBook(CLI.java:785)
	at org.audiveris.omr.CLI$CliTask.call(CLI.java:344)
	at org.audiveris.omr.Main.runBatchTasks(Main.java:316)
	at org.audiveris.omr.Main.main(Main.java:155)
	at Audiveris.main(Audiveris.java:49)
2017-10-06 14:26:17,438 INFO [91386768]        ScoreExporter.java:93   | Score 91386768.mvt1 exported to /Users/stephenn/Documents/workspace/nlsomr/xml_out/91386487/91386768/91386768.mvt1.mxl
2017-10-06 14:26:17,444 WARN [91386768]      PartwiseBuilder.java:1379 | Error visiting null
java.lang.NullPointerException: null
	at org.audiveris.omr.score.PartwiseBuilder.processKey(PartwiseBuilder.java:1344)
	at org.audiveris.omr.score.PartwiseBuilder.processKeys(PartwiseBuilder.java:1407)
	at org.audiveris.omr.score.PartwiseBuilder.processMeasure(PartwiseBuilder.java:1575)
	at org.audiveris.omr.score.PartwiseBuilder.processPart(PartwiseBuilder.java:1988)
	at org.audiveris.omr.score.PartwiseBuilder.processSystem(PartwiseBuilder.java:2528)
	at org.audiveris.omr.score.PartwiseBuilder.processLogicalPart(PartwiseBuilder.java:1433)
	at org.audiveris.omr.score.PartwiseBuilder.processStub(PartwiseBuilder.java:2483)
	at org.audiveris.omr.score.PartwiseBuilder.processPartList(PartwiseBuilder.java:2017)
	at org.audiveris.omr.score.PartwiseBuilder.processScore(PartwiseBuilder.java:2195)
	at org.audiveris.omr.score.PartwiseBuilder.build(PartwiseBuilder.java:307)
	at org.audiveris.omr.score.ScoreExporter.export(ScoreExporter.java:117)
	at org.audiveris.omr.score.ScoreExporter.export(ScoreExporter.java:91)
	at org.audiveris.omr.sheet.BasicBook.export(BasicBook.java:589)
	at org.audiveris.omr.CLI$ProcessingTask.processBook(CLI.java:785)
	at org.audiveris.omr.CLI$CliTask.call(CLI.java:344)
	at org.audiveris.omr.Main.runBatchTasks(Main.java:316)
	at org.audiveris.omr.Main.main(Main.java:155)
	at Audiveris.main(Audiveris.java:49)
2017-10-06 14:26:17,466 INFO [91386768]        ScoreExporter.java:93   | Score 91386768.mvt2 exported to /Users/stephenn/Documents/workspace/nlsomr/xml_out/91386487/91386768/91386768.mvt2.mxl
2017-10-06 14:26:17,646 INFO [91386768]            BasicBook.java:1395 | Stored /book.xml
2017-10-06 14:26:17,647 INFO [91386768]            BasicBook.java:1355 | Book stored as /Users/stephenn/Documents/workspace/nlsomr/xml_out/91386487/91386768/91386768.omr
