2017-10-06 15:29:37,642 INFO [91387644]            BasicBook.java:427  | 1 sheet in /Users/stephenn/Documents/workspace/nlsomr/working/91387644.jpg
2017-10-06 15:29:37,803 INFO []            BasicBook.java:1395 | Stored /book.xml
2017-10-06 15:29:37,804 INFO []            BasicBook.java:1355 | Book stored as /Users/stephenn/Documents/workspace/nlsomr/xml_out/91386487/91387644/91387644.omr
2017-10-06 15:29:37,810 INFO []            BasicBook.java:996  | Book reaching PAGE on sheets:[#1]
2017-10-06 15:29:37,816 INFO [91387644]       StepMonitoring.java:96   | LOAD
2017-10-06 15:29:37,984 INFO [91387644]            BasicBook.java:911  | Loaded image 1 2000x3056 from /Users/stephenn/Documents/workspace/nlsomr/working/91387644.jpg
2017-10-06 15:29:37,988 INFO [91387644]            ImageUtil.java:82   | Converting max RGB to gray ...
2017-10-06 15:29:38,234 INFO [91387644]            BasicBook.java:1395 | Stored /book.xml
2017-10-06 15:29:38,573 INFO [91387644]           BasicSheet.java:979  | Stored /sheet#1/sheet#1.xml
2017-10-06 15:29:38,576 INFO [91387644]       StepMonitoring.java:96   | BINARY
2017-10-06 15:29:39,196 INFO [91387644]            BasicBook.java:1395 | Stored /book.xml
2017-10-06 15:29:39,537 INFO [91387644]              Picture.java:786  | Stored /sheet#1/BINARY.xml
2017-10-06 15:29:39,539 INFO [91387644]           BasicSheet.java:979  | Stored /sheet#1/sheet#1.xml
2017-10-06 15:29:39,541 INFO [91387644]       StepMonitoring.java:96   | SCALE
2017-10-06 15:29:39,582 INFO [91387644]            ScaleStep.java:87   | Scale{line(3,4,6) interline(16,16,17) beam(13)}
2017-10-06 15:29:39,585 INFO [91387644]            BasicBook.java:1395 | Stored /book.xml
2017-10-06 15:29:39,588 INFO [91387644]           BasicSheet.java:979  | Stored /sheet#1/sheet#1.xml
2017-10-06 15:29:39,592 INFO [91387644]       StepMonitoring.java:96   | GRID
2017-10-06 15:29:40,415 INFO [91387644]       LinesRetriever.java:442  | Global slope: -0.00193
2017-10-06 15:29:40,493 INFO [91387644]    ClustersRetriever.java:241  | Retrieved line clusters: 12 of size: 5 with interline: (16,16,17)
2017-10-06 15:29:41,134 INFO [91387644]            PeakGraph.java:181  | Systems: #1[1, 2] #2[3, 4] #3[5, 6] #4[7, 8] #5[9, 10] #6[11, 12]
2017-10-06 15:29:42,385 INFO [91387644]        SystemManager.java:626  | Indentation detected for system#3
2017-10-06 15:29:42,385 INFO [91387644]        SystemManager.java:671  | 2 pages found in sheet
2017-10-06 15:29:42,386 INFO [91387644]        SystemManager.java:709  | Page #1: 1 part along 2 systems
2017-10-06 15:29:42,386 INFO [91387644]        SystemManager.java:709  | Page #2: 1 part along 4 systems
2017-10-06 15:29:42,390 INFO [91387644]            BasicBook.java:1395 | Stored /book.xml
2017-10-06 15:29:42,635 INFO [91387644]           BasicSheet.java:979  | Stored /sheet#1/sheet#1.xml
2017-10-06 15:29:42,638 INFO [91387644]       StepMonitoring.java:96   | HEADERS
2017-10-06 15:29:43,021 INFO []          Nd4jBackend.java:194  | Loaded [CpuBackend] backend
2017-10-06 15:29:43,083 INFO []      NativeOpsHolder.java:49   | Number of threads used for NativeOps: 2
2017-10-06 15:29:43,534 INFO [] DefaultOpExecutioner.java:544  | Backend used: [CPU]; OS: [Mac OS X]
2017-10-06 15:29:43,534 INFO [] DefaultOpExecutioner.java:545  | Cores: [4]; Memory: [3.6GB];
2017-10-06 15:29:43,534 INFO [] DefaultOpExecutioner.java:546  | Blas vendor: [OPENBLAS]
2017-10-06 15:29:43,572 INFO []   AbstractClassifier.java:332  | Classifier data loaded from default uri jar:file:/Users/stephenn/Documents/workspace/audiveris/build/distributions/Audiveris/lib/audiveris.jar!/res/basic-classifier.zip
2017-10-06 15:29:44,999 WARN [91387644]          ClefBuilder.java:560  | Staff#2 no header clef.
2017-10-06 15:29:45,346 WARN [91387644]          ClefBuilder.java:560  | Staff#4 no header clef.
2017-10-06 15:29:46,307 WARN [91387644]          ClefBuilder.java:560  | Staff#12 no header clef.
2017-10-06 15:29:46,365 INFO [91387644]            BasicBook.java:1395 | Stored /book.xml
2017-10-06 15:29:46,598 INFO []   AbstractClassifier.java:332  | Classifier data loaded from default uri jar:file:/Users/stephenn/Documents/workspace/audiveris/build/distributions/Audiveris/lib/audiveris.jar!/res/deep-classifier.zip
2017-10-06 15:29:46,730 INFO [91387644]           BasicSheet.java:979  | Stored /sheet#1/sheet#1.xml
2017-10-06 15:29:46,733 INFO [91387644]       StepMonitoring.java:96   | STEM_SEEDS
2017-10-06 15:29:46,847 INFO [91387644]        StemSeedsStep.java:91   | stem(3 max:5)
2017-10-06 15:29:46,968 INFO [91387644]            BasicBook.java:1395 | Stored /book.xml
2017-10-06 15:29:47,228 INFO [91387644]           BasicSheet.java:979  | Stored /sheet#1/sheet#1.xml
2017-10-06 15:29:47,230 INFO [91387644]       StepMonitoring.java:96   | BEAMS
2017-10-06 15:29:51,996 INFO [91387644]            BeamsStep.java:89   | BeamDistance{count:7 mean:15.35 stdDev:0.78}
2017-10-06 15:29:51,999 INFO [91387644]            BasicBook.java:1395 | Stored /book.xml
2017-10-06 15:29:52,056 INFO [91387644]              Picture.java:786  | Stored /sheet#1/HEAD_SPOTS.xml
2017-10-06 15:29:52,386 INFO [91387644]           BasicSheet.java:979  | Stored /sheet#1/sheet#1.xml
2017-10-06 15:29:52,389 INFO [91387644]       StepMonitoring.java:96   | LEDGERS
2017-10-06 15:29:52,977 INFO [91387644]            BasicBook.java:1395 | Stored /book.xml
2017-10-06 15:29:53,331 INFO [91387644]           BasicSheet.java:979  | Stored /sheet#1/sheet#1.xml
2017-10-06 15:29:53,333 INFO [91387644]       StepMonitoring.java:96   | HEADS
2017-10-06 15:29:55,794 INFO [91387644]            BasicBook.java:1395 | Stored /book.xml
2017-10-06 15:29:56,578 INFO [91387644]           BasicSheet.java:979  | Stored /sheet#1/sheet#1.xml
2017-10-06 15:29:56,580 INFO [91387644]       StepMonitoring.java:96   | STEMS
2017-10-06 15:29:58,762 INFO [91387644]            BasicBook.java:1395 | Stored /book.xml
2017-10-06 15:30:00,385 INFO [91387644]           BasicSheet.java:979  | Stored /sheet#1/sheet#1.xml
2017-10-06 15:30:00,389 INFO [91387644]       StepMonitoring.java:96   | REDUCTION
2017-10-06 15:30:00,849 INFO [91387644]            BasicBook.java:1395 | Stored /book.xml
2017-10-06 15:30:01,551 INFO [91387644]           BasicSheet.java:979  | Stored /sheet#1/sheet#1.xml
2017-10-06 15:30:01,554 INFO [91387644]       StepMonitoring.java:96   | CUE_BEAMS
2017-10-06 15:30:01,559 INFO [91387644]            BasicBook.java:1395 | Stored /book.xml
2017-10-06 15:30:02,242 INFO [91387644]           BasicSheet.java:979  | Stored /sheet#1/sheet#1.xml
2017-10-06 15:30:02,245 INFO [91387644]       StepMonitoring.java:96   | TEXTS
2017-10-06 15:30:04,428 INFO [91387644]            BasicBook.java:1395 | Stored /book.xml
2017-10-06 15:30:05,127 INFO [91387644]           BasicSheet.java:979  | Stored /sheet#1/sheet#1.xml
2017-10-06 15:30:05,130 INFO [91387644]       StepMonitoring.java:96   | MEASURES
2017-10-06 15:30:05,136 INFO [91387644]                 Page.java:210  | 11 raw measures: [6 in system#1, 5 in system#2]
2017-10-06 15:30:05,137 INFO [91387644]                 Page.java:210  | 17 raw measures: [5 in system#3, 4 in system#4, 4 in system#5, 4 in system#6]
2017-10-06 15:30:05,138 INFO [91387644]            BasicBook.java:1395 | Stored /book.xml
2017-10-06 15:30:05,823 INFO [91387644]           BasicSheet.java:979  | Stored /sheet#1/sheet#1.xml
2017-10-06 15:30:05,826 INFO [91387644]       StepMonitoring.java:96   | CHORDS
2017-10-06 15:30:05,839 INFO [91387644]            BasicBook.java:1395 | Stored /book.xml
2017-10-06 15:30:06,537 INFO [91387644]           BasicSheet.java:979  | Stored /sheet#1/sheet#1.xml
2017-10-06 15:30:06,539 INFO [91387644]       StepMonitoring.java:96   | CURVES
2017-10-06 15:30:08,239 INFO [91387644]         SlursBuilder.java:762  | LEFT collision SlurInter{#5070(0.676)} & SlurInter{#5266(0.542)} @ HeadInter{#2835(0.668/0.821) e#4910 s:5 p:3.00 NOTEHEAD_BLACK}
2017-10-06 15:30:08,241 INFO [91387644]         SlursBuilder.java:762  | RIGHT collision SlurInter{#5070(0.676)} & SlurInter{#5266(0.542)} @ HeadInter{#2781(0.624/0.800) e#4911 s:5 p:4.00 NOTEHEAD_BLACK}
2017-10-06 15:30:08,242 INFO [91387644]         SlursBuilder.java:762  | LEFT collision SlurInter{#5266(0.542)} & SlurInter{#5070(0.676)} @ HeadInter{#2835(0.668/0.821) e#4910 s:5 p:3.00 NOTEHEAD_BLACK}
2017-10-06 15:30:08,242 INFO [91387644]         SlursBuilder.java:762  | RIGHT collision SlurInter{#5266(0.542)} & SlurInter{#5070(0.676)} @ HeadInter{#2781(0.624/0.800) e#4911 s:5 p:4.00 NOTEHEAD_BLACK}
2017-10-06 15:30:08,243 INFO [91387644]         SlursBuilder.java:762  | RIGHT collision SlurInter{#5239(0.404)} & SlurInter{#5310(0.337)} @ HeadInter{#3761(0.671/0.832) e#4975 s:10 p:3.00 NOTEHEAD_BLACK}
2017-10-06 15:30:08,244 INFO [91387644]         SlursBuilder.java:762  | RIGHT collision SlurInter{#5310(0.337)} & SlurInter{#5239(0.404)} @ HeadInter{#3761(0.671/0.832) e#4975 s:10 p:3.00 NOTEHEAD_BLACK}
2017-10-06 15:30:08,245 INFO [91387644]         SlursBuilder.java:157  | Slurs: 39
2017-10-06 15:30:08,278 INFO [91387644]      SegmentsBuilder.java:113  | Segments: 27
2017-10-06 15:30:08,286 INFO [91387644]            BasicBook.java:1395 | Stored /book.xml
2017-10-06 15:30:09,313 INFO [91387644]           BasicSheet.java:979  | Stored /sheet#1/sheet#1.xml
2017-10-06 15:30:09,317 INFO [91387644]       StepMonitoring.java:96   | SYMBOLS
2017-10-06 15:30:10,837 INFO [91387644]       SymbolsBuilder.java:340  | Symbol parts shrunk from 9 to 7
2017-10-06 15:30:12,904 INFO [91387644]            BasicBook.java:1395 | Stored /book.xml
2017-10-06 15:30:14,373 INFO [91387644]           BasicSheet.java:979  | Stored /sheet#1/sheet#1.xml
2017-10-06 15:30:14,375 INFO [91387644]       StepMonitoring.java:96   | LINKS
2017-10-06 15:30:14,394 INFO [91387644]        SymbolsLinker.java:252  | No chord above PedalInter{#6380(0.800) PEDAL_UP_MARK}
2017-10-06 15:30:14,395 INFO [91387644]        SymbolsLinker.java:252  | No chord above PedalInter{#6382(0.799) PEDAL_UP_MARK}
2017-10-06 15:30:14,395 INFO [91387644]        SymbolsLinker.java:252  | No chord above PedalInter{#6388(0.570) PEDAL_UP_MARK}
2017-10-06 15:30:14,396 INFO [91387644]        SymbolsLinker.java:252  | No chord above PedalInter{#6390(0.798) PEDAL_UP_MARK}
2017-10-06 15:30:14,403 INFO [91387644]        SymbolsLinker.java:252  | No chord above PedalInter{#6403(0.800) PEDAL_UP_MARK}
2017-10-06 15:30:14,408 INFO [91387644]        SymbolsLinker.java:252  | No chord above PedalInter{#6481(0.799) PEDAL_UP_MARK}
2017-10-06 15:30:14,416 INFO [91387644]        SymbolsLinker.java:252  | No chord above PedalInter{#6511(0.798) PEDAL_UP_MARK}
2017-10-06 15:30:14,436 INFO [91387644]            BasicBook.java:1395 | Stored /book.xml
2017-10-06 15:30:15,944 INFO [91387644]           BasicSheet.java:979  | Stored /sheet#1/sheet#1.xml
2017-10-06 15:30:15,947 INFO [91387644]       StepMonitoring.java:96   | RHYTHMS
2017-10-06 15:30:15,975 INFO [91387644]           PageRhythm.java:314  | Range{1-11} Durations avgGuess:1/2 topGuess:1/2 avgValue:0.62 stacks:11 voices:34 Histogram{1/4-7/8 size:4 [1/4=2 1/2=17 3/4=14 7/8=1]}
2017-10-06 15:30:15,977 INFO [91387644]           PageRhythm.java:221  | S1 Range{1-11 dur:1/2} should update to 1/2-based time sig?
2017-10-06 15:30:15,980 INFO [91387644]         SlotsBuilder.java:427  | S1 MeasureStack#2 Slot{#3 xOffset=104 timeOffset=1/2 incomings=[#4840] SUSPICIOUS}
2017-10-06 15:30:15,982 INFO [91387644]                Voice.java:257  | S1 MeasureStack#2 Voice #1 too long 3/4
2017-10-06 15:30:15,985 INFO [91387644]                Voice.java:257  | S1 MeasureStack#2 Voice #3 too long 3/4
2017-10-06 15:30:15,985 INFO [91387644]           StackTuner.java:92   | S1 MeasureStack#2 no correct rhythm
2017-10-06 15:30:15,988 INFO [91387644]                Voice.java:257  | S1 MeasureStack#3 Voice #1 too long 1/4
2017-10-06 15:30:15,989 INFO [91387644]                Voice.java:257  | S1 MeasureStack#3 Voice #2 too long 1/4
2017-10-06 15:30:15,990 INFO [91387644]                Voice.java:257  | S1 MeasureStack#3 Voice #3 too long 1/4
2017-10-06 15:30:15,991 INFO [91387644]           StackTuner.java:92   | S1 MeasureStack#3 no correct rhythm
2017-10-06 15:30:15,993 INFO [91387644]                Voice.java:257  | S1 MeasureStack#4 Voice #1 too long 1/4
2017-10-06 15:30:15,994 INFO [91387644]                Voice.java:257  | S1 MeasureStack#4 Voice #2 too long 1/4
2017-10-06 15:30:15,994 INFO [91387644]                Voice.java:257  | S1 MeasureStack#4 Voice #3 too long 1/4
2017-10-06 15:30:15,995 INFO [91387644]                Voice.java:257  | S1 MeasureStack#4 Voice #4 too long 1/4
2017-10-06 15:30:15,995 INFO [91387644]           StackTuner.java:92   | S1 MeasureStack#4 no correct rhythm
2017-10-06 15:30:15,997 INFO [91387644]                Voice.java:257  | S1 MeasureStack#5 Voice #1 too long 1/4
2017-10-06 15:30:15,998 INFO [91387644]                Voice.java:257  | S1 MeasureStack#5 Voice #2 too long 1/4
2017-10-06 15:30:15,998 INFO [91387644]                Voice.java:257  | S1 MeasureStack#5 Voice #3 too long 1/4
2017-10-06 15:30:15,999 INFO [91387644]           StackTuner.java:92   | S1 MeasureStack#5 no correct rhythm
2017-10-06 15:30:16,005 WARN [91387644]            BasicStub.java:841  | Error in RHYTHMS java.util.concurrent.ExecutionException: java.lang.NullPointerException
java.util.concurrent.ExecutionException: java.lang.NullPointerException
	at java.util.concurrent.FutureTask.report(FutureTask.java:122)
	at java.util.concurrent.FutureTask.get(FutureTask.java:206)
	at org.audiveris.omr.sheet.BasicStub.doOneStep(BasicStub.java:824)
	at org.audiveris.omr.sheet.BasicStub.reachStep(BasicStub.java:564)
	at org.audiveris.omr.sheet.BasicBook.reachBookStep(BasicBook.java:1063)
	at org.audiveris.omr.sheet.BasicBook.transcribe(BasicBook.java:1446)
	at org.audiveris.omr.sheet.BasicBook.export(BasicBook.java:558)
	at org.audiveris.omr.CLI$ProcessingTask.processBook(CLI.java:785)
	at org.audiveris.omr.CLI$CliTask.call(CLI.java:344)
	at org.audiveris.omr.Main.runBatchTasks(Main.java:316)
	at org.audiveris.omr.Main.main(Main.java:155)
	at Audiveris.main(Audiveris.java:49)
Caused by: java.lang.NullPointerException: null
	at org.audiveris.omr.sheet.rhythm.Voices.getTiedId(Voices.java:366)
	at org.audiveris.omr.sheet.rhythm.Voices.refineSystem(Voices.java:290)
	at org.audiveris.omr.sheet.rhythm.PageRhythm.processRanges(PageRhythm.java:245)
	at org.audiveris.omr.sheet.rhythm.PageRhythm.process(PageRhythm.java:128)
	at org.audiveris.omr.sheet.rhythm.RhythmsStep.doit(RhythmsStep.java:61)
	at org.audiveris.omr.step.Step.doit(Step.java:168)
	at org.audiveris.omr.sheet.BasicStub$3.call(BasicStub.java:814)
	at org.audiveris.omr.sheet.BasicStub$3.call(BasicStub.java:802)
	at java.util.concurrent.FutureTask.run(FutureTask.java:266)
	at java.util.concurrent.ThreadPoolExecutor.runWorker(ThreadPoolExecutor.java:1149)
	at java.util.concurrent.ThreadPoolExecutor$Worker.run(ThreadPoolExecutor.java:624)
	at java.lang.Thread.run(Thread.java:748)
2017-10-06 15:30:16,006 INFO [91387644]            BasicStub.java:846  | Cause java.lang.NullPointerException
2017-10-06 15:30:16,007 INFO [91387644]            BasicStub.java:571  | StepException detected in [LOAD, BINARY, SCALE, GRID, HEADERS, STEM_SEEDS, BEAMS, LEDGERS, HEADS, STEMS, REDUCTION, CUE_BEAMS, TEXTS, MEASURES, CHORDS, CURVES, SYMBOLS, LINKS, RHYTHMS, PAGE]
2017-10-06 15:30:16,009 INFO [91387644]            BasicBook.java:1133 | Scores built: 2
2017-10-06 15:30:17,050 INFO [91387644]        ScoreExporter.java:93   | Score 91387644.mvt1 exported to /Users/stephenn/Documents/workspace/nlsomr/xml_out/91386487/91387644/91387644.mvt1.mxl
2017-10-06 15:30:17,057 INFO [91387644]        ScoreExporter.java:93   | Score 91387644.mvt2 exported to /Users/stephenn/Documents/workspace/nlsomr/xml_out/91386487/91387644/91387644.mvt2.mxl
2017-10-06 15:30:17,308 INFO [91387644]            BasicBook.java:1395 | Stored /book.xml
2017-10-06 15:30:18,177 INFO [91387644]           BasicSheet.java:979  | Stored /sheet#1/sheet#1.xml
2017-10-06 15:30:18,178 INFO [91387644]            BasicBook.java:1355 | Book stored as /Users/stephenn/Documents/workspace/nlsomr/xml_out/91386487/91387644/91387644.omr
