2017-10-06 14:15:26,814 INFO [91386576]            BasicBook.java:427  | 1 sheet in /Users/stephenn/Documents/workspace/nlsomr/working/91386576.jpg
2017-10-06 14:15:26,958 INFO []            BasicBook.java:1395 | Stored /book.xml
2017-10-06 14:15:26,958 INFO []            BasicBook.java:1355 | Book stored as /Users/stephenn/Documents/workspace/nlsomr/xml_out/91386487/91386576/91386576.omr
2017-10-06 14:15:26,964 INFO []            BasicBook.java:996  | Book reaching PAGE on sheets:[#1]
2017-10-06 14:15:26,965 INFO [91386576]       StepMonitoring.java:96   | LOAD
2017-10-06 14:15:27,094 INFO [91386576]            BasicBook.java:911  | Loaded image 1 2000x3050 from /Users/stephenn/Documents/workspace/nlsomr/working/91386576.jpg
2017-10-06 14:15:27,097 INFO [91386576]            ImageUtil.java:82   | Converting max RGB to gray ...
2017-10-06 14:15:27,324 INFO [91386576]            BasicBook.java:1395 | Stored /book.xml
2017-10-06 14:15:27,603 INFO [91386576]           BasicSheet.java:979  | Stored /sheet#1/sheet#1.xml
2017-10-06 14:15:27,605 INFO [91386576]       StepMonitoring.java:96   | BINARY
2017-10-06 14:15:28,152 INFO [91386576]            BasicBook.java:1395 | Stored /book.xml
2017-10-06 14:15:28,198 INFO [91386576]              Picture.java:786  | Stored /sheet#1/BINARY.xml
2017-10-06 14:15:28,201 INFO [91386576]           BasicSheet.java:979  | Stored /sheet#1/sheet#1.xml
2017-10-06 14:15:28,203 INFO [91386576]       StepMonitoring.java:96   | SCALE
2017-10-06 14:15:28,211 WARN [91386576]            BasicStub.java:222  | 91386576 Too few black pixels: 0.0080% This sheet is almost blank.
2017-10-06 14:15:28,211 INFO [91386576]            BasicStub.java:493  | Sheet 91386576 flagged as invalid.
2017-10-06 14:15:28,213 WARN [91386576]            BasicStub.java:841  | Error in SCALE java.util.concurrent.ExecutionException: org.audiveris.omr.step.StepException: Sheet ignored
java.util.concurrent.ExecutionException: org.audiveris.omr.step.StepException: Sheet ignored
	at java.util.concurrent.FutureTask.report(FutureTask.java:122)
	at java.util.concurrent.FutureTask.get(FutureTask.java:206)
	at org.audiveris.omr.sheet.BasicStub.doOneStep(BasicStub.java:824)
	at org.audiveris.omr.sheet.BasicStub.reachStep(BasicStub.java:564)
	at org.audiveris.omr.sheet.BasicBook.reachBookStep(BasicBook.java:1063)
	at org.audiveris.omr.sheet.BasicBook.transcribe(BasicBook.java:1446)
	at org.audiveris.omr.sheet.BasicBook.export(BasicBook.java:558)
	at org.audiveris.omr.CLI$ProcessingTask.processBook(CLI.java:785)
	at org.audiveris.omr.CLI$CliTask.call(CLI.java:344)
	at org.audiveris.omr.Main.runBatchTasks(Main.java:316)
	at org.audiveris.omr.Main.main(Main.java:155)
	at Audiveris.main(Audiveris.java:49)
Caused by: org.audiveris.omr.step.StepException: Sheet ignored
	at org.audiveris.omr.sheet.BasicStub.decideOnRemoval(BasicStub.java:236)
	at org.audiveris.omr.sheet.ScaleBuilder$HistoKeeper.checkBlack(ScaleBuilder.java:622)
	at org.audiveris.omr.sheet.ScaleBuilder$HistoKeeper.retrieveLinePeak(ScaleBuilder.java:541)
	at org.audiveris.omr.sheet.ScaleBuilder.retrieveScale(ScaleBuilder.java:159)
	at org.audiveris.omr.step.ScaleStep.doit(ScaleStep.java:85)
	at org.audiveris.omr.step.Step.doit(Step.java:168)
	at org.audiveris.omr.sheet.BasicStub$3.call(BasicStub.java:814)
	at org.audiveris.omr.sheet.BasicStub$3.call(BasicStub.java:802)
	at java.util.concurrent.FutureTask.run(FutureTask.java:266)
	at java.util.concurrent.ThreadPoolExecutor.runWorker(ThreadPoolExecutor.java:1149)
	at java.util.concurrent.ThreadPoolExecutor$Worker.run(ThreadPoolExecutor.java:624)
	at java.lang.Thread.run(Thread.java:748)
2017-10-06 14:15:28,214 INFO [91386576]            BasicStub.java:846  | Cause org.audiveris.omr.step.StepException: Sheet ignored
2017-10-06 14:15:28,214 INFO [91386576]            BasicStub.java:571  | StepException detected in [LOAD, BINARY, SCALE, GRID, HEADERS, STEM_SEEDS, BEAMS, LEDGERS, HEADS, STEMS, REDUCTION, CUE_BEAMS, TEXTS, MEASURES, CHORDS, CURVES, SYMBOLS, LINKS, RHYTHMS, PAGE]
2017-10-06 14:15:28,271 INFO [91386576]            BasicBook.java:1395 | Stored /book.xml
2017-10-06 14:15:28,272 INFO [91386576]           BasicSheet.java:979  | Stored /sheet#1/sheet#1.xml
2017-10-06 14:15:28,273 INFO [91386576]            BasicBook.java:1355 | Book stored as /Users/stephenn/Documents/workspace/nlsomr/xml_out/91386487/91386576/91386576.omr
