2017-10-06 15:32:18,590 INFO [91387680]            BasicBook.java:427  | 1 sheet in /Users/stephenn/Documents/workspace/nlsomr/working/91387680.jpg
2017-10-06 15:32:18,739 INFO []            BasicBook.java:1395 | Stored /book.xml
2017-10-06 15:32:18,740 INFO []            BasicBook.java:1355 | Book stored as /Users/stephenn/Documents/workspace/nlsomr/xml_out/91386487/91387680/91387680.omr
2017-10-06 15:32:18,745 INFO []            BasicBook.java:996  | Book reaching PAGE on sheets:[#1]
2017-10-06 15:32:18,747 INFO [91387680]       StepMonitoring.java:96   | LOAD
2017-10-06 15:32:18,893 INFO [91387680]            BasicBook.java:911  | Loaded image 1 2000x3056 from /Users/stephenn/Documents/workspace/nlsomr/working/91387680.jpg
2017-10-06 15:32:18,897 INFO [91387680]            ImageUtil.java:82   | Converting max RGB to gray ...
2017-10-06 15:32:19,145 INFO [91387680]            BasicBook.java:1395 | Stored /book.xml
2017-10-06 15:32:19,437 INFO [91387680]           BasicSheet.java:979  | Stored /sheet#1/sheet#1.xml
2017-10-06 15:32:19,439 INFO [91387680]       StepMonitoring.java:96   | BINARY
2017-10-06 15:32:20,040 INFO [91387680]            BasicBook.java:1395 | Stored /book.xml
2017-10-06 15:32:20,375 INFO [91387680]              Picture.java:786  | Stored /sheet#1/BINARY.xml
2017-10-06 15:32:20,378 INFO [91387680]           BasicSheet.java:979  | Stored /sheet#1/sheet#1.xml
2017-10-06 15:32:20,381 INFO [91387680]       StepMonitoring.java:96   | SCALE
2017-10-06 15:32:20,432 INFO [91387680]            ScaleStep.java:87   | Scale{line(3,5,6) interline(16,17,17) beam(13)}
2017-10-06 15:32:20,434 INFO [91387680]            BasicBook.java:1395 | Stored /book.xml
2017-10-06 15:32:20,437 INFO [91387680]           BasicSheet.java:979  | Stored /sheet#1/sheet#1.xml
2017-10-06 15:32:20,444 INFO [91387680]       StepMonitoring.java:96   | GRID
2017-10-06 15:32:21,421 INFO [91387680]       LinesRetriever.java:442  | Global slope: 0.00146
2017-10-06 15:32:21,523 INFO [91387680]    ClustersRetriever.java:241  | Retrieved line clusters: 12 of size: 5 with interline: (16,17,17)
2017-10-06 15:32:22,463 INFO [91387680]            PeakGraph.java:181  | Systems: #1[1, 2] #2[3, 4] #3[5, 6] #4[7, 8] #5[9, 10] #6[11, 12]
2017-10-06 15:32:23,363 INFO [91387680]        SystemManager.java:626  | Indentation detected for system#1
2017-10-06 15:32:23,363 INFO [91387680]        SystemManager.java:626  | Indentation detected for system#5
2017-10-06 15:32:23,364 INFO [91387680]        SystemManager.java:671  | 2 pages found in sheet
2017-10-06 15:32:23,364 INFO [91387680]        SystemManager.java:709  | Page #1: 1 part along 4 systems
2017-10-06 15:32:23,365 INFO [91387680]        SystemManager.java:709  | Page #2: 1 part along 2 systems
2017-10-06 15:32:23,368 INFO [91387680]            BasicBook.java:1395 | Stored /book.xml
2017-10-06 15:32:23,579 INFO [91387680]           BasicSheet.java:979  | Stored /sheet#1/sheet#1.xml
2017-10-06 15:32:23,582 INFO [91387680]       StepMonitoring.java:96   | HEADERS
2017-10-06 15:32:23,977 INFO [91387680]          Nd4jBackend.java:194  | Loaded [CpuBackend] backend
2017-10-06 15:32:24,038 INFO [91387680]      NativeOpsHolder.java:49   | Number of threads used for NativeOps: 2
2017-10-06 15:32:24,445 INFO [91387680] DefaultOpExecutioner.java:544  | Backend used: [CPU]; OS: [Mac OS X]
2017-10-06 15:32:24,446 INFO [91387680] DefaultOpExecutioner.java:545  | Cores: [4]; Memory: [3.6GB];
2017-10-06 15:32:24,446 INFO [91387680] DefaultOpExecutioner.java:546  | Blas vendor: [OPENBLAS]
2017-10-06 15:32:24,482 INFO [91387680]   AbstractClassifier.java:332  | Classifier data loaded from default uri jar:file:/Users/stephenn/Documents/workspace/audiveris/build/distributions/Audiveris/lib/audiveris.jar!/res/basic-classifier.zip
2017-10-06 15:32:26,028 WARN [91387680]          ClefBuilder.java:560  | Staff#2 no header clef.
2017-10-06 15:32:26,740 WARN [91387680]          ClefBuilder.java:560  | Staff#6 no header clef.
2017-10-06 15:32:27,033 WARN [91387680]          ClefBuilder.java:560  | Staff#10 no header clef.
2017-10-06 15:32:27,188 WARN [91387680]          ClefBuilder.java:560  | Staff#12 no header clef.
2017-10-06 15:32:27,191 INFO [91387680]            BasicBook.java:1395 | Stored /book.xml
2017-10-06 15:32:27,513 INFO [91387680]           BasicSheet.java:979  | Stored /sheet#1/sheet#1.xml
2017-10-06 15:32:27,516 INFO [91387680]       StepMonitoring.java:96   | STEM_SEEDS
2017-10-06 15:32:27,654 INFO [91387680]        StemSeedsStep.java:91   | stem(4 max:5)
2017-10-06 15:32:27,716 INFO []   AbstractClassifier.java:332  | Classifier data loaded from default uri jar:file:/Users/stephenn/Documents/workspace/audiveris/build/distributions/Audiveris/lib/audiveris.jar!/res/deep-classifier.zip
2017-10-06 15:32:27,778 INFO [91387680]            BasicBook.java:1395 | Stored /book.xml
2017-10-06 15:32:28,054 INFO [91387680]           BasicSheet.java:979  | Stored /sheet#1/sheet#1.xml
2017-10-06 15:32:28,056 INFO [91387680]       StepMonitoring.java:96   | BEAMS
2017-10-06 15:32:33,075 INFO [91387680]            BeamsStep.java:89   | BeamDistance{count:4 mean:16.53 stdDev:1.81}
2017-10-06 15:32:33,078 INFO [91387680]            BasicBook.java:1395 | Stored /book.xml
2017-10-06 15:32:33,141 INFO [91387680]              Picture.java:786  | Stored /sheet#1/HEAD_SPOTS.xml
2017-10-06 15:32:33,523 INFO [91387680]           BasicSheet.java:979  | Stored /sheet#1/sheet#1.xml
2017-10-06 15:32:33,525 INFO [91387680]       StepMonitoring.java:96   | LEDGERS
2017-10-06 15:32:34,251 INFO [91387680]            BasicBook.java:1395 | Stored /book.xml
2017-10-06 15:32:34,639 INFO [91387680]           BasicSheet.java:979  | Stored /sheet#1/sheet#1.xml
2017-10-06 15:32:34,641 INFO [91387680]       StepMonitoring.java:96   | HEADS
2017-10-06 15:32:37,326 INFO [91387680]            BasicBook.java:1395 | Stored /book.xml
2017-10-06 15:32:38,189 INFO [91387680]           BasicSheet.java:979  | Stored /sheet#1/sheet#1.xml
2017-10-06 15:32:38,192 INFO [91387680]       StepMonitoring.java:96   | STEMS
2017-10-06 15:32:40,423 INFO [91387680]            BasicBook.java:1395 | Stored /book.xml
2017-10-06 15:32:41,590 INFO [91387680]           BasicSheet.java:979  | Stored /sheet#1/sheet#1.xml
2017-10-06 15:32:41,593 INFO [91387680]       StepMonitoring.java:96   | REDUCTION
2017-10-06 15:32:42,033 INFO [91387680]            BasicBook.java:1395 | Stored /book.xml
2017-10-06 15:32:42,754 INFO [91387680]           BasicSheet.java:979  | Stored /sheet#1/sheet#1.xml
2017-10-06 15:32:42,756 INFO [91387680]       StepMonitoring.java:96   | CUE_BEAMS
2017-10-06 15:32:42,762 INFO [91387680]            BasicBook.java:1395 | Stored /book.xml
2017-10-06 15:32:43,434 INFO [91387680]           BasicSheet.java:979  | Stored /sheet#1/sheet#1.xml
2017-10-06 15:32:43,437 INFO [91387680]       StepMonitoring.java:96   | TEXTS
2017-10-06 15:32:45,385 INFO [91387680]            BasicBook.java:1395 | Stored /book.xml
2017-10-06 15:32:46,091 INFO [91387680]           BasicSheet.java:979  | Stored /sheet#1/sheet#1.xml
2017-10-06 15:32:46,093 INFO [91387680]       StepMonitoring.java:96   | MEASURES
2017-10-06 15:32:46,097 INFO [91387680]      MeasuresBuilder.java:316  | S4 partial barline column: s8:G(x:910,y:1747)[#128]
2017-10-06 15:32:46,098 INFO [91387680]      MeasuresBuilder.java:328  | S4 deleting   half column: s8:G(x:910,y:1747)[#128]
2017-10-06 15:32:46,098 INFO [91387680]                 Page.java:210  | 18 raw measures: [5 in system#1, 4 in system#2, 5 in system#3, 4 in system#4]
2017-10-06 15:32:46,099 INFO [91387680]                 Page.java:210  | 8 raw measures: [4 in system#5, 4 in system#6]
2017-10-06 15:32:46,101 INFO [91387680]            BasicBook.java:1395 | Stored /book.xml
2017-10-06 15:32:46,812 INFO [91387680]           BasicSheet.java:979  | Stored /sheet#1/sheet#1.xml
2017-10-06 15:32:46,814 INFO [91387680]       StepMonitoring.java:96   | CHORDS
2017-10-06 15:32:46,827 INFO [91387680]            BasicBook.java:1395 | Stored /book.xml
2017-10-06 15:32:47,606 INFO [91387680]           BasicSheet.java:979  | Stored /sheet#1/sheet#1.xml
2017-10-06 15:32:47,611 INFO [91387680]       StepMonitoring.java:96   | CURVES
2017-10-06 15:32:49,274 INFO [91387680]         SlursBuilder.java:157  | Slurs: 29
2017-10-06 15:32:49,304 INFO [91387680]      SegmentsBuilder.java:113  | Segments: 15
2017-10-06 15:32:49,314 INFO [91387680]            BasicBook.java:1395 | Stored /book.xml
2017-10-06 15:32:50,411 INFO [91387680]           BasicSheet.java:979  | Stored /sheet#1/sheet#1.xml
2017-10-06 15:32:50,414 INFO [91387680]       StepMonitoring.java:96   | SYMBOLS
2017-10-06 15:32:50,811 INFO [91387680]       SymbolsBuilder.java:340  | Symbol parts shrunk from 8 to 7
2017-10-06 15:32:52,561 WARN [91387680]       SymbolsBuilder.java:229  | Error in glyph evaluation java.lang.ClassCastException: org.audiveris.omr.sig.inter.SmallChordInter cannot be cast to org.audiveris.omr.sig.inter.HeadChordInter
java.lang.ClassCastException: org.audiveris.omr.sig.inter.SmallChordInter cannot be cast to org.audiveris.omr.sig.inter.HeadChordInter
	at org.audiveris.omr.sig.inter.ArpeggiatoInter.create(ArpeggiatoInter.java:136)
	at org.audiveris.omr.sheet.symbol.SymbolFactory.create(SymbolFactory.java:220)
	at org.audiveris.omr.sheet.symbol.SymbolsBuilder.evaluateGlyph(SymbolsBuilder.java:227)
	at org.audiveris.omr.sheet.symbol.SymbolsBuilder.access$1200(SymbolsBuilder.java:68)
	at org.audiveris.omr.sheet.symbol.SymbolsBuilder$SymbolAdapter.evaluateGlyph(SymbolsBuilder.java:479)
	at org.audiveris.omr.glyph.GlyphCluster.process(GlyphCluster.java:200)
	at org.audiveris.omr.glyph.GlyphCluster.decompose(GlyphCluster.java:141)
	at org.audiveris.omr.sheet.symbol.SymbolsBuilder.processClusters(SymbolsBuilder.java:346)
	at org.audiveris.omr.sheet.symbol.SymbolsBuilder.buildSymbols(SymbolsBuilder.java:164)
	at org.audiveris.omr.sheet.symbol.SymbolsStep.doSystem(SymbolsStep.java:103)
	at org.audiveris.omr.sheet.symbol.SymbolsStep.doSystem(SymbolsStep.java:51)
	at org.audiveris.omr.step.AbstractSystemStep$1.call(AbstractSystemStep.java:198)
	at org.audiveris.omr.step.AbstractSystemStep$1.call(AbstractSystemStep.java:181)
	at org.audiveris.omr.step.AbstractSystemStep.doitPerSystem(AbstractSystemStep.java:219)
	at org.audiveris.omr.step.AbstractSystemStep.doit(AbstractSystemStep.java:106)
	at org.audiveris.omr.step.Step.doit(Step.java:168)
	at org.audiveris.omr.sheet.BasicStub$3.call(BasicStub.java:814)
	at org.audiveris.omr.sheet.BasicStub$3.call(BasicStub.java:802)
	at java.util.concurrent.FutureTask.run(FutureTask.java:266)
	at java.util.concurrent.ThreadPoolExecutor.runWorker(ThreadPoolExecutor.java:1149)
	at java.util.concurrent.ThreadPoolExecutor$Worker.run(ThreadPoolExecutor.java:624)
	at java.lang.Thread.run(Thread.java:748)
2017-10-06 15:32:52,595 WARN [91387680]       SymbolsBuilder.java:229  | Error in glyph evaluation java.lang.ClassCastException: org.audiveris.omr.sig.inter.SmallChordInter cannot be cast to org.audiveris.omr.sig.inter.HeadChordInter
java.lang.ClassCastException: org.audiveris.omr.sig.inter.SmallChordInter cannot be cast to org.audiveris.omr.sig.inter.HeadChordInter
	at org.audiveris.omr.sig.inter.ArpeggiatoInter.create(ArpeggiatoInter.java:136)
	at org.audiveris.omr.sheet.symbol.SymbolFactory.create(SymbolFactory.java:220)
	at org.audiveris.omr.sheet.symbol.SymbolsBuilder.evaluateGlyph(SymbolsBuilder.java:227)
	at org.audiveris.omr.sheet.symbol.SymbolsBuilder.access$1200(SymbolsBuilder.java:68)
	at org.audiveris.omr.sheet.symbol.SymbolsBuilder$SymbolAdapter.evaluateGlyph(SymbolsBuilder.java:479)
	at org.audiveris.omr.glyph.GlyphCluster.process(GlyphCluster.java:200)
	at org.audiveris.omr.glyph.GlyphCluster.process(GlyphCluster.java:226)
	at org.audiveris.omr.glyph.GlyphCluster.decompose(GlyphCluster.java:141)
	at org.audiveris.omr.sheet.symbol.SymbolsBuilder.processClusters(SymbolsBuilder.java:346)
	at org.audiveris.omr.sheet.symbol.SymbolsBuilder.buildSymbols(SymbolsBuilder.java:164)
	at org.audiveris.omr.sheet.symbol.SymbolsStep.doSystem(SymbolsStep.java:103)
	at org.audiveris.omr.sheet.symbol.SymbolsStep.doSystem(SymbolsStep.java:51)
	at org.audiveris.omr.step.AbstractSystemStep$1.call(AbstractSystemStep.java:198)
	at org.audiveris.omr.step.AbstractSystemStep$1.call(AbstractSystemStep.java:181)
	at org.audiveris.omr.step.AbstractSystemStep.doitPerSystem(AbstractSystemStep.java:219)
	at org.audiveris.omr.step.AbstractSystemStep.doit(AbstractSystemStep.java:106)
	at org.audiveris.omr.step.Step.doit(Step.java:168)
	at org.audiveris.omr.sheet.BasicStub$3.call(BasicStub.java:814)
	at org.audiveris.omr.sheet.BasicStub$3.call(BasicStub.java:802)
	at java.util.concurrent.FutureTask.run(FutureTask.java:266)
	at java.util.concurrent.ThreadPoolExecutor.runWorker(ThreadPoolExecutor.java:1149)
	at java.util.concurrent.ThreadPoolExecutor$Worker.run(ThreadPoolExecutor.java:624)
	at java.lang.Thread.run(Thread.java:748)
2017-10-06 15:32:52,944 INFO [91387680]            BasicBook.java:1395 | Stored /book.xml
2017-10-06 15:32:54,372 INFO [91387680]           BasicSheet.java:979  | Stored /sheet#1/sheet#1.xml
2017-10-06 15:32:54,374 INFO [91387680]       StepMonitoring.java:96   | LINKS
2017-10-06 15:32:54,397 INFO [91387680]        SymbolsLinker.java:306  | No measure stack for direction SentenceInter{#5174(0.543) s:9 BS-38 Direction} J 60.
2017-10-06 15:32:54,422 INFO [91387680]            BasicBook.java:1395 | Stored /book.xml
2017-10-06 15:32:55,890 INFO [91387680]           BasicSheet.java:979  | Stored /sheet#1/sheet#1.xml
2017-10-06 15:32:55,892 INFO [91387680]       StepMonitoring.java:96   | RHYTHMS
2017-10-06 15:32:55,901 INFO [91387680]         SlotsBuilder.java:434  | Stack#2 endless loop detected
2017-10-06 15:32:55,910 INFO [91387680]         SlotsBuilder.java:434  | Stack#4 endless loop detected
2017-10-06 15:32:55,913 INFO [91387680]         SlotsBuilder.java:434  | Stack#6 endless loop detected
2017-10-06 15:32:55,919 INFO [91387680]         SlotsBuilder.java:399  | Stack#12 suspicious Slot{#4 xOffset=228 timeOffset=3/8 incomings=[#5284]}
2017-10-06 15:32:55,926 INFO [91387680]         SlotsBuilder.java:399  | Stack#15 suspicious Slot{#3 xOffset=253 timeOffset=1/4 incomings=[#5321#5337]}
2017-10-06 15:32:55,928 INFO [91387680]         SlotsBuilder.java:399  | Stack#16 suspicious Slot{#3 xOffset=194 timeOffset=1/4 incomings=[#5326]}
2017-10-06 15:32:55,934 INFO [91387680]           PageRhythm.java:314  | Range{1-18 ts:3/4} Durations avgGuess:1/2 topGuess:1/2 avgValue:0.63 stacks:18 voices:43 Histogram{1/4-1 size:6 [1/4=5 3/8=4 1/2=19 5/8=2 3/4=10 1=3]}
2017-10-06 15:32:55,935 INFO [91387680]           PageRhythm.java:221  | S1 Range{1-18 ts:3/4 dur:1/2} should update to 1/2-based time sig?
2017-10-06 15:32:55,937 INFO [91387680]         SlotsBuilder.java:434  | Stack#2 endless loop detected
2017-10-06 15:32:55,938 INFO [91387680]                Voice.java:257  | S1 MeasureStack#2 Voice #3 too long 1/4
2017-10-06 15:32:55,939 INFO [91387680]           StackTuner.java:92   | S1 MeasureStack#2 no correct rhythm
2017-10-06 15:32:55,940 INFO [91387680]                Voice.java:257  | S1 MeasureStack#3 Voice #1 too long 1/2
2017-10-06 15:32:55,941 INFO [91387680]                Voice.java:257  | S1 MeasureStack#3 Voice #2 too long 1/2
2017-10-06 15:32:55,941 INFO [91387680]                Voice.java:257  | S1 MeasureStack#3 Voice #3 too long 1/2
2017-10-06 15:32:55,941 INFO [91387680]                Voice.java:257  | S1 MeasureStack#3 Voice #4 too long 1/4
2017-10-06 15:32:55,941 INFO [91387680]           StackTuner.java:92   | S1 MeasureStack#3 no correct rhythm
2017-10-06 15:32:55,943 INFO [91387680]         SlotsBuilder.java:434  | Stack#4 endless loop detected
2017-10-06 15:32:55,944 INFO [91387680]                Voice.java:257  | S1 MeasureStack#4 Voice #3 too long 1/4
2017-10-06 15:32:55,944 INFO [91387680]           StackTuner.java:92   | S1 MeasureStack#4 no correct rhythm
2017-10-06 15:32:55,946 INFO [91387680]         SlotsBuilder.java:427  | S1 MeasureStack#5 Slot{#3 xOffset=110 timeOffset=1/2 incomings=[#5243] SUSPICIOUS}
2017-10-06 15:32:55,947 INFO [91387680]                Voice.java:257  | S1 MeasureStack#5 Voice #1 too long 5/8
2017-10-06 15:32:55,947 INFO [91387680]                Voice.java:257  | S1 MeasureStack#5 Voice #2 too long 1/2
2017-10-06 15:32:55,947 INFO [91387680]                Voice.java:257  | S1 MeasureStack#5 Voice #3 too long 1/2
2017-10-06 15:32:55,948 INFO [91387680]                Voice.java:257  | S1 MeasureStack#5 Voice #4 too long 1/4
2017-10-06 15:32:55,948 INFO [91387680]           StackTuner.java:92   | S1 MeasureStack#5 no correct rhythm
2017-10-06 15:32:55,950 INFO [91387680]         SlotsBuilder.java:434  | Stack#6 endless loop detected
2017-10-06 15:32:55,951 INFO [91387680]         SlotsBuilder.java:427  | S2 MeasureStack#7 Slot{#3 xOffset=173 timeOffset=1/2 incomings=[#5266] SUSPICIOUS}
2017-10-06 15:32:55,952 INFO [91387680]                Voice.java:257  | S2 MeasureStack#7 Voice #1 too long 1/2
2017-10-06 15:32:55,952 INFO [91387680]                Voice.java:257  | S2 MeasureStack#7 Voice #2 too long 1/2
2017-10-06 15:32:55,952 INFO [91387680]           StackTuner.java:92   | S2 MeasureStack#7 no correct rhythm
2017-10-06 15:32:55,954 INFO [91387680]         SlotsBuilder.java:427  | S2 MeasureStack#8 Slot{#4 xOffset=207 timeOffset=1/2 incomings=[#5271] SUSPICIOUS}
2017-10-06 15:32:55,954 INFO [91387680]                Voice.java:257  | S2 MeasureStack#8 Voice #1 too long 1/2
2017-10-06 15:32:55,955 INFO [91387680]                Voice.java:257  | S2 MeasureStack#8 Voice #3 too long 1/2
2017-10-06 15:32:55,957 INFO [91387680]           StackTuner.java:92   | S2 MeasureStack#8 no correct rhythm
2017-10-06 15:32:55,961 INFO [91387680]                Voice.java:257  | S3 MeasureStack#11 Voice #1 too long 1/4
2017-10-06 15:32:55,961 INFO [91387680]                Voice.java:257  | S3 MeasureStack#11 Voice #2 too long 1/4
2017-10-06 15:32:55,962 INFO [91387680]           StackTuner.java:92   | S3 MeasureStack#11 no correct rhythm
2017-10-06 15:32:55,964 INFO [91387680]         SlotsBuilder.java:427  | S3 MeasureStack#12 Slot{#6 xOffset=274 timeOffset=1/2 incomings=[#5285] SUSPICIOUS}
2017-10-06 15:32:55,964 INFO [91387680]         SlotsBuilder.java:427  | S3 MeasureStack#12 Slot{#8 xOffset=320 timeOffset=5/8 incomings=[#5286] SUSPICIOUS}
2017-10-06 15:32:55,965 INFO [91387680]                Voice.java:257  | S3 MeasureStack#12 Voice #1 too long 1/4
2017-10-06 15:32:55,965 INFO [91387680]                Voice.java:257  | S3 MeasureStack#12 Voice #2 too long 1/8
2017-10-06 15:32:55,965 INFO [91387680]           StackTuner.java:92   | S3 MeasureStack#12 no correct rhythm
2017-10-06 15:32:55,968 INFO [91387680]                Voice.java:257  | S3 MeasureStack#13 Voice #1 too long 1/4
2017-10-06 15:32:55,968 INFO [91387680]                Voice.java:257  | S3 MeasureStack#13 Voice #2 too long 1/4
2017-10-06 15:32:55,969 INFO [91387680]           StackTuner.java:92   | S3 MeasureStack#13 no correct rhythm
2017-10-06 15:32:55,970 INFO [91387680]                Voice.java:257  | S3 MeasureStack#14 Voice #1 too long 1/4
2017-10-06 15:32:55,971 INFO [91387680]                Voice.java:257  | S3 MeasureStack#14 Voice #2 too long 1/4
2017-10-06 15:32:55,971 INFO [91387680]           StackTuner.java:92   | S3 MeasureStack#14 no correct rhythm
2017-10-06 15:32:55,974 INFO [91387680]         SlotsBuilder.java:434  | Stack#15 endless loop detected
2017-10-06 15:32:55,978 INFO [91387680]                Voice.java:257  | S4 MeasureStack#16 Voice #1 too long 1/4
2017-10-06 15:32:55,978 INFO [91387680]                Voice.java:257  | S4 MeasureStack#16 Voice #3 too long 1/8
2017-10-06 15:32:55,979 INFO [91387680]           StackTuner.java:92   | S4 MeasureStack#16 no correct rhythm
2017-10-06 15:32:55,980 INFO [91387680]         SlotsBuilder.java:427  | S4 MeasureStack#17 Slot{#6 xOffset=321 timeOffset=5/8 incomings=[#5330] SUSPICIOUS}
2017-10-06 15:32:55,981 INFO [91387680]                Voice.java:257  | S4 MeasureStack#17 Voice #1 too long 7/16
2017-10-06 15:32:55,981 INFO [91387680]                Voice.java:257  | S4 MeasureStack#17 Voice #2 too long 1/4
2017-10-06 15:32:55,981 INFO [91387680]           StackTuner.java:92   | S4 MeasureStack#17 no correct rhythm
2017-10-06 15:32:55,986 INFO [91387680]         SlotsBuilder.java:434  | Stack#3 endless loop detected
2017-10-06 15:32:55,991 INFO [91387680]         SlotsBuilder.java:434  | Stack#7 endless loop detected
2017-10-06 15:32:55,994 INFO [91387680]           PageRhythm.java:314  | Range{1-8 ts:4/4} Durations avgGuess:1 topGuess:1 avgValue:0.91 stacks:8 voices:22 Histogram{1/4-3/2 size:9 [1/4=1 7/16=2 1/2=3 5/8=2 3/4=1 1=10 9/8=1 5/4=1 3/2=1]}
2017-10-06 15:32:55,998 INFO [91387680]                Voice.java:257  | S5 MeasureStack#2 Voice #1 too long 1/8
2017-10-06 15:32:55,999 INFO [91387680]           StackTuner.java:92   | S5 MeasureStack#2 no correct rhythm
2017-10-06 15:32:56,000 INFO [91387680]         SlotsBuilder.java:434  | Stack#3 endless loop detected
2017-10-06 15:32:56,002 WARN [91387680]            BasicStub.java:841  | Error in RHYTHMS java.util.concurrent.ExecutionException: java.lang.NullPointerException
java.util.concurrent.ExecutionException: java.lang.NullPointerException
	at java.util.concurrent.FutureTask.report(FutureTask.java:122)
	at java.util.concurrent.FutureTask.get(FutureTask.java:206)
	at org.audiveris.omr.sheet.BasicStub.doOneStep(BasicStub.java:824)
	at org.audiveris.omr.sheet.BasicStub.reachStep(BasicStub.java:564)
	at org.audiveris.omr.sheet.BasicBook.reachBookStep(BasicBook.java:1063)
	at org.audiveris.omr.sheet.BasicBook.transcribe(BasicBook.java:1446)
	at org.audiveris.omr.sheet.BasicBook.export(BasicBook.java:558)
	at org.audiveris.omr.CLI$ProcessingTask.processBook(CLI.java:785)
	at org.audiveris.omr.CLI$CliTask.call(CLI.java:344)
	at org.audiveris.omr.Main.runBatchTasks(Main.java:316)
	at org.audiveris.omr.Main.main(Main.java:155)
	at Audiveris.main(Audiveris.java:49)
Caused by: java.lang.NullPointerException: null
	at org.audiveris.omr.sheet.rhythm.Voices.getTiedId(Voices.java:366)
	at org.audiveris.omr.sheet.rhythm.Voices.refineSystem(Voices.java:290)
	at org.audiveris.omr.sheet.rhythm.PageRhythm.processRanges(PageRhythm.java:245)
	at org.audiveris.omr.sheet.rhythm.PageRhythm.process(PageRhythm.java:128)
	at org.audiveris.omr.sheet.rhythm.RhythmsStep.doit(RhythmsStep.java:61)
	at org.audiveris.omr.step.Step.doit(Step.java:168)
	at org.audiveris.omr.sheet.BasicStub$3.call(BasicStub.java:814)
	at org.audiveris.omr.sheet.BasicStub$3.call(BasicStub.java:802)
	at java.util.concurrent.FutureTask.run(FutureTask.java:266)
	at java.util.concurrent.ThreadPoolExecutor.runWorker(ThreadPoolExecutor.java:1149)
	at java.util.concurrent.ThreadPoolExecutor$Worker.run(ThreadPoolExecutor.java:624)
	at java.lang.Thread.run(Thread.java:748)
2017-10-06 15:32:56,003 INFO [91387680]            BasicStub.java:846  | Cause java.lang.NullPointerException
2017-10-06 15:32:56,003 INFO [91387680]            BasicStub.java:571  | StepException detected in [LOAD, BINARY, SCALE, GRID, HEADERS, STEM_SEEDS, BEAMS, LEDGERS, HEADS, STEMS, REDUCTION, CUE_BEAMS, TEXTS, MEASURES, CHORDS, CURVES, SYMBOLS, LINKS, RHYTHMS, PAGE]
2017-10-06 15:32:56,006 INFO [91387680]            BasicBook.java:1133 | Scores built: 2
2017-10-06 15:32:56,956 INFO [91387680]        ScoreExporter.java:93   | Score 91387680.mvt1 exported to /Users/stephenn/Documents/workspace/nlsomr/xml_out/91386487/91387680/91387680.mvt1.mxl
2017-10-06 15:32:56,959 INFO [91387680]        ScoreExporter.java:93   | Score 91387680.mvt2 exported to /Users/stephenn/Documents/workspace/nlsomr/xml_out/91386487/91387680/91387680.mvt2.mxl
2017-10-06 15:32:57,168 INFO [91387680]            BasicBook.java:1395 | Stored /book.xml
2017-10-06 15:32:58,121 INFO [91387680]           BasicSheet.java:979  | Stored /sheet#1/sheet#1.xml
2017-10-06 15:32:58,122 INFO [91387680]            BasicBook.java:1355 | Book stored as /Users/stephenn/Documents/workspace/nlsomr/xml_out/91386487/91387680/91387680.omr
