2017-10-06 15:04:02,909 INFO [91387296]            BasicBook.java:427  | 1 sheet in /Users/stephenn/Documents/workspace/nlsomr/working/91387296.jpg
2017-10-06 15:04:03,065 INFO []            BasicBook.java:1395 | Stored /book.xml
2017-10-06 15:04:03,066 INFO []            BasicBook.java:1355 | Book stored as /Users/stephenn/Documents/workspace/nlsomr/xml_out/91386487/91387296/91387296.omr
2017-10-06 15:04:03,071 INFO []            BasicBook.java:996  | Book reaching PAGE on sheets:[#1]
2017-10-06 15:04:03,073 INFO [91387296]       StepMonitoring.java:96   | LOAD
2017-10-06 15:04:03,259 INFO [91387296]            BasicBook.java:911  | Loaded image 1 2000x3056 from /Users/stephenn/Documents/workspace/nlsomr/working/91387296.jpg
2017-10-06 15:04:03,263 INFO [91387296]            ImageUtil.java:82   | Converting max RGB to gray ...
2017-10-06 15:04:03,495 INFO [91387296]            BasicBook.java:1395 | Stored /book.xml
2017-10-06 15:04:03,824 INFO [91387296]           BasicSheet.java:979  | Stored /sheet#1/sheet#1.xml
2017-10-06 15:04:03,825 INFO [91387296]       StepMonitoring.java:96   | BINARY
2017-10-06 15:04:04,433 INFO [91387296]            BasicBook.java:1395 | Stored /book.xml
2017-10-06 15:04:04,723 INFO [91387296]              Picture.java:786  | Stored /sheet#1/BINARY.xml
2017-10-06 15:04:04,725 INFO [91387296]           BasicSheet.java:979  | Stored /sheet#1/sheet#1.xml
2017-10-06 15:04:04,727 INFO [91387296]       StepMonitoring.java:96   | SCALE
2017-10-06 15:04:04,770 INFO [91387296]            ScaleStep.java:87   | Scale{line(3,4,5) interline(16,17,17) beam(13)}
2017-10-06 15:04:04,773 INFO [91387296]            BasicBook.java:1395 | Stored /book.xml
2017-10-06 15:04:04,775 INFO [91387296]           BasicSheet.java:979  | Stored /sheet#1/sheet#1.xml
2017-10-06 15:04:04,777 INFO [91387296]       StepMonitoring.java:96   | GRID
2017-10-06 15:04:05,594 INFO [91387296]       LinesRetriever.java:442  | Global slope: -0.00062
2017-10-06 15:04:05,674 INFO [91387296]    ClustersRetriever.java:241  | Retrieved line clusters: 10 of size: 5 with interline: (16,17,17)
2017-10-06 15:04:06,082 INFO [91387296]            PeakGraph.java:181  | Systems: #1[1, 2] #2[3, 4] #3[5, 6] #4[7, 8] #5[9, 10]
2017-10-06 15:04:06,789 INFO [91387296]        SystemManager.java:626  | Indentation detected for system#1
2017-10-06 15:04:06,790 INFO [91387296]        SystemManager.java:709  | 1 part along 5 systems
2017-10-06 15:04:06,794 INFO [91387296]            BasicBook.java:1395 | Stored /book.xml
2017-10-06 15:04:06,981 INFO [91387296]           BasicSheet.java:979  | Stored /sheet#1/sheet#1.xml
2017-10-06 15:04:06,985 INFO [91387296]       StepMonitoring.java:96   | HEADERS
2017-10-06 15:04:07,367 INFO []          Nd4jBackend.java:194  | Loaded [CpuBackend] backend
2017-10-06 15:04:07,428 INFO []      NativeOpsHolder.java:49   | Number of threads used for NativeOps: 2
2017-10-06 15:04:07,876 INFO [] DefaultOpExecutioner.java:544  | Backend used: [CPU]; OS: [Mac OS X]
2017-10-06 15:04:07,876 INFO [] DefaultOpExecutioner.java:545  | Cores: [4]; Memory: [3.6GB];
2017-10-06 15:04:07,876 INFO [] DefaultOpExecutioner.java:546  | Blas vendor: [OPENBLAS]
2017-10-06 15:04:07,918 INFO []   AbstractClassifier.java:332  | Classifier data loaded from default uri jar:file:/Users/stephenn/Documents/workspace/audiveris/build/distributions/Audiveris/lib/audiveris.jar!/res/basic-classifier.zip
2017-10-06 15:04:10,854 INFO [91387296]           KeyBuilder.java:746  | Staff#7 key slice#2 pitch adjusted from -3.7 to -3
2017-10-06 15:04:11,003 INFO [91387296]            BasicBook.java:1395 | Stored /book.xml
2017-10-06 15:04:11,388 INFO [91387296]           BasicSheet.java:979  | Stored /sheet#1/sheet#1.xml
2017-10-06 15:04:11,391 INFO [91387296]       StepMonitoring.java:96   | STEM_SEEDS
2017-10-06 15:04:11,449 INFO []   AbstractClassifier.java:332  | Classifier data loaded from default uri jar:file:/Users/stephenn/Documents/workspace/audiveris/build/distributions/Audiveris/lib/audiveris.jar!/res/deep-classifier.zip
2017-10-06 15:04:11,501 INFO [91387296]        StemSeedsStep.java:91   | stem(4 max:5)
2017-10-06 15:04:11,603 INFO [91387296]            BasicBook.java:1395 | Stored /book.xml
2017-10-06 15:04:12,013 INFO [91387296]           BasicSheet.java:979  | Stored /sheet#1/sheet#1.xml
2017-10-06 15:04:12,017 INFO [91387296]       StepMonitoring.java:96   | BEAMS
2017-10-06 15:04:16,625 INFO [91387296]            BeamsStep.java:89   | BeamDistance{count:1 mean:15.62}
2017-10-06 15:04:16,627 INFO [91387296]            BasicBook.java:1395 | Stored /book.xml
2017-10-06 15:04:16,689 INFO [91387296]              Picture.java:786  | Stored /sheet#1/HEAD_SPOTS.xml
2017-10-06 15:04:17,074 INFO [91387296]           BasicSheet.java:979  | Stored /sheet#1/sheet#1.xml
2017-10-06 15:04:17,076 INFO [91387296]       StepMonitoring.java:96   | LEDGERS
2017-10-06 15:04:17,636 INFO [91387296]            BasicBook.java:1395 | Stored /book.xml
2017-10-06 15:04:18,057 INFO [91387296]           BasicSheet.java:979  | Stored /sheet#1/sheet#1.xml
2017-10-06 15:04:18,060 INFO [91387296]       StepMonitoring.java:96   | HEADS
2017-10-06 15:04:20,537 INFO [91387296]            BasicBook.java:1395 | Stored /book.xml
2017-10-06 15:04:21,548 INFO [91387296]           BasicSheet.java:979  | Stored /sheet#1/sheet#1.xml
2017-10-06 15:04:21,550 INFO [91387296]       StepMonitoring.java:96   | STEMS
2017-10-06 15:04:23,242 INFO [91387296]            BasicBook.java:1395 | Stored /book.xml
2017-10-06 15:04:24,555 INFO [91387296]           BasicSheet.java:979  | Stored /sheet#1/sheet#1.xml
2017-10-06 15:04:24,558 INFO [91387296]       StepMonitoring.java:96   | REDUCTION
2017-10-06 15:04:24,832 INFO [91387296]            BasicBook.java:1395 | Stored /book.xml
2017-10-06 15:04:25,751 INFO [91387296]           BasicSheet.java:979  | Stored /sheet#1/sheet#1.xml
2017-10-06 15:04:25,753 INFO [91387296]       StepMonitoring.java:96   | CUE_BEAMS
2017-10-06 15:04:25,756 INFO [91387296]            BasicBook.java:1395 | Stored /book.xml
2017-10-06 15:04:26,660 INFO [91387296]           BasicSheet.java:979  | Stored /sheet#1/sheet#1.xml
2017-10-06 15:04:26,662 INFO [91387296]       StepMonitoring.java:96   | TEXTS
2017-10-06 15:04:28,290 INFO [91387296]            BasicBook.java:1395 | Stored /book.xml
2017-10-06 15:04:29,201 INFO [91387296]           BasicSheet.java:979  | Stored /sheet#1/sheet#1.xml
2017-10-06 15:04:29,204 INFO [91387296]       StepMonitoring.java:96   | MEASURES
2017-10-06 15:04:29,209 INFO [91387296]                 Page.java:210  | 18 raw measures: [4 in system#1, 3 in system#2, 4 in system#3, 3 in system#4, 4 in system#5]
2017-10-06 15:04:29,210 INFO [91387296]            BasicBook.java:1395 | Stored /book.xml
2017-10-06 15:04:30,137 INFO [91387296]           BasicSheet.java:979  | Stored /sheet#1/sheet#1.xml
2017-10-06 15:04:30,139 INFO [91387296]       StepMonitoring.java:96   | CHORDS
2017-10-06 15:04:30,154 INFO [91387296]            BasicBook.java:1395 | Stored /book.xml
2017-10-06 15:04:31,085 INFO [91387296]           BasicSheet.java:979  | Stored /sheet#1/sheet#1.xml
2017-10-06 15:04:31,087 INFO [91387296]       StepMonitoring.java:96   | CURVES
2017-10-06 15:04:32,390 INFO [91387296]         SlursBuilder.java:157  | Slurs: 31
2017-10-06 15:04:32,420 INFO [91387296]      SegmentsBuilder.java:113  | Segments: 38
2017-10-06 15:04:32,427 INFO [91387296]            BasicBook.java:1395 | Stored /book.xml
2017-10-06 15:04:33,753 INFO [91387296]           BasicSheet.java:979  | Stored /sheet#1/sheet#1.xml
2017-10-06 15:04:33,756 INFO [91387296]       StepMonitoring.java:96   | SYMBOLS
2017-10-06 15:04:34,278 INFO [91387296]       SymbolsBuilder.java:340  | Symbol parts shrunk from 9 to 7
2017-10-06 15:04:34,505 INFO [91387296]       SymbolsBuilder.java:340  | Symbol parts shrunk from 8 to 7
2017-10-06 15:04:36,229 INFO [91387296]            BasicBook.java:1395 | Stored /book.xml
2017-10-06 15:04:37,724 INFO [91387296]           BasicSheet.java:979  | Stored /sheet#1/sheet#1.xml
2017-10-06 15:04:37,726 INFO [91387296]       StepMonitoring.java:96   | LINKS
2017-10-06 15:04:37,729 INFO [91387296]        SymbolsLinker.java:252  | No chord above PedalInter{#5317(0.799) PEDAL_UP_MARK}
2017-10-06 15:04:37,729 INFO [91387296]        SymbolsLinker.java:252  | No chord above PedalInter{#5319(0.371) PEDAL_UP_MARK}
2017-10-06 15:04:37,739 INFO [91387296]        SymbolsLinker.java:252  | No chord above PedalInter{#5323(0.799) PEDAL_UP_MARK}
2017-10-06 15:04:37,749 INFO [91387296]        SymbolsLinker.java:252  | No chord above PedalInter{#5336(0.800) PEDAL_UP_MARK}
2017-10-06 15:04:37,762 INFO [91387296]        SymbolsLinker.java:252  | No chord above PedalInter{#5380(0.799) PEDAL_UP_MARK}
2017-10-06 15:04:37,778 INFO [91387296]            BasicBook.java:1395 | Stored /book.xml
2017-10-06 15:04:39,437 INFO [91387296]           BasicSheet.java:979  | Stored /sheet#1/sheet#1.xml
2017-10-06 15:04:39,440 INFO [91387296]       StepMonitoring.java:96   | RHYTHMS
2017-10-06 15:04:39,486 INFO [91387296]           PageRhythm.java:314  | Range{1-18} Durations avgGuess:1 topGuess:1 avgValue:0.90 stacks:18 voices:52 Histogram{1/4-5/4 size:7 [1/4=4 1/2=8 3/4=12 7/8=2 1=15 9/8=3 5/4=8]}
2017-10-06 15:04:39,487 INFO [91387296]           PageRhythm.java:221  | S1 Range{1-18 dur:1} should update to 1-based time sig?
2017-10-06 15:04:39,489 INFO [91387296]                Voice.java:257  | S1 MeasureStack#2 Voice #1 too long 1/4
2017-10-06 15:04:39,490 INFO [91387296]           StackTuner.java:92   | S1 MeasureStack#2 no correct rhythm
2017-10-06 15:04:39,492 INFO [91387296]                Voice.java:257  | S1 MeasureStack#3 Voice #1 too long 1/4
2017-10-06 15:04:39,492 INFO [91387296]           StackTuner.java:92   | S1 MeasureStack#3 no correct rhythm
2017-10-06 15:04:39,496 INFO [91387296]                Voice.java:257  | S2 MeasureStack#5 Voice #1 too long 1/4
2017-10-06 15:04:39,497 INFO [91387296]           StackTuner.java:92   | S2 MeasureStack#5 no correct rhythm
2017-10-06 15:04:39,499 INFO [91387296]                Voice.java:257  | S2 MeasureStack#6 Voice #1 too long 1/4
2017-10-06 15:04:39,500 INFO [91387296]                Voice.java:257  | S2 MeasureStack#6 Voice #2 too long 1/4
2017-10-06 15:04:39,500 INFO [91387296]           StackTuner.java:92   | S2 MeasureStack#6 no correct rhythm
2017-10-06 15:04:39,502 INFO [91387296]         SlotsBuilder.java:427  | S2 MeasureStack#7 Slot{#7 xOffset=417 timeOffset=3/4 incomings=[#4386] SUSPICIOUS}
2017-10-06 15:04:39,503 INFO [91387296]                Voice.java:257  | S2 MeasureStack#7 Voice #1 too long 1/8
2017-10-06 15:04:39,503 INFO [91387296]           StackTuner.java:92   | S2 MeasureStack#7 no correct rhythm
2017-10-06 15:04:39,505 INFO [91387296]         SlotsBuilder.java:427  | S3 MeasureStack#8 Slot{#5 xOffset=355 timeOffset=1/2 incomings=[#4413] SUSPICIOUS}
2017-10-06 15:04:39,506 INFO [91387296]                Voice.java:257  | S3 MeasureStack#8 Voice #2 too long 1/2
2017-10-06 15:04:39,506 INFO [91387296]                Voice.java:257  | S3 MeasureStack#8 Voice #3 too long 1/4
2017-10-06 15:04:39,506 INFO [91387296]                Voice.java:257  | S3 MeasureStack#8 Voice #4 too long 1/4
2017-10-06 15:04:39,506 INFO [91387296]           StackTuner.java:92   | S3 MeasureStack#8 no correct rhythm
2017-10-06 15:04:39,511 INFO [91387296]                Voice.java:257  | S4 MeasureStack#12 Voice #1 too long 1/8
2017-10-06 15:04:39,512 INFO [91387296]                Voice.java:257  | S4 MeasureStack#12 Voice #2 too long 1/8
2017-10-06 15:04:39,512 INFO [91387296]           StackTuner.java:92   | S4 MeasureStack#12 no correct rhythm
2017-10-06 15:04:39,514 INFO [91387296]                Voice.java:257  | S4 MeasureStack#13 Voice #1 too long 1/4
2017-10-06 15:04:39,515 INFO [91387296]           StackTuner.java:92   | S4 MeasureStack#13 no correct rhythm
2017-10-06 15:04:39,516 INFO [91387296]                Voice.java:257  | S4 MeasureStack#14 Voice #1 too long 1/4
2017-10-06 15:04:39,516 INFO [91387296]           StackTuner.java:92   | S4 MeasureStack#14 no correct rhythm
2017-10-06 15:04:39,518 INFO [91387296]                Voice.java:257  | S5 MeasureStack#15 Voice #1 too long 1/8
2017-10-06 15:04:39,518 INFO [91387296]           StackTuner.java:92   | S5 MeasureStack#15 no correct rhythm
2017-10-06 15:04:39,520 INFO [91387296]                Voice.java:257  | S5 MeasureStack#16 Voice #2 too long 1/4
2017-10-06 15:04:39,521 INFO [91387296]           StackTuner.java:92   | S5 MeasureStack#16 no correct rhythm
2017-10-06 15:04:39,522 INFO [91387296]         SlotsBuilder.java:427  | S5 MeasureStack#17 Slot{#5 xOffset=204 timeOffset=1/2 incomings=[#4499] SUSPICIOUS}
2017-10-06 15:04:39,523 INFO [91387296]                Voice.java:257  | S5 MeasureStack#17 Voice #3 too long 1/4
2017-10-06 15:04:39,523 INFO [91387296]                Voice.java:257  | S5 MeasureStack#17 Voice #4 too long 1/4
2017-10-06 15:04:39,523 INFO [91387296]           StackTuner.java:92   | S5 MeasureStack#17 no correct rhythm
2017-10-06 15:04:39,528 INFO [91387296]            BasicBook.java:1395 | Stored /book.xml
2017-10-06 15:04:41,012 INFO [91387296]           BasicSheet.java:979  | Stored /sheet#1/sheet#1.xml
2017-10-06 15:04:41,014 INFO [91387296]       StepMonitoring.java:96   | PAGE
2017-10-06 15:04:41,019 INFO [91387296]                 Part.java:267  | Could not left-connect slur#4616
2017-10-06 15:04:41,019 INFO [91387296]                 Part.java:267  | Could not left-connect slur#4524
2017-10-06 15:04:41,020 INFO [91387296]                Voice.java:257  | S1 MeasureStack#2 Voice #1 too long 1/4
2017-10-06 15:04:41,021 INFO [91387296]                Voice.java:257  | S1 MeasureStack#3 Voice #1 too long 1/4
2017-10-06 15:04:41,021 INFO [91387296]                Voice.java:257  | S2 MeasureStack#5 Voice #1 too long 1/4
2017-10-06 15:04:41,021 INFO [91387296]                Voice.java:257  | S2 MeasureStack#6 Voice #1 too long 1/4
2017-10-06 15:04:41,022 INFO [91387296]                Voice.java:257  | S2 MeasureStack#6 Voice #2 too long 1/4
2017-10-06 15:04:41,022 INFO [91387296]                Voice.java:257  | S2 MeasureStack#7 Voice #1 too long 1/8
2017-10-06 15:04:41,022 INFO [91387296]                Voice.java:257  | S3 MeasureStack#8 Voice #2 too long 1/2
2017-10-06 15:04:41,022 INFO [91387296]                Voice.java:257  | S3 MeasureStack#8 Voice #3 too long 1/4
2017-10-06 15:04:41,023 INFO [91387296]                Voice.java:257  | S3 MeasureStack#8 Voice #4 too long 1/4
2017-10-06 15:04:41,023 INFO [91387296]                Voice.java:257  | S4 MeasureStack#12 Voice #1 too long 1/8
2017-10-06 15:04:41,024 INFO [91387296]                Voice.java:257  | S4 MeasureStack#12 Voice #2 too long 1/8
2017-10-06 15:04:41,024 INFO [91387296]                Voice.java:257  | S4 MeasureStack#13 Voice #1 too long 1/4
2017-10-06 15:04:41,024 INFO [91387296]                Voice.java:257  | S4 MeasureStack#14 Voice #1 too long 1/4
2017-10-06 15:04:41,024 INFO [91387296]                Voice.java:257  | S5 MeasureStack#15 Voice #1 too long 1/8
2017-10-06 15:04:41,026 INFO [91387296]                Voice.java:257  | S5 MeasureStack#16 Voice #1 too long 1/4
2017-10-06 15:04:41,027 INFO [91387296]                Voice.java:257  | S5 MeasureStack#17 Voice #3 too long 1/4
2017-10-06 15:04:41,027 INFO [91387296]                Voice.java:257  | S5 MeasureStack#17 Voice #4 too long 1/4
2017-10-06 15:04:41,029 INFO [91387296]            BasicBook.java:1395 | Stored /book.xml
2017-10-06 15:04:42,524 INFO [91387296]           BasicSheet.java:979  | Stored /sheet#1/sheet#1.xml
2017-10-06 15:04:42,527 INFO [91387296]            BasicStub.java:723  | Sheet{91387296} disposed
2017-10-06 15:04:43,503 INFO [91387296]            BasicStub.java:449  | Loaded /sheet#1/sheet#1.xml
2017-10-06 15:04:43,504 INFO [91387296]            BasicBook.java:1133 | Scores built: 1
2017-10-06 15:04:44,564 INFO [91387296]        ScoreExporter.java:93   | Score 91387296 exported to /Users/stephenn/Documents/workspace/nlsomr/xml_out/91386487/91387296/91387296.mxl
2017-10-06 15:04:44,714 INFO [91387296]            BasicBook.java:1395 | Stored /book.xml
2017-10-06 15:04:44,714 INFO [91387296]            BasicBook.java:1355 | Book stored as /Users/stephenn/Documents/workspace/nlsomr/xml_out/91386487/91387296/91387296.omr
