2017-10-06 15:24:18,153 INFO [91387572]            BasicBook.java:427  | 1 sheet in /Users/stephenn/Documents/workspace/nlsomr/working/91387572.jpg
2017-10-06 15:24:18,301 INFO []            BasicBook.java:1395 | Stored /book.xml
2017-10-06 15:24:18,302 INFO []            BasicBook.java:1355 | Book stored as /Users/stephenn/Documents/workspace/nlsomr/xml_out/91386487/91387572/91387572.omr
2017-10-06 15:24:18,306 INFO []            BasicBook.java:996  | Book reaching PAGE on sheets:[#1]
2017-10-06 15:24:18,308 INFO [91387572]       StepMonitoring.java:96   | LOAD
2017-10-06 15:24:18,472 INFO [91387572]            BasicBook.java:911  | Loaded image 1 2000x3056 from /Users/stephenn/Documents/workspace/nlsomr/working/91387572.jpg
2017-10-06 15:24:18,476 INFO [91387572]            ImageUtil.java:82   | Converting max RGB to gray ...
2017-10-06 15:24:18,721 INFO [91387572]            BasicBook.java:1395 | Stored /book.xml
2017-10-06 15:24:19,013 INFO [91387572]           BasicSheet.java:979  | Stored /sheet#1/sheet#1.xml
2017-10-06 15:24:19,015 INFO [91387572]       StepMonitoring.java:96   | BINARY
2017-10-06 15:24:19,673 INFO [91387572]            BasicBook.java:1395 | Stored /book.xml
2017-10-06 15:24:19,996 INFO [91387572]              Picture.java:786  | Stored /sheet#1/BINARY.xml
2017-10-06 15:24:19,998 INFO [91387572]           BasicSheet.java:979  | Stored /sheet#1/sheet#1.xml
2017-10-06 15:24:20,000 INFO [91387572]       StepMonitoring.java:96   | SCALE
2017-10-06 15:24:20,042 INFO [91387572]         ScaleBuilder.java:229  | No beam key found, guessed value 10
2017-10-06 15:24:20,043 INFO [91387572]            ScaleStep.java:87   | Scale{line(4,5,6) interline(16,16,17) beam(10 extra)}
2017-10-06 15:24:20,046 INFO [91387572]            BasicBook.java:1395 | Stored /book.xml
2017-10-06 15:24:20,048 INFO [91387572]           BasicSheet.java:979  | Stored /sheet#1/sheet#1.xml
2017-10-06 15:24:20,053 INFO [91387572]       StepMonitoring.java:96   | GRID
2017-10-06 15:24:21,013 INFO [91387572]       LinesRetriever.java:442  | Global slope: -0.00462
2017-10-06 15:24:21,109 INFO [91387572]    ClustersRetriever.java:241  | Retrieved line clusters: 12 of size: 5 with interline: (16,16,17)
2017-10-06 15:24:21,631 INFO [91387572]            PeakGraph.java:181  | Systems: #1[1, 2] #2[3, 4] #3[5, 6] #4[7, 8] #5[9, 10] #6[11, 12]
2017-10-06 15:24:22,525 INFO [91387572]        SystemManager.java:626  | Indentation detected for system#3
2017-10-06 15:24:22,526 INFO [91387572]        SystemManager.java:671  | 2 pages found in sheet
2017-10-06 15:24:22,526 INFO [91387572]        SystemManager.java:709  | Page #1: 1 part along 2 systems
2017-10-06 15:24:22,527 INFO [91387572]        SystemManager.java:709  | Page #2: 1 part along 4 systems
2017-10-06 15:24:22,532 INFO [91387572]            BasicBook.java:1395 | Stored /book.xml
2017-10-06 15:24:22,780 INFO [91387572]           BasicSheet.java:979  | Stored /sheet#1/sheet#1.xml
2017-10-06 15:24:22,784 INFO [91387572]       StepMonitoring.java:96   | HEADERS
2017-10-06 15:24:23,170 INFO []          Nd4jBackend.java:194  | Loaded [CpuBackend] backend
2017-10-06 15:24:23,228 INFO []      NativeOpsHolder.java:49   | Number of threads used for NativeOps: 2
2017-10-06 15:24:23,672 INFO [] DefaultOpExecutioner.java:544  | Backend used: [CPU]; OS: [Mac OS X]
2017-10-06 15:24:23,673 INFO [] DefaultOpExecutioner.java:545  | Cores: [4]; Memory: [3.6GB];
2017-10-06 15:24:23,673 INFO [] DefaultOpExecutioner.java:546  | Blas vendor: [OPENBLAS]
2017-10-06 15:24:23,715 INFO []   AbstractClassifier.java:332  | Classifier data loaded from default uri jar:file:/Users/stephenn/Documents/workspace/audiveris/build/distributions/Audiveris/lib/audiveris.jar!/res/basic-classifier.zip
2017-10-06 15:24:26,088 INFO [91387572]           KeyBuilder.java:746  | Staff#6 key slice#3 pitch adjusted from -3.5 to -3
2017-10-06 15:24:26,770 INFO []   AbstractClassifier.java:332  | Classifier data loaded from default uri jar:file:/Users/stephenn/Documents/workspace/audiveris/build/distributions/Audiveris/lib/audiveris.jar!/res/deep-classifier.zip
2017-10-06 15:24:26,949 INFO [91387572]           KeyBuilder.java:746  | Staff#12 key slice#2 pitch adjusted from 1.5 to 1
2017-10-06 15:24:26,952 INFO [91387572]            BasicBook.java:1395 | Stored /book.xml
2017-10-06 15:24:27,293 INFO [91387572]           BasicSheet.java:979  | Stored /sheet#1/sheet#1.xml
2017-10-06 15:24:27,296 INFO [91387572]       StepMonitoring.java:96   | STEM_SEEDS
2017-10-06 15:24:27,402 INFO [91387572]        StemSeedsStep.java:91   | stem(4 max:5)
2017-10-06 15:24:27,768 INFO [91387572]            BasicBook.java:1395 | Stored /book.xml
2017-10-06 15:24:28,103 INFO [91387572]           BasicSheet.java:979  | Stored /sheet#1/sheet#1.xml
2017-10-06 15:24:28,106 INFO [91387572]       StepMonitoring.java:96   | BEAMS
2017-10-06 15:24:31,614 INFO [91387572]            BeamsStep.java:89   | BeamDistance{count:11 mean:15.52 stdDev:0.72}
2017-10-06 15:24:31,616 INFO [91387572]            BasicBook.java:1395 | Stored /book.xml
2017-10-06 15:24:31,696 INFO [91387572]              Picture.java:786  | Stored /sheet#1/HEAD_SPOTS.xml
2017-10-06 15:24:32,216 INFO [91387572]           BasicSheet.java:979  | Stored /sheet#1/sheet#1.xml
2017-10-06 15:24:32,222 INFO [91387572]       StepMonitoring.java:96   | LEDGERS
2017-10-06 15:24:32,769 INFO [91387572]            BasicBook.java:1395 | Stored /book.xml
2017-10-06 15:24:33,365 INFO [91387572]           BasicSheet.java:979  | Stored /sheet#1/sheet#1.xml
2017-10-06 15:24:33,367 INFO [91387572]       StepMonitoring.java:96   | HEADS
2017-10-06 15:24:36,616 INFO [91387572]            BasicBook.java:1395 | Stored /book.xml
2017-10-06 15:24:37,725 INFO [91387572]           BasicSheet.java:979  | Stored /sheet#1/sheet#1.xml
2017-10-06 15:24:37,728 INFO [91387572]       StepMonitoring.java:96   | STEMS
2017-10-06 15:24:40,200 INFO [91387572]            BasicBook.java:1395 | Stored /book.xml
2017-10-06 15:24:41,593 INFO [91387572]           BasicSheet.java:979  | Stored /sheet#1/sheet#1.xml
2017-10-06 15:24:41,596 INFO [91387572]       StepMonitoring.java:96   | REDUCTION
2017-10-06 15:24:42,216 INFO [91387572]            BasicBook.java:1395 | Stored /book.xml
2017-10-06 15:24:43,170 INFO [91387572]           BasicSheet.java:979  | Stored /sheet#1/sheet#1.xml
2017-10-06 15:24:43,172 INFO [91387572]       StepMonitoring.java:96   | CUE_BEAMS
2017-10-06 15:24:43,176 INFO [91387572]            BasicBook.java:1395 | Stored /book.xml
2017-10-06 15:24:44,098 INFO [91387572]           BasicSheet.java:979  | Stored /sheet#1/sheet#1.xml
2017-10-06 15:24:44,100 INFO [91387572]       StepMonitoring.java:96   | TEXTS
2017-10-06 15:24:45,197 INFO [91387572]            BasicBook.java:1395 | Stored /book.xml
2017-10-06 15:24:46,146 INFO [91387572]           BasicSheet.java:979  | Stored /sheet#1/sheet#1.xml
2017-10-06 15:24:46,148 INFO [91387572]       StepMonitoring.java:96   | MEASURES
2017-10-06 15:24:46,152 INFO [91387572]                 Page.java:210  | 8 raw measures: [4 in system#1, 4 in system#2]
2017-10-06 15:24:46,153 INFO [91387572]                 Page.java:210  | 17 raw measures: [5 in system#3, 4 in system#4, 4 in system#5, 4 in system#6]
2017-10-06 15:24:46,154 INFO [91387572]            BasicBook.java:1395 | Stored /book.xml
2017-10-06 15:24:47,132 INFO [91387572]           BasicSheet.java:979  | Stored /sheet#1/sheet#1.xml
2017-10-06 15:24:47,134 INFO [91387572]       StepMonitoring.java:96   | CHORDS
2017-10-06 15:24:47,143 INFO [91387572]        ChordsBuilder.java:249  | Deleting StemInter{#7178(0.552/0.736)} on RIGHT side of HeadInter{#5009(0.635/0.864) s:7 p:2.00 NOTEHEAD_BLACK}
2017-10-06 15:24:47,148 INFO [91387572]            BasicBook.java:1395 | Stored /book.xml
2017-10-06 15:24:48,160 INFO [91387572]           BasicSheet.java:979  | Stored /sheet#1/sheet#1.xml
2017-10-06 15:24:48,162 INFO [91387572]       StepMonitoring.java:96   | CURVES
2017-10-06 15:24:49,871 INFO [91387572]         SlursBuilder.java:762  | LEFT collision SlurInter{#7752(0.276)} & SlurInter{#7767(0.451)} @ HeadInter{#3847(0.639/0.805) mirror#7503 e#7502 s:4 p:-6.00 NOTEHEAD_BLACK}
2017-10-06 15:24:49,872 INFO [91387572]         SlursBuilder.java:762  | LEFT collision SlurInter{#7767(0.451)} & SlurInter{#7752(0.276)} @ HeadInter{#3847(0.639/0.805) mirror#7503 e#7502 s:4 p:-6.00 NOTEHEAD_BLACK}
2017-10-06 15:24:49,874 INFO [91387572]         SlursBuilder.java:157  | Slurs: 39
2017-10-06 15:24:49,954 INFO [91387572]      SegmentsBuilder.java:113  | Segments: 39
2017-10-06 15:24:49,963 INFO [91387572]            BasicBook.java:1395 | Stored /book.xml
2017-10-06 15:24:50,849 INFO [91387572]           BasicSheet.java:979  | Stored /sheet#1/sheet#1.xml
2017-10-06 15:24:50,851 INFO [91387572]       StepMonitoring.java:96   | SYMBOLS
2017-10-06 15:24:52,876 INFO [91387572]       SymbolsBuilder.java:340  | Symbol parts shrunk from 8 to 7
2017-10-06 15:24:55,206 INFO [91387572]            BasicBook.java:1395 | Stored /book.xml
2017-10-06 15:24:56,453 INFO [91387572]           BasicSheet.java:979  | Stored /sheet#1/sheet#1.xml
2017-10-06 15:24:56,459 INFO [91387572]       StepMonitoring.java:96   | LINKS
2017-10-06 15:24:56,507 INFO [91387572]            BasicBook.java:1395 | Stored /book.xml
2017-10-06 15:24:57,701 INFO [91387572]           BasicSheet.java:979  | Stored /sheet#1/sheet#1.xml
2017-10-06 15:24:57,703 INFO [91387572]       StepMonitoring.java:96   | RHYTHMS
2017-10-06 15:24:57,734 INFO [91387572]         SlotsBuilder.java:434  | Stack#5 endless loop detected
2017-10-06 15:24:57,750 INFO [91387572]           PageRhythm.java:314  | Range{1-8} Durations avgGuess:3/4 topGuess:1/4 avgValue:0.69 stacks:8 voices:24 Histogram{1/6-7/8 size:9 [1/6=1 1/4=8 5/16=1 1/3=1 3/8=7 1/2=1 5/8=2 3/4=2 7/8=1]}
2017-10-06 15:24:57,751 INFO [91387572]           PageRhythm.java:221  | S1 Range{1-8 dur:3/4} should update to 3/4-based time sig?
2017-10-06 15:24:57,753 INFO [91387572]         SlotsBuilder.java:427  | S1 MeasureStack#1 Slot{#3 xOffset=154 timeOffset=1/4 incomings=[#7433] SUSPICIOUS}
2017-10-06 15:24:57,754 INFO [91387572]         SlotsBuilder.java:427  | S1 MeasureStack#1 Slot{#5 xOffset=227 timeOffset=3/8 incomings=[#7434] SUSPICIOUS}
2017-10-06 15:24:57,755 INFO [91387572]         SlotsBuilder.java:427  | S1 MeasureStack#1 Slot{#7 xOffset=284 timeOffset=1/2 incomings=[#7435#7437] SUSPICIOUS}
2017-10-06 15:24:57,756 INFO [91387572]         SlotsBuilder.java:427  | S1 MeasureStack#1 Slot{#9 xOffset=324 timeOffset=5/8 incomings=[#7438] SUSPICIOUS}
2017-10-06 15:24:57,757 INFO [91387572]         SlotsBuilder.java:427  | S1 MeasureStack#1 Slot{#11 xOffset=397 timeOffset=3/4 incomings=[#7439] SUSPICIOUS}
2017-10-06 15:24:57,757 INFO [91387572]                Voice.java:257  | S1 MeasureStack#1 Voice #1 too long 1/16
2017-10-06 15:24:57,757 INFO [91387572]                Voice.java:257  | S1 MeasureStack#1 Voice #2 too long 1/4
2017-10-06 15:24:57,759 INFO [91387572]                Voice.java:257  | S1 MeasureStack#1 Voice #3 too long 1/8
2017-10-06 15:24:57,759 INFO [91387572]                Voice.java:257  | S1 MeasureStack#1 Voice #4 too long 1/8
2017-10-06 15:24:57,760 INFO [91387572]           StackTuner.java:92   | S1 MeasureStack#1 no correct rhythm
2017-10-06 15:24:57,761 INFO [91387572]         SlotsBuilder.java:427  | S1 MeasureStack#2 Slot{#3 xOffset=98 timeOffset=1/4 incomings=[#7443] SUSPICIOUS}
2017-10-06 15:24:57,762 INFO [91387572]         SlotsBuilder.java:427  | S1 MeasureStack#2 Slot{#5 xOffset=166 timeOffset=3/8 incomings=[#7444] SUSPICIOUS}
2017-10-06 15:24:57,763 INFO [91387572]         SlotsBuilder.java:427  | S1 MeasureStack#2 Slot{#7 xOffset=224 timeOffset=1/2 incomings=[#7445#7447] SUSPICIOUS}
2017-10-06 15:24:57,764 INFO [91387572]         SlotsBuilder.java:427  | S1 MeasureStack#2 Slot{#10 xOffset=335 timeOffset=3/4 incomings=[#7449] SUSPICIOUS}
2017-10-06 15:24:57,764 INFO [91387572]                Voice.java:257  | S1 MeasureStack#2 Voice #1 too long 3/32
2017-10-06 15:24:57,765 INFO [91387572]                Voice.java:257  | S1 MeasureStack#2 Voice #2 too long 1/4
2017-10-06 15:24:57,765 INFO [91387572]                Voice.java:257  | S1 MeasureStack#2 Voice #3 too long 1/8
2017-10-06 15:24:57,765 INFO [91387572]                Voice.java:257  | S1 MeasureStack#2 Voice #4 too long 1/8
2017-10-06 15:24:57,765 INFO [91387572]           StackTuner.java:92   | S1 MeasureStack#2 no correct rhythm
2017-10-06 15:24:57,767 INFO [91387572]         SlotsBuilder.java:427  | S1 MeasureStack#3 Slot{#3 xOffset=112 timeOffset=1/4 incomings=[#7453] SUSPICIOUS}
2017-10-06 15:24:57,768 INFO [91387572]         SlotsBuilder.java:427  | S1 MeasureStack#3 Slot{#5 xOffset=167 timeOffset=3/8 incomings=[#7454] SUSPICIOUS}
2017-10-06 15:24:57,769 INFO [91387572]         SlotsBuilder.java:427  | S1 MeasureStack#3 Slot{#10 xOffset=334 timeOffset=1 incomings=[#7423] SUSPICIOUS}
2017-10-06 15:24:57,769 INFO [91387572]                Voice.java:257  | S1 MeasureStack#3 Voice #1 too long 1/2
2017-10-06 15:24:57,770 INFO [91387572]                Voice.java:257  | S1 MeasureStack#3 Voice #3 too long 3/8
2017-10-06 15:24:57,770 INFO [91387572]                Voice.java:257  | S1 MeasureStack#3 Voice #4 too long 1/8
2017-10-06 15:24:57,770 INFO [91387572]           StackTuner.java:92   | S1 MeasureStack#3 no correct rhythm
2017-10-06 15:24:57,771 INFO [91387572]         SlotsBuilder.java:427  | S1 MeasureStack#4 Slot{#4 xOffset=155 timeOffset=5/16 incomings=[#7464] SUSPICIOUS}
2017-10-06 15:24:57,776 INFO [91387572]         SlotsBuilder.java:434  | Stack#5 endless loop detected
2017-10-06 15:24:57,777 INFO [91387572]         SlotsBuilder.java:427  | S2 MeasureStack#6 Slot{#3 xOffset=115 timeOffset=1/4 incomings=[#7505] SUSPICIOUS}
2017-10-06 15:24:57,778 INFO [91387572]         SlotsBuilder.java:427  | S2 MeasureStack#6 Slot{#5 xOffset=171 timeOffset=3/8 incomings=[#7506] SUSPICIOUS}
2017-10-06 15:24:57,779 INFO [91387572]                Voice.java:257  | S2 MeasureStack#6 Voice #1 too long 1/8
2017-10-06 15:24:57,780 INFO [91387572]                Voice.java:257  | S2 MeasureStack#6 Voice #2 too long 1/4
2017-10-06 15:24:57,780 INFO [91387572]                Voice.java:257  | S2 MeasureStack#6 Voice #3 too long 1/8
2017-10-06 15:24:57,780 INFO [91387572]                Voice.java:257  | S2 MeasureStack#6 Voice #4 too long 1/4
2017-10-06 15:24:57,780 INFO [91387572]           StackTuner.java:92   | S2 MeasureStack#6 no correct rhythm
2017-10-06 15:24:57,782 INFO [91387572]                Voice.java:257  | S2 MeasureStack#7 Voice #1 too long 1/8
2017-10-06 15:24:57,783 INFO [91387572]           StackTuner.java:92   | S2 MeasureStack#7 no correct rhythm
2017-10-06 15:24:57,796 WARN [91387572]       AbstractEntity.java:127  | toString ex:java.lang.IllegalArgumentException: no such vertex in graph: StemInter{#7161 DELETED(0.764/0.896)}
java.lang.IllegalArgumentException: no such vertex in graph: StemInter{#7161 DELETED(0.764/0.896)}
	at org.jgrapht.graph.AbstractGraph.assertVertexExist(AbstractGraph.java:132)
	at org.jgrapht.graph.AbstractBaseGraph.edgesOf(AbstractBaseGraph.java:368)
	at org.audiveris.omr.sig.SIGraph.getRelations(SIGraph.java:572)
	at org.audiveris.omr.sig.inter.AbstractChordInter.getFlagsNumber(AbstractChordInter.java:632)
	at org.audiveris.omr.sig.inter.AbstractChordInter.getDurationSansDotOrTuplet(AbstractChordInter.java:532)
	at org.audiveris.omr.sig.inter.AbstractChordInter.getDurationSansTuplet(AbstractChordInter.java:576)
	at org.audiveris.omr.sig.inter.AbstractChordInter.internals(AbstractChordInter.java:1192)
	at org.audiveris.omr.util.AbstractEntity.toString(AbstractEntity.java:122)
	at org.jgrapht.graph.AbstractGraph.assertVertexExist(AbstractGraph.java:132)
	at org.jgrapht.graph.AbstractBaseGraph.addEdge(AbstractBaseGraph.java:209)
	at org.audiveris.omr.sheet.rhythm.SlotsBuilder.setRel(SlotsBuilder.java:1162)
	at org.audiveris.omr.sheet.rhythm.SlotsBuilder.inspectBeams(SlotsBuilder.java:866)
	at org.audiveris.omr.sheet.rhythm.SlotsBuilder.buildRelationships(SlotsBuilder.java:346)
	at org.audiveris.omr.sheet.rhythm.SlotsBuilder.process(SlotsBuilder.java:234)
	at org.audiveris.omr.sheet.rhythm.StackTuner.checkSlots(StackTuner.java:146)
	at org.audiveris.omr.sheet.rhythm.StackTuner.check(StackTuner.java:110)
	at org.audiveris.omr.sheet.rhythm.StackTuner.process(StackTuner.java:91)
	at org.audiveris.omr.sheet.rhythm.PageRhythm.retrieveRangeDurations(PageRhythm.java:346)
	at org.audiveris.omr.sheet.rhythm.PageRhythm.process(PageRhythm.java:125)
	at org.audiveris.omr.sheet.rhythm.RhythmsStep.doit(RhythmsStep.java:61)
	at org.audiveris.omr.step.Step.doit(Step.java:168)
	at org.audiveris.omr.sheet.BasicStub$3.call(BasicStub.java:814)
	at org.audiveris.omr.sheet.BasicStub$3.call(BasicStub.java:802)
	at java.util.concurrent.FutureTask.run(FutureTask.java:266)
	at java.util.concurrent.ThreadPoolExecutor.runWorker(ThreadPoolExecutor.java:1149)
	at java.util.concurrent.ThreadPoolExecutor$Worker.run(ThreadPoolExecutor.java:624)
	at java.lang.Thread.run(Thread.java:748)
2017-10-06 15:24:57,799 WARN [91387572]           StackTuner.java:95   | Error java.lang.IllegalArgumentException: no such vertex in graph: null checkConfig 
java.lang.IllegalArgumentException: no such vertex in graph: null
	at org.jgrapht.graph.AbstractGraph.assertVertexExist(AbstractGraph.java:132)
	at org.jgrapht.graph.AbstractBaseGraph.addEdge(AbstractBaseGraph.java:209)
	at org.audiveris.omr.sheet.rhythm.SlotsBuilder.setRel(SlotsBuilder.java:1162)
	at org.audiveris.omr.sheet.rhythm.SlotsBuilder.inspectBeams(SlotsBuilder.java:866)
	at org.audiveris.omr.sheet.rhythm.SlotsBuilder.buildRelationships(SlotsBuilder.java:346)
	at org.audiveris.omr.sheet.rhythm.SlotsBuilder.process(SlotsBuilder.java:234)
	at org.audiveris.omr.sheet.rhythm.StackTuner.checkSlots(StackTuner.java:146)
	at org.audiveris.omr.sheet.rhythm.StackTuner.check(StackTuner.java:110)
	at org.audiveris.omr.sheet.rhythm.StackTuner.process(StackTuner.java:91)
	at org.audiveris.omr.sheet.rhythm.PageRhythm.retrieveRangeDurations(PageRhythm.java:346)
	at org.audiveris.omr.sheet.rhythm.PageRhythm.process(PageRhythm.java:125)
	at org.audiveris.omr.sheet.rhythm.RhythmsStep.doit(RhythmsStep.java:61)
	at org.audiveris.omr.step.Step.doit(Step.java:168)
	at org.audiveris.omr.sheet.BasicStub$3.call(BasicStub.java:814)
	at org.audiveris.omr.sheet.BasicStub$3.call(BasicStub.java:802)
	at java.util.concurrent.FutureTask.run(FutureTask.java:266)
	at java.util.concurrent.ThreadPoolExecutor.runWorker(ThreadPoolExecutor.java:1149)
	at java.util.concurrent.ThreadPoolExecutor$Worker.run(ThreadPoolExecutor.java:624)
	at java.lang.Thread.run(Thread.java:748)
2017-10-06 15:24:57,811 INFO [91387572]         SlotsBuilder.java:434  | Stack#12 endless loop detected
2017-10-06 15:24:57,816 INFO [91387572]           PageRhythm.java:314  | Range{1-17 ts:2/4} Durations avgGuess:1/2 topGuess:1/2 avgValue:0.52 stacks:17 voices:49 Histogram{1/8-5/8 size:6 [1/8=1 1/4=12 3/8=3 7/16=1 1/2=28 5/8=4]}
2017-10-06 15:24:57,824 INFO [91387572]                Voice.java:257  | S3 MeasureStack#3 Voice #2 too long 1/8
2017-10-06 15:24:57,824 INFO [91387572]           StackTuner.java:92   | S3 MeasureStack#3 no correct rhythm
2017-10-06 15:24:57,826 INFO [91387572]                Voice.java:257  | S3 MeasureStack#4 Voice #3 too long 1/8
2017-10-06 15:24:57,827 INFO [91387572]           StackTuner.java:92   | S3 MeasureStack#4 no correct rhythm
2017-10-06 15:24:57,827 WARN [91387572]       AbstractEntity.java:127  | toString ex:java.lang.IllegalArgumentException: no such vertex in graph: StemInter{#7161 DELETED(0.764/0.896)}
java.lang.IllegalArgumentException: no such vertex in graph: StemInter{#7161 DELETED(0.764/0.896)}
	at org.jgrapht.graph.AbstractGraph.assertVertexExist(AbstractGraph.java:132)
	at org.jgrapht.graph.AbstractBaseGraph.edgesOf(AbstractBaseGraph.java:368)
	at org.audiveris.omr.sig.SIGraph.getRelations(SIGraph.java:572)
	at org.audiveris.omr.sig.inter.AbstractChordInter.getFlagsNumber(AbstractChordInter.java:632)
	at org.audiveris.omr.sig.inter.AbstractChordInter.getDurationSansDotOrTuplet(AbstractChordInter.java:532)
	at org.audiveris.omr.sig.inter.AbstractChordInter.getDurationSansTuplet(AbstractChordInter.java:576)
	at org.audiveris.omr.sig.inter.AbstractChordInter.internals(AbstractChordInter.java:1192)
	at org.audiveris.omr.util.AbstractEntity.toString(AbstractEntity.java:122)
	at org.jgrapht.graph.AbstractGraph.assertVertexExist(AbstractGraph.java:132)
	at org.jgrapht.graph.AbstractBaseGraph.addEdge(AbstractBaseGraph.java:209)
	at org.audiveris.omr.sheet.rhythm.SlotsBuilder.setRel(SlotsBuilder.java:1162)
	at org.audiveris.omr.sheet.rhythm.SlotsBuilder.inspectBeams(SlotsBuilder.java:866)
	at org.audiveris.omr.sheet.rhythm.SlotsBuilder.buildRelationships(SlotsBuilder.java:346)
	at org.audiveris.omr.sheet.rhythm.SlotsBuilder.process(SlotsBuilder.java:234)
	at org.audiveris.omr.sheet.rhythm.StackTuner.checkSlots(StackTuner.java:146)
	at org.audiveris.omr.sheet.rhythm.StackTuner.check(StackTuner.java:110)
	at org.audiveris.omr.sheet.rhythm.StackTuner.process(StackTuner.java:91)
	at org.audiveris.omr.sheet.rhythm.PageRhythm.processRanges(PageRhythm.java:231)
	at org.audiveris.omr.sheet.rhythm.PageRhythm.process(PageRhythm.java:128)
	at org.audiveris.omr.sheet.rhythm.RhythmsStep.doit(RhythmsStep.java:61)
	at org.audiveris.omr.step.Step.doit(Step.java:168)
	at org.audiveris.omr.sheet.BasicStub$3.call(BasicStub.java:814)
	at org.audiveris.omr.sheet.BasicStub$3.call(BasicStub.java:802)
	at java.util.concurrent.FutureTask.run(FutureTask.java:266)
	at java.util.concurrent.ThreadPoolExecutor.runWorker(ThreadPoolExecutor.java:1149)
	at java.util.concurrent.ThreadPoolExecutor$Worker.run(ThreadPoolExecutor.java:624)
	at java.lang.Thread.run(Thread.java:748)
2017-10-06 15:24:57,829 WARN [91387572]           StackTuner.java:95   | Error java.lang.IllegalArgumentException: no such vertex in graph: null checkConfig 
java.lang.IllegalArgumentException: no such vertex in graph: null
	at org.jgrapht.graph.AbstractGraph.assertVertexExist(AbstractGraph.java:132)
	at org.jgrapht.graph.AbstractBaseGraph.addEdge(AbstractBaseGraph.java:209)
	at org.audiveris.omr.sheet.rhythm.SlotsBuilder.setRel(SlotsBuilder.java:1162)
	at org.audiveris.omr.sheet.rhythm.SlotsBuilder.inspectBeams(SlotsBuilder.java:866)
	at org.audiveris.omr.sheet.rhythm.SlotsBuilder.buildRelationships(SlotsBuilder.java:346)
	at org.audiveris.omr.sheet.rhythm.SlotsBuilder.process(SlotsBuilder.java:234)
	at org.audiveris.omr.sheet.rhythm.StackTuner.checkSlots(StackTuner.java:146)
	at org.audiveris.omr.sheet.rhythm.StackTuner.check(StackTuner.java:110)
	at org.audiveris.omr.sheet.rhythm.StackTuner.process(StackTuner.java:91)
	at org.audiveris.omr.sheet.rhythm.PageRhythm.processRanges(PageRhythm.java:231)
	at org.audiveris.omr.sheet.rhythm.PageRhythm.process(PageRhythm.java:128)
	at org.audiveris.omr.sheet.rhythm.RhythmsStep.doit(RhythmsStep.java:61)
	at org.audiveris.omr.step.Step.doit(Step.java:168)
	at org.audiveris.omr.sheet.BasicStub$3.call(BasicStub.java:814)
	at org.audiveris.omr.sheet.BasicStub$3.call(BasicStub.java:802)
	at java.util.concurrent.FutureTask.run(FutureTask.java:266)
	at java.util.concurrent.ThreadPoolExecutor.runWorker(ThreadPoolExecutor.java:1149)
	at java.util.concurrent.ThreadPoolExecutor$Worker.run(ThreadPoolExecutor.java:624)
	at java.lang.Thread.run(Thread.java:748)
2017-10-06 15:24:57,832 INFO [91387572]         SlotsBuilder.java:427  | S4 MeasureStack#6 Slot{#7 xOffset=482 timeOffset=1/2 incomings=[#7575] SUSPICIOUS}
2017-10-06 15:24:57,833 INFO [91387572]                Voice.java:257  | S4 MeasureStack#6 Voice #1 too long 1/4
2017-10-06 15:24:57,834 INFO [91387572]           StackTuner.java:92   | S4 MeasureStack#6 no correct rhythm
2017-10-06 15:24:57,836 INFO [91387572]         SlotsBuilder.java:427  | S4 MeasureStack#7 Slot{#5 xOffset=305 timeOffset=1/2 incomings=[#7598] SUSPICIOUS}
2017-10-06 15:24:57,836 INFO [91387572]                Voice.java:257  | S4 MeasureStack#7 Voice #2 too long 1/8
2017-10-06 15:24:57,836 INFO [91387572]                Voice.java:257  | S4 MeasureStack#7 Voice #3 too long 1/4
2017-10-06 15:24:57,837 INFO [91387572]           StackTuner.java:92   | S4 MeasureStack#7 no correct rhythm
2017-10-06 15:24:57,838 INFO [91387572]                Voice.java:257  | S4 MeasureStack#8 Voice #2 too long 1/8
2017-10-06 15:24:57,839 INFO [91387572]           StackTuner.java:92   | S4 MeasureStack#8 no correct rhythm
2017-10-06 15:24:57,840 INFO [91387572]         SlotsBuilder.java:427  | S4 MeasureStack#9 Slot{#3 xOffset=126 timeOffset=1/4 incomings=[#7589] SUSPICIOUS}
2017-10-06 15:24:57,841 INFO [91387572]                Voice.java:257  | S4 MeasureStack#9 Voice #1 too long 1/4
2017-10-06 15:24:57,841 INFO [91387572]                Voice.java:257  | S4 MeasureStack#9 Voice #2 too long 3/8
2017-10-06 15:24:57,842 INFO [91387572]                Voice.java:257  | S4 MeasureStack#9 Voice #3 too long 1/4
2017-10-06 15:24:57,842 INFO [91387572]           StackTuner.java:92   | S4 MeasureStack#9 no correct rhythm
2017-10-06 15:24:57,851 INFO [91387572]         SlotsBuilder.java:434  | Stack#12 endless loop detected
2017-10-06 15:24:57,852 INFO [91387572]         SlotsBuilder.java:427  | S5 MeasureStack#13 Slot{#3 xOffset=225 timeOffset=1/4 incomings=[#7626#7627] SUSPICIOUS}
2017-10-06 15:24:57,853 INFO [91387572]         SlotsBuilder.java:427  | S5 MeasureStack#13 Slot{#5 xOffset=311 timeOffset=1/2 incomings=[#7646] SUSPICIOUS}
2017-10-06 15:24:57,853 INFO [91387572]                Voice.java:257  | S5 MeasureStack#13 Voice #3 too long 1/4
2017-10-06 15:24:57,853 INFO [91387572]           StackTuner.java:92   | S5 MeasureStack#13 no correct rhythm
2017-10-06 15:24:57,857 INFO [91387572]         SlotsBuilder.java:427  | S6 MeasureStack#16 Slot{#3 xOffset=145 timeOffset=1/4 incomings=[#7678] SUSPICIOUS}
2017-10-06 15:24:57,858 INFO [91387572]         SlotsBuilder.java:434  | Stack#16 endless loop detected
2017-10-06 15:24:57,858 INFO [91387572]                Voice.java:257  | S6 MeasureStack#16 Voice #1 too long 3/16
2017-10-06 15:24:57,858 INFO [91387572]                Voice.java:257  | S6 MeasureStack#16 Voice #2 too long 1/4
2017-10-06 15:24:57,858 INFO [91387572]                Voice.java:257  | S6 MeasureStack#16 Voice #3 too long 3/8
2017-10-06 15:24:57,859 INFO [91387572]           StackTuner.java:92   | S6 MeasureStack#16 no correct rhythm
2017-10-06 15:24:57,859 INFO [91387572]         SlotsBuilder.java:427  | S6 MeasureStack#17 Slot{#3 xOffset=184 timeOffset=1/4 incomings=[#7667] SUSPICIOUS}
2017-10-06 15:24:57,862 INFO [91387572]            BasicBook.java:1395 | Stored /book.xml
2017-10-06 15:24:59,128 INFO [91387572]           BasicSheet.java:979  | Stored /sheet#1/sheet#1.xml
2017-10-06 15:24:59,130 INFO [91387572]       StepMonitoring.java:96   | PAGE
2017-10-06 15:24:59,135 INFO [91387572]                Voice.java:257  | S1 MeasureStack#1 Voice #1 too long 1/16
2017-10-06 15:24:59,135 INFO [91387572]                Voice.java:257  | S1 MeasureStack#1 Voice #2 too long 1/4
2017-10-06 15:24:59,135 INFO [91387572]                Voice.java:257  | S1 MeasureStack#1 Voice #3 too long 1/8
2017-10-06 15:24:59,136 INFO [91387572]                Voice.java:257  | S1 MeasureStack#1 Voice #4 too long 1/8
2017-10-06 15:24:59,136 INFO [91387572]                Voice.java:257  | S1 MeasureStack#2 Voice #1 too long 3/32
2017-10-06 15:24:59,136 INFO [91387572]                Voice.java:257  | S1 MeasureStack#2 Voice #2 too long 1/4
2017-10-06 15:24:59,137 INFO [91387572]                Voice.java:257  | S1 MeasureStack#2 Voice #3 too long 1/8
2017-10-06 15:24:59,137 INFO [91387572]                Voice.java:257  | S1 MeasureStack#2 Voice #4 too long 1/8
2017-10-06 15:24:59,138 INFO [91387572]                Voice.java:257  | S1 MeasureStack#3 Voice #1 too long 1/2
2017-10-06 15:24:59,138 INFO [91387572]                Voice.java:257  | S1 MeasureStack#3 Voice #3 too long 3/8
2017-10-06 15:24:59,138 INFO [91387572]                Voice.java:257  | S1 MeasureStack#3 Voice #4 too long 1/8
2017-10-06 15:24:59,139 INFO [91387572]                Voice.java:257  | S2 MeasureStack#6 Voice #1 too long 1/8
2017-10-06 15:24:59,139 INFO [91387572]                Voice.java:257  | S2 MeasureStack#6 Voice #2 too long 1/4
2017-10-06 15:24:59,140 INFO [91387572]                Voice.java:257  | S2 MeasureStack#6 Voice #3 too long 1/8
2017-10-06 15:24:59,140 INFO [91387572]                Voice.java:257  | S2 MeasureStack#6 Voice #4 too long 1/4
2017-10-06 15:24:59,141 INFO [91387572]                Voice.java:257  | S2 MeasureStack#7 Voice #1 too long 1/8
2017-10-06 15:24:59,142 INFO [91387572]                 Part.java:275  | Could not right-connect slur#7871
2017-10-06 15:24:59,142 INFO [91387572]                 Part.java:275  | Could not right-connect slur#7791
2017-10-06 15:24:59,143 INFO [91387572]                Voice.java:257  | S3 MeasureStack#3 Voice #2 too long 1/8
2017-10-06 15:24:59,143 INFO [91387572]                Voice.java:257  | S3 MeasureStack#4 Voice #3 too long 1/8
2017-10-06 15:24:59,144 INFO [91387572]                Voice.java:257  | S4 MeasureStack#6 Voice #1 too long 1/4
2017-10-06 15:24:59,145 INFO [91387572]                Voice.java:257  | S4 MeasureStack#7 Voice #2 too long 1/8
2017-10-06 15:24:59,145 INFO [91387572]                Voice.java:257  | S4 MeasureStack#7 Voice #3 too long 1/4
2017-10-06 15:24:59,145 INFO [91387572]                Voice.java:257  | S4 MeasureStack#8 Voice #2 too long 1/8
2017-10-06 15:24:59,146 INFO [91387572]                Voice.java:257  | S4 MeasureStack#9 Voice #1 too long 1/4
2017-10-06 15:24:59,146 INFO [91387572]                Voice.java:257  | S4 MeasureStack#9 Voice #2 too long 3/8
2017-10-06 15:24:59,146 INFO [91387572]                Voice.java:257  | S4 MeasureStack#9 Voice #3 too long 1/4
2017-10-06 15:24:59,147 INFO [91387572]                Voice.java:257  | S5 MeasureStack#13 Voice #3 too long 1/4
2017-10-06 15:24:59,147 INFO [91387572]                Voice.java:257  | S6 MeasureStack#16 Voice #1 too long 3/16
2017-10-06 15:24:59,147 INFO [91387572]                Voice.java:257  | S6 MeasureStack#16 Voice #2 too long 1/4
2017-10-06 15:24:59,148 INFO [91387572]                Voice.java:257  | S6 MeasureStack#16 Voice #3 too long 3/8
2017-10-06 15:24:59,149 INFO [91387572]            BasicBook.java:1395 | Stored /book.xml
2017-10-06 15:25:00,404 INFO [91387572]           BasicSheet.java:979  | Stored /sheet#1/sheet#1.xml
2017-10-06 15:25:00,409 INFO [91387572]            BasicStub.java:723  | Sheet{91387572} disposed
2017-10-06 15:25:01,560 INFO [91387572]            BasicStub.java:449  | Loaded /sheet#1/sheet#1.xml
2017-10-06 15:25:01,563 INFO [91387572]            BasicBook.java:1133 | Scores built: 2
2017-10-06 15:25:02,558 INFO [91387572]        ScoreExporter.java:93   | Score 91387572.mvt1 exported to /Users/stephenn/Documents/workspace/nlsomr/xml_out/91386487/91387572/91387572.mvt1.mxl
2017-10-06 15:25:02,609 INFO [91387572]        ScoreExporter.java:93   | Score 91387572.mvt2 exported to /Users/stephenn/Documents/workspace/nlsomr/xml_out/91386487/91387572/91387572.mvt2.mxl
2017-10-06 15:25:02,791 INFO [91387572]            BasicBook.java:1395 | Stored /book.xml
2017-10-06 15:25:02,791 INFO [91387572]            BasicBook.java:1355 | Book stored as /Users/stephenn/Documents/workspace/nlsomr/xml_out/91386487/91387572/91387572.omr
