2017-10-06 14:39:14,752 INFO [91386960]            BasicBook.java:427  | 1 sheet in /Users/stephenn/Documents/workspace/nlsomr/working/91386960.jpg
2017-10-06 14:39:14,898 INFO []            BasicBook.java:1395 | Stored /book.xml
2017-10-06 14:39:14,899 INFO []            BasicBook.java:1355 | Book stored as /Users/stephenn/Documents/workspace/nlsomr/xml_out/91386487/91386960/91386960.omr
2017-10-06 14:39:14,904 INFO []            BasicBook.java:996  | Book reaching PAGE on sheets:[#1]
2017-10-06 14:39:14,906 INFO [91386960]       StepMonitoring.java:96   | LOAD
2017-10-06 14:39:15,057 INFO [91386960]            BasicBook.java:911  | Loaded image 1 2000x3056 from /Users/stephenn/Documents/workspace/nlsomr/working/91386960.jpg
2017-10-06 14:39:15,062 INFO [91386960]            ImageUtil.java:82   | Converting max RGB to gray ...
2017-10-06 14:39:15,320 INFO [91386960]            BasicBook.java:1395 | Stored /book.xml
2017-10-06 14:39:15,685 INFO [91386960]           BasicSheet.java:979  | Stored /sheet#1/sheet#1.xml
2017-10-06 14:39:15,687 INFO [91386960]       StepMonitoring.java:96   | BINARY
2017-10-06 14:39:16,300 INFO [91386960]            BasicBook.java:1395 | Stored /book.xml
2017-10-06 14:39:16,556 INFO [91386960]              Picture.java:786  | Stored /sheet#1/BINARY.xml
2017-10-06 14:39:16,558 INFO [91386960]           BasicSheet.java:979  | Stored /sheet#1/sheet#1.xml
2017-10-06 14:39:16,559 INFO [91386960]       StepMonitoring.java:96   | SCALE
2017-10-06 14:39:16,600 INFO [91386960]            ScaleStep.java:87   | Scale{line(2,4,5) interline(16,17,18) beam(13)}
2017-10-06 14:39:16,603 INFO [91386960]            BasicBook.java:1395 | Stored /book.xml
2017-10-06 14:39:16,606 INFO [91386960]           BasicSheet.java:979  | Stored /sheet#1/sheet#1.xml
2017-10-06 14:39:16,608 INFO [91386960]       StepMonitoring.java:96   | GRID
2017-10-06 14:39:17,284 INFO [91386960]       LinesRetriever.java:442  | Global slope: -0.00037
2017-10-06 14:39:17,362 INFO [91386960]    ClustersRetriever.java:241  | Retrieved line clusters: 10 of size: 5 with interline: (16,17,18)
2017-10-06 14:39:17,761 INFO [91386960]            PeakGraph.java:181  | Systems: #1[1, 2] #2[3, 4] #3[5, 6] #4[7, 8] #5[9, 10]
2017-10-06 14:39:18,529 INFO [91386960]        SystemManager.java:626  | Indentation detected for system#1
2017-10-06 14:39:18,529 INFO [91386960]        SystemManager.java:709  | 1 part along 5 systems
2017-10-06 14:39:18,533 INFO [91386960]            BasicBook.java:1395 | Stored /book.xml
2017-10-06 14:39:18,737 INFO [91386960]           BasicSheet.java:979  | Stored /sheet#1/sheet#1.xml
2017-10-06 14:39:18,741 INFO [91386960]       StepMonitoring.java:96   | HEADERS
2017-10-06 14:39:19,121 INFO []          Nd4jBackend.java:194  | Loaded [CpuBackend] backend
2017-10-06 14:39:19,184 INFO []      NativeOpsHolder.java:49   | Number of threads used for NativeOps: 2
2017-10-06 14:39:19,612 INFO [] DefaultOpExecutioner.java:544  | Backend used: [CPU]; OS: [Mac OS X]
2017-10-06 14:39:19,613 INFO [] DefaultOpExecutioner.java:545  | Cores: [4]; Memory: [3.6GB];
2017-10-06 14:39:19,613 INFO [] DefaultOpExecutioner.java:546  | Blas vendor: [OPENBLAS]
2017-10-06 14:39:19,652 INFO []   AbstractClassifier.java:332  | Classifier data loaded from default uri jar:file:/Users/stephenn/Documents/workspace/audiveris/build/distributions/Audiveris/lib/audiveris.jar!/res/basic-classifier.zip
2017-10-06 14:39:22,660 WARN [91386960]          ClefBuilder.java:560  | Staff#10 no header clef.
2017-10-06 14:39:22,710 INFO []   AbstractClassifier.java:332  | Classifier data loaded from default uri jar:file:/Users/stephenn/Documents/workspace/audiveris/build/distributions/Audiveris/lib/audiveris.jar!/res/deep-classifier.zip
2017-10-06 14:39:22,721 INFO [91386960]            BasicBook.java:1395 | Stored /book.xml
2017-10-06 14:39:23,068 INFO [91386960]           BasicSheet.java:979  | Stored /sheet#1/sheet#1.xml
2017-10-06 14:39:23,070 INFO [91386960]       StepMonitoring.java:96   | STEM_SEEDS
2017-10-06 14:39:23,154 INFO [91386960]        StemSeedsStep.java:91   | stem(3 max:4)
2017-10-06 14:39:23,241 INFO [91386960]            BasicBook.java:1395 | Stored /book.xml
2017-10-06 14:39:23,584 INFO [91386960]           BasicSheet.java:979  | Stored /sheet#1/sheet#1.xml
2017-10-06 14:39:23,587 INFO [91386960]       StepMonitoring.java:96   | BEAMS
2017-10-06 14:39:28,159 INFO [91386960]            BeamsStep.java:89   | BeamDistance{count:1 mean:15.00}
2017-10-06 14:39:28,162 INFO [91386960]            BasicBook.java:1395 | Stored /book.xml
2017-10-06 14:39:28,230 INFO [91386960]              Picture.java:786  | Stored /sheet#1/HEAD_SPOTS.xml
2017-10-06 14:39:28,699 INFO [91386960]           BasicSheet.java:979  | Stored /sheet#1/sheet#1.xml
2017-10-06 14:39:28,701 INFO [91386960]       StepMonitoring.java:96   | LEDGERS
2017-10-06 14:39:28,914 INFO [91386960]            BasicBook.java:1395 | Stored /book.xml
2017-10-06 14:39:29,377 INFO [91386960]           BasicSheet.java:979  | Stored /sheet#1/sheet#1.xml
2017-10-06 14:39:29,383 INFO [91386960]       StepMonitoring.java:96   | HEADS
2017-10-06 14:39:31,493 INFO [91386960]            BasicBook.java:1395 | Stored /book.xml
2017-10-06 14:39:32,439 INFO [91386960]           BasicSheet.java:979  | Stored /sheet#1/sheet#1.xml
2017-10-06 14:39:32,441 INFO [91386960]       StepMonitoring.java:96   | STEMS
2017-10-06 14:39:33,431 INFO [91386960]            BasicBook.java:1395 | Stored /book.xml
2017-10-06 14:39:34,481 INFO [91386960]           BasicSheet.java:979  | Stored /sheet#1/sheet#1.xml
2017-10-06 14:39:34,483 INFO [91386960]       StepMonitoring.java:96   | REDUCTION
2017-10-06 14:39:34,758 INFO [91386960]            BasicBook.java:1395 | Stored /book.xml
2017-10-06 14:39:35,515 INFO [91386960]           BasicSheet.java:979  | Stored /sheet#1/sheet#1.xml
2017-10-06 14:39:35,517 INFO [91386960]       StepMonitoring.java:96   | CUE_BEAMS
2017-10-06 14:39:35,521 INFO [91386960]            BasicBook.java:1395 | Stored /book.xml
2017-10-06 14:39:36,255 INFO [91386960]           BasicSheet.java:979  | Stored /sheet#1/sheet#1.xml
2017-10-06 14:39:36,257 INFO [91386960]       StepMonitoring.java:96   | TEXTS
2017-10-06 14:39:37,496 INFO [91386960]            BasicBook.java:1395 | Stored /book.xml
2017-10-06 14:39:38,255 INFO [91386960]           BasicSheet.java:979  | Stored /sheet#1/sheet#1.xml
2017-10-06 14:39:38,258 INFO [91386960]       StepMonitoring.java:96   | MEASURES
2017-10-06 14:39:38,263 INFO [91386960]                 Page.java:210  | 18 raw measures: [4 in system#1, 3 in system#2, 4 in system#3, 3 in system#4, 4 in system#5]
2017-10-06 14:39:38,264 INFO [91386960]            BasicBook.java:1395 | Stored /book.xml
2017-10-06 14:39:39,037 INFO [91386960]           BasicSheet.java:979  | Stored /sheet#1/sheet#1.xml
2017-10-06 14:39:39,041 INFO [91386960]       StepMonitoring.java:96   | CHORDS
2017-10-06 14:39:39,054 INFO [91386960]            BasicBook.java:1395 | Stored /book.xml
2017-10-06 14:39:39,842 INFO [91386960]           BasicSheet.java:979  | Stored /sheet#1/sheet#1.xml
2017-10-06 14:39:39,845 INFO [91386960]       StepMonitoring.java:96   | CURVES
2017-10-06 14:39:40,872 INFO [91386960]         SlursBuilder.java:157  | Slurs: 1
2017-10-06 14:39:40,884 INFO [91386960]      SegmentsBuilder.java:113  | Segments: 2
2017-10-06 14:39:40,891 INFO [91386960]            BasicBook.java:1395 | Stored /book.xml
2017-10-06 14:39:41,684 INFO [91386960]           BasicSheet.java:979  | Stored /sheet#1/sheet#1.xml
2017-10-06 14:39:41,686 INFO [91386960]       StepMonitoring.java:96   | SYMBOLS
2017-10-06 14:39:43,035 INFO [91386960]            BasicBook.java:1395 | Stored /book.xml
2017-10-06 14:39:43,893 INFO [91386960]           BasicSheet.java:979  | Stored /sheet#1/sheet#1.xml
2017-10-06 14:39:43,895 INFO [91386960]       StepMonitoring.java:96   | LINKS
2017-10-06 14:39:43,927 INFO [91386960]            BasicBook.java:1395 | Stored /book.xml
2017-10-06 14:39:44,818 INFO [91386960]           BasicSheet.java:979  | Stored /sheet#1/sheet#1.xml
2017-10-06 14:39:44,820 INFO [91386960]       StepMonitoring.java:96   | RHYTHMS
2017-10-06 14:39:44,834 INFO [91386960]         SlotsBuilder.java:399  | Stack#2 suspicious Slot{#2 xOffset=87 timeOffset=1/8 incomings=[#3656]}
2017-10-06 14:39:44,884 INFO [91386960]           PageRhythm.java:314  | Range{1-18 ts:4/4} Durations avgGuess:1 topGuess:1 avgValue:0.99 stacks:18 voices:36 Histogram{1/8-5/4 size:7 [1/8=3 1/4=2 3/8=1 3/4=2 7/8=2 1=24 5/4=2]}
2017-10-06 14:39:44,887 INFO [91386960]         SlotsBuilder.java:434  | Stack#2 endless loop detected
2017-10-06 14:39:44,899 INFO [91386960]                Voice.java:257  | S2 MeasureStack#6 Voice #1 too long 1/4
2017-10-06 14:39:44,900 INFO [91386960]                Voice.java:257  | S2 MeasureStack#6 Voice #2 too long 1/4
2017-10-06 14:39:44,900 INFO [91386960]           StackTuner.java:92   | S2 MeasureStack#6 no correct rhythm
2017-10-06 14:39:44,932 INFO [91386960]            BasicBook.java:1395 | Stored /book.xml
2017-10-06 14:39:45,908 INFO [91386960]           BasicSheet.java:979  | Stored /sheet#1/sheet#1.xml
2017-10-06 14:39:45,910 INFO [91386960]       StepMonitoring.java:96   | PAGE
2017-10-06 14:39:45,914 INFO [91386960]                Voice.java:257  | S2 MeasureStack#6 Voice #1 too long 1/4
2017-10-06 14:39:45,915 INFO [91386960]                Voice.java:257  | S2 MeasureStack#6 Voice #2 too long 1/4
2017-10-06 14:39:45,917 INFO [91386960]            BasicBook.java:1395 | Stored /book.xml
2017-10-06 14:39:46,790 INFO [91386960]           BasicSheet.java:979  | Stored /sheet#1/sheet#1.xml
2017-10-06 14:39:46,793 INFO [91386960]            BasicStub.java:723  | Sheet{91386960} disposed
2017-10-06 14:39:47,574 INFO [91386960]            BasicStub.java:449  | Loaded /sheet#1/sheet#1.xml
2017-10-06 14:39:47,576 INFO [91386960]            BasicBook.java:1133 | Scores built: 1
2017-10-06 14:39:48,694 WARN [91386960]      PartwiseBuilder.java:1379 | Error visiting null
java.lang.NullPointerException: null
	at org.audiveris.omr.score.PartwiseBuilder.processKey(PartwiseBuilder.java:1344)
	at org.audiveris.omr.score.PartwiseBuilder.processKeys(PartwiseBuilder.java:1407)
	at org.audiveris.omr.score.PartwiseBuilder.processMeasure(PartwiseBuilder.java:1575)
	at org.audiveris.omr.score.PartwiseBuilder.processPart(PartwiseBuilder.java:1988)
	at org.audiveris.omr.score.PartwiseBuilder.processSystem(PartwiseBuilder.java:2528)
	at org.audiveris.omr.score.PartwiseBuilder.processLogicalPart(PartwiseBuilder.java:1433)
	at org.audiveris.omr.score.PartwiseBuilder.processStub(PartwiseBuilder.java:2483)
	at org.audiveris.omr.score.PartwiseBuilder.processPartList(PartwiseBuilder.java:2017)
	at org.audiveris.omr.score.PartwiseBuilder.processScore(PartwiseBuilder.java:2195)
	at org.audiveris.omr.score.PartwiseBuilder.build(PartwiseBuilder.java:307)
	at org.audiveris.omr.score.ScoreExporter.export(ScoreExporter.java:117)
	at org.audiveris.omr.score.ScoreExporter.export(ScoreExporter.java:91)
	at org.audiveris.omr.sheet.BasicBook.export(BasicBook.java:589)
	at org.audiveris.omr.CLI$ProcessingTask.processBook(CLI.java:785)
	at org.audiveris.omr.CLI$CliTask.call(CLI.java:344)
	at org.audiveris.omr.Main.runBatchTasks(Main.java:316)
	at org.audiveris.omr.Main.main(Main.java:155)
	at Audiveris.main(Audiveris.java:49)
2017-10-06 14:39:48,752 INFO [91386960]        ScoreExporter.java:93   | Score 91386960 exported to /Users/stephenn/Documents/workspace/nlsomr/xml_out/91386487/91386960/91386960.mxl
2017-10-06 14:39:48,898 INFO [91386960]            BasicBook.java:1395 | Stored /book.xml
2017-10-06 14:39:48,899 INFO [91386960]            BasicBook.java:1355 | Book stored as /Users/stephenn/Documents/workspace/nlsomr/xml_out/91386487/91386960/91386960.omr
