2017-10-06 15:44:36,356 INFO [91387848]            BasicBook.java:427  | 1 sheet in /Users/stephenn/Documents/workspace/nlsomr/working/91387848.jpg
2017-10-06 15:44:36,517 INFO []            BasicBook.java:1395 | Stored /book.xml
2017-10-06 15:44:36,518 INFO []            BasicBook.java:1355 | Book stored as /Users/stephenn/Documents/workspace/nlsomr/xml_out/91386487/91387848/91387848.omr
2017-10-06 15:44:36,523 INFO []            BasicBook.java:996  | Book reaching PAGE on sheets:[#1]
2017-10-06 15:44:36,525 INFO [91387848]       StepMonitoring.java:96   | LOAD
2017-10-06 15:44:36,682 INFO [91387848]            BasicBook.java:911  | Loaded image 1 2000x3056 from /Users/stephenn/Documents/workspace/nlsomr/working/91387848.jpg
2017-10-06 15:44:36,685 INFO [91387848]            ImageUtil.java:82   | Converting max RGB to gray ...
2017-10-06 15:44:36,931 INFO [91387848]            BasicBook.java:1395 | Stored /book.xml
2017-10-06 15:44:37,252 INFO [91387848]           BasicSheet.java:979  | Stored /sheet#1/sheet#1.xml
2017-10-06 15:44:37,254 INFO [91387848]       StepMonitoring.java:96   | BINARY
2017-10-06 15:44:37,845 INFO [91387848]            BasicBook.java:1395 | Stored /book.xml
2017-10-06 15:44:38,143 INFO [91387848]              Picture.java:786  | Stored /sheet#1/BINARY.xml
2017-10-06 15:44:38,145 INFO [91387848]           BasicSheet.java:979  | Stored /sheet#1/sheet#1.xml
2017-10-06 15:44:38,147 INFO [91387848]       StepMonitoring.java:96   | SCALE
2017-10-06 15:44:38,186 INFO [91387848]         ScaleBuilder.java:229  | No beam key found, guessed value 10
2017-10-06 15:44:38,187 INFO [91387848]            ScaleStep.java:87   | Scale{line(4,5,6) interline(16,17,17) beam(10 extra)}
2017-10-06 15:44:38,189 INFO [91387848]            BasicBook.java:1395 | Stored /book.xml
2017-10-06 15:44:38,195 INFO [91387848]           BasicSheet.java:979  | Stored /sheet#1/sheet#1.xml
2017-10-06 15:44:38,198 INFO [91387848]       StepMonitoring.java:96   | GRID
2017-10-06 15:44:39,230 INFO [91387848]       LinesRetriever.java:442  | Global slope: 0.00000
2017-10-06 15:44:39,328 INFO [91387848]    ClustersRetriever.java:241  | Retrieved line clusters: 12 of size: 5 with interline: (16,17,17)
2017-10-06 15:44:39,914 INFO [91387848]            PeakGraph.java:181  | Systems: #1[1, 2] #2[3, 4] #3[5, 6] #4[7, 8] #5[9, 10] #6[11, 12]
2017-10-06 15:44:40,804 INFO [91387848]        SystemManager.java:626  | Indentation detected for system#1
2017-10-06 15:44:40,805 INFO [91387848]        SystemManager.java:626  | Indentation detected for system#5
2017-10-06 15:44:40,805 INFO [91387848]        SystemManager.java:671  | 2 pages found in sheet
2017-10-06 15:44:40,806 INFO [91387848]        SystemManager.java:709  | Page #1: 1 part along 4 systems
2017-10-06 15:44:40,807 INFO [91387848]        SystemManager.java:709  | Page #2: 1 part along 2 systems
2017-10-06 15:44:40,812 INFO [91387848]            BasicBook.java:1395 | Stored /book.xml
2017-10-06 15:44:41,072 INFO [91387848]           BasicSheet.java:979  | Stored /sheet#1/sheet#1.xml
2017-10-06 15:44:41,074 INFO [91387848]       StepMonitoring.java:96   | HEADERS
2017-10-06 15:44:41,497 INFO [91387848]          Nd4jBackend.java:194  | Loaded [CpuBackend] backend
2017-10-06 15:44:41,560 INFO [91387848]      NativeOpsHolder.java:49   | Number of threads used for NativeOps: 2
2017-10-06 15:44:42,041 INFO [91387848] DefaultOpExecutioner.java:544  | Backend used: [CPU]; OS: [Mac OS X]
2017-10-06 15:44:42,042 INFO [91387848] DefaultOpExecutioner.java:545  | Cores: [4]; Memory: [3.6GB];
2017-10-06 15:44:42,043 INFO [91387848] DefaultOpExecutioner.java:546  | Blas vendor: [OPENBLAS]
2017-10-06 15:44:42,096 INFO [91387848]   AbstractClassifier.java:332  | Classifier data loaded from default uri jar:file:/Users/stephenn/Documents/workspace/audiveris/build/distributions/Audiveris/lib/audiveris.jar!/res/basic-classifier.zip
2017-10-06 15:44:45,033 WARN [91387848]          ClefBuilder.java:560  | Staff#10 no header clef.
2017-10-06 15:44:45,366 INFO []   AbstractClassifier.java:332  | Classifier data loaded from default uri jar:file:/Users/stephenn/Documents/workspace/audiveris/build/distributions/Audiveris/lib/audiveris.jar!/res/deep-classifier.zip
2017-10-06 15:44:45,489 INFO [91387848]            BasicBook.java:1395 | Stored /book.xml
2017-10-06 15:44:45,823 INFO [91387848]           BasicSheet.java:979  | Stored /sheet#1/sheet#1.xml
2017-10-06 15:44:45,825 INFO [91387848]       StepMonitoring.java:96   | STEM_SEEDS
2017-10-06 15:44:46,126 INFO [91387848]        StemSeedsStep.java:91   | stem(4 max:5)
2017-10-06 15:44:46,245 INFO [91387848]            BasicBook.java:1395 | Stored /book.xml
2017-10-06 15:44:46,556 INFO [91387848]           BasicSheet.java:979  | Stored /sheet#1/sheet#1.xml
2017-10-06 15:44:46,558 INFO [91387848]       StepMonitoring.java:96   | BEAMS
2017-10-06 15:44:50,363 INFO [91387848]            BeamsStep.java:89   | BeamDistance{count:33 mean:15.43 stdDev:2.83}
2017-10-06 15:44:50,367 INFO [91387848]            BasicBook.java:1395 | Stored /book.xml
2017-10-06 15:44:50,482 INFO [91387848]              Picture.java:786  | Stored /sheet#1/HEAD_SPOTS.xml
2017-10-06 15:44:51,224 INFO [91387848]           BasicSheet.java:979  | Stored /sheet#1/sheet#1.xml
2017-10-06 15:44:51,230 INFO [91387848]       StepMonitoring.java:96   | LEDGERS
2017-10-06 15:44:52,023 INFO [91387848]            BasicBook.java:1395 | Stored /book.xml
2017-10-06 15:44:52,750 INFO [91387848]           BasicSheet.java:979  | Stored /sheet#1/sheet#1.xml
2017-10-06 15:44:52,754 INFO [91387848]       StepMonitoring.java:96   | HEADS
2017-10-06 15:44:56,170 INFO [91387848]            BasicBook.java:1395 | Stored /book.xml
2017-10-06 15:44:57,297 INFO [91387848]           BasicSheet.java:979  | Stored /sheet#1/sheet#1.xml
2017-10-06 15:44:57,303 INFO [91387848]       StepMonitoring.java:96   | STEMS
2017-10-06 15:44:59,479 INFO [91387848]            BasicBook.java:1395 | Stored /book.xml
2017-10-06 15:45:00,943 INFO [91387848]           BasicSheet.java:979  | Stored /sheet#1/sheet#1.xml
2017-10-06 15:45:00,946 INFO [91387848]       StepMonitoring.java:96   | REDUCTION
2017-10-06 15:45:01,582 INFO [91387848]            BasicBook.java:1395 | Stored /book.xml
2017-10-06 15:45:02,442 INFO [91387848]           BasicSheet.java:979  | Stored /sheet#1/sheet#1.xml
2017-10-06 15:45:02,444 INFO [91387848]       StepMonitoring.java:96   | CUE_BEAMS
2017-10-06 15:45:02,448 INFO [91387848]            BasicBook.java:1395 | Stored /book.xml
2017-10-06 15:45:03,432 INFO [91387848]           BasicSheet.java:979  | Stored /sheet#1/sheet#1.xml
2017-10-06 15:45:03,434 INFO [91387848]       StepMonitoring.java:96   | TEXTS
2017-10-06 15:45:05,083 INFO [91387848]            BasicBook.java:1395 | Stored /book.xml
2017-10-06 15:45:06,044 INFO [91387848]           BasicSheet.java:979  | Stored /sheet#1/sheet#1.xml
2017-10-06 15:45:06,046 INFO [91387848]       StepMonitoring.java:96   | MEASURES
2017-10-06 15:45:06,052 INFO [91387848]                 Page.java:210  | 18 raw measures: [5 in system#1, 4 in system#2, 5 in system#3, 4 in system#4]
2017-10-06 15:45:06,052 INFO [91387848]                 Page.java:210  | 9 raw measures: [5 in system#5, 4 in system#6]
2017-10-06 15:45:06,053 INFO [91387848]            BasicBook.java:1395 | Stored /book.xml
2017-10-06 15:45:06,915 INFO [91387848]           BasicSheet.java:979  | Stored /sheet#1/sheet#1.xml
2017-10-06 15:45:06,917 INFO [91387848]       StepMonitoring.java:96   | CHORDS
2017-10-06 15:45:06,941 INFO [91387848]            BasicBook.java:1395 | Stored /book.xml
2017-10-06 15:45:08,129 INFO [91387848]           BasicSheet.java:979  | Stored /sheet#1/sheet#1.xml
2017-10-06 15:45:08,133 INFO [91387848]       StepMonitoring.java:96   | CURVES
2017-10-06 15:45:10,529 INFO [91387848]         SlursBuilder.java:762  | LEFT collision SlurInter{#6734(0.323)} & SlurInter{#6736(0.322)} @ HeadInter{#2398(0.659/0.786) e#6459 s:1 p:2.00 NOTEHEAD_BLACK}
2017-10-06 15:45:10,530 INFO [91387848]         SlursBuilder.java:762  | LEFT collision SlurInter{#6734(0.323)} & SlurInter{#6868(0.495)} @ HeadInter{#2398(0.659/0.786) e#6459 s:1 p:2.00 NOTEHEAD_BLACK}
2017-10-06 15:45:10,531 INFO [91387848]         SlursBuilder.java:762  | LEFT collision SlurInter{#6736(0.322)} & SlurInter{#6734(0.323)} @ HeadInter{#2398(0.659/0.786) e#6459 s:1 p:2.00 NOTEHEAD_BLACK}
2017-10-06 15:45:10,533 INFO [91387848]         SlursBuilder.java:762  | LEFT collision SlurInter{#6736(0.322)} & SlurInter{#6868(0.495)} @ HeadInter{#2398(0.659/0.786) e#6459 s:1 p:2.00 NOTEHEAD_BLACK}
2017-10-06 15:45:10,535 INFO [91387848]         SlursBuilder.java:762  | LEFT collision SlurInter{#6868(0.495)} & SlurInter{#6734(0.323)} @ HeadInter{#2398(0.659/0.786) e#6459 s:1 p:2.00 NOTEHEAD_BLACK}
2017-10-06 15:45:10,537 INFO [91387848]         SlursBuilder.java:762  | LEFT collision SlurInter{#6868(0.495)} & SlurInter{#6736(0.322)} @ HeadInter{#2398(0.659/0.786) e#6459 s:1 p:2.00 NOTEHEAD_BLACK}
2017-10-06 15:45:10,539 INFO [91387848]         SlursBuilder.java:762  | LEFT collision SlurInter{#6691(0.522)} & SlurInter{#6751(0.446)} @ HeadInter{#5554(0.610/0.792) e#6656 s:11 p:2.00 NOTEHEAD_BLACK}
2017-10-06 15:45:10,540 INFO [91387848]         SlursBuilder.java:762  | LEFT collision SlurInter{#6751(0.446)} & SlurInter{#6691(0.522)} @ HeadInter{#5554(0.610/0.792) e#6656 s:11 p:2.00 NOTEHEAD_BLACK}
2017-10-06 15:45:10,549 INFO [91387848]         SlursBuilder.java:157  | Slurs: 22
2017-10-06 15:45:10,615 INFO [91387848]      SegmentsBuilder.java:113  | Segments: 12
2017-10-06 15:45:10,623 INFO [91387848]            BasicBook.java:1395 | Stored /book.xml
2017-10-06 15:45:11,729 INFO [91387848]           BasicSheet.java:979  | Stored /sheet#1/sheet#1.xml
2017-10-06 15:45:11,731 INFO [91387848]       StepMonitoring.java:96   | SYMBOLS
2017-10-06 15:45:14,154 INFO [91387848]            BasicBook.java:1395 | Stored /book.xml
2017-10-06 15:45:15,303 INFO [91387848]           BasicSheet.java:979  | Stored /sheet#1/sheet#1.xml
2017-10-06 15:45:15,305 INFO [91387848]       StepMonitoring.java:96   | LINKS
2017-10-06 15:45:15,361 INFO [91387848]            BasicBook.java:1395 | Stored /book.xml
2017-10-06 15:45:16,775 INFO [91387848]           BasicSheet.java:979  | Stored /sheet#1/sheet#1.xml
2017-10-06 15:45:16,780 INFO [91387848]       StepMonitoring.java:96   | RHYTHMS
2017-10-06 15:45:16,805 INFO [91387848]         SlotsBuilder.java:434  | Stack#3 endless loop detected
2017-10-06 15:45:16,832 INFO [91387848]         SlotsBuilder.java:399  | Stack#12 suspicious Slot{#2 xOffset=75 timeOffset=1/8 incomings=[#6529]}
2017-10-06 15:45:16,836 INFO [91387848]         SlotsBuilder.java:434  | Stack#13 endless loop detected
2017-10-06 15:45:16,840 INFO [91387848]         SlotsBuilder.java:399  | Stack#15 suspicious Slot{#2 xOffset=223 timeOffset=1/8 incomings=[#6575]}
2017-10-06 15:45:16,849 INFO [91387848]           PageRhythm.java:314  | Range{1-18 ts:2/4} Durations avgGuess:1/2 topGuess:1/2 avgValue:0.54 stacks:18 voices:38 Histogram{1/8-3/4 size:7 [1/8=6 3/16=1 1/4=4 7/16=1 1/2=20 5/8=3 3/4=3]}
2017-10-06 15:45:16,854 INFO [91387848]         SlotsBuilder.java:434  | Stack#3 endless loop detected
2017-10-06 15:45:16,860 INFO [91387848]                Voice.java:257  | S1 MeasureStack#5 Voice #1 too long 1/4
2017-10-06 15:45:16,861 INFO [91387848]                Voice.java:257  | S1 MeasureStack#5 Voice #2 too long 1/8
2017-10-06 15:45:16,861 INFO [91387848]           StackTuner.java:92   | S1 MeasureStack#5 no correct rhythm
2017-10-06 15:45:16,871 INFO [91387848]                Voice.java:257  | S3 MeasureStack#11 Voice #1 too long 1/4
2017-10-06 15:45:16,871 INFO [91387848]                Voice.java:257  | S3 MeasureStack#11 Voice #3 too long 1/4
2017-10-06 15:45:16,872 INFO [91387848]           StackTuner.java:92   | S3 MeasureStack#11 no correct rhythm
2017-10-06 15:45:16,874 INFO [91387848]         SlotsBuilder.java:427  | S3 MeasureStack#12 Slot{#4 xOffset=114 timeOffset=1/4 incomings=[#6530] SUSPICIOUS}
2017-10-06 15:45:16,875 INFO [91387848]         SlotsBuilder.java:434  | Stack#12 endless loop detected
2017-10-06 15:45:16,875 INFO [91387848]                Voice.java:257  | S3 MeasureStack#12 Voice #1 too long 3/16
2017-10-06 15:45:16,875 INFO [91387848]                Voice.java:257  | S3 MeasureStack#12 Voice #2 too long 1/4
2017-10-06 15:45:16,876 INFO [91387848]           StackTuner.java:92   | S3 MeasureStack#12 no correct rhythm
2017-10-06 15:45:16,878 INFO [91387848]         SlotsBuilder.java:434  | Stack#13 endless loop detected
2017-10-06 15:45:16,881 INFO [91387848]                Voice.java:257  | S3 MeasureStack#14 Voice #1 too long 1/8
2017-10-06 15:45:16,881 INFO [91387848]                Voice.java:257  | S3 MeasureStack#14 Voice #2 too long 1/8
2017-10-06 15:45:16,881 INFO [91387848]           StackTuner.java:92   | S3 MeasureStack#14 no correct rhythm
2017-10-06 15:45:16,883 INFO [91387848]         SlotsBuilder.java:434  | Stack#15 endless loop detected
2017-10-06 15:45:16,884 INFO [91387848]                Voice.java:257  | S4 MeasureStack#15 Voice #1 too long 1/16
2017-10-06 15:45:16,884 INFO [91387848]                Voice.java:257  | S4 MeasureStack#15 Voice #2 too long 1/8
2017-10-06 15:45:16,884 INFO [91387848]           StackTuner.java:92   | S4 MeasureStack#15 no correct rhythm
2017-10-06 15:45:16,915 INFO [91387848]           PageRhythm.java:314  | Range{1-9 ts:3/4} Durations avgGuess:3/4 topGuess:1/2 avgValue:0.66 stacks:9 voices:18 Histogram{1/4-5/4 size:5 [1/4=1 1/2=9 3/4=5 7/8=2 5/4=1]}
2017-10-06 15:45:16,917 INFO [91387848]         SlotsBuilder.java:427  | S5 MeasureStack#2 Slot{#3 xOffset=107 timeOffset=3/4 incomings=[#6638] SUSPICIOUS}
2017-10-06 15:45:16,918 INFO [91387848]                Voice.java:257  | S5 MeasureStack#2 Voice #1 too long 1/2
2017-10-06 15:45:16,922 INFO [91387848]                Voice.java:257  | S5 MeasureStack#2 Voice #2 too long 1/4
2017-10-06 15:45:16,922 INFO [91387848]           StackTuner.java:92   | S5 MeasureStack#2 no correct rhythm
2017-10-06 15:45:16,923 INFO [91387848]         SlotsBuilder.java:427  | S5 MeasureStack#3 Slot{#3 xOffset=107 timeOffset=3/4 incomings=[#6640] SUSPICIOUS}
2017-10-06 15:45:16,925 INFO [91387848]                Voice.java:257  | S5 MeasureStack#3 Voice #1 too long 7/8
2017-10-06 15:45:16,925 INFO [91387848]                Voice.java:257  | S5 MeasureStack#3 Voice #2 too long 1/2
2017-10-06 15:45:16,925 INFO [91387848]           StackTuner.java:92   | S5 MeasureStack#3 no correct rhythm
2017-10-06 15:45:16,926 INFO [91387848]         SlotsBuilder.java:427  | S5 MeasureStack#4 Slot{#3 xOffset=108 timeOffset=1/2 incomings=[#6642] SUSPICIOUS}
2017-10-06 15:45:16,927 INFO [91387848]                Voice.java:257  | S5 MeasureStack#4 Voice #1 too long 1/2
2017-10-06 15:45:16,927 INFO [91387848]                Voice.java:257  | S5 MeasureStack#4 Voice #2 too long 1/4
2017-10-06 15:45:16,928 INFO [91387848]           StackTuner.java:92   | S5 MeasureStack#4 no correct rhythm
2017-10-06 15:45:16,929 INFO [91387848]         SlotsBuilder.java:427  | S5 MeasureStack#5 Slot{#3 xOffset=106 timeOffset=1/2 incomings=[#6644] SUSPICIOUS}
2017-10-06 15:45:16,930 INFO [91387848]                Voice.java:257  | S5 MeasureStack#5 Voice #1 too long 9/16
2017-10-06 15:45:16,930 INFO [91387848]                Voice.java:257  | S5 MeasureStack#5 Voice #2 too long 1/4
2017-10-06 15:45:16,931 INFO [91387848]           StackTuner.java:92   | S5 MeasureStack#5 no correct rhythm
2017-10-06 15:45:16,931 INFO [91387848]         SlotsBuilder.java:427  | S6 MeasureStack#6 Slot{#4 xOffset=271 timeOffset=7/8 incomings=[#6662] SUSPICIOUS}
2017-10-06 15:45:16,932 INFO [91387848]                Voice.java:257  | S6 MeasureStack#6 Voice #1 too long 5/8
2017-10-06 15:45:16,932 INFO [91387848]                Voice.java:257  | S6 MeasureStack#6 Voice #2 too long 5/8
2017-10-06 15:45:16,933 INFO [91387848]           StackTuner.java:92   | S6 MeasureStack#6 no correct rhythm
2017-10-06 15:45:16,934 INFO [91387848]                Voice.java:257  | S6 MeasureStack#8 Voice #1 too long 1/2
2017-10-06 15:45:16,935 INFO [91387848]           StackTuner.java:92   | S6 MeasureStack#8 no correct rhythm
2017-10-06 15:45:16,937 INFO [91387848]            BasicBook.java:1395 | Stored /book.xml
2017-10-06 15:45:18,138 INFO [91387848]           BasicSheet.java:979  | Stored /sheet#1/sheet#1.xml
2017-10-06 15:45:18,140 INFO [91387848]       StepMonitoring.java:96   | PAGE
2017-10-06 15:45:18,143 INFO [91387848]                 Part.java:275  | Could not right-connect slur#6734
2017-10-06 15:45:18,144 INFO [91387848]                 Part.java:275  | Could not right-connect slur#6736
2017-10-06 15:45:18,144 INFO [91387848]                 Part.java:275  | Could not right-connect slur#6868
2017-10-06 15:45:18,146 INFO [91387848]                Voice.java:257  | S1 MeasureStack#5 Voice #1 too long 1/4
2017-10-06 15:45:18,146 INFO [91387848]                Voice.java:257  | S1 MeasureStack#5 Voice #2 too long 1/8
2017-10-06 15:45:18,147 INFO [91387848]                Voice.java:257  | S3 MeasureStack#11 Voice #1 too long 1/4
2017-10-06 15:45:18,147 INFO [91387848]                Voice.java:257  | S3 MeasureStack#11 Voice #3 too long 1/4
2017-10-06 15:45:18,147 INFO [91387848]                Voice.java:257  | S3 MeasureStack#12 Voice #1 too long 3/16
2017-10-06 15:45:18,147 INFO [91387848]                Voice.java:257  | S3 MeasureStack#12 Voice #2 too long 1/4
2017-10-06 15:45:18,148 INFO [91387848]                Voice.java:257  | S3 MeasureStack#14 Voice #1 too long 1/8
2017-10-06 15:45:18,148 INFO [91387848]                Voice.java:257  | S3 MeasureStack#14 Voice #2 too long 1/8
2017-10-06 15:45:18,148 INFO [91387848]                Voice.java:257  | S4 MeasureStack#15 Voice #1 too long 1/16
2017-10-06 15:45:18,148 INFO [91387848]                Voice.java:257  | S4 MeasureStack#15 Voice #2 too long 1/8
2017-10-06 15:45:18,149 INFO [91387848]                Voice.java:257  | S5 MeasureStack#2 Voice #1 too long 1/2
2017-10-06 15:45:18,149 INFO [91387848]                Voice.java:257  | S5 MeasureStack#2 Voice #2 too long 1/4
2017-10-06 15:45:18,149 INFO [91387848]                Voice.java:257  | S5 MeasureStack#3 Voice #1 too long 7/8
2017-10-06 15:45:18,150 INFO [91387848]                Voice.java:257  | S5 MeasureStack#3 Voice #2 too long 1/2
2017-10-06 15:45:18,150 INFO [91387848]                Voice.java:257  | S5 MeasureStack#4 Voice #1 too long 1/2
2017-10-06 15:45:18,150 INFO [91387848]                Voice.java:257  | S5 MeasureStack#4 Voice #2 too long 1/4
2017-10-06 15:45:18,150 INFO [91387848]                Voice.java:257  | S5 MeasureStack#5 Voice #1 too long 9/16
2017-10-06 15:45:18,151 INFO [91387848]                Voice.java:257  | S5 MeasureStack#5 Voice #2 too long 1/4
2017-10-06 15:45:18,151 INFO [91387848]                Voice.java:257  | S6 MeasureStack#6 Voice #1 too long 5/8
2017-10-06 15:45:18,152 INFO [91387848]                Voice.java:257  | S6 MeasureStack#6 Voice #2 too long 5/8
2017-10-06 15:45:18,152 INFO [91387848]                Voice.java:257  | S6 MeasureStack#8 Voice #1 too long 1/2
2017-10-06 15:45:18,154 INFO [91387848]            BasicBook.java:1395 | Stored /book.xml
2017-10-06 15:45:19,326 INFO [91387848]           BasicSheet.java:979  | Stored /sheet#1/sheet#1.xml
2017-10-06 15:45:19,329 INFO [91387848]            BasicStub.java:723  | Sheet{91387848} disposed
2017-10-06 15:45:20,827 INFO [91387848]            BasicStub.java:449  | Loaded /sheet#1/sheet#1.xml
2017-10-06 15:45:20,829 INFO [91387848]            BasicBook.java:1133 | Scores built: 2
2017-10-06 15:45:21,988 INFO [91387848]        ScoreExporter.java:93   | Score 91387848.mvt1 exported to /Users/stephenn/Documents/workspace/nlsomr/xml_out/91386487/91387848/91387848.mvt1.mxl
2017-10-06 15:45:21,995 WARN [91387848]      PartwiseBuilder.java:1379 | Error visiting null
java.lang.NullPointerException: null
	at org.audiveris.omr.score.PartwiseBuilder.processKey(PartwiseBuilder.java:1344)
	at org.audiveris.omr.score.PartwiseBuilder.processKeys(PartwiseBuilder.java:1407)
	at org.audiveris.omr.score.PartwiseBuilder.processMeasure(PartwiseBuilder.java:1575)
	at org.audiveris.omr.score.PartwiseBuilder.processPart(PartwiseBuilder.java:1988)
	at org.audiveris.omr.score.PartwiseBuilder.processSystem(PartwiseBuilder.java:2528)
	at org.audiveris.omr.score.PartwiseBuilder.processLogicalPart(PartwiseBuilder.java:1433)
	at org.audiveris.omr.score.PartwiseBuilder.processStub(PartwiseBuilder.java:2483)
	at org.audiveris.omr.score.PartwiseBuilder.processPartList(PartwiseBuilder.java:2017)
	at org.audiveris.omr.score.PartwiseBuilder.processScore(PartwiseBuilder.java:2195)
	at org.audiveris.omr.score.PartwiseBuilder.build(PartwiseBuilder.java:307)
	at org.audiveris.omr.score.ScoreExporter.export(ScoreExporter.java:117)
	at org.audiveris.omr.score.ScoreExporter.export(ScoreExporter.java:91)
	at org.audiveris.omr.sheet.BasicBook.export(BasicBook.java:589)
	at org.audiveris.omr.CLI$ProcessingTask.processBook(CLI.java:785)
	at org.audiveris.omr.CLI$CliTask.call(CLI.java:344)
	at org.audiveris.omr.Main.runBatchTasks(Main.java:316)
	at org.audiveris.omr.Main.main(Main.java:155)
	at Audiveris.main(Audiveris.java:49)
2017-10-06 15:45:22,021 INFO [91387848]        ScoreExporter.java:93   | Score 91387848.mvt2 exported to /Users/stephenn/Documents/workspace/nlsomr/xml_out/91386487/91387848/91387848.mvt2.mxl
2017-10-06 15:45:22,183 INFO [91387848]            BasicBook.java:1395 | Stored /book.xml
2017-10-06 15:45:22,184 INFO [91387848]            BasicBook.java:1355 | Book stored as /Users/stephenn/Documents/workspace/nlsomr/xml_out/91386487/91387848/91387848.omr
