2017-10-06 16:09:07,905 INFO [91388172]            BasicBook.java:427  | 1 sheet in /Users/stephenn/Documents/workspace/nlsomr/working/91388172.jpg
2017-10-06 16:09:08,054 INFO []            BasicBook.java:1395 | Stored /book.xml
2017-10-06 16:09:08,054 INFO []            BasicBook.java:1355 | Book stored as /Users/stephenn/Documents/workspace/nlsomr/xml_out/91386487/91388172/91388172.omr
2017-10-06 16:09:08,063 INFO []            BasicBook.java:996  | Book reaching PAGE on sheets:[#1]
2017-10-06 16:09:08,065 INFO [91388172]       StepMonitoring.java:96   | LOAD
2017-10-06 16:09:08,223 INFO [91388172]            BasicBook.java:911  | Loaded image 1 2000x3056 from /Users/stephenn/Documents/workspace/nlsomr/working/91388172.jpg
2017-10-06 16:09:08,227 INFO [91388172]            ImageUtil.java:82   | Converting max RGB to gray ...
2017-10-06 16:09:08,464 INFO [91388172]            BasicBook.java:1395 | Stored /book.xml
2017-10-06 16:09:08,803 INFO [91388172]           BasicSheet.java:979  | Stored /sheet#1/sheet#1.xml
2017-10-06 16:09:08,805 INFO [91388172]       StepMonitoring.java:96   | BINARY
2017-10-06 16:09:09,405 INFO [91388172]            BasicBook.java:1395 | Stored /book.xml
2017-10-06 16:09:09,768 INFO [91388172]              Picture.java:786  | Stored /sheet#1/BINARY.xml
2017-10-06 16:09:09,769 INFO [91388172]           BasicSheet.java:979  | Stored /sheet#1/sheet#1.xml
2017-10-06 16:09:09,771 INFO [91388172]       StepMonitoring.java:96   | SCALE
2017-10-06 16:09:09,813 INFO [91388172]            ScaleStep.java:87   | Scale{line(3,5,6) interline(16,16,17) beam(13)}
2017-10-06 16:09:09,816 INFO [91388172]            BasicBook.java:1395 | Stored /book.xml
2017-10-06 16:09:09,818 INFO [91388172]           BasicSheet.java:979  | Stored /sheet#1/sheet#1.xml
2017-10-06 16:09:09,821 INFO [91388172]       StepMonitoring.java:96   | GRID
2017-10-06 16:09:10,863 INFO [91388172]       LinesRetriever.java:442  | Global slope: -0.00173
2017-10-06 16:09:10,957 INFO [91388172]    ClustersRetriever.java:241  | Retrieved line clusters: 12 of size: 5 with interline: (16,16,17)
2017-10-06 16:09:11,957 INFO [91388172]            PeakGraph.java:181  | Systems: #1[1, 2] #2[3, 4] #3[5, 6] #4[7, 8] #5[9, 10] #6[11, 12]
2017-10-06 16:09:13,187 INFO [91388172]        SystemManager.java:626  | Indentation detected for system#3
2017-10-06 16:09:13,188 INFO [91388172]        SystemManager.java:671  | 2 pages found in sheet
2017-10-06 16:09:13,189 INFO [91388172]        SystemManager.java:709  | Page #1: 1 part along 2 systems
2017-10-06 16:09:13,190 INFO [91388172]        SystemManager.java:709  | Page #2: 1 part along 4 systems
2017-10-06 16:09:13,195 INFO [91388172]            BasicBook.java:1395 | Stored /book.xml
2017-10-06 16:09:13,488 INFO [91388172]           BasicSheet.java:979  | Stored /sheet#1/sheet#1.xml
2017-10-06 16:09:13,491 INFO [91388172]       StepMonitoring.java:96   | HEADERS
2017-10-06 16:09:13,898 INFO []          Nd4jBackend.java:194  | Loaded [CpuBackend] backend
2017-10-06 16:09:13,986 INFO []      NativeOpsHolder.java:49   | Number of threads used for NativeOps: 2
2017-10-06 16:09:14,690 INFO [] DefaultOpExecutioner.java:544  | Backend used: [CPU]; OS: [Mac OS X]
2017-10-06 16:09:14,691 INFO [] DefaultOpExecutioner.java:545  | Cores: [4]; Memory: [3.6GB];
2017-10-06 16:09:14,691 INFO [] DefaultOpExecutioner.java:546  | Blas vendor: [OPENBLAS]
2017-10-06 16:09:14,746 INFO []   AbstractClassifier.java:332  | Classifier data loaded from default uri jar:file:/Users/stephenn/Documents/workspace/audiveris/build/distributions/Audiveris/lib/audiveris.jar!/res/basic-classifier.zip
2017-10-06 16:09:16,721 WARN [91388172]          ClefBuilder.java:560  | Staff#4 no header clef.
2017-10-06 16:09:17,031 WARN [91388172]          ClefBuilder.java:560  | Staff#6 no header clef.
2017-10-06 16:09:17,369 WARN [91388172]          ClefBuilder.java:560  | Staff#10 no header clef.
2017-10-06 16:09:17,555 INFO [91388172]            BasicBook.java:1395 | Stored /book.xml
2017-10-06 16:09:17,918 INFO [91388172]           BasicSheet.java:979  | Stored /sheet#1/sheet#1.xml
2017-10-06 16:09:17,921 INFO [91388172]       StepMonitoring.java:96   | STEM_SEEDS
2017-10-06 16:09:17,979 INFO []   AbstractClassifier.java:332  | Classifier data loaded from default uri jar:file:/Users/stephenn/Documents/workspace/audiveris/build/distributions/Audiveris/lib/audiveris.jar!/res/deep-classifier.zip
2017-10-06 16:09:18,026 INFO [91388172]        StemSeedsStep.java:91   | stem(4 max:5)
2017-10-06 16:09:18,162 INFO [91388172]            BasicBook.java:1395 | Stored /book.xml
2017-10-06 16:09:18,510 INFO [91388172]           BasicSheet.java:979  | Stored /sheet#1/sheet#1.xml
2017-10-06 16:09:18,513 INFO [91388172]       StepMonitoring.java:96   | BEAMS
2017-10-06 16:09:23,894 INFO [91388172]            BeamsStep.java:89   | BeamDistance{count:2 mean:15.13 stdDev:0.29}
2017-10-06 16:09:23,897 INFO [91388172]            BasicBook.java:1395 | Stored /book.xml
2017-10-06 16:09:23,983 INFO [91388172]              Picture.java:786  | Stored /sheet#1/HEAD_SPOTS.xml
2017-10-06 16:09:24,495 INFO [91388172]           BasicSheet.java:979  | Stored /sheet#1/sheet#1.xml
2017-10-06 16:09:24,497 INFO [91388172]       StepMonitoring.java:96   | LEDGERS
2017-10-06 16:09:26,131 INFO [91388172]            BasicBook.java:1395 | Stored /book.xml
2017-10-06 16:09:26,710 INFO [91388172]           BasicSheet.java:979  | Stored /sheet#1/sheet#1.xml
2017-10-06 16:09:26,713 INFO [91388172]       StepMonitoring.java:96   | HEADS
2017-10-06 16:09:30,567 INFO [91388172]            BasicBook.java:1395 | Stored /book.xml
2017-10-06 16:09:32,218 INFO [91388172]           BasicSheet.java:979  | Stored /sheet#1/sheet#1.xml
2017-10-06 16:09:32,220 INFO [91388172]       StepMonitoring.java:96   | STEMS
2017-10-06 16:09:37,360 INFO [91388172]            BasicBook.java:1395 | Stored /book.xml
2017-10-06 16:09:39,613 INFO [91388172]           BasicSheet.java:979  | Stored /sheet#1/sheet#1.xml
2017-10-06 16:09:39,618 INFO [91388172]       StepMonitoring.java:96   | REDUCTION
2017-10-06 16:09:41,453 INFO [91388172]            BasicBook.java:1395 | Stored /book.xml
2017-10-06 16:09:42,863 INFO [91388172]           BasicSheet.java:979  | Stored /sheet#1/sheet#1.xml
2017-10-06 16:09:42,867 INFO [91388172]       StepMonitoring.java:96   | CUE_BEAMS
2017-10-06 16:09:42,884 INFO [91388172]            BasicBook.java:1395 | Stored /book.xml
2017-10-06 16:09:44,324 INFO [91388172]           BasicSheet.java:979  | Stored /sheet#1/sheet#1.xml
2017-10-06 16:09:44,330 INFO [91388172]       StepMonitoring.java:96   | TEXTS
2017-10-06 16:09:46,839 INFO [91388172]            BasicBook.java:1395 | Stored /book.xml
2017-10-06 16:09:48,478 INFO [91388172]           BasicSheet.java:979  | Stored /sheet#1/sheet#1.xml
2017-10-06 16:09:48,481 INFO [91388172]       StepMonitoring.java:96   | MEASURES
2017-10-06 16:09:48,486 INFO [91388172]                 Page.java:210  | 9 raw measures: [5 in system#1, 4 in system#2]
2017-10-06 16:09:48,487 INFO [91388172]                 Page.java:210  | 16 raw measures: [4 in system#3, 4 in system#4, 4 in system#5, 4 in system#6]
2017-10-06 16:09:48,489 INFO [91388172]            BasicBook.java:1395 | Stored /book.xml
2017-10-06 16:09:50,019 INFO [91388172]           BasicSheet.java:979  | Stored /sheet#1/sheet#1.xml
2017-10-06 16:09:50,022 INFO [91388172]       StepMonitoring.java:96   | CHORDS
2017-10-06 16:09:50,042 INFO [91388172]            BasicBook.java:1395 | Stored /book.xml
2017-10-06 16:09:51,567 INFO [91388172]           BasicSheet.java:979  | Stored /sheet#1/sheet#1.xml
2017-10-06 16:09:51,569 INFO [91388172]       StepMonitoring.java:96   | CURVES
2017-10-06 16:09:53,867 INFO [91388172]         SlursBuilder.java:762  | LEFT collision SlurInter{#9697(0.615)} & SlurInter{#9708(0.460)} @ HeadInter{#4837(0.451/0.679) e#9449 s:7 p:4.00 NOTEHEAD_BLACK_SMALL}
2017-10-06 16:09:53,868 INFO [91388172]         SlursBuilder.java:762  | RIGHT collision SlurInter{#9697(0.615)} & SlurInter{#9708(0.460)} @ HeadInter{#5128(0.602/0.689) e#9451 s:7 p:7.00 NOTEHEAD_BLACK}
2017-10-06 16:09:53,868 INFO [91388172]         SlursBuilder.java:762  | LEFT collision SlurInter{#9708(0.460)} & SlurInter{#9697(0.615)} @ HeadInter{#4837(0.451/0.679) e#9449 s:7 p:4.00 NOTEHEAD_BLACK_SMALL}
2017-10-06 16:09:53,869 INFO [91388172]         SlursBuilder.java:762  | RIGHT collision SlurInter{#9708(0.460)} & SlurInter{#9697(0.615)} @ HeadInter{#5128(0.602/0.689) e#9451 s:7 p:7.00 NOTEHEAD_BLACK}
2017-10-06 16:09:53,869 INFO [91388172]         SlursBuilder.java:762  | RIGHT collision SlurInter{#9867(0.226)} & SlurInter{#9913(0.503)} @ HeadInter{#8009(0.660/0.822) e#9608 s:11 p:7.00 NOTEHEAD_BLACK}
2017-10-06 16:09:53,872 INFO [91388172]         SlursBuilder.java:762  | RIGHT collision SlurInter{#9913(0.503)} & SlurInter{#9867(0.226)} @ HeadInter{#8009(0.660/0.822) e#9608 s:11 p:7.00 NOTEHEAD_BLACK}
2017-10-06 16:09:53,874 INFO [91388172]         SlursBuilder.java:157  | Slurs: 29
2017-10-06 16:09:54,003 INFO [91388172]      SegmentsBuilder.java:113  | Segments: 41
2017-10-06 16:09:54,011 INFO [91388172]            BasicBook.java:1395 | Stored /book.xml
2017-10-06 16:09:55,884 INFO [91388172]           BasicSheet.java:979  | Stored /sheet#1/sheet#1.xml
2017-10-06 16:09:55,888 INFO [91388172]       StepMonitoring.java:96   | SYMBOLS
2017-10-06 16:09:58,175 INFO [91388172]       SymbolsBuilder.java:340  | Symbol parts shrunk from 13 to 7
2017-10-06 16:09:58,625 INFO [91388172]       SymbolsBuilder.java:340  | Symbol parts shrunk from 13 to 7
2017-10-06 16:10:00,849 INFO [91388172]            BasicBook.java:1395 | Stored /book.xml
2017-10-06 16:10:02,810 INFO [91388172]           BasicSheet.java:979  | Stored /sheet#1/sheet#1.xml
2017-10-06 16:10:02,812 INFO [91388172]       StepMonitoring.java:96   | LINKS
2017-10-06 16:10:02,815 INFO [91388172]        SymbolsLinker.java:323  | No chord above direction SentenceInter{#9185(0.594) s:2 BIS-38 Direction} doles e doloroso
2017-10-06 16:10:02,862 ERROR [91388172]              Measure.java:1210 | Attempt to use removeInter() with SmallChordInter{#9449(0.593/0.593) dur:1/8}
2017-10-06 16:10:02,901 INFO [91388172]            BasicBook.java:1395 | Stored /book.xml
2017-10-06 16:10:04,987 INFO [91388172]           BasicSheet.java:979  | Stored /sheet#1/sheet#1.xml
2017-10-06 16:10:04,992 INFO [91388172]       StepMonitoring.java:96   | RHYTHMS
2017-10-06 16:10:05,005 INFO [91388172]         SlotsBuilder.java:399  | Stack#2 suspicious Slot{#4 xOffset=194 timeOffset=3/8 incomings=[#9273#9296]}
2017-10-06 16:10:05,025 INFO [91388172]           PageRhythm.java:314  | Range{1-9} Durations avgGuess:3/4 topGuess:3/4 avgValue:0.77 stacks:9 voices:21 Histogram{1/4-1 size:8 [1/4=3 5/16=1 3/8=4 1/2=1 5/8=1 3/4=7 13/16=2 1=2]}
2017-10-06 16:10:05,026 INFO [91388172]           PageRhythm.java:221  | S1 Range{1-9 dur:3/4} should update to 3/4-based time sig?
2017-10-06 16:10:05,030 INFO [91388172]         SlotsBuilder.java:434  | Stack#2 endless loop detected
2017-10-06 16:10:05,032 INFO [91388172]                Voice.java:257  | S1 MeasureStack#3 Voice #1 too long 1/4
2017-10-06 16:10:05,033 INFO [91388172]                Voice.java:257  | S1 MeasureStack#3 Voice #3 too long 1/4
2017-10-06 16:10:05,033 INFO [91388172]           StackTuner.java:92   | S1 MeasureStack#3 no correct rhythm
2017-10-06 16:10:05,035 INFO [91388172]         SlotsBuilder.java:427  | S1 MeasureStack#4 Slot{#4 xOffset=120 timeOffset=5/16 incomings=[#9306] SUSPICIOUS}
2017-10-06 16:10:05,036 INFO [91388172]         SlotsBuilder.java:427  | S1 MeasureStack#4 Slot{#6 xOffset=164 timeOffset=7/16 incomings=[#9307] SUSPICIOUS}
2017-10-06 16:10:05,037 INFO [91388172]                Voice.java:257  | S1 MeasureStack#4 Voice #1 too long 1/16
2017-10-06 16:10:05,037 INFO [91388172]                Voice.java:257  | S1 MeasureStack#4 Voice #2 too long 1/16
2017-10-06 16:10:05,037 INFO [91388172]           StackTuner.java:92   | S1 MeasureStack#4 no correct rhythm
2017-10-06 16:10:05,039 INFO [91388172]                Voice.java:257  | S1 MeasureStack#5 Voice #1 too long 1/16
2017-10-06 16:10:05,040 INFO [91388172]                Voice.java:257  | S1 MeasureStack#5 Voice #2 too long 1/16
2017-10-06 16:10:05,040 INFO [91388172]           StackTuner.java:92   | S1 MeasureStack#5 no correct rhythm
2017-10-06 16:10:05,042 INFO [91388172]         SlotsBuilder.java:427  | S2 MeasureStack#6 Slot{#4 xOffset=327 timeOffset=3/8 incomings=[#9336] SUSPICIOUS}
2017-10-06 16:10:05,043 INFO [91388172]         SlotsBuilder.java:427  | S2 MeasureStack#6 Slot{#6 xOffset=386 timeOffset=1/2 incomings=[#9337] SUSPICIOUS}
2017-10-06 16:10:05,044 INFO [91388172]         SlotsBuilder.java:427  | S2 MeasureStack#6 Slot{#8 xOffset=447 timeOffset=5/8 incomings=[#9338] SUSPICIOUS}
2017-10-06 16:10:05,044 INFO [91388172]         SlotsBuilder.java:427  | S2 MeasureStack#6 Slot{#10 xOffset=503 timeOffset=3/4 incomings=[#9339] SUSPICIOUS}
2017-10-06 16:10:05,045 INFO [91388172]                Voice.java:257  | S2 MeasureStack#6 Voice #2 too long 1/8
2017-10-06 16:10:05,046 INFO [91388172]           StackTuner.java:92   | S2 MeasureStack#6 no correct rhythm
2017-10-06 16:10:05,077 INFO [91388172]         SlotsBuilder.java:399  | Stack#9 suspicious Slot{#3 xOffset=251 timeOffset=1/4 incomings=[#9491]}
2017-10-06 16:10:05,087 INFO [91388172]         SlotsBuilder.java:399  | Stack#11 suspicious Slot{#4 xOffset=113 timeOffset=1/2 incomings=[#9515]}
2017-10-06 16:10:05,102 INFO [91388172]           PageRhythm.java:314  | Range{1-16} Durations avgGuess:1 topGuess:1 avgValue:0.93 stacks:16 voices:49 Histogram{1/4-5/2 size:13 [1/4=2 5/16=1 3/8=1 1/2=5 5/8=4 11/16=1 3/4=3 13/16=1 15/16=1 1=15 5/4=10 2=3 5/2=2]}
2017-10-06 16:10:05,103 INFO [91388172]           PageRhythm.java:221  | S3 Range{1-16 dur:1} should update to 1-based time sig?
2017-10-06 16:10:05,107 INFO [91388172]                Voice.java:257  | S3 MeasureStack#1 Voice #1 too long 1
2017-10-06 16:10:05,108 INFO [91388172]                Voice.java:257  | S3 MeasureStack#1 Voice #2 too long 1
2017-10-06 16:10:05,108 INFO [91388172]                Voice.java:257  | S3 MeasureStack#1 Voice #3 too long 1
2017-10-06 16:10:05,109 INFO [91388172]           StackTuner.java:92   | S3 MeasureStack#1 no correct rhythm
2017-10-06 16:10:05,111 INFO [91388172]                Voice.java:257  | S3 MeasureStack#2 Voice #1 too long 1/4
2017-10-06 16:10:05,112 INFO [91388172]                Voice.java:257  | S3 MeasureStack#2 Voice #2 too long 1/4
2017-10-06 16:10:05,112 INFO [91388172]                Voice.java:257  | S3 MeasureStack#2 Voice #3 too long 1/4
2017-10-06 16:10:05,112 INFO [91388172]           StackTuner.java:92   | S3 MeasureStack#2 no correct rhythm
2017-10-06 16:10:05,117 INFO [91388172]         SlotsBuilder.java:427  | S3 MeasureStack#4 Slot{#6 xOffset=167 timeOffset=5/8 incomings=[#9369] SUSPICIOUS}
2017-10-06 16:10:05,117 INFO [91388172]         SlotsBuilder.java:427  | S3 MeasureStack#4 Slot{#9 xOffset=233 timeOffset=7/8 incomings=[#9370] SUSPICIOUS}
2017-10-06 16:10:05,118 INFO [91388172]                Voice.java:257  | S3 MeasureStack#4 Voice #1 too long 1/8
2017-10-06 16:10:05,118 INFO [91388172]                Voice.java:257  | S3 MeasureStack#4 Voice #2 too long 1/16
2017-10-06 16:10:05,119 INFO [91388172]                Voice.java:257  | S3 MeasureStack#4 Voice #4 too long 1/16
2017-10-06 16:10:05,119 INFO [91388172]           StackTuner.java:92   | S3 MeasureStack#4 no correct rhythm
2017-10-06 16:10:05,125 INFO [91388172]         SlotsBuilder.java:427  | S4 MeasureStack#7 Slot{#4 xOffset=116 timeOffset=5/16 incomings=[#9436] SUSPICIOUS}
2017-10-06 16:10:05,127 INFO [91388172]                Voice.java:257  | S4 MeasureStack#7 Voice #1 too long 5/16
2017-10-06 16:10:05,127 INFO [91388172]                Voice.java:257  | S4 MeasureStack#7 Voice #2 too long 5/16
2017-10-06 16:10:05,127 INFO [91388172]                Voice.java:257  | S4 MeasureStack#7 Voice #3 too long 5/16
2017-10-06 16:10:05,127 INFO [91388172]                Voice.java:257  | S4 MeasureStack#7 Voice #4 too long 5/16
2017-10-06 16:10:05,128 INFO [91388172]           StackTuner.java:92   | S4 MeasureStack#7 no correct rhythm
2017-10-06 16:10:05,129 INFO [91388172]         SlotsBuilder.java:427  | S4 MeasureStack#8 Slot{#5 xOffset=225 timeOffset=1/2 incomings=[#9487] SUSPICIOUS}
2017-10-06 16:10:05,130 INFO [91388172]                Voice.java:257  | S4 MeasureStack#8 Voice #2 too long 1/8
2017-10-06 16:10:05,130 INFO [91388172]                Voice.java:257  | S4 MeasureStack#8 Voice #3 too long 1/8
2017-10-06 16:10:05,131 INFO [91388172]           StackTuner.java:92   | S4 MeasureStack#8 no correct rhythm
2017-10-06 16:10:05,138 INFO [91388172]         SlotsBuilder.java:427  | S5 MeasureStack#10 Slot{#6 xOffset=155 timeOffset=15/16 incomings=[#9546] SUSPICIOUS}
2017-10-06 16:10:05,139 INFO [91388172]         SlotsBuilder.java:434  | Stack#10 endless loop detected
2017-10-06 16:10:05,139 INFO [91388172]                Voice.java:257  | S5 MeasureStack#10 Voice #1 too long 1/4
2017-10-06 16:10:05,139 INFO [91388172]                Voice.java:257  | S5 MeasureStack#10 Voice #2 too long 3/16
2017-10-06 16:10:05,140 INFO [91388172]                Voice.java:257  | S5 MeasureStack#10 Voice #3 too long 5/16
2017-10-06 16:10:05,140 INFO [91388172]           StackTuner.java:92   | S5 MeasureStack#10 no correct rhythm
2017-10-06 16:10:05,143 INFO [91388172]         SlotsBuilder.java:434  | Stack#11 endless loop detected
2017-10-06 16:10:05,146 INFO [91388172]                Voice.java:257  | S5 MeasureStack#12 Voice #1 too long 1/4
2017-10-06 16:10:05,147 INFO [91388172]                Voice.java:257  | S5 MeasureStack#12 Voice #2 too long 1/4
2017-10-06 16:10:05,147 INFO [91388172]                Voice.java:257  | S5 MeasureStack#12 Voice #3 too long 1/4
2017-10-06 16:10:05,147 INFO [91388172]           StackTuner.java:92   | S5 MeasureStack#12 no correct rhythm
2017-10-06 16:10:05,155 INFO [91388172]                Voice.java:257  | S6 MeasureStack#15 Voice #1 too long 1/4
2017-10-06 16:10:05,155 INFO [91388172]                Voice.java:257  | S6 MeasureStack#15 Voice #2 too long 1/4
2017-10-06 16:10:05,156 INFO [91388172]                Voice.java:257  | S6 MeasureStack#15 Voice #3 too long 1/4
2017-10-06 16:10:05,160 INFO [91388172]                Voice.java:257  | S6 MeasureStack#15 Voice #4 too long 1/4
2017-10-06 16:10:05,160 INFO [91388172]           StackTuner.java:92   | S6 MeasureStack#15 no correct rhythm
2017-10-06 16:10:05,162 INFO [91388172]                Voice.java:257  | S6 MeasureStack#16 Voice #1 too long 3/2
2017-10-06 16:10:05,162 INFO [91388172]                Voice.java:257  | S6 MeasureStack#16 Voice #2 too long 3/2
2017-10-06 16:10:05,162 INFO [91388172]           StackTuner.java:92   | S6 MeasureStack#16 no correct rhythm
2017-10-06 16:10:05,165 INFO [91388172]            BasicBook.java:1395 | Stored /book.xml
2017-10-06 16:10:07,552 INFO [91388172]           BasicSheet.java:979  | Stored /sheet#1/sheet#1.xml
2017-10-06 16:10:07,561 INFO [91388172]       StepMonitoring.java:96   | PAGE
2017-10-06 16:10:07,567 INFO [91388172]                Voice.java:257  | S1 MeasureStack#3 Voice #1 too long 1/4
2017-10-06 16:10:07,568 INFO [91388172]                Voice.java:257  | S1 MeasureStack#3 Voice #3 too long 1/4
2017-10-06 16:10:07,569 INFO [91388172]                Voice.java:257  | S1 MeasureStack#4 Voice #1 too long 1/16
2017-10-06 16:10:07,569 INFO [91388172]                Voice.java:257  | S1 MeasureStack#4 Voice #2 too long 1/16
2017-10-06 16:10:07,569 INFO [91388172]                Voice.java:257  | S1 MeasureStack#5 Voice #1 too long 1/16
2017-10-06 16:10:07,569 INFO [91388172]                Voice.java:257  | S1 MeasureStack#5 Voice #2 too long 1/16
2017-10-06 16:10:07,570 INFO [91388172]                Voice.java:257  | S2 MeasureStack#6 Voice #2 too long 1/8
2017-10-06 16:10:07,571 INFO [91388172]                 Part.java:267  | Could not left-connect slur#9648
2017-10-06 16:10:07,572 INFO [91388172]                 Part.java:267  | Could not left-connect slur#9979
2017-10-06 16:10:07,572 INFO [91388172]                Voice.java:257  | S3 MeasureStack#1 Voice #1 too long 1
2017-10-06 16:10:07,572 INFO [91388172]                Voice.java:257  | S3 MeasureStack#1 Voice #2 too long 1
2017-10-06 16:10:07,572 INFO [91388172]                Voice.java:257  | S3 MeasureStack#1 Voice #3 too long 1
2017-10-06 16:10:07,573 INFO [91388172]                Voice.java:257  | S3 MeasureStack#2 Voice #1 too long 1/4
2017-10-06 16:10:07,574 INFO [91388172]                Voice.java:257  | S3 MeasureStack#2 Voice #2 too long 1/4
2017-10-06 16:10:07,574 INFO [91388172]                Voice.java:257  | S3 MeasureStack#2 Voice #3 too long 1/4
2017-10-06 16:10:07,574 INFO [91388172]                Voice.java:257  | S3 MeasureStack#4 Voice #1 too long 1/8
2017-10-06 16:10:07,574 INFO [91388172]                Voice.java:257  | S3 MeasureStack#4 Voice #2 too long 1/16
2017-10-06 16:10:07,575 INFO [91388172]                Voice.java:257  | S3 MeasureStack#4 Voice #4 too long 1/16
2017-10-06 16:10:07,575 INFO [91388172]                Voice.java:257  | S4 MeasureStack#7 Voice #1 too long 5/16
2017-10-06 16:10:07,575 INFO [91388172]                Voice.java:257  | S4 MeasureStack#7 Voice #2 too long 5/16
2017-10-06 16:10:07,576 INFO [91388172]                Voice.java:257  | S4 MeasureStack#7 Voice #3 too long 5/16
2017-10-06 16:10:07,576 INFO [91388172]                Voice.java:257  | S4 MeasureStack#7 Voice #4 too long 5/16
2017-10-06 16:10:07,576 INFO [91388172]                Voice.java:257  | S4 MeasureStack#8 Voice #2 too long 1/8
2017-10-06 16:10:07,576 INFO [91388172]                Voice.java:257  | S4 MeasureStack#8 Voice #3 too long 1/8
2017-10-06 16:10:07,577 INFO [91388172]                Voice.java:257  | S5 MeasureStack#10 Voice #1 too long 1/4
2017-10-06 16:10:07,577 INFO [91388172]                Voice.java:257  | S5 MeasureStack#10 Voice #2 too long 3/16
2017-10-06 16:10:07,577 INFO [91388172]                Voice.java:257  | S5 MeasureStack#10 Voice #3 too long 5/16
2017-10-06 16:10:07,577 INFO [91388172]                Voice.java:257  | S5 MeasureStack#12 Voice #1 too long 1/4
2017-10-06 16:10:07,578 INFO [91388172]                Voice.java:257  | S5 MeasureStack#12 Voice #2 too long 1/4
2017-10-06 16:10:07,578 INFO [91388172]                Voice.java:257  | S5 MeasureStack#12 Voice #3 too long 1/4
2017-10-06 16:10:07,578 INFO [91388172]                Voice.java:257  | S6 MeasureStack#15 Voice #1 too long 1/4
2017-10-06 16:10:07,578 INFO [91388172]                Voice.java:257  | S6 MeasureStack#15 Voice #2 too long 1/4
2017-10-06 16:10:07,579 INFO [91388172]                Voice.java:257  | S6 MeasureStack#15 Voice #3 too long 1/4
2017-10-06 16:10:07,580 INFO [91388172]                Voice.java:257  | S6 MeasureStack#15 Voice #4 too long 1/4
2017-10-06 16:10:07,582 INFO [91388172]                Voice.java:257  | S6 MeasureStack#16 Voice #1 too long 3/2
2017-10-06 16:10:07,582 INFO [91388172]                Voice.java:257  | S6 MeasureStack#16 Voice #2 too long 3/2
2017-10-06 16:10:07,584 INFO [91388172]            BasicBook.java:1395 | Stored /book.xml
2017-10-06 16:10:09,631 INFO [91388172]           BasicSheet.java:979  | Stored /sheet#1/sheet#1.xml
2017-10-06 16:10:09,634 INFO [91388172]            BasicStub.java:723  | Sheet{91388172} disposed
2017-10-06 16:10:11,026 WARN [91388172]              SIGraph.java:192  | Error in class org.audiveris.omr.sig.SIGraph afterReload() java.lang.ClassCastException: org.audiveris.omr.sig.inter.SmallChordInter cannot be cast to org.audiveris.omr.sig.inter.HeadChordInter
java.lang.ClassCastException: org.audiveris.omr.sig.inter.SmallChordInter cannot be cast to org.audiveris.omr.sig.inter.HeadChordInter
	at org.audiveris.omr.sig.inter.ArticulationInter.getStaff(ArticulationInter.java:102)
	at org.audiveris.omr.sheet.Staff$StaffHolder.checkStaffHolder(Staff.java:1804)
	at org.audiveris.omr.sig.SIGraph.afterReload(SIGraph.java:189)
	at org.audiveris.omr.sheet.SystemInfo.afterReload(SystemInfo.java:257)
	at org.audiveris.omr.sheet.BasicSheet.afterReload(BasicSheet.java:327)
	at org.audiveris.omr.sheet.BasicStub.getSheet(BasicStub.java:448)
	at org.audiveris.omr.sheet.BasicStub.getSheet(BasicStub.java:86)
	at org.audiveris.omr.score.Score.getPage(Score.java:608)
	at org.audiveris.omr.score.Score.getPages(Score.java:380)
	at org.audiveris.omr.score.ScoreReduction.<init>(ScoreReduction.java:94)
	at org.audiveris.omr.sheet.BasicBook.reduceScores(BasicBook.java:1109)
	at org.audiveris.omr.sheet.BasicBook.transcribe(BasicBook.java:1448)
	at org.audiveris.omr.sheet.BasicBook.export(BasicBook.java:558)
	at org.audiveris.omr.CLI$ProcessingTask.processBook(CLI.java:785)
	at org.audiveris.omr.CLI$CliTask.call(CLI.java:344)
	at org.audiveris.omr.Main.runBatchTasks(Main.java:316)
	at org.audiveris.omr.Main.main(Main.java:155)
	at Audiveris.main(Audiveris.java:49)
2017-10-06 16:10:11,034 INFO [91388172]            BasicStub.java:449  | Loaded /sheet#1/sheet#1.xml
2017-10-06 16:10:11,035 INFO [91388172]            BasicBook.java:1133 | Scores built: 2
2017-10-06 16:10:12,138 WARN [91388172]      PartwiseBuilder.java:1379 | Error visiting null
java.lang.NullPointerException: null
	at org.audiveris.omr.score.PartwiseBuilder.processKey(PartwiseBuilder.java:1344)
	at org.audiveris.omr.score.PartwiseBuilder.processKeys(PartwiseBuilder.java:1407)
	at org.audiveris.omr.score.PartwiseBuilder.processMeasure(PartwiseBuilder.java:1575)
	at org.audiveris.omr.score.PartwiseBuilder.processPart(PartwiseBuilder.java:1988)
	at org.audiveris.omr.score.PartwiseBuilder.processSystem(PartwiseBuilder.java:2528)
	at org.audiveris.omr.score.PartwiseBuilder.processLogicalPart(PartwiseBuilder.java:1433)
	at org.audiveris.omr.score.PartwiseBuilder.processStub(PartwiseBuilder.java:2483)
	at org.audiveris.omr.score.PartwiseBuilder.processPartList(PartwiseBuilder.java:2017)
	at org.audiveris.omr.score.PartwiseBuilder.processScore(PartwiseBuilder.java:2195)
	at org.audiveris.omr.score.PartwiseBuilder.build(PartwiseBuilder.java:307)
	at org.audiveris.omr.score.ScoreExporter.export(ScoreExporter.java:117)
	at org.audiveris.omr.score.ScoreExporter.export(ScoreExporter.java:91)
	at org.audiveris.omr.sheet.BasicBook.export(BasicBook.java:589)
	at org.audiveris.omr.CLI$ProcessingTask.processBook(CLI.java:785)
	at org.audiveris.omr.CLI$CliTask.call(CLI.java:344)
	at org.audiveris.omr.Main.runBatchTasks(Main.java:316)
	at org.audiveris.omr.Main.main(Main.java:155)
	at Audiveris.main(Audiveris.java:49)
2017-10-06 16:10:12,186 INFO [91388172]        ScoreExporter.java:93   | Score 91388172.mvt1 exported to /Users/stephenn/Documents/workspace/nlsomr/xml_out/91386487/91388172/91388172.mvt1.mxl
2017-10-06 16:10:12,188 WARN [91388172]      PartwiseBuilder.java:1379 | Error visiting null
java.lang.NullPointerException: null
	at org.audiveris.omr.score.PartwiseBuilder.processKey(PartwiseBuilder.java:1344)
	at org.audiveris.omr.score.PartwiseBuilder.processKeys(PartwiseBuilder.java:1407)
	at org.audiveris.omr.score.PartwiseBuilder.processMeasure(PartwiseBuilder.java:1575)
	at org.audiveris.omr.score.PartwiseBuilder.processPart(PartwiseBuilder.java:1988)
	at org.audiveris.omr.score.PartwiseBuilder.processSystem(PartwiseBuilder.java:2528)
	at org.audiveris.omr.score.PartwiseBuilder.processLogicalPart(PartwiseBuilder.java:1433)
	at org.audiveris.omr.score.PartwiseBuilder.processStub(PartwiseBuilder.java:2483)
	at org.audiveris.omr.score.PartwiseBuilder.processPartList(PartwiseBuilder.java:2017)
	at org.audiveris.omr.score.PartwiseBuilder.processScore(PartwiseBuilder.java:2195)
	at org.audiveris.omr.score.PartwiseBuilder.build(PartwiseBuilder.java:307)
	at org.audiveris.omr.score.ScoreExporter.export(ScoreExporter.java:117)
	at org.audiveris.omr.score.ScoreExporter.export(ScoreExporter.java:91)
	at org.audiveris.omr.sheet.BasicBook.export(BasicBook.java:589)
	at org.audiveris.omr.CLI$ProcessingTask.processBook(CLI.java:785)
	at org.audiveris.omr.CLI$CliTask.call(CLI.java:344)
	at org.audiveris.omr.Main.runBatchTasks(Main.java:316)
	at org.audiveris.omr.Main.main(Main.java:155)
	at Audiveris.main(Audiveris.java:49)
2017-10-06 16:10:12,202 WARN [91388172]      PartwiseBuilder.java:1379 | Error visiting null
java.lang.NullPointerException: null
	at org.audiveris.omr.score.PartwiseBuilder.processKey(PartwiseBuilder.java:1344)
	at org.audiveris.omr.score.PartwiseBuilder.processKeys(PartwiseBuilder.java:1407)
	at org.audiveris.omr.score.PartwiseBuilder.processMeasure(PartwiseBuilder.java:1575)
	at org.audiveris.omr.score.PartwiseBuilder.processPart(PartwiseBuilder.java:1988)
	at org.audiveris.omr.score.PartwiseBuilder.processSystem(PartwiseBuilder.java:2528)
	at org.audiveris.omr.score.PartwiseBuilder.processLogicalPart(PartwiseBuilder.java:1433)
	at org.audiveris.omr.score.PartwiseBuilder.processStub(PartwiseBuilder.java:2483)
	at org.audiveris.omr.score.PartwiseBuilder.processPartList(PartwiseBuilder.java:2017)
	at org.audiveris.omr.score.PartwiseBuilder.processScore(PartwiseBuilder.java:2195)
	at org.audiveris.omr.score.PartwiseBuilder.build(PartwiseBuilder.java:307)
	at org.audiveris.omr.score.ScoreExporter.export(ScoreExporter.java:117)
	at org.audiveris.omr.score.ScoreExporter.export(ScoreExporter.java:91)
	at org.audiveris.omr.sheet.BasicBook.export(BasicBook.java:589)
	at org.audiveris.omr.CLI$ProcessingTask.processBook(CLI.java:785)
	at org.audiveris.omr.CLI$CliTask.call(CLI.java:344)
	at org.audiveris.omr.Main.runBatchTasks(Main.java:316)
	at org.audiveris.omr.Main.main(Main.java:155)
	at Audiveris.main(Audiveris.java:49)
2017-10-06 16:10:12,214 WARN [91388172]      PartwiseBuilder.java:1970 | Error visiting HeadInter{#8301(0.423/0.652) e#9639 s:12 p:3.00 NOTEHEAD_BLACK_SMALL}
java.lang.NullPointerException: null
	at org.audiveris.omr.sig.inter.AbstractNoteInter.getStep(AbstractNoteInter.java:256)
	at org.audiveris.omr.score.PartwiseBuilder.processNote(PartwiseBuilder.java:1796)
	at org.audiveris.omr.score.PartwiseBuilder.processChord(PartwiseBuilder.java:1056)
	at org.audiveris.omr.score.PartwiseBuilder.processMeasure(PartwiseBuilder.java:1639)
	at org.audiveris.omr.score.PartwiseBuilder.processPart(PartwiseBuilder.java:1988)
	at org.audiveris.omr.score.PartwiseBuilder.processSystem(PartwiseBuilder.java:2528)
	at org.audiveris.omr.score.PartwiseBuilder.processLogicalPart(PartwiseBuilder.java:1433)
	at org.audiveris.omr.score.PartwiseBuilder.processStub(PartwiseBuilder.java:2483)
	at org.audiveris.omr.score.PartwiseBuilder.processPartList(PartwiseBuilder.java:2017)
	at org.audiveris.omr.score.PartwiseBuilder.processScore(PartwiseBuilder.java:2195)
	at org.audiveris.omr.score.PartwiseBuilder.build(PartwiseBuilder.java:307)
	at org.audiveris.omr.score.ScoreExporter.export(ScoreExporter.java:117)
	at org.audiveris.omr.score.ScoreExporter.export(ScoreExporter.java:91)
	at org.audiveris.omr.sheet.BasicBook.export(BasicBook.java:589)
	at org.audiveris.omr.CLI$ProcessingTask.processBook(CLI.java:785)
	at org.audiveris.omr.CLI$CliTask.call(CLI.java:344)
	at org.audiveris.omr.Main.runBatchTasks(Main.java:316)
	at org.audiveris.omr.Main.main(Main.java:155)
	at Audiveris.main(Audiveris.java:49)
2017-10-06 16:10:12,216 WARN [91388172]      PartwiseBuilder.java:1970 | Error visiting HeadInter{#8235(0.316/0.562) e#9639 s:12 p:1.00 NOTEHEAD_BLACK_SMALL}
java.lang.NullPointerException: null
	at org.audiveris.omr.sig.inter.AbstractNoteInter.getStep(AbstractNoteInter.java:256)
	at org.audiveris.omr.score.PartwiseBuilder.processNote(PartwiseBuilder.java:1796)
	at org.audiveris.omr.score.PartwiseBuilder.processChord(PartwiseBuilder.java:1056)
	at org.audiveris.omr.score.PartwiseBuilder.processMeasure(PartwiseBuilder.java:1639)
	at org.audiveris.omr.score.PartwiseBuilder.processPart(PartwiseBuilder.java:1988)
	at org.audiveris.omr.score.PartwiseBuilder.processSystem(PartwiseBuilder.java:2528)
	at org.audiveris.omr.score.PartwiseBuilder.processLogicalPart(PartwiseBuilder.java:1433)
	at org.audiveris.omr.score.PartwiseBuilder.processStub(PartwiseBuilder.java:2483)
	at org.audiveris.omr.score.PartwiseBuilder.processPartList(PartwiseBuilder.java:2017)
	at org.audiveris.omr.score.PartwiseBuilder.processScore(PartwiseBuilder.java:2195)
	at org.audiveris.omr.score.PartwiseBuilder.build(PartwiseBuilder.java:307)
	at org.audiveris.omr.score.ScoreExporter.export(ScoreExporter.java:117)
	at org.audiveris.omr.score.ScoreExporter.export(ScoreExporter.java:91)
	at org.audiveris.omr.sheet.BasicBook.export(BasicBook.java:589)
	at org.audiveris.omr.CLI$ProcessingTask.processBook(CLI.java:785)
	at org.audiveris.omr.CLI$CliTask.call(CLI.java:344)
	at org.audiveris.omr.Main.runBatchTasks(Main.java:316)
	at org.audiveris.omr.Main.main(Main.java:155)
	at Audiveris.main(Audiveris.java:49)
2017-10-06 16:10:12,256 INFO [91388172]        ScoreExporter.java:93   | Score 91388172.mvt2 exported to /Users/stephenn/Documents/workspace/nlsomr/xml_out/91386487/91388172/91388172.mvt2.mxl
2017-10-06 16:10:12,467 INFO [91388172]            BasicBook.java:1395 | Stored /book.xml
2017-10-06 16:10:12,468 INFO [91388172]            BasicBook.java:1355 | Book stored as /Users/stephenn/Documents/workspace/nlsomr/xml_out/91386487/91388172/91388172.omr
