2017-10-06 15:14:32,248 INFO [91387440]            BasicBook.java:427  | 1 sheet in /Users/stephenn/Documents/workspace/nlsomr/working/91387440.jpg
2017-10-06 15:14:32,409 INFO []            BasicBook.java:1395 | Stored /book.xml
2017-10-06 15:14:32,410 INFO []            BasicBook.java:1355 | Book stored as /Users/stephenn/Documents/workspace/nlsomr/xml_out/91386487/91387440/91387440.omr
2017-10-06 15:14:32,415 INFO []            BasicBook.java:996  | Book reaching PAGE on sheets:[#1]
2017-10-06 15:14:32,417 INFO [91387440]       StepMonitoring.java:96   | LOAD
2017-10-06 15:14:32,567 INFO [91387440]            BasicBook.java:911  | Loaded image 1 2000x3056 from /Users/stephenn/Documents/workspace/nlsomr/working/91387440.jpg
2017-10-06 15:14:32,570 INFO [91387440]            ImageUtil.java:82   | Converting max RGB to gray ...
2017-10-06 15:14:32,811 INFO [91387440]            BasicBook.java:1395 | Stored /book.xml
2017-10-06 15:14:33,146 INFO [91387440]           BasicSheet.java:979  | Stored /sheet#1/sheet#1.xml
2017-10-06 15:14:33,147 INFO [91387440]       StepMonitoring.java:96   | BINARY
2017-10-06 15:14:33,727 INFO [91387440]            BasicBook.java:1395 | Stored /book.xml
2017-10-06 15:14:34,010 INFO [91387440]              Picture.java:786  | Stored /sheet#1/BINARY.xml
2017-10-06 15:14:34,011 INFO [91387440]           BasicSheet.java:979  | Stored /sheet#1/sheet#1.xml
2017-10-06 15:14:34,013 INFO [91387440]       StepMonitoring.java:96   | SCALE
2017-10-06 15:14:34,054 INFO [91387440]         ScaleBuilder.java:229  | No beam key found, guessed value 10
2017-10-06 15:14:34,055 INFO [91387440]            ScaleStep.java:87   | Scale{line(4,5,6) interline(16,16,17) beam(10 extra)}
2017-10-06 15:14:34,057 INFO [91387440]            BasicBook.java:1395 | Stored /book.xml
2017-10-06 15:14:34,059 INFO [91387440]           BasicSheet.java:979  | Stored /sheet#1/sheet#1.xml
2017-10-06 15:14:34,061 INFO [91387440]       StepMonitoring.java:96   | GRID
2017-10-06 15:14:34,825 INFO [91387440]       LinesRetriever.java:442  | Global slope: 0.00062
2017-10-06 15:14:34,911 INFO [91387440]    ClustersRetriever.java:241  | Retrieved line clusters: 10 of size: 5 with interline: (16,16,17)
2017-10-06 15:14:35,416 INFO [91387440]            PeakGraph.java:181  | Systems: #1[1, 2] #2[3, 4] #3[5, 6] #4[7, 8] #5[9, 10]
2017-10-06 15:14:36,324 INFO [91387440]        SystemManager.java:626  | Indentation detected for system#1
2017-10-06 15:14:36,325 INFO [91387440]        SystemManager.java:709  | 1 part along 5 systems
2017-10-06 15:14:36,329 INFO [91387440]            BasicBook.java:1395 | Stored /book.xml
2017-10-06 15:14:36,517 INFO [91387440]           BasicSheet.java:979  | Stored /sheet#1/sheet#1.xml
2017-10-06 15:14:36,519 INFO [91387440]       StepMonitoring.java:96   | HEADERS
2017-10-06 15:14:36,948 INFO []          Nd4jBackend.java:194  | Loaded [CpuBackend] backend
2017-10-06 15:14:37,016 INFO []      NativeOpsHolder.java:49   | Number of threads used for NativeOps: 2
2017-10-06 15:14:37,464 INFO [] DefaultOpExecutioner.java:544  | Backend used: [CPU]; OS: [Mac OS X]
2017-10-06 15:14:37,464 INFO [] DefaultOpExecutioner.java:545  | Cores: [4]; Memory: [3.6GB];
2017-10-06 15:14:37,465 INFO [] DefaultOpExecutioner.java:546  | Blas vendor: [OPENBLAS]
2017-10-06 15:14:37,505 INFO []   AbstractClassifier.java:332  | Classifier data loaded from default uri jar:file:/Users/stephenn/Documents/workspace/audiveris/build/distributions/Audiveris/lib/audiveris.jar!/res/basic-classifier.zip
2017-10-06 15:14:39,386 WARN [91387440]          ClefBuilder.java:560  | Staff#2 no header clef.
2017-10-06 15:14:40,276 WARN [91387440]          ClefBuilder.java:560  | Staff#8 no header clef.
2017-10-06 15:14:40,486 INFO [91387440]            BasicBook.java:1395 | Stored /book.xml
2017-10-06 15:14:40,774 INFO [91387440]           BasicSheet.java:979  | Stored /sheet#1/sheet#1.xml
2017-10-06 15:14:40,776 INFO [91387440]       StepMonitoring.java:96   | STEM_SEEDS
2017-10-06 15:14:40,890 INFO [91387440]        StemSeedsStep.java:91   | stem(4 max:5)
2017-10-06 15:14:41,021 INFO [91387440]            BasicBook.java:1395 | Stored /book.xml
2017-10-06 15:14:41,588 INFO []   AbstractClassifier.java:332  | Classifier data loaded from default uri jar:file:/Users/stephenn/Documents/workspace/audiveris/build/distributions/Audiveris/lib/audiveris.jar!/res/deep-classifier.zip
2017-10-06 15:14:41,607 INFO [91387440]           BasicSheet.java:979  | Stored /sheet#1/sheet#1.xml
2017-10-06 15:14:41,610 INFO [91387440]       StepMonitoring.java:96   | BEAMS
2017-10-06 15:14:45,205 INFO [91387440]            BeamsStep.java:89   | BeamDistance{count:10 mean:11.91 stdDev:6.29}
2017-10-06 15:14:45,208 INFO [91387440]            BasicBook.java:1395 | Stored /book.xml
2017-10-06 15:14:45,279 INFO [91387440]              Picture.java:786  | Stored /sheet#1/HEAD_SPOTS.xml
2017-10-06 15:14:45,652 INFO [91387440]           BasicSheet.java:979  | Stored /sheet#1/sheet#1.xml
2017-10-06 15:14:45,655 INFO [91387440]       StepMonitoring.java:96   | LEDGERS
2017-10-06 15:14:46,451 INFO [91387440]            BasicBook.java:1395 | Stored /book.xml
2017-10-06 15:14:46,881 INFO [91387440]           BasicSheet.java:979  | Stored /sheet#1/sheet#1.xml
2017-10-06 15:14:46,883 INFO [91387440]       StepMonitoring.java:96   | HEADS
2017-10-06 15:14:49,130 INFO [91387440]            BasicBook.java:1395 | Stored /book.xml
2017-10-06 15:14:49,819 INFO [91387440]           BasicSheet.java:979  | Stored /sheet#1/sheet#1.xml
2017-10-06 15:14:49,822 INFO [91387440]       StepMonitoring.java:96   | STEMS
2017-10-06 15:14:51,380 INFO [91387440]            BasicBook.java:1395 | Stored /book.xml
2017-10-06 15:14:52,554 INFO [91387440]           BasicSheet.java:979  | Stored /sheet#1/sheet#1.xml
2017-10-06 15:14:52,557 INFO [91387440]       StepMonitoring.java:96   | REDUCTION
2017-10-06 15:14:52,998 INFO [91387440]            BasicBook.java:1395 | Stored /book.xml
2017-10-06 15:14:53,688 INFO [91387440]           BasicSheet.java:979  | Stored /sheet#1/sheet#1.xml
2017-10-06 15:14:53,690 INFO [91387440]       StepMonitoring.java:96   | CUE_BEAMS
2017-10-06 15:14:53,693 INFO [91387440]            BasicBook.java:1395 | Stored /book.xml
2017-10-06 15:14:54,401 INFO [91387440]           BasicSheet.java:979  | Stored /sheet#1/sheet#1.xml
2017-10-06 15:14:54,403 INFO [91387440]       StepMonitoring.java:96   | TEXTS
2017-10-06 15:14:56,474 INFO [91387440]            BasicBook.java:1395 | Stored /book.xml
2017-10-06 15:14:57,107 INFO [91387440]           BasicSheet.java:979  | Stored /sheet#1/sheet#1.xml
2017-10-06 15:14:57,110 INFO [91387440]       StepMonitoring.java:96   | MEASURES
2017-10-06 15:14:57,114 INFO [91387440]                 Page.java:210  | 15 raw measures: [3 in system#1, 3 in system#2, 3 in system#3, 3 in system#4, 3 in system#5]
2017-10-06 15:14:57,115 INFO [91387440]            BasicBook.java:1395 | Stored /book.xml
2017-10-06 15:14:57,774 INFO [91387440]           BasicSheet.java:979  | Stored /sheet#1/sheet#1.xml
2017-10-06 15:14:57,776 INFO [91387440]       StepMonitoring.java:96   | CHORDS
2017-10-06 15:14:57,791 INFO [91387440]            BasicBook.java:1395 | Stored /book.xml
2017-10-06 15:14:58,445 INFO [91387440]           BasicSheet.java:979  | Stored /sheet#1/sheet#1.xml
2017-10-06 15:14:58,447 INFO [91387440]       StepMonitoring.java:96   | CURVES
2017-10-06 15:14:59,953 INFO [91387440]         SlursBuilder.java:762  | LEFT collision SlurInter{#4819(0.689)} & SlurInter{#4836(0.468)} @ HeadInter{#3752(0.570/0.762) e#4711 s:9 p:2.00 NOTEHEAD_BLACK}
2017-10-06 15:14:59,955 INFO [91387440]         SlursBuilder.java:762  | LEFT collision SlurInter{#4836(0.468)} & SlurInter{#4819(0.689)} @ HeadInter{#3752(0.570/0.762) e#4711 s:9 p:2.00 NOTEHEAD_BLACK}
2017-10-06 15:14:59,956 INFO [91387440]         SlursBuilder.java:157  | Slurs: 26
2017-10-06 15:14:59,985 INFO [91387440]      SegmentsBuilder.java:113  | Segments: 20
2017-10-06 15:14:59,992 INFO [91387440]            BasicBook.java:1395 | Stored /book.xml
2017-10-06 15:15:00,883 INFO [91387440]           BasicSheet.java:979  | Stored /sheet#1/sheet#1.xml
2017-10-06 15:15:00,886 INFO [91387440]       StepMonitoring.java:96   | SYMBOLS
2017-10-06 15:15:03,287 INFO [91387440]       SymbolsBuilder.java:340  | Symbol parts shrunk from 8 to 7
2017-10-06 15:15:03,426 INFO [91387440]            BasicBook.java:1395 | Stored /book.xml
2017-10-06 15:15:04,394 INFO [91387440]           BasicSheet.java:979  | Stored /sheet#1/sheet#1.xml
2017-10-06 15:15:04,396 INFO [91387440]       StepMonitoring.java:96   | LINKS
2017-10-06 15:15:04,450 INFO [91387440]            BasicBook.java:1395 | Stored /book.xml
2017-10-06 15:15:05,529 INFO [91387440]           BasicSheet.java:979  | Stored /sheet#1/sheet#1.xml
2017-10-06 15:15:05,535 INFO [91387440]       StepMonitoring.java:96   | RHYTHMS
2017-10-06 15:15:05,597 INFO [91387440]           PageRhythm.java:314  | Range{1-15 ts:4/4} Durations avgGuess:1 topGuess:1 avgValue:0.96 stacks:15 voices:39 Histogram{1/4-9/8 size:10 [1/4=3 5/16=1 1/3=1 3/8=3 9/16=1 3/4=3 13/16=1 29/32=1 1=23 9/8=2]}
2017-10-06 15:15:05,607 INFO [91387440]         SlotsBuilder.java:427  | S1 MeasureStack#3 Slot{#10 xOffset=497 timeOffset=29/32 incomings=[#4512] SUSPICIOUS}
2017-10-06 15:15:05,608 INFO [91387440]                Voice.java:257  | S1 MeasureStack#3 Voice #1 too long 1/32
2017-10-06 15:15:05,608 INFO [91387440]           StackTuner.java:92   | S1 MeasureStack#3 no correct rhythm
2017-10-06 15:15:05,612 INFO [91387440]         SlotsBuilder.java:427  | S2 MeasureStack#4 Slot{#4 xOffset=296 timeOffset=1/4 incomings=[#4571] SUSPICIOUS}
2017-10-06 15:15:05,613 INFO [91387440]         SlotsBuilder.java:434  | Stack#4 endless loop detected
2017-10-06 15:15:05,615 INFO [91387440]         SlotsBuilder.java:427  | S2 MeasureStack#5 Slot{#8 xOffset=419 timeOffset=13/16 incomings=[#4583] SUSPICIOUS}
2017-10-06 15:15:05,616 INFO [91387440]                Voice.java:257  | S2 MeasureStack#5 Voice #2 too long 1/16
2017-10-06 15:15:05,616 INFO [91387440]           StackTuner.java:92   | S2 MeasureStack#5 no correct rhythm
2017-10-06 15:15:05,619 INFO [91387440]                Voice.java:257  | S2 MeasureStack#6 Voice #3 too long 1/8
2017-10-06 15:15:05,620 INFO [91387440]           StackTuner.java:92   | S2 MeasureStack#6 no correct rhythm
2017-10-06 15:15:05,626 INFO [91387440]         SlotsBuilder.java:427  | S3 MeasureStack#8 Slot{#6 xOffset=279 timeOffset=9/16 incomings=[#4646] SUSPICIOUS}
2017-10-06 15:15:05,627 INFO [91387440]         SlotsBuilder.java:427  | S3 MeasureStack#8 Slot{#9 xOffset=382 timeOffset=13/16 incomings=[#4648] SUSPICIOUS}
2017-10-06 15:15:05,627 INFO [91387440]         SlotsBuilder.java:427  | S3 MeasureStack#8 Slot{#12 xOffset=453 timeOffset=15/16 incomings=[#4649] SUSPICIOUS}
2017-10-06 15:15:05,628 INFO [91387440]                Voice.java:257  | S3 MeasureStack#8 Voice #2 too long 1/16
2017-10-06 15:15:05,628 INFO [91387440]           StackTuner.java:92   | S3 MeasureStack#8 no correct rhythm
2017-10-06 15:15:05,638 INFO [91387440]                Voice.java:257  | S5 MeasureStack#13 Voice #2 too long 1/8
2017-10-06 15:15:05,639 INFO [91387440]           StackTuner.java:92   | S5 MeasureStack#13 no correct rhythm
2017-10-06 15:15:05,642 INFO [91387440]         SlotsBuilder.java:427  | S5 MeasureStack#15 Slot{#4 xOffset=177 timeOffset=5/16 incomings=[#4731] SUSPICIOUS}
2017-10-06 15:15:05,643 INFO [91387440]         SlotsBuilder.java:427  | S5 MeasureStack#15 Slot{#6 xOffset=229 timeOffset=7/16 incomings=[#4732] SUSPICIOUS}
2017-10-06 15:15:05,644 INFO [91387440]         SlotsBuilder.java:427  | S5 MeasureStack#15 Slot{#8 xOffset=284 timeOffset=5/8 incomings=[#4733] SUSPICIOUS}
2017-10-06 15:15:05,644 INFO [91387440]         SlotsBuilder.java:427  | S5 MeasureStack#15 Slot{#12 xOffset=450 timeOffset=19/16 incomings=[#4712] SUSPICIOUS}
2017-10-06 15:15:05,645 INFO [91387440]                Voice.java:257  | S5 MeasureStack#15 Voice #1 too long 7/16
2017-10-06 15:15:05,645 INFO [91387440]                Voice.java:257  | S5 MeasureStack#15 Voice #3 too long 3/16
2017-10-06 15:15:05,645 INFO [91387440]           StackTuner.java:92   | S5 MeasureStack#15 no correct rhythm
2017-10-06 15:15:05,648 INFO [91387440]            BasicBook.java:1395 | Stored /book.xml
2017-10-06 15:15:06,688 INFO [91387440]           BasicSheet.java:979  | Stored /sheet#1/sheet#1.xml
2017-10-06 15:15:06,690 INFO [91387440]       StepMonitoring.java:96   | PAGE
2017-10-06 15:15:06,696 INFO [91387440]                Voice.java:257  | S1 MeasureStack#3 Voice #1 too long 1/32
2017-10-06 15:15:06,697 INFO [91387440]                Voice.java:257  | S2 MeasureStack#5 Voice #2 too long 1/16
2017-10-06 15:15:06,697 INFO [91387440]                Voice.java:257  | S2 MeasureStack#6 Voice #3 too long 1/8
2017-10-06 15:15:06,698 INFO [91387440]                Voice.java:257  | S3 MeasureStack#8 Voice #2 too long 1/16
2017-10-06 15:15:06,699 INFO [91387440]                Voice.java:257  | S5 MeasureStack#13 Voice #2 too long 1/8
2017-10-06 15:15:06,701 INFO [91387440]                Voice.java:257  | S5 MeasureStack#15 Voice #1 too long 7/16
2017-10-06 15:15:06,702 INFO [91387440]                Voice.java:257  | S5 MeasureStack#15 Voice #3 too long 3/16
2017-10-06 15:15:06,704 INFO [91387440]            BasicBook.java:1395 | Stored /book.xml
2017-10-06 15:15:07,693 INFO [91387440]           BasicSheet.java:979  | Stored /sheet#1/sheet#1.xml
2017-10-06 15:15:07,696 INFO [91387440]            BasicStub.java:723  | Sheet{91387440} disposed
2017-10-06 15:15:08,714 WARN [91387440]              SIGraph.java:192  | Error in class org.audiveris.omr.sig.SIGraph afterReload() java.lang.ClassCastException: org.audiveris.omr.sig.inter.SmallChordInter cannot be cast to org.audiveris.omr.sig.inter.HeadChordInter
java.lang.ClassCastException: org.audiveris.omr.sig.inter.SmallChordInter cannot be cast to org.audiveris.omr.sig.inter.HeadChordInter
	at org.audiveris.omr.sig.inter.ArticulationInter.getStaff(ArticulationInter.java:102)
	at org.audiveris.omr.sheet.Staff$StaffHolder.checkStaffHolder(Staff.java:1804)
	at org.audiveris.omr.sig.SIGraph.afterReload(SIGraph.java:189)
	at org.audiveris.omr.sheet.SystemInfo.afterReload(SystemInfo.java:257)
	at org.audiveris.omr.sheet.BasicSheet.afterReload(BasicSheet.java:327)
	at org.audiveris.omr.sheet.BasicStub.getSheet(BasicStub.java:448)
	at org.audiveris.omr.sheet.BasicStub.getSheet(BasicStub.java:86)
	at org.audiveris.omr.score.Score.getPage(Score.java:608)
	at org.audiveris.omr.score.Score.getPages(Score.java:380)
	at org.audiveris.omr.score.ScoreReduction.<init>(ScoreReduction.java:94)
	at org.audiveris.omr.sheet.BasicBook.reduceScores(BasicBook.java:1109)
	at org.audiveris.omr.sheet.BasicBook.transcribe(BasicBook.java:1448)
	at org.audiveris.omr.sheet.BasicBook.export(BasicBook.java:558)
	at org.audiveris.omr.CLI$ProcessingTask.processBook(CLI.java:785)
	at org.audiveris.omr.CLI$CliTask.call(CLI.java:344)
	at org.audiveris.omr.Main.runBatchTasks(Main.java:316)
	at org.audiveris.omr.Main.main(Main.java:155)
	at Audiveris.main(Audiveris.java:49)
2017-10-06 15:15:08,722 INFO [91387440]            BasicStub.java:449  | Loaded /sheet#1/sheet#1.xml
2017-10-06 15:15:08,723 INFO [91387440]            BasicBook.java:1133 | Scores built: 1
2017-10-06 15:15:10,002 WARN [91387440]      PartwiseBuilder.java:1379 | Error visiting null
java.lang.NullPointerException: null
	at org.audiveris.omr.score.PartwiseBuilder.processKey(PartwiseBuilder.java:1344)
	at org.audiveris.omr.score.PartwiseBuilder.processKeys(PartwiseBuilder.java:1407)
	at org.audiveris.omr.score.PartwiseBuilder.processMeasure(PartwiseBuilder.java:1575)
	at org.audiveris.omr.score.PartwiseBuilder.processPart(PartwiseBuilder.java:1988)
	at org.audiveris.omr.score.PartwiseBuilder.processSystem(PartwiseBuilder.java:2528)
	at org.audiveris.omr.score.PartwiseBuilder.processLogicalPart(PartwiseBuilder.java:1433)
	at org.audiveris.omr.score.PartwiseBuilder.processStub(PartwiseBuilder.java:2483)
	at org.audiveris.omr.score.PartwiseBuilder.processPartList(PartwiseBuilder.java:2017)
	at org.audiveris.omr.score.PartwiseBuilder.processScore(PartwiseBuilder.java:2195)
	at org.audiveris.omr.score.PartwiseBuilder.build(PartwiseBuilder.java:307)
	at org.audiveris.omr.score.ScoreExporter.export(ScoreExporter.java:117)
	at org.audiveris.omr.score.ScoreExporter.export(ScoreExporter.java:91)
	at org.audiveris.omr.sheet.BasicBook.export(BasicBook.java:589)
	at org.audiveris.omr.CLI$ProcessingTask.processBook(CLI.java:785)
	at org.audiveris.omr.CLI$CliTask.call(CLI.java:344)
	at org.audiveris.omr.Main.runBatchTasks(Main.java:316)
	at org.audiveris.omr.Main.main(Main.java:155)
	at Audiveris.main(Audiveris.java:49)
2017-10-06 15:15:10,029 WARN [91387440]      PartwiseBuilder.java:1379 | Error visiting null
java.lang.NullPointerException: null
	at org.audiveris.omr.score.PartwiseBuilder.processKey(PartwiseBuilder.java:1344)
	at org.audiveris.omr.score.PartwiseBuilder.processKeys(PartwiseBuilder.java:1407)
	at org.audiveris.omr.score.PartwiseBuilder.processMeasure(PartwiseBuilder.java:1575)
	at org.audiveris.omr.score.PartwiseBuilder.processPart(PartwiseBuilder.java:1988)
	at org.audiveris.omr.score.PartwiseBuilder.processSystem(PartwiseBuilder.java:2528)
	at org.audiveris.omr.score.PartwiseBuilder.processLogicalPart(PartwiseBuilder.java:1433)
	at org.audiveris.omr.score.PartwiseBuilder.processStub(PartwiseBuilder.java:2483)
	at org.audiveris.omr.score.PartwiseBuilder.processPartList(PartwiseBuilder.java:2017)
	at org.audiveris.omr.score.PartwiseBuilder.processScore(PartwiseBuilder.java:2195)
	at org.audiveris.omr.score.PartwiseBuilder.build(PartwiseBuilder.java:307)
	at org.audiveris.omr.score.ScoreExporter.export(ScoreExporter.java:117)
	at org.audiveris.omr.score.ScoreExporter.export(ScoreExporter.java:91)
	at org.audiveris.omr.sheet.BasicBook.export(BasicBook.java:589)
	at org.audiveris.omr.CLI$ProcessingTask.processBook(CLI.java:785)
	at org.audiveris.omr.CLI$CliTask.call(CLI.java:344)
	at org.audiveris.omr.Main.runBatchTasks(Main.java:316)
	at org.audiveris.omr.Main.main(Main.java:155)
	at Audiveris.main(Audiveris.java:49)
2017-10-06 15:15:10,112 INFO [91387440]        ScoreExporter.java:93   | Score 91387440 exported to /Users/stephenn/Documents/workspace/nlsomr/xml_out/91386487/91387440/91387440.mxl
2017-10-06 15:15:10,271 INFO [91387440]            BasicBook.java:1395 | Stored /book.xml
2017-10-06 15:15:10,271 INFO [91387440]            BasicBook.java:1355 | Book stored as /Users/stephenn/Documents/workspace/nlsomr/xml_out/91386487/91387440/91387440.omr
