2017-10-06 15:51:37,214 INFO [91387944]            BasicBook.java:427  | 1 sheet in /Users/stephenn/Documents/workspace/nlsomr/working/91387944.jpg
2017-10-06 15:51:37,400 INFO []            BasicBook.java:1395 | Stored /book.xml
2017-10-06 15:51:37,400 INFO []            BasicBook.java:1355 | Book stored as /Users/stephenn/Documents/workspace/nlsomr/xml_out/91386487/91387944/91387944.omr
2017-10-06 15:51:37,407 INFO []            BasicBook.java:996  | Book reaching PAGE on sheets:[#1]
2017-10-06 15:51:37,409 INFO [91387944]       StepMonitoring.java:96   | LOAD
2017-10-06 15:51:37,573 INFO [91387944]            BasicBook.java:911  | Loaded image 1 2000x3056 from /Users/stephenn/Documents/workspace/nlsomr/working/91387944.jpg
2017-10-06 15:51:37,576 INFO [91387944]            ImageUtil.java:82   | Converting max RGB to gray ...
2017-10-06 15:51:37,828 INFO [91387944]            BasicBook.java:1395 | Stored /book.xml
2017-10-06 15:51:38,147 INFO [91387944]           BasicSheet.java:979  | Stored /sheet#1/sheet#1.xml
2017-10-06 15:51:38,148 INFO [91387944]       StepMonitoring.java:96   | BINARY
2017-10-06 15:51:38,879 INFO [91387944]            BasicBook.java:1395 | Stored /book.xml
2017-10-06 15:51:39,287 INFO [91387944]              Picture.java:786  | Stored /sheet#1/BINARY.xml
2017-10-06 15:51:39,290 INFO [91387944]           BasicSheet.java:979  | Stored /sheet#1/sheet#1.xml
2017-10-06 15:51:39,296 INFO [91387944]       StepMonitoring.java:96   | SCALE
2017-10-06 15:51:39,346 INFO [91387944]            ScaleStep.java:87   | Scale{line(3,4,5) interline(16,17,17) beam(13)}
2017-10-06 15:51:39,349 INFO [91387944]            BasicBook.java:1395 | Stored /book.xml
2017-10-06 15:51:39,358 INFO [91387944]           BasicSheet.java:979  | Stored /sheet#1/sheet#1.xml
2017-10-06 15:51:39,360 INFO [91387944]       StepMonitoring.java:96   | GRID
2017-10-06 15:51:40,611 INFO [91387944]       LinesRetriever.java:442  | Global slope: 0.00035
2017-10-06 15:51:40,731 INFO [91387944]    ClustersRetriever.java:241  | Retrieved line clusters: 12 of size: 5 with interline: (16,17,17)
2017-10-06 15:51:41,963 INFO [91387944]            PeakGraph.java:181  | Systems: #1[1, 2] #2[3, 4] #3[5, 6] #4[7, 8] #5[9, 10] #6[11, 12]
2017-10-06 15:51:43,024 INFO [91387944]        SystemManager.java:626  | Indentation detected for system#1
2017-10-06 15:51:43,025 INFO [91387944]        SystemManager.java:626  | Indentation detected for system#5
2017-10-06 15:51:43,026 INFO [91387944]        SystemManager.java:671  | 2 pages found in sheet
2017-10-06 15:51:43,027 INFO [91387944]        SystemManager.java:709  | Page #1: 1 part along 4 systems
2017-10-06 15:51:43,027 INFO [91387944]        SystemManager.java:709  | Page #2: 1 part along 2 systems
2017-10-06 15:51:43,030 INFO [91387944]            BasicBook.java:1395 | Stored /book.xml
2017-10-06 15:51:43,245 INFO [91387944]           BasicSheet.java:979  | Stored /sheet#1/sheet#1.xml
2017-10-06 15:51:43,248 INFO [91387944]       StepMonitoring.java:96   | HEADERS
2017-10-06 15:51:43,865 INFO []          Nd4jBackend.java:194  | Loaded [CpuBackend] backend
2017-10-06 15:51:43,935 INFO []      NativeOpsHolder.java:49   | Number of threads used for NativeOps: 2
2017-10-06 15:51:44,444 INFO [] DefaultOpExecutioner.java:544  | Backend used: [CPU]; OS: [Mac OS X]
2017-10-06 15:51:44,445 INFO [] DefaultOpExecutioner.java:545  | Cores: [4]; Memory: [3.6GB];
2017-10-06 15:51:44,446 INFO [] DefaultOpExecutioner.java:546  | Blas vendor: [OPENBLAS]
2017-10-06 15:51:44,498 INFO []   AbstractClassifier.java:332  | Classifier data loaded from default uri jar:file:/Users/stephenn/Documents/workspace/audiveris/build/distributions/Audiveris/lib/audiveris.jar!/res/basic-classifier.zip
2017-10-06 15:51:46,220 WARN [91387944]          ClefBuilder.java:560  | Staff#2 no header clef.
2017-10-06 15:51:46,769 WARN [91387944]          ClefBuilder.java:560  | Staff#4 no header clef.
2017-10-06 15:51:46,970 WARN [91387944]          ClefBuilder.java:560  | Staff#6 no header clef.
2017-10-06 15:51:47,410 WARN [91387944]          ClefBuilder.java:560  | Staff#10 no header clef.
2017-10-06 15:51:47,585 WARN [91387944]          ClefBuilder.java:560  | Staff#12 no header clef.
2017-10-06 15:51:47,604 INFO [91387944]            BasicBook.java:1395 | Stored /book.xml
2017-10-06 15:51:47,950 INFO [91387944]           BasicSheet.java:979  | Stored /sheet#1/sheet#1.xml
2017-10-06 15:51:47,953 INFO [91387944]       StepMonitoring.java:96   | STEM_SEEDS
2017-10-06 15:51:48,094 INFO [91387944]        StemSeedsStep.java:91   | stem(3 max:4)
2017-10-06 15:51:48,188 INFO []   AbstractClassifier.java:332  | Classifier data loaded from default uri jar:file:/Users/stephenn/Documents/workspace/audiveris/build/distributions/Audiveris/lib/audiveris.jar!/res/deep-classifier.zip
2017-10-06 15:51:48,219 INFO [91387944]            BasicBook.java:1395 | Stored /book.xml
2017-10-06 15:51:48,519 INFO [91387944]           BasicSheet.java:979  | Stored /sheet#1/sheet#1.xml
2017-10-06 15:51:48,522 INFO [91387944]       StepMonitoring.java:96   | BEAMS
2017-10-06 15:51:53,708 INFO [91387944]            BeamsStep.java:89   | BeamDistance{count:6 mean:15.18 stdDev:0.94}
2017-10-06 15:51:53,712 INFO [91387944]            BasicBook.java:1395 | Stored /book.xml
2017-10-06 15:51:53,771 INFO [91387944]              Picture.java:786  | Stored /sheet#1/HEAD_SPOTS.xml
2017-10-06 15:51:54,167 INFO [91387944]           BasicSheet.java:979  | Stored /sheet#1/sheet#1.xml
2017-10-06 15:51:54,170 INFO [91387944]       StepMonitoring.java:96   | LEDGERS
2017-10-06 15:51:54,850 INFO [91387944]            BasicBook.java:1395 | Stored /book.xml
2017-10-06 15:51:55,370 INFO [91387944]           BasicSheet.java:979  | Stored /sheet#1/sheet#1.xml
2017-10-06 15:51:55,372 INFO [91387944]       StepMonitoring.java:96   | HEADS
2017-10-06 15:51:58,930 INFO [91387944]            BasicBook.java:1395 | Stored /book.xml
2017-10-06 15:51:59,802 INFO [91387944]           BasicSheet.java:979  | Stored /sheet#1/sheet#1.xml
2017-10-06 15:51:59,805 INFO [91387944]       StepMonitoring.java:96   | STEMS
2017-10-06 15:52:01,829 INFO [91387944]            BasicBook.java:1395 | Stored /book.xml
2017-10-06 15:52:02,938 INFO [91387944]           BasicSheet.java:979  | Stored /sheet#1/sheet#1.xml
2017-10-06 15:52:02,941 INFO [91387944]       StepMonitoring.java:96   | REDUCTION
2017-10-06 15:52:03,427 INFO [91387944]            BasicBook.java:1395 | Stored /book.xml
2017-10-06 15:52:04,327 INFO [91387944]           BasicSheet.java:979  | Stored /sheet#1/sheet#1.xml
2017-10-06 15:52:04,329 INFO [91387944]       StepMonitoring.java:96   | CUE_BEAMS
2017-10-06 15:52:04,333 INFO [91387944]            BasicBook.java:1395 | Stored /book.xml
2017-10-06 15:52:05,148 INFO [91387944]           BasicSheet.java:979  | Stored /sheet#1/sheet#1.xml
2017-10-06 15:52:05,150 INFO [91387944]       StepMonitoring.java:96   | TEXTS
2017-10-06 15:52:07,058 INFO [91387944]            BasicBook.java:1395 | Stored /book.xml
2017-10-06 15:52:07,825 INFO [91387944]           BasicSheet.java:979  | Stored /sheet#1/sheet#1.xml
2017-10-06 15:52:07,828 INFO [91387944]       StepMonitoring.java:96   | MEASURES
2017-10-06 15:52:07,833 INFO [91387944]      MeasuresBuilder.java:316  | S4 partial barline column: s8:G(x:868,y:1738)[#138]
2017-10-06 15:52:07,834 INFO [91387944]      MeasuresBuilder.java:328  | S4 deleting   half column: s8:G(x:868,y:1738)[#138]
2017-10-06 15:52:07,835 INFO [91387944]                 Page.java:210  | 17 raw measures: [5 in system#1, 4 in system#2, 4 in system#3, 4 in system#4]
2017-10-06 15:52:07,835 INFO [91387944]                 Page.java:210  | 9 raw measures: [5 in system#5, 4 in system#6]
2017-10-06 15:52:07,836 INFO [91387944]            BasicBook.java:1395 | Stored /book.xml
2017-10-06 15:52:08,599 INFO [91387944]           BasicSheet.java:979  | Stored /sheet#1/sheet#1.xml
2017-10-06 15:52:08,602 INFO [91387944]       StepMonitoring.java:96   | CHORDS
2017-10-06 15:52:08,617 INFO [91387944]            BasicBook.java:1395 | Stored /book.xml
2017-10-06 15:52:09,358 INFO [91387944]           BasicSheet.java:979  | Stored /sheet#1/sheet#1.xml
2017-10-06 15:52:09,360 INFO [91387944]       StepMonitoring.java:96   | CURVES
2017-10-06 15:52:10,945 INFO [91387944]         SlursBuilder.java:157  | Slurs: 14
2017-10-06 15:52:10,970 INFO [91387944]      SegmentsBuilder.java:113  | Segments: 19
2017-10-06 15:52:10,986 INFO [91387944]            BasicBook.java:1395 | Stored /book.xml
2017-10-06 15:52:11,949 INFO [91387944]           BasicSheet.java:979  | Stored /sheet#1/sheet#1.xml
2017-10-06 15:52:11,953 INFO [91387944]       StepMonitoring.java:96   | SYMBOLS
2017-10-06 15:52:14,009 INFO [91387944]            BasicBook.java:1395 | Stored /book.xml
2017-10-06 15:52:15,053 INFO [91387944]           BasicSheet.java:979  | Stored /sheet#1/sheet#1.xml
2017-10-06 15:52:15,055 INFO [91387944]       StepMonitoring.java:96   | LINKS
2017-10-06 15:52:15,092 INFO [91387944]        SymbolsLinker.java:306  | No measure stack for direction SentenceInter{#5063(0.626) s:9 BS-31 Direction} . 112.
2017-10-06 15:52:15,112 INFO [91387944]            BasicBook.java:1395 | Stored /book.xml
2017-10-06 15:52:16,273 INFO [91387944]           BasicSheet.java:979  | Stored /sheet#1/sheet#1.xml
2017-10-06 15:52:16,275 INFO [91387944]       StepMonitoring.java:96   | RHYTHMS
2017-10-06 15:52:16,317 INFO [91387944]           PageRhythm.java:314  | Range{1-17 ts:4/4} Durations avgGuess:1 topGuess:1 avgValue:0.90 stacks:17 voices:34 Histogram{1/4-5/4 size:7 [1/4=1 1/2=4 5/8=2 3/4=7 1=12 9/8=7 5/4=1]}
2017-10-06 15:52:16,320 INFO [91387944]         SlotsBuilder.java:427  | S1 MeasureStack#2 Slot{#5 xOffset=186 timeOffset=5/8 incomings=[#5077] SUSPICIOUS}
2017-10-06 15:52:16,321 INFO [91387944]         SlotsBuilder.java:427  | S1 MeasureStack#2 Slot{#7 xOffset=241 timeOffset=7/8 incomings=[#5078] SUSPICIOUS}
2017-10-06 15:52:16,321 INFO [91387944]                Voice.java:257  | S1 MeasureStack#2 Voice #1 too long 1/8
2017-10-06 15:52:16,322 INFO [91387944]           StackTuner.java:92   | S1 MeasureStack#2 no correct rhythm
2017-10-06 15:52:16,323 INFO [91387944]                Voice.java:257  | S1 MeasureStack#3 Voice #1 too long 1/8
2017-10-06 15:52:16,323 INFO [91387944]           StackTuner.java:92   | S1 MeasureStack#3 no correct rhythm
2017-10-06 15:52:16,326 INFO [91387944]                Voice.java:257  | S1 MeasureStack#5 Voice #1 too long 1/8
2017-10-06 15:52:16,326 INFO [91387944]           StackTuner.java:92   | S1 MeasureStack#5 no correct rhythm
2017-10-06 15:52:16,331 INFO [91387944]                Voice.java:257  | S2 MeasureStack#7 Voice #1 too long 1/8
2017-10-06 15:52:16,331 INFO [91387944]                Voice.java:257  | S2 MeasureStack#7 Voice #2 too long 1/8
2017-10-06 15:52:16,332 INFO [91387944]           StackTuner.java:92   | S2 MeasureStack#7 no correct rhythm
2017-10-06 15:52:16,333 INFO [91387944]         SlotsBuilder.java:427  | S2 MeasureStack#8 Slot{#4 xOffset=192 timeOffset=1 incomings=[#5120] SUSPICIOUS}
2017-10-06 15:52:16,333 INFO [91387944]                Voice.java:257  | S2 MeasureStack#8 Voice #1 too long 1/2
2017-10-06 15:52:16,334 INFO [91387944]           StackTuner.java:92   | S2 MeasureStack#8 no correct rhythm
2017-10-06 15:52:16,337 INFO [91387944]                Voice.java:257  | S3 MeasureStack#12 Voice #1 too long 1/4
2017-10-06 15:52:16,337 INFO [91387944]           StackTuner.java:92   | S3 MeasureStack#12 no correct rhythm
2017-10-06 15:52:16,338 INFO [91387944]                Voice.java:257  | S3 MeasureStack#13 Voice #1 too long 1/8
2017-10-06 15:52:16,339 INFO [91387944]           StackTuner.java:92   | S3 MeasureStack#13 no correct rhythm
2017-10-06 15:52:16,342 INFO [91387944]                Voice.java:257  | S4 MeasureStack#15 Voice #1 too long 1/8
2017-10-06 15:52:16,343 INFO [91387944]                Voice.java:257  | S4 MeasureStack#15 Voice #2 too long 1/8
2017-10-06 15:52:16,343 INFO [91387944]           StackTuner.java:92   | S4 MeasureStack#15 no correct rhythm
2017-10-06 15:52:16,354 INFO [91387944]           PageRhythm.java:314  | Range{1-9} Durations avgGuess:1/2 topGuess:1/2 avgValue:0.58 stacks:9 voices:25 Histogram{1/4-3/4 size:4 [1/4=2 7/16=1 1/2=15 3/4=7]}
2017-10-06 15:52:16,354 INFO [91387944]           PageRhythm.java:221  | S5 Range{1-9 dur:1/2} should update to 1/2-based time sig?
2017-10-06 15:52:16,356 INFO [91387944]         SlotsBuilder.java:427  | S5 MeasureStack#2 Slot{#3 xOffset=106 timeOffset=1/2 incomings=[#5223] SUSPICIOUS}
2017-10-06 15:52:16,357 INFO [91387944]                Voice.java:257  | S5 MeasureStack#2 Voice #1 too long 1/2
2017-10-06 15:52:16,357 INFO [91387944]                Voice.java:257  | S5 MeasureStack#2 Voice #2 too long 1/2
2017-10-06 15:52:16,357 INFO [91387944]                Voice.java:257  | S5 MeasureStack#2 Voice #3 too long 1/2
2017-10-06 15:52:16,358 INFO [91387944]           StackTuner.java:92   | S5 MeasureStack#2 no correct rhythm
2017-10-06 15:52:16,359 INFO [91387944]         SlotsBuilder.java:427  | S5 MeasureStack#3 Slot{#4 xOffset=130 timeOffset=1/2 incomings=[#5226] SUSPICIOUS}
2017-10-06 15:52:16,360 INFO [91387944]                Voice.java:257  | S5 MeasureStack#3 Voice #1 too long 3/4
2017-10-06 15:52:16,360 INFO [91387944]                Voice.java:257  | S5 MeasureStack#3 Voice #2 too long 1/2
2017-10-06 15:52:16,360 INFO [91387944]                Voice.java:257  | S5 MeasureStack#3 Voice #3 too long 1/2
2017-10-06 15:52:16,361 INFO [91387944]           StackTuner.java:92   | S5 MeasureStack#3 no correct rhythm
2017-10-06 15:52:16,362 INFO [91387944]         SlotsBuilder.java:427  | S5 MeasureStack#4 Slot{#3 xOffset=109 timeOffset=1/2 incomings=[#5229] SUSPICIOUS}
2017-10-06 15:52:16,362 INFO [91387944]                Voice.java:257  | S5 MeasureStack#4 Voice #1 too long 1/2
2017-10-06 15:52:16,363 INFO [91387944]                Voice.java:257  | S5 MeasureStack#4 Voice #2 too long 1/2
2017-10-06 15:52:16,363 INFO [91387944]                Voice.java:257  | S5 MeasureStack#4 Voice #3 too long 1/2
2017-10-06 15:52:16,363 INFO [91387944]           StackTuner.java:92   | S5 MeasureStack#4 no correct rhythm
2017-10-06 15:52:16,364 INFO [91387944]                Voice.java:257  | S5 MeasureStack#5 Voice #1 too long 1/4
2017-10-06 15:52:16,365 INFO [91387944]           StackTuner.java:92   | S5 MeasureStack#5 no correct rhythm
2017-10-06 15:52:16,366 INFO [91387944]                Voice.java:257  | S6 MeasureStack#6 Voice #1 too long 1/4
2017-10-06 15:52:16,366 INFO [91387944]                Voice.java:257  | S6 MeasureStack#6 Voice #2 too long 1/4
2017-10-06 15:52:16,366 INFO [91387944]                Voice.java:257  | S6 MeasureStack#6 Voice #3 too long 1/4
2017-10-06 15:52:16,367 INFO [91387944]           StackTuner.java:92   | S6 MeasureStack#6 no correct rhythm
2017-10-06 15:52:16,369 INFO [91387944]         SlotsBuilder.java:427  | S6 MeasureStack#7 Slot{#5 xOffset=254 timeOffset=7/16 incomings=[#5261] SUSPICIOUS}
2017-10-06 15:52:16,370 INFO [91387944]         SlotsBuilder.java:427  | S6 MeasureStack#7 Slot{#7 xOffset=315 timeOffset=9/16 incomings=[#5262] SUSPICIOUS}
2017-10-06 15:52:16,370 INFO [91387944]         SlotsBuilder.java:427  | S6 MeasureStack#7 Slot{#9 xOffset=380 timeOffset=11/16 incomings=[#5263] SUSPICIOUS}
2017-10-06 15:52:16,371 INFO [91387944]                Voice.java:257  | S6 MeasureStack#7 Voice #1 too long 1/4
2017-10-06 15:52:16,371 INFO [91387944]                Voice.java:257  | S6 MeasureStack#7 Voice #3 too long 5/16
2017-10-06 15:52:16,371 INFO [91387944]           StackTuner.java:92   | S6 MeasureStack#7 no correct rhythm
2017-10-06 15:52:16,372 INFO [91387944]                Voice.java:257  | S6 MeasureStack#8 Voice #1 too long 1/4
2017-10-06 15:52:16,373 INFO [91387944]                Voice.java:257  | S6 MeasureStack#8 Voice #3 too long 1/4
2017-10-06 15:52:16,373 INFO [91387944]           StackTuner.java:92   | S6 MeasureStack#8 no correct rhythm
2017-10-06 15:52:16,374 INFO [91387944]                Voice.java:257  | S6 MeasureStack#9 Voice #1 too long 1/4
2017-10-06 15:52:16,374 INFO [91387944]           StackTuner.java:92   | S6 MeasureStack#9 no correct rhythm
2017-10-06 15:52:16,376 INFO [91387944]            BasicBook.java:1395 | Stored /book.xml
2017-10-06 15:52:16,977 INFO [91387944]           BasicSheet.java:979  | Stored /sheet#1/sheet#1.xml
2017-10-06 15:52:16,983 INFO [91387944]       StepMonitoring.java:96   | PAGE
2017-10-06 15:52:16,987 INFO [91387944]                Voice.java:257  | S1 MeasureStack#2 Voice #1 too long 1/8
2017-10-06 15:52:16,988 INFO [91387944]                Voice.java:257  | S1 MeasureStack#3 Voice #1 too long 1/8
2017-10-06 15:52:16,988 INFO [91387944]                Voice.java:257  | S1 MeasureStack#5 Voice #1 too long 1/8
2017-10-06 15:52:16,989 INFO [91387944]                Voice.java:257  | S2 MeasureStack#7 Voice #1 too long 1/8
2017-10-06 15:52:16,989 INFO [91387944]                Voice.java:257  | S2 MeasureStack#7 Voice #2 too long 1/8
2017-10-06 15:52:16,989 INFO [91387944]                Voice.java:257  | S2 MeasureStack#8 Voice #1 too long 1/2
2017-10-06 15:52:16,990 INFO [91387944]                Voice.java:257  | S3 MeasureStack#12 Voice #1 too long 1/4
2017-10-06 15:52:16,990 INFO [91387944]                Voice.java:257  | S3 MeasureStack#13 Voice #1 too long 1/8
2017-10-06 15:52:16,990 INFO [91387944]                Voice.java:257  | S4 MeasureStack#15 Voice #1 too long 1/8
2017-10-06 15:52:16,990 INFO [91387944]                Voice.java:257  | S4 MeasureStack#15 Voice #2 too long 1/8
2017-10-06 15:52:16,991 INFO [91387944]                Voice.java:257  | S5 MeasureStack#2 Voice #1 too long 1/2
2017-10-06 15:52:16,991 INFO [91387944]                Voice.java:257  | S5 MeasureStack#2 Voice #2 too long 1/2
2017-10-06 15:52:16,992 INFO [91387944]                Voice.java:257  | S5 MeasureStack#2 Voice #3 too long 1/2
2017-10-06 15:52:16,992 INFO [91387944]                Voice.java:257  | S5 MeasureStack#3 Voice #1 too long 3/4
2017-10-06 15:52:16,992 INFO [91387944]                Voice.java:257  | S5 MeasureStack#3 Voice #2 too long 1/2
2017-10-06 15:52:16,992 INFO [91387944]                Voice.java:257  | S5 MeasureStack#3 Voice #3 too long 1/2
2017-10-06 15:52:16,993 INFO [91387944]                Voice.java:257  | S5 MeasureStack#4 Voice #1 too long 1/2
2017-10-06 15:52:16,993 INFO [91387944]                Voice.java:257  | S5 MeasureStack#4 Voice #2 too long 1/2
2017-10-06 15:52:16,993 INFO [91387944]                Voice.java:257  | S5 MeasureStack#4 Voice #3 too long 1/2
2017-10-06 15:52:16,993 INFO [91387944]                Voice.java:257  | S5 MeasureStack#5 Voice #1 too long 1/4
2017-10-06 15:52:16,994 INFO [91387944]                Voice.java:257  | S6 MeasureStack#6 Voice #1 too long 1/4
2017-10-06 15:52:16,994 INFO [91387944]                Voice.java:257  | S6 MeasureStack#6 Voice #2 too long 1/4
2017-10-06 15:52:16,994 INFO [91387944]                Voice.java:257  | S6 MeasureStack#6 Voice #3 too long 1/4
2017-10-06 15:52:16,994 INFO [91387944]                Voice.java:257  | S6 MeasureStack#7 Voice #1 too long 1/4
2017-10-06 15:52:16,994 INFO [91387944]                Voice.java:257  | S6 MeasureStack#7 Voice #3 too long 5/16
2017-10-06 15:52:16,995 INFO [91387944]                Voice.java:257  | S6 MeasureStack#8 Voice #1 too long 1/4
2017-10-06 15:52:16,995 INFO [91387944]                Voice.java:257  | S6 MeasureStack#8 Voice #3 too long 1/4
2017-10-06 15:52:16,995 INFO [91387944]                Voice.java:257  | S6 MeasureStack#9 Voice #1 too long 1/4
2017-10-06 15:52:16,996 INFO [91387944]            BasicBook.java:1395 | Stored /book.xml
2017-10-06 15:52:17,567 INFO [91387944]           BasicSheet.java:979  | Stored /sheet#1/sheet#1.xml
2017-10-06 15:52:17,569 INFO [91387944]            BasicStub.java:723  | Sheet{91387944} disposed
2017-10-06 15:52:18,595 INFO [91387944]            BasicStub.java:449  | Loaded /sheet#1/sheet#1.xml
2017-10-06 15:52:18,597 INFO [91387944]            BasicBook.java:1133 | Scores built: 2
2017-10-06 15:52:19,599 WARN [91387944]      PartwiseBuilder.java:1379 | Error visiting null
java.lang.NullPointerException: null
	at org.audiveris.omr.score.PartwiseBuilder.processKey(PartwiseBuilder.java:1344)
	at org.audiveris.omr.score.PartwiseBuilder.processKeys(PartwiseBuilder.java:1407)
	at org.audiveris.omr.score.PartwiseBuilder.processMeasure(PartwiseBuilder.java:1575)
	at org.audiveris.omr.score.PartwiseBuilder.processPart(PartwiseBuilder.java:1988)
	at org.audiveris.omr.score.PartwiseBuilder.processSystem(PartwiseBuilder.java:2528)
	at org.audiveris.omr.score.PartwiseBuilder.processLogicalPart(PartwiseBuilder.java:1433)
	at org.audiveris.omr.score.PartwiseBuilder.processStub(PartwiseBuilder.java:2483)
	at org.audiveris.omr.score.PartwiseBuilder.processPartList(PartwiseBuilder.java:2017)
	at org.audiveris.omr.score.PartwiseBuilder.processScore(PartwiseBuilder.java:2195)
	at org.audiveris.omr.score.PartwiseBuilder.build(PartwiseBuilder.java:307)
	at org.audiveris.omr.score.ScoreExporter.export(ScoreExporter.java:117)
	at org.audiveris.omr.score.ScoreExporter.export(ScoreExporter.java:91)
	at org.audiveris.omr.sheet.BasicBook.export(BasicBook.java:589)
	at org.audiveris.omr.CLI$ProcessingTask.processBook(CLI.java:785)
	at org.audiveris.omr.CLI$CliTask.call(CLI.java:344)
	at org.audiveris.omr.Main.runBatchTasks(Main.java:316)
	at org.audiveris.omr.Main.main(Main.java:155)
	at Audiveris.main(Audiveris.java:49)
2017-10-06 15:52:19,613 WARN [91387944]      PartwiseBuilder.java:1379 | Error visiting null
java.lang.NullPointerException: null
	at org.audiveris.omr.score.PartwiseBuilder.processKey(PartwiseBuilder.java:1344)
	at org.audiveris.omr.score.PartwiseBuilder.processKeys(PartwiseBuilder.java:1407)
	at org.audiveris.omr.score.PartwiseBuilder.processMeasure(PartwiseBuilder.java:1575)
	at org.audiveris.omr.score.PartwiseBuilder.processPart(PartwiseBuilder.java:1988)
	at org.audiveris.omr.score.PartwiseBuilder.processSystem(PartwiseBuilder.java:2528)
	at org.audiveris.omr.score.PartwiseBuilder.processLogicalPart(PartwiseBuilder.java:1433)
	at org.audiveris.omr.score.PartwiseBuilder.processStub(PartwiseBuilder.java:2483)
	at org.audiveris.omr.score.PartwiseBuilder.processPartList(PartwiseBuilder.java:2017)
	at org.audiveris.omr.score.PartwiseBuilder.processScore(PartwiseBuilder.java:2195)
	at org.audiveris.omr.score.PartwiseBuilder.build(PartwiseBuilder.java:307)
	at org.audiveris.omr.score.ScoreExporter.export(ScoreExporter.java:117)
	at org.audiveris.omr.score.ScoreExporter.export(ScoreExporter.java:91)
	at org.audiveris.omr.sheet.BasicBook.export(BasicBook.java:589)
	at org.audiveris.omr.CLI$ProcessingTask.processBook(CLI.java:785)
	at org.audiveris.omr.CLI$CliTask.call(CLI.java:344)
	at org.audiveris.omr.Main.runBatchTasks(Main.java:316)
	at org.audiveris.omr.Main.main(Main.java:155)
	at Audiveris.main(Audiveris.java:49)
2017-10-06 15:52:19,618 WARN [91387944]      PartwiseBuilder.java:1379 | Error visiting null
java.lang.NullPointerException: null
	at org.audiveris.omr.score.PartwiseBuilder.processKey(PartwiseBuilder.java:1344)
	at org.audiveris.omr.score.PartwiseBuilder.processKeys(PartwiseBuilder.java:1407)
	at org.audiveris.omr.score.PartwiseBuilder.processMeasure(PartwiseBuilder.java:1575)
	at org.audiveris.omr.score.PartwiseBuilder.processPart(PartwiseBuilder.java:1988)
	at org.audiveris.omr.score.PartwiseBuilder.processSystem(PartwiseBuilder.java:2528)
	at org.audiveris.omr.score.PartwiseBuilder.processLogicalPart(PartwiseBuilder.java:1433)
	at org.audiveris.omr.score.PartwiseBuilder.processStub(PartwiseBuilder.java:2483)
	at org.audiveris.omr.score.PartwiseBuilder.processPartList(PartwiseBuilder.java:2017)
	at org.audiveris.omr.score.PartwiseBuilder.processScore(PartwiseBuilder.java:2195)
	at org.audiveris.omr.score.PartwiseBuilder.build(PartwiseBuilder.java:307)
	at org.audiveris.omr.score.ScoreExporter.export(ScoreExporter.java:117)
	at org.audiveris.omr.score.ScoreExporter.export(ScoreExporter.java:91)
	at org.audiveris.omr.sheet.BasicBook.export(BasicBook.java:589)
	at org.audiveris.omr.CLI$ProcessingTask.processBook(CLI.java:785)
	at org.audiveris.omr.CLI$CliTask.call(CLI.java:344)
	at org.audiveris.omr.Main.runBatchTasks(Main.java:316)
	at org.audiveris.omr.Main.main(Main.java:155)
	at Audiveris.main(Audiveris.java:49)
2017-10-06 15:52:19,678 INFO [91387944]        ScoreExporter.java:93   | Score 91387944.mvt1 exported to /Users/stephenn/Documents/workspace/nlsomr/xml_out/91386487/91387944/91387944.mvt1.mxl
2017-10-06 15:52:19,680 WARN [91387944]      PartwiseBuilder.java:1379 | Error visiting null
java.lang.NullPointerException: null
	at org.audiveris.omr.score.PartwiseBuilder.processKey(PartwiseBuilder.java:1344)
	at org.audiveris.omr.score.PartwiseBuilder.processKeys(PartwiseBuilder.java:1407)
	at org.audiveris.omr.score.PartwiseBuilder.processMeasure(PartwiseBuilder.java:1575)
	at org.audiveris.omr.score.PartwiseBuilder.processPart(PartwiseBuilder.java:1988)
	at org.audiveris.omr.score.PartwiseBuilder.processSystem(PartwiseBuilder.java:2528)
	at org.audiveris.omr.score.PartwiseBuilder.processLogicalPart(PartwiseBuilder.java:1433)
	at org.audiveris.omr.score.PartwiseBuilder.processStub(PartwiseBuilder.java:2483)
	at org.audiveris.omr.score.PartwiseBuilder.processPartList(PartwiseBuilder.java:2017)
	at org.audiveris.omr.score.PartwiseBuilder.processScore(PartwiseBuilder.java:2195)
	at org.audiveris.omr.score.PartwiseBuilder.build(PartwiseBuilder.java:307)
	at org.audiveris.omr.score.ScoreExporter.export(ScoreExporter.java:117)
	at org.audiveris.omr.score.ScoreExporter.export(ScoreExporter.java:91)
	at org.audiveris.omr.sheet.BasicBook.export(BasicBook.java:589)
	at org.audiveris.omr.CLI$ProcessingTask.processBook(CLI.java:785)
	at org.audiveris.omr.CLI$CliTask.call(CLI.java:344)
	at org.audiveris.omr.Main.runBatchTasks(Main.java:316)
	at org.audiveris.omr.Main.main(Main.java:155)
	at Audiveris.main(Audiveris.java:49)
2017-10-06 15:52:19,688 WARN [91387944]      PartwiseBuilder.java:1379 | Error visiting null
java.lang.NullPointerException: null
	at org.audiveris.omr.score.PartwiseBuilder.processKey(PartwiseBuilder.java:1344)
	at org.audiveris.omr.score.PartwiseBuilder.processKeys(PartwiseBuilder.java:1407)
	at org.audiveris.omr.score.PartwiseBuilder.processMeasure(PartwiseBuilder.java:1575)
	at org.audiveris.omr.score.PartwiseBuilder.processPart(PartwiseBuilder.java:1988)
	at org.audiveris.omr.score.PartwiseBuilder.processSystem(PartwiseBuilder.java:2528)
	at org.audiveris.omr.score.PartwiseBuilder.processLogicalPart(PartwiseBuilder.java:1433)
	at org.audiveris.omr.score.PartwiseBuilder.processStub(PartwiseBuilder.java:2483)
	at org.audiveris.omr.score.PartwiseBuilder.processPartList(PartwiseBuilder.java:2017)
	at org.audiveris.omr.score.PartwiseBuilder.processScore(PartwiseBuilder.java:2195)
	at org.audiveris.omr.score.PartwiseBuilder.build(PartwiseBuilder.java:307)
	at org.audiveris.omr.score.ScoreExporter.export(ScoreExporter.java:117)
	at org.audiveris.omr.score.ScoreExporter.export(ScoreExporter.java:91)
	at org.audiveris.omr.sheet.BasicBook.export(BasicBook.java:589)
	at org.audiveris.omr.CLI$ProcessingTask.processBook(CLI.java:785)
	at org.audiveris.omr.CLI$CliTask.call(CLI.java:344)
	at org.audiveris.omr.Main.runBatchTasks(Main.java:316)
	at org.audiveris.omr.Main.main(Main.java:155)
	at Audiveris.main(Audiveris.java:49)
2017-10-06 15:52:19,708 INFO [91387944]        ScoreExporter.java:93   | Score 91387944.mvt2 exported to /Users/stephenn/Documents/workspace/nlsomr/xml_out/91386487/91387944/91387944.mvt2.mxl
2017-10-06 15:52:19,846 INFO [91387944]            BasicBook.java:1395 | Stored /book.xml
2017-10-06 15:52:19,847 INFO [91387944]            BasicBook.java:1355 | Book stored as /Users/stephenn/Documents/workspace/nlsomr/xml_out/91386487/91387944/91387944.omr
