2017-10-06 15:18:04,810 INFO [91387488]            BasicBook.java:427  | 1 sheet in /Users/stephenn/Documents/workspace/nlsomr/working/91387488.jpg
2017-10-06 15:18:04,964 INFO []            BasicBook.java:1395 | Stored /book.xml
2017-10-06 15:18:04,964 INFO []            BasicBook.java:1355 | Book stored as /Users/stephenn/Documents/workspace/nlsomr/xml_out/91386487/91387488/91387488.omr
2017-10-06 15:18:04,970 INFO []            BasicBook.java:996  | Book reaching PAGE on sheets:[#1]
2017-10-06 15:18:04,971 INFO [91387488]       StepMonitoring.java:96   | LOAD
2017-10-06 15:18:05,124 INFO [91387488]            BasicBook.java:911  | Loaded image 1 2000x3056 from /Users/stephenn/Documents/workspace/nlsomr/working/91387488.jpg
2017-10-06 15:18:05,132 INFO [91387488]            ImageUtil.java:82   | Converting max RGB to gray ...
2017-10-06 15:18:05,398 INFO [91387488]            BasicBook.java:1395 | Stored /book.xml
2017-10-06 15:18:05,707 INFO [91387488]           BasicSheet.java:979  | Stored /sheet#1/sheet#1.xml
2017-10-06 15:18:05,708 INFO [91387488]       StepMonitoring.java:96   | BINARY
2017-10-06 15:18:06,324 INFO [91387488]            BasicBook.java:1395 | Stored /book.xml
2017-10-06 15:18:06,660 INFO [91387488]              Picture.java:786  | Stored /sheet#1/BINARY.xml
2017-10-06 15:18:06,661 INFO [91387488]           BasicSheet.java:979  | Stored /sheet#1/sheet#1.xml
2017-10-06 15:18:06,663 INFO [91387488]       StepMonitoring.java:96   | SCALE
2017-10-06 15:18:06,702 INFO [91387488]         ScaleBuilder.java:229  | No beam key found, guessed value 10
2017-10-06 15:18:06,702 INFO [91387488]            ScaleStep.java:87   | Scale{line(4,5,6) interline(16,17,17) beam(10 extra)}
2017-10-06 15:18:06,705 INFO [91387488]            BasicBook.java:1395 | Stored /book.xml
2017-10-06 15:18:06,707 INFO [91387488]           BasicSheet.java:979  | Stored /sheet#1/sheet#1.xml
2017-10-06 15:18:06,710 INFO [91387488]       StepMonitoring.java:96   | GRID
2017-10-06 15:18:07,541 INFO [91387488]       LinesRetriever.java:442  | Global slope: 0.00047
2017-10-06 15:18:07,625 INFO [91387488]    ClustersRetriever.java:241  | Retrieved line clusters: 12 of size: 5 with interline: (16,17,17)
2017-10-06 15:18:08,394 INFO [91387488]            PeakGraph.java:181  | Systems: #1[1, 2] #2[3, 4] #3[5, 6] #4[7, 8] #5[9, 10] #6[11, 12]
2017-10-06 15:18:09,599 INFO [91387488]        SystemManager.java:626  | Indentation detected for system#1
2017-10-06 15:18:09,600 INFO [91387488]        SystemManager.java:626  | Indentation detected for system#4
2017-10-06 15:18:09,601 INFO [91387488]        SystemManager.java:671  | 2 pages found in sheet
2017-10-06 15:18:09,601 INFO [91387488]        SystemManager.java:709  | Page #1: 1 part along 3 systems
2017-10-06 15:18:09,601 INFO [91387488]        SystemManager.java:709  | Page #2: 1 part along 3 systems
2017-10-06 15:18:09,605 INFO [91387488]            BasicBook.java:1395 | Stored /book.xml
2017-10-06 15:18:09,832 INFO [91387488]           BasicSheet.java:979  | Stored /sheet#1/sheet#1.xml
2017-10-06 15:18:09,836 INFO [91387488]       StepMonitoring.java:96   | HEADERS
2017-10-06 15:18:10,212 INFO []          Nd4jBackend.java:194  | Loaded [CpuBackend] backend
2017-10-06 15:18:10,278 INFO []      NativeOpsHolder.java:49   | Number of threads used for NativeOps: 2
2017-10-06 15:18:10,751 INFO [] DefaultOpExecutioner.java:544  | Backend used: [CPU]; OS: [Mac OS X]
2017-10-06 15:18:10,752 INFO [] DefaultOpExecutioner.java:545  | Cores: [4]; Memory: [3.6GB];
2017-10-06 15:18:10,752 INFO [] DefaultOpExecutioner.java:546  | Blas vendor: [OPENBLAS]
2017-10-06 15:18:10,791 INFO []   AbstractClassifier.java:332  | Classifier data loaded from default uri jar:file:/Users/stephenn/Documents/workspace/audiveris/build/distributions/Audiveris/lib/audiveris.jar!/res/basic-classifier.zip
2017-10-06 15:18:13,632 WARN [91387488]          ClefBuilder.java:560  | Staff#10 no header clef.
2017-10-06 15:18:13,774 WARN [91387488]          ClefBuilder.java:560  | Staff#12 no header clef.
2017-10-06 15:18:13,820 INFO [91387488]            BasicBook.java:1395 | Stored /book.xml
2017-10-06 15:18:13,950 INFO []   AbstractClassifier.java:332  | Classifier data loaded from default uri jar:file:/Users/stephenn/Documents/workspace/audiveris/build/distributions/Audiveris/lib/audiveris.jar!/res/deep-classifier.zip
2017-10-06 15:18:14,166 INFO [91387488]           BasicSheet.java:979  | Stored /sheet#1/sheet#1.xml
2017-10-06 15:18:14,169 INFO [91387488]       StepMonitoring.java:96   | STEM_SEEDS
2017-10-06 15:18:14,265 INFO [91387488]        StemSeedsStep.java:91   | stem(4 max:6)
2017-10-06 15:18:14,385 INFO [91387488]            BasicBook.java:1395 | Stored /book.xml
2017-10-06 15:18:14,708 INFO [91387488]           BasicSheet.java:979  | Stored /sheet#1/sheet#1.xml
2017-10-06 15:18:14,710 INFO [91387488]       StepMonitoring.java:96   | BEAMS
2017-10-06 15:18:18,491 INFO [91387488]            BeamsStep.java:89   | BeamDistance{count:20 mean:13.10 stdDev:5.65}
2017-10-06 15:18:18,494 INFO [91387488]            BasicBook.java:1395 | Stored /book.xml
2017-10-06 15:18:18,577 INFO [91387488]              Picture.java:786  | Stored /sheet#1/HEAD_SPOTS.xml
2017-10-06 15:18:19,048 INFO [91387488]           BasicSheet.java:979  | Stored /sheet#1/sheet#1.xml
2017-10-06 15:18:19,051 INFO [91387488]       StepMonitoring.java:96   | LEDGERS
2017-10-06 15:18:20,019 INFO [91387488]            BasicBook.java:1395 | Stored /book.xml
2017-10-06 15:18:20,519 INFO [91387488]           BasicSheet.java:979  | Stored /sheet#1/sheet#1.xml
2017-10-06 15:18:20,521 INFO [91387488]       StepMonitoring.java:96   | HEADS
2017-10-06 15:18:23,523 INFO [91387488]            BasicBook.java:1395 | Stored /book.xml
2017-10-06 15:18:24,830 INFO [91387488]           BasicSheet.java:979  | Stored /sheet#1/sheet#1.xml
2017-10-06 15:18:24,833 INFO [91387488]       StepMonitoring.java:96   | STEMS
2017-10-06 15:18:28,148 INFO [91387488]            BasicBook.java:1395 | Stored /book.xml
2017-10-06 15:18:29,583 INFO [91387488]           BasicSheet.java:979  | Stored /sheet#1/sheet#1.xml
2017-10-06 15:18:29,587 INFO [91387488]       StepMonitoring.java:96   | REDUCTION
2017-10-06 15:18:30,358 INFO [91387488]            BasicBook.java:1395 | Stored /book.xml
2017-10-06 15:18:31,295 INFO [91387488]           BasicSheet.java:979  | Stored /sheet#1/sheet#1.xml
2017-10-06 15:18:31,298 INFO [91387488]       StepMonitoring.java:96   | CUE_BEAMS
2017-10-06 15:18:31,307 INFO [91387488]            BasicBook.java:1395 | Stored /book.xml
2017-10-06 15:18:32,247 INFO [91387488]           BasicSheet.java:979  | Stored /sheet#1/sheet#1.xml
2017-10-06 15:18:32,249 INFO [91387488]       StepMonitoring.java:96   | TEXTS
2017-10-06 15:18:34,497 INFO [91387488]            BasicBook.java:1395 | Stored /book.xml
2017-10-06 15:18:35,377 INFO [91387488]           BasicSheet.java:979  | Stored /sheet#1/sheet#1.xml
2017-10-06 15:18:35,379 INFO [91387488]       StepMonitoring.java:96   | MEASURES
2017-10-06 15:18:35,384 INFO [91387488]                 Page.java:210  | 13 raw measures: [4 in system#1, 4 in system#2, 5 in system#3]
2017-10-06 15:18:35,385 INFO [91387488]                 Page.java:210  | 13 raw measures: [5 in system#4, 4 in system#5, 4 in system#6]
2017-10-06 15:18:35,386 INFO [91387488]            BasicBook.java:1395 | Stored /book.xml
2017-10-06 15:18:36,292 INFO [91387488]           BasicSheet.java:979  | Stored /sheet#1/sheet#1.xml
2017-10-06 15:18:36,294 INFO [91387488]       StepMonitoring.java:96   | CHORDS
2017-10-06 15:18:36,297 INFO [91387488]        ChordsBuilder.java:249  | Deleting StemInter{#6408(0.725/0.788)} on RIGHT side of HeadInter{#2520(0.597/0.829) s:1 p:7.00 NOTEHEAD_BLACK}
2017-10-06 15:18:36,335 INFO [91387488]            BasicBook.java:1395 | Stored /book.xml
2017-10-06 15:18:37,323 INFO [91387488]           BasicSheet.java:979  | Stored /sheet#1/sheet#1.xml
2017-10-06 15:18:37,329 INFO [91387488]       StepMonitoring.java:96   | CURVES
2017-10-06 15:18:39,205 INFO [91387488]         SlursBuilder.java:762  | LEFT collision SlurInter{#7298(0.655)} & SlurInter{#7487(0.393)} @ HeadInter{#2760(0.705/0.779) e#7065 s:2 p:-3.00 NOTEHEAD_BLACK}
2017-10-06 15:18:39,206 INFO [91387488]         SlursBuilder.java:762  | LEFT collision SlurInter{#7357(0.492)} & SlurInter{#7980(0.322)} @ HeadInter{#2179(0.619/0.828) e#7036 s:1 p:-2.00 NOTEHEAD_BLACK}
2017-10-06 15:18:39,207 INFO [91387488]         SlursBuilder.java:762  | LEFT collision SlurInter{#7487(0.393)} & SlurInter{#7298(0.655)} @ HeadInter{#2760(0.705/0.779) e#7065 s:2 p:-3.00 NOTEHEAD_BLACK}
2017-10-06 15:18:39,207 INFO [91387488]         SlursBuilder.java:762  | LEFT collision SlurInter{#7980(0.322)} & SlurInter{#7357(0.492)} @ HeadInter{#2179(0.619/0.828) e#7036 s:1 p:-2.00 NOTEHEAD_BLACK}
2017-10-06 15:18:39,208 INFO [91387488]         SlursBuilder.java:762  | LEFT collision SlurInter{#7471(0.500)} & SlurInter{#7491(0.334)} @ HeadInter{#4435(0.652/0.810) e#7177 s:7 p:-2.00 NOTEHEAD_BLACK}
2017-10-06 15:18:39,209 INFO [91387488]         SlursBuilder.java:762  | RIGHT collision SlurInter{#7471(0.500)} & SlurInter{#7491(0.334)} @ HeadInter{#4375(0.638/0.804) e#7178 s:7 p:-4.00 NOTEHEAD_BLACK}
2017-10-06 15:18:39,210 INFO [91387488]         SlursBuilder.java:762  | LEFT collision SlurInter{#7491(0.334)} & SlurInter{#7471(0.500)} @ HeadInter{#4435(0.652/0.810) e#7177 s:7 p:-2.00 NOTEHEAD_BLACK}
2017-10-06 15:18:39,210 INFO [91387488]         SlursBuilder.java:762  | RIGHT collision SlurInter{#7491(0.334)} & SlurInter{#7471(0.500)} @ HeadInter{#4375(0.638/0.804) e#7178 s:7 p:-4.00 NOTEHEAD_BLACK}
2017-10-06 15:18:39,211 INFO [91387488]         SlursBuilder.java:762  | LEFT collision SlurInter{#7381(0.722)} & SlurInter{#7481(0.478)} @ HeadInter{#5818(0.594/0.773) e#7254 s:11 p:2.00 NOTEHEAD_BLACK}
2017-10-06 15:18:39,211 INFO [91387488]         SlursBuilder.java:762  | RIGHT collision SlurInter{#7381(0.722)} & SlurInter{#7481(0.478)} @ HeadInter{#5794(0.654/0.814) e#7256 s:11 p:1.00 NOTEHEAD_BLACK}
2017-10-06 15:18:39,212 INFO [91387488]         SlursBuilder.java:762  | LEFT collision SlurInter{#7481(0.478)} & SlurInter{#7381(0.722)} @ HeadInter{#5818(0.594/0.773) e#7254 s:11 p:2.00 NOTEHEAD_BLACK}
2017-10-06 15:18:39,213 INFO [91387488]         SlursBuilder.java:762  | RIGHT collision SlurInter{#7481(0.478)} & SlurInter{#7381(0.722)} @ HeadInter{#5794(0.654/0.814) e#7256 s:11 p:1.00 NOTEHEAD_BLACK}
2017-10-06 15:18:39,213 INFO [91387488]         SlursBuilder.java:157  | Slurs: 47
2017-10-06 15:18:39,275 INFO [91387488]      SegmentsBuilder.java:113  | Segments: 23
2017-10-06 15:18:39,283 INFO [91387488]            BasicBook.java:1395 | Stored /book.xml
2017-10-06 15:18:40,663 INFO [91387488]           BasicSheet.java:979  | Stored /sheet#1/sheet#1.xml
2017-10-06 15:18:40,665 INFO [91387488]       StepMonitoring.java:96   | SYMBOLS
2017-10-06 15:18:43,074 INFO [91387488]       SymbolsBuilder.java:340  | Symbol parts shrunk from 9 to 7
2017-10-06 15:18:43,524 WARN [91387488]       SymbolsBuilder.java:229  | Error in glyph evaluation java.lang.ClassCastException: org.audiveris.omr.sig.inter.SmallChordInter cannot be cast to org.audiveris.omr.sig.inter.HeadChordInter
java.lang.ClassCastException: org.audiveris.omr.sig.inter.SmallChordInter cannot be cast to org.audiveris.omr.sig.inter.HeadChordInter
	at org.audiveris.omr.sig.inter.ArpeggiatoInter.create(ArpeggiatoInter.java:136)
	at org.audiveris.omr.sheet.symbol.SymbolFactory.create(SymbolFactory.java:220)
	at org.audiveris.omr.sheet.symbol.SymbolsBuilder.evaluateGlyph(SymbolsBuilder.java:227)
	at org.audiveris.omr.sheet.symbol.SymbolsBuilder.access$1200(SymbolsBuilder.java:68)
	at org.audiveris.omr.sheet.symbol.SymbolsBuilder$SymbolAdapter.evaluateGlyph(SymbolsBuilder.java:479)
	at org.audiveris.omr.glyph.GlyphCluster.process(GlyphCluster.java:200)
	at org.audiveris.omr.glyph.GlyphCluster.decompose(GlyphCluster.java:141)
	at org.audiveris.omr.sheet.symbol.SymbolsBuilder.processClusters(SymbolsBuilder.java:346)
	at org.audiveris.omr.sheet.symbol.SymbolsBuilder.buildSymbols(SymbolsBuilder.java:164)
	at org.audiveris.omr.sheet.symbol.SymbolsStep.doSystem(SymbolsStep.java:103)
	at org.audiveris.omr.sheet.symbol.SymbolsStep.doSystem(SymbolsStep.java:51)
	at org.audiveris.omr.step.AbstractSystemStep$1.call(AbstractSystemStep.java:198)
	at org.audiveris.omr.step.AbstractSystemStep$1.call(AbstractSystemStep.java:181)
	at org.audiveris.omr.step.AbstractSystemStep.doitPerSystem(AbstractSystemStep.java:219)
	at org.audiveris.omr.step.AbstractSystemStep.doit(AbstractSystemStep.java:106)
	at org.audiveris.omr.step.Step.doit(Step.java:168)
	at org.audiveris.omr.sheet.BasicStub$3.call(BasicStub.java:814)
	at org.audiveris.omr.sheet.BasicStub$3.call(BasicStub.java:802)
	at java.util.concurrent.FutureTask.run(FutureTask.java:266)
	at java.util.concurrent.ThreadPoolExecutor.runWorker(ThreadPoolExecutor.java:1149)
	at java.util.concurrent.ThreadPoolExecutor$Worker.run(ThreadPoolExecutor.java:624)
	at java.lang.Thread.run(Thread.java:748)
2017-10-06 15:18:44,003 INFO [91387488]            BasicBook.java:1395 | Stored /book.xml
2017-10-06 15:18:45,537 INFO [91387488]           BasicSheet.java:979  | Stored /sheet#1/sheet#1.xml
2017-10-06 15:18:45,540 INFO [91387488]       StepMonitoring.java:96   | LINKS
2017-10-06 15:18:45,578 INFO [91387488]        SymbolsLinker.java:252  | No chord above PedalInter{#8770(0.798) PEDAL_UP_MARK}
2017-10-06 15:18:45,579 INFO [91387488]        SymbolsLinker.java:252  | No chord above PedalInter{#8776(0.799) PEDAL_UP_MARK}
2017-10-06 15:18:45,580 INFO [91387488]        SymbolsLinker.java:252  | No chord above PedalInter{#8780(0.799) PEDAL_UP_MARK}
2017-10-06 15:18:45,580 INFO [91387488]        SymbolsLinker.java:252  | No chord above PedalInter{#8782(0.799) PEDAL_UP_MARK}
2017-10-06 15:18:45,585 INFO [91387488]        SymbolsLinker.java:323  | No chord above direction SentenceInter{#7025(0.651) s:10 IS-39 Direction} raII.
2017-10-06 15:18:45,585 INFO [91387488]        SymbolsLinker.java:252  | No chord above PedalInter{#8789(0.798) PEDAL_UP_MARK}
2017-10-06 15:18:45,586 INFO [91387488]        SymbolsLinker.java:252  | No chord above PedalInter{#8790(0.796) PEDAL_UP_MARK}
2017-10-06 15:18:45,591 INFO [91387488]        SymbolsLinker.java:252  | No chord above PedalInter{#8841(0.799) PEDAL_UP_MARK}
2017-10-06 15:18:45,605 INFO [91387488]            BasicBook.java:1395 | Stored /book.xml
2017-10-06 15:18:47,223 INFO [91387488]           BasicSheet.java:979  | Stored /sheet#1/sheet#1.xml
2017-10-06 15:18:47,229 INFO [91387488]       StepMonitoring.java:96   | RHYTHMS
2017-10-06 15:18:47,244 INFO [91387488]         SlotsBuilder.java:434  | Stack#4 endless loop detected
2017-10-06 15:18:47,248 INFO [91387488]         SlotsBuilder.java:434  | Stack#6 endless loop detected
2017-10-06 15:18:47,267 INFO [91387488]           PageRhythm.java:314  | Range{1-13 ts:3/4} Durations avgGuess:3/4 topGuess:1/2 avgValue:0.69 stacks:13 voices:33 Histogram{1/8-9/8 size:8 [1/8=1 1/4=4 3/8=6 1/2=7 5/8=4 3/4=7 7/8=2 9/8=2]}
2017-10-06 15:18:47,270 INFO [91387488]         SlotsBuilder.java:427  | S1 MeasureStack#2 Slot{#6 xOffset=285 timeOffset=5/8 incomings=[#7060] SUSPICIOUS}
2017-10-06 15:18:47,271 INFO [91387488]         SlotsBuilder.java:427  | S1 MeasureStack#2 Slot{#8 xOffset=343 timeOffset=7/8 incomings=[#7061] SUSPICIOUS}
2017-10-06 15:18:47,272 INFO [91387488]                Voice.java:257  | S1 MeasureStack#2 Voice #2 too long 3/8
2017-10-06 15:18:47,272 INFO [91387488]           StackTuner.java:92   | S1 MeasureStack#2 no correct rhythm
2017-10-06 15:18:47,273 INFO [91387488]         SlotsBuilder.java:427  | S1 MeasureStack#3 Slot{#4 xOffset=163 timeOffset=5/8 incomings=[#7048] SUSPICIOUS}
2017-10-06 15:18:47,274 INFO [91387488]         SlotsBuilder.java:427  | S1 MeasureStack#3 Slot{#6 xOffset=231 timeOffset=3/4 incomings=[#7049] SUSPICIOUS}
2017-10-06 15:18:47,274 INFO [91387488]                Voice.java:257  | S1 MeasureStack#3 Voice #1 too long 1/8
2017-10-06 15:18:47,275 INFO [91387488]           StackTuner.java:92   | S1 MeasureStack#3 no correct rhythm
2017-10-06 15:18:47,276 INFO [91387488]         SlotsBuilder.java:434  | Stack#4 endless loop detected
2017-10-06 15:18:47,277 INFO [91387488]                Voice.java:257  | S2 MeasureStack#5 Voice #1 too long 1/8
2017-10-06 15:18:47,278 INFO [91387488]                Voice.java:257  | S2 MeasureStack#5 Voice #2 too long 1/8
2017-10-06 15:18:47,278 INFO [91387488]           StackTuner.java:92   | S2 MeasureStack#5 no correct rhythm
2017-10-06 15:18:47,280 INFO [91387488]         SlotsBuilder.java:434  | Stack#6 endless loop detected
2017-10-06 15:18:47,281 INFO [91387488]                Voice.java:257  | S2 MeasureStack#7 Voice #1 too long 3/8
2017-10-06 15:18:47,282 INFO [91387488]                Voice.java:257  | S2 MeasureStack#7 Voice #2 too long 3/8
2017-10-06 15:18:47,282 INFO [91387488]           StackTuner.java:92   | S2 MeasureStack#7 no correct rhythm
2017-10-06 15:18:47,284 INFO [91387488]         SlotsBuilder.java:427  | S2 MeasureStack#8 Slot{#7 xOffset=302 timeOffset=3/4 incomings=[#7107#7108] SUSPICIOUS}
2017-10-06 15:18:47,285 INFO [91387488]         SlotsBuilder.java:427  | S2 MeasureStack#8 Slot{#9 xOffset=365 timeOffset=7/8 incomings=[#7109] SUSPICIOUS}
2017-10-06 15:18:47,285 INFO [91387488]                Voice.java:257  | S2 MeasureStack#8 Voice #1 too long 1/8
2017-10-06 15:18:47,285 INFO [91387488]                Voice.java:257  | S2 MeasureStack#8 Voice #2 too long 1/4
2017-10-06 15:18:47,285 INFO [91387488]                Voice.java:257  | S2 MeasureStack#8 Voice #3 too long 1/4
2017-10-06 15:18:47,286 INFO [91387488]           StackTuner.java:92   | S2 MeasureStack#8 no correct rhythm
2017-10-06 15:18:47,291 INFO [91387488]         SlotsBuilder.java:427  | S3 MeasureStack#11 Slot{#5 xOffset=179 timeOffset=1/2 incomings=[#7128] SUSPICIOUS}
2017-10-06 15:18:47,292 INFO [91387488]         SlotsBuilder.java:434  | Stack#11 endless loop detected
2017-10-06 15:18:47,294 INFO [91387488]         SlotsBuilder.java:427  | S3 MeasureStack#12 Slot{#5 xOffset=244 timeOffset=1/2 incomings=[#7162] SUSPICIOUS}
2017-10-06 15:18:47,295 INFO [91387488]                Voice.java:257  | S3 MeasureStack#12 Voice #1 too long 1/4
2017-10-06 15:18:47,295 INFO [91387488]                Voice.java:257  | S3 MeasureStack#12 Voice #2 too long 1/4
2017-10-06 15:18:47,295 INFO [91387488]                Voice.java:257  | S3 MeasureStack#12 Voice #4 too long 1/4
2017-10-06 15:18:47,295 INFO [91387488]           StackTuner.java:92   | S3 MeasureStack#12 no correct rhythm
2017-10-06 15:18:47,312 INFO [91387488]         SlotsBuilder.java:434  | Stack#10 endless loop detected
2017-10-06 15:18:47,317 INFO [91387488]           PageRhythm.java:314  | Range{1-13} Durations avgGuess:3/4 topGuess:3/4 avgValue:0.69 stacks:13 voices:43 Histogram{1/4-5/4 size:6 [1/4=3 3/8=1 1/2=15 3/4=21 1=1 5/4=2]}
2017-10-06 15:18:47,318 INFO [91387488]           PageRhythm.java:221  | S4 Range{1-13 dur:3/4} should update to 3/4-based time sig?
2017-10-06 15:18:47,319 INFO [91387488]                Voice.java:257  | S4 MeasureStack#1 Voice #1 too long 1/2
2017-10-06 15:18:47,319 INFO [91387488]                Voice.java:257  | S4 MeasureStack#1 Voice #2 too long 1/2
2017-10-06 15:18:47,320 INFO [91387488]           StackTuner.java:92   | S4 MeasureStack#1 no correct rhythm
2017-10-06 15:18:47,322 INFO [91387488]                Voice.java:257  | S4 MeasureStack#3 Voice #1 too long 1/4
2017-10-06 15:18:47,322 INFO [91387488]           StackTuner.java:92   | S4 MeasureStack#3 no correct rhythm
2017-10-06 15:18:47,329 INFO [91387488]         SlotsBuilder.java:427  | S5 MeasureStack#6 Slot{#3 xOffset=302 timeOffset=1/4 incomings=[#7225] SUSPICIOUS}
2017-10-06 15:18:47,330 INFO [91387488]         SlotsBuilder.java:427  | S5 MeasureStack#6 Slot{#6 xOffset=431 timeOffset=1/2 incomings=[#7226] SUSPICIOUS}
2017-10-06 15:18:47,335 INFO [91387488]         SlotsBuilder.java:434  | Stack#10 endless loop detected
2017-10-06 15:18:47,337 INFO [91387488]         SlotsBuilder.java:427  | S6 MeasureStack#12 Slot{#4 xOffset=225 timeOffset=1/2 incomings=[#7272] SUSPICIOUS}
2017-10-06 15:18:47,338 INFO [91387488]                Voice.java:257  | S6 MeasureStack#12 Voice #1 too long 1/2
2017-10-06 15:18:47,338 INFO [91387488]                Voice.java:257  | S6 MeasureStack#12 Voice #2 too long 1/4
2017-10-06 15:18:47,338 INFO [91387488]                Voice.java:257  | S6 MeasureStack#12 Voice #3 too long 1/4
2017-10-06 15:18:47,338 INFO [91387488]           StackTuner.java:92   | S6 MeasureStack#12 no correct rhythm
2017-10-06 15:18:47,341 INFO [91387488]            BasicBook.java:1395 | Stored /book.xml
2017-10-06 15:18:48,887 INFO [91387488]           BasicSheet.java:979  | Stored /sheet#1/sheet#1.xml
2017-10-06 15:18:48,889 INFO [91387488]       StepMonitoring.java:96   | PAGE
2017-10-06 15:18:48,892 INFO [91387488]                 Part.java:267  | Could not left-connect slur#7413
2017-10-06 15:18:48,895 INFO [91387488]                Voice.java:257  | S1 MeasureStack#2 Voice #2 too long 3/8
2017-10-06 15:18:48,896 INFO [91387488]                Voice.java:257  | S1 MeasureStack#3 Voice #1 too long 1/8
2017-10-06 15:18:48,896 INFO [91387488]                Voice.java:257  | S2 MeasureStack#5 Voice #1 too long 1/8
2017-10-06 15:18:48,896 INFO [91387488]                Voice.java:257  | S2 MeasureStack#5 Voice #2 too long 1/8
2017-10-06 15:18:48,896 INFO [91387488]                Voice.java:257  | S2 MeasureStack#7 Voice #1 too long 3/8
2017-10-06 15:18:48,897 INFO [91387488]                Voice.java:257  | S2 MeasureStack#7 Voice #2 too long 3/8
2017-10-06 15:18:48,897 INFO [91387488]                Voice.java:257  | S2 MeasureStack#8 Voice #1 too long 1/8
2017-10-06 15:18:48,897 INFO [91387488]                Voice.java:257  | S2 MeasureStack#8 Voice #2 too long 1/4
2017-10-06 15:18:48,898 INFO [91387488]                Voice.java:257  | S2 MeasureStack#8 Voice #3 too long 1/4
2017-10-06 15:18:48,898 INFO [91387488]                Voice.java:257  | S3 MeasureStack#12 Voice #1 too long 1/4
2017-10-06 15:18:48,899 INFO [91387488]                Voice.java:257  | S3 MeasureStack#12 Voice #2 too long 1/4
2017-10-06 15:18:48,899 INFO [91387488]                Voice.java:257  | S3 MeasureStack#12 Voice #4 too long 1/4
2017-10-06 15:18:48,900 INFO [91387488]                Voice.java:257  | S4 MeasureStack#1 Voice #1 too long 1/2
2017-10-06 15:18:48,900 INFO [91387488]                Voice.java:257  | S4 MeasureStack#1 Voice #2 too long 1/2
2017-10-06 15:18:48,900 INFO [91387488]                Voice.java:257  | S4 MeasureStack#3 Voice #1 too long 1/4
2017-10-06 15:18:48,901 INFO [91387488]                Voice.java:257  | S6 MeasureStack#12 Voice #1 too long 1/2
2017-10-06 15:18:48,901 INFO [91387488]                Voice.java:257  | S6 MeasureStack#12 Voice #2 too long 1/4
2017-10-06 15:18:48,901 INFO [91387488]                Voice.java:257  | S6 MeasureStack#12 Voice #3 too long 1/4
2017-10-06 15:18:48,903 INFO [91387488]            BasicBook.java:1395 | Stored /book.xml
2017-10-06 15:18:50,441 INFO [91387488]           BasicSheet.java:979  | Stored /sheet#1/sheet#1.xml
2017-10-06 15:18:50,444 INFO [91387488]            BasicStub.java:723  | Sheet{91387488} disposed
2017-10-06 15:18:51,659 INFO [91387488]            BasicStub.java:449  | Loaded /sheet#1/sheet#1.xml
2017-10-06 15:18:51,661 INFO [91387488]            BasicBook.java:1133 | Scores built: 2
2017-10-06 15:18:52,714 INFO [91387488]        ScoreExporter.java:93   | Score 91387488.mvt1 exported to /Users/stephenn/Documents/workspace/nlsomr/xml_out/91386487/91387488/91387488.mvt1.mxl
2017-10-06 15:18:52,720 WARN [91387488]      PartwiseBuilder.java:1379 | Error visiting null
java.lang.NullPointerException: null
	at org.audiveris.omr.score.PartwiseBuilder.processKey(PartwiseBuilder.java:1344)
	at org.audiveris.omr.score.PartwiseBuilder.processKeys(PartwiseBuilder.java:1407)
	at org.audiveris.omr.score.PartwiseBuilder.processMeasure(PartwiseBuilder.java:1575)
	at org.audiveris.omr.score.PartwiseBuilder.processPart(PartwiseBuilder.java:1988)
	at org.audiveris.omr.score.PartwiseBuilder.processSystem(PartwiseBuilder.java:2528)
	at org.audiveris.omr.score.PartwiseBuilder.processLogicalPart(PartwiseBuilder.java:1433)
	at org.audiveris.omr.score.PartwiseBuilder.processStub(PartwiseBuilder.java:2483)
	at org.audiveris.omr.score.PartwiseBuilder.processPartList(PartwiseBuilder.java:2017)
	at org.audiveris.omr.score.PartwiseBuilder.processScore(PartwiseBuilder.java:2195)
	at org.audiveris.omr.score.PartwiseBuilder.build(PartwiseBuilder.java:307)
	at org.audiveris.omr.score.ScoreExporter.export(ScoreExporter.java:117)
	at org.audiveris.omr.score.ScoreExporter.export(ScoreExporter.java:91)
	at org.audiveris.omr.sheet.BasicBook.export(BasicBook.java:589)
	at org.audiveris.omr.CLI$ProcessingTask.processBook(CLI.java:785)
	at org.audiveris.omr.CLI$CliTask.call(CLI.java:344)
	at org.audiveris.omr.Main.runBatchTasks(Main.java:316)
	at org.audiveris.omr.Main.main(Main.java:155)
	at Audiveris.main(Audiveris.java:49)
2017-10-06 15:18:52,724 WARN [91387488]      PartwiseBuilder.java:1379 | Error visiting null
java.lang.NullPointerException: null
	at org.audiveris.omr.score.PartwiseBuilder.processKey(PartwiseBuilder.java:1344)
	at org.audiveris.omr.score.PartwiseBuilder.processKeys(PartwiseBuilder.java:1407)
	at org.audiveris.omr.score.PartwiseBuilder.processMeasure(PartwiseBuilder.java:1575)
	at org.audiveris.omr.score.PartwiseBuilder.processPart(PartwiseBuilder.java:1988)
	at org.audiveris.omr.score.PartwiseBuilder.processSystem(PartwiseBuilder.java:2528)
	at org.audiveris.omr.score.PartwiseBuilder.processLogicalPart(PartwiseBuilder.java:1433)
	at org.audiveris.omr.score.PartwiseBuilder.processStub(PartwiseBuilder.java:2483)
	at org.audiveris.omr.score.PartwiseBuilder.processPartList(PartwiseBuilder.java:2017)
	at org.audiveris.omr.score.PartwiseBuilder.processScore(PartwiseBuilder.java:2195)
	at org.audiveris.omr.score.PartwiseBuilder.build(PartwiseBuilder.java:307)
	at org.audiveris.omr.score.ScoreExporter.export(ScoreExporter.java:117)
	at org.audiveris.omr.score.ScoreExporter.export(ScoreExporter.java:91)
	at org.audiveris.omr.sheet.BasicBook.export(BasicBook.java:589)
	at org.audiveris.omr.CLI$ProcessingTask.processBook(CLI.java:785)
	at org.audiveris.omr.CLI$CliTask.call(CLI.java:344)
	at org.audiveris.omr.Main.runBatchTasks(Main.java:316)
	at org.audiveris.omr.Main.main(Main.java:155)
	at Audiveris.main(Audiveris.java:49)
2017-10-06 15:18:52,749 INFO [91387488]        ScoreExporter.java:93   | Score 91387488.mvt2 exported to /Users/stephenn/Documents/workspace/nlsomr/xml_out/91386487/91387488/91387488.mvt2.mxl
2017-10-06 15:18:52,924 INFO [91387488]            BasicBook.java:1395 | Stored /book.xml
2017-10-06 15:18:52,928 INFO [91387488]            BasicBook.java:1355 | Book stored as /Users/stephenn/Documents/workspace/nlsomr/xml_out/91386487/91387488/91387488.omr
