2017-10-06 14:18:51,576 INFO [91386672]            BasicBook.java:427  | 1 sheet in /Users/stephenn/Documents/workspace/nlsomr/working/91386672.jpg
2017-10-06 14:18:51,724 INFO []            BasicBook.java:1395 | Stored /book.xml
2017-10-06 14:18:51,725 INFO []            BasicBook.java:1355 | Book stored as /Users/stephenn/Documents/workspace/nlsomr/xml_out/91386487/91386672/91386672.omr
2017-10-06 14:18:51,730 INFO []            BasicBook.java:996  | Book reaching PAGE on sheets:[#1]
2017-10-06 14:18:51,732 INFO [91386672]       StepMonitoring.java:96   | LOAD
2017-10-06 14:18:51,881 INFO [91386672]            BasicBook.java:911  | Loaded image 1 2000x3056 from /Users/stephenn/Documents/workspace/nlsomr/working/91386672.jpg
2017-10-06 14:18:51,886 INFO [91386672]            ImageUtil.java:82   | Converting max RGB to gray ...
2017-10-06 14:18:52,119 INFO [91386672]            BasicBook.java:1395 | Stored /book.xml
2017-10-06 14:18:52,407 INFO [91386672]           BasicSheet.java:979  | Stored /sheet#1/sheet#1.xml
2017-10-06 14:18:52,408 INFO [91386672]       StepMonitoring.java:96   | BINARY
2017-10-06 14:18:52,970 INFO [91386672]            BasicBook.java:1395 | Stored /book.xml
2017-10-06 14:18:53,304 INFO [91386672]              Picture.java:786  | Stored /sheet#1/BINARY.xml
2017-10-06 14:18:53,305 INFO [91386672]           BasicSheet.java:979  | Stored /sheet#1/sheet#1.xml
2017-10-06 14:18:53,307 INFO [91386672]       StepMonitoring.java:96   | SCALE
2017-10-06 14:18:53,346 INFO [91386672]            ScaleStep.java:87   | Scale{line(2,4,5) interline(16,17,18) beam(13)}
2017-10-06 14:18:53,349 INFO [91386672]            BasicBook.java:1395 | Stored /book.xml
2017-10-06 14:18:53,351 INFO [91386672]           BasicSheet.java:979  | Stored /sheet#1/sheet#1.xml
2017-10-06 14:18:53,354 INFO [91386672]       StepMonitoring.java:96   | GRID
2017-10-06 14:18:54,258 INFO [91386672]       LinesRetriever.java:442  | Global slope: 0.00000
2017-10-06 14:18:54,342 INFO [91386672]    ClustersRetriever.java:241  | Retrieved line clusters: 12 of size: 5 with interline: (16,17,18)
2017-10-06 14:18:54,928 INFO [91386672]            PeakGraph.java:181  | Systems: #1[1, 2] #2[3, 4] #3[5, 6] #4[7, 8] #5[9, 10] #6[11, 12]
2017-10-06 14:18:55,756 INFO [91386672]        SystemManager.java:626  | Indentation detected for system#1
2017-10-06 14:18:55,756 INFO [91386672]        SystemManager.java:626  | Indentation detected for system#3
2017-10-06 14:18:55,757 INFO [91386672]        SystemManager.java:671  | 2 pages found in sheet
2017-10-06 14:18:55,757 INFO [91386672]        SystemManager.java:709  | Page #1: 1 part along 2 systems
2017-10-06 14:18:55,757 INFO [91386672]        SystemManager.java:709  | Page #2: 1 part along 4 systems
2017-10-06 14:18:55,761 INFO [91386672]            BasicBook.java:1395 | Stored /book.xml
2017-10-06 14:18:55,967 INFO [91386672]           BasicSheet.java:979  | Stored /sheet#1/sheet#1.xml
2017-10-06 14:18:55,969 INFO [91386672]       StepMonitoring.java:96   | HEADERS
2017-10-06 14:18:56,319 INFO []          Nd4jBackend.java:194  | Loaded [CpuBackend] backend
2017-10-06 14:18:56,368 INFO []      NativeOpsHolder.java:49   | Number of threads used for NativeOps: 2
2017-10-06 14:18:56,792 INFO [] DefaultOpExecutioner.java:544  | Backend used: [CPU]; OS: [Mac OS X]
2017-10-06 14:18:56,792 INFO [] DefaultOpExecutioner.java:545  | Cores: [4]; Memory: [3.6GB];
2017-10-06 14:18:56,793 INFO [] DefaultOpExecutioner.java:546  | Blas vendor: [OPENBLAS]
2017-10-06 14:18:56,824 INFO []   AbstractClassifier.java:332  | Classifier data loaded from default uri jar:file:/Users/stephenn/Documents/workspace/audiveris/build/distributions/Audiveris/lib/audiveris.jar!/res/basic-classifier.zip
2017-10-06 14:18:58,228 WARN [91386672]          ClefBuilder.java:560  | Staff#2 no header clef.
2017-10-06 14:18:58,546 WARN [91386672]          ClefBuilder.java:560  | Staff#4 no header clef.
2017-10-06 14:18:58,738 WARN [91386672]          ClefBuilder.java:560  | Staff#6 no header clef.
2017-10-06 14:18:59,458 WARN [91386672]          ClefBuilder.java:560  | Staff#12 no header clef.
2017-10-06 14:18:59,473 INFO [91386672]            BasicBook.java:1395 | Stored /book.xml
2017-10-06 14:18:59,656 INFO []   AbstractClassifier.java:332  | Classifier data loaded from default uri jar:file:/Users/stephenn/Documents/workspace/audiveris/build/distributions/Audiveris/lib/audiveris.jar!/res/deep-classifier.zip
2017-10-06 14:18:59,835 INFO [91386672]           BasicSheet.java:979  | Stored /sheet#1/sheet#1.xml
2017-10-06 14:18:59,837 INFO [91386672]       StepMonitoring.java:96   | STEM_SEEDS
2017-10-06 14:18:59,933 INFO [91386672]        StemSeedsStep.java:91   | stem(3 max:4)
2017-10-06 14:19:00,042 INFO [91386672]            BasicBook.java:1395 | Stored /book.xml
2017-10-06 14:19:00,407 INFO [91386672]           BasicSheet.java:979  | Stored /sheet#1/sheet#1.xml
2017-10-06 14:19:00,409 INFO [91386672]       StepMonitoring.java:96   | BEAMS
2017-10-06 14:19:05,595 INFO [91386672]            BeamsStep.java:89   | BeamDistance{count:39 mean:14.97 stdDev:0.47}
2017-10-06 14:19:05,598 INFO [91386672]            BasicBook.java:1395 | Stored /book.xml
2017-10-06 14:19:05,692 INFO [91386672]              Picture.java:786  | Stored /sheet#1/HEAD_SPOTS.xml
2017-10-06 14:19:06,351 INFO [91386672]           BasicSheet.java:979  | Stored /sheet#1/sheet#1.xml
2017-10-06 14:19:06,353 INFO [91386672]       StepMonitoring.java:96   | LEDGERS
2017-10-06 14:19:06,948 INFO [91386672]            BasicBook.java:1395 | Stored /book.xml
2017-10-06 14:19:07,609 INFO [91386672]           BasicSheet.java:979  | Stored /sheet#1/sheet#1.xml
2017-10-06 14:19:07,612 INFO [91386672]       StepMonitoring.java:96   | HEADS
2017-10-06 14:19:09,944 INFO [91386672]            BasicBook.java:1395 | Stored /book.xml
2017-10-06 14:19:10,989 INFO [91386672]           BasicSheet.java:979  | Stored /sheet#1/sheet#1.xml
2017-10-06 14:19:10,991 INFO [91386672]       StepMonitoring.java:96   | STEMS
2017-10-06 14:19:12,843 INFO [91386672]            BasicBook.java:1395 | Stored /book.xml
2017-10-06 14:19:14,318 INFO [91386672]           BasicSheet.java:979  | Stored /sheet#1/sheet#1.xml
2017-10-06 14:19:14,321 INFO [91386672]       StepMonitoring.java:96   | REDUCTION
2017-10-06 14:19:14,663 INFO [91386672]            BasicBook.java:1395 | Stored /book.xml
2017-10-06 14:19:15,703 INFO [91386672]           BasicSheet.java:979  | Stored /sheet#1/sheet#1.xml
2017-10-06 14:19:15,706 INFO [91386672]       StepMonitoring.java:96   | CUE_BEAMS
2017-10-06 14:19:15,724 INFO [91386672]            BasicBook.java:1395 | Stored /book.xml
2017-10-06 14:19:16,719 INFO [91386672]           BasicSheet.java:979  | Stored /sheet#1/sheet#1.xml
2017-10-06 14:19:16,722 INFO [91386672]       StepMonitoring.java:96   | TEXTS
2017-10-06 14:19:18,582 INFO [91386672]            BasicBook.java:1395 | Stored /book.xml
2017-10-06 14:19:19,632 INFO [91386672]           BasicSheet.java:979  | Stored /sheet#1/sheet#1.xml
2017-10-06 14:19:19,635 INFO [91386672]       StepMonitoring.java:96   | MEASURES
2017-10-06 14:19:19,639 INFO [91386672]                 Page.java:210  | 9 raw measures: [4 in system#1, 5 in system#2]
2017-10-06 14:19:19,640 INFO [91386672]                 Page.java:210  | 18 raw measures: [5 in system#3, 4 in system#4, 5 in system#5, 4 in system#6]
2017-10-06 14:19:19,641 INFO [91386672]            BasicBook.java:1395 | Stored /book.xml
2017-10-06 14:19:20,662 INFO [91386672]           BasicSheet.java:979  | Stored /sheet#1/sheet#1.xml
2017-10-06 14:19:20,664 INFO [91386672]       StepMonitoring.java:96   | CHORDS
2017-10-06 14:19:20,679 INFO [91386672]            BasicBook.java:1395 | Stored /book.xml
2017-10-06 14:19:21,711 INFO [91386672]           BasicSheet.java:979  | Stored /sheet#1/sheet#1.xml
2017-10-06 14:19:21,714 INFO [91386672]       StepMonitoring.java:96   | CURVES
2017-10-06 14:19:23,703 INFO [91386672]         SlursBuilder.java:762  | RIGHT collision SlurInter{#5574(0.712)} & SlurInter{#5606(0.628)} @ HeadInter{#2702(0.691/0.827) e#5373 s:3 p:3.00 NOTEHEAD_BLACK}
2017-10-06 14:19:23,704 INFO [91386672]         SlursBuilder.java:762  | RIGHT collision SlurInter{#5606(0.628)} & SlurInter{#5574(0.712)} @ HeadInter{#2702(0.691/0.827) e#5373 s:3 p:3.00 NOTEHEAD_BLACK}
2017-10-06 14:19:23,706 INFO [91386672]         SlursBuilder.java:157  | Slurs: 39
2017-10-06 14:19:23,759 INFO [91386672]      SegmentsBuilder.java:113  | Segments: 34
2017-10-06 14:19:23,765 INFO [91386672]            BasicBook.java:1395 | Stored /book.xml
2017-10-06 14:19:25,762 INFO [91386672]           BasicSheet.java:979  | Stored /sheet#1/sheet#1.xml
2017-10-06 14:19:25,764 INFO [91386672]       StepMonitoring.java:96   | SYMBOLS
2017-10-06 14:19:27,544 INFO [91386672]            BasicBook.java:1395 | Stored /book.xml
2017-10-06 14:19:29,112 INFO [91386672]           BasicSheet.java:979  | Stored /sheet#1/sheet#1.xml
2017-10-06 14:19:29,114 INFO [91386672]       StepMonitoring.java:96   | LINKS
2017-10-06 14:19:29,159 INFO [91386672]            BasicBook.java:1395 | Stored /book.xml
2017-10-06 14:19:31,001 INFO [91386672]           BasicSheet.java:979  | Stored /sheet#1/sheet#1.xml
2017-10-06 14:19:31,004 INFO [91386672]       StepMonitoring.java:96   | RHYTHMS
2017-10-06 14:19:31,020 INFO [91386672]         SlotsBuilder.java:434  | Stack#4 endless loop detected
2017-10-06 14:19:31,036 INFO [91386672]           PageRhythm.java:314  | Range{1-9 ts:3/4} Durations avgGuess:3/4 topGuess:1/2 avgValue:0.63 stacks:9 voices:22 Histogram{1/8-7/8 size:9 [1/8=1 1/4=1 3/8=4 1/2=7 5/8=2 11/16=2 3/4=3 13/16=1 7/8=1]}
2017-10-06 14:19:31,043 INFO [91386672]                Voice.java:257  | S1 MeasureStack#3 Voice #1 too long 1/8
2017-10-06 14:19:31,043 INFO [91386672]           StackTuner.java:92   | S1 MeasureStack#3 no correct rhythm
2017-10-06 14:19:31,045 INFO [91386672]         SlotsBuilder.java:434  | Stack#4 endless loop detected
2017-10-06 14:19:31,047 INFO [91386672]                Voice.java:257  | S2 MeasureStack#5 Voice #2 too long 1/16
2017-10-06 14:19:31,048 INFO [91386672]           StackTuner.java:92   | S2 MeasureStack#5 no correct rhythm
2017-10-06 14:19:31,053 INFO [91386672]         SlotsBuilder.java:427  | S2 MeasureStack#7 Slot{#4 xOffset=148 timeOffset=1/2 incomings=[#5355#5357] SUSPICIOUS}
2017-10-06 14:19:31,053 INFO [91386672]         SlotsBuilder.java:434  | Stack#7 endless loop detected
2017-10-06 14:19:31,057 INFO [91386672]         SlotsBuilder.java:427  | S2 MeasureStack#8 Slot{#4 xOffset=161 timeOffset=3/8 incomings=[#5388] SUSPICIOUS}
2017-10-06 14:19:31,058 INFO [91386672]         SlotsBuilder.java:427  | S2 MeasureStack#8 Slot{#6 xOffset=195 timeOffset=7/16 incomings=[#5389] SUSPICIOUS}
2017-10-06 14:19:31,074 INFO [91386672]         SlotsBuilder.java:399  | Stack#11 suspicious Slot{#2 xOffset=116 timeOffset=1/8 incomings=[#5467#5497]}
2017-10-06 14:19:31,075 INFO [91386672]         SlotsBuilder.java:399  | Stack#12 suspicious Slot{#2 xOffset=115 timeOffset=1/8 incomings=[#5476#5501]}
2017-10-06 14:19:31,080 INFO [91386672]         SlotsBuilder.java:399  | Stack#15 suspicious Slot{#2 xOffset=252 timeOffset=1/8 incomings=[#5512#5535]}
2017-10-06 14:19:31,084 INFO [91386672]           PageRhythm.java:314  | Range{1-18 ts:2/4} Durations avgGuess:1/2 topGuess:1/2 avgValue:0.50 stacks:18 voices:45 Histogram{1/8-5/8 size:5 [1/8=5 1/4=7 3/8=5 1/2=27 5/8=1]}
2017-10-06 14:19:31,087 INFO [91386672]         SlotsBuilder.java:427  | S3 MeasureStack#3 Slot{#5 xOffset=204 timeOffset=1/2 incomings=[#5403] SUSPICIOUS}
2017-10-06 14:19:31,089 INFO [91386672]                Voice.java:257  | S3 MeasureStack#3 Voice #1 too long 1/8
2017-10-06 14:19:31,089 INFO [91386672]           StackTuner.java:92   | S3 MeasureStack#3 no correct rhythm
2017-10-06 14:19:31,091 INFO [91386672]         SlotsBuilder.java:427  | S3 MeasureStack#5 Slot{#5 xOffset=199 timeOffset=1/2 incomings=[#5414] SUSPICIOUS}
2017-10-06 14:19:31,092 INFO [91386672]                Voice.java:257  | S3 MeasureStack#5 Voice #1 too long 1/8
2017-10-06 14:19:31,092 INFO [91386672]           StackTuner.java:92   | S3 MeasureStack#5 no correct rhythm
2017-10-06 14:19:31,095 INFO [91386672]         SlotsBuilder.java:427  | S4 MeasureStack#7 Slot{#5 xOffset=302 timeOffset=1/2 incomings=[#5438] SUSPICIOUS}
2017-10-06 14:19:31,095 INFO [91386672]                Voice.java:257  | S4 MeasureStack#7 Voice #1 too long 1/8
2017-10-06 14:19:31,096 INFO [91386672]           StackTuner.java:92   | S4 MeasureStack#7 no correct rhythm
2017-10-06 14:19:31,099 INFO [91386672]         SlotsBuilder.java:427  | S5 MeasureStack#11 Slot{#5 xOffset=208 timeOffset=1/4 incomings=[#5470#5498] SUSPICIOUS}
2017-10-06 14:19:31,100 INFO [91386672]         SlotsBuilder.java:427  | S5 MeasureStack#11 Slot{#8 xOffset=299 timeOffset=3/8 incomings=[#5473#5499] SUSPICIOUS}
2017-10-06 14:19:31,103 INFO [91386672]         SlotsBuilder.java:427  | S5 MeasureStack#12 Slot{#5 xOffset=200 timeOffset=1/4 incomings=[#5478#5502] SUSPICIOUS}
2017-10-06 14:19:31,104 INFO [91386672]         SlotsBuilder.java:427  | S5 MeasureStack#12 Slot{#7 xOffset=268 timeOffset=3/8 incomings=[#5480#5503] SUSPICIOUS}
2017-10-06 14:19:31,108 INFO [91386672]         SlotsBuilder.java:434  | Stack#15 endless loop detected
2017-10-06 14:19:31,110 INFO [91386672]         SlotsBuilder.java:427  | S6 MeasureStack#16 Slot{#3 xOffset=123 timeOffset=1/4 incomings=[#5518] SUSPICIOUS}
2017-10-06 14:19:31,111 INFO [91386672]                Voice.java:257  | S6 MeasureStack#16 Voice #1 too long 1/4
2017-10-06 14:19:31,111 INFO [91386672]                Voice.java:257  | S6 MeasureStack#16 Voice #2 too long 1/4
2017-10-06 14:19:31,111 INFO [91386672]           StackTuner.java:92   | S6 MeasureStack#16 no correct rhythm
2017-10-06 14:19:31,114 INFO [91386672]                Voice.java:257  | S6 MeasureStack#17 Voice #3 too long 1/8
2017-10-06 14:19:31,114 INFO [91386672]           StackTuner.java:92   | S6 MeasureStack#17 no correct rhythm
2017-10-06 14:19:31,117 INFO [91386672]            BasicBook.java:1395 | Stored /book.xml
2017-10-06 14:19:32,759 INFO [91386672]           BasicSheet.java:979  | Stored /sheet#1/sheet#1.xml
2017-10-06 14:19:32,761 INFO [91386672]       StepMonitoring.java:96   | PAGE
2017-10-06 14:19:32,768 WARN [91386672]            BasicStub.java:841  | Error in PAGE java.util.concurrent.ExecutionException: java.lang.NullPointerException
java.util.concurrent.ExecutionException: java.lang.NullPointerException
	at java.util.concurrent.FutureTask.report(FutureTask.java:122)
	at java.util.concurrent.FutureTask.get(FutureTask.java:206)
	at org.audiveris.omr.sheet.BasicStub.doOneStep(BasicStub.java:824)
	at org.audiveris.omr.sheet.BasicStub.reachStep(BasicStub.java:564)
	at org.audiveris.omr.sheet.BasicBook.reachBookStep(BasicBook.java:1063)
	at org.audiveris.omr.sheet.BasicBook.transcribe(BasicBook.java:1446)
	at org.audiveris.omr.sheet.BasicBook.export(BasicBook.java:558)
	at org.audiveris.omr.CLI$ProcessingTask.processBook(CLI.java:785)
	at org.audiveris.omr.CLI$CliTask.call(CLI.java:344)
	at org.audiveris.omr.Main.runBatchTasks(Main.java:316)
	at org.audiveris.omr.Main.main(Main.java:155)
	at Audiveris.main(Audiveris.java:49)
Caused by: java.lang.NullPointerException: null
	at org.audiveris.omr.sheet.rhythm.Voices.getTiedId(Voices.java:366)
	at org.audiveris.omr.sheet.rhythm.Voices.refinePage(Voices.java:163)
	at org.audiveris.omr.step.PageStep.doit(PageStep.java:94)
	at org.audiveris.omr.step.Step.doit(Step.java:168)
	at org.audiveris.omr.sheet.BasicStub$3.call(BasicStub.java:814)
	at org.audiveris.omr.sheet.BasicStub$3.call(BasicStub.java:802)
	at java.util.concurrent.FutureTask.run(FutureTask.java:266)
	at java.util.concurrent.ThreadPoolExecutor.runWorker(ThreadPoolExecutor.java:1149)
	at java.util.concurrent.ThreadPoolExecutor$Worker.run(ThreadPoolExecutor.java:624)
	at java.lang.Thread.run(Thread.java:748)
2017-10-06 14:19:32,769 INFO [91386672]            BasicStub.java:846  | Cause java.lang.NullPointerException
2017-10-06 14:19:32,770 INFO [91386672]            BasicStub.java:571  | StepException detected in [LOAD, BINARY, SCALE, GRID, HEADERS, STEM_SEEDS, BEAMS, LEDGERS, HEADS, STEMS, REDUCTION, CUE_BEAMS, TEXTS, MEASURES, CHORDS, CURVES, SYMBOLS, LINKS, RHYTHMS, PAGE]
2017-10-06 14:19:32,772 INFO [91386672]            BasicBook.java:1133 | Scores built: 2
2017-10-06 14:19:33,780 WARN [91386672]      PartwiseBuilder.java:1379 | Error visiting null
java.lang.NullPointerException: null
	at org.audiveris.omr.score.PartwiseBuilder.processKey(PartwiseBuilder.java:1344)
	at org.audiveris.omr.score.PartwiseBuilder.processKeys(PartwiseBuilder.java:1407)
	at org.audiveris.omr.score.PartwiseBuilder.processMeasure(PartwiseBuilder.java:1575)
	at org.audiveris.omr.score.PartwiseBuilder.processPart(PartwiseBuilder.java:1988)
	at org.audiveris.omr.score.PartwiseBuilder.processSystem(PartwiseBuilder.java:2528)
	at org.audiveris.omr.score.PartwiseBuilder.processLogicalPart(PartwiseBuilder.java:1433)
	at org.audiveris.omr.score.PartwiseBuilder.processStub(PartwiseBuilder.java:2483)
	at org.audiveris.omr.score.PartwiseBuilder.processPartList(PartwiseBuilder.java:2017)
	at org.audiveris.omr.score.PartwiseBuilder.processScore(PartwiseBuilder.java:2195)
	at org.audiveris.omr.score.PartwiseBuilder.build(PartwiseBuilder.java:307)
	at org.audiveris.omr.score.ScoreExporter.export(ScoreExporter.java:117)
	at org.audiveris.omr.score.ScoreExporter.export(ScoreExporter.java:91)
	at org.audiveris.omr.sheet.BasicBook.export(BasicBook.java:589)
	at org.audiveris.omr.CLI$ProcessingTask.processBook(CLI.java:785)
	at org.audiveris.omr.CLI$CliTask.call(CLI.java:344)
	at org.audiveris.omr.Main.runBatchTasks(Main.java:316)
	at org.audiveris.omr.Main.main(Main.java:155)
	at Audiveris.main(Audiveris.java:49)
2017-10-06 14:19:33,787 WARN [91386672]      PartwiseBuilder.java:1379 | Error visiting null
java.lang.NullPointerException: null
	at org.audiveris.omr.score.PartwiseBuilder.processKey(PartwiseBuilder.java:1344)
	at org.audiveris.omr.score.PartwiseBuilder.processKeys(PartwiseBuilder.java:1407)
	at org.audiveris.omr.score.PartwiseBuilder.processMeasure(PartwiseBuilder.java:1575)
	at org.audiveris.omr.score.PartwiseBuilder.processPart(PartwiseBuilder.java:1988)
	at org.audiveris.omr.score.PartwiseBuilder.processSystem(PartwiseBuilder.java:2528)
	at org.audiveris.omr.score.PartwiseBuilder.processLogicalPart(PartwiseBuilder.java:1433)
	at org.audiveris.omr.score.PartwiseBuilder.processStub(PartwiseBuilder.java:2483)
	at org.audiveris.omr.score.PartwiseBuilder.processPartList(PartwiseBuilder.java:2017)
	at org.audiveris.omr.score.PartwiseBuilder.processScore(PartwiseBuilder.java:2195)
	at org.audiveris.omr.score.PartwiseBuilder.build(PartwiseBuilder.java:307)
	at org.audiveris.omr.score.ScoreExporter.export(ScoreExporter.java:117)
	at org.audiveris.omr.score.ScoreExporter.export(ScoreExporter.java:91)
	at org.audiveris.omr.sheet.BasicBook.export(BasicBook.java:589)
	at org.audiveris.omr.CLI$ProcessingTask.processBook(CLI.java:785)
	at org.audiveris.omr.CLI$CliTask.call(CLI.java:344)
	at org.audiveris.omr.Main.runBatchTasks(Main.java:316)
	at org.audiveris.omr.Main.main(Main.java:155)
	at Audiveris.main(Audiveris.java:49)
2017-10-06 14:19:33,836 INFO [91386672]        ScoreExporter.java:93   | Score 91386672.mvt1 exported to /Users/stephenn/Documents/workspace/nlsomr/xml_out/91386487/91386672/91386672.mvt1.mxl
2017-10-06 14:19:33,839 INFO [91386672]        ScoreExporter.java:93   | Score 91386672.mvt2 exported to /Users/stephenn/Documents/workspace/nlsomr/xml_out/91386487/91386672/91386672.mvt2.mxl
2017-10-06 14:19:34,074 INFO [91386672]            BasicBook.java:1395 | Stored /book.xml
2017-10-06 14:19:35,182 INFO [91386672]           BasicSheet.java:979  | Stored /sheet#1/sheet#1.xml
2017-10-06 14:19:35,183 INFO [91386672]            BasicBook.java:1355 | Book stored as /Users/stephenn/Documents/workspace/nlsomr/xml_out/91386487/91386672/91386672.omr
