2017-10-06 15:08:22,714 INFO [91387356]            BasicBook.java:427  | 1 sheet in /Users/stephenn/Documents/workspace/nlsomr/working/91387356.jpg
2017-10-06 15:08:22,862 INFO []            BasicBook.java:1395 | Stored /book.xml
2017-10-06 15:08:22,862 INFO []            BasicBook.java:1355 | Book stored as /Users/stephenn/Documents/workspace/nlsomr/xml_out/91386487/91387356/91387356.omr
2017-10-06 15:08:22,867 INFO []            BasicBook.java:996  | Book reaching PAGE on sheets:[#1]
2017-10-06 15:08:22,868 INFO [91387356]       StepMonitoring.java:96   | LOAD
2017-10-06 15:08:23,016 INFO [91387356]            BasicBook.java:911  | Loaded image 1 2000x3056 from /Users/stephenn/Documents/workspace/nlsomr/working/91387356.jpg
2017-10-06 15:08:23,019 INFO [91387356]            ImageUtil.java:82   | Converting max RGB to gray ...
2017-10-06 15:08:23,270 INFO [91387356]            BasicBook.java:1395 | Stored /book.xml
2017-10-06 15:08:23,573 INFO [91387356]           BasicSheet.java:979  | Stored /sheet#1/sheet#1.xml
2017-10-06 15:08:23,575 INFO [91387356]       StepMonitoring.java:96   | BINARY
2017-10-06 15:08:24,137 INFO [91387356]            BasicBook.java:1395 | Stored /book.xml
2017-10-06 15:08:24,467 INFO [91387356]              Picture.java:786  | Stored /sheet#1/BINARY.xml
2017-10-06 15:08:24,469 INFO [91387356]           BasicSheet.java:979  | Stored /sheet#1/sheet#1.xml
2017-10-06 15:08:24,471 INFO [91387356]       StepMonitoring.java:96   | SCALE
2017-10-06 15:08:24,510 INFO [91387356]            ScaleStep.java:87   | Scale{line(3,4,5) interline(16,16,17) beam(13)}
2017-10-06 15:08:24,512 INFO [91387356]            BasicBook.java:1395 | Stored /book.xml
2017-10-06 15:08:24,515 INFO [91387356]           BasicSheet.java:979  | Stored /sheet#1/sheet#1.xml
2017-10-06 15:08:24,517 INFO [91387356]       StepMonitoring.java:96   | GRID
2017-10-06 15:08:25,419 INFO [91387356]       LinesRetriever.java:442  | Global slope: -0.00139
2017-10-06 15:08:25,547 INFO [91387356]    ClustersRetriever.java:241  | Retrieved line clusters: 12 of size: 5 with interline: (16,16,17)
2017-10-06 15:08:26,164 INFO [91387356]            PeakGraph.java:181  | Systems: #1[1, 2] #2[3, 4] #3[5, 6] #4[7, 8] #5[9, 10] #6[11, 12]
2017-10-06 15:08:26,263 INFO [91387356]        BarsRetriever.java:910  | No brace partner at level:1 for Peak{192-200 F#2536 T#1 [BRACE]}
2017-10-06 15:08:26,263 INFO [91387356]        BarsRetriever.java:910  | No brace partner at level:1 for Peak{279-298 F#2538 T#2 [BRACE, BRACE_BOTTOM]}
2017-10-06 15:08:26,969 INFO [91387356]        SystemManager.java:626  | Indentation detected for system#1
2017-10-06 15:08:26,970 INFO [91387356]        SystemManager.java:626  | Indentation detected for system#3
2017-10-06 15:08:26,971 INFO [91387356]        SystemManager.java:671  | 2 pages found in sheet
2017-10-06 15:08:26,971 INFO [91387356]        SystemManager.java:709  | Page #1: 2 parts along 2 systems
2017-10-06 15:08:26,971 INFO [91387356]        SystemManager.java:709  | Page #2: 1 part along 4 systems
2017-10-06 15:08:26,975 INFO [91387356]            BasicBook.java:1395 | Stored /book.xml
2017-10-06 15:08:27,197 INFO [91387356]           BasicSheet.java:979  | Stored /sheet#1/sheet#1.xml
2017-10-06 15:08:27,200 INFO [91387356]       StepMonitoring.java:96   | HEADERS
2017-10-06 15:08:27,600 INFO [91387356]          Nd4jBackend.java:194  | Loaded [CpuBackend] backend
2017-10-06 15:08:27,661 INFO [91387356]      NativeOpsHolder.java:49   | Number of threads used for NativeOps: 2
2017-10-06 15:08:28,128 INFO [91387356] DefaultOpExecutioner.java:544  | Backend used: [CPU]; OS: [Mac OS X]
2017-10-06 15:08:28,128 INFO [91387356] DefaultOpExecutioner.java:545  | Cores: [4]; Memory: [3.6GB];
2017-10-06 15:08:28,129 INFO [91387356] DefaultOpExecutioner.java:546  | Blas vendor: [OPENBLAS]
2017-10-06 15:08:28,170 INFO [91387356]   AbstractClassifier.java:332  | Classifier data loaded from default uri jar:file:/Users/stephenn/Documents/workspace/audiveris/build/distributions/Audiveris/lib/audiveris.jar!/res/basic-classifier.zip
2017-10-06 15:08:29,627 INFO [91387356]           KeyBuilder.java:746  | Staff#1 key slice#2 pitch adjusted from -3.7 to -3
2017-10-06 15:08:30,066 WARN [91387356]          ClefBuilder.java:560  | Staff#6 no header clef.
2017-10-06 15:08:30,455 WARN [91387356]          ClefBuilder.java:560  | Staff#8 no header clef.
2017-10-06 15:08:30,912 INFO [91387356]            BasicBook.java:1395 | Stored /book.xml
2017-10-06 15:08:31,223 INFO []   AbstractClassifier.java:332  | Classifier data loaded from default uri jar:file:/Users/stephenn/Documents/workspace/audiveris/build/distributions/Audiveris/lib/audiveris.jar!/res/deep-classifier.zip
2017-10-06 15:08:31,370 INFO [91387356]           BasicSheet.java:979  | Stored /sheet#1/sheet#1.xml
2017-10-06 15:08:31,373 INFO [91387356]       StepMonitoring.java:96   | STEM_SEEDS
2017-10-06 15:08:31,467 INFO [91387356]        StemSeedsStep.java:91   | stem(4 max:5)
2017-10-06 15:08:31,595 INFO [91387356]            BasicBook.java:1395 | Stored /book.xml
2017-10-06 15:08:31,950 INFO [91387356]           BasicSheet.java:979  | Stored /sheet#1/sheet#1.xml
2017-10-06 15:08:31,953 INFO [91387356]       StepMonitoring.java:96   | BEAMS
2017-10-06 15:08:36,692 INFO [91387356]            BeamsStep.java:89   | BeamDistance{count:4 mean:14.89 stdDev:1.62}
2017-10-06 15:08:36,695 INFO [91387356]            BasicBook.java:1395 | Stored /book.xml
2017-10-06 15:08:36,779 INFO [91387356]              Picture.java:786  | Stored /sheet#1/HEAD_SPOTS.xml
2017-10-06 15:08:37,274 INFO [91387356]           BasicSheet.java:979  | Stored /sheet#1/sheet#1.xml
2017-10-06 15:08:37,277 INFO [91387356]       StepMonitoring.java:96   | LEDGERS
2017-10-06 15:08:38,077 INFO [91387356]            BasicBook.java:1395 | Stored /book.xml
2017-10-06 15:08:38,643 INFO [91387356]           BasicSheet.java:979  | Stored /sheet#1/sheet#1.xml
2017-10-06 15:08:38,647 INFO [91387356]       StepMonitoring.java:96   | HEADS
2017-10-06 15:08:41,426 INFO [91387356]            BasicBook.java:1395 | Stored /book.xml
2017-10-06 15:08:42,743 INFO [91387356]           BasicSheet.java:979  | Stored /sheet#1/sheet#1.xml
2017-10-06 15:08:42,745 INFO [91387356]       StepMonitoring.java:96   | STEMS
2017-10-06 15:08:45,482 INFO [91387356]            BasicBook.java:1395 | Stored /book.xml
2017-10-06 15:08:47,303 INFO [91387356]           BasicSheet.java:979  | Stored /sheet#1/sheet#1.xml
2017-10-06 15:08:47,306 INFO [91387356]       StepMonitoring.java:96   | REDUCTION
2017-10-06 15:08:49,070 INFO [91387356]            BasicBook.java:1395 | Stored /book.xml
2017-10-06 15:08:50,295 INFO [91387356]           BasicSheet.java:979  | Stored /sheet#1/sheet#1.xml
2017-10-06 15:08:50,298 INFO [91387356]       StepMonitoring.java:96   | CUE_BEAMS
2017-10-06 15:08:50,303 INFO [91387356]            BasicBook.java:1395 | Stored /book.xml
2017-10-06 15:08:51,528 INFO [91387356]           BasicSheet.java:979  | Stored /sheet#1/sheet#1.xml
2017-10-06 15:08:51,530 INFO [91387356]       StepMonitoring.java:96   | TEXTS
2017-10-06 15:08:53,302 INFO [91387356]            BasicBook.java:1395 | Stored /book.xml
2017-10-06 15:08:54,458 INFO [91387356]           BasicSheet.java:979  | Stored /sheet#1/sheet#1.xml
2017-10-06 15:08:54,461 INFO [91387356]       StepMonitoring.java:96   | MEASURES
2017-10-06 15:08:54,465 INFO [91387356]                 Page.java:210  | 8 raw measures: [4 in system#1, 4 in system#2]
2017-10-06 15:08:54,466 INFO [91387356]                 Page.java:210  | 17 raw measures: [4 in system#3, 4 in system#4, 4 in system#5, 5 in system#6]
2017-10-06 15:08:54,467 INFO [91387356]            BasicBook.java:1395 | Stored /book.xml
2017-10-06 15:08:55,644 INFO [91387356]           BasicSheet.java:979  | Stored /sheet#1/sheet#1.xml
2017-10-06 15:08:55,647 INFO [91387356]       StepMonitoring.java:96   | CHORDS
2017-10-06 15:08:55,661 INFO [91387356]            BasicBook.java:1395 | Stored /book.xml
2017-10-06 15:08:56,886 INFO [91387356]           BasicSheet.java:979  | Stored /sheet#1/sheet#1.xml
2017-10-06 15:08:56,888 INFO [91387356]       StepMonitoring.java:96   | CURVES
2017-10-06 15:08:58,561 INFO [91387356]         SlursBuilder.java:157  | Slurs: 25
2017-10-06 15:08:58,580 INFO [91387356]      SegmentsBuilder.java:113  | Segments: 26
2017-10-06 15:08:58,587 INFO [91387356]            BasicBook.java:1395 | Stored /book.xml
2017-10-06 15:09:00,009 INFO [91387356]           BasicSheet.java:979  | Stored /sheet#1/sheet#1.xml
2017-10-06 15:09:00,011 INFO [91387356]       StepMonitoring.java:96   | SYMBOLS
2017-10-06 15:09:03,381 INFO [91387356]            BasicBook.java:1395 | Stored /book.xml
2017-10-06 15:09:04,858 INFO [91387356]           BasicSheet.java:979  | Stored /sheet#1/sheet#1.xml
2017-10-06 15:09:04,860 INFO [91387356]       StepMonitoring.java:96   | LINKS
2017-10-06 15:09:04,884 INFO [91387356]        SymbolsLinker.java:306  | No measure stack for direction SentenceInter{#6648(0.625) s:5 S-48 Direction} J: 100.
2017-10-06 15:09:04,888 INFO [91387356]        SymbolsLinker.java:252  | No chord above PedalInter{#8377(0.799) PEDAL_UP_MARK}
2017-10-06 15:09:04,889 INFO [91387356]        SymbolsLinker.java:252  | No chord above PedalInter{#8380(0.797) PEDAL_UP_MARK}
2017-10-06 15:09:04,892 INFO [91387356]        SymbolsLinker.java:252  | No chord above PedalInter{#8388(0.688) PEDAL_UP_MARK}
2017-10-06 15:09:04,892 INFO [91387356]        SymbolsLinker.java:252  | No chord above PedalInter{#8390(0.798) PEDAL_UP_MARK}
2017-10-06 15:09:04,918 INFO [91387356]            BasicBook.java:1395 | Stored /book.xml
2017-10-06 15:09:06,412 INFO [91387356]           BasicSheet.java:979  | Stored /sheet#1/sheet#1.xml
2017-10-06 15:09:06,415 INFO [91387356]       StepMonitoring.java:96   | RHYTHMS
2017-10-06 15:09:06,449 INFO [91387356]           PageRhythm.java:314  | Range{1-8} Durations avgGuess:1 topGuess:1 avgValue:1.03 stacks:8 voices:18 Histogram{3/8-2 size:7 [3/8=1 13/16=1 7/8=1 1=10 5/4=3 7/4=1 2=1]}
2017-10-06 15:09:06,450 INFO [91387356]           PageRhythm.java:221  | S1 Range{1-8 dur:1} should update to 1-based time sig?
2017-10-06 15:09:06,453 INFO [91387356]                Voice.java:257  | S1 MeasureStack#1 Voice #1 too long 1
2017-10-06 15:09:06,454 INFO [91387356]                Voice.java:257  | S1 MeasureStack#1 Voice #1 too long 3/4
2017-10-06 15:09:06,454 INFO [91387356]           StackTuner.java:92   | S1 MeasureStack#1 no correct rhythm
2017-10-06 15:09:06,458 INFO [91387356]         SlotsBuilder.java:427  | S1 MeasureStack#3 Slot{#5 xOffset=228 timeOffset=7/8 incomings=[#6676#6677] SUSPICIOUS}
2017-10-06 15:09:06,459 INFO [91387356]                Voice.java:257  | S1 MeasureStack#3 Voice #1 too long 1/8
2017-10-06 15:09:06,459 INFO [91387356]                Voice.java:257  | S1 MeasureStack#3 Voice #2 too long 1/8
2017-10-06 15:09:06,459 INFO [91387356]           StackTuner.java:92   | S1 MeasureStack#3 no correct rhythm
2017-10-06 15:09:06,462 INFO [91387356]                Voice.java:257  | S1 MeasureStack#4 Voice #1 too long 1/4
2017-10-06 15:09:06,463 INFO [91387356]                Voice.java:257  | S1 MeasureStack#4 Voice #2 too long 1/4
2017-10-06 15:09:06,463 INFO [91387356]                Voice.java:257  | S1 MeasureStack#4 Voice #1 too long 1/4
2017-10-06 15:09:06,463 INFO [91387356]           StackTuner.java:92   | S1 MeasureStack#4 no correct rhythm
2017-10-06 15:09:06,469 INFO [91387356]         SlotsBuilder.java:427  | S2 MeasureStack#7 Slot{#8 xOffset=331 timeOffset=13/16 incomings=[#6726] SUSPICIOUS}
2017-10-06 15:09:06,470 INFO [91387356]                Voice.java:257  | S2 MeasureStack#7 Voice #1 too long 1/16
2017-10-06 15:09:06,470 INFO [91387356]           StackTuner.java:92   | S2 MeasureStack#7 no correct rhythm
2017-10-06 15:09:06,485 INFO [91387356]           PageRhythm.java:314  | Range{1-17 ts:4/4} Durations avgGuess:3/4 topGuess:3/4 avgValue:0.64 stacks:17 voices:43 Histogram{1/4-7/8 size:7 [1/4=1 3/8=2 1/2=17 9/16=1 5/8=1 3/4=19 7/8=2]}
2017-10-06 15:09:06,486 INFO [91387356]           PageRhythm.java:221  | S3 Range{1-17 ts:4/4 dur:3/4} should update to 3/4-based time sig?
2017-10-06 15:09:06,487 INFO [91387356]         SlotsBuilder.java:427  | S3 MeasureStack#2 Slot{#3 xOffset=140 timeOffset=1/2 incomings=[#6767] SUSPICIOUS}
2017-10-06 15:09:06,488 INFO [91387356]                Voice.java:257  | S3 MeasureStack#2 Voice #1 too long 1/4
2017-10-06 15:09:06,489 INFO [91387356]                Voice.java:257  | S3 MeasureStack#2 Voice #2 too long 1/4
2017-10-06 15:09:06,489 INFO [91387356]           StackTuner.java:92   | S3 MeasureStack#2 no correct rhythm
2017-10-06 15:09:06,494 INFO [91387356]         SlotsBuilder.java:427  | S4 MeasureStack#8 Slot{#4 xOffset=199 timeOffset=3/8 incomings=[#6803] SUSPICIOUS}
2017-10-06 15:09:06,495 INFO [91387356]         SlotsBuilder.java:427  | S4 MeasureStack#8 Slot{#7 xOffset=319 timeOffset=5/8 incomings=[#6804] SUSPICIOUS}
2017-10-06 15:09:06,497 INFO [91387356]                Voice.java:257  | S4 MeasureStack#8 Voice #3 too long 1/8
2017-10-06 15:09:06,497 INFO [91387356]           StackTuner.java:92   | S4 MeasureStack#8 no correct rhythm
2017-10-06 15:09:06,501 INFO [91387356]         SlotsBuilder.java:427  | S5 MeasureStack#12 Slot{#6 xOffset=292 timeOffset=9/16 incomings=[#6840] SUSPICIOUS}
2017-10-06 15:09:06,502 INFO [91387356]         SlotsBuilder.java:427  | S5 MeasureStack#12 Slot{#8 xOffset=354 timeOffset=11/16 incomings=[#6841] SUSPICIOUS}
2017-10-06 15:09:06,503 INFO [91387356]                Voice.java:257  | S5 MeasureStack#12 Voice #3 too long 1/16
2017-10-06 15:09:06,503 INFO [91387356]           StackTuner.java:92   | S5 MeasureStack#12 no correct rhythm
2017-10-06 15:09:06,504 INFO [91387356]                Voice.java:257  | S6 MeasureStack#13 Voice #1 too long 1/8
2017-10-06 15:09:06,505 INFO [91387356]                Voice.java:257  | S6 MeasureStack#13 Voice #2 too long 1/8
2017-10-06 15:09:06,505 INFO [91387356]           StackTuner.java:92   | S6 MeasureStack#13 no correct rhythm
2017-10-06 15:09:06,511 INFO [91387356]            BasicBook.java:1395 | Stored /book.xml
2017-10-06 15:09:07,998 INFO [91387356]           BasicSheet.java:979  | Stored /sheet#1/sheet#1.xml
2017-10-06 15:09:08,000 INFO [91387356]       StepMonitoring.java:96   | PAGE
2017-10-06 15:09:08,004 INFO [91387356]                Voice.java:257  | S1 MeasureStack#1 Voice #1 too long 1
2017-10-06 15:09:08,004 INFO [91387356]                Voice.java:257  | S1 MeasureStack#1 Voice #1 too long 3/4
2017-10-06 15:09:08,005 INFO [91387356]                Voice.java:257  | S1 MeasureStack#3 Voice #1 too long 1/8
2017-10-06 15:09:08,005 INFO [91387356]                Voice.java:257  | S1 MeasureStack#3 Voice #2 too long 1/8
2017-10-06 15:09:08,005 INFO [91387356]                Voice.java:257  | S1 MeasureStack#4 Voice #1 too long 1/4
2017-10-06 15:09:08,006 INFO [91387356]                Voice.java:257  | S1 MeasureStack#4 Voice #2 too long 1/4
2017-10-06 15:09:08,006 INFO [91387356]                Voice.java:257  | S1 MeasureStack#4 Voice #1 too long 1/4
2017-10-06 15:09:08,006 INFO [91387356]                Voice.java:257  | S2 MeasureStack#7 Voice #1 too long 1/16
2017-10-06 15:09:08,009 INFO [91387356]                 Part.java:267  | Could not left-connect slur#6936
2017-10-06 15:09:08,011 INFO [91387356]                Voice.java:257  | S3 MeasureStack#2 Voice #1 too long 1/4
2017-10-06 15:09:08,011 INFO [91387356]                Voice.java:257  | S3 MeasureStack#2 Voice #2 too long 1/4
2017-10-06 15:09:08,012 INFO [91387356]                Voice.java:257  | S4 MeasureStack#8 Voice #3 too long 1/8
2017-10-06 15:09:08,012 INFO [91387356]                Voice.java:257  | S5 MeasureStack#12 Voice #3 too long 1/16
2017-10-06 15:09:08,013 INFO [91387356]                Voice.java:257  | S6 MeasureStack#13 Voice #1 too long 1/8
2017-10-06 15:09:08,013 INFO [91387356]                Voice.java:257  | S6 MeasureStack#13 Voice #2 too long 1/8
2017-10-06 15:09:08,015 INFO [91387356]            BasicBook.java:1395 | Stored /book.xml
2017-10-06 15:09:09,472 INFO [91387356]           BasicSheet.java:979  | Stored /sheet#1/sheet#1.xml
2017-10-06 15:09:09,476 INFO [91387356]            BasicStub.java:723  | Sheet{91387356} disposed
2017-10-06 15:09:10,460 WARN [91387356]              SIGraph.java:192  | Error in class org.audiveris.omr.sig.SIGraph afterReload() java.lang.ClassCastException: org.audiveris.omr.sig.inter.SmallChordInter cannot be cast to org.audiveris.omr.sig.inter.HeadChordInter
java.lang.ClassCastException: org.audiveris.omr.sig.inter.SmallChordInter cannot be cast to org.audiveris.omr.sig.inter.HeadChordInter
	at org.audiveris.omr.sig.inter.ArticulationInter.getStaff(ArticulationInter.java:102)
	at org.audiveris.omr.sheet.Staff$StaffHolder.checkStaffHolder(Staff.java:1804)
	at org.audiveris.omr.sig.SIGraph.afterReload(SIGraph.java:189)
	at org.audiveris.omr.sheet.SystemInfo.afterReload(SystemInfo.java:257)
	at org.audiveris.omr.sheet.BasicSheet.afterReload(BasicSheet.java:327)
	at org.audiveris.omr.sheet.BasicStub.getSheet(BasicStub.java:448)
	at org.audiveris.omr.sheet.BasicStub.getSheet(BasicStub.java:86)
	at org.audiveris.omr.score.Score.getPage(Score.java:608)
	at org.audiveris.omr.score.Score.getPages(Score.java:380)
	at org.audiveris.omr.score.ScoreReduction.<init>(ScoreReduction.java:94)
	at org.audiveris.omr.sheet.BasicBook.reduceScores(BasicBook.java:1109)
	at org.audiveris.omr.sheet.BasicBook.transcribe(BasicBook.java:1448)
	at org.audiveris.omr.sheet.BasicBook.export(BasicBook.java:558)
	at org.audiveris.omr.CLI$ProcessingTask.processBook(CLI.java:785)
	at org.audiveris.omr.CLI$CliTask.call(CLI.java:344)
	at org.audiveris.omr.Main.runBatchTasks(Main.java:316)
	at org.audiveris.omr.Main.main(Main.java:155)
	at Audiveris.main(Audiveris.java:49)
2017-10-06 15:09:10,462 INFO [91387356]            BasicStub.java:449  | Loaded /sheet#1/sheet#1.xml
2017-10-06 15:09:10,464 INFO [91387356]            BasicBook.java:1133 | Scores built: 2
2017-10-06 15:09:11,624 INFO [91387356]                 Part.java:312  | S#2 {Part#3 staves[3,4]} createDummyPart for id=1
2017-10-06 15:09:11,626 WARN [91387356]      PartwiseBuilder.java:1970 | Error visiting RestInter{#0(0.000) e#0 s:0 p:-1.00 WHOLE_REST}
java.lang.NullPointerException: null
	at org.audiveris.omr.score.PartwiseBuilder.processNote(PartwiseBuilder.java:1735)
	at org.audiveris.omr.score.PartwiseBuilder.processChord(PartwiseBuilder.java:1056)
	at org.audiveris.omr.score.PartwiseBuilder.processMeasure(PartwiseBuilder.java:1614)
	at org.audiveris.omr.score.PartwiseBuilder.processPart(PartwiseBuilder.java:1988)
	at org.audiveris.omr.score.PartwiseBuilder.processSystem(PartwiseBuilder.java:2532)
	at org.audiveris.omr.score.PartwiseBuilder.processLogicalPart(PartwiseBuilder.java:1433)
	at org.audiveris.omr.score.PartwiseBuilder.processStub(PartwiseBuilder.java:2483)
	at org.audiveris.omr.score.PartwiseBuilder.processPartList(PartwiseBuilder.java:2017)
	at org.audiveris.omr.score.PartwiseBuilder.processScore(PartwiseBuilder.java:2195)
	at org.audiveris.omr.score.PartwiseBuilder.build(PartwiseBuilder.java:307)
	at org.audiveris.omr.score.ScoreExporter.export(ScoreExporter.java:117)
	at org.audiveris.omr.score.ScoreExporter.export(ScoreExporter.java:91)
	at org.audiveris.omr.sheet.BasicBook.export(BasicBook.java:589)
	at org.audiveris.omr.CLI$ProcessingTask.processBook(CLI.java:785)
	at org.audiveris.omr.CLI$CliTask.call(CLI.java:344)
	at org.audiveris.omr.Main.runBatchTasks(Main.java:316)
	at org.audiveris.omr.Main.main(Main.java:155)
	at Audiveris.main(Audiveris.java:49)
2017-10-06 15:09:11,631 WARN [91387356]      PartwiseBuilder.java:1970 | Error visiting RestInter{#0(0.000) e#0 s:0 p:-1.00 WHOLE_REST}
java.lang.NullPointerException: null
	at org.audiveris.omr.score.PartwiseBuilder.processNote(PartwiseBuilder.java:1735)
	at org.audiveris.omr.score.PartwiseBuilder.processChord(PartwiseBuilder.java:1056)
	at org.audiveris.omr.score.PartwiseBuilder.processMeasure(PartwiseBuilder.java:1614)
	at org.audiveris.omr.score.PartwiseBuilder.processPart(PartwiseBuilder.java:1988)
	at org.audiveris.omr.score.PartwiseBuilder.processSystem(PartwiseBuilder.java:2532)
	at org.audiveris.omr.score.PartwiseBuilder.processLogicalPart(PartwiseBuilder.java:1433)
	at org.audiveris.omr.score.PartwiseBuilder.processStub(PartwiseBuilder.java:2483)
	at org.audiveris.omr.score.PartwiseBuilder.processPartList(PartwiseBuilder.java:2017)
	at org.audiveris.omr.score.PartwiseBuilder.processScore(PartwiseBuilder.java:2195)
	at org.audiveris.omr.score.PartwiseBuilder.build(PartwiseBuilder.java:307)
	at org.audiveris.omr.score.ScoreExporter.export(ScoreExporter.java:117)
	at org.audiveris.omr.score.ScoreExporter.export(ScoreExporter.java:91)
	at org.audiveris.omr.sheet.BasicBook.export(BasicBook.java:589)
	at org.audiveris.omr.CLI$ProcessingTask.processBook(CLI.java:785)
	at org.audiveris.omr.CLI$CliTask.call(CLI.java:344)
	at org.audiveris.omr.Main.runBatchTasks(Main.java:316)
	at org.audiveris.omr.Main.main(Main.java:155)
	at Audiveris.main(Audiveris.java:49)
2017-10-06 15:09:11,632 WARN [91387356]      PartwiseBuilder.java:1970 | Error visiting RestInter{#0(0.000) e#0 s:0 p:-1.00 WHOLE_REST}
java.lang.NullPointerException: null
	at org.audiveris.omr.score.PartwiseBuilder.processNote(PartwiseBuilder.java:1735)
	at org.audiveris.omr.score.PartwiseBuilder.processChord(PartwiseBuilder.java:1056)
	at org.audiveris.omr.score.PartwiseBuilder.processMeasure(PartwiseBuilder.java:1614)
	at org.audiveris.omr.score.PartwiseBuilder.processPart(PartwiseBuilder.java:1988)
	at org.audiveris.omr.score.PartwiseBuilder.processSystem(PartwiseBuilder.java:2532)
	at org.audiveris.omr.score.PartwiseBuilder.processLogicalPart(PartwiseBuilder.java:1433)
	at org.audiveris.omr.score.PartwiseBuilder.processStub(PartwiseBuilder.java:2483)
	at org.audiveris.omr.score.PartwiseBuilder.processPartList(PartwiseBuilder.java:2017)
	at org.audiveris.omr.score.PartwiseBuilder.processScore(PartwiseBuilder.java:2195)
	at org.audiveris.omr.score.PartwiseBuilder.build(PartwiseBuilder.java:307)
	at org.audiveris.omr.score.ScoreExporter.export(ScoreExporter.java:117)
	at org.audiveris.omr.score.ScoreExporter.export(ScoreExporter.java:91)
	at org.audiveris.omr.sheet.BasicBook.export(BasicBook.java:589)
	at org.audiveris.omr.CLI$ProcessingTask.processBook(CLI.java:785)
	at org.audiveris.omr.CLI$CliTask.call(CLI.java:344)
	at org.audiveris.omr.Main.runBatchTasks(Main.java:316)
	at org.audiveris.omr.Main.main(Main.java:155)
	at Audiveris.main(Audiveris.java:49)
2017-10-06 15:09:11,634 WARN [91387356]      PartwiseBuilder.java:1970 | Error visiting RestInter{#0(0.000) e#0 s:0 p:-1.00 WHOLE_REST}
java.lang.NullPointerException: null
	at org.audiveris.omr.score.PartwiseBuilder.processNote(PartwiseBuilder.java:1735)
	at org.audiveris.omr.score.PartwiseBuilder.processChord(PartwiseBuilder.java:1056)
	at org.audiveris.omr.score.PartwiseBuilder.processMeasure(PartwiseBuilder.java:1614)
	at org.audiveris.omr.score.PartwiseBuilder.processPart(PartwiseBuilder.java:1988)
	at org.audiveris.omr.score.PartwiseBuilder.processSystem(PartwiseBuilder.java:2532)
	at org.audiveris.omr.score.PartwiseBuilder.processLogicalPart(PartwiseBuilder.java:1433)
	at org.audiveris.omr.score.PartwiseBuilder.processStub(PartwiseBuilder.java:2483)
	at org.audiveris.omr.score.PartwiseBuilder.processPartList(PartwiseBuilder.java:2017)
	at org.audiveris.omr.score.PartwiseBuilder.processScore(PartwiseBuilder.java:2195)
	at org.audiveris.omr.score.PartwiseBuilder.build(PartwiseBuilder.java:307)
	at org.audiveris.omr.score.ScoreExporter.export(ScoreExporter.java:117)
	at org.audiveris.omr.score.ScoreExporter.export(ScoreExporter.java:91)
	at org.audiveris.omr.sheet.BasicBook.export(BasicBook.java:589)
	at org.audiveris.omr.CLI$ProcessingTask.processBook(CLI.java:785)
	at org.audiveris.omr.CLI$CliTask.call(CLI.java:344)
	at org.audiveris.omr.Main.runBatchTasks(Main.java:316)
	at org.audiveris.omr.Main.main(Main.java:155)
	at Audiveris.main(Audiveris.java:49)
2017-10-06 15:09:11,638 INFO [91387356]                 Part.java:312  | S#2 {Part#3 staves[3,4]} createDummyPart for id=2
2017-10-06 15:09:11,642 WARN [91387356]      PartwiseBuilder.java:1970 | Error visiting RestInter{#0(0.000) e#0 s:0 p:-1.00 WHOLE_REST}
java.lang.NullPointerException: null
	at org.audiveris.omr.score.PartwiseBuilder.processNote(PartwiseBuilder.java:1735)
	at org.audiveris.omr.score.PartwiseBuilder.processChord(PartwiseBuilder.java:1056)
	at org.audiveris.omr.score.PartwiseBuilder.processMeasure(PartwiseBuilder.java:1614)
	at org.audiveris.omr.score.PartwiseBuilder.processPart(PartwiseBuilder.java:1988)
	at org.audiveris.omr.score.PartwiseBuilder.processSystem(PartwiseBuilder.java:2532)
	at org.audiveris.omr.score.PartwiseBuilder.processLogicalPart(PartwiseBuilder.java:1433)
	at org.audiveris.omr.score.PartwiseBuilder.processStub(PartwiseBuilder.java:2483)
	at org.audiveris.omr.score.PartwiseBuilder.processPartList(PartwiseBuilder.java:2017)
	at org.audiveris.omr.score.PartwiseBuilder.processScore(PartwiseBuilder.java:2195)
	at org.audiveris.omr.score.PartwiseBuilder.build(PartwiseBuilder.java:307)
	at org.audiveris.omr.score.ScoreExporter.export(ScoreExporter.java:117)
	at org.audiveris.omr.score.ScoreExporter.export(ScoreExporter.java:91)
	at org.audiveris.omr.sheet.BasicBook.export(BasicBook.java:589)
	at org.audiveris.omr.CLI$ProcessingTask.processBook(CLI.java:785)
	at org.audiveris.omr.CLI$CliTask.call(CLI.java:344)
	at org.audiveris.omr.Main.runBatchTasks(Main.java:316)
	at org.audiveris.omr.Main.main(Main.java:155)
	at Audiveris.main(Audiveris.java:49)
2017-10-06 15:09:11,648 WARN [91387356]      PartwiseBuilder.java:1970 | Error visiting RestInter{#0(0.000) e#0 s:0 p:-1.00 WHOLE_REST}
java.lang.NullPointerException: null
	at org.audiveris.omr.score.PartwiseBuilder.processNote(PartwiseBuilder.java:1735)
	at org.audiveris.omr.score.PartwiseBuilder.processChord(PartwiseBuilder.java:1056)
	at org.audiveris.omr.score.PartwiseBuilder.processMeasure(PartwiseBuilder.java:1614)
	at org.audiveris.omr.score.PartwiseBuilder.processPart(PartwiseBuilder.java:1988)
	at org.audiveris.omr.score.PartwiseBuilder.processSystem(PartwiseBuilder.java:2532)
	at org.audiveris.omr.score.PartwiseBuilder.processLogicalPart(PartwiseBuilder.java:1433)
	at org.audiveris.omr.score.PartwiseBuilder.processStub(PartwiseBuilder.java:2483)
	at org.audiveris.omr.score.PartwiseBuilder.processPartList(PartwiseBuilder.java:2017)
	at org.audiveris.omr.score.PartwiseBuilder.processScore(PartwiseBuilder.java:2195)
	at org.audiveris.omr.score.PartwiseBuilder.build(PartwiseBuilder.java:307)
	at org.audiveris.omr.score.ScoreExporter.export(ScoreExporter.java:117)
	at org.audiveris.omr.score.ScoreExporter.export(ScoreExporter.java:91)
	at org.audiveris.omr.sheet.BasicBook.export(BasicBook.java:589)
	at org.audiveris.omr.CLI$ProcessingTask.processBook(CLI.java:785)
	at org.audiveris.omr.CLI$CliTask.call(CLI.java:344)
	at org.audiveris.omr.Main.runBatchTasks(Main.java:316)
	at org.audiveris.omr.Main.main(Main.java:155)
	at Audiveris.main(Audiveris.java:49)
2017-10-06 15:09:11,650 WARN [91387356]      PartwiseBuilder.java:1970 | Error visiting RestInter{#0(0.000) e#0 s:0 p:-1.00 WHOLE_REST}
java.lang.NullPointerException: null
	at org.audiveris.omr.score.PartwiseBuilder.processNote(PartwiseBuilder.java:1735)
	at org.audiveris.omr.score.PartwiseBuilder.processChord(PartwiseBuilder.java:1056)
	at org.audiveris.omr.score.PartwiseBuilder.processMeasure(PartwiseBuilder.java:1614)
	at org.audiveris.omr.score.PartwiseBuilder.processPart(PartwiseBuilder.java:1988)
	at org.audiveris.omr.score.PartwiseBuilder.processSystem(PartwiseBuilder.java:2532)
	at org.audiveris.omr.score.PartwiseBuilder.processLogicalPart(PartwiseBuilder.java:1433)
	at org.audiveris.omr.score.PartwiseBuilder.processStub(PartwiseBuilder.java:2483)
	at org.audiveris.omr.score.PartwiseBuilder.processPartList(PartwiseBuilder.java:2017)
	at org.audiveris.omr.score.PartwiseBuilder.processScore(PartwiseBuilder.java:2195)
	at org.audiveris.omr.score.PartwiseBuilder.build(PartwiseBuilder.java:307)
	at org.audiveris.omr.score.ScoreExporter.export(ScoreExporter.java:117)
	at org.audiveris.omr.score.ScoreExporter.export(ScoreExporter.java:91)
	at org.audiveris.omr.sheet.BasicBook.export(BasicBook.java:589)
	at org.audiveris.omr.CLI$ProcessingTask.processBook(CLI.java:785)
	at org.audiveris.omr.CLI$CliTask.call(CLI.java:344)
	at org.audiveris.omr.Main.runBatchTasks(Main.java:316)
	at org.audiveris.omr.Main.main(Main.java:155)
	at Audiveris.main(Audiveris.java:49)
2017-10-06 15:09:11,653 WARN [91387356]      PartwiseBuilder.java:1970 | Error visiting RestInter{#0(0.000) e#0 s:0 p:-1.00 WHOLE_REST}
java.lang.NullPointerException: null
	at org.audiveris.omr.score.PartwiseBuilder.processNote(PartwiseBuilder.java:1735)
	at org.audiveris.omr.score.PartwiseBuilder.processChord(PartwiseBuilder.java:1056)
	at org.audiveris.omr.score.PartwiseBuilder.processMeasure(PartwiseBuilder.java:1614)
	at org.audiveris.omr.score.PartwiseBuilder.processPart(PartwiseBuilder.java:1988)
	at org.audiveris.omr.score.PartwiseBuilder.processSystem(PartwiseBuilder.java:2532)
	at org.audiveris.omr.score.PartwiseBuilder.processLogicalPart(PartwiseBuilder.java:1433)
	at org.audiveris.omr.score.PartwiseBuilder.processStub(PartwiseBuilder.java:2483)
	at org.audiveris.omr.score.PartwiseBuilder.processPartList(PartwiseBuilder.java:2017)
	at org.audiveris.omr.score.PartwiseBuilder.processScore(PartwiseBuilder.java:2195)
	at org.audiveris.omr.score.PartwiseBuilder.build(PartwiseBuilder.java:307)
	at org.audiveris.omr.score.ScoreExporter.export(ScoreExporter.java:117)
	at org.audiveris.omr.score.ScoreExporter.export(ScoreExporter.java:91)
	at org.audiveris.omr.sheet.BasicBook.export(BasicBook.java:589)
	at org.audiveris.omr.CLI$ProcessingTask.processBook(CLI.java:785)
	at org.audiveris.omr.CLI$CliTask.call(CLI.java:344)
	at org.audiveris.omr.Main.runBatchTasks(Main.java:316)
	at org.audiveris.omr.Main.main(Main.java:155)
	at Audiveris.main(Audiveris.java:49)
2017-10-06 15:09:11,654 INFO [91387356]                 Part.java:312  | S#1 {Part#1 staves[1] name:Vivo.} createDummyPart for id=3
2017-10-06 15:09:11,654 WARN [91387356]      PartwiseBuilder.java:2547 | Error visiting System#1
java.lang.NullPointerException: null
	at org.audiveris.omr.sig.inter.Inter$6.compare(Inter.java:159)
	at org.audiveris.omr.sig.inter.Inter$6.compare(Inter.java:150)
	at java.util.TreeMap.put(TreeMap.java:552)
	at java.util.TreeSet.add(TreeSet.java:255)
	at org.audiveris.omr.sheet.rhythm.Measure.addInter(Measure.java:241)
	at org.audiveris.omr.sheet.Part.createDummyPart(Part.java:349)
	at org.audiveris.omr.score.PartwiseBuilder.processSystem(PartwiseBuilder.java:2531)
	at org.audiveris.omr.score.PartwiseBuilder.processLogicalPart(PartwiseBuilder.java:1433)
	at org.audiveris.omr.score.PartwiseBuilder.processStub(PartwiseBuilder.java:2483)
	at org.audiveris.omr.score.PartwiseBuilder.processPartList(PartwiseBuilder.java:2017)
	at org.audiveris.omr.score.PartwiseBuilder.processScore(PartwiseBuilder.java:2195)
	at org.audiveris.omr.score.PartwiseBuilder.build(PartwiseBuilder.java:307)
	at org.audiveris.omr.score.ScoreExporter.export(ScoreExporter.java:117)
	at org.audiveris.omr.score.ScoreExporter.export(ScoreExporter.java:91)
	at org.audiveris.omr.sheet.BasicBook.export(BasicBook.java:589)
	at org.audiveris.omr.CLI$ProcessingTask.processBook(CLI.java:785)
	at org.audiveris.omr.CLI$CliTask.call(CLI.java:344)
	at org.audiveris.omr.Main.runBatchTasks(Main.java:316)
	at org.audiveris.omr.Main.main(Main.java:155)
	at Audiveris.main(Audiveris.java:49)
2017-10-06 15:09:11,717 INFO [91387356]        ScoreExporter.java:93   | Score 91387356.mvt1 exported to /Users/stephenn/Documents/workspace/nlsomr/xml_out/91386487/91387356/91387356.mvt1.mxl
2017-10-06 15:09:11,719 WARN [91387356]      PartwiseBuilder.java:1379 | Error visiting null
java.lang.NullPointerException: null
	at org.audiveris.omr.score.PartwiseBuilder.processKey(PartwiseBuilder.java:1344)
	at org.audiveris.omr.score.PartwiseBuilder.processKeys(PartwiseBuilder.java:1407)
	at org.audiveris.omr.score.PartwiseBuilder.processMeasure(PartwiseBuilder.java:1575)
	at org.audiveris.omr.score.PartwiseBuilder.processPart(PartwiseBuilder.java:1988)
	at org.audiveris.omr.score.PartwiseBuilder.processSystem(PartwiseBuilder.java:2528)
	at org.audiveris.omr.score.PartwiseBuilder.processLogicalPart(PartwiseBuilder.java:1433)
	at org.audiveris.omr.score.PartwiseBuilder.processStub(PartwiseBuilder.java:2483)
	at org.audiveris.omr.score.PartwiseBuilder.processPartList(PartwiseBuilder.java:2017)
	at org.audiveris.omr.score.PartwiseBuilder.processScore(PartwiseBuilder.java:2195)
	at org.audiveris.omr.score.PartwiseBuilder.build(PartwiseBuilder.java:307)
	at org.audiveris.omr.score.ScoreExporter.export(ScoreExporter.java:117)
	at org.audiveris.omr.score.ScoreExporter.export(ScoreExporter.java:91)
	at org.audiveris.omr.sheet.BasicBook.export(BasicBook.java:589)
	at org.audiveris.omr.CLI$ProcessingTask.processBook(CLI.java:785)
	at org.audiveris.omr.CLI$CliTask.call(CLI.java:344)
	at org.audiveris.omr.Main.runBatchTasks(Main.java:316)
	at org.audiveris.omr.Main.main(Main.java:155)
	at Audiveris.main(Audiveris.java:49)
2017-10-06 15:09:11,723 WARN [91387356]      PartwiseBuilder.java:1379 | Error visiting null
java.lang.NullPointerException: null
	at org.audiveris.omr.score.PartwiseBuilder.processKey(PartwiseBuilder.java:1344)
	at org.audiveris.omr.score.PartwiseBuilder.processKeys(PartwiseBuilder.java:1407)
	at org.audiveris.omr.score.PartwiseBuilder.processMeasure(PartwiseBuilder.java:1575)
	at org.audiveris.omr.score.PartwiseBuilder.processPart(PartwiseBuilder.java:1988)
	at org.audiveris.omr.score.PartwiseBuilder.processSystem(PartwiseBuilder.java:2528)
	at org.audiveris.omr.score.PartwiseBuilder.processLogicalPart(PartwiseBuilder.java:1433)
	at org.audiveris.omr.score.PartwiseBuilder.processStub(PartwiseBuilder.java:2483)
	at org.audiveris.omr.score.PartwiseBuilder.processPartList(PartwiseBuilder.java:2017)
	at org.audiveris.omr.score.PartwiseBuilder.processScore(PartwiseBuilder.java:2195)
	at org.audiveris.omr.score.PartwiseBuilder.build(PartwiseBuilder.java:307)
	at org.audiveris.omr.score.ScoreExporter.export(ScoreExporter.java:117)
	at org.audiveris.omr.score.ScoreExporter.export(ScoreExporter.java:91)
	at org.audiveris.omr.sheet.BasicBook.export(BasicBook.java:589)
	at org.audiveris.omr.CLI$ProcessingTask.processBook(CLI.java:785)
	at org.audiveris.omr.CLI$CliTask.call(CLI.java:344)
	at org.audiveris.omr.Main.runBatchTasks(Main.java:316)
	at org.audiveris.omr.Main.main(Main.java:155)
	at Audiveris.main(Audiveris.java:49)
2017-10-06 15:09:11,772 INFO [91387356]        ScoreExporter.java:93   | Score 91387356.mvt2 exported to /Users/stephenn/Documents/workspace/nlsomr/xml_out/91386487/91387356/91387356.mvt2.mxl
2017-10-06 15:09:11,974 INFO [91387356]            BasicBook.java:1395 | Stored /book.xml
2017-10-06 15:09:11,975 INFO [91387356]            BasicBook.java:1355 | Book stored as /Users/stephenn/Documents/workspace/nlsomr/xml_out/91386487/91387356/91387356.omr
