2017-10-06 15:45:31,965 INFO [91387860]            BasicBook.java:427  | 1 sheet in /Users/stephenn/Documents/workspace/nlsomr/working/91387860.jpg
2017-10-06 15:45:32,243 INFO []            BasicBook.java:1395 | Stored /book.xml
2017-10-06 15:45:32,244 INFO []            BasicBook.java:1355 | Book stored as /Users/stephenn/Documents/workspace/nlsomr/xml_out/91386487/91387860/91387860.omr
2017-10-06 15:45:32,250 INFO []            BasicBook.java:996  | Book reaching PAGE on sheets:[#1]
2017-10-06 15:45:32,253 INFO [91387860]       StepMonitoring.java:96   | LOAD
2017-10-06 15:45:32,417 INFO [91387860]            BasicBook.java:911  | Loaded image 1 2000x3056 from /Users/stephenn/Documents/workspace/nlsomr/working/91387860.jpg
2017-10-06 15:45:32,420 INFO [91387860]            ImageUtil.java:82   | Converting max RGB to gray ...
2017-10-06 15:45:32,686 INFO [91387860]            BasicBook.java:1395 | Stored /book.xml
2017-10-06 15:45:33,111 INFO [91387860]           BasicSheet.java:979  | Stored /sheet#1/sheet#1.xml
2017-10-06 15:45:33,113 INFO [91387860]       StepMonitoring.java:96   | BINARY
2017-10-06 15:45:33,710 INFO [91387860]            BasicBook.java:1395 | Stored /book.xml
2017-10-06 15:45:34,108 INFO [91387860]              Picture.java:786  | Stored /sheet#1/BINARY.xml
2017-10-06 15:45:34,110 INFO [91387860]           BasicSheet.java:979  | Stored /sheet#1/sheet#1.xml
2017-10-06 15:45:34,112 INFO [91387860]       StepMonitoring.java:96   | SCALE
2017-10-06 15:45:34,155 INFO [91387860]            ScaleStep.java:87   | Scale{line(3,4,5) interline(16,16,17) beam(13)}
2017-10-06 15:45:34,158 INFO [91387860]            BasicBook.java:1395 | Stored /book.xml
2017-10-06 15:45:34,160 INFO [91387860]           BasicSheet.java:979  | Stored /sheet#1/sheet#1.xml
2017-10-06 15:45:34,162 INFO [91387860]       StepMonitoring.java:96   | GRID
2017-10-06 15:45:35,222 INFO [91387860]       LinesRetriever.java:442  | Global slope: -0.00039
2017-10-06 15:45:35,332 INFO [91387860]    ClustersRetriever.java:241  | Retrieved line clusters: 12 of size: 5 with interline: (16,16,17)
2017-10-06 15:45:36,005 INFO [91387860]            PeakGraph.java:181  | Systems: #1[1, 2] #2[3, 4] #3[5, 6] #4[7, 8] #5[9, 10] #6[11, 12]
2017-10-06 15:45:36,767 INFO [91387860]        SystemManager.java:626  | Indentation detected for system#3
2017-10-06 15:45:36,768 INFO [91387860]        SystemManager.java:671  | 2 pages found in sheet
2017-10-06 15:45:36,769 INFO [91387860]        SystemManager.java:709  | Page #1: 1 part along 2 systems
2017-10-06 15:45:36,769 INFO [91387860]        SystemManager.java:709  | Page #2: 1 part along 4 systems
2017-10-06 15:45:36,774 INFO [91387860]            BasicBook.java:1395 | Stored /book.xml
2017-10-06 15:45:37,003 INFO [91387860]           BasicSheet.java:979  | Stored /sheet#1/sheet#1.xml
2017-10-06 15:45:37,006 INFO [91387860]       StepMonitoring.java:96   | HEADERS
2017-10-06 15:45:37,432 INFO []          Nd4jBackend.java:194  | Loaded [CpuBackend] backend
2017-10-06 15:45:37,499 INFO []      NativeOpsHolder.java:49   | Number of threads used for NativeOps: 2
2017-10-06 15:45:38,042 INFO [] DefaultOpExecutioner.java:544  | Backend used: [CPU]; OS: [Mac OS X]
2017-10-06 15:45:38,042 INFO [] DefaultOpExecutioner.java:545  | Cores: [4]; Memory: [3.6GB];
2017-10-06 15:45:38,042 INFO [] DefaultOpExecutioner.java:546  | Blas vendor: [OPENBLAS]
2017-10-06 15:45:38,088 INFO []   AbstractClassifier.java:332  | Classifier data loaded from default uri jar:file:/Users/stephenn/Documents/workspace/audiveris/build/distributions/Audiveris/lib/audiveris.jar!/res/basic-classifier.zip
2017-10-06 15:45:41,201 INFO [91387860]            BasicBook.java:1395 | Stored /book.xml
2017-10-06 15:45:41,440 INFO []   AbstractClassifier.java:332  | Classifier data loaded from default uri jar:file:/Users/stephenn/Documents/workspace/audiveris/build/distributions/Audiveris/lib/audiveris.jar!/res/deep-classifier.zip
2017-10-06 15:45:41,587 INFO [91387860]           BasicSheet.java:979  | Stored /sheet#1/sheet#1.xml
2017-10-06 15:45:41,589 INFO [91387860]       StepMonitoring.java:96   | STEM_SEEDS
2017-10-06 15:45:41,688 INFO [91387860]        StemSeedsStep.java:91   | stem(4 max:5)
2017-10-06 15:45:41,816 INFO [91387860]            BasicBook.java:1395 | Stored /book.xml
2017-10-06 15:45:42,135 INFO [91387860]           BasicSheet.java:979  | Stored /sheet#1/sheet#1.xml
2017-10-06 15:45:42,138 INFO [91387860]       StepMonitoring.java:96   | BEAMS
2017-10-06 15:45:47,087 INFO [91387860]            BeamsStep.java:89   | BeamDistance{count:5 mean:15.33 stdDev:0.43}
2017-10-06 15:45:47,094 INFO [91387860]            BasicBook.java:1395 | Stored /book.xml
2017-10-06 15:45:47,158 INFO [91387860]              Picture.java:786  | Stored /sheet#1/HEAD_SPOTS.xml
2017-10-06 15:45:47,597 INFO [91387860]           BasicSheet.java:979  | Stored /sheet#1/sheet#1.xml
2017-10-06 15:45:47,601 INFO [91387860]       StepMonitoring.java:96   | LEDGERS
2017-10-06 15:45:47,986 INFO [91387860]            BasicBook.java:1395 | Stored /book.xml
2017-10-06 15:45:48,506 INFO [91387860]           BasicSheet.java:979  | Stored /sheet#1/sheet#1.xml
2017-10-06 15:45:48,508 INFO [91387860]       StepMonitoring.java:96   | HEADS
2017-10-06 15:45:51,242 INFO [91387860]            BasicBook.java:1395 | Stored /book.xml
2017-10-06 15:45:52,554 INFO [91387860]           BasicSheet.java:979  | Stored /sheet#1/sheet#1.xml
2017-10-06 15:45:52,556 INFO [91387860]       StepMonitoring.java:96   | STEMS
2017-10-06 15:45:54,143 INFO [91387860]            BasicBook.java:1395 | Stored /book.xml
2017-10-06 15:45:55,550 INFO [91387860]           BasicSheet.java:979  | Stored /sheet#1/sheet#1.xml
2017-10-06 15:45:55,552 INFO [91387860]       StepMonitoring.java:96   | REDUCTION
2017-10-06 15:45:56,169 INFO [91387860]            BasicBook.java:1395 | Stored /book.xml
2017-10-06 15:45:57,138 INFO [91387860]           BasicSheet.java:979  | Stored /sheet#1/sheet#1.xml
2017-10-06 15:45:57,140 INFO [91387860]       StepMonitoring.java:96   | CUE_BEAMS
2017-10-06 15:45:57,144 INFO [91387860]            BasicBook.java:1395 | Stored /book.xml
2017-10-06 15:45:58,081 INFO [91387860]           BasicSheet.java:979  | Stored /sheet#1/sheet#1.xml
2017-10-06 15:45:58,084 INFO [91387860]       StepMonitoring.java:96   | TEXTS
2017-10-06 15:45:59,494 INFO [91387860]            BasicBook.java:1395 | Stored /book.xml
2017-10-06 15:46:00,422 INFO [91387860]           BasicSheet.java:979  | Stored /sheet#1/sheet#1.xml
2017-10-06 15:46:00,424 INFO [91387860]       StepMonitoring.java:96   | MEASURES
2017-10-06 15:46:00,429 INFO [91387860]                 Page.java:210  | 9 raw measures: [5 in system#1, 4 in system#2]
2017-10-06 15:46:00,429 INFO [91387860]                 Page.java:210  | 16 raw measures: [4 in system#3, 4 in system#4, 4 in system#5, 4 in system#6]
2017-10-06 15:46:00,431 INFO [91387860]            BasicBook.java:1395 | Stored /book.xml
2017-10-06 15:46:01,478 INFO [91387860]           BasicSheet.java:979  | Stored /sheet#1/sheet#1.xml
2017-10-06 15:46:01,480 INFO [91387860]       StepMonitoring.java:96   | CHORDS
2017-10-06 15:46:01,494 INFO [91387860]        ChordsBuilder.java:249  | Deleting StemInter{#4751(0.625/0.760)} on LEFT side of HeadInter{#3488(0.449/0.685) s:8 p:-6.00 NOTEHEAD_BLACK_SMALL}
2017-10-06 15:46:01,502 INFO [91387860]            BasicBook.java:1395 | Stored /book.xml
2017-10-06 15:46:02,498 INFO [91387860]           BasicSheet.java:979  | Stored /sheet#1/sheet#1.xml
2017-10-06 15:46:02,501 INFO [91387860]       StepMonitoring.java:96   | CURVES
2017-10-06 15:46:04,233 WARN [91387860]         SlursBuilder.java:163  | Error in SlursBuilder: java.lang.ClassCastException: org.audiveris.omr.sig.inter.SmallChordInter cannot be cast to org.audiveris.omr.sig.inter.HeadChordInter
java.lang.ClassCastException: org.audiveris.omr.sig.inter.SmallChordInter cannot be cast to org.audiveris.omr.sig.inter.HeadChordInter
	at org.audiveris.omr.sheet.curve.SlursBuilder.handleTieCollisions(SlursBuilder.java:831)
	at org.audiveris.omr.sheet.curve.SlursBuilder.buildSlurs(SlursBuilder.java:155)
	at org.audiveris.omr.sheet.curve.Curves.buildCurves(Curves.java:135)
	at org.audiveris.omr.sheet.curve.CurvesStep.doit(CurvesStep.java:53)
	at org.audiveris.omr.step.Step.doit(Step.java:168)
	at org.audiveris.omr.sheet.BasicStub$3.call(BasicStub.java:814)
	at org.audiveris.omr.sheet.BasicStub$3.call(BasicStub.java:802)
	at java.util.concurrent.FutureTask.run(FutureTask.java:266)
	at java.util.concurrent.ThreadPoolExecutor.runWorker(ThreadPoolExecutor.java:1149)
	at java.util.concurrent.ThreadPoolExecutor$Worker.run(ThreadPoolExecutor.java:624)
	at java.lang.Thread.run(Thread.java:748)
2017-10-06 15:46:04,263 INFO [91387860]      SegmentsBuilder.java:113  | Segments: 10
2017-10-06 15:46:04,273 INFO [91387860]            BasicBook.java:1395 | Stored /book.xml
2017-10-06 15:46:05,437 INFO [91387860]           BasicSheet.java:979  | Stored /sheet#1/sheet#1.xml
2017-10-06 15:46:05,440 INFO [91387860]       StepMonitoring.java:96   | SYMBOLS
2017-10-06 15:46:08,889 INFO [91387860]            BasicBook.java:1395 | Stored /book.xml
2017-10-06 15:46:10,204 INFO [91387860]           BasicSheet.java:979  | Stored /sheet#1/sheet#1.xml
2017-10-06 15:46:10,208 INFO [91387860]       StepMonitoring.java:96   | LINKS
2017-10-06 15:46:10,241 INFO [91387860]        SymbolsLinker.java:306  | No measure stack for direction SentenceInter{#4887(0.552) s:5 47 Direction} J-:88.
2017-10-06 15:46:10,295 INFO [91387860]            BasicBook.java:1395 | Stored /book.xml
2017-10-06 15:46:11,613 INFO [91387860]           BasicSheet.java:979  | Stored /sheet#1/sheet#1.xml
2017-10-06 15:46:11,615 INFO [91387860]       StepMonitoring.java:96   | RHYTHMS
2017-10-06 15:46:11,642 INFO [91387860]           PageRhythm.java:314  | Range{1-9} Durations avgGuess:3/4 topGuess:3/4 avgValue:0.66 stacks:9 voices:22 Histogram{1/4-3/4 size:4 [1/4=1 1/2=7 11/16=1 3/4=13]}
2017-10-06 15:46:11,643 INFO [91387860]           PageRhythm.java:221  | S1 Range{1-9 dur:3/4} should update to 3/4-based time sig?
2017-10-06 15:46:11,671 INFO [91387860]           PageRhythm.java:314  | Range{1-16 ts:6/8} Durations avgGuess:3/4 topGuess:7/8 avgValue:0.78 stacks:16 voices:32 Histogram{1/4-9/8 size:9 [1/4=3 1/2=3 5/8=6 11/16=1 3/4=6 7/8=8 15/16=1 1=3 9/8=1]}
2017-10-06 15:46:11,673 INFO [91387860]                Voice.java:257  | S3 MeasureStack#1 Voice #1 too long 1/8
2017-10-06 15:46:11,674 INFO [91387860]           StackTuner.java:92   | S3 MeasureStack#1 no correct rhythm
2017-10-06 15:46:11,675 INFO [91387860]                Voice.java:257  | S3 MeasureStack#2 Voice #1 too long 1/4
2017-10-06 15:46:11,675 INFO [91387860]           StackTuner.java:92   | S3 MeasureStack#2 no correct rhythm
2017-10-06 15:46:11,677 INFO [91387860]                Voice.java:257  | S3 MeasureStack#4 Voice #2 too long 1/8
2017-10-06 15:46:11,678 INFO [91387860]           StackTuner.java:92   | S3 MeasureStack#4 no correct rhythm
2017-10-06 15:46:11,679 INFO [91387860]                Voice.java:257  | S4 MeasureStack#5 Voice #1 too long 1/8
2017-10-06 15:46:11,680 INFO [91387860]           StackTuner.java:92   | S4 MeasureStack#5 no correct rhythm
2017-10-06 15:46:11,680 INFO [91387860]                Voice.java:257  | S4 MeasureStack#6 Voice #1 too long 1/4
2017-10-06 15:46:11,681 INFO [91387860]           StackTuner.java:92   | S4 MeasureStack#6 no correct rhythm
2017-10-06 15:46:11,682 INFO [91387860]                Voice.java:257  | S4 MeasureStack#7 Voice #1 too long 3/8
2017-10-06 15:46:11,682 INFO [91387860]                Voice.java:257  | S4 MeasureStack#7 Voice #2 too long 1/8
2017-10-06 15:46:11,682 INFO [91387860]           StackTuner.java:92   | S4 MeasureStack#7 no correct rhythm
2017-10-06 15:46:11,683 WARN [91387860]   AbstractChordInter.java:1156 | SmallChordInter{#5003(0.890/0.890) dur:1/4} Attempt to reassign voice from 2 to 2
2017-10-06 15:46:11,683 WARN [91387860]   AbstractChordInter.java:1156 | SmallChordInter{#5003(0.890/0.890) dur:1/4} Attempt to reassign voice from 2 to 2
2017-10-06 15:46:11,685 INFO [91387860]                Voice.java:257  | S5 MeasureStack#9 Voice #1 too long 1/8
2017-10-06 15:46:11,685 INFO [91387860]           StackTuner.java:92   | S5 MeasureStack#9 no correct rhythm
2017-10-06 15:46:11,686 INFO [91387860]                Voice.java:257  | S5 MeasureStack#10 Voice #1 too long 1/4
2017-10-06 15:46:11,687 INFO [91387860]           StackTuner.java:92   | S5 MeasureStack#10 no correct rhythm
2017-10-06 15:46:11,693 INFO [91387860]                Voice.java:257  | S5 MeasureStack#11 Voice #1 too long 3/16
2017-10-06 15:46:11,694 INFO [91387860]           StackTuner.java:92   | S5 MeasureStack#11 no correct rhythm
2017-10-06 15:46:11,695 INFO [91387860]                Voice.java:257  | S6 MeasureStack#13 Voice #1 too long 1/8
2017-10-06 15:46:11,696 INFO [91387860]           StackTuner.java:92   | S6 MeasureStack#13 no correct rhythm
2017-10-06 15:46:11,697 INFO [91387860]                Voice.java:257  | S6 MeasureStack#14 Voice #1 too long 1/8
2017-10-06 15:46:11,698 INFO [91387860]           StackTuner.java:92   | S6 MeasureStack#14 no correct rhythm
2017-10-06 15:46:11,699 INFO [91387860]                Voice.java:257  | S6 MeasureStack#15 Voice #1 too long 1/8
2017-10-06 15:46:11,699 INFO [91387860]           StackTuner.java:92   | S6 MeasureStack#15 no correct rhythm
2017-10-06 15:46:11,704 INFO [91387860]            BasicBook.java:1395 | Stored /book.xml
2017-10-06 15:46:12,977 INFO [91387860]           BasicSheet.java:979  | Stored /sheet#1/sheet#1.xml
2017-10-06 15:46:12,980 INFO [91387860]       StepMonitoring.java:96   | PAGE
2017-10-06 15:46:12,984 INFO [91387860]                Voice.java:257  | S3 MeasureStack#1 Voice #1 too long 1/8
2017-10-06 15:46:12,984 INFO [91387860]                Voice.java:257  | S3 MeasureStack#2 Voice #1 too long 1/4
2017-10-06 15:46:12,985 INFO [91387860]                Voice.java:257  | S3 MeasureStack#4 Voice #2 too long 1/8
2017-10-06 15:46:12,985 INFO [91387860]                Voice.java:257  | S4 MeasureStack#5 Voice #1 too long 1/8
2017-10-06 15:46:12,985 INFO [91387860]                Voice.java:257  | S4 MeasureStack#6 Voice #1 too long 1/4
2017-10-06 15:46:12,986 INFO [91387860]                Voice.java:257  | S4 MeasureStack#7 Voice #1 too long 3/8
2017-10-06 15:46:12,986 INFO [91387860]                Voice.java:257  | S4 MeasureStack#7 Voice #2 too long 1/8
2017-10-06 15:46:12,986 INFO [91387860]                Voice.java:257  | S5 MeasureStack#9 Voice #1 too long 1/8
2017-10-06 15:46:12,986 INFO [91387860]                Voice.java:257  | S5 MeasureStack#10 Voice #1 too long 1/4
2017-10-06 15:46:12,987 INFO [91387860]                Voice.java:257  | S5 MeasureStack#11 Voice #1 too long 3/16
2017-10-06 15:46:12,987 INFO [91387860]                Voice.java:257  | S6 MeasureStack#13 Voice #1 too long 1/8
2017-10-06 15:46:12,987 INFO [91387860]                Voice.java:257  | S6 MeasureStack#14 Voice #1 too long 1/8
2017-10-06 15:46:12,987 INFO [91387860]                Voice.java:257  | S6 MeasureStack#15 Voice #1 too long 1/8
2017-10-06 15:46:12,993 INFO [91387860]            BasicBook.java:1395 | Stored /book.xml
2017-10-06 15:46:14,237 INFO [91387860]           BasicSheet.java:979  | Stored /sheet#1/sheet#1.xml
2017-10-06 15:46:14,240 INFO [91387860]            BasicStub.java:723  | Sheet{91387860} disposed
2017-10-06 15:46:15,202 INFO [91387860]            BasicStub.java:449  | Loaded /sheet#1/sheet#1.xml
2017-10-06 15:46:15,203 INFO [91387860]            BasicBook.java:1133 | Scores built: 2
2017-10-06 15:46:16,337 INFO [91387860]        ScoreExporter.java:93   | Score 91387860.mvt1 exported to /Users/stephenn/Documents/workspace/nlsomr/xml_out/91386487/91387860/91387860.mvt1.mxl
2017-10-06 15:46:16,376 INFO [91387860]        ScoreExporter.java:93   | Score 91387860.mvt2 exported to /Users/stephenn/Documents/workspace/nlsomr/xml_out/91386487/91387860/91387860.mvt2.mxl
2017-10-06 15:46:16,548 INFO [91387860]            BasicBook.java:1395 | Stored /book.xml
2017-10-06 15:46:16,548 INFO [91387860]            BasicBook.java:1355 | Book stored as /Users/stephenn/Documents/workspace/nlsomr/xml_out/91386487/91387860/91387860.omr
