2017-10-06 15:06:38,820 INFO [91387332]            BasicBook.java:427  | 1 sheet in /Users/stephenn/Documents/workspace/nlsomr/working/91387332.jpg
2017-10-06 15:06:38,990 INFO []            BasicBook.java:1395 | Stored /book.xml
2017-10-06 15:06:38,990 INFO []            BasicBook.java:1355 | Book stored as /Users/stephenn/Documents/workspace/nlsomr/xml_out/91386487/91387332/91387332.omr
2017-10-06 15:06:38,997 INFO []            BasicBook.java:996  | Book reaching PAGE on sheets:[#1]
2017-10-06 15:06:38,999 INFO [91387332]       StepMonitoring.java:96   | LOAD
2017-10-06 15:06:39,149 INFO [91387332]            BasicBook.java:911  | Loaded image 1 2000x3056 from /Users/stephenn/Documents/workspace/nlsomr/working/91387332.jpg
2017-10-06 15:06:39,154 INFO [91387332]            ImageUtil.java:82   | Converting max RGB to gray ...
2017-10-06 15:06:39,398 INFO [91387332]            BasicBook.java:1395 | Stored /book.xml
2017-10-06 15:06:39,710 INFO [91387332]           BasicSheet.java:979  | Stored /sheet#1/sheet#1.xml
2017-10-06 15:06:39,712 INFO [91387332]       StepMonitoring.java:96   | BINARY
2017-10-06 15:06:40,356 INFO [91387332]            BasicBook.java:1395 | Stored /book.xml
2017-10-06 15:06:40,651 INFO [91387332]              Picture.java:786  | Stored /sheet#1/BINARY.xml
2017-10-06 15:06:40,653 INFO [91387332]           BasicSheet.java:979  | Stored /sheet#1/sheet#1.xml
2017-10-06 15:06:40,655 INFO [91387332]       StepMonitoring.java:96   | SCALE
2017-10-06 15:06:40,693 INFO [91387332]            ScaleStep.java:87   | Scale{line(3,4,6) interline(16,16,17) beam(13)}
2017-10-06 15:06:40,695 INFO [91387332]            BasicBook.java:1395 | Stored /book.xml
2017-10-06 15:06:40,697 INFO [91387332]           BasicSheet.java:979  | Stored /sheet#1/sheet#1.xml
2017-10-06 15:06:40,699 INFO [91387332]       StepMonitoring.java:96   | GRID
2017-10-06 15:06:41,609 INFO [91387332]       LinesRetriever.java:442  | Global slope: 0.00158
2017-10-06 15:06:41,691 INFO [91387332]    ClustersRetriever.java:241  | Retrieved line clusters: 10 of size: 5 with interline: (16,16,17)
2017-10-06 15:06:42,274 INFO [91387332]            PeakGraph.java:181  | Systems: #1[1, 2] #2[3, 4] #3[5, 6] #4[7, 8] #5[9, 10]
2017-10-06 15:06:43,300 INFO [91387332]        SystemManager.java:626  | Indentation detected for system#1
2017-10-06 15:06:43,300 INFO [91387332]        SystemManager.java:626  | Indentation detected for system#3
2017-10-06 15:06:43,301 INFO [91387332]        SystemManager.java:671  | 2 pages found in sheet
2017-10-06 15:06:43,301 INFO [91387332]        SystemManager.java:709  | Page #1: 1 part along 2 systems
2017-10-06 15:06:43,301 INFO [91387332]        SystemManager.java:709  | Page #2: 1 part along 3 systems
2017-10-06 15:06:43,304 INFO [91387332]            BasicBook.java:1395 | Stored /book.xml
2017-10-06 15:06:43,486 INFO [91387332]           BasicSheet.java:979  | Stored /sheet#1/sheet#1.xml
2017-10-06 15:06:43,489 INFO [91387332]       StepMonitoring.java:96   | HEADERS
2017-10-06 15:06:43,885 INFO [91387332]          Nd4jBackend.java:194  | Loaded [CpuBackend] backend
2017-10-06 15:06:43,948 INFO [91387332]      NativeOpsHolder.java:49   | Number of threads used for NativeOps: 2
2017-10-06 15:06:44,376 INFO [91387332] DefaultOpExecutioner.java:544  | Backend used: [CPU]; OS: [Mac OS X]
2017-10-06 15:06:44,377 INFO [91387332] DefaultOpExecutioner.java:545  | Cores: [4]; Memory: [3.6GB];
2017-10-06 15:06:44,378 INFO [91387332] DefaultOpExecutioner.java:546  | Blas vendor: [OPENBLAS]
2017-10-06 15:06:44,420 INFO [91387332]   AbstractClassifier.java:332  | Classifier data loaded from default uri jar:file:/Users/stephenn/Documents/workspace/audiveris/build/distributions/Audiveris/lib/audiveris.jar!/res/basic-classifier.zip
2017-10-06 15:06:46,737 WARN [91387332]          ClefBuilder.java:560  | Staff#6 no header clef.
2017-10-06 15:06:47,458 WARN [91387332]          ClefBuilder.java:560  | Staff#10 no header clef.
2017-10-06 15:06:47,514 INFO [91387332]            BasicBook.java:1395 | Stored /book.xml
2017-10-06 15:06:47,676 INFO []   AbstractClassifier.java:332  | Classifier data loaded from default uri jar:file:/Users/stephenn/Documents/workspace/audiveris/build/distributions/Audiveris/lib/audiveris.jar!/res/deep-classifier.zip
2017-10-06 15:06:47,822 INFO [91387332]           BasicSheet.java:979  | Stored /sheet#1/sheet#1.xml
2017-10-06 15:06:47,825 INFO [91387332]       StepMonitoring.java:96   | STEM_SEEDS
2017-10-06 15:06:47,913 INFO [91387332]        StemSeedsStep.java:91   | stem(4 max:5)
2017-10-06 15:06:48,029 INFO [91387332]            BasicBook.java:1395 | Stored /book.xml
2017-10-06 15:06:48,326 INFO [91387332]           BasicSheet.java:979  | Stored /sheet#1/sheet#1.xml
2017-10-06 15:06:48,328 INFO [91387332]       StepMonitoring.java:96   | BEAMS
2017-10-06 15:06:53,289 INFO [91387332]            BeamsStep.java:89   | BeamDistance{count:5 mean:15.66 stdDev:0.51}
2017-10-06 15:06:53,292 INFO [91387332]            BasicBook.java:1395 | Stored /book.xml
2017-10-06 15:06:53,355 INFO [91387332]              Picture.java:786  | Stored /sheet#1/HEAD_SPOTS.xml
2017-10-06 15:06:53,753 INFO [91387332]           BasicSheet.java:979  | Stored /sheet#1/sheet#1.xml
2017-10-06 15:06:53,755 INFO [91387332]       StepMonitoring.java:96   | LEDGERS
2017-10-06 15:06:54,369 INFO [91387332]            BasicBook.java:1395 | Stored /book.xml
2017-10-06 15:06:54,786 INFO [91387332]           BasicSheet.java:979  | Stored /sheet#1/sheet#1.xml
2017-10-06 15:06:54,788 INFO [91387332]       StepMonitoring.java:96   | HEADS
2017-10-06 15:06:57,195 INFO [91387332]            BasicBook.java:1395 | Stored /book.xml
2017-10-06 15:06:58,169 INFO [91387332]           BasicSheet.java:979  | Stored /sheet#1/sheet#1.xml
2017-10-06 15:06:58,172 INFO [91387332]       StepMonitoring.java:96   | STEMS
2017-10-06 15:07:00,818 INFO [91387332]            BasicBook.java:1395 | Stored /book.xml
2017-10-06 15:07:01,845 INFO [91387332]           BasicSheet.java:979  | Stored /sheet#1/sheet#1.xml
2017-10-06 15:07:01,848 INFO [91387332]       StepMonitoring.java:96   | REDUCTION
2017-10-06 15:07:02,260 INFO [91387332]            BasicBook.java:1395 | Stored /book.xml
2017-10-06 15:07:02,992 INFO [91387332]           BasicSheet.java:979  | Stored /sheet#1/sheet#1.xml
2017-10-06 15:07:02,995 INFO [91387332]       StepMonitoring.java:96   | CUE_BEAMS
2017-10-06 15:07:02,999 INFO [91387332]            BasicBook.java:1395 | Stored /book.xml
2017-10-06 15:07:03,714 INFO [91387332]           BasicSheet.java:979  | Stored /sheet#1/sheet#1.xml
2017-10-06 15:07:03,716 INFO [91387332]       StepMonitoring.java:96   | TEXTS
2017-10-06 15:07:05,581 INFO [91387332]            BasicBook.java:1395 | Stored /book.xml
2017-10-06 15:07:06,345 INFO [91387332]           BasicSheet.java:979  | Stored /sheet#1/sheet#1.xml
2017-10-06 15:07:06,347 INFO [91387332]       StepMonitoring.java:96   | MEASURES
2017-10-06 15:07:06,352 INFO [91387332]                 Page.java:210  | 9 raw measures: [4 in system#1, 5 in system#2]
2017-10-06 15:07:06,352 INFO [91387332]                 Page.java:210  | 17 raw measures: [6 in system#3, 5 in system#4, 6 in system#5]
2017-10-06 15:07:06,353 INFO [91387332]            BasicBook.java:1395 | Stored /book.xml
2017-10-06 15:07:07,065 INFO [91387332]           BasicSheet.java:979  | Stored /sheet#1/sheet#1.xml
2017-10-06 15:07:07,067 INFO [91387332]       StepMonitoring.java:96   | CHORDS
2017-10-06 15:07:07,080 INFO [91387332]            BasicBook.java:1395 | Stored /book.xml
2017-10-06 15:07:07,817 INFO [91387332]           BasicSheet.java:979  | Stored /sheet#1/sheet#1.xml
2017-10-06 15:07:07,819 INFO [91387332]       StepMonitoring.java:96   | CURVES
2017-10-06 15:07:09,576 INFO [91387332]         SlursBuilder.java:762  | RIGHT collision SlurInter{#5563(0.702)} & SlurInter{#5612(0.442)} @ HeadInter{#2139(0.587/0.748) e#5298 s:3 p:-2.00 NOTEHEAD_BLACK}
2017-10-06 15:07:09,577 INFO [91387332]         SlursBuilder.java:762  | RIGHT collision SlurInter{#5612(0.442)} & SlurInter{#5563(0.702)} @ HeadInter{#2139(0.587/0.748) e#5298 s:3 p:-2.00 NOTEHEAD_BLACK}
2017-10-06 15:07:09,579 INFO [91387332]         SlursBuilder.java:157  | Slurs: 34
2017-10-06 15:07:09,654 INFO [91387332]      SegmentsBuilder.java:113  | Segments: 38
2017-10-06 15:07:09,662 INFO [91387332]            BasicBook.java:1395 | Stored /book.xml
2017-10-06 15:07:10,968 INFO [91387332]           BasicSheet.java:979  | Stored /sheet#1/sheet#1.xml
2017-10-06 15:07:10,970 INFO [91387332]       StepMonitoring.java:96   | SYMBOLS
2017-10-06 15:07:13,957 INFO [91387332]            BasicBook.java:1395 | Stored /book.xml
2017-10-06 15:07:15,418 INFO [91387332]           BasicSheet.java:979  | Stored /sheet#1/sheet#1.xml
2017-10-06 15:07:15,420 INFO [91387332]       StepMonitoring.java:96   | LINKS
2017-10-06 15:07:15,447 INFO [91387332]        SymbolsLinker.java:306  | No measure stack for direction SentenceInter{#5238(0.597) s:5 S-35 Direction} J 120.
2017-10-06 15:07:15,482 INFO [91387332]            BasicBook.java:1395 | Stored /book.xml
2017-10-06 15:07:17,057 INFO [91387332]           BasicSheet.java:979  | Stored /sheet#1/sheet#1.xml
2017-10-06 15:07:17,060 INFO [91387332]       StepMonitoring.java:96   | RHYTHMS
2017-10-06 15:07:17,094 INFO [91387332]           PageRhythm.java:314  | Range{1-9 ts:3/4} Durations avgGuess:3/4 topGuess:3/4 avgValue:0.72 stacks:9 voices:18 Histogram{1/8-7/8 size:11 [1/8=1 1/4=2 3/8=1 7/16=1 1/2=1 9/16=1 5/8=1 11/16=2 3/4=4 13/16=3 7/8=1]}
2017-10-06 15:07:17,098 INFO [91387332]         SlotsBuilder.java:427  | S1 MeasureStack#2 Slot{#6 xOffset=259 timeOffset=9/16 incomings=[#5280] SUSPICIOUS}
2017-10-06 15:07:17,099 INFO [91387332]         SlotsBuilder.java:427  | S1 MeasureStack#2 Slot{#8 xOffset=306 timeOffset=11/16 incomings=[#5281] SUSPICIOUS}
2017-10-06 15:07:17,099 INFO [91387332]                Voice.java:257  | S1 MeasureStack#2 Voice #2 too long 1/16
2017-10-06 15:07:17,099 INFO [91387332]           StackTuner.java:92   | S1 MeasureStack#2 no correct rhythm
2017-10-06 15:07:17,102 INFO [91387332]                Voice.java:257  | S1 MeasureStack#3 Voice #2 too long 1/16
2017-10-06 15:07:17,103 INFO [91387332]           StackTuner.java:92   | S1 MeasureStack#3 no correct rhythm
2017-10-06 15:07:17,107 INFO [91387332]         SlotsBuilder.java:427  | S2 MeasureStack#5 Slot{#8 xOffset=429 timeOffset=13/16 incomings=[#5298] SUSPICIOUS}
2017-10-06 15:07:17,107 INFO [91387332]                Voice.java:257  | S2 MeasureStack#5 Voice #1 too long 7/16
2017-10-06 15:07:17,108 INFO [91387332]                Voice.java:257  | S2 MeasureStack#5 Voice #2 too long 1/8
2017-10-06 15:07:17,108 INFO [91387332]           StackTuner.java:92   | S2 MeasureStack#5 no correct rhythm
2017-10-06 15:07:17,110 INFO [91387332]                Voice.java:257  | S2 MeasureStack#6 Voice #2 too long 1/16
2017-10-06 15:07:17,110 INFO [91387332]           StackTuner.java:92   | S2 MeasureStack#6 no correct rhythm
2017-10-06 15:07:17,112 INFO [91387332]         SlotsBuilder.java:427  | S2 MeasureStack#7 Slot{#6 xOffset=259 timeOffset=11/16 incomings=[#5306] SUSPICIOUS}
2017-10-06 15:07:17,113 INFO [91387332]         SlotsBuilder.java:427  | S2 MeasureStack#7 Slot{#8 xOffset=308 timeOffset=13/16 incomings=[#5307] SUSPICIOUS}
2017-10-06 15:07:17,113 INFO [91387332]                Voice.java:257  | S2 MeasureStack#7 Voice #1 too long 3/16
2017-10-06 15:07:17,113 INFO [91387332]                Voice.java:257  | S2 MeasureStack#7 Voice #2 too long 1/16
2017-10-06 15:07:17,113 INFO [91387332]           StackTuner.java:92   | S2 MeasureStack#7 no correct rhythm
2017-10-06 15:07:17,115 INFO [91387332]         SlotsBuilder.java:427  | S2 MeasureStack#8 Slot{#4 xOffset=142 timeOffset=3/8 incomings=[#5310] SUSPICIOUS}
2017-10-06 15:07:17,115 INFO [91387332]         SlotsBuilder.java:427  | S2 MeasureStack#8 Slot{#6 xOffset=195 timeOffset=1/2 incomings=[#5311] SUSPICIOUS}
2017-10-06 15:07:17,116 INFO [91387332]         SlotsBuilder.java:427  | S2 MeasureStack#8 Slot{#8 xOffset=240 timeOffset=11/16 incomings=[#5312] SUSPICIOUS}
2017-10-06 15:07:17,116 INFO [91387332]         SlotsBuilder.java:427  | S2 MeasureStack#8 Slot{#10 xOffset=288 timeOffset=13/16 incomings=[#5313] SUSPICIOUS}
2017-10-06 15:07:17,117 INFO [91387332]                Voice.java:257  | S2 MeasureStack#8 Voice #1 too long 3/16
2017-10-06 15:07:17,117 INFO [91387332]                Voice.java:257  | S2 MeasureStack#8 Voice #2 too long 1/16
2017-10-06 15:07:17,118 INFO [91387332]           StackTuner.java:92   | S2 MeasureStack#8 no correct rhythm
2017-10-06 15:07:17,136 INFO [91387332]         SlotsBuilder.java:399  | Stack#14 suspicious Slot{#3 xOffset=130 timeOffset=1/4 incomings=[#5456#5490]}
2017-10-06 15:07:17,139 INFO [91387332]           PageRhythm.java:314  | Range{1-17 ts:3/4} Durations avgGuess:3/4 topGuess:3/4 avgValue:0.68 stacks:17 voices:40 Histogram{1/4-13/16 size:6 [1/4=2 5/16=2 1/2=9 5/8=2 3/4=23 13/16=2]}
2017-10-06 15:07:17,151 INFO [91387332]                Voice.java:257  | S3 MeasureStack#5 Voice #1 too long 1/16
2017-10-06 15:07:17,151 INFO [91387332]           StackTuner.java:92   | S3 MeasureStack#5 no correct rhythm
2017-10-06 15:07:17,152 INFO [91387332]                Voice.java:257  | S3 MeasureStack#6 Voice #2 too long 1/16
2017-10-06 15:07:17,153 INFO [91387332]           StackTuner.java:92   | S3 MeasureStack#6 no correct rhythm
2017-10-06 15:07:17,154 INFO [91387332]         SlotsBuilder.java:427  | S4 MeasureStack#7 Slot{#6 xOffset=347 timeOffset=5/8 incomings=[#5398] SUSPICIOUS}
2017-10-06 15:07:17,155 INFO [91387332]         SlotsBuilder.java:427  | S4 MeasureStack#7 Slot{#8 xOffset=399 timeOffset=3/4 incomings=[#5399] SUSPICIOUS}
2017-10-06 15:07:17,155 INFO [91387332]                Voice.java:257  | S4 MeasureStack#7 Voice #1 too long 1/8
2017-10-06 15:07:17,155 INFO [91387332]           StackTuner.java:92   | S4 MeasureStack#7 no correct rhythm
2017-10-06 15:07:17,160 INFO [91387332]         SlotsBuilder.java:427  | S4 MeasureStack#11 Slot{#4 xOffset=140 timeOffset=5/16 incomings=[#5442] SUSPICIOUS}
2017-10-06 15:07:17,160 INFO [91387332]         SlotsBuilder.java:427  | S4 MeasureStack#11 Slot{#8 xOffset=297 timeOffset=5/8 incomings=[#5421] SUSPICIOUS}
2017-10-06 15:07:17,164 INFO [91387332]         SlotsBuilder.java:427  | S5 MeasureStack#13 Slot{#4 xOffset=117 timeOffset=5/16 incomings=[#5482] SUSPICIOUS}
2017-10-06 15:07:17,164 INFO [91387332]         SlotsBuilder.java:427  | S5 MeasureStack#13 Slot{#7 xOffset=202 timeOffset=5/8 incomings=[#5484] SUSPICIOUS}
2017-10-06 15:07:17,165 INFO [91387332]         SlotsBuilder.java:427  | S5 MeasureStack#13 Slot{#9 xOffset=247 timeOffset=3/4 incomings=[#5485] SUSPICIOUS}
2017-10-06 15:07:17,165 INFO [91387332]                Voice.java:257  | S5 MeasureStack#13 Voice #2 too long 1/8
2017-10-06 15:07:17,165 INFO [91387332]           StackTuner.java:92   | S5 MeasureStack#13 no correct rhythm
2017-10-06 15:07:17,167 INFO [91387332]         SlotsBuilder.java:427  | S5 MeasureStack#14 Slot{#6 xOffset=214 timeOffset=1/2 incomings=[#5457] SUSPICIOUS}
2017-10-06 15:07:17,172 INFO [91387332]            BasicBook.java:1395 | Stored /book.xml
2017-10-06 15:07:18,673 INFO [91387332]           BasicSheet.java:979  | Stored /sheet#1/sheet#1.xml
2017-10-06 15:07:18,675 INFO [91387332]       StepMonitoring.java:96   | PAGE
2017-10-06 15:07:18,679 INFO [91387332]                 Part.java:267  | Could not left-connect slur#5578
2017-10-06 15:07:18,681 INFO [91387332]                Voice.java:257  | S1 MeasureStack#2 Voice #2 too long 1/16
2017-10-06 15:07:18,681 INFO [91387332]                Voice.java:257  | S1 MeasureStack#3 Voice #2 too long 1/16
2017-10-06 15:07:18,682 INFO [91387332]                Voice.java:257  | S2 MeasureStack#5 Voice #1 too long 7/16
2017-10-06 15:07:18,682 INFO [91387332]                Voice.java:257  | S2 MeasureStack#5 Voice #2 too long 1/8
2017-10-06 15:07:18,682 INFO [91387332]                Voice.java:257  | S2 MeasureStack#6 Voice #2 too long 1/16
2017-10-06 15:07:18,682 INFO [91387332]                Voice.java:257  | S2 MeasureStack#7 Voice #1 too long 3/16
2017-10-06 15:07:18,683 INFO [91387332]                Voice.java:257  | S2 MeasureStack#7 Voice #2 too long 1/16
2017-10-06 15:07:18,683 INFO [91387332]                Voice.java:257  | S2 MeasureStack#8 Voice #1 too long 3/16
2017-10-06 15:07:18,683 INFO [91387332]                Voice.java:257  | S2 MeasureStack#8 Voice #2 too long 1/16
2017-10-06 15:07:18,684 INFO [91387332]                 Part.java:267  | Could not left-connect slur#5557
2017-10-06 15:07:18,685 INFO [91387332]                Voice.java:257  | S3 MeasureStack#5 Voice #1 too long 1/16
2017-10-06 15:07:18,685 INFO [91387332]                Voice.java:257  | S3 MeasureStack#6 Voice #2 too long 1/16
2017-10-06 15:07:18,685 INFO [91387332]                Voice.java:257  | S4 MeasureStack#7 Voice #1 too long 1/8
2017-10-06 15:07:18,686 INFO [91387332]                Voice.java:257  | S5 MeasureStack#13 Voice #2 too long 1/8
2017-10-06 15:07:18,688 INFO [91387332]            BasicBook.java:1395 | Stored /book.xml
2017-10-06 15:07:20,189 INFO [91387332]           BasicSheet.java:979  | Stored /sheet#1/sheet#1.xml
2017-10-06 15:07:20,193 INFO [91387332]            BasicStub.java:723  | Sheet{91387332} disposed
2017-10-06 15:07:21,323 INFO [91387332]            BasicStub.java:449  | Loaded /sheet#1/sheet#1.xml
2017-10-06 15:07:21,324 INFO [91387332]            BasicBook.java:1133 | Scores built: 2
2017-10-06 15:07:22,513 INFO [91387332]        ScoreExporter.java:93   | Score 91387332.mvt1 exported to /Users/stephenn/Documents/workspace/nlsomr/xml_out/91386487/91387332/91387332.mvt1.mxl
2017-10-06 15:07:22,517 WARN [91387332]      PartwiseBuilder.java:1379 | Error visiting null
java.lang.NullPointerException: null
	at org.audiveris.omr.score.PartwiseBuilder.processKey(PartwiseBuilder.java:1344)
	at org.audiveris.omr.score.PartwiseBuilder.processKeys(PartwiseBuilder.java:1407)
	at org.audiveris.omr.score.PartwiseBuilder.processMeasure(PartwiseBuilder.java:1575)
	at org.audiveris.omr.score.PartwiseBuilder.processPart(PartwiseBuilder.java:1988)
	at org.audiveris.omr.score.PartwiseBuilder.processSystem(PartwiseBuilder.java:2528)
	at org.audiveris.omr.score.PartwiseBuilder.processLogicalPart(PartwiseBuilder.java:1433)
	at org.audiveris.omr.score.PartwiseBuilder.processStub(PartwiseBuilder.java:2483)
	at org.audiveris.omr.score.PartwiseBuilder.processPartList(PartwiseBuilder.java:2017)
	at org.audiveris.omr.score.PartwiseBuilder.processScore(PartwiseBuilder.java:2195)
	at org.audiveris.omr.score.PartwiseBuilder.build(PartwiseBuilder.java:307)
	at org.audiveris.omr.score.ScoreExporter.export(ScoreExporter.java:117)
	at org.audiveris.omr.score.ScoreExporter.export(ScoreExporter.java:91)
	at org.audiveris.omr.sheet.BasicBook.export(BasicBook.java:589)
	at org.audiveris.omr.CLI$ProcessingTask.processBook(CLI.java:785)
	at org.audiveris.omr.CLI$CliTask.call(CLI.java:344)
	at org.audiveris.omr.Main.runBatchTasks(Main.java:316)
	at org.audiveris.omr.Main.main(Main.java:155)
	at Audiveris.main(Audiveris.java:49)
2017-10-06 15:07:22,530 WARN [91387332]      PartwiseBuilder.java:1379 | Error visiting null
java.lang.NullPointerException: null
	at org.audiveris.omr.score.PartwiseBuilder.processKey(PartwiseBuilder.java:1344)
	at org.audiveris.omr.score.PartwiseBuilder.processKeys(PartwiseBuilder.java:1407)
	at org.audiveris.omr.score.PartwiseBuilder.processMeasure(PartwiseBuilder.java:1575)
	at org.audiveris.omr.score.PartwiseBuilder.processPart(PartwiseBuilder.java:1988)
	at org.audiveris.omr.score.PartwiseBuilder.processSystem(PartwiseBuilder.java:2528)
	at org.audiveris.omr.score.PartwiseBuilder.processLogicalPart(PartwiseBuilder.java:1433)
	at org.audiveris.omr.score.PartwiseBuilder.processStub(PartwiseBuilder.java:2483)
	at org.audiveris.omr.score.PartwiseBuilder.processPartList(PartwiseBuilder.java:2017)
	at org.audiveris.omr.score.PartwiseBuilder.processScore(PartwiseBuilder.java:2195)
	at org.audiveris.omr.score.PartwiseBuilder.build(PartwiseBuilder.java:307)
	at org.audiveris.omr.score.ScoreExporter.export(ScoreExporter.java:117)
	at org.audiveris.omr.score.ScoreExporter.export(ScoreExporter.java:91)
	at org.audiveris.omr.sheet.BasicBook.export(BasicBook.java:589)
	at org.audiveris.omr.CLI$ProcessingTask.processBook(CLI.java:785)
	at org.audiveris.omr.CLI$CliTask.call(CLI.java:344)
	at org.audiveris.omr.Main.runBatchTasks(Main.java:316)
	at org.audiveris.omr.Main.main(Main.java:155)
	at Audiveris.main(Audiveris.java:49)
2017-10-06 15:07:22,561 INFO [91387332]        ScoreExporter.java:93   | Score 91387332.mvt2 exported to /Users/stephenn/Documents/workspace/nlsomr/xml_out/91386487/91387332/91387332.mvt2.mxl
2017-10-06 15:07:22,715 INFO [91387332]            BasicBook.java:1395 | Stored /book.xml
2017-10-06 15:07:22,715 INFO [91387332]            BasicBook.java:1355 | Book stored as /Users/stephenn/Documents/workspace/nlsomr/xml_out/91386487/91387332/91387332.omr
