2017-10-06 14:36:05,737 INFO [91386912]            BasicBook.java:427  | 1 sheet in /Users/stephenn/Documents/workspace/nlsomr/working/91386912.jpg
2017-10-06 14:36:05,876 INFO []            BasicBook.java:1395 | Stored /book.xml
2017-10-06 14:36:05,876 INFO []            BasicBook.java:1355 | Book stored as /Users/stephenn/Documents/workspace/nlsomr/xml_out/91386487/91386912/91386912.omr
2017-10-06 14:36:05,881 INFO []            BasicBook.java:996  | Book reaching PAGE on sheets:[#1]
2017-10-06 14:36:05,887 INFO [91386912]       StepMonitoring.java:96   | LOAD
2017-10-06 14:36:06,037 INFO [91386912]            BasicBook.java:911  | Loaded image 1 2000x3056 from /Users/stephenn/Documents/workspace/nlsomr/working/91386912.jpg
2017-10-06 14:36:06,042 INFO [91386912]            ImageUtil.java:82   | Converting max RGB to gray ...
2017-10-06 14:36:06,280 INFO [91386912]            BasicBook.java:1395 | Stored /book.xml
2017-10-06 14:36:06,562 INFO [91386912]           BasicSheet.java:979  | Stored /sheet#1/sheet#1.xml
2017-10-06 14:36:06,564 INFO [91386912]       StepMonitoring.java:96   | BINARY
2017-10-06 14:36:07,160 INFO [91386912]            BasicBook.java:1395 | Stored /book.xml
2017-10-06 14:36:07,457 INFO [91386912]              Picture.java:786  | Stored /sheet#1/BINARY.xml
2017-10-06 14:36:07,459 INFO [91386912]           BasicSheet.java:979  | Stored /sheet#1/sheet#1.xml
2017-10-06 14:36:07,460 INFO [91386912]       StepMonitoring.java:96   | SCALE
2017-10-06 14:36:07,502 INFO [91386912]         ScaleBuilder.java:229  | No beam key found, guessed value 10
2017-10-06 14:36:07,502 INFO [91386912]            ScaleStep.java:87   | Scale{line(3,4,6) interline(16,17,17) beam(10 extra)}
2017-10-06 14:36:07,505 INFO [91386912]            BasicBook.java:1395 | Stored /book.xml
2017-10-06 14:36:07,507 INFO [91386912]           BasicSheet.java:979  | Stored /sheet#1/sheet#1.xml
2017-10-06 14:36:07,509 INFO [91386912]       StepMonitoring.java:96   | GRID
2017-10-06 14:36:08,306 INFO [91386912]       LinesRetriever.java:442  | Global slope: 0.00050
2017-10-06 14:36:08,389 INFO [91386912]    ClustersRetriever.java:241  | Retrieved line clusters: 12 of size: 5 with interline: (16,17,17)
2017-10-06 14:36:08,934 INFO [91386912]            PeakGraph.java:181  | Systems: #1[1, 2] #2[3, 4] #3[5, 6] #4[7, 8] #5[9, 10] #6[11, 12]
2017-10-06 14:36:09,792 INFO [91386912]        SystemManager.java:626  | Indentation detected for system#1
2017-10-06 14:36:09,793 INFO [91386912]        SystemManager.java:626  | Indentation detected for system#5
2017-10-06 14:36:09,793 INFO [91386912]        SystemManager.java:671  | 2 pages found in sheet
2017-10-06 14:36:09,793 INFO [91386912]        SystemManager.java:709  | Page #1: 1 part along 4 systems
2017-10-06 14:36:09,794 INFO [91386912]        SystemManager.java:709  | Page #2: 1 part along 2 systems
2017-10-06 14:36:09,798 INFO [91386912]            BasicBook.java:1395 | Stored /book.xml
2017-10-06 14:36:10,007 INFO [91386912]           BasicSheet.java:979  | Stored /sheet#1/sheet#1.xml
2017-10-06 14:36:10,009 INFO [91386912]       StepMonitoring.java:96   | HEADERS
2017-10-06 14:36:10,448 INFO []          Nd4jBackend.java:194  | Loaded [CpuBackend] backend
2017-10-06 14:36:10,505 INFO []      NativeOpsHolder.java:49   | Number of threads used for NativeOps: 2
2017-10-06 14:36:10,913 INFO [] DefaultOpExecutioner.java:544  | Backend used: [CPU]; OS: [Mac OS X]
2017-10-06 14:36:10,913 INFO [] DefaultOpExecutioner.java:545  | Cores: [4]; Memory: [3.6GB];
2017-10-06 14:36:10,913 INFO [] DefaultOpExecutioner.java:546  | Blas vendor: [OPENBLAS]
2017-10-06 14:36:10,948 INFO []   AbstractClassifier.java:332  | Classifier data loaded from default uri jar:file:/Users/stephenn/Documents/workspace/audiveris/build/distributions/Audiveris/lib/audiveris.jar!/res/basic-classifier.zip
2017-10-06 14:36:13,689 WARN [91386912]          ClefBuilder.java:560  | Staff#10 no header clef.
2017-10-06 14:36:13,873 INFO [91386912]            BasicBook.java:1395 | Stored /book.xml
2017-10-06 14:36:13,926 INFO []   AbstractClassifier.java:332  | Classifier data loaded from default uri jar:file:/Users/stephenn/Documents/workspace/audiveris/build/distributions/Audiveris/lib/audiveris.jar!/res/deep-classifier.zip
2017-10-06 14:36:14,162 INFO [91386912]           BasicSheet.java:979  | Stored /sheet#1/sheet#1.xml
2017-10-06 14:36:14,164 INFO [91386912]       StepMonitoring.java:96   | STEM_SEEDS
2017-10-06 14:36:14,465 INFO [91386912]        StemSeedsStep.java:91   | stem(4 max:5)
2017-10-06 14:36:14,585 INFO [91386912]            BasicBook.java:1395 | Stored /book.xml
2017-10-06 14:36:14,894 INFO [91386912]           BasicSheet.java:979  | Stored /sheet#1/sheet#1.xml
2017-10-06 14:36:14,896 INFO [91386912]       StepMonitoring.java:96   | BEAMS
2017-10-06 14:36:18,367 INFO [91386912]            BeamsStep.java:89   | BeamDistance{count:9 mean:15.33 stdDev:0.72}
2017-10-06 14:36:18,371 INFO [91386912]            BasicBook.java:1395 | Stored /book.xml
2017-10-06 14:36:18,431 INFO [91386912]              Picture.java:786  | Stored /sheet#1/HEAD_SPOTS.xml
2017-10-06 14:36:18,836 INFO [91386912]           BasicSheet.java:979  | Stored /sheet#1/sheet#1.xml
2017-10-06 14:36:18,839 INFO [91386912]       StepMonitoring.java:96   | LEDGERS
2017-10-06 14:36:19,186 INFO [91386912]            BasicBook.java:1395 | Stored /book.xml
2017-10-06 14:36:19,622 INFO [91386912]           BasicSheet.java:979  | Stored /sheet#1/sheet#1.xml
2017-10-06 14:36:19,625 INFO [91386912]       StepMonitoring.java:96   | HEADS
2017-10-06 14:36:22,272 INFO [91386912]            BasicBook.java:1395 | Stored /book.xml
2017-10-06 14:36:23,320 INFO [91386912]           BasicSheet.java:979  | Stored /sheet#1/sheet#1.xml
2017-10-06 14:36:23,323 INFO [91386912]       StepMonitoring.java:96   | STEMS
2017-10-06 14:36:25,098 INFO [91386912]            BasicBook.java:1395 | Stored /book.xml
2017-10-06 14:36:26,294 INFO [91386912]           BasicSheet.java:979  | Stored /sheet#1/sheet#1.xml
2017-10-06 14:36:26,297 INFO [91386912]       StepMonitoring.java:96   | REDUCTION
2017-10-06 14:36:26,828 INFO [91386912]            BasicBook.java:1395 | Stored /book.xml
2017-10-06 14:36:27,786 INFO [91386912]           BasicSheet.java:979  | Stored /sheet#1/sheet#1.xml
2017-10-06 14:36:27,788 INFO [91386912]       StepMonitoring.java:96   | CUE_BEAMS
2017-10-06 14:36:27,792 INFO [91386912]            BasicBook.java:1395 | Stored /book.xml
2017-10-06 14:36:28,657 INFO [91386912]           BasicSheet.java:979  | Stored /sheet#1/sheet#1.xml
2017-10-06 14:36:28,659 INFO [91386912]       StepMonitoring.java:96   | TEXTS
2017-10-06 14:36:30,176 INFO [91386912]            BasicBook.java:1395 | Stored /book.xml
2017-10-06 14:36:31,069 INFO [91386912]           BasicSheet.java:979  | Stored /sheet#1/sheet#1.xml
2017-10-06 14:36:31,071 INFO [91386912]       StepMonitoring.java:96   | MEASURES
2017-10-06 14:36:31,075 INFO [91386912]                 Page.java:210  | 18 raw measures: [5 in system#1, 4 in system#2, 5 in system#3, 4 in system#4]
2017-10-06 14:36:31,076 INFO [91386912]                 Page.java:210  | 9 raw measures: [5 in system#5, 4 in system#6]
2017-10-06 14:36:31,077 INFO [91386912]            BasicBook.java:1395 | Stored /book.xml
2017-10-06 14:36:31,987 INFO [91386912]           BasicSheet.java:979  | Stored /sheet#1/sheet#1.xml
2017-10-06 14:36:31,989 INFO [91386912]       StepMonitoring.java:96   | CHORDS
2017-10-06 14:36:32,000 INFO [91386912]            BasicBook.java:1395 | Stored /book.xml
2017-10-06 14:36:32,917 INFO [91386912]           BasicSheet.java:979  | Stored /sheet#1/sheet#1.xml
2017-10-06 14:36:32,919 INFO [91386912]       StepMonitoring.java:96   | CURVES
2017-10-06 14:36:34,392 INFO [91386912]         SlursBuilder.java:157  | Slurs: 17
2017-10-06 14:36:34,430 INFO [91386912]      SegmentsBuilder.java:113  | Segments: 18
2017-10-06 14:36:34,437 INFO [91386912]            BasicBook.java:1395 | Stored /book.xml
2017-10-06 14:36:35,470 INFO [91386912]           BasicSheet.java:979  | Stored /sheet#1/sheet#1.xml
2017-10-06 14:36:35,472 INFO [91386912]       StepMonitoring.java:96   | SYMBOLS
2017-10-06 14:36:37,752 INFO [91386912]            BasicBook.java:1395 | Stored /book.xml
2017-10-06 14:36:38,929 INFO [91386912]           BasicSheet.java:979  | Stored /sheet#1/sheet#1.xml
2017-10-06 14:36:38,932 INFO [91386912]       StepMonitoring.java:96   | LINKS
2017-10-06 14:36:38,953 INFO [91386912]        SymbolsLinker.java:323  | No chord above direction SentenceInter{#5539(0.585) s:8 BI-36 Direction} rif.
2017-10-06 14:36:38,960 INFO [91386912]        SymbolsLinker.java:306  | No measure stack for direction SentenceInter{#5562(0.623) s:9 BS-53 Direction} J: 80.
2017-10-06 14:36:38,989 INFO [91386912]            BasicBook.java:1395 | Stored /book.xml
2017-10-06 14:36:40,173 INFO [91386912]           BasicSheet.java:979  | Stored /sheet#1/sheet#1.xml
2017-10-06 14:36:40,176 INFO [91386912]       StepMonitoring.java:96   | RHYTHMS
2017-10-06 14:36:40,216 INFO [91386912]           PageRhythm.java:314  | Range{1-18 ts:6/8} Durations avgGuess:3/4 topGuess:1/2 avgValue:0.71 stacks:18 voices:37 Histogram{1/8-5/4 size:11 [1/8=1 1/4=4 5/16=2 3/8=1 1/2=9 5/8=7 11/16=2 3/4=3 7/8=2 1=5 5/4=1]}
2017-10-06 14:36:40,219 INFO [91386912]         SlotsBuilder.java:427  | S1 MeasureStack#2 Slot{#5 xOffset=192 timeOffset=1/2 incomings=[#5612] SUSPICIOUS}
2017-10-06 14:36:40,220 INFO [91386912]         SlotsBuilder.java:427  | S1 MeasureStack#2 Slot{#8 xOffset=281 timeOffset=3/4 incomings=[#5613] SUSPICIOUS}
2017-10-06 14:36:40,220 INFO [91386912]                Voice.java:257  | S1 MeasureStack#2 Voice #2 too long 1/4
2017-10-06 14:36:40,220 INFO [91386912]           StackTuner.java:92   | S1 MeasureStack#2 no correct rhythm
2017-10-06 14:36:40,222 INFO [91386912]         SlotsBuilder.java:427  | S1 MeasureStack#3 Slot{#5 xOffset=177 timeOffset=1/2 incomings=[#5616] SUSPICIOUS}
2017-10-06 14:36:40,223 INFO [91386912]         SlotsBuilder.java:427  | S1 MeasureStack#3 Slot{#7 xOffset=252 timeOffset=3/4 incomings=[#5617] SUSPICIOUS}
2017-10-06 14:36:40,223 INFO [91386912]                Voice.java:257  | S1 MeasureStack#3 Voice #1 too long 1/8
2017-10-06 14:36:40,223 INFO [91386912]                Voice.java:257  | S1 MeasureStack#3 Voice #2 too long 1/4
2017-10-06 14:36:40,223 INFO [91386912]           StackTuner.java:92   | S1 MeasureStack#3 no correct rhythm
2017-10-06 14:36:40,224 INFO [91386912]                Voice.java:257  | S1 MeasureStack#4 Voice #1 too long 1/2
2017-10-06 14:36:40,225 INFO [91386912]                Voice.java:257  | S1 MeasureStack#4 Voice #2 too long 1/4
2017-10-06 14:36:40,225 INFO [91386912]           StackTuner.java:92   | S1 MeasureStack#4 no correct rhythm
2017-10-06 14:36:40,226 INFO [91386912]         SlotsBuilder.java:427  | S1 MeasureStack#5 Slot{#5 xOffset=186 timeOffset=1/2 incomings=[#5623] SUSPICIOUS}
2017-10-06 14:36:40,227 INFO [91386912]         SlotsBuilder.java:427  | S1 MeasureStack#5 Slot{#8 xOffset=273 timeOffset=7/8 incomings=[#5609] SUSPICIOUS}
2017-10-06 14:36:40,227 INFO [91386912]                Voice.java:257  | S1 MeasureStack#5 Voice #1 too long 3/8
2017-10-06 14:36:40,228 INFO [91386912]                Voice.java:257  | S1 MeasureStack#5 Voice #2 too long 1/4
2017-10-06 14:36:40,228 INFO [91386912]           StackTuner.java:92   | S1 MeasureStack#5 no correct rhythm
2017-10-06 14:36:40,229 INFO [91386912]         SlotsBuilder.java:427  | S2 MeasureStack#6 Slot{#4 xOffset=293 timeOffset=1/4 incomings=[#5647] SUSPICIOUS}
2017-10-06 14:36:40,230 INFO [91386912]         SlotsBuilder.java:427  | S2 MeasureStack#6 Slot{#6 xOffset=353 timeOffset=1/2 incomings=[#5648] SUSPICIOUS}
2017-10-06 14:36:40,231 INFO [91386912]         SlotsBuilder.java:427  | S2 MeasureStack#6 Slot{#9 xOffset=472 timeOffset=13/16 incomings=[#5630] SUSPICIOUS}
2017-10-06 14:36:40,231 INFO [91386912]                Voice.java:257  | S2 MeasureStack#6 Voice #1 too long 5/16
2017-10-06 14:36:40,231 INFO [91386912]                Voice.java:257  | S2 MeasureStack#6 Voice #2 too long 1/4
2017-10-06 14:36:40,231 INFO [91386912]           StackTuner.java:92   | S2 MeasureStack#6 no correct rhythm
2017-10-06 14:36:40,233 INFO [91386912]         SlotsBuilder.java:427  | S2 MeasureStack#7 Slot{#5 xOffset=232 timeOffset=1/2 incomings=[#5652] SUSPICIOUS}
2017-10-06 14:36:40,233 INFO [91386912]         SlotsBuilder.java:427  | S2 MeasureStack#7 Slot{#7 xOffset=330 timeOffset=3/4 incomings=[#5653] SUSPICIOUS}
2017-10-06 14:36:40,234 INFO [91386912]                Voice.java:257  | S2 MeasureStack#7 Voice #1 too long 1/8
2017-10-06 14:36:40,234 INFO [91386912]                Voice.java:257  | S2 MeasureStack#7 Voice #2 too long 1/4
2017-10-06 14:36:40,234 INFO [91386912]           StackTuner.java:92   | S2 MeasureStack#7 no correct rhythm
2017-10-06 14:36:40,235 INFO [91386912]         SlotsBuilder.java:427  | S2 MeasureStack#8 Slot{#5 xOffset=233 timeOffset=1/2 incomings=[#5656] SUSPICIOUS}
2017-10-06 14:36:40,236 INFO [91386912]         SlotsBuilder.java:427  | S2 MeasureStack#8 Slot{#8 xOffset=346 timeOffset=3/4 incomings=[#5657] SUSPICIOUS}
2017-10-06 14:36:40,237 INFO [91386912]                Voice.java:257  | S2 MeasureStack#8 Voice #2 too long 1/4
2017-10-06 14:36:40,237 INFO [91386912]           StackTuner.java:92   | S2 MeasureStack#8 no correct rhythm
2017-10-06 14:36:40,238 INFO [91386912]                Voice.java:257  | S2 MeasureStack#9 Voice #1 too long 1/4
2017-10-06 14:36:40,239 INFO [91386912]                Voice.java:257  | S2 MeasureStack#9 Voice #2 too long 1/4
2017-10-06 14:36:40,239 INFO [91386912]           StackTuner.java:92   | S2 MeasureStack#9 no correct rhythm
2017-10-06 14:36:40,243 INFO [91386912]                Voice.java:257  | S3 MeasureStack#13 Voice #2 too long 1/8
2017-10-06 14:36:40,244 INFO [91386912]           StackTuner.java:92   | S3 MeasureStack#13 no correct rhythm
2017-10-06 14:36:40,246 INFO [91386912]         SlotsBuilder.java:427  | S3 MeasureStack#14 Slot{#5 xOffset=197 timeOffset=1/2 incomings=[#5695] SUSPICIOUS}
2017-10-06 14:36:40,247 INFO [91386912]         SlotsBuilder.java:427  | S3 MeasureStack#14 Slot{#8 xOffset=298 timeOffset=7/8 incomings=[#5689] SUSPICIOUS}
2017-10-06 14:36:40,247 INFO [91386912]                Voice.java:257  | S3 MeasureStack#14 Voice #1 too long 3/8
2017-10-06 14:36:40,247 INFO [91386912]                Voice.java:257  | S3 MeasureStack#14 Voice #2 too long 1/4
2017-10-06 14:36:40,247 INFO [91386912]           StackTuner.java:92   | S3 MeasureStack#14 no correct rhythm
2017-10-06 14:36:40,248 INFO [91386912]                Voice.java:257  | S4 MeasureStack#15 Voice #1 too long 1/4
2017-10-06 14:36:40,249 INFO [91386912]                Voice.java:257  | S4 MeasureStack#15 Voice #2 too long 1/4
2017-10-06 14:36:40,249 INFO [91386912]           StackTuner.java:92   | S4 MeasureStack#15 no correct rhythm
2017-10-06 14:36:40,250 INFO [91386912]                Voice.java:257  | S4 MeasureStack#16 Voice #1 too long 1/8
2017-10-06 14:36:40,251 INFO [91386912]           StackTuner.java:92   | S4 MeasureStack#16 no correct rhythm
2017-10-06 14:36:40,253 INFO [91386912]         SlotsBuilder.java:427  | S4 MeasureStack#17 Slot{#5 xOffset=257 timeOffset=5/16 incomings=[#5709#5710] SUSPICIOUS}
2017-10-06 14:36:40,263 INFO [91386912]           PageRhythm.java:314  | Range{1-9 ts:3/4} Durations avgGuess:3/4 topGuess:3/4 avgValue:0.74 stacks:9 voices:24 Histogram{1/4-1 size:5 [1/4=1 1/2=5 3/4=13 7/8=2 1=3]}
2017-10-06 14:36:40,265 INFO [91386912]                Voice.java:257  | S5 MeasureStack#2 Voice #1 too long 1/8
2017-10-06 14:36:40,265 INFO [91386912]           StackTuner.java:92   | S5 MeasureStack#2 no correct rhythm
2017-10-06 14:36:40,267 INFO [91386912]                Voice.java:257  | S5 MeasureStack#4 Voice #1 too long 1/8
2017-10-06 14:36:40,268 INFO [91386912]           StackTuner.java:92   | S5 MeasureStack#4 no correct rhythm
2017-10-06 14:36:40,269 INFO [91386912]                Voice.java:257  | S5 MeasureStack#5 Voice #1 too long 1/4
2017-10-06 14:36:40,269 INFO [91386912]           StackTuner.java:92   | S5 MeasureStack#5 no correct rhythm
2017-10-06 14:36:40,272 INFO [91386912]                Voice.java:257  | S6 MeasureStack#8 Voice #1 too long 1/4
2017-10-06 14:36:40,273 INFO [91386912]                Voice.java:257  | S6 MeasureStack#8 Voice #3 too long 1/4
2017-10-06 14:36:40,274 INFO [91386912]           StackTuner.java:92   | S6 MeasureStack#8 no correct rhythm
2017-10-06 14:36:40,276 INFO [91386912]            BasicBook.java:1395 | Stored /book.xml
2017-10-06 14:36:41,516 INFO [91386912]           BasicSheet.java:979  | Stored /sheet#1/sheet#1.xml
2017-10-06 14:36:41,518 INFO [91386912]       StepMonitoring.java:96   | PAGE
2017-10-06 14:36:41,522 INFO [91386912]                Voice.java:257  | S1 MeasureStack#2 Voice #2 too long 1/4
2017-10-06 14:36:41,522 INFO [91386912]                Voice.java:257  | S1 MeasureStack#3 Voice #1 too long 1/8
2017-10-06 14:36:41,522 INFO [91386912]                Voice.java:257  | S1 MeasureStack#3 Voice #2 too long 1/4
2017-10-06 14:36:41,522 INFO [91386912]                Voice.java:257  | S1 MeasureStack#4 Voice #1 too long 1/2
2017-10-06 14:36:41,523 INFO [91386912]                Voice.java:257  | S1 MeasureStack#4 Voice #2 too long 1/4
2017-10-06 14:36:41,523 INFO [91386912]                Voice.java:257  | S1 MeasureStack#5 Voice #1 too long 3/8
2017-10-06 14:36:41,523 INFO [91386912]                Voice.java:257  | S1 MeasureStack#5 Voice #2 too long 1/4
2017-10-06 14:36:41,523 INFO [91386912]                Voice.java:257  | S2 MeasureStack#6 Voice #1 too long 5/16
2017-10-06 14:36:41,523 INFO [91386912]                Voice.java:257  | S2 MeasureStack#6 Voice #2 too long 1/4
2017-10-06 14:36:41,523 INFO [91386912]                Voice.java:257  | S2 MeasureStack#7 Voice #1 too long 1/8
2017-10-06 14:36:41,524 INFO [91386912]                Voice.java:257  | S2 MeasureStack#7 Voice #2 too long 1/4
2017-10-06 14:36:41,524 INFO [91386912]                Voice.java:257  | S2 MeasureStack#8 Voice #2 too long 1/4
2017-10-06 14:36:41,524 INFO [91386912]                Voice.java:257  | S2 MeasureStack#9 Voice #1 too long 1/4
2017-10-06 14:36:41,524 INFO [91386912]                Voice.java:257  | S2 MeasureStack#9 Voice #2 too long 1/4
2017-10-06 14:36:41,525 INFO [91386912]                Voice.java:257  | S3 MeasureStack#13 Voice #2 too long 1/8
2017-10-06 14:36:41,525 INFO [91386912]                Voice.java:257  | S3 MeasureStack#14 Voice #1 too long 3/8
2017-10-06 14:36:41,525 INFO [91386912]                Voice.java:257  | S3 MeasureStack#14 Voice #2 too long 1/4
2017-10-06 14:36:41,525 INFO [91386912]                Voice.java:257  | S4 MeasureStack#15 Voice #1 too long 1/4
2017-10-06 14:36:41,526 INFO [91386912]                Voice.java:257  | S4 MeasureStack#15 Voice #2 too long 1/4
2017-10-06 14:36:41,526 INFO [91386912]                Voice.java:257  | S4 MeasureStack#16 Voice #1 too long 1/8
2017-10-06 14:36:41,526 INFO [91386912]                Voice.java:257  | S5 MeasureStack#2 Voice #1 too long 1/8
2017-10-06 14:36:41,527 INFO [91386912]                Voice.java:257  | S5 MeasureStack#4 Voice #1 too long 1/8
2017-10-06 14:36:41,527 INFO [91386912]                Voice.java:257  | S5 MeasureStack#5 Voice #1 too long 1/4
2017-10-06 14:36:41,527 INFO [91386912]                Voice.java:257  | S6 MeasureStack#8 Voice #1 too long 1/4
2017-10-06 14:36:41,527 INFO [91386912]                Voice.java:257  | S6 MeasureStack#8 Voice #3 too long 1/4
2017-10-06 14:36:41,529 INFO [91386912]            BasicBook.java:1395 | Stored /book.xml
2017-10-06 14:36:42,708 INFO [91386912]           BasicSheet.java:979  | Stored /sheet#1/sheet#1.xml
2017-10-06 14:36:42,710 INFO [91386912]            BasicStub.java:723  | Sheet{91386912} disposed
2017-10-06 14:36:43,595 INFO [91386912]            BasicStub.java:449  | Loaded /sheet#1/sheet#1.xml
2017-10-06 14:36:43,596 INFO [91386912]            BasicBook.java:1133 | Scores built: 2
2017-10-06 14:36:44,581 INFO [91386912]        ScoreExporter.java:93   | Score 91386912.mvt1 exported to /Users/stephenn/Documents/workspace/nlsomr/xml_out/91386487/91386912/91386912.mvt1.mxl
2017-10-06 14:36:44,587 WARN [91386912]      PartwiseBuilder.java:1379 | Error visiting null
java.lang.NullPointerException: null
	at org.audiveris.omr.score.PartwiseBuilder.processKey(PartwiseBuilder.java:1344)
	at org.audiveris.omr.score.PartwiseBuilder.processKeys(PartwiseBuilder.java:1407)
	at org.audiveris.omr.score.PartwiseBuilder.processMeasure(PartwiseBuilder.java:1575)
	at org.audiveris.omr.score.PartwiseBuilder.processPart(PartwiseBuilder.java:1988)
	at org.audiveris.omr.score.PartwiseBuilder.processSystem(PartwiseBuilder.java:2528)
	at org.audiveris.omr.score.PartwiseBuilder.processLogicalPart(PartwiseBuilder.java:1433)
	at org.audiveris.omr.score.PartwiseBuilder.processStub(PartwiseBuilder.java:2483)
	at org.audiveris.omr.score.PartwiseBuilder.processPartList(PartwiseBuilder.java:2017)
	at org.audiveris.omr.score.PartwiseBuilder.processScore(PartwiseBuilder.java:2195)
	at org.audiveris.omr.score.PartwiseBuilder.build(PartwiseBuilder.java:307)
	at org.audiveris.omr.score.ScoreExporter.export(ScoreExporter.java:117)
	at org.audiveris.omr.score.ScoreExporter.export(ScoreExporter.java:91)
	at org.audiveris.omr.sheet.BasicBook.export(BasicBook.java:589)
	at org.audiveris.omr.CLI$ProcessingTask.processBook(CLI.java:785)
	at org.audiveris.omr.CLI$CliTask.call(CLI.java:344)
	at org.audiveris.omr.Main.runBatchTasks(Main.java:316)
	at org.audiveris.omr.Main.main(Main.java:155)
	at Audiveris.main(Audiveris.java:49)
2017-10-06 14:36:44,593 WARN [91386912]      PartwiseBuilder.java:1970 | Error visiting HeadInter{#4628(0.384/0.518) e#5757 s:10 p:5.00 NOTEHEAD_BLACK_SMALL}
java.lang.NullPointerException: null
	at org.audiveris.omr.sig.inter.AbstractNoteInter.getStep(AbstractNoteInter.java:256)
	at org.audiveris.omr.score.PartwiseBuilder.processNote(PartwiseBuilder.java:1796)
	at org.audiveris.omr.score.PartwiseBuilder.processChord(PartwiseBuilder.java:1056)
	at org.audiveris.omr.score.PartwiseBuilder.processMeasure(PartwiseBuilder.java:1639)
	at org.audiveris.omr.score.PartwiseBuilder.processPart(PartwiseBuilder.java:1988)
	at org.audiveris.omr.score.PartwiseBuilder.processSystem(PartwiseBuilder.java:2528)
	at org.audiveris.omr.score.PartwiseBuilder.processLogicalPart(PartwiseBuilder.java:1433)
	at org.audiveris.omr.score.PartwiseBuilder.processStub(PartwiseBuilder.java:2483)
	at org.audiveris.omr.score.PartwiseBuilder.processPartList(PartwiseBuilder.java:2017)
	at org.audiveris.omr.score.PartwiseBuilder.processScore(PartwiseBuilder.java:2195)
	at org.audiveris.omr.score.PartwiseBuilder.build(PartwiseBuilder.java:307)
	at org.audiveris.omr.score.ScoreExporter.export(ScoreExporter.java:117)
	at org.audiveris.omr.score.ScoreExporter.export(ScoreExporter.java:91)
	at org.audiveris.omr.sheet.BasicBook.export(BasicBook.java:589)
	at org.audiveris.omr.CLI$ProcessingTask.processBook(CLI.java:785)
	at org.audiveris.omr.CLI$CliTask.call(CLI.java:344)
	at org.audiveris.omr.Main.runBatchTasks(Main.java:316)
	at org.audiveris.omr.Main.main(Main.java:155)
	at Audiveris.main(Audiveris.java:49)
2017-10-06 14:36:44,610 INFO [91386912]        ScoreExporter.java:93   | Score 91386912.mvt2 exported to /Users/stephenn/Documents/workspace/nlsomr/xml_out/91386487/91386912/91386912.mvt2.mxl
2017-10-06 14:36:44,790 INFO [91386912]            BasicBook.java:1395 | Stored /book.xml
2017-10-06 14:36:44,790 INFO [91386912]            BasicBook.java:1355 | Book stored as /Users/stephenn/Documents/workspace/nlsomr/xml_out/91386487/91386912/91386912.omr
