2017-10-06 14:19:44,240 INFO [91386684]            BasicBook.java:427  | 1 sheet in /Users/stephenn/Documents/workspace/nlsomr/working/91386684.jpg
2017-10-06 14:19:44,378 INFO []            BasicBook.java:1395 | Stored /book.xml
2017-10-06 14:19:44,378 INFO []            BasicBook.java:1355 | Book stored as /Users/stephenn/Documents/workspace/nlsomr/xml_out/91386487/91386684/91386684.omr
2017-10-06 14:19:44,383 INFO []            BasicBook.java:996  | Book reaching PAGE on sheets:[#1]
2017-10-06 14:19:44,384 INFO [91386684]       StepMonitoring.java:96   | LOAD
2017-10-06 14:19:44,526 INFO [91386684]            BasicBook.java:911  | Loaded image 1 2000x3056 from /Users/stephenn/Documents/workspace/nlsomr/working/91386684.jpg
2017-10-06 14:19:44,531 INFO [91386684]            ImageUtil.java:82   | Converting max RGB to gray ...
2017-10-06 14:19:44,755 INFO [91386684]            BasicBook.java:1395 | Stored /book.xml
2017-10-06 14:19:45,020 INFO [91386684]           BasicSheet.java:979  | Stored /sheet#1/sheet#1.xml
2017-10-06 14:19:45,022 INFO [91386684]       StepMonitoring.java:96   | BINARY
2017-10-06 14:19:45,600 INFO [91386684]            BasicBook.java:1395 | Stored /book.xml
2017-10-06 14:19:45,946 INFO [91386684]              Picture.java:786  | Stored /sheet#1/BINARY.xml
2017-10-06 14:19:45,947 INFO [91386684]           BasicSheet.java:979  | Stored /sheet#1/sheet#1.xml
2017-10-06 14:19:45,950 INFO [91386684]       StepMonitoring.java:96   | SCALE
2017-10-06 14:19:45,991 INFO [91386684]            ScaleStep.java:87   | Scale{line(2,4,5) interline(16,16,17) beam(13)}
2017-10-06 14:19:45,993 INFO [91386684]            BasicBook.java:1395 | Stored /book.xml
2017-10-06 14:19:45,995 INFO [91386684]           BasicSheet.java:979  | Stored /sheet#1/sheet#1.xml
2017-10-06 14:19:45,999 INFO [91386684]       StepMonitoring.java:96   | GRID
2017-10-06 14:19:46,776 INFO [91386684]       LinesRetriever.java:442  | Global slope: 0.00077
2017-10-06 14:19:46,853 INFO [91386684]    ClustersRetriever.java:241  | Retrieved line clusters: 12 of size: 5 with interline: (16,16,17)
2017-10-06 14:19:47,338 INFO [91386684]            PeakGraph.java:181  | Systems: #1[1, 2] #2[3, 4] #3[5, 6] #4[7, 8] #5[9, 10] #6[11, 12]
2017-10-06 14:19:48,289 INFO [91386684]        SystemManager.java:626  | Indentation detected for system#1
2017-10-06 14:19:48,290 INFO [91386684]        SystemManager.java:709  | 1 part along 6 systems
2017-10-06 14:19:48,293 INFO [91386684]            BasicBook.java:1395 | Stored /book.xml
2017-10-06 14:19:48,484 INFO [91386684]           BasicSheet.java:979  | Stored /sheet#1/sheet#1.xml
2017-10-06 14:19:48,486 INFO [91386684]       StepMonitoring.java:96   | HEADERS
2017-10-06 14:19:48,828 INFO []          Nd4jBackend.java:194  | Loaded [CpuBackend] backend
2017-10-06 14:19:48,883 INFO []      NativeOpsHolder.java:49   | Number of threads used for NativeOps: 2
2017-10-06 14:19:49,282 INFO [] DefaultOpExecutioner.java:544  | Backend used: [CPU]; OS: [Mac OS X]
2017-10-06 14:19:49,282 INFO [] DefaultOpExecutioner.java:545  | Cores: [4]; Memory: [3.6GB];
2017-10-06 14:19:49,282 INFO [] DefaultOpExecutioner.java:546  | Blas vendor: [OPENBLAS]
2017-10-06 14:19:49,314 INFO []   AbstractClassifier.java:332  | Classifier data loaded from default uri jar:file:/Users/stephenn/Documents/workspace/audiveris/build/distributions/Audiveris/lib/audiveris.jar!/res/basic-classifier.zip
2017-10-06 14:19:50,631 WARN [91386684]          ClefBuilder.java:560  | Staff#2 no header clef.
2017-10-06 14:19:50,836 WARN [91386684]          ClefBuilder.java:560  | Staff#4 no header clef.
2017-10-06 14:19:51,071 WARN [91386684]          ClefBuilder.java:560  | Staff#6 no header clef.
2017-10-06 14:19:51,391 WARN [91386684]          ClefBuilder.java:560  | Staff#10 no header clef.
2017-10-06 14:19:51,613 INFO [91386684]            BasicBook.java:1395 | Stored /book.xml
2017-10-06 14:19:51,906 INFO [91386684]           BasicSheet.java:979  | Stored /sheet#1/sheet#1.xml
2017-10-06 14:19:51,908 INFO [91386684]       StepMonitoring.java:96   | STEM_SEEDS
2017-10-06 14:19:52,008 INFO [91386684]        StemSeedsStep.java:91   | stem(3 max:5)
2017-10-06 14:19:52,120 INFO [91386684]            BasicBook.java:1395 | Stored /book.xml
2017-10-06 14:19:52,201 INFO []   AbstractClassifier.java:332  | Classifier data loaded from default uri jar:file:/Users/stephenn/Documents/workspace/audiveris/build/distributions/Audiveris/lib/audiveris.jar!/res/deep-classifier.zip
2017-10-06 14:19:52,660 INFO [91386684]           BasicSheet.java:979  | Stored /sheet#1/sheet#1.xml
2017-10-06 14:19:52,665 INFO [91386684]       StepMonitoring.java:96   | BEAMS
2017-10-06 14:19:57,328 INFO [91386684]            BeamsStep.java:89   | BeamDistance{count:8 mean:14.53 stdDev:0.60}
2017-10-06 14:19:57,333 INFO [91386684]            BasicBook.java:1395 | Stored /book.xml
2017-10-06 14:19:57,398 INFO [91386684]              Picture.java:786  | Stored /sheet#1/HEAD_SPOTS.xml
2017-10-06 14:19:57,775 INFO [91386684]           BasicSheet.java:979  | Stored /sheet#1/sheet#1.xml
2017-10-06 14:19:57,778 INFO [91386684]       StepMonitoring.java:96   | LEDGERS
2017-10-06 14:19:58,264 INFO [91386684]            BasicBook.java:1395 | Stored /book.xml
2017-10-06 14:19:58,684 INFO [91386684]           BasicSheet.java:979  | Stored /sheet#1/sheet#1.xml
2017-10-06 14:19:58,687 INFO [91386684]       StepMonitoring.java:96   | HEADS
2017-10-06 14:20:01,246 INFO [91386684]            BasicBook.java:1395 | Stored /book.xml
2017-10-06 14:20:01,835 INFO [91386684]           BasicSheet.java:979  | Stored /sheet#1/sheet#1.xml
2017-10-06 14:20:01,837 INFO [91386684]       StepMonitoring.java:96   | STEMS
2017-10-06 14:20:03,365 INFO [91386684]            BasicBook.java:1395 | Stored /book.xml
2017-10-06 14:20:04,145 INFO [91386684]           BasicSheet.java:979  | Stored /sheet#1/sheet#1.xml
2017-10-06 14:20:04,147 INFO [91386684]       StepMonitoring.java:96   | REDUCTION
2017-10-06 14:20:04,383 INFO [91386684]            BasicBook.java:1395 | Stored /book.xml
2017-10-06 14:20:05,041 INFO [91386684]           BasicSheet.java:979  | Stored /sheet#1/sheet#1.xml
2017-10-06 14:20:05,044 INFO [91386684]       StepMonitoring.java:96   | CUE_BEAMS
2017-10-06 14:20:05,047 INFO [91386684]            BasicBook.java:1395 | Stored /book.xml
2017-10-06 14:20:05,602 INFO [91386684]           BasicSheet.java:979  | Stored /sheet#1/sheet#1.xml
2017-10-06 14:20:05,604 INFO [91386684]       StepMonitoring.java:96   | TEXTS
2017-10-06 14:20:07,492 INFO [91386684]            BasicBook.java:1395 | Stored /book.xml
2017-10-06 14:20:08,126 INFO [91386684]           BasicSheet.java:979  | Stored /sheet#1/sheet#1.xml
2017-10-06 14:20:08,129 INFO [91386684]       StepMonitoring.java:96   | MEASURES
2017-10-06 14:20:08,133 INFO [91386684]                 Page.java:210  | 24 raw measures: [4 in system#1, 4 in system#2, 4 in system#3, 4 in system#4, 4 in system#5, 4 in system#6]
2017-10-06 14:20:08,135 INFO [91386684]            BasicBook.java:1395 | Stored /book.xml
2017-10-06 14:20:08,835 INFO [91386684]           BasicSheet.java:979  | Stored /sheet#1/sheet#1.xml
2017-10-06 14:20:08,838 INFO [91386684]       StepMonitoring.java:96   | CHORDS
2017-10-06 14:20:08,852 INFO [91386684]            BasicBook.java:1395 | Stored /book.xml
2017-10-06 14:20:09,648 INFO [91386684]           BasicSheet.java:979  | Stored /sheet#1/sheet#1.xml
2017-10-06 14:20:09,650 INFO [91386684]       StepMonitoring.java:96   | CURVES
2017-10-06 14:20:11,089 INFO [91386684]         SlursBuilder.java:762  | RIGHT collision SlurInter{#4618(0.521)} & SlurInter{#4765(0.457)} @ HeadInter{#3388(0.568/0.800) e#4333 s:10 p:2.00 NOTEHEAD_BLACK}
2017-10-06 14:20:11,090 INFO [91386684]         SlursBuilder.java:762  | RIGHT collision SlurInter{#4765(0.457)} & SlurInter{#4618(0.521)} @ HeadInter{#3388(0.568/0.800) e#4333 s:10 p:2.00 NOTEHEAD_BLACK}
2017-10-06 14:20:11,091 INFO [91386684]         SlursBuilder.java:157  | Slurs: 48
2017-10-06 14:20:11,136 INFO [91386684]      SegmentsBuilder.java:113  | Segments: 37
2017-10-06 14:20:11,143 INFO [91386684]            BasicBook.java:1395 | Stored /book.xml
2017-10-06 14:20:12,446 INFO [91386684]           BasicSheet.java:979  | Stored /sheet#1/sheet#1.xml
2017-10-06 14:20:12,449 INFO [91386684]       StepMonitoring.java:96   | SYMBOLS
2017-10-06 14:20:12,641 INFO [91386684]       SymbolsBuilder.java:340  | Symbol parts shrunk from 12 to 7
2017-10-06 14:20:14,623 INFO [91386684]       SymbolsBuilder.java:340  | Symbol parts shrunk from 8 to 7
2017-10-06 14:20:14,758 INFO [91386684]            BasicBook.java:1395 | Stored /book.xml
2017-10-06 14:20:16,210 INFO [91386684]           BasicSheet.java:979  | Stored /sheet#1/sheet#1.xml
2017-10-06 14:20:16,212 INFO [91386684]       StepMonitoring.java:96   | LINKS
2017-10-06 14:20:16,254 INFO [91386684]            BasicBook.java:1395 | Stored /book.xml
2017-10-06 14:20:17,721 INFO [91386684]           BasicSheet.java:979  | Stored /sheet#1/sheet#1.xml
2017-10-06 14:20:17,723 INFO [91386684]       StepMonitoring.java:96   | RHYTHMS
2017-10-06 14:20:17,751 INFO [91386684]         SlotsBuilder.java:399  | Stack#9 suspicious Slot{#4 xOffset=423 timeOffset=3/8 incomings=[#4271]}
2017-10-06 14:20:17,754 INFO [91386684]         SlotsBuilder.java:399  | Stack#11 suspicious Slot{#3 xOffset=216 timeOffset=1/4 incomings=[#4263#4278]}
2017-10-06 14:20:17,757 INFO [91386684]         SlotsBuilder.java:399  | Stack#13 suspicious Slot{#4 xOffset=415 timeOffset=3/8 incomings=[#4301]}
2017-10-06 14:20:17,760 INFO [91386684]         SlotsBuilder.java:399  | Stack#15 suspicious Slot{#4 xOffset=283 timeOffset=3/8 incomings=[#4309]}
2017-10-06 14:20:17,771 INFO [91386684]           PageRhythm.java:314  | Range{1-24} Durations avgGuess:1/2 topGuess:1/2 avgValue:0.56 stacks:24 voices:66 Histogram{1/4-3/2 size:6 [1/4=2 3/8=5 1/2=53 9/16=1 5/8=2 3/2=3]}
2017-10-06 14:20:17,772 INFO [91386684]           PageRhythm.java:221  | S1 Range{1-24 dur:1/2} should update to 1/2-based time sig?
2017-10-06 14:20:17,773 INFO [91386684]                Voice.java:257  | S1 MeasureStack#1 Voice #1 too long 1
2017-10-06 14:20:17,775 INFO [91386684]                Voice.java:257  | S1 MeasureStack#1 Voice #2 too long 1
2017-10-06 14:20:17,776 INFO [91386684]                Voice.java:257  | S1 MeasureStack#1 Voice #3 too long 1
2017-10-06 14:20:17,776 INFO [91386684]           StackTuner.java:92   | S1 MeasureStack#1 no correct rhythm
2017-10-06 14:20:17,784 INFO [91386684]                Voice.java:257  | S2 MeasureStack#7 Voice #2 too long 1/8
2017-10-06 14:20:17,785 INFO [91386684]           StackTuner.java:92   | S2 MeasureStack#7 no correct rhythm
2017-10-06 14:20:17,788 INFO [91386684]         SlotsBuilder.java:434  | Stack#11 endless loop detected
2017-10-06 14:20:17,791 INFO [91386684]                Voice.java:257  | S4 MeasureStack#14 Voice #2 too long 1/16
2017-10-06 14:20:17,792 INFO [91386684]           StackTuner.java:92   | S4 MeasureStack#14 no correct rhythm
2017-10-06 14:20:17,800 INFO [91386684]                Voice.java:257  | S6 MeasureStack#23 Voice #2 too long 1/8
2017-10-06 14:20:17,801 INFO [91386684]           StackTuner.java:92   | S6 MeasureStack#23 no correct rhythm
2017-10-06 14:20:17,805 INFO [91386684]            BasicBook.java:1395 | Stored /book.xml
2017-10-06 14:20:19,300 INFO [91386684]           BasicSheet.java:979  | Stored /sheet#1/sheet#1.xml
2017-10-06 14:20:19,303 INFO [91386684]       StepMonitoring.java:96   | PAGE
2017-10-06 14:20:19,307 INFO [91386684]                 Part.java:267  | Could not left-connect slur#4794
2017-10-06 14:20:19,308 INFO [91386684]                 Part.java:267  | Could not left-connect slur#4618
2017-10-06 14:20:19,308 INFO [91386684]                 Part.java:267  | Could not left-connect slur#4765
2017-10-06 14:20:19,310 INFO [91386684]                Voice.java:257  | S1 MeasureStack#1 Voice #1 too long 1
2017-10-06 14:20:19,310 INFO [91386684]                Voice.java:257  | S1 MeasureStack#1 Voice #2 too long 1
2017-10-06 14:20:19,310 INFO [91386684]                Voice.java:257  | S1 MeasureStack#1 Voice #3 too long 1
2017-10-06 14:20:19,311 INFO [91386684]                Voice.java:257  | S2 MeasureStack#7 Voice #2 too long 1/8
2017-10-06 14:20:19,312 INFO [91386684]                Voice.java:257  | S4 MeasureStack#14 Voice #2 too long 1/16
2017-10-06 14:20:19,313 INFO [91386684]                Voice.java:257  | S6 MeasureStack#23 Voice #2 too long 1/8
2017-10-06 14:20:19,315 INFO [91386684]            BasicBook.java:1395 | Stored /book.xml
2017-10-06 14:20:20,790 INFO [91386684]           BasicSheet.java:979  | Stored /sheet#1/sheet#1.xml
2017-10-06 14:20:20,792 INFO [91386684]            BasicStub.java:723  | Sheet{91386684} disposed
2017-10-06 14:20:21,701 INFO [91386684]            BasicStub.java:449  | Loaded /sheet#1/sheet#1.xml
2017-10-06 14:20:21,703 INFO [91386684]            BasicBook.java:1133 | Scores built: 1
2017-10-06 14:20:22,616 WARN [91386684]      PartwiseBuilder.java:1379 | Error visiting null
java.lang.NullPointerException: null
	at org.audiveris.omr.score.PartwiseBuilder.processKey(PartwiseBuilder.java:1344)
	at org.audiveris.omr.score.PartwiseBuilder.processKeys(PartwiseBuilder.java:1407)
	at org.audiveris.omr.score.PartwiseBuilder.processMeasure(PartwiseBuilder.java:1575)
	at org.audiveris.omr.score.PartwiseBuilder.processPart(PartwiseBuilder.java:1988)
	at org.audiveris.omr.score.PartwiseBuilder.processSystem(PartwiseBuilder.java:2528)
	at org.audiveris.omr.score.PartwiseBuilder.processLogicalPart(PartwiseBuilder.java:1433)
	at org.audiveris.omr.score.PartwiseBuilder.processStub(PartwiseBuilder.java:2483)
	at org.audiveris.omr.score.PartwiseBuilder.processPartList(PartwiseBuilder.java:2017)
	at org.audiveris.omr.score.PartwiseBuilder.processScore(PartwiseBuilder.java:2195)
	at org.audiveris.omr.score.PartwiseBuilder.build(PartwiseBuilder.java:307)
	at org.audiveris.omr.score.ScoreExporter.export(ScoreExporter.java:117)
	at org.audiveris.omr.score.ScoreExporter.export(ScoreExporter.java:91)
	at org.audiveris.omr.sheet.BasicBook.export(BasicBook.java:589)
	at org.audiveris.omr.CLI$ProcessingTask.processBook(CLI.java:785)
	at org.audiveris.omr.CLI$CliTask.call(CLI.java:344)
	at org.audiveris.omr.Main.runBatchTasks(Main.java:316)
	at org.audiveris.omr.Main.main(Main.java:155)
	at Audiveris.main(Audiveris.java:49)
2017-10-06 14:20:22,627 WARN [91386684]      PartwiseBuilder.java:1379 | Error visiting null
java.lang.NullPointerException: null
	at org.audiveris.omr.score.PartwiseBuilder.processKey(PartwiseBuilder.java:1344)
	at org.audiveris.omr.score.PartwiseBuilder.processKeys(PartwiseBuilder.java:1407)
	at org.audiveris.omr.score.PartwiseBuilder.processMeasure(PartwiseBuilder.java:1575)
	at org.audiveris.omr.score.PartwiseBuilder.processPart(PartwiseBuilder.java:1988)
	at org.audiveris.omr.score.PartwiseBuilder.processSystem(PartwiseBuilder.java:2528)
	at org.audiveris.omr.score.PartwiseBuilder.processLogicalPart(PartwiseBuilder.java:1433)
	at org.audiveris.omr.score.PartwiseBuilder.processStub(PartwiseBuilder.java:2483)
	at org.audiveris.omr.score.PartwiseBuilder.processPartList(PartwiseBuilder.java:2017)
	at org.audiveris.omr.score.PartwiseBuilder.processScore(PartwiseBuilder.java:2195)
	at org.audiveris.omr.score.PartwiseBuilder.build(PartwiseBuilder.java:307)
	at org.audiveris.omr.score.ScoreExporter.export(ScoreExporter.java:117)
	at org.audiveris.omr.score.ScoreExporter.export(ScoreExporter.java:91)
	at org.audiveris.omr.sheet.BasicBook.export(BasicBook.java:589)
	at org.audiveris.omr.CLI$ProcessingTask.processBook(CLI.java:785)
	at org.audiveris.omr.CLI$CliTask.call(CLI.java:344)
	at org.audiveris.omr.Main.runBatchTasks(Main.java:316)
	at org.audiveris.omr.Main.main(Main.java:155)
	at Audiveris.main(Audiveris.java:49)
2017-10-06 14:20:22,632 WARN [91386684]      PartwiseBuilder.java:1379 | Error visiting null
java.lang.NullPointerException: null
	at org.audiveris.omr.score.PartwiseBuilder.processKey(PartwiseBuilder.java:1344)
	at org.audiveris.omr.score.PartwiseBuilder.processKeys(PartwiseBuilder.java:1407)
	at org.audiveris.omr.score.PartwiseBuilder.processMeasure(PartwiseBuilder.java:1575)
	at org.audiveris.omr.score.PartwiseBuilder.processPart(PartwiseBuilder.java:1988)
	at org.audiveris.omr.score.PartwiseBuilder.processSystem(PartwiseBuilder.java:2528)
	at org.audiveris.omr.score.PartwiseBuilder.processLogicalPart(PartwiseBuilder.java:1433)
	at org.audiveris.omr.score.PartwiseBuilder.processStub(PartwiseBuilder.java:2483)
	at org.audiveris.omr.score.PartwiseBuilder.processPartList(PartwiseBuilder.java:2017)
	at org.audiveris.omr.score.PartwiseBuilder.processScore(PartwiseBuilder.java:2195)
	at org.audiveris.omr.score.PartwiseBuilder.build(PartwiseBuilder.java:307)
	at org.audiveris.omr.score.ScoreExporter.export(ScoreExporter.java:117)
	at org.audiveris.omr.score.ScoreExporter.export(ScoreExporter.java:91)
	at org.audiveris.omr.sheet.BasicBook.export(BasicBook.java:589)
	at org.audiveris.omr.CLI$ProcessingTask.processBook(CLI.java:785)
	at org.audiveris.omr.CLI$CliTask.call(CLI.java:344)
	at org.audiveris.omr.Main.runBatchTasks(Main.java:316)
	at org.audiveris.omr.Main.main(Main.java:155)
	at Audiveris.main(Audiveris.java:49)
2017-10-06 14:20:22,639 WARN [91386684]      PartwiseBuilder.java:1379 | Error visiting null
java.lang.NullPointerException: null
	at org.audiveris.omr.score.PartwiseBuilder.processKey(PartwiseBuilder.java:1344)
	at org.audiveris.omr.score.PartwiseBuilder.processKeys(PartwiseBuilder.java:1407)
	at org.audiveris.omr.score.PartwiseBuilder.processMeasure(PartwiseBuilder.java:1575)
	at org.audiveris.omr.score.PartwiseBuilder.processPart(PartwiseBuilder.java:1988)
	at org.audiveris.omr.score.PartwiseBuilder.processSystem(PartwiseBuilder.java:2528)
	at org.audiveris.omr.score.PartwiseBuilder.processLogicalPart(PartwiseBuilder.java:1433)
	at org.audiveris.omr.score.PartwiseBuilder.processStub(PartwiseBuilder.java:2483)
	at org.audiveris.omr.score.PartwiseBuilder.processPartList(PartwiseBuilder.java:2017)
	at org.audiveris.omr.score.PartwiseBuilder.processScore(PartwiseBuilder.java:2195)
	at org.audiveris.omr.score.PartwiseBuilder.build(PartwiseBuilder.java:307)
	at org.audiveris.omr.score.ScoreExporter.export(ScoreExporter.java:117)
	at org.audiveris.omr.score.ScoreExporter.export(ScoreExporter.java:91)
	at org.audiveris.omr.sheet.BasicBook.export(BasicBook.java:589)
	at org.audiveris.omr.CLI$ProcessingTask.processBook(CLI.java:785)
	at org.audiveris.omr.CLI$CliTask.call(CLI.java:344)
	at org.audiveris.omr.Main.runBatchTasks(Main.java:316)
	at org.audiveris.omr.Main.main(Main.java:155)
	at Audiveris.main(Audiveris.java:49)
2017-10-06 14:20:22,707 INFO [91386684]        ScoreExporter.java:93   | Score 91386684 exported to /Users/stephenn/Documents/workspace/nlsomr/xml_out/91386487/91386684/91386684.mxl
2017-10-06 14:20:22,879 INFO [91386684]            BasicBook.java:1395 | Stored /book.xml
2017-10-06 14:20:22,879 INFO [91386684]            BasicBook.java:1355 | Book stored as /Users/stephenn/Documents/workspace/nlsomr/xml_out/91386487/91386684/91386684.omr
