2017-10-06 14:48:11,906 INFO [91387080]            BasicBook.java:427  | 1 sheet in /Users/stephenn/Documents/workspace/nlsomr/working/91387080.jpg
2017-10-06 14:48:12,057 INFO []            BasicBook.java:1395 | Stored /book.xml
2017-10-06 14:48:12,058 INFO []            BasicBook.java:1355 | Book stored as /Users/stephenn/Documents/workspace/nlsomr/xml_out/91386487/91387080/91387080.omr
2017-10-06 14:48:12,064 INFO []            BasicBook.java:996  | Book reaching PAGE on sheets:[#1]
2017-10-06 14:48:12,065 INFO [91387080]       StepMonitoring.java:96   | LOAD
2017-10-06 14:48:12,245 INFO [91387080]            BasicBook.java:911  | Loaded image 1 2000x3056 from /Users/stephenn/Documents/workspace/nlsomr/working/91387080.jpg
2017-10-06 14:48:12,250 INFO [91387080]            ImageUtil.java:82   | Converting max RGB to gray ...
2017-10-06 14:48:12,520 INFO [91387080]            BasicBook.java:1395 | Stored /book.xml
2017-10-06 14:48:12,854 INFO [91387080]           BasicSheet.java:979  | Stored /sheet#1/sheet#1.xml
2017-10-06 14:48:12,856 INFO [91387080]       StepMonitoring.java:96   | BINARY
2017-10-06 14:48:13,428 INFO [91387080]            BasicBook.java:1395 | Stored /book.xml
2017-10-06 14:48:13,752 INFO [91387080]              Picture.java:786  | Stored /sheet#1/BINARY.xml
2017-10-06 14:48:13,754 INFO [91387080]           BasicSheet.java:979  | Stored /sheet#1/sheet#1.xml
2017-10-06 14:48:13,756 INFO [91387080]       StepMonitoring.java:96   | SCALE
2017-10-06 14:48:13,800 INFO [91387080]            ScaleStep.java:87   | Scale{line(3,4,5) interline(16,17,17) beam(13)}
2017-10-06 14:48:13,802 INFO [91387080]            BasicBook.java:1395 | Stored /book.xml
2017-10-06 14:48:13,804 INFO [91387080]           BasicSheet.java:979  | Stored /sheet#1/sheet#1.xml
2017-10-06 14:48:13,806 INFO [91387080]       StepMonitoring.java:96   | GRID
2017-10-06 14:48:14,737 INFO [91387080]       LinesRetriever.java:442  | Global slope: -0.00040
2017-10-06 14:48:14,851 INFO [91387080]    ClustersRetriever.java:241  | Retrieved line clusters: 12 of size: 5 with interline: (16,17,17)
2017-10-06 14:48:15,681 INFO [91387080]            PeakGraph.java:181  | Systems: #1[1, 2] #2[3, 4] #3[5, 6] #4[7, 8] #5[9, 10] #6[11, 12]
2017-10-06 14:48:17,161 INFO [91387080]        SystemManager.java:626  | Indentation detected for system#1
2017-10-06 14:48:17,162 INFO [91387080]        SystemManager.java:626  | Indentation detected for system#4
2017-10-06 14:48:17,163 INFO [91387080]        SystemManager.java:671  | 2 pages found in sheet
2017-10-06 14:48:17,163 INFO [91387080]        SystemManager.java:709  | Page #1: 1 part along 3 systems
2017-10-06 14:48:17,163 INFO [91387080]        SystemManager.java:709  | Page #2: 1 part along 3 systems
2017-10-06 14:48:17,171 INFO [91387080]            BasicBook.java:1395 | Stored /book.xml
2017-10-06 14:48:17,475 INFO [91387080]           BasicSheet.java:979  | Stored /sheet#1/sheet#1.xml
2017-10-06 14:48:17,478 INFO [91387080]       StepMonitoring.java:96   | HEADERS
2017-10-06 14:48:17,884 INFO [91387080]          Nd4jBackend.java:194  | Loaded [CpuBackend] backend
2017-10-06 14:48:17,945 INFO [91387080]      NativeOpsHolder.java:49   | Number of threads used for NativeOps: 2
2017-10-06 14:48:18,431 INFO [91387080] DefaultOpExecutioner.java:544  | Backend used: [CPU]; OS: [Mac OS X]
2017-10-06 14:48:18,432 INFO [91387080] DefaultOpExecutioner.java:545  | Cores: [4]; Memory: [3.6GB];
2017-10-06 14:48:18,432 INFO [91387080] DefaultOpExecutioner.java:546  | Blas vendor: [OPENBLAS]
2017-10-06 14:48:18,470 INFO [91387080]   AbstractClassifier.java:332  | Classifier data loaded from default uri jar:file:/Users/stephenn/Documents/workspace/audiveris/build/distributions/Audiveris/lib/audiveris.jar!/res/basic-classifier.zip
2017-10-06 14:48:19,893 WARN [91387080]          ClefBuilder.java:560  | Staff#2 no header clef.
2017-10-06 14:48:20,124 WARN [91387080]          ClefBuilder.java:560  | Staff#4 no header clef.
2017-10-06 14:48:20,397 WARN [91387080]          ClefBuilder.java:560  | Staff#6 no header clef.
2017-10-06 14:48:21,250 INFO [91387080]            BasicBook.java:1395 | Stored /book.xml
2017-10-06 14:48:21,478 INFO []   AbstractClassifier.java:332  | Classifier data loaded from default uri jar:file:/Users/stephenn/Documents/workspace/audiveris/build/distributions/Audiveris/lib/audiveris.jar!/res/deep-classifier.zip
2017-10-06 14:48:21,617 INFO [91387080]           BasicSheet.java:979  | Stored /sheet#1/sheet#1.xml
2017-10-06 14:48:21,620 INFO [91387080]       StepMonitoring.java:96   | STEM_SEEDS
2017-10-06 14:48:21,713 INFO [91387080]        StemSeedsStep.java:91   | stem(3 max:4)
2017-10-06 14:48:21,851 INFO [91387080]            BasicBook.java:1395 | Stored /book.xml
2017-10-06 14:48:22,163 INFO [91387080]           BasicSheet.java:979  | Stored /sheet#1/sheet#1.xml
2017-10-06 14:48:22,165 INFO [91387080]       StepMonitoring.java:96   | BEAMS
2017-10-06 14:48:27,329 INFO [91387080]            BeamsStep.java:89   | BeamDistance{count:1 mean:14.69}
2017-10-06 14:48:27,334 INFO [91387080]            BasicBook.java:1395 | Stored /book.xml
2017-10-06 14:48:27,428 INFO [91387080]              Picture.java:786  | Stored /sheet#1/HEAD_SPOTS.xml
2017-10-06 14:48:27,953 INFO [91387080]           BasicSheet.java:979  | Stored /sheet#1/sheet#1.xml
2017-10-06 14:48:27,956 INFO [91387080]       StepMonitoring.java:96   | LEDGERS
2017-10-06 14:48:29,027 INFO [91387080]            BasicBook.java:1395 | Stored /book.xml
2017-10-06 14:48:29,501 INFO [91387080]           BasicSheet.java:979  | Stored /sheet#1/sheet#1.xml
2017-10-06 14:48:29,504 INFO [91387080]       StepMonitoring.java:96   | HEADS
2017-10-06 14:48:32,385 INFO [91387080]            BasicBook.java:1395 | Stored /book.xml
2017-10-06 14:48:33,695 INFO [91387080]           BasicSheet.java:979  | Stored /sheet#1/sheet#1.xml
2017-10-06 14:48:33,698 INFO [91387080]       StepMonitoring.java:96   | STEMS
2017-10-06 14:48:36,034 INFO [91387080]            BasicBook.java:1395 | Stored /book.xml
2017-10-06 14:48:37,585 INFO [91387080]           BasicSheet.java:979  | Stored /sheet#1/sheet#1.xml
2017-10-06 14:48:37,588 INFO [91387080]       StepMonitoring.java:96   | REDUCTION
2017-10-06 14:48:38,417 INFO [91387080]            BasicBook.java:1395 | Stored /book.xml
2017-10-06 14:48:39,471 INFO [91387080]           BasicSheet.java:979  | Stored /sheet#1/sheet#1.xml
2017-10-06 14:48:39,474 INFO [91387080]       StepMonitoring.java:96   | CUE_BEAMS
2017-10-06 14:48:39,478 INFO [91387080]            BasicBook.java:1395 | Stored /book.xml
2017-10-06 14:48:40,451 INFO [91387080]           BasicSheet.java:979  | Stored /sheet#1/sheet#1.xml
2017-10-06 14:48:40,454 INFO [91387080]       StepMonitoring.java:96   | TEXTS
2017-10-06 14:48:42,736 INFO [91387080]            BasicBook.java:1395 | Stored /book.xml
2017-10-06 14:48:43,778 INFO [91387080]           BasicSheet.java:979  | Stored /sheet#1/sheet#1.xml
2017-10-06 14:48:43,780 INFO [91387080]       StepMonitoring.java:96   | MEASURES
2017-10-06 14:48:43,785 INFO [91387080]                 Page.java:210  | 18 raw measures: [6 in system#1, 6 in system#2, 6 in system#3]
2017-10-06 14:48:43,785 INFO [91387080]                 Page.java:210  | 14 raw measures: [4 in system#4, 5 in system#5, 5 in system#6]
2017-10-06 14:48:43,787 INFO [91387080]            BasicBook.java:1395 | Stored /book.xml
2017-10-06 14:48:44,823 INFO [91387080]           BasicSheet.java:979  | Stored /sheet#1/sheet#1.xml
2017-10-06 14:48:44,826 INFO [91387080]       StepMonitoring.java:96   | CHORDS
2017-10-06 14:48:44,847 INFO [91387080]            BasicBook.java:1395 | Stored /book.xml
2017-10-06 14:48:45,922 INFO [91387080]           BasicSheet.java:979  | Stored /sheet#1/sheet#1.xml
2017-10-06 14:48:45,925 INFO [91387080]       StepMonitoring.java:96   | CURVES
2017-10-06 14:48:47,910 INFO [91387080]         SlursBuilder.java:157  | Slurs: 46
2017-10-06 14:48:48,082 INFO [91387080]      SegmentsBuilder.java:113  | Segments: 29
2017-10-06 14:48:48,092 INFO [91387080]            BasicBook.java:1395 | Stored /book.xml
2017-10-06 14:48:49,534 INFO [91387080]           BasicSheet.java:979  | Stored /sheet#1/sheet#1.xml
2017-10-06 14:48:49,537 INFO [91387080]       StepMonitoring.java:96   | SYMBOLS
2017-10-06 14:48:50,320 INFO [91387080]       SymbolsBuilder.java:340  | Symbol parts shrunk from 14 to 7
2017-10-06 14:48:51,009 INFO [91387080]       SymbolsBuilder.java:340  | Symbol parts shrunk from 14 to 7
2017-10-06 14:48:51,397 WARN [91387080]       SymbolsBuilder.java:229  | Error in glyph evaluation java.lang.ClassCastException: org.audiveris.omr.sig.inter.SmallChordInter cannot be cast to org.audiveris.omr.sig.inter.HeadChordInter
java.lang.ClassCastException: org.audiveris.omr.sig.inter.SmallChordInter cannot be cast to org.audiveris.omr.sig.inter.HeadChordInter
	at org.audiveris.omr.sig.inter.ArpeggiatoInter.create(ArpeggiatoInter.java:136)
	at org.audiveris.omr.sheet.symbol.SymbolFactory.create(SymbolFactory.java:220)
	at org.audiveris.omr.sheet.symbol.SymbolsBuilder.evaluateGlyph(SymbolsBuilder.java:227)
	at org.audiveris.omr.sheet.symbol.SymbolsBuilder.access$1200(SymbolsBuilder.java:68)
	at org.audiveris.omr.sheet.symbol.SymbolsBuilder$SymbolAdapter.evaluateGlyph(SymbolsBuilder.java:479)
	at org.audiveris.omr.glyph.GlyphCluster.process(GlyphCluster.java:200)
	at org.audiveris.omr.glyph.GlyphCluster.decompose(GlyphCluster.java:141)
	at org.audiveris.omr.sheet.symbol.SymbolsBuilder.processClusters(SymbolsBuilder.java:346)
	at org.audiveris.omr.sheet.symbol.SymbolsBuilder.buildSymbols(SymbolsBuilder.java:164)
	at org.audiveris.omr.sheet.symbol.SymbolsStep.doSystem(SymbolsStep.java:103)
	at org.audiveris.omr.sheet.symbol.SymbolsStep.doSystem(SymbolsStep.java:51)
	at org.audiveris.omr.step.AbstractSystemStep$1.call(AbstractSystemStep.java:198)
	at org.audiveris.omr.step.AbstractSystemStep$1.call(AbstractSystemStep.java:181)
	at org.audiveris.omr.step.AbstractSystemStep.doitPerSystem(AbstractSystemStep.java:219)
	at org.audiveris.omr.step.AbstractSystemStep.doit(AbstractSystemStep.java:106)
	at org.audiveris.omr.step.Step.doit(Step.java:168)
	at org.audiveris.omr.sheet.BasicStub$3.call(BasicStub.java:814)
	at org.audiveris.omr.sheet.BasicStub$3.call(BasicStub.java:802)
	at java.util.concurrent.FutureTask.run(FutureTask.java:266)
	at java.util.concurrent.ThreadPoolExecutor.runWorker(ThreadPoolExecutor.java:1149)
	at java.util.concurrent.ThreadPoolExecutor$Worker.run(ThreadPoolExecutor.java:624)
	at java.lang.Thread.run(Thread.java:748)
2017-10-06 14:48:52,840 INFO [91387080]            BasicBook.java:1395 | Stored /book.xml
2017-10-06 14:48:54,289 INFO [91387080]           BasicSheet.java:979  | Stored /sheet#1/sheet#1.xml
2017-10-06 14:48:54,292 INFO [91387080]       StepMonitoring.java:96   | LINKS
2017-10-06 14:48:54,318 INFO [91387080]        SymbolsLinker.java:306  | No measure stack for direction SentenceInter{#7379(0.523) s:7 SC-50 Direction} J: 59.
2017-10-06 14:48:54,385 WARN [91387080]            BasicStub.java:841  | Error in LINKS java.util.concurrent.ExecutionException: java.lang.NullPointerException
java.util.concurrent.ExecutionException: java.lang.NullPointerException
	at java.util.concurrent.FutureTask.report(FutureTask.java:122)
	at java.util.concurrent.FutureTask.get(FutureTask.java:206)
	at org.audiveris.omr.sheet.BasicStub.doOneStep(BasicStub.java:824)
	at org.audiveris.omr.sheet.BasicStub.reachStep(BasicStub.java:564)
	at org.audiveris.omr.sheet.BasicBook.reachBookStep(BasicBook.java:1063)
	at org.audiveris.omr.sheet.BasicBook.transcribe(BasicBook.java:1446)
	at org.audiveris.omr.sheet.BasicBook.export(BasicBook.java:558)
	at org.audiveris.omr.CLI$ProcessingTask.processBook(CLI.java:785)
	at org.audiveris.omr.CLI$CliTask.call(CLI.java:344)
	at org.audiveris.omr.Main.runBatchTasks(Main.java:316)
	at org.audiveris.omr.Main.main(Main.java:155)
	at Audiveris.main(Audiveris.java:49)
Caused by: java.lang.NullPointerException: null
	at java.util.AbstractCollection.addAll(AbstractCollection.java:343)
	at org.audiveris.omr.sig.SIGraph.noSupport(SIGraph.java:1073)
	at org.audiveris.omr.sig.inter.AbstractInter.overlaps(AbstractInter.java:754)
	at org.audiveris.omr.sig.CrossDetector.detectCrossOverlaps(CrossDetector.java:177)
	at org.audiveris.omr.sig.CrossDetector.detect(CrossDetector.java:139)
	at org.audiveris.omr.sig.CrossDetector.process(CrossDetector.java:87)
	at org.audiveris.omr.sheet.symbol.LinksStep.doEpilog(LinksStep.java:102)
	at org.audiveris.omr.sheet.symbol.LinksStep.doEpilog(LinksStep.java:43)
	at org.audiveris.omr.step.AbstractSystemStep.doit(AbstractSystemStep.java:109)
	at org.audiveris.omr.step.Step.doit(Step.java:168)
	at org.audiveris.omr.sheet.BasicStub$3.call(BasicStub.java:814)
	at org.audiveris.omr.sheet.BasicStub$3.call(BasicStub.java:802)
	at java.util.concurrent.FutureTask.run(FutureTask.java:266)
	at java.util.concurrent.ThreadPoolExecutor.runWorker(ThreadPoolExecutor.java:1149)
	at java.util.concurrent.ThreadPoolExecutor$Worker.run(ThreadPoolExecutor.java:624)
	at java.lang.Thread.run(Thread.java:748)
2017-10-06 14:48:54,386 INFO [91387080]            BasicStub.java:846  | Cause java.lang.NullPointerException
2017-10-06 14:48:54,386 INFO [91387080]            BasicStub.java:571  | StepException detected in [LOAD, BINARY, SCALE, GRID, HEADERS, STEM_SEEDS, BEAMS, LEDGERS, HEADS, STEMS, REDUCTION, CUE_BEAMS, TEXTS, MEASURES, CHORDS, CURVES, SYMBOLS, LINKS, RHYTHMS, PAGE]
2017-10-06 14:48:54,391 INFO [91387080]            BasicBook.java:1133 | Scores built: 2
2017-10-06 14:48:55,659 INFO [91387080]        ScoreExporter.java:93   | Score 91387080.mvt1 exported to /Users/stephenn/Documents/workspace/nlsomr/xml_out/91386487/91387080/91387080.mvt1.mxl
2017-10-06 14:48:55,663 INFO [91387080]        ScoreExporter.java:93   | Score 91387080.mvt2 exported to /Users/stephenn/Documents/workspace/nlsomr/xml_out/91386487/91387080/91387080.mvt2.mxl
2017-10-06 14:48:55,954 INFO [91387080]            BasicBook.java:1395 | Stored /book.xml
2017-10-06 14:48:56,825 INFO [91387080]           BasicSheet.java:979  | Stored /sheet#1/sheet#1.xml
2017-10-06 14:48:56,825 INFO [91387080]            BasicBook.java:1355 | Book stored as /Users/stephenn/Documents/workspace/nlsomr/xml_out/91386487/91387080/91387080.omr
