2017-10-06 15:27:49,637 INFO [91387620]            BasicBook.java:427  | 1 sheet in /Users/stephenn/Documents/workspace/nlsomr/working/91387620.jpg
2017-10-06 15:27:49,780 INFO []            BasicBook.java:1395 | Stored /book.xml
2017-10-06 15:27:49,781 INFO []            BasicBook.java:1355 | Book stored as /Users/stephenn/Documents/workspace/nlsomr/xml_out/91386487/91387620/91387620.omr
2017-10-06 15:27:49,786 INFO []            BasicBook.java:996  | Book reaching PAGE on sheets:[#1]
2017-10-06 15:27:49,788 INFO [91387620]       StepMonitoring.java:96   | LOAD
2017-10-06 15:27:49,943 INFO [91387620]            BasicBook.java:911  | Loaded image 1 2000x3056 from /Users/stephenn/Documents/workspace/nlsomr/working/91387620.jpg
2017-10-06 15:27:49,947 INFO [91387620]            ImageUtil.java:82   | Converting max RGB to gray ...
2017-10-06 15:27:50,193 INFO [91387620]            BasicBook.java:1395 | Stored /book.xml
2017-10-06 15:27:50,507 INFO [91387620]           BasicSheet.java:979  | Stored /sheet#1/sheet#1.xml
2017-10-06 15:27:50,509 INFO [91387620]       StepMonitoring.java:96   | BINARY
2017-10-06 15:27:51,158 INFO [91387620]            BasicBook.java:1395 | Stored /book.xml
2017-10-06 15:27:51,474 INFO [91387620]              Picture.java:786  | Stored /sheet#1/BINARY.xml
2017-10-06 15:27:51,476 INFO [91387620]           BasicSheet.java:979  | Stored /sheet#1/sheet#1.xml
2017-10-06 15:27:51,478 INFO [91387620]       StepMonitoring.java:96   | SCALE
2017-10-06 15:27:51,530 INFO [91387620]            ScaleStep.java:87   | Scale{line(3,4,5) interline(16,16,17) beam(13)}
2017-10-06 15:27:51,533 INFO [91387620]            BasicBook.java:1395 | Stored /book.xml
2017-10-06 15:27:51,537 INFO [91387620]           BasicSheet.java:979  | Stored /sheet#1/sheet#1.xml
2017-10-06 15:27:51,539 INFO [91387620]       StepMonitoring.java:96   | GRID
2017-10-06 15:27:52,580 INFO [91387620]       LinesRetriever.java:442  | Global slope: 0.00039
2017-10-06 15:27:52,694 INFO [91387620]    ClustersRetriever.java:241  | Retrieved line clusters: 12 of size: 5 with interline: (16,16,17)
2017-10-06 15:27:53,353 INFO [91387620]            PeakGraph.java:181  | Systems: #1[1, 2] #2[3, 4] #3[5, 6] #4[7, 8] #5[9, 10] #6[11, 12]
2017-10-06 15:27:54,187 INFO [91387620]        SystemManager.java:626  | Indentation detected for system#3
2017-10-06 15:27:54,188 INFO [91387620]        SystemManager.java:671  | 2 pages found in sheet
2017-10-06 15:27:54,188 INFO [91387620]        SystemManager.java:709  | Page #1: 1 part along 2 systems
2017-10-06 15:27:54,189 INFO [91387620]        SystemManager.java:709  | Page #2: 1 part along 4 systems
2017-10-06 15:27:54,194 INFO [91387620]            BasicBook.java:1395 | Stored /book.xml
2017-10-06 15:27:54,452 INFO [91387620]           BasicSheet.java:979  | Stored /sheet#1/sheet#1.xml
2017-10-06 15:27:54,455 INFO [91387620]       StepMonitoring.java:96   | HEADERS
2017-10-06 15:27:54,885 INFO []          Nd4jBackend.java:194  | Loaded [CpuBackend] backend
2017-10-06 15:27:54,949 INFO []      NativeOpsHolder.java:49   | Number of threads used for NativeOps: 2
2017-10-06 15:27:55,376 INFO [] DefaultOpExecutioner.java:544  | Backend used: [CPU]; OS: [Mac OS X]
2017-10-06 15:27:55,376 INFO [] DefaultOpExecutioner.java:545  | Cores: [4]; Memory: [3.6GB];
2017-10-06 15:27:55,376 INFO [] DefaultOpExecutioner.java:546  | Blas vendor: [OPENBLAS]
2017-10-06 15:27:55,419 INFO []   AbstractClassifier.java:332  | Classifier data loaded from default uri jar:file:/Users/stephenn/Documents/workspace/audiveris/build/distributions/Audiveris/lib/audiveris.jar!/res/basic-classifier.zip
2017-10-06 15:27:57,952 WARN [91387620]          ClefBuilder.java:560  | Staff#6 no header clef.
2017-10-06 15:27:58,395 WARN [91387620]          ClefBuilder.java:560  | Staff#10 no header clef.
2017-10-06 15:27:58,527 INFO [91387620]            BasicBook.java:1395 | Stored /book.xml
2017-10-06 15:27:58,699 INFO []   AbstractClassifier.java:332  | Classifier data loaded from default uri jar:file:/Users/stephenn/Documents/workspace/audiveris/build/distributions/Audiveris/lib/audiveris.jar!/res/deep-classifier.zip
2017-10-06 15:27:58,872 INFO [91387620]           BasicSheet.java:979  | Stored /sheet#1/sheet#1.xml
2017-10-06 15:27:58,874 INFO [91387620]       StepMonitoring.java:96   | STEM_SEEDS
2017-10-06 15:27:58,983 INFO [91387620]        StemSeedsStep.java:91   | stem(4 max:5)
2017-10-06 15:27:59,100 INFO [91387620]            BasicBook.java:1395 | Stored /book.xml
2017-10-06 15:27:59,458 INFO [91387620]           BasicSheet.java:979  | Stored /sheet#1/sheet#1.xml
2017-10-06 15:27:59,460 INFO [91387620]       StepMonitoring.java:96   | BEAMS
2017-10-06 15:28:04,084 INFO [91387620]            BeamsStep.java:89   | BeamDistance{count:1 mean:13.96}
2017-10-06 15:28:04,087 INFO [91387620]            BasicBook.java:1395 | Stored /book.xml
2017-10-06 15:28:04,163 INFO [91387620]              Picture.java:786  | Stored /sheet#1/HEAD_SPOTS.xml
2017-10-06 15:28:04,632 INFO [91387620]           BasicSheet.java:979  | Stored /sheet#1/sheet#1.xml
2017-10-06 15:28:04,634 INFO [91387620]       StepMonitoring.java:96   | LEDGERS
2017-10-06 15:28:05,209 INFO [91387620]            BasicBook.java:1395 | Stored /book.xml
2017-10-06 15:28:05,725 INFO [91387620]           BasicSheet.java:979  | Stored /sheet#1/sheet#1.xml
2017-10-06 15:28:05,727 INFO [91387620]       StepMonitoring.java:96   | HEADS
2017-10-06 15:28:08,592 INFO [91387620]            BasicBook.java:1395 | Stored /book.xml
2017-10-06 15:28:09,533 INFO [91387620]           BasicSheet.java:979  | Stored /sheet#1/sheet#1.xml
2017-10-06 15:28:09,536 INFO [91387620]       StepMonitoring.java:96   | STEMS
2017-10-06 15:28:11,677 INFO [91387620]            BasicBook.java:1395 | Stored /book.xml
2017-10-06 15:28:12,979 INFO [91387620]           BasicSheet.java:979  | Stored /sheet#1/sheet#1.xml
2017-10-06 15:28:12,982 INFO [91387620]       StepMonitoring.java:96   | REDUCTION
2017-10-06 15:28:13,471 INFO [91387620]            BasicBook.java:1395 | Stored /book.xml
2017-10-06 15:28:14,359 INFO [91387620]           BasicSheet.java:979  | Stored /sheet#1/sheet#1.xml
2017-10-06 15:28:14,361 INFO [91387620]       StepMonitoring.java:96   | CUE_BEAMS
2017-10-06 15:28:14,364 INFO [91387620]            BasicBook.java:1395 | Stored /book.xml
2017-10-06 15:28:15,198 INFO [91387620]           BasicSheet.java:979  | Stored /sheet#1/sheet#1.xml
2017-10-06 15:28:15,200 INFO [91387620]       StepMonitoring.java:96   | TEXTS
2017-10-06 15:28:16,836 INFO [91387620]            BasicBook.java:1395 | Stored /book.xml
2017-10-06 15:28:17,707 INFO [91387620]           BasicSheet.java:979  | Stored /sheet#1/sheet#1.xml
2017-10-06 15:28:17,709 INFO [91387620]       StepMonitoring.java:96   | MEASURES
2017-10-06 15:28:17,718 INFO [91387620]                 Page.java:210  | 9 raw measures: [5 in system#1, 4 in system#2]
2017-10-06 15:28:17,718 INFO [91387620]                 Page.java:210  | 16 raw measures: [4 in system#3, 4 in system#4, 4 in system#5, 4 in system#6]
2017-10-06 15:28:17,720 INFO [91387620]            BasicBook.java:1395 | Stored /book.xml
2017-10-06 15:28:18,569 INFO [91387620]           BasicSheet.java:979  | Stored /sheet#1/sheet#1.xml
2017-10-06 15:28:18,571 INFO [91387620]       StepMonitoring.java:96   | CHORDS
2017-10-06 15:28:18,590 INFO [91387620]            BasicBook.java:1395 | Stored /book.xml
2017-10-06 15:28:19,484 INFO [91387620]           BasicSheet.java:979  | Stored /sheet#1/sheet#1.xml
2017-10-06 15:28:19,486 INFO [91387620]       StepMonitoring.java:96   | CURVES
2017-10-06 15:28:20,894 INFO [91387620]         SlursBuilder.java:157  | Slurs: 8
2017-10-06 15:28:20,918 INFO [91387620]      SegmentsBuilder.java:113  | Segments: 11
2017-10-06 15:28:20,925 INFO [91387620]            BasicBook.java:1395 | Stored /book.xml
2017-10-06 15:28:21,785 INFO [91387620]           BasicSheet.java:979  | Stored /sheet#1/sheet#1.xml
2017-10-06 15:28:21,787 INFO [91387620]       StepMonitoring.java:96   | SYMBOLS
2017-10-06 15:28:25,139 INFO [91387620]            BasicBook.java:1395 | Stored /book.xml
2017-10-06 15:28:26,227 INFO [91387620]           BasicSheet.java:979  | Stored /sheet#1/sheet#1.xml
2017-10-06 15:28:26,229 INFO [91387620]       StepMonitoring.java:96   | LINKS
2017-10-06 15:28:26,232 INFO [91387620]        SymbolsLinker.java:323  | No chord above direction SentenceInter{#6492(0.609) s:2 BIS-37 Direction} a tempo
2017-10-06 15:28:26,291 INFO [91387620]            BasicBook.java:1395 | Stored /book.xml
2017-10-06 15:28:27,386 INFO [91387620]           BasicSheet.java:979  | Stored /sheet#1/sheet#1.xml
2017-10-06 15:28:27,388 INFO [91387620]       StepMonitoring.java:96   | RHYTHMS
2017-10-06 15:28:27,435 INFO [91387620]           PageRhythm.java:314  | Range{1-9} Durations avgGuess:3/4 topGuess:1/2 avgValue:0.76 stacks:9 voices:25 Histogram{1/4-5/4 size:12 [1/4=2 5/16=1 3/8=2 7/16=1 1/2=5 9/16=2 5/8=1 3/4=4 13/16=1 1=3 17/16=2 5/4=1]}
2017-10-06 15:28:27,436 INFO [91387620]           PageRhythm.java:221  | S1 Range{1-9 dur:3/4} should update to 3/4-based time sig?
2017-10-06 15:28:27,440 INFO [91387620]                Voice.java:257  | S1 MeasureStack#2 Voice #2 too long 1/2
2017-10-06 15:28:27,440 INFO [91387620]                Voice.java:257  | S1 MeasureStack#2 Voice #3 too long 1/4
2017-10-06 15:28:27,440 INFO [91387620]                Voice.java:257  | S1 MeasureStack#2 Voice #4 too long 1/4
2017-10-06 15:28:27,441 INFO [91387620]           StackTuner.java:92   | S1 MeasureStack#2 no correct rhythm
2017-10-06 15:28:27,443 INFO [91387620]                Voice.java:257  | S1 MeasureStack#3 Voice #1 too long 1/4
2017-10-06 15:28:27,446 INFO [91387620]                Voice.java:257  | S1 MeasureStack#3 Voice #4 too long 5/16
2017-10-06 15:28:27,447 INFO [91387620]           StackTuner.java:92   | S1 MeasureStack#3 no correct rhythm
2017-10-06 15:28:27,449 INFO [91387620]         SlotsBuilder.java:427  | S1 MeasureStack#4 Slot{#5 xOffset=183 timeOffset=9/16 incomings=[#6567] SUSPICIOUS}
2017-10-06 15:28:27,450 INFO [91387620]         SlotsBuilder.java:427  | S1 MeasureStack#4 Slot{#7 xOffset=225 timeOffset=3/4 incomings=[#6568] SUSPICIOUS}
2017-10-06 15:28:27,451 INFO [91387620]         SlotsBuilder.java:427  | S1 MeasureStack#4 Slot{#9 xOffset=265 timeOffset=7/8 incomings=[#6569] SUSPICIOUS}
2017-10-06 15:28:27,452 INFO [91387620]                Voice.java:257  | S1 MeasureStack#4 Voice #1 too long 1/4
2017-10-06 15:28:27,452 INFO [91387620]                Voice.java:257  | S1 MeasureStack#4 Voice #2 too long 1/4
2017-10-06 15:28:27,453 INFO [91387620]                Voice.java:257  | S1 MeasureStack#4 Voice #3 too long 3/8
2017-10-06 15:28:27,453 INFO [91387620]           StackTuner.java:92   | S1 MeasureStack#4 no correct rhythm
2017-10-06 15:28:27,455 INFO [91387620]                Voice.java:257  | S1 MeasureStack#5 Voice #1 too long 5/16
2017-10-06 15:28:27,456 INFO [91387620]                Voice.java:257  | S1 MeasureStack#5 Voice #3 too long 1/16
2017-10-06 15:28:27,457 INFO [91387620]           StackTuner.java:92   | S1 MeasureStack#5 no correct rhythm
2017-10-06 15:28:27,460 INFO [91387620]         SlotsBuilder.java:427  | S2 MeasureStack#6 Slot{#6 xOffset=374 timeOffset=9/16 incomings=[#6600#6602] SUSPICIOUS}
2017-10-06 15:28:27,462 INFO [91387620]         SlotsBuilder.java:427  | S2 MeasureStack#6 Slot{#9 xOffset=464 timeOffset=13/16 incomings=[#6604] SUSPICIOUS}
2017-10-06 15:28:27,463 INFO [91387620]         SlotsBuilder.java:427  | S2 MeasureStack#6 Slot{#11 xOffset=512 timeOffset=15/16 incomings=[#6605] SUSPICIOUS}
2017-10-06 15:28:27,463 INFO [91387620]                Voice.java:257  | S2 MeasureStack#6 Voice #1 too long 1/4
2017-10-06 15:28:27,463 INFO [91387620]                Voice.java:257  | S2 MeasureStack#6 Voice #2 too long 5/16
2017-10-06 15:28:27,464 INFO [91387620]                Voice.java:257  | S2 MeasureStack#6 Voice #3 too long 5/16
2017-10-06 15:28:27,464 INFO [91387620]           StackTuner.java:92   | S2 MeasureStack#6 no correct rhythm
2017-10-06 15:28:27,465 INFO [91387620]         SlotsBuilder.java:427  | S2 MeasureStack#7 Slot{#5 xOffset=200 timeOffset=7/16 incomings=[#6585] SUSPICIOUS}
2017-10-06 15:28:27,466 INFO [91387620]         SlotsBuilder.java:427  | S2 MeasureStack#7 Slot{#7 xOffset=252 timeOffset=9/16 incomings=[#6586] SUSPICIOUS}
2017-10-06 15:28:27,467 INFO [91387620]         SlotsBuilder.java:434  | Stack#7 endless loop detected
2017-10-06 15:28:27,467 INFO [91387620]                Voice.java:257  | S2 MeasureStack#7 Voice #1 too long 3/16
2017-10-06 15:28:27,468 INFO [91387620]                Voice.java:257  | S2 MeasureStack#7 Voice #2 too long 1/8
2017-10-06 15:28:27,469 INFO [91387620]                Voice.java:257  | S2 MeasureStack#7 Voice #3 too long 1/4
2017-10-06 15:28:27,469 INFO [91387620]           StackTuner.java:92   | S2 MeasureStack#7 no correct rhythm
2017-10-06 15:28:27,471 INFO [91387620]         SlotsBuilder.java:427  | S2 MeasureStack#8 Slot{#4 xOffset=149 timeOffset=5/16 incomings=[#6618] SUSPICIOUS}
2017-10-06 15:28:27,471 INFO [91387620]         SlotsBuilder.java:427  | S2 MeasureStack#8 Slot{#6 xOffset=200 timeOffset=7/16 incomings=[#6619] SUSPICIOUS}
2017-10-06 15:28:27,472 INFO [91387620]         SlotsBuilder.java:427  | S2 MeasureStack#8 Slot{#8 xOffset=248 timeOffset=9/16 incomings=[#8486] SUSPICIOUS}
2017-10-06 15:28:27,472 INFO [91387620]         SlotsBuilder.java:427  | S2 MeasureStack#8 Slot{#11 xOffset=349 timeOffset=13/16 incomings=[#6621] SUSPICIOUS}
2017-10-06 15:28:27,473 INFO [91387620]                Voice.java:257  | S2 MeasureStack#8 Voice #1 too long 1/4
2017-10-06 15:28:27,473 INFO [91387620]                Voice.java:257  | S2 MeasureStack#8 Voice #2 too long 5/16
2017-10-06 15:28:27,473 INFO [91387620]           StackTuner.java:92   | S2 MeasureStack#8 no correct rhythm
2017-10-06 15:28:27,493 WARN [91387620]           StackTuner.java:95   | Error java.lang.IllegalArgumentException: no such vertex in graph: HeadChordInter{#6758 DELETED(0.813/0.813) dur:1/8} checkConfig 
java.lang.IllegalArgumentException: no such vertex in graph: HeadChordInter{#6758 DELETED(0.813/0.813) dur:1/8}
	at org.jgrapht.graph.AbstractGraph.assertVertexExist(AbstractGraph.java:132)
	at org.jgrapht.graph.AbstractBaseGraph.addEdge(AbstractBaseGraph.java:209)
	at org.audiveris.omr.sheet.rhythm.SlotsBuilder.setRel(SlotsBuilder.java:1162)
	at org.audiveris.omr.sheet.rhythm.SlotsBuilder.inspectBeams(SlotsBuilder.java:866)
	at org.audiveris.omr.sheet.rhythm.SlotsBuilder.buildRelationships(SlotsBuilder.java:346)
	at org.audiveris.omr.sheet.rhythm.SlotsBuilder.process(SlotsBuilder.java:234)
	at org.audiveris.omr.sheet.rhythm.StackTuner.checkSlots(StackTuner.java:146)
	at org.audiveris.omr.sheet.rhythm.StackTuner.check(StackTuner.java:110)
	at org.audiveris.omr.sheet.rhythm.StackTuner.process(StackTuner.java:91)
	at org.audiveris.omr.sheet.rhythm.PageRhythm.retrieveRangeDurations(PageRhythm.java:346)
	at org.audiveris.omr.sheet.rhythm.PageRhythm.process(PageRhythm.java:125)
	at org.audiveris.omr.sheet.rhythm.RhythmsStep.doit(RhythmsStep.java:61)
	at org.audiveris.omr.step.Step.doit(Step.java:168)
	at org.audiveris.omr.sheet.BasicStub$3.call(BasicStub.java:814)
	at org.audiveris.omr.sheet.BasicStub$3.call(BasicStub.java:802)
	at java.util.concurrent.FutureTask.run(FutureTask.java:266)
	at java.util.concurrent.ThreadPoolExecutor.runWorker(ThreadPoolExecutor.java:1149)
	at java.util.concurrent.ThreadPoolExecutor$Worker.run(ThreadPoolExecutor.java:624)
	at java.lang.Thread.run(Thread.java:748)
2017-10-06 15:28:27,503 INFO [91387620]           PageRhythm.java:314  | Range{1-16 ts:6/8} Durations avgGuess:1 topGuess:9/8 avgValue:1.01 stacks:16 voices:30 Histogram{7/16-11/8 size:13 [7/16=1 1/2=1 5/8=1 11/16=2 3/4=4 13/16=1 7/8=2 15/16=1 1=2 9/8=6 19/16=2 5/4=4 11/8=3]}
2017-10-06 15:28:27,505 INFO [91387620]           PageRhythm.java:221  | S3 Range{1-16 ts:6/8 dur:1} should update to 1-based time sig?
2017-10-06 15:28:27,506 INFO [91387620]                Voice.java:257  | S3 MeasureStack#1 Voice #1 too long 1/4
2017-10-06 15:28:27,507 INFO [91387620]                Voice.java:257  | S3 MeasureStack#1 Voice #2 too long 1/4
2017-10-06 15:28:27,507 INFO [91387620]           StackTuner.java:92   | S3 MeasureStack#1 no correct rhythm
2017-10-06 15:28:27,508 INFO [91387620]                Voice.java:257  | S3 MeasureStack#2 Voice #1 too long 3/8
2017-10-06 15:28:27,509 INFO [91387620]                Voice.java:257  | S3 MeasureStack#2 Voice #2 too long 3/8
2017-10-06 15:28:27,510 INFO [91387620]           StackTuner.java:92   | S3 MeasureStack#2 no correct rhythm
2017-10-06 15:28:27,518 INFO [91387620]         SlotsBuilder.java:427  | S3 MeasureStack#3 Slot{#5 xOffset=152 timeOffset=7/16 incomings=[#6640] SUSPICIOUS}
2017-10-06 15:28:27,519 INFO [91387620]                Voice.java:257  | S3 MeasureStack#3 Voice #1 too long 5/16
2017-10-06 15:28:27,519 INFO [91387620]                Voice.java:257  | S3 MeasureStack#3 Voice #2 too long 1/8
2017-10-06 15:28:27,520 INFO [91387620]           StackTuner.java:92   | S3 MeasureStack#3 no correct rhythm
2017-10-06 15:28:27,521 INFO [91387620]                Voice.java:257  | S3 MeasureStack#4 Voice #1 too long 3/8
2017-10-06 15:28:27,522 INFO [91387620]                Voice.java:257  | S3 MeasureStack#4 Voice #2 too long 1/4
2017-10-06 15:28:27,522 INFO [91387620]           StackTuner.java:92   | S3 MeasureStack#4 no correct rhythm
2017-10-06 15:28:27,523 INFO [91387620]                Voice.java:257  | S4 MeasureStack#5 Voice #1 too long 1/4
2017-10-06 15:28:27,523 INFO [91387620]                Voice.java:257  | S4 MeasureStack#5 Voice #2 too long 1/8
2017-10-06 15:28:27,523 INFO [91387620]           StackTuner.java:92   | S4 MeasureStack#5 no correct rhythm
2017-10-06 15:28:27,524 INFO [91387620]         SlotsBuilder.java:427  | S4 MeasureStack#6 Slot{#6 xOffset=291 timeOffset=1 incomings=[#6670] SUSPICIOUS}
2017-10-06 15:28:27,525 INFO [91387620]                Voice.java:257  | S4 MeasureStack#6 Voice #1 too long 3/8
2017-10-06 15:28:27,525 INFO [91387620]                Voice.java:257  | S4 MeasureStack#6 Voice #2 too long 1/8
2017-10-06 15:28:27,528 INFO [91387620]           StackTuner.java:92   | S4 MeasureStack#6 no correct rhythm
2017-10-06 15:28:27,529 INFO [91387620]         SlotsBuilder.java:427  | S4 MeasureStack#7 Slot{#4 xOffset=165 timeOffset=1/2 incomings=[#6675] SUSPICIOUS}
2017-10-06 15:28:27,530 INFO [91387620]                Voice.java:257  | S4 MeasureStack#7 Voice #1 too long 1/4
2017-10-06 15:28:27,530 INFO [91387620]                Voice.java:257  | S4 MeasureStack#7 Voice #2 too long 1/4
2017-10-06 15:28:27,531 INFO [91387620]           StackTuner.java:92   | S4 MeasureStack#7 no correct rhythm
2017-10-06 15:28:27,533 INFO [91387620]                Voice.java:257  | S4 MeasureStack#8 Voice #1 too long 1/8
2017-10-06 15:28:27,533 INFO [91387620]                Voice.java:257  | S4 MeasureStack#8 Voice #2 too long 1/8
2017-10-06 15:28:27,533 INFO [91387620]           StackTuner.java:92   | S4 MeasureStack#8 no correct rhythm
2017-10-06 15:28:27,535 INFO [91387620]                Voice.java:257  | S5 MeasureStack#9 Voice #1 too long 3/16
2017-10-06 15:28:27,536 INFO [91387620]                Voice.java:257  | S5 MeasureStack#9 Voice #2 too long 3/16
2017-10-06 15:28:27,536 INFO [91387620]           StackTuner.java:92   | S5 MeasureStack#9 no correct rhythm
2017-10-06 15:28:27,537 INFO [91387620]         SlotsBuilder.java:427  | S5 MeasureStack#10 Slot{#7 xOffset=216 timeOffset=11/16 incomings=[#6743] SUSPICIOUS}
2017-10-06 15:28:27,538 INFO [91387620]         SlotsBuilder.java:427  | S5 MeasureStack#10 Slot{#9 xOffset=251 timeOffset=13/16 incomings=[#6744] SUSPICIOUS}
2017-10-06 15:28:27,539 INFO [91387620]         SlotsBuilder.java:427  | S5 MeasureStack#10 Slot{#11 xOffset=310 timeOffset=15/16 incomings=[#6745] SUSPICIOUS}
2017-10-06 15:28:27,540 INFO [91387620]         SlotsBuilder.java:427  | S5 MeasureStack#10 Slot{#13 xOffset=344 timeOffset=17/16 incomings=[#6746] SUSPICIOUS}
2017-10-06 15:28:27,541 INFO [91387620]                Voice.java:257  | S5 MeasureStack#10 Voice #1 too long 1/8
2017-10-06 15:28:27,541 INFO [91387620]                Voice.java:257  | S5 MeasureStack#10 Voice #2 too long 3/16
2017-10-06 15:28:27,542 INFO [91387620]           StackTuner.java:92   | S5 MeasureStack#10 no correct rhythm
2017-10-06 15:28:27,545 INFO [91387620]         SlotsBuilder.java:427  | S5 MeasureStack#11 Slot{#9 xOffset=285 timeOffset=15/16 incomings=[#6754] SUSPICIOUS}
2017-10-06 15:28:27,546 INFO [91387620]         SlotsBuilder.java:427  | S5 MeasureStack#11 Slot{#11 xOffset=319 timeOffset=9/8 incomings=[#6755] SUSPICIOUS}
2017-10-06 15:28:27,547 INFO [91387620]                Voice.java:257  | S5 MeasureStack#11 Voice #1 too long 1/8
2017-10-06 15:28:27,548 INFO [91387620]                Voice.java:257  | S5 MeasureStack#11 Voice #2 too long 1/4
2017-10-06 15:28:27,549 INFO [91387620]           StackTuner.java:92   | S5 MeasureStack#11 no correct rhythm
2017-10-06 15:28:27,550 WARN [91387620]           StackTuner.java:95   | Error java.lang.IllegalArgumentException: no such vertex in graph: HeadChordInter{#6758 DELETED(0.813/0.813) dur:1/8} checkConfig 
java.lang.IllegalArgumentException: no such vertex in graph: HeadChordInter{#6758 DELETED(0.813/0.813) dur:1/8}
	at org.jgrapht.graph.AbstractGraph.assertVertexExist(AbstractGraph.java:132)
	at org.jgrapht.graph.AbstractBaseGraph.addEdge(AbstractBaseGraph.java:209)
	at org.audiveris.omr.sheet.rhythm.SlotsBuilder.setRel(SlotsBuilder.java:1162)
	at org.audiveris.omr.sheet.rhythm.SlotsBuilder.inspectBeams(SlotsBuilder.java:866)
	at org.audiveris.omr.sheet.rhythm.SlotsBuilder.buildRelationships(SlotsBuilder.java:346)
	at org.audiveris.omr.sheet.rhythm.SlotsBuilder.process(SlotsBuilder.java:234)
	at org.audiveris.omr.sheet.rhythm.StackTuner.checkSlots(StackTuner.java:146)
	at org.audiveris.omr.sheet.rhythm.StackTuner.check(StackTuner.java:110)
	at org.audiveris.omr.sheet.rhythm.StackTuner.process(StackTuner.java:91)
	at org.audiveris.omr.sheet.rhythm.PageRhythm.processRanges(PageRhythm.java:231)
	at org.audiveris.omr.sheet.rhythm.PageRhythm.process(PageRhythm.java:128)
	at org.audiveris.omr.sheet.rhythm.RhythmsStep.doit(RhythmsStep.java:61)
	at org.audiveris.omr.step.Step.doit(Step.java:168)
	at org.audiveris.omr.sheet.BasicStub$3.call(BasicStub.java:814)
	at org.audiveris.omr.sheet.BasicStub$3.call(BasicStub.java:802)
	at java.util.concurrent.FutureTask.run(FutureTask.java:266)
	at java.util.concurrent.ThreadPoolExecutor.runWorker(ThreadPoolExecutor.java:1149)
	at java.util.concurrent.ThreadPoolExecutor$Worker.run(ThreadPoolExecutor.java:624)
	at java.lang.Thread.run(Thread.java:748)
2017-10-06 15:28:27,553 INFO [91387620]                Voice.java:257  | S6 MeasureStack#13 Voice #1 too long 1/8
2017-10-06 15:28:27,554 INFO [91387620]                Voice.java:257  | S6 MeasureStack#13 Voice #2 too long 1/8
2017-10-06 15:28:27,559 INFO [91387620]           StackTuner.java:92   | S6 MeasureStack#13 no correct rhythm
2017-10-06 15:28:27,561 INFO [91387620]         SlotsBuilder.java:427  | S6 MeasureStack#14 Slot{#7 xOffset=235 timeOffset=11/16 incomings=[#6807] SUSPICIOUS}
2017-10-06 15:28:27,562 INFO [91387620]         SlotsBuilder.java:427  | S6 MeasureStack#14 Slot{#9 xOffset=271 timeOffset=13/16 incomings=[#6808] SUSPICIOUS}
2017-10-06 15:28:27,562 INFO [91387620]         SlotsBuilder.java:427  | S6 MeasureStack#14 Slot{#11 xOffset=333 timeOffset=15/16 incomings=[#6809] SUSPICIOUS}
2017-10-06 15:28:27,562 INFO [91387620]         SlotsBuilder.java:427  | S6 MeasureStack#14 Slot{#13 xOffset=369 timeOffset=17/16 incomings=[#6810] SUSPICIOUS}
2017-10-06 15:28:27,563 INFO [91387620]                Voice.java:257  | S6 MeasureStack#14 Voice #1 too long 3/16
2017-10-06 15:28:27,563 INFO [91387620]                Voice.java:257  | S6 MeasureStack#14 Voice #2 too long 3/16
2017-10-06 15:28:27,563 INFO [91387620]           StackTuner.java:92   | S6 MeasureStack#14 no correct rhythm
2017-10-06 15:28:27,565 INFO [91387620]         SlotsBuilder.java:427  | S6 MeasureStack#15 Slot{#7 xOffset=212 timeOffset=3/4 incomings=[#6816] SUSPICIOUS}
2017-10-06 15:28:27,565 INFO [91387620]         SlotsBuilder.java:427  | S6 MeasureStack#15 Slot{#9 xOffset=245 timeOffset=7/8 incomings=[#6817] SUSPICIOUS}
2017-10-06 15:28:27,565 INFO [91387620]         SlotsBuilder.java:427  | S6 MeasureStack#15 Slot{#12 xOffset=315 timeOffset=9/8 incomings=[#6819] SUSPICIOUS}
2017-10-06 15:28:27,566 INFO [91387620]                Voice.java:257  | S6 MeasureStack#15 Voice #1 too long 5/16
2017-10-06 15:28:27,566 INFO [91387620]                Voice.java:257  | S6 MeasureStack#15 Voice #2 too long 1/4
2017-10-06 15:28:27,567 INFO [91387620]           StackTuner.java:92   | S6 MeasureStack#15 no correct rhythm
2017-10-06 15:28:27,568 INFO [91387620]         SlotsBuilder.java:427  | S6 MeasureStack#16 Slot{#8 xOffset=262 timeOffset=7/8 incomings=[#6790] SUSPICIOUS}
2017-10-06 15:28:27,569 INFO [91387620]         SlotsBuilder.java:427  | S6 MeasureStack#16 Slot{#10 xOffset=296 timeOffset=1 incomings=[#6791] SUSPICIOUS}
2017-10-06 15:28:27,569 INFO [91387620]         SlotsBuilder.java:427  | S6 MeasureStack#16 Slot{#12 xOffset=330 timeOffset=9/8 incomings=[#6792] SUSPICIOUS}
2017-10-06 15:28:27,570 INFO [91387620]                Voice.java:257  | S6 MeasureStack#16 Voice #1 too long 1/4
2017-10-06 15:28:27,570 INFO [91387620]                Voice.java:257  | S6 MeasureStack#16 Voice #2 too long 1/8
2017-10-06 15:28:27,570 INFO [91387620]           StackTuner.java:92   | S6 MeasureStack#16 no correct rhythm
2017-10-06 15:28:27,572 INFO [91387620]            BasicBook.java:1395 | Stored /book.xml
2017-10-06 15:28:28,691 INFO [91387620]           BasicSheet.java:979  | Stored /sheet#1/sheet#1.xml
2017-10-06 15:28:28,694 INFO [91387620]       StepMonitoring.java:96   | PAGE
2017-10-06 15:28:28,698 INFO [91387620]                Voice.java:257  | S1 MeasureStack#2 Voice #2 too long 1/2
2017-10-06 15:28:28,698 INFO [91387620]                Voice.java:257  | S1 MeasureStack#2 Voice #3 too long 1/4
2017-10-06 15:28:28,698 INFO [91387620]                Voice.java:257  | S1 MeasureStack#2 Voice #4 too long 1/4
2017-10-06 15:28:28,698 INFO [91387620]                Voice.java:257  | S1 MeasureStack#3 Voice #1 too long 1/4
2017-10-06 15:28:28,699 INFO [91387620]                Voice.java:257  | S1 MeasureStack#3 Voice #4 too long 5/16
2017-10-06 15:28:28,699 INFO [91387620]                Voice.java:257  | S1 MeasureStack#4 Voice #1 too long 1/4
2017-10-06 15:28:28,699 INFO [91387620]                Voice.java:257  | S1 MeasureStack#4 Voice #2 too long 1/4
2017-10-06 15:28:28,699 INFO [91387620]                Voice.java:257  | S1 MeasureStack#4 Voice #3 too long 3/8
2017-10-06 15:28:28,700 INFO [91387620]                Voice.java:257  | S1 MeasureStack#5 Voice #1 too long 5/16
2017-10-06 15:28:28,700 INFO [91387620]                Voice.java:257  | S1 MeasureStack#5 Voice #3 too long 1/16
2017-10-06 15:28:28,700 INFO [91387620]                Voice.java:257  | S2 MeasureStack#6 Voice #1 too long 1/4
2017-10-06 15:28:28,700 INFO [91387620]                Voice.java:257  | S2 MeasureStack#6 Voice #2 too long 5/16
2017-10-06 15:28:28,700 INFO [91387620]                Voice.java:257  | S2 MeasureStack#6 Voice #3 too long 5/16
2017-10-06 15:28:28,701 INFO [91387620]                Voice.java:257  | S2 MeasureStack#7 Voice #1 too long 3/16
2017-10-06 15:28:28,701 INFO [91387620]                Voice.java:257  | S2 MeasureStack#7 Voice #2 too long 1/8
2017-10-06 15:28:28,701 INFO [91387620]                Voice.java:257  | S2 MeasureStack#7 Voice #3 too long 1/4
2017-10-06 15:28:28,702 INFO [91387620]                Voice.java:257  | S2 MeasureStack#8 Voice #1 too long 1/4
2017-10-06 15:28:28,702 INFO [91387620]                Voice.java:257  | S2 MeasureStack#8 Voice #2 too long 5/16
2017-10-06 15:28:28,702 INFO [91387620]                Voice.java:257  | S3 MeasureStack#1 Voice #1 too long 1/4
2017-10-06 15:28:28,703 INFO [91387620]                Voice.java:257  | S3 MeasureStack#1 Voice #2 too long 1/4
2017-10-06 15:28:28,703 INFO [91387620]                Voice.java:257  | S3 MeasureStack#2 Voice #1 too long 3/8
2017-10-06 15:28:28,703 INFO [91387620]                Voice.java:257  | S3 MeasureStack#2 Voice #2 too long 3/8
2017-10-06 15:28:28,703 INFO [91387620]                Voice.java:257  | S3 MeasureStack#3 Voice #1 too long 5/16
2017-10-06 15:28:28,704 INFO [91387620]                Voice.java:257  | S3 MeasureStack#3 Voice #2 too long 1/8
2017-10-06 15:28:28,704 INFO [91387620]                Voice.java:257  | S3 MeasureStack#4 Voice #1 too long 3/8
2017-10-06 15:28:28,704 INFO [91387620]                Voice.java:257  | S3 MeasureStack#4 Voice #2 too long 1/4
2017-10-06 15:28:28,705 INFO [91387620]                Voice.java:257  | S4 MeasureStack#5 Voice #1 too long 1/4
2017-10-06 15:28:28,705 INFO [91387620]                Voice.java:257  | S4 MeasureStack#5 Voice #2 too long 1/8
2017-10-06 15:28:28,705 INFO [91387620]                Voice.java:257  | S4 MeasureStack#6 Voice #1 too long 3/8
2017-10-06 15:28:28,705 INFO [91387620]                Voice.java:257  | S4 MeasureStack#6 Voice #2 too long 1/8
2017-10-06 15:28:28,705 INFO [91387620]                Voice.java:257  | S4 MeasureStack#7 Voice #1 too long 1/4
2017-10-06 15:28:28,706 INFO [91387620]                Voice.java:257  | S4 MeasureStack#7 Voice #2 too long 1/4
2017-10-06 15:28:28,706 INFO [91387620]                Voice.java:257  | S4 MeasureStack#8 Voice #1 too long 1/8
2017-10-06 15:28:28,706 INFO [91387620]                Voice.java:257  | S4 MeasureStack#8 Voice #2 too long 1/8
2017-10-06 15:28:28,706 INFO [91387620]                Voice.java:257  | S5 MeasureStack#9 Voice #1 too long 3/16
2017-10-06 15:28:28,707 INFO [91387620]                Voice.java:257  | S5 MeasureStack#9 Voice #2 too long 3/16
2017-10-06 15:28:28,707 INFO [91387620]                Voice.java:257  | S5 MeasureStack#10 Voice #1 too long 1/8
2017-10-06 15:28:28,707 INFO [91387620]                Voice.java:257  | S5 MeasureStack#10 Voice #2 too long 3/16
2017-10-06 15:28:28,707 INFO [91387620]                Voice.java:257  | S5 MeasureStack#11 Voice #1 too long 1/8
2017-10-06 15:28:28,707 INFO [91387620]                Voice.java:257  | S5 MeasureStack#11 Voice #2 too long 1/4
2017-10-06 15:28:28,708 INFO [91387620]                Voice.java:257  | S6 MeasureStack#13 Voice #1 too long 1/8
2017-10-06 15:28:28,708 INFO [91387620]                Voice.java:257  | S6 MeasureStack#13 Voice #2 too long 1/8
2017-10-06 15:28:28,708 INFO [91387620]                Voice.java:257  | S6 MeasureStack#14 Voice #1 too long 3/16
2017-10-06 15:28:28,708 INFO [91387620]                Voice.java:257  | S6 MeasureStack#14 Voice #2 too long 3/16
2017-10-06 15:28:28,709 INFO [91387620]                Voice.java:257  | S6 MeasureStack#15 Voice #1 too long 5/16
2017-10-06 15:28:28,709 INFO [91387620]                Voice.java:257  | S6 MeasureStack#15 Voice #2 too long 1/4
2017-10-06 15:28:28,709 INFO [91387620]                Voice.java:257  | S6 MeasureStack#16 Voice #1 too long 1/4
2017-10-06 15:28:28,710 INFO [91387620]                Voice.java:257  | S6 MeasureStack#16 Voice #2 too long 1/8
2017-10-06 15:28:28,711 INFO [91387620]            BasicBook.java:1395 | Stored /book.xml
2017-10-06 15:28:29,828 INFO [91387620]           BasicSheet.java:979  | Stored /sheet#1/sheet#1.xml
2017-10-06 15:28:29,831 INFO [91387620]            BasicStub.java:723  | Sheet{91387620} disposed
2017-10-06 15:28:31,057 INFO [91387620]            BasicStub.java:449  | Loaded /sheet#1/sheet#1.xml
2017-10-06 15:28:31,059 INFO [91387620]            BasicBook.java:1133 | Scores built: 2
2017-10-06 15:28:32,196 INFO [91387620]        ScoreExporter.java:93   | Score 91387620.mvt1 exported to /Users/stephenn/Documents/workspace/nlsomr/xml_out/91386487/91387620/91387620.mvt1.mxl
2017-10-06 15:28:32,247 INFO [91387620]        ScoreExporter.java:93   | Score 91387620.mvt2 exported to /Users/stephenn/Documents/workspace/nlsomr/xml_out/91386487/91387620/91387620.mvt2.mxl
2017-10-06 15:28:32,411 INFO [91387620]            BasicBook.java:1395 | Stored /book.xml
2017-10-06 15:28:32,411 INFO [91387620]            BasicBook.java:1355 | Book stored as /Users/stephenn/Documents/workspace/nlsomr/xml_out/91386487/91387620/91387620.omr
