2017-10-06 15:34:51,907 INFO [91387716]            BasicBook.java:427  | 1 sheet in /Users/stephenn/Documents/workspace/nlsomr/working/91387716.jpg
2017-10-06 15:34:52,052 INFO []            BasicBook.java:1395 | Stored /book.xml
2017-10-06 15:34:52,052 INFO []            BasicBook.java:1355 | Book stored as /Users/stephenn/Documents/workspace/nlsomr/xml_out/91386487/91387716/91387716.omr
2017-10-06 15:34:52,058 INFO []            BasicBook.java:996  | Book reaching PAGE on sheets:[#1]
2017-10-06 15:34:52,059 INFO [91387716]       StepMonitoring.java:96   | LOAD
2017-10-06 15:34:52,211 INFO [91387716]            BasicBook.java:911  | Loaded image 1 2000x3056 from /Users/stephenn/Documents/workspace/nlsomr/working/91387716.jpg
2017-10-06 15:34:52,215 INFO [91387716]            ImageUtil.java:82   | Converting max RGB to gray ...
2017-10-06 15:34:52,461 INFO [91387716]            BasicBook.java:1395 | Stored /book.xml
2017-10-06 15:34:52,789 INFO [91387716]           BasicSheet.java:979  | Stored /sheet#1/sheet#1.xml
2017-10-06 15:34:52,791 INFO [91387716]       StepMonitoring.java:96   | BINARY
2017-10-06 15:34:53,419 INFO [91387716]            BasicBook.java:1395 | Stored /book.xml
2017-10-06 15:34:53,754 INFO [91387716]              Picture.java:786  | Stored /sheet#1/BINARY.xml
2017-10-06 15:34:53,756 INFO [91387716]           BasicSheet.java:979  | Stored /sheet#1/sheet#1.xml
2017-10-06 15:34:53,758 INFO [91387716]       StepMonitoring.java:96   | SCALE
2017-10-06 15:34:53,797 INFO [91387716]         ScaleBuilder.java:229  | No beam key found, guessed value 10
2017-10-06 15:34:53,798 INFO [91387716]            ScaleStep.java:87   | Scale{line(4,5,6) interline(16,16,17) beam(10 extra)}
2017-10-06 15:34:53,800 INFO [91387716]            BasicBook.java:1395 | Stored /book.xml
2017-10-06 15:34:53,806 INFO [91387716]           BasicSheet.java:979  | Stored /sheet#1/sheet#1.xml
2017-10-06 15:34:53,809 INFO [91387716]       StepMonitoring.java:96   | GRID
2017-10-06 15:34:54,844 INFO [91387716]       LinesRetriever.java:442  | Global slope: -0.00071
2017-10-06 15:34:54,943 INFO [91387716]    ClustersRetriever.java:241  | Retrieved line clusters: 12 of size: 5 with interline: (16,16,17)
2017-10-06 15:34:55,465 INFO [91387716]            PeakGraph.java:181  | Systems: #1[1, 2] #2[3, 4] #3[5, 6] #4[7, 8] #5[9, 10] #6[11, 12]
2017-10-06 15:34:56,289 INFO [91387716]        SystemManager.java:626  | Indentation detected for system#3
2017-10-06 15:34:56,290 INFO [91387716]        SystemManager.java:671  | 2 pages found in sheet
2017-10-06 15:34:56,290 INFO [91387716]        SystemManager.java:709  | Page #1: 1 part along 2 systems
2017-10-06 15:34:56,291 INFO [91387716]        SystemManager.java:709  | Page #2: 1 part along 4 systems
2017-10-06 15:34:56,295 INFO [91387716]            BasicBook.java:1395 | Stored /book.xml
2017-10-06 15:34:56,544 INFO [91387716]           BasicSheet.java:979  | Stored /sheet#1/sheet#1.xml
2017-10-06 15:34:56,566 INFO [91387716]       StepMonitoring.java:96   | HEADERS
2017-10-06 15:34:56,985 INFO []          Nd4jBackend.java:194  | Loaded [CpuBackend] backend
2017-10-06 15:34:57,053 INFO []      NativeOpsHolder.java:49   | Number of threads used for NativeOps: 2
2017-10-06 15:34:57,488 INFO [] DefaultOpExecutioner.java:544  | Backend used: [CPU]; OS: [Mac OS X]
2017-10-06 15:34:57,488 INFO [] DefaultOpExecutioner.java:545  | Cores: [4]; Memory: [3.6GB];
2017-10-06 15:34:57,489 INFO [] DefaultOpExecutioner.java:546  | Blas vendor: [OPENBLAS]
2017-10-06 15:34:57,530 INFO []   AbstractClassifier.java:332  | Classifier data loaded from default uri jar:file:/Users/stephenn/Documents/workspace/audiveris/build/distributions/Audiveris/lib/audiveris.jar!/res/basic-classifier.zip
2017-10-06 15:34:59,282 INFO [91387716]           KeyBuilder.java:746  | Staff#1 key slice#2 pitch adjusted from -0.5 to -1
2017-10-06 15:34:59,788 WARN [91387716]          ClefBuilder.java:560  | Staff#6 no header clef.
2017-10-06 15:35:00,446 WARN [91387716]          ClefBuilder.java:560  | Staff#10 no header clef.
2017-10-06 15:35:00,497 INFO []   AbstractClassifier.java:332  | Classifier data loaded from default uri jar:file:/Users/stephenn/Documents/workspace/audiveris/build/distributions/Audiveris/lib/audiveris.jar!/res/deep-classifier.zip
2017-10-06 15:35:00,645 INFO [91387716]           KeyBuilder.java:746  | Staff#12 key slice#2 pitch adjusted from 1.6 to 1
2017-10-06 15:35:00,647 INFO [91387716]            BasicBook.java:1395 | Stored /book.xml
2017-10-06 15:35:01,013 INFO [91387716]           BasicSheet.java:979  | Stored /sheet#1/sheet#1.xml
2017-10-06 15:35:01,015 INFO [91387716]       StepMonitoring.java:96   | STEM_SEEDS
2017-10-06 15:35:01,099 INFO [91387716]        StemSeedsStep.java:91   | stem(4 max:5)
2017-10-06 15:35:01,210 INFO [91387716]            BasicBook.java:1395 | Stored /book.xml
2017-10-06 15:35:01,568 INFO [91387716]           BasicSheet.java:979  | Stored /sheet#1/sheet#1.xml
2017-10-06 15:35:01,570 INFO [91387716]       StepMonitoring.java:96   | BEAMS
2017-10-06 15:35:05,301 INFO [91387716]            BeamsStep.java:89   | BeamDistance{count:13 mean:15.16 stdDev:0.65}
2017-10-06 15:35:05,307 INFO [91387716]            BasicBook.java:1395 | Stored /book.xml
2017-10-06 15:35:05,383 INFO [91387716]              Picture.java:786  | Stored /sheet#1/HEAD_SPOTS.xml
2017-10-06 15:35:05,922 INFO [91387716]           BasicSheet.java:979  | Stored /sheet#1/sheet#1.xml
2017-10-06 15:35:05,924 INFO [91387716]       StepMonitoring.java:96   | LEDGERS
2017-10-06 15:35:06,489 INFO [91387716]            BasicBook.java:1395 | Stored /book.xml
2017-10-06 15:35:07,110 INFO [91387716]           BasicSheet.java:979  | Stored /sheet#1/sheet#1.xml
2017-10-06 15:35:07,112 INFO [91387716]       StepMonitoring.java:96   | HEADS
2017-10-06 15:35:09,924 INFO [91387716]            BasicBook.java:1395 | Stored /book.xml
2017-10-06 15:35:11,042 INFO [91387716]           BasicSheet.java:979  | Stored /sheet#1/sheet#1.xml
2017-10-06 15:35:11,045 INFO [91387716]       StepMonitoring.java:96   | STEMS
2017-10-06 15:35:12,856 INFO [91387716]            BasicBook.java:1395 | Stored /book.xml
2017-10-06 15:35:14,471 INFO [91387716]           BasicSheet.java:979  | Stored /sheet#1/sheet#1.xml
2017-10-06 15:35:14,474 INFO [91387716]       StepMonitoring.java:96   | REDUCTION
2017-10-06 15:35:15,089 INFO [91387716]            BasicBook.java:1395 | Stored /book.xml
2017-10-06 15:35:16,088 INFO [91387716]           BasicSheet.java:979  | Stored /sheet#1/sheet#1.xml
2017-10-06 15:35:16,091 INFO [91387716]       StepMonitoring.java:96   | CUE_BEAMS
2017-10-06 15:35:16,108 INFO [91387716]            BasicBook.java:1395 | Stored /book.xml
2017-10-06 15:35:17,086 INFO [91387716]           BasicSheet.java:979  | Stored /sheet#1/sheet#1.xml
2017-10-06 15:35:17,088 INFO [91387716]       StepMonitoring.java:96   | TEXTS
2017-10-06 15:35:18,551 INFO [91387716]            BasicBook.java:1395 | Stored /book.xml
2017-10-06 15:35:19,565 INFO [91387716]           BasicSheet.java:979  | Stored /sheet#1/sheet#1.xml
2017-10-06 15:35:19,567 INFO [91387716]       StepMonitoring.java:96   | MEASURES
2017-10-06 15:35:19,572 INFO [91387716]                 Page.java:210  | 10 raw measures: [5 in system#1, 5 in system#2]
2017-10-06 15:35:19,572 INFO [91387716]                 Page.java:210  | 17 raw measures: [5 in system#3, 4 in system#4, 4 in system#5, 4 in system#6]
2017-10-06 15:35:19,573 INFO [91387716]            BasicBook.java:1395 | Stored /book.xml
2017-10-06 15:35:20,554 INFO [91387716]           BasicSheet.java:979  | Stored /sheet#1/sheet#1.xml
2017-10-06 15:35:20,556 INFO [91387716]       StepMonitoring.java:96   | CHORDS
2017-10-06 15:35:20,572 INFO [91387716]            BasicBook.java:1395 | Stored /book.xml
2017-10-06 15:35:21,617 INFO [91387716]           BasicSheet.java:979  | Stored /sheet#1/sheet#1.xml
2017-10-06 15:35:21,619 INFO [91387716]       StepMonitoring.java:96   | CURVES
2017-10-06 15:35:23,095 INFO [91387716]         SlursBuilder.java:762  | LEFT collision SlurInter{#5753(0.685)} & SlurInter{#5818(0.303)} @ HeadInter{#2577(0.585/0.774) e#5603 s:3 p:4.00 NOTEHEAD_BLACK}
2017-10-06 15:35:23,096 INFO [91387716]         SlursBuilder.java:762  | LEFT collision SlurInter{#5818(0.303)} & SlurInter{#5753(0.685)} @ HeadInter{#2577(0.585/0.774) e#5603 s:3 p:4.00 NOTEHEAD_BLACK}
2017-10-06 15:35:23,097 INFO [91387716]         SlursBuilder.java:762  | LEFT collision SlurInter{#5783(0.696)} & SlurInter{#5821(0.341)} @ HeadInter{#4511(0.623/0.755) e#5714 s:10 p:0.00 NOTEHEAD_BLACK}
2017-10-06 15:35:23,097 INFO [91387716]         SlursBuilder.java:762  | RIGHT collision SlurInter{#5783(0.696)} & SlurInter{#5842(0.127)} @ HeadInter{#4405(0.638/0.813) e#5717 s:10 p:3.00 NOTEHEAD_BLACK}
2017-10-06 15:35:23,098 INFO [91387716]         SlursBuilder.java:762  | LEFT collision SlurInter{#5821(0.341)} & SlurInter{#5783(0.696)} @ HeadInter{#4511(0.623/0.755) e#5714 s:10 p:0.00 NOTEHEAD_BLACK}
2017-10-06 15:35:23,098 INFO [91387716]         SlursBuilder.java:762  | RIGHT collision SlurInter{#5842(0.127)} & SlurInter{#5783(0.696)} @ HeadInter{#4405(0.638/0.813) e#5717 s:10 p:3.00 NOTEHEAD_BLACK}
2017-10-06 15:35:23,099 INFO [91387716]         SlursBuilder.java:157  | Slurs: 21
2017-10-06 15:35:23,118 INFO [91387716]      SegmentsBuilder.java:113  | Segments: 11
2017-10-06 15:35:23,124 INFO [91387716]            BasicBook.java:1395 | Stored /book.xml
2017-10-06 15:35:24,463 INFO [91387716]           BasicSheet.java:979  | Stored /sheet#1/sheet#1.xml
2017-10-06 15:35:24,465 INFO [91387716]       StepMonitoring.java:96   | SYMBOLS
2017-10-06 15:35:27,276 INFO [91387716]            BasicBook.java:1395 | Stored /book.xml
2017-10-06 15:35:28,525 INFO [91387716]           BasicSheet.java:979  | Stored /sheet#1/sheet#1.xml
2017-10-06 15:35:28,528 INFO [91387716]       StepMonitoring.java:96   | LINKS
2017-10-06 15:35:28,547 INFO [91387716]        SymbolsLinker.java:306  | No measure stack for direction SentenceInter{#5552(0.642) s:5 B-29 Direction} J 100.
2017-10-06 15:35:28,580 INFO [91387716]            BasicBook.java:1395 | Stored /book.xml
2017-10-06 15:35:29,858 INFO [91387716]           BasicSheet.java:979  | Stored /sheet#1/sheet#1.xml
2017-10-06 15:35:29,860 INFO [91387716]       StepMonitoring.java:96   | RHYTHMS
2017-10-06 15:35:29,882 INFO [91387716]           PageRhythm.java:314  | Range{1-10} Durations avgGuess:1/2 topGuess:1/4 avgValue:0.56 stacks:10 voices:29 Histogram{1/4-3/4 size:4 [1/4=10 3/8=10 1/2=7 3/4=2]}
2017-10-06 15:35:29,883 INFO [91387716]           PageRhythm.java:221  | S1 Range{1-10 dur:1/2} should update to 1/2-based time sig?
2017-10-06 15:35:29,891 INFO [91387716]                Voice.java:257  | S2 MeasureStack#6 Voice #1 too long 1/4
2017-10-06 15:35:29,891 INFO [91387716]                Voice.java:257  | S2 MeasureStack#6 Voice #2 too long 1/4
2017-10-06 15:35:29,891 INFO [91387716]           StackTuner.java:92   | S2 MeasureStack#6 no correct rhythm
2017-10-06 15:35:29,899 INFO [91387716]         SlotsBuilder.java:434  | Stack#4 endless loop detected
2017-10-06 15:35:29,901 INFO [91387716]         SlotsBuilder.java:399  | Stack#6 suspicious Slot{#2 xOffset=283 timeOffset=1/8 incomings=[#5673]}
2017-10-06 15:35:29,906 INFO [91387716]         SlotsBuilder.java:399  | Stack#8 suspicious Slot{#2 xOffset=131 timeOffset=1/8 incomings=[#5681]}
2017-10-06 15:35:29,909 INFO [91387716]         SlotsBuilder.java:399  | Stack#10 suspicious Slot{#2 xOffset=281 timeOffset=1/8 incomings=[#5703]}
2017-10-06 15:35:29,911 INFO [91387716]         SlotsBuilder.java:399  | Stack#12 suspicious Slot{#2 xOffset=136 timeOffset=1/8 incomings=[#5711]}
2017-10-06 15:35:29,915 INFO [91387716]         SlotsBuilder.java:399  | Stack#15 suspicious Slot{#2 xOffset=88 timeOffset=1/8 incomings=[#5741]}
2017-10-06 15:35:29,918 INFO [91387716]           PageRhythm.java:314  | Range{1-17 ts:2/4} Durations avgGuess:1/2 topGuess:1/2 avgValue:0.50 stacks:17 voices:37 Histogram{1/8-1/2 size:6 [1/8=5 1/4=14 5/16=1 3/8=1 7/16=1 1/2=15]}
2017-10-06 15:35:29,921 INFO [91387716]         SlotsBuilder.java:427  | S3 MeasureStack#3 Slot{#5 xOffset=188 timeOffset=1/2 incomings=[#5632] SUSPICIOUS}
2017-10-06 15:35:29,922 INFO [91387716]                Voice.java:257  | S3 MeasureStack#3 Voice #1 too long 1/4
2017-10-06 15:35:29,922 INFO [91387716]           StackTuner.java:92   | S3 MeasureStack#3 no correct rhythm
2017-10-06 15:35:29,923 INFO [91387716]         SlotsBuilder.java:434  | Stack#4 endless loop detected
2017-10-06 15:35:29,926 INFO [91387716]         SlotsBuilder.java:427  | S4 MeasureStack#6 Slot{#5 xOffset=384 timeOffset=1/4 incomings=[#5674] SUSPICIOUS}
2017-10-06 15:35:29,927 INFO [91387716]         SlotsBuilder.java:427  | S4 MeasureStack#6 Slot{#7 xOffset=455 timeOffset=3/8 incomings=[#5675] SUSPICIOUS}
2017-10-06 15:35:29,929 INFO [91387716]         SlotsBuilder.java:427  | S4 MeasureStack#8 Slot{#5 xOffset=240 timeOffset=1/4 incomings=[#5682] SUSPICIOUS}
2017-10-06 15:35:29,932 INFO [91387716]         SlotsBuilder.java:427  | S4 MeasureStack#8 Slot{#7 xOffset=308 timeOffset=3/8 incomings=[#5683] SUSPICIOUS}
2017-10-06 15:35:29,933 INFO [91387716]         SlotsBuilder.java:427  | S4 MeasureStack#9 Slot{#3 xOffset=163 timeOffset=1/4 incomings=[#5685] SUSPICIOUS}
2017-10-06 15:35:29,934 INFO [91387716]                Voice.java:257  | S4 MeasureStack#9 Voice #1 too long 1/4
2017-10-06 15:35:29,934 INFO [91387716]                Voice.java:257  | S4 MeasureStack#9 Voice #2 too long 1/4
2017-10-06 15:35:29,935 INFO [91387716]           StackTuner.java:92   | S4 MeasureStack#9 no correct rhythm
2017-10-06 15:35:29,936 INFO [91387716]         SlotsBuilder.java:427  | S5 MeasureStack#10 Slot{#5 xOffset=380 timeOffset=1/4 incomings=[#5704] SUSPICIOUS}
2017-10-06 15:35:29,937 INFO [91387716]         SlotsBuilder.java:427  | S5 MeasureStack#10 Slot{#7 xOffset=458 timeOffset=3/8 incomings=[#5705] SUSPICIOUS}
2017-10-06 15:35:29,939 INFO [91387716]         SlotsBuilder.java:427  | S5 MeasureStack#12 Slot{#5 xOffset=244 timeOffset=1/4 incomings=[#5712] SUSPICIOUS}
2017-10-06 15:35:29,939 INFO [91387716]         SlotsBuilder.java:427  | S5 MeasureStack#12 Slot{#7 xOffset=313 timeOffset=3/8 incomings=[#5713] SUSPICIOUS}
2017-10-06 15:35:29,941 INFO [91387716]         SlotsBuilder.java:427  | S5 MeasureStack#13 Slot{#3 xOffset=143 timeOffset=1/4 incomings=[#5715] SUSPICIOUS}
2017-10-06 15:35:29,941 INFO [91387716]                Voice.java:257  | S5 MeasureStack#13 Voice #1 too long 1/4
2017-10-06 15:35:29,942 INFO [91387716]                Voice.java:257  | S5 MeasureStack#13 Voice #2 too long 5/8
2017-10-06 15:35:29,942 INFO [91387716]           StackTuner.java:92   | S5 MeasureStack#13 no correct rhythm
2017-10-06 15:35:29,944 INFO [91387716]         SlotsBuilder.java:427  | S6 MeasureStack#14 Slot{#3 xOffset=288 timeOffset=1/4 incomings=[#5719] SUSPICIOUS}
2017-10-06 15:35:29,944 INFO [91387716]         SlotsBuilder.java:434  | Stack#14 endless loop detected
2017-10-06 15:35:29,945 INFO [91387716]         SlotsBuilder.java:434  | Stack#15 endless loop detected
2017-10-06 15:35:29,946 INFO [91387716]         SlotsBuilder.java:427  | S6 MeasureStack#16 Slot{#4 xOffset=237 timeOffset=1/4 incomings=[#5746] SUSPICIOUS}
2017-10-06 15:35:29,947 INFO [91387716]         SlotsBuilder.java:434  | Stack#16 endless loop detected
2017-10-06 15:35:29,950 INFO [91387716]            BasicBook.java:1395 | Stored /book.xml
2017-10-06 15:35:31,253 INFO [91387716]           BasicSheet.java:979  | Stored /sheet#1/sheet#1.xml
2017-10-06 15:35:31,256 INFO [91387716]       StepMonitoring.java:96   | PAGE
2017-10-06 15:35:31,259 INFO [91387716]                 Part.java:275  | Could not right-connect slur#5797
2017-10-06 15:35:31,260 INFO [91387716]                Voice.java:257  | S2 MeasureStack#6 Voice #1 too long 1/4
2017-10-06 15:35:31,261 INFO [91387716]                Voice.java:257  | S2 MeasureStack#6 Voice #2 too long 1/4
2017-10-06 15:35:31,262 INFO [91387716]                 Part.java:267  | Could not left-connect slur#5759
2017-10-06 15:35:31,262 INFO [91387716]                Voice.java:257  | S3 MeasureStack#3 Voice #1 too long 1/4
2017-10-06 15:35:31,262 INFO [91387716]                Voice.java:257  | S4 MeasureStack#9 Voice #1 too long 1/4
2017-10-06 15:35:31,263 INFO [91387716]                Voice.java:257  | S4 MeasureStack#9 Voice #2 too long 1/4
2017-10-06 15:35:31,263 INFO [91387716]                Voice.java:257  | S5 MeasureStack#13 Voice #1 too long 1/4
2017-10-06 15:35:31,263 INFO [91387716]                Voice.java:257  | S5 MeasureStack#13 Voice #2 too long 5/8
2017-10-06 15:35:31,265 INFO [91387716]            BasicBook.java:1395 | Stored /book.xml
2017-10-06 15:35:32,530 INFO [91387716]           BasicSheet.java:979  | Stored /sheet#1/sheet#1.xml
2017-10-06 15:35:32,533 INFO [91387716]            BasicStub.java:723  | Sheet{91387716} disposed
2017-10-06 15:35:33,551 INFO [91387716]            BasicStub.java:449  | Loaded /sheet#1/sheet#1.xml
2017-10-06 15:35:33,553 INFO [91387716]            BasicBook.java:1133 | Scores built: 2
2017-10-06 15:35:34,749 INFO [91387716]        ScoreExporter.java:93   | Score 91387716.mvt1 exported to /Users/stephenn/Documents/workspace/nlsomr/xml_out/91386487/91387716/91387716.mvt1.mxl
2017-10-06 15:35:34,753 WARN [91387716]      PartwiseBuilder.java:1379 | Error visiting null
java.lang.NullPointerException: null
	at org.audiveris.omr.score.PartwiseBuilder.processKey(PartwiseBuilder.java:1344)
	at org.audiveris.omr.score.PartwiseBuilder.processKeys(PartwiseBuilder.java:1407)
	at org.audiveris.omr.score.PartwiseBuilder.processMeasure(PartwiseBuilder.java:1575)
	at org.audiveris.omr.score.PartwiseBuilder.processPart(PartwiseBuilder.java:1988)
	at org.audiveris.omr.score.PartwiseBuilder.processSystem(PartwiseBuilder.java:2528)
	at org.audiveris.omr.score.PartwiseBuilder.processLogicalPart(PartwiseBuilder.java:1433)
	at org.audiveris.omr.score.PartwiseBuilder.processStub(PartwiseBuilder.java:2483)
	at org.audiveris.omr.score.PartwiseBuilder.processPartList(PartwiseBuilder.java:2017)
	at org.audiveris.omr.score.PartwiseBuilder.processScore(PartwiseBuilder.java:2195)
	at org.audiveris.omr.score.PartwiseBuilder.build(PartwiseBuilder.java:307)
	at org.audiveris.omr.score.ScoreExporter.export(ScoreExporter.java:117)
	at org.audiveris.omr.score.ScoreExporter.export(ScoreExporter.java:91)
	at org.audiveris.omr.sheet.BasicBook.export(BasicBook.java:589)
	at org.audiveris.omr.CLI$ProcessingTask.processBook(CLI.java:785)
	at org.audiveris.omr.CLI$CliTask.call(CLI.java:344)
	at org.audiveris.omr.Main.runBatchTasks(Main.java:316)
	at org.audiveris.omr.Main.main(Main.java:155)
	at Audiveris.main(Audiveris.java:49)
2017-10-06 15:35:34,763 WARN [91387716]      PartwiseBuilder.java:1379 | Error visiting null
java.lang.NullPointerException: null
	at org.audiveris.omr.score.PartwiseBuilder.processKey(PartwiseBuilder.java:1344)
	at org.audiveris.omr.score.PartwiseBuilder.processKeys(PartwiseBuilder.java:1407)
	at org.audiveris.omr.score.PartwiseBuilder.processMeasure(PartwiseBuilder.java:1575)
	at org.audiveris.omr.score.PartwiseBuilder.processPart(PartwiseBuilder.java:1988)
	at org.audiveris.omr.score.PartwiseBuilder.processSystem(PartwiseBuilder.java:2528)
	at org.audiveris.omr.score.PartwiseBuilder.processLogicalPart(PartwiseBuilder.java:1433)
	at org.audiveris.omr.score.PartwiseBuilder.processStub(PartwiseBuilder.java:2483)
	at org.audiveris.omr.score.PartwiseBuilder.processPartList(PartwiseBuilder.java:2017)
	at org.audiveris.omr.score.PartwiseBuilder.processScore(PartwiseBuilder.java:2195)
	at org.audiveris.omr.score.PartwiseBuilder.build(PartwiseBuilder.java:307)
	at org.audiveris.omr.score.ScoreExporter.export(ScoreExporter.java:117)
	at org.audiveris.omr.score.ScoreExporter.export(ScoreExporter.java:91)
	at org.audiveris.omr.sheet.BasicBook.export(BasicBook.java:589)
	at org.audiveris.omr.CLI$ProcessingTask.processBook(CLI.java:785)
	at org.audiveris.omr.CLI$CliTask.call(CLI.java:344)
	at org.audiveris.omr.Main.runBatchTasks(Main.java:316)
	at org.audiveris.omr.Main.main(Main.java:155)
	at Audiveris.main(Audiveris.java:49)
2017-10-06 15:35:34,798 INFO [91387716]        ScoreExporter.java:93   | Score 91387716.mvt2 exported to /Users/stephenn/Documents/workspace/nlsomr/xml_out/91386487/91387716/91387716.mvt2.mxl
2017-10-06 15:35:34,953 INFO [91387716]            BasicBook.java:1395 | Stored /book.xml
2017-10-06 15:35:34,954 INFO [91387716]            BasicBook.java:1355 | Book stored as /Users/stephenn/Documents/workspace/nlsomr/xml_out/91386487/91387716/91387716.omr
