2017-10-06 15:19:58,059 INFO [91387512]            BasicBook.java:427  | 1 sheet in /Users/stephenn/Documents/workspace/nlsomr/working/91387512.jpg
2017-10-06 15:19:58,216 INFO []            BasicBook.java:1395 | Stored /book.xml
2017-10-06 15:19:58,217 INFO []            BasicBook.java:1355 | Book stored as /Users/stephenn/Documents/workspace/nlsomr/xml_out/91386487/91387512/91387512.omr
2017-10-06 15:19:58,222 INFO []            BasicBook.java:996  | Book reaching PAGE on sheets:[#1]
2017-10-06 15:19:58,228 INFO [91387512]       StepMonitoring.java:96   | LOAD
2017-10-06 15:19:58,386 INFO [91387512]            BasicBook.java:911  | Loaded image 1 2000x3056 from /Users/stephenn/Documents/workspace/nlsomr/working/91387512.jpg
2017-10-06 15:19:58,390 INFO [91387512]            ImageUtil.java:82   | Converting max RGB to gray ...
2017-10-06 15:19:58,649 INFO [91387512]            BasicBook.java:1395 | Stored /book.xml
2017-10-06 15:19:58,981 INFO [91387512]           BasicSheet.java:979  | Stored /sheet#1/sheet#1.xml
2017-10-06 15:19:58,983 INFO [91387512]       StepMonitoring.java:96   | BINARY
2017-10-06 15:19:59,611 INFO [91387512]            BasicBook.java:1395 | Stored /book.xml
2017-10-06 15:19:59,934 INFO [91387512]              Picture.java:786  | Stored /sheet#1/BINARY.xml
2017-10-06 15:19:59,936 INFO [91387512]           BasicSheet.java:979  | Stored /sheet#1/sheet#1.xml
2017-10-06 15:19:59,938 INFO [91387512]       StepMonitoring.java:96   | SCALE
2017-10-06 15:19:59,977 INFO [91387512]         ScaleBuilder.java:229  | No beam key found, guessed value 10
2017-10-06 15:19:59,978 INFO [91387512]            ScaleStep.java:87   | Scale{line(4,5,6) interline(16,17,17) beam(10 extra)}
2017-10-06 15:19:59,981 INFO [91387512]            BasicBook.java:1395 | Stored /book.xml
2017-10-06 15:19:59,983 INFO [91387512]           BasicSheet.java:979  | Stored /sheet#1/sheet#1.xml
2017-10-06 15:19:59,986 INFO [91387512]       StepMonitoring.java:96   | GRID
2017-10-06 15:20:00,942 INFO [91387512]       LinesRetriever.java:442  | Global slope: -0.00092
2017-10-06 15:20:01,033 INFO [91387512]    ClustersRetriever.java:241  | Retrieved line clusters: 12 of size: 5 with interline: (16,17,17)
2017-10-06 15:20:01,740 INFO [91387512]            PeakGraph.java:181  | Systems: #1[1, 2] #2[3, 4] #3[5, 6] #4[7, 8] #5[9, 10] #6[11, 12]
2017-10-06 15:20:03,009 INFO [91387512]        SystemManager.java:626  | Indentation detected for system#1
2017-10-06 15:20:03,011 INFO [91387512]        SystemManager.java:626  | Indentation detected for system#5
2017-10-06 15:20:03,012 INFO [91387512]        SystemManager.java:671  | 2 pages found in sheet
2017-10-06 15:20:03,014 INFO [91387512]        SystemManager.java:709  | Page #1: 1 part along 4 systems
2017-10-06 15:20:03,014 INFO [91387512]        SystemManager.java:709  | Page #2: 1 part along 2 systems
2017-10-06 15:20:03,018 INFO [91387512]            BasicBook.java:1395 | Stored /book.xml
2017-10-06 15:20:03,269 INFO [91387512]           BasicSheet.java:979  | Stored /sheet#1/sheet#1.xml
2017-10-06 15:20:03,272 INFO [91387512]       StepMonitoring.java:96   | HEADERS
2017-10-06 15:20:03,716 INFO []          Nd4jBackend.java:194  | Loaded [CpuBackend] backend
2017-10-06 15:20:03,790 INFO []      NativeOpsHolder.java:49   | Number of threads used for NativeOps: 2
2017-10-06 15:20:04,299 INFO [] DefaultOpExecutioner.java:544  | Backend used: [CPU]; OS: [Mac OS X]
2017-10-06 15:20:04,299 INFO [] DefaultOpExecutioner.java:545  | Cores: [4]; Memory: [3.6GB];
2017-10-06 15:20:04,299 INFO [] DefaultOpExecutioner.java:546  | Blas vendor: [OPENBLAS]
2017-10-06 15:20:04,350 INFO []   AbstractClassifier.java:332  | Classifier data loaded from default uri jar:file:/Users/stephenn/Documents/workspace/audiveris/build/distributions/Audiveris/lib/audiveris.jar!/res/basic-classifier.zip
2017-10-06 15:20:05,829 WARN [91387512]          ClefBuilder.java:560  | Staff#2 no header clef.
2017-10-06 15:20:06,458 WARN [91387512]          ClefBuilder.java:560  | Staff#6 no header clef.
2017-10-06 15:20:06,905 WARN [91387512]          ClefBuilder.java:560  | Staff#10 no header clef.
2017-10-06 15:20:07,330 INFO [91387512]            BasicBook.java:1395 | Stored /book.xml
2017-10-06 15:20:07,547 INFO []   AbstractClassifier.java:332  | Classifier data loaded from default uri jar:file:/Users/stephenn/Documents/workspace/audiveris/build/distributions/Audiveris/lib/audiveris.jar!/res/deep-classifier.zip
2017-10-06 15:20:07,753 INFO [91387512]           BasicSheet.java:979  | Stored /sheet#1/sheet#1.xml
2017-10-06 15:20:07,756 INFO [91387512]       StepMonitoring.java:96   | STEM_SEEDS
2017-10-06 15:20:07,864 INFO [91387512]        StemSeedsStep.java:91   | stem(4 max:5)
2017-10-06 15:20:07,974 INFO [91387512]            BasicBook.java:1395 | Stored /book.xml
2017-10-06 15:20:08,281 INFO [91387512]           BasicSheet.java:979  | Stored /sheet#1/sheet#1.xml
2017-10-06 15:20:08,283 INFO [91387512]       StepMonitoring.java:96   | BEAMS
2017-10-06 15:20:12,374 INFO [91387512]            BeamsStep.java:89   | BeamDistance{count:33 mean:12.21 stdDev:6.46}
2017-10-06 15:20:12,377 INFO [91387512]            BasicBook.java:1395 | Stored /book.xml
2017-10-06 15:20:12,445 INFO [91387512]              Picture.java:786  | Stored /sheet#1/HEAD_SPOTS.xml
2017-10-06 15:20:12,869 INFO [91387512]           BasicSheet.java:979  | Stored /sheet#1/sheet#1.xml
2017-10-06 15:20:12,871 INFO [91387512]       StepMonitoring.java:96   | LEDGERS
2017-10-06 15:20:13,644 INFO [91387512]            BasicBook.java:1395 | Stored /book.xml
2017-10-06 15:20:14,149 INFO [91387512]           BasicSheet.java:979  | Stored /sheet#1/sheet#1.xml
2017-10-06 15:20:14,151 INFO [91387512]       StepMonitoring.java:96   | HEADS
2017-10-06 15:20:17,565 INFO [91387512]            BasicBook.java:1395 | Stored /book.xml
2017-10-06 15:20:18,892 INFO [91387512]           BasicSheet.java:979  | Stored /sheet#1/sheet#1.xml
2017-10-06 15:20:18,895 INFO [91387512]       StepMonitoring.java:96   | STEMS
2017-10-06 15:20:22,035 INFO [91387512]            BasicBook.java:1395 | Stored /book.xml
2017-10-06 15:20:23,663 INFO [91387512]           BasicSheet.java:979  | Stored /sheet#1/sheet#1.xml
2017-10-06 15:20:23,666 INFO [91387512]       StepMonitoring.java:96   | REDUCTION
2017-10-06 15:20:24,255 INFO [91387512]            BasicBook.java:1395 | Stored /book.xml
2017-10-06 15:20:25,216 INFO [91387512]           BasicSheet.java:979  | Stored /sheet#1/sheet#1.xml
2017-10-06 15:20:25,218 INFO [91387512]       StepMonitoring.java:96   | CUE_BEAMS
2017-10-06 15:20:25,222 INFO [91387512]            BasicBook.java:1395 | Stored /book.xml
2017-10-06 15:20:26,119 INFO [91387512]           BasicSheet.java:979  | Stored /sheet#1/sheet#1.xml
2017-10-06 15:20:26,121 INFO [91387512]       StepMonitoring.java:96   | TEXTS
2017-10-06 15:20:28,031 INFO [91387512]            BasicBook.java:1395 | Stored /book.xml
2017-10-06 15:20:29,229 INFO [91387512]           BasicSheet.java:979  | Stored /sheet#1/sheet#1.xml
2017-10-06 15:20:29,231 INFO [91387512]       StepMonitoring.java:96   | MEASURES
2017-10-06 15:20:29,236 INFO [91387512]                 Page.java:210  | 18 raw measures: [5 in system#1, 4 in system#2, 4 in system#3, 5 in system#4]
2017-10-06 15:20:29,236 INFO [91387512]                 Page.java:210  | 9 raw measures: [4 in system#5, 5 in system#6]
2017-10-06 15:20:29,238 INFO [91387512]            BasicBook.java:1395 | Stored /book.xml
2017-10-06 15:20:30,560 INFO [91387512]           BasicSheet.java:979  | Stored /sheet#1/sheet#1.xml
2017-10-06 15:20:30,562 INFO [91387512]       StepMonitoring.java:96   | CHORDS
2017-10-06 15:20:30,575 INFO [91387512]            BasicBook.java:1395 | Stored /book.xml
2017-10-06 15:20:31,827 INFO [91387512]           BasicSheet.java:979  | Stored /sheet#1/sheet#1.xml
2017-10-06 15:20:31,830 INFO [91387512]       StepMonitoring.java:96   | CURVES
2017-10-06 15:20:33,663 INFO [91387512]         SlursBuilder.java:762  | RIGHT collision SlurInter{#7273(0.635)} & SlurInter{#7366(0.339)} @ HeadInter{#5434(0.629/0.773) e#7180 s:9 p:4.00 NOTEHEAD_BLACK}
2017-10-06 15:20:33,664 INFO [91387512]         SlursBuilder.java:762  | RIGHT collision SlurInter{#7366(0.339)} & SlurInter{#7273(0.635)} @ HeadInter{#5434(0.629/0.773) e#7180 s:9 p:4.00 NOTEHEAD_BLACK}
2017-10-06 15:20:33,665 INFO [91387512]         SlursBuilder.java:762  | LEFT collision SlurInter{#7285(0.663)} & SlurInter{#7467(0.370)} @ HeadInter{#6123(0.641/0.801) e#7243 s:11 p:2.00 NOTEHEAD_BLACK}
2017-10-06 15:20:33,665 INFO [91387512]         SlursBuilder.java:762  | LEFT collision SlurInter{#7467(0.370)} & SlurInter{#7285(0.663)} @ HeadInter{#6123(0.641/0.801) e#7243 s:11 p:2.00 NOTEHEAD_BLACK}
2017-10-06 15:20:33,667 INFO [91387512]         SlursBuilder.java:157  | Slurs: 65
2017-10-06 15:20:33,704 INFO [91387512]      SegmentsBuilder.java:113  | Segments: 14
2017-10-06 15:20:33,712 INFO [91387512]            BasicBook.java:1395 | Stored /book.xml
2017-10-06 15:20:35,345 INFO [91387512]           BasicSheet.java:979  | Stored /sheet#1/sheet#1.xml
2017-10-06 15:20:35,348 INFO [91387512]       StepMonitoring.java:96   | SYMBOLS
2017-10-06 15:20:38,105 INFO [91387512]            BasicBook.java:1395 | Stored /book.xml
2017-10-06 15:20:39,917 INFO [91387512]           BasicSheet.java:979  | Stored /sheet#1/sheet#1.xml
2017-10-06 15:20:39,920 INFO [91387512]       StepMonitoring.java:96   | LINKS
2017-10-06 15:20:39,988 WARN [91387512]            BasicStub.java:841  | Error in LINKS java.util.concurrent.ExecutionException: java.lang.NullPointerException
java.util.concurrent.ExecutionException: java.lang.NullPointerException
	at java.util.concurrent.FutureTask.report(FutureTask.java:122)
	at java.util.concurrent.FutureTask.get(FutureTask.java:206)
	at org.audiveris.omr.sheet.BasicStub.doOneStep(BasicStub.java:824)
	at org.audiveris.omr.sheet.BasicStub.reachStep(BasicStub.java:564)
	at org.audiveris.omr.sheet.BasicBook.reachBookStep(BasicBook.java:1063)
	at org.audiveris.omr.sheet.BasicBook.transcribe(BasicBook.java:1446)
	at org.audiveris.omr.sheet.BasicBook.export(BasicBook.java:558)
	at org.audiveris.omr.CLI$ProcessingTask.processBook(CLI.java:785)
	at org.audiveris.omr.CLI$CliTask.call(CLI.java:344)
	at org.audiveris.omr.Main.runBatchTasks(Main.java:316)
	at org.audiveris.omr.Main.main(Main.java:155)
	at Audiveris.main(Audiveris.java:49)
Caused by: java.lang.NullPointerException: null
	at java.util.AbstractCollection.addAll(AbstractCollection.java:343)
	at org.audiveris.omr.sig.SIGraph.noSupport(SIGraph.java:1073)
	at org.audiveris.omr.sig.inter.AbstractInter.overlaps(AbstractInter.java:754)
	at org.audiveris.omr.sig.CrossDetector.detectCrossOverlaps(CrossDetector.java:177)
	at org.audiveris.omr.sig.CrossDetector.detect(CrossDetector.java:139)
	at org.audiveris.omr.sig.CrossDetector.process(CrossDetector.java:87)
	at org.audiveris.omr.sheet.symbol.LinksStep.doEpilog(LinksStep.java:102)
	at org.audiveris.omr.sheet.symbol.LinksStep.doEpilog(LinksStep.java:43)
	at org.audiveris.omr.step.AbstractSystemStep.doit(AbstractSystemStep.java:109)
	at org.audiveris.omr.step.Step.doit(Step.java:168)
	at org.audiveris.omr.sheet.BasicStub$3.call(BasicStub.java:814)
	at org.audiveris.omr.sheet.BasicStub$3.call(BasicStub.java:802)
	at java.util.concurrent.FutureTask.run(FutureTask.java:266)
	at java.util.concurrent.ThreadPoolExecutor.runWorker(ThreadPoolExecutor.java:1149)
	at java.util.concurrent.ThreadPoolExecutor$Worker.run(ThreadPoolExecutor.java:624)
	at java.lang.Thread.run(Thread.java:748)
2017-10-06 15:20:39,989 INFO [91387512]            BasicStub.java:846  | Cause java.lang.NullPointerException
2017-10-06 15:20:39,991 INFO [91387512]            BasicStub.java:571  | StepException detected in [LOAD, BINARY, SCALE, GRID, HEADERS, STEM_SEEDS, BEAMS, LEDGERS, HEADS, STEMS, REDUCTION, CUE_BEAMS, TEXTS, MEASURES, CHORDS, CURVES, SYMBOLS, LINKS, RHYTHMS, PAGE]
2017-10-06 15:20:39,994 INFO [91387512]            BasicBook.java:1133 | Scores built: 2
2017-10-06 15:20:41,195 INFO [91387512]        ScoreExporter.java:93   | Score 91387512.mvt1 exported to /Users/stephenn/Documents/workspace/nlsomr/xml_out/91386487/91387512/91387512.mvt1.mxl
2017-10-06 15:20:41,198 INFO [91387512]        ScoreExporter.java:93   | Score 91387512.mvt2 exported to /Users/stephenn/Documents/workspace/nlsomr/xml_out/91386487/91387512/91387512.mvt2.mxl
2017-10-06 15:20:41,436 INFO [91387512]            BasicBook.java:1395 | Stored /book.xml
2017-10-06 15:20:42,536 INFO [91387512]           BasicSheet.java:979  | Stored /sheet#1/sheet#1.xml
2017-10-06 15:20:42,536 INFO [91387512]            BasicBook.java:1355 | Book stored as /Users/stephenn/Documents/workspace/nlsomr/xml_out/91386487/91387512/91387512.omr
