2017-10-06 15:42:42,412 INFO [91387824]            BasicBook.java:427  | 1 sheet in /Users/stephenn/Documents/workspace/nlsomr/working/91387824.jpg
2017-10-06 15:42:42,559 INFO []            BasicBook.java:1395 | Stored /book.xml
2017-10-06 15:42:42,559 INFO []            BasicBook.java:1355 | Book stored as /Users/stephenn/Documents/workspace/nlsomr/xml_out/91386487/91387824/91387824.omr
2017-10-06 15:42:42,565 INFO []            BasicBook.java:996  | Book reaching PAGE on sheets:[#1]
2017-10-06 15:42:42,566 INFO [91387824]       StepMonitoring.java:96   | LOAD
2017-10-06 15:42:42,733 INFO [91387824]            BasicBook.java:911  | Loaded image 1 2000x3056 from /Users/stephenn/Documents/workspace/nlsomr/working/91387824.jpg
2017-10-06 15:42:42,737 INFO [91387824]            ImageUtil.java:82   | Converting max RGB to gray ...
2017-10-06 15:42:43,003 INFO [91387824]            BasicBook.java:1395 | Stored /book.xml
2017-10-06 15:42:43,317 INFO [91387824]           BasicSheet.java:979  | Stored /sheet#1/sheet#1.xml
2017-10-06 15:42:43,319 INFO [91387824]       StepMonitoring.java:96   | BINARY
2017-10-06 15:42:43,907 INFO [91387824]            BasicBook.java:1395 | Stored /book.xml
2017-10-06 15:42:44,228 INFO [91387824]              Picture.java:786  | Stored /sheet#1/BINARY.xml
2017-10-06 15:42:44,230 INFO [91387824]           BasicSheet.java:979  | Stored /sheet#1/sheet#1.xml
2017-10-06 15:42:44,232 INFO [91387824]       StepMonitoring.java:96   | SCALE
2017-10-06 15:42:44,272 INFO [91387824]         ScaleBuilder.java:229  | No beam key found, guessed value 10
2017-10-06 15:42:44,273 INFO [91387824]            ScaleStep.java:87   | Scale{line(4,5,6) interline(16,17,17) beam(10 extra)}
2017-10-06 15:42:44,275 INFO [91387824]            BasicBook.java:1395 | Stored /book.xml
2017-10-06 15:42:44,278 INFO [91387824]           BasicSheet.java:979  | Stored /sheet#1/sheet#1.xml
2017-10-06 15:42:44,280 INFO [91387824]       StepMonitoring.java:96   | GRID
2017-10-06 15:42:45,201 INFO [91387824]       LinesRetriever.java:442  | Global slope: 0.00046
2017-10-06 15:42:45,289 INFO [91387824]    ClustersRetriever.java:241  | Retrieved line clusters: 12 of size: 5 with interline: (16,17,17)
2017-10-06 15:42:46,003 INFO [91387824]            PeakGraph.java:181  | Systems: #1[1, 2] #2[3, 4] #3[5, 6] #4[7, 8] #5[9, 10] #6[11, 12]
2017-10-06 15:42:46,920 INFO [91387824]        SystemManager.java:626  | Indentation detected for system#1
2017-10-06 15:42:46,921 INFO [91387824]        SystemManager.java:626  | Indentation detected for system#5
2017-10-06 15:42:46,922 INFO [91387824]        SystemManager.java:671  | 2 pages found in sheet
2017-10-06 15:42:46,922 INFO [91387824]        SystemManager.java:709  | Page #1: 1 part along 4 systems
2017-10-06 15:42:46,923 INFO [91387824]        SystemManager.java:709  | Page #2: 1 part along 2 systems
2017-10-06 15:42:46,927 INFO [91387824]            BasicBook.java:1395 | Stored /book.xml
2017-10-06 15:42:47,155 INFO [91387824]           BasicSheet.java:979  | Stored /sheet#1/sheet#1.xml
2017-10-06 15:42:47,157 INFO [91387824]       StepMonitoring.java:96   | HEADERS
2017-10-06 15:42:47,575 INFO []          Nd4jBackend.java:194  | Loaded [CpuBackend] backend
2017-10-06 15:42:47,642 INFO []      NativeOpsHolder.java:49   | Number of threads used for NativeOps: 2
2017-10-06 15:42:48,152 INFO [] DefaultOpExecutioner.java:544  | Backend used: [CPU]; OS: [Mac OS X]
2017-10-06 15:42:48,153 INFO [] DefaultOpExecutioner.java:545  | Cores: [4]; Memory: [3.6GB];
2017-10-06 15:42:48,154 INFO [] DefaultOpExecutioner.java:546  | Blas vendor: [OPENBLAS]
2017-10-06 15:42:48,191 INFO []   AbstractClassifier.java:332  | Classifier data loaded from default uri jar:file:/Users/stephenn/Documents/workspace/audiveris/build/distributions/Audiveris/lib/audiveris.jar!/res/basic-classifier.zip
2017-10-06 15:42:49,823 WARN [91387824]          ClefBuilder.java:560  | Staff#2 no header clef.
2017-10-06 15:42:50,092 WARN [91387824]          ClefBuilder.java:560  | Staff#4 no header clef.
2017-10-06 15:42:50,593 WARN [91387824]          ClefBuilder.java:560  | Staff#8 no header clef.
2017-10-06 15:42:50,766 WARN [91387824]          ClefBuilder.java:560  | Staff#10 no header clef.
2017-10-06 15:42:50,807 INFO [91387824]           KeyBuilder.java:746  | Staff#9 key slice#5 pitch adjusted from 2.5 to 2
2017-10-06 15:42:50,998 WARN [91387824]          ClefBuilder.java:560  | Staff#12 no header clef.
2017-10-06 15:42:51,058 INFO [91387824]            BasicBook.java:1395 | Stored /book.xml
2017-10-06 15:42:51,408 INFO []   AbstractClassifier.java:332  | Classifier data loaded from default uri jar:file:/Users/stephenn/Documents/workspace/audiveris/build/distributions/Audiveris/lib/audiveris.jar!/res/deep-classifier.zip
2017-10-06 15:42:51,470 INFO [91387824]           BasicSheet.java:979  | Stored /sheet#1/sheet#1.xml
2017-10-06 15:42:51,472 INFO [91387824]       StepMonitoring.java:96   | STEM_SEEDS
2017-10-06 15:42:51,581 INFO [91387824]        StemSeedsStep.java:91   | stem(4 max:5)
2017-10-06 15:42:51,719 INFO [91387824]            BasicBook.java:1395 | Stored /book.xml
2017-10-06 15:42:52,159 INFO [91387824]           BasicSheet.java:979  | Stored /sheet#1/sheet#1.xml
2017-10-06 15:42:52,162 INFO [91387824]       StepMonitoring.java:96   | BEAMS
2017-10-06 15:42:55,899 INFO [91387824]            BeamsStep.java:89   | BeamDistance{count:37 mean:15.08 stdDev:0.65}
2017-10-06 15:42:55,902 INFO [91387824]            BasicBook.java:1395 | Stored /book.xml
2017-10-06 15:42:55,988 INFO [91387824]              Picture.java:786  | Stored /sheet#1/HEAD_SPOTS.xml
2017-10-06 15:42:56,587 INFO [91387824]           BasicSheet.java:979  | Stored /sheet#1/sheet#1.xml
2017-10-06 15:42:56,589 INFO [91387824]       StepMonitoring.java:96   | LEDGERS
2017-10-06 15:42:57,141 INFO [91387824]            BasicBook.java:1395 | Stored /book.xml
2017-10-06 15:42:57,787 INFO [91387824]           BasicSheet.java:979  | Stored /sheet#1/sheet#1.xml
2017-10-06 15:42:57,789 INFO [91387824]       StepMonitoring.java:96   | HEADS
2017-10-06 15:43:01,281 INFO [91387824]            BasicBook.java:1395 | Stored /book.xml
2017-10-06 15:43:03,151 INFO [91387824]           BasicSheet.java:979  | Stored /sheet#1/sheet#1.xml
2017-10-06 15:43:03,153 INFO [91387824]       StepMonitoring.java:96   | STEMS
2017-10-06 15:43:06,050 INFO [91387824]            BasicBook.java:1395 | Stored /book.xml
2017-10-06 15:43:08,137 INFO [91387824]           BasicSheet.java:979  | Stored /sheet#1/sheet#1.xml
2017-10-06 15:43:08,140 INFO [91387824]       StepMonitoring.java:96   | REDUCTION
2017-10-06 15:43:08,567 INFO [91387824]            BasicBook.java:1395 | Stored /book.xml
2017-10-06 15:43:09,712 INFO [91387824]           BasicSheet.java:979  | Stored /sheet#1/sheet#1.xml
2017-10-06 15:43:09,715 INFO [91387824]       StepMonitoring.java:96   | CUE_BEAMS
2017-10-06 15:43:09,718 INFO [91387824]            BasicBook.java:1395 | Stored /book.xml
2017-10-06 15:43:10,832 INFO [91387824]           BasicSheet.java:979  | Stored /sheet#1/sheet#1.xml
2017-10-06 15:43:10,835 INFO [91387824]       StepMonitoring.java:96   | TEXTS
2017-10-06 15:43:12,991 INFO [91387824]            BasicBook.java:1395 | Stored /book.xml
2017-10-06 15:43:14,184 INFO [91387824]           BasicSheet.java:979  | Stored /sheet#1/sheet#1.xml
2017-10-06 15:43:14,186 INFO [91387824]       StepMonitoring.java:96   | MEASURES
2017-10-06 15:43:14,191 INFO [91387824]                 Page.java:210  | 18 raw measures: [5 in system#1, 4 in system#2, 5 in system#3, 4 in system#4]
2017-10-06 15:43:14,191 INFO [91387824]                 Page.java:210  | 9 raw measures: [5 in system#5, 4 in system#6]
2017-10-06 15:43:14,192 INFO [91387824]            BasicBook.java:1395 | Stored /book.xml
2017-10-06 15:43:15,367 INFO [91387824]           BasicSheet.java:979  | Stored /sheet#1/sheet#1.xml
2017-10-06 15:43:15,369 INFO [91387824]       StepMonitoring.java:96   | CHORDS
2017-10-06 15:43:15,382 INFO [91387824]            BasicBook.java:1395 | Stored /book.xml
2017-10-06 15:43:16,624 INFO [91387824]           BasicSheet.java:979  | Stored /sheet#1/sheet#1.xml
2017-10-06 15:43:16,626 INFO [91387824]       StepMonitoring.java:96   | CURVES
2017-10-06 15:43:18,780 INFO [91387824]         SlursBuilder.java:157  | Slurs: 15
2017-10-06 15:43:18,847 INFO [91387824]      SegmentsBuilder.java:113  | Segments: 36
2017-10-06 15:43:18,858 INFO [91387824]            BasicBook.java:1395 | Stored /book.xml
2017-10-06 15:43:20,374 INFO [91387824]           BasicSheet.java:979  | Stored /sheet#1/sheet#1.xml
2017-10-06 15:43:20,377 INFO [91387824]       StepMonitoring.java:96   | SYMBOLS
2017-10-06 15:43:23,055 INFO [91387824]            BasicBook.java:1395 | Stored /book.xml
2017-10-06 15:43:24,580 INFO [91387824]           BasicSheet.java:979  | Stored /sheet#1/sheet#1.xml
2017-10-06 15:43:24,583 INFO [91387824]       StepMonitoring.java:96   | LINKS
2017-10-06 15:43:24,624 INFO [91387824]        SymbolsLinker.java:323  | No chord above direction SentenceInter{#6863(0.675) s:9 BS-35 Direction} 152
2017-10-06 15:43:24,625 INFO [91387824]        SymbolsLinker.java:323  | No chord above direction SentenceInter{#6870(0.612) s:9 BS-56 Direction} The Lament of W!!! M? Peter.
2017-10-06 15:43:24,625 INFO [91387824]        SymbolsLinker.java:306  | No measure stack for direction SentenceInter{#6873(0.590) s:9 BSC-53 Direction} J: 66.
2017-10-06 15:43:24,647 INFO [91387824]            BasicBook.java:1395 | Stored /book.xml
2017-10-06 15:43:26,250 INFO [91387824]           BasicSheet.java:979  | Stored /sheet#1/sheet#1.xml
2017-10-06 15:43:26,252 INFO [91387824]       StepMonitoring.java:96   | RHYTHMS
2017-10-06 15:43:26,266 INFO [91387824]         SlotsBuilder.java:399  | Stack#3 suspicious Slot{#2 xOffset=90 timeOffset=1/8 incomings=[#6910]}
2017-10-06 15:43:26,271 INFO [91387824]         SlotsBuilder.java:434  | Stack#5 endless loop detected
2017-10-06 15:43:26,274 INFO [91387824]         SlotsBuilder.java:399  | Stack#7 suspicious Slot{#2 xOffset=134 timeOffset=1/8 incomings=[#6956]}
2017-10-06 15:43:26,282 INFO [91387824]         SlotsBuilder.java:399  | Stack#12 suspicious Slot{#2 xOffset=102 timeOffset=1/8 incomings=[#7000#7026]}
2017-10-06 15:43:26,301 INFO [91387824]           PageRhythm.java:314  | Range{1-18} Durations avgGuess:3/4 topGuess:1/4 avgValue:0.69 stacks:18 voices:52 Histogram{1/8-9/8 size:9 [1/8=5 3/16=1 1/4=20 3/8=11 1/2=7 5/8=3 7/8=2 1=1 9/8=2]}
2017-10-06 15:43:26,303 INFO [91387824]           PageRhythm.java:221  | S1 Range{1-18 dur:3/4} should update to 3/4-based time sig?
2017-10-06 15:43:26,305 INFO [91387824]                Voice.java:257  | S1 MeasureStack#1 Voice #1 too long 3/8
2017-10-06 15:43:26,306 INFO [91387824]                Voice.java:257  | S1 MeasureStack#1 Voice #2 too long 3/8
2017-10-06 15:43:26,306 INFO [91387824]           StackTuner.java:92   | S1 MeasureStack#1 no correct rhythm
2017-10-06 15:43:26,308 INFO [91387824]         SlotsBuilder.java:427  | S1 MeasureStack#2 Slot{#3 xOffset=89 timeOffset=1/4 incomings=[#6933] SUSPICIOUS}
2017-10-06 15:43:26,309 INFO [91387824]         SlotsBuilder.java:427  | S1 MeasureStack#2 Slot{#5 xOffset=142 timeOffset=1/2 incomings=[#6934] SUSPICIOUS}
2017-10-06 15:43:26,310 INFO [91387824]         SlotsBuilder.java:434  | Stack#2 endless loop detected
2017-10-06 15:43:26,311 INFO [91387824]         SlotsBuilder.java:434  | Stack#3 endless loop detected
2017-10-06 15:43:26,313 INFO [91387824]         SlotsBuilder.java:427  | S1 MeasureStack#4 Slot{#3 xOffset=82 timeOffset=1/4 incomings=[#6941] SUSPICIOUS}
2017-10-06 15:43:26,314 INFO [91387824]         SlotsBuilder.java:427  | S1 MeasureStack#4 Slot{#5 xOffset=133 timeOffset=1/2 incomings=[#6942] SUSPICIOUS}
2017-10-06 15:43:26,314 INFO [91387824]         SlotsBuilder.java:434  | Stack#4 endless loop detected
2017-10-06 15:43:26,316 INFO [91387824]         SlotsBuilder.java:434  | Stack#5 endless loop detected
2017-10-06 15:43:26,318 INFO [91387824]         SlotsBuilder.java:427  | S2 MeasureStack#6 Slot{#3 xOffset=246 timeOffset=1/4 incomings=[#6975] SUSPICIOUS}
2017-10-06 15:43:26,319 INFO [91387824]         SlotsBuilder.java:427  | S2 MeasureStack#6 Slot{#5 xOffset=328 timeOffset=1/2 incomings=[#6976] SUSPICIOUS}
2017-10-06 15:43:26,320 INFO [91387824]         SlotsBuilder.java:434  | Stack#6 endless loop detected
2017-10-06 15:43:26,323 INFO [91387824]         SlotsBuilder.java:434  | Stack#7 endless loop detected
2017-10-06 15:43:26,325 INFO [91387824]         SlotsBuilder.java:427  | S2 MeasureStack#8 Slot{#3 xOffset=122 timeOffset=1/4 incomings=[#6983] SUSPICIOUS}
2017-10-06 15:43:26,326 INFO [91387824]         SlotsBuilder.java:434  | Stack#8 endless loop detected
2017-10-06 15:43:26,327 INFO [91387824]         SlotsBuilder.java:427  | S2 MeasureStack#9 Slot{#3 xOffset=129 timeOffset=1/4 incomings=[#6987] SUSPICIOUS}
2017-10-06 15:43:26,331 INFO [91387824]         SlotsBuilder.java:427  | S3 MeasureStack#12 Slot{#5 xOffset=182 timeOffset=1/4 incomings=[#7027] SUSPICIOUS}
2017-10-06 15:43:26,332 INFO [91387824]         SlotsBuilder.java:434  | Stack#12 endless loop detected
2017-10-06 15:43:26,337 INFO [91387824]         SlotsBuilder.java:427  | S4 MeasureStack#15 Slot{#3 xOffset=251 timeOffset=1/4 incomings=[#7063] SUSPICIOUS}
2017-10-06 15:43:26,338 INFO [91387824]         SlotsBuilder.java:427  | S4 MeasureStack#15 Slot{#5 xOffset=328 timeOffset=1/2 incomings=[#7064] SUSPICIOUS}
2017-10-06 15:43:26,339 INFO [91387824]         SlotsBuilder.java:434  | Stack#15 endless loop detected
2017-10-06 15:43:26,341 INFO [91387824]         SlotsBuilder.java:427  | S4 MeasureStack#16 Slot{#7 xOffset=335 timeOffset=7/8 incomings=[#7069] SUSPICIOUS}
2017-10-06 15:43:26,342 INFO [91387824]                Voice.java:257  | S4 MeasureStack#16 Voice #1 too long 1/8
2017-10-06 15:43:26,342 INFO [91387824]                Voice.java:257  | S4 MeasureStack#16 Voice #2 too long 1/4
2017-10-06 15:43:26,343 INFO [91387824]                Voice.java:257  | S4 MeasureStack#16 Voice #3 too long 3/8
2017-10-06 15:43:26,343 INFO [91387824]           StackTuner.java:92   | S4 MeasureStack#16 no correct rhythm
2017-10-06 15:43:26,345 INFO [91387824]         SlotsBuilder.java:427  | S4 MeasureStack#17 Slot{#3 xOffset=125 timeOffset=1/4 incomings=[#7071] SUSPICIOUS}
2017-10-06 15:43:26,345 INFO [91387824]         SlotsBuilder.java:434  | Stack#17 endless loop detected
2017-10-06 15:43:26,346 INFO [91387824]         SlotsBuilder.java:427  | S4 MeasureStack#18 Slot{#3 xOffset=122 timeOffset=1/4 incomings=[#7059] SUSPICIOUS}
2017-10-06 15:43:26,355 INFO [91387824]           PageRhythm.java:314  | Range{1-9 ts:3/4} Durations avgGuess:3/4 topGuess:3/4 avgValue:0.66 stacks:9 voices:28 Histogram{1/4-3/4 size:3 [1/4=3 1/2=9 3/4=16]}
2017-10-06 15:43:26,359 INFO [91387824]         SlotsBuilder.java:427  | S5 MeasureStack#5 Slot{#3 xOffset=163 timeOffset=1/2 incomings=[#7102] SUSPICIOUS}
2017-10-06 15:43:26,362 INFO [91387824]         SlotsBuilder.java:427  | S6 MeasureStack#8 Slot{#5 xOffset=245 timeOffset=3/4 incomings=[#7140] SUSPICIOUS}
2017-10-06 15:43:26,363 INFO [91387824]                Voice.java:257  | S6 MeasureStack#8 Voice #1 too long 3/8
2017-10-06 15:43:26,363 INFO [91387824]                Voice.java:257  | S6 MeasureStack#8 Voice #4 too long 1/4
2017-10-06 15:43:26,364 INFO [91387824]           StackTuner.java:92   | S6 MeasureStack#8 no correct rhythm
2017-10-06 15:43:26,367 INFO [91387824]            BasicBook.java:1395 | Stored /book.xml
2017-10-06 15:43:27,980 INFO [91387824]           BasicSheet.java:979  | Stored /sheet#1/sheet#1.xml
2017-10-06 15:43:27,982 INFO [91387824]       StepMonitoring.java:96   | PAGE
2017-10-06 15:43:27,986 INFO [91387824]                Voice.java:257  | S1 MeasureStack#1 Voice #1 too long 3/8
2017-10-06 15:43:27,987 INFO [91387824]                Voice.java:257  | S1 MeasureStack#1 Voice #2 too long 3/8
2017-10-06 15:43:27,988 INFO [91387824]                Voice.java:257  | S4 MeasureStack#16 Voice #1 too long 1/8
2017-10-06 15:43:27,989 INFO [91387824]                Voice.java:257  | S4 MeasureStack#16 Voice #2 too long 1/4
2017-10-06 15:43:27,989 INFO [91387824]                Voice.java:257  | S4 MeasureStack#16 Voice #3 too long 3/8
2017-10-06 15:43:27,990 INFO [91387824]                 Part.java:267  | Could not left-connect slur#7146
2017-10-06 15:43:27,990 INFO [91387824]                Voice.java:257  | S6 MeasureStack#8 Voice #1 too long 3/8
2017-10-06 15:43:27,990 INFO [91387824]                Voice.java:257  | S6 MeasureStack#8 Voice #4 too long 1/4
2017-10-06 15:43:27,995 INFO [91387824]            BasicBook.java:1395 | Stored /book.xml
2017-10-06 15:43:29,552 INFO [91387824]           BasicSheet.java:979  | Stored /sheet#1/sheet#1.xml
2017-10-06 15:43:29,554 INFO [91387824]            BasicStub.java:723  | Sheet{91387824} disposed
2017-10-06 15:43:30,695 WARN [91387824]              SIGraph.java:192  | Error in class org.audiveris.omr.sig.SIGraph afterReload() java.lang.ClassCastException: org.audiveris.omr.sig.inter.SmallChordInter cannot be cast to org.audiveris.omr.sig.inter.HeadChordInter
java.lang.ClassCastException: org.audiveris.omr.sig.inter.SmallChordInter cannot be cast to org.audiveris.omr.sig.inter.HeadChordInter
	at org.audiveris.omr.sig.inter.ArticulationInter.getStaff(ArticulationInter.java:102)
	at org.audiveris.omr.sheet.Staff$StaffHolder.checkStaffHolder(Staff.java:1804)
	at org.audiveris.omr.sig.SIGraph.afterReload(SIGraph.java:189)
	at org.audiveris.omr.sheet.SystemInfo.afterReload(SystemInfo.java:257)
	at org.audiveris.omr.sheet.BasicSheet.afterReload(BasicSheet.java:327)
	at org.audiveris.omr.sheet.BasicStub.getSheet(BasicStub.java:448)
	at org.audiveris.omr.sheet.BasicStub.getSheet(BasicStub.java:86)
	at org.audiveris.omr.score.Score.getPage(Score.java:608)
	at org.audiveris.omr.score.Score.getPages(Score.java:380)
	at org.audiveris.omr.score.ScoreReduction.<init>(ScoreReduction.java:94)
	at org.audiveris.omr.sheet.BasicBook.reduceScores(BasicBook.java:1109)
	at org.audiveris.omr.sheet.BasicBook.transcribe(BasicBook.java:1448)
	at org.audiveris.omr.sheet.BasicBook.export(BasicBook.java:558)
	at org.audiveris.omr.CLI$ProcessingTask.processBook(CLI.java:785)
	at org.audiveris.omr.CLI$CliTask.call(CLI.java:344)
	at org.audiveris.omr.Main.runBatchTasks(Main.java:316)
	at org.audiveris.omr.Main.main(Main.java:155)
	at Audiveris.main(Audiveris.java:49)
2017-10-06 15:43:30,698 INFO [91387824]            BasicStub.java:449  | Loaded /sheet#1/sheet#1.xml
2017-10-06 15:43:30,699 INFO [91387824]            BasicBook.java:1133 | Scores built: 2
2017-10-06 15:43:31,744 WARN [91387824]      PartwiseBuilder.java:1379 | Error visiting null
java.lang.NullPointerException: null
	at org.audiveris.omr.score.PartwiseBuilder.processKey(PartwiseBuilder.java:1344)
	at org.audiveris.omr.score.PartwiseBuilder.processKeys(PartwiseBuilder.java:1407)
	at org.audiveris.omr.score.PartwiseBuilder.processMeasure(PartwiseBuilder.java:1575)
	at org.audiveris.omr.score.PartwiseBuilder.processPart(PartwiseBuilder.java:1988)
	at org.audiveris.omr.score.PartwiseBuilder.processSystem(PartwiseBuilder.java:2528)
	at org.audiveris.omr.score.PartwiseBuilder.processLogicalPart(PartwiseBuilder.java:1433)
	at org.audiveris.omr.score.PartwiseBuilder.processStub(PartwiseBuilder.java:2483)
	at org.audiveris.omr.score.PartwiseBuilder.processPartList(PartwiseBuilder.java:2017)
	at org.audiveris.omr.score.PartwiseBuilder.processScore(PartwiseBuilder.java:2195)
	at org.audiveris.omr.score.PartwiseBuilder.build(PartwiseBuilder.java:307)
	at org.audiveris.omr.score.ScoreExporter.export(ScoreExporter.java:117)
	at org.audiveris.omr.score.ScoreExporter.export(ScoreExporter.java:91)
	at org.audiveris.omr.sheet.BasicBook.export(BasicBook.java:589)
	at org.audiveris.omr.CLI$ProcessingTask.processBook(CLI.java:785)
	at org.audiveris.omr.CLI$CliTask.call(CLI.java:344)
	at org.audiveris.omr.Main.runBatchTasks(Main.java:316)
	at org.audiveris.omr.Main.main(Main.java:155)
	at Audiveris.main(Audiveris.java:49)
2017-10-06 15:43:31,754 WARN [91387824]      PartwiseBuilder.java:1379 | Error visiting null
java.lang.NullPointerException: null
	at org.audiveris.omr.score.PartwiseBuilder.processKey(PartwiseBuilder.java:1344)
	at org.audiveris.omr.score.PartwiseBuilder.processKeys(PartwiseBuilder.java:1407)
	at org.audiveris.omr.score.PartwiseBuilder.processMeasure(PartwiseBuilder.java:1575)
	at org.audiveris.omr.score.PartwiseBuilder.processPart(PartwiseBuilder.java:1988)
	at org.audiveris.omr.score.PartwiseBuilder.processSystem(PartwiseBuilder.java:2528)
	at org.audiveris.omr.score.PartwiseBuilder.processLogicalPart(PartwiseBuilder.java:1433)
	at org.audiveris.omr.score.PartwiseBuilder.processStub(PartwiseBuilder.java:2483)
	at org.audiveris.omr.score.PartwiseBuilder.processPartList(PartwiseBuilder.java:2017)
	at org.audiveris.omr.score.PartwiseBuilder.processScore(PartwiseBuilder.java:2195)
	at org.audiveris.omr.score.PartwiseBuilder.build(PartwiseBuilder.java:307)
	at org.audiveris.omr.score.ScoreExporter.export(ScoreExporter.java:117)
	at org.audiveris.omr.score.ScoreExporter.export(ScoreExporter.java:91)
	at org.audiveris.omr.sheet.BasicBook.export(BasicBook.java:589)
	at org.audiveris.omr.CLI$ProcessingTask.processBook(CLI.java:785)
	at org.audiveris.omr.CLI$CliTask.call(CLI.java:344)
	at org.audiveris.omr.Main.runBatchTasks(Main.java:316)
	at org.audiveris.omr.Main.main(Main.java:155)
	at Audiveris.main(Audiveris.java:49)
2017-10-06 15:43:31,823 INFO [91387824]        ScoreExporter.java:93   | Score 91387824.mvt1 exported to /Users/stephenn/Documents/workspace/nlsomr/xml_out/91386487/91387824/91387824.mvt1.mxl
2017-10-06 15:43:31,825 WARN [91387824]      PartwiseBuilder.java:1379 | Error visiting null
java.lang.NullPointerException: null
	at org.audiveris.omr.score.PartwiseBuilder.processKey(PartwiseBuilder.java:1344)
	at org.audiveris.omr.score.PartwiseBuilder.processKeys(PartwiseBuilder.java:1407)
	at org.audiveris.omr.score.PartwiseBuilder.processMeasure(PartwiseBuilder.java:1575)
	at org.audiveris.omr.score.PartwiseBuilder.processPart(PartwiseBuilder.java:1988)
	at org.audiveris.omr.score.PartwiseBuilder.processSystem(PartwiseBuilder.java:2528)
	at org.audiveris.omr.score.PartwiseBuilder.processLogicalPart(PartwiseBuilder.java:1433)
	at org.audiveris.omr.score.PartwiseBuilder.processStub(PartwiseBuilder.java:2483)
	at org.audiveris.omr.score.PartwiseBuilder.processPartList(PartwiseBuilder.java:2017)
	at org.audiveris.omr.score.PartwiseBuilder.processScore(PartwiseBuilder.java:2195)
	at org.audiveris.omr.score.PartwiseBuilder.build(PartwiseBuilder.java:307)
	at org.audiveris.omr.score.ScoreExporter.export(ScoreExporter.java:117)
	at org.audiveris.omr.score.ScoreExporter.export(ScoreExporter.java:91)
	at org.audiveris.omr.sheet.BasicBook.export(BasicBook.java:589)
	at org.audiveris.omr.CLI$ProcessingTask.processBook(CLI.java:785)
	at org.audiveris.omr.CLI$CliTask.call(CLI.java:344)
	at org.audiveris.omr.Main.runBatchTasks(Main.java:316)
	at org.audiveris.omr.Main.main(Main.java:155)
	at Audiveris.main(Audiveris.java:49)
2017-10-06 15:43:31,832 WARN [91387824]      PartwiseBuilder.java:1379 | Error visiting null
java.lang.NullPointerException: null
	at org.audiveris.omr.score.PartwiseBuilder.processKey(PartwiseBuilder.java:1344)
	at org.audiveris.omr.score.PartwiseBuilder.processKeys(PartwiseBuilder.java:1407)
	at org.audiveris.omr.score.PartwiseBuilder.processMeasure(PartwiseBuilder.java:1575)
	at org.audiveris.omr.score.PartwiseBuilder.processPart(PartwiseBuilder.java:1988)
	at org.audiveris.omr.score.PartwiseBuilder.processSystem(PartwiseBuilder.java:2528)
	at org.audiveris.omr.score.PartwiseBuilder.processLogicalPart(PartwiseBuilder.java:1433)
	at org.audiveris.omr.score.PartwiseBuilder.processStub(PartwiseBuilder.java:2483)
	at org.audiveris.omr.score.PartwiseBuilder.processPartList(PartwiseBuilder.java:2017)
	at org.audiveris.omr.score.PartwiseBuilder.processScore(PartwiseBuilder.java:2195)
	at org.audiveris.omr.score.PartwiseBuilder.build(PartwiseBuilder.java:307)
	at org.audiveris.omr.score.ScoreExporter.export(ScoreExporter.java:117)
	at org.audiveris.omr.score.ScoreExporter.export(ScoreExporter.java:91)
	at org.audiveris.omr.sheet.BasicBook.export(BasicBook.java:589)
	at org.audiveris.omr.CLI$ProcessingTask.processBook(CLI.java:785)
	at org.audiveris.omr.CLI$CliTask.call(CLI.java:344)
	at org.audiveris.omr.Main.runBatchTasks(Main.java:316)
	at org.audiveris.omr.Main.main(Main.java:155)
	at Audiveris.main(Audiveris.java:49)
2017-10-06 15:43:31,850 INFO [91387824]        ScoreExporter.java:93   | Score 91387824.mvt2 exported to /Users/stephenn/Documents/workspace/nlsomr/xml_out/91386487/91387824/91387824.mvt2.mxl
2017-10-06 15:43:32,021 INFO [91387824]            BasicBook.java:1395 | Stored /book.xml
2017-10-06 15:43:32,021 INFO [91387824]            BasicBook.java:1355 | Book stored as /Users/stephenn/Documents/workspace/nlsomr/xml_out/91386487/91387824/91387824.omr
