2017-10-06 14:57:00,167 INFO [91387200]            BasicBook.java:427  | 1 sheet in /Users/stephenn/Documents/workspace/nlsomr/working/91387200.jpg
2017-10-06 14:57:00,316 INFO []            BasicBook.java:1395 | Stored /book.xml
2017-10-06 14:57:00,316 INFO []            BasicBook.java:1355 | Book stored as /Users/stephenn/Documents/workspace/nlsomr/xml_out/91386487/91387200/91387200.omr
2017-10-06 14:57:00,322 INFO []            BasicBook.java:996  | Book reaching PAGE on sheets:[#1]
2017-10-06 14:57:00,323 INFO [91387200]       StepMonitoring.java:96   | LOAD
2017-10-06 14:57:00,480 INFO [91387200]            BasicBook.java:911  | Loaded image 1 2000x3056 from /Users/stephenn/Documents/workspace/nlsomr/working/91387200.jpg
2017-10-06 14:57:00,484 INFO [91387200]            ImageUtil.java:82   | Converting max RGB to gray ...
2017-10-06 14:57:00,726 INFO [91387200]            BasicBook.java:1395 | Stored /book.xml
2017-10-06 14:57:01,018 INFO [91387200]           BasicSheet.java:979  | Stored /sheet#1/sheet#1.xml
2017-10-06 14:57:01,019 INFO [91387200]       StepMonitoring.java:96   | BINARY
2017-10-06 14:57:01,667 INFO [91387200]            BasicBook.java:1395 | Stored /book.xml
2017-10-06 14:57:02,009 INFO [91387200]              Picture.java:786  | Stored /sheet#1/BINARY.xml
2017-10-06 14:57:02,011 INFO [91387200]           BasicSheet.java:979  | Stored /sheet#1/sheet#1.xml
2017-10-06 14:57:02,012 INFO [91387200]       StepMonitoring.java:96   | SCALE
2017-10-06 14:57:02,052 INFO [91387200]            ScaleStep.java:87   | Scale{line(3,4,5) interline(16,16,17) beam(13)}
2017-10-06 14:57:02,058 INFO [91387200]            BasicBook.java:1395 | Stored /book.xml
2017-10-06 14:57:02,060 INFO [91387200]           BasicSheet.java:979  | Stored /sheet#1/sheet#1.xml
2017-10-06 14:57:02,063 INFO [91387200]       StepMonitoring.java:96   | GRID
2017-10-06 14:57:02,976 INFO [91387200]       LinesRetriever.java:442  | Global slope: -0.00022
2017-10-06 14:57:03,070 INFO [91387200]    ClustersRetriever.java:241  | Retrieved line clusters: 12 of size: 5 with interline: (16,16,17)
2017-10-06 14:57:03,702 INFO [91387200]            PeakGraph.java:181  | Systems: #1[1, 2] #2[3, 4] #3[5, 6] #4[7, 8] #5[9, 10] #6[11, 12]
2017-10-06 14:57:04,688 INFO [91387200]        SystemManager.java:626  | Indentation detected for system#1
2017-10-06 14:57:04,689 INFO [91387200]        SystemManager.java:626  | Indentation detected for system#5
2017-10-06 14:57:04,689 INFO [91387200]        SystemManager.java:671  | 2 pages found in sheet
2017-10-06 14:57:04,690 INFO [91387200]        SystemManager.java:709  | Page #1: 1 part along 4 systems
2017-10-06 14:57:04,690 INFO [91387200]        SystemManager.java:709  | Page #2: 1 part along 2 systems
2017-10-06 14:57:04,694 INFO [91387200]            BasicBook.java:1395 | Stored /book.xml
2017-10-06 14:57:04,928 INFO [91387200]           BasicSheet.java:979  | Stored /sheet#1/sheet#1.xml
2017-10-06 14:57:04,930 INFO [91387200]       StepMonitoring.java:96   | HEADERS
2017-10-06 14:57:05,314 INFO []          Nd4jBackend.java:194  | Loaded [CpuBackend] backend
2017-10-06 14:57:05,374 INFO []      NativeOpsHolder.java:49   | Number of threads used for NativeOps: 2
2017-10-06 14:57:05,787 INFO [] DefaultOpExecutioner.java:544  | Backend used: [CPU]; OS: [Mac OS X]
2017-10-06 14:57:05,788 INFO [] DefaultOpExecutioner.java:545  | Cores: [4]; Memory: [3.6GB];
2017-10-06 14:57:05,788 INFO [] DefaultOpExecutioner.java:546  | Blas vendor: [OPENBLAS]
2017-10-06 14:57:05,833 INFO []   AbstractClassifier.java:332  | Classifier data loaded from default uri jar:file:/Users/stephenn/Documents/workspace/audiveris/build/distributions/Audiveris/lib/audiveris.jar!/res/basic-classifier.zip
2017-10-06 14:57:07,348 WARN [91387200]          ClefBuilder.java:560  | Staff#2 no header clef.
2017-10-06 14:57:07,605 WARN [91387200]          ClefBuilder.java:560  | Staff#4 no header clef.
2017-10-06 14:57:08,083 WARN [91387200]          ClefBuilder.java:560  | Staff#8 no header clef.
2017-10-06 14:57:08,254 WARN [91387200]          ClefBuilder.java:560  | Staff#10 no header clef.
2017-10-06 14:57:08,601 WARN [91387200]          ClefBuilder.java:560  | Staff#12 no header clef.
2017-10-06 14:57:08,678 INFO [91387200]            BasicBook.java:1395 | Stored /book.xml
2017-10-06 14:57:09,071 INFO []   AbstractClassifier.java:332  | Classifier data loaded from default uri jar:file:/Users/stephenn/Documents/workspace/audiveris/build/distributions/Audiveris/lib/audiveris.jar!/res/deep-classifier.zip
2017-10-06 14:57:09,093 INFO [91387200]           BasicSheet.java:979  | Stored /sheet#1/sheet#1.xml
2017-10-06 14:57:09,096 INFO [91387200]       StepMonitoring.java:96   | STEM_SEEDS
2017-10-06 14:57:09,203 INFO [91387200]        StemSeedsStep.java:91   | stem(4 max:4)
2017-10-06 14:57:09,339 INFO [91387200]            BasicBook.java:1395 | Stored /book.xml
2017-10-06 14:57:09,863 INFO [91387200]           BasicSheet.java:979  | Stored /sheet#1/sheet#1.xml
2017-10-06 14:57:09,865 INFO [91387200]       StepMonitoring.java:96   | BEAMS
2017-10-06 14:57:14,415 INFO [91387200]            BeamsStep.java:89   | BeamDistance{count:25 mean:15.24 stdDev:0.58}
2017-10-06 14:57:14,418 INFO [91387200]            BasicBook.java:1395 | Stored /book.xml
2017-10-06 14:57:14,492 INFO [91387200]              Picture.java:786  | Stored /sheet#1/HEAD_SPOTS.xml
2017-10-06 14:57:14,904 INFO [91387200]           BasicSheet.java:979  | Stored /sheet#1/sheet#1.xml
2017-10-06 14:57:14,906 INFO [91387200]       StepMonitoring.java:96   | LEDGERS
2017-10-06 14:57:15,569 INFO [91387200]            BasicBook.java:1395 | Stored /book.xml
2017-10-06 14:57:16,053 INFO [91387200]           BasicSheet.java:979  | Stored /sheet#1/sheet#1.xml
2017-10-06 14:57:16,058 INFO [91387200]       StepMonitoring.java:96   | HEADS
2017-10-06 14:57:18,630 INFO [91387200]            BasicBook.java:1395 | Stored /book.xml
2017-10-06 14:57:19,518 INFO [91387200]           BasicSheet.java:979  | Stored /sheet#1/sheet#1.xml
2017-10-06 14:57:19,521 INFO [91387200]       StepMonitoring.java:96   | STEMS
2017-10-06 14:57:21,424 INFO [91387200]            BasicBook.java:1395 | Stored /book.xml
2017-10-06 14:57:22,832 INFO [91387200]           BasicSheet.java:979  | Stored /sheet#1/sheet#1.xml
2017-10-06 14:57:22,836 INFO [91387200]       StepMonitoring.java:96   | REDUCTION
2017-10-06 14:57:23,345 INFO [91387200]            BasicBook.java:1395 | Stored /book.xml
2017-10-06 14:57:24,205 INFO [91387200]           BasicSheet.java:979  | Stored /sheet#1/sheet#1.xml
2017-10-06 14:57:24,207 INFO [91387200]       StepMonitoring.java:96   | CUE_BEAMS
2017-10-06 14:57:24,225 INFO [91387200]            BasicBook.java:1395 | Stored /book.xml
2017-10-06 14:57:25,028 INFO [91387200]           BasicSheet.java:979  | Stored /sheet#1/sheet#1.xml
2017-10-06 14:57:25,031 INFO [91387200]       StepMonitoring.java:96   | TEXTS
2017-10-06 14:57:27,072 INFO [91387200]            BasicBook.java:1395 | Stored /book.xml
2017-10-06 14:57:27,884 INFO [91387200]           BasicSheet.java:979  | Stored /sheet#1/sheet#1.xml
2017-10-06 14:57:27,886 INFO [91387200]       StepMonitoring.java:96   | MEASURES
2017-10-06 14:57:27,890 INFO [91387200]      MeasuresBuilder.java:316  | S3 partial barline column: s5:G(x:1764,y:1189)[#104]
2017-10-06 14:57:27,890 INFO [91387200]      MeasuresBuilder.java:328  | S3 deleting   half column: s5:G(x:1764,y:1189)[#104]
2017-10-06 14:57:27,891 INFO [91387200]                 Page.java:210  | 18 raw measures: [5 in system#1, 4 in system#2, 5 in system#3, 4 in system#4]
2017-10-06 14:57:27,892 INFO [91387200]                 Page.java:210  | 9 raw measures: [4 in system#5, 5 in system#6]
2017-10-06 14:57:27,893 INFO [91387200]            BasicBook.java:1395 | Stored /book.xml
2017-10-06 14:57:28,723 INFO [91387200]           BasicSheet.java:979  | Stored /sheet#1/sheet#1.xml
2017-10-06 14:57:28,725 INFO [91387200]       StepMonitoring.java:96   | CHORDS
2017-10-06 14:57:28,745 INFO [91387200]            BasicBook.java:1395 | Stored /book.xml
2017-10-06 14:57:29,610 INFO [91387200]           BasicSheet.java:979  | Stored /sheet#1/sheet#1.xml
2017-10-06 14:57:29,612 INFO [91387200]       StepMonitoring.java:96   | CURVES
2017-10-06 14:57:31,110 INFO [91387200]         SlursBuilder.java:762  | LEFT collision SlurInter{#6468(0.367)} & SlurInter{#6588(0.342)} @ HeadInter{#4744(0.626/0.830) e#6323 s:10 p:-6.00 NOTEHEAD_BLACK}
2017-10-06 14:57:31,111 INFO [91387200]         SlursBuilder.java:762  | LEFT collision SlurInter{#6588(0.342)} & SlurInter{#6468(0.367)} @ HeadInter{#4744(0.626/0.830) e#6323 s:10 p:-6.00 NOTEHEAD_BLACK}
2017-10-06 14:57:31,113 INFO [91387200]         SlursBuilder.java:157  | Slurs: 35
2017-10-06 14:57:31,143 INFO [91387200]      SegmentsBuilder.java:113  | Segments: 30
2017-10-06 14:57:31,152 INFO [91387200]            BasicBook.java:1395 | Stored /book.xml
2017-10-06 14:57:32,303 INFO [91387200]           BasicSheet.java:979  | Stored /sheet#1/sheet#1.xml
2017-10-06 14:57:32,306 INFO [91387200]       StepMonitoring.java:96   | SYMBOLS
2017-10-06 14:57:32,530 INFO [91387200]       SymbolsBuilder.java:340  | Symbol parts shrunk from 13 to 7
2017-10-06 14:57:35,404 INFO [91387200]       SymbolsBuilder.java:340  | Symbol parts shrunk from 12 to 7
2017-10-06 14:57:35,657 INFO [91387200]            BasicBook.java:1395 | Stored /book.xml
2017-10-06 14:57:36,672 INFO [91387200]           BasicSheet.java:979  | Stored /sheet#1/sheet#1.xml
2017-10-06 14:57:36,674 INFO [91387200]       StepMonitoring.java:96   | LINKS
2017-10-06 14:57:36,717 INFO [91387200]        SymbolsLinker.java:306  | No measure stack for direction SentenceInter{#6088(0.616) s:9 S-45 Direction} J so
2017-10-06 14:57:36,732 ERROR [91387200]              Measure.java:1210 | Attempt to use removeInter() with SmallChordInter{#6360(0.738/0.729) dur:1/16}
2017-10-06 14:57:36,744 INFO [91387200]            BasicBook.java:1395 | Stored /book.xml
2017-10-06 14:57:37,739 INFO [91387200]           BasicSheet.java:979  | Stored /sheet#1/sheet#1.xml
2017-10-06 14:57:37,741 INFO [91387200]       StepMonitoring.java:96   | RHYTHMS
2017-10-06 14:57:37,798 INFO [91387200]           PageRhythm.java:314  | Range{1-18} Durations avgGuess:1 topGuess:1 avgValue:0.92 stacks:18 voices:42 Histogram{9/32-5/4 size:11 [9/32=1 3/8=3 7/16=2 1/2=4 5/8=1 3/4=5 13/16=1 7/8=1 1=18 9/8=3 5/4=3]}
2017-10-06 14:57:37,799 INFO [91387200]           PageRhythm.java:221  | S1 Range{1-18 dur:1} should update to 1-based time sig?
2017-10-06 14:57:37,800 INFO [91387200]                Voice.java:257  | S1 MeasureStack#1 Voice #1 too long 1/4
2017-10-06 14:57:37,801 INFO [91387200]                Voice.java:257  | S1 MeasureStack#1 Voice #2 too long 1/8
2017-10-06 14:57:37,801 INFO [91387200]           StackTuner.java:92   | S1 MeasureStack#1 no correct rhythm
2017-10-06 14:57:37,806 INFO [91387200]         SlotsBuilder.java:427  | S1 MeasureStack#3 Slot{#8 xOffset=248 timeOffset=13/16 incomings=[#6107] SUSPICIOUS}
2017-10-06 14:57:37,807 INFO [91387200]                Voice.java:257  | S1 MeasureStack#3 Voice #1 too long 1/16
2017-10-06 14:57:37,807 INFO [91387200]           StackTuner.java:92   | S1 MeasureStack#3 no correct rhythm
2017-10-06 14:57:37,811 INFO [91387200]         SlotsBuilder.java:427  | S1 MeasureStack#5 Slot{#6 xOffset=179 timeOffset=5/8 incomings=[#6138] SUSPICIOUS}
2017-10-06 14:57:37,811 INFO [91387200]                Voice.java:257  | S1 MeasureStack#5 Voice #1 too long 1/2
2017-10-06 14:57:37,812 INFO [91387200]                Voice.java:257  | S1 MeasureStack#5 Voice #2 too long 1/4
2017-10-06 14:57:37,812 INFO [91387200]           StackTuner.java:92   | S1 MeasureStack#5 no correct rhythm
2017-10-06 14:57:37,816 INFO [91387200]         SlotsBuilder.java:427  | S2 MeasureStack#7 Slot{#4 xOffset=127 timeOffset=3/8 incomings=[#6176] SUSPICIOUS}
2017-10-06 14:57:37,817 INFO [91387200]         SlotsBuilder.java:427  | S2 MeasureStack#7 Slot{#7 xOffset=214 timeOffset=5/8 incomings=[#6177] SUSPICIOUS}
2017-10-06 14:57:37,817 INFO [91387200]         SlotsBuilder.java:427  | S2 MeasureStack#7 Slot{#10 xOffset=325 timeOffset=7/8 incomings=[#6178] SUSPICIOUS}
2017-10-06 14:57:37,818 INFO [91387200]                Voice.java:257  | S2 MeasureStack#7 Voice #1 too long 1/16
2017-10-06 14:57:37,818 INFO [91387200]                Voice.java:257  | S2 MeasureStack#7 Voice #2 too long 1/8
2017-10-06 14:57:37,818 INFO [91387200]           StackTuner.java:92   | S2 MeasureStack#7 no correct rhythm
2017-10-06 14:57:37,820 INFO [91387200]         SlotsBuilder.java:427  | S2 MeasureStack#8 Slot{#4 xOffset=156 timeOffset=9/32 incomings=[#6159] SUSPICIOUS}
2017-10-06 14:57:37,821 INFO [91387200]                Voice.java:257  | S2 MeasureStack#8 Voice #1 too long 7/32
2017-10-06 14:57:37,821 INFO [91387200]                Voice.java:257  | S2 MeasureStack#8 Voice #2 too long 7/32
2017-10-06 14:57:37,821 INFO [91387200]           StackTuner.java:92   | S2 MeasureStack#8 no correct rhythm
2017-10-06 14:57:37,826 INFO [91387200]         SlotsBuilder.java:427  | S3 MeasureStack#12 Slot{#4 xOffset=117 timeOffset=3/8 incomings=[#6235] SUSPICIOUS}
2017-10-06 14:57:37,827 INFO [91387200]         SlotsBuilder.java:427  | S3 MeasureStack#12 Slot{#7 xOffset=211 timeOffset=5/8 incomings=[#6236] SUSPICIOUS}
2017-10-06 14:57:37,828 INFO [91387200]                Voice.java:257  | S3 MeasureStack#12 Voice #2 too long 1/4
2017-10-06 14:57:37,829 INFO [91387200]                Voice.java:257  | S3 MeasureStack#12 Voice #3 too long 1/8
2017-10-06 14:57:37,829 INFO [91387200]           StackTuner.java:92   | S3 MeasureStack#12 no correct rhythm
2017-10-06 14:57:37,833 INFO [91387200]                Voice.java:257  | S3 MeasureStack#14 Voice #2 too long 1/4
2017-10-06 14:57:37,834 INFO [91387200]           StackTuner.java:92   | S3 MeasureStack#14 no correct rhythm
2017-10-06 14:57:37,837 INFO [91387200]                Voice.java:257  | S4 MeasureStack#16 Voice #2 too long 1/4
2017-10-06 14:57:37,837 INFO [91387200]           StackTuner.java:92   | S4 MeasureStack#16 no correct rhythm
2017-10-06 14:57:37,840 INFO [91387200]                Voice.java:257  | S4 MeasureStack#17 Voice #1 too long 1/8
2017-10-06 14:57:37,840 INFO [91387200]                Voice.java:257  | S4 MeasureStack#17 Voice #3 too long 1/8
2017-10-06 14:57:37,841 INFO [91387200]           StackTuner.java:92   | S4 MeasureStack#17 no correct rhythm
2017-10-06 14:57:37,853 INFO [91387200]           PageRhythm.java:314  | Range{1-9 ts:3/4} Durations avgGuess:3/4 topGuess:3/4 avgValue:0.80 stacks:9 voices:19 Histogram{1/8-11/8 size:7 [1/8=1 1/4=1 3/8=3 1/2=3 3/4=7 7/8=2 11/8=2]}
2017-10-06 14:57:37,859 INFO [91387200]                Voice.java:257  | S5 MeasureStack#2 Voice #1 too long 1/8
2017-10-06 14:57:37,859 INFO [91387200]                Voice.java:257  | S5 MeasureStack#2 Voice #2 too long 1/8
2017-10-06 14:57:37,859 INFO [91387200]           StackTuner.java:92   | S5 MeasureStack#2 no correct rhythm
2017-10-06 14:57:37,862 INFO [91387200]         SlotsBuilder.java:427  | S5 MeasureStack#4 Slot{#3 xOffset=126 timeOffset=3/8 incomings=[#6313] SUSPICIOUS}
2017-10-06 14:57:37,862 INFO [91387200]                Voice.java:257  | S5 MeasureStack#4 Voice #1 too long 1/8
2017-10-06 14:57:37,863 INFO [91387200]                Voice.java:257  | S5 MeasureStack#4 Voice #2 too long 1/8
2017-10-06 14:57:37,863 INFO [91387200]           StackTuner.java:92   | S5 MeasureStack#4 no correct rhythm
2017-10-06 14:57:37,864 INFO [91387200]         SlotsBuilder.java:427  | S6 MeasureStack#5 Slot{#3 xOffset=244 timeOffset=3/8 incomings=[#6331] SUSPICIOUS}
2017-10-06 14:57:37,866 INFO [91387200]                Voice.java:257  | S6 MeasureStack#5 Voice #1 too long 1/32
2017-10-06 14:57:37,866 INFO [91387200]           StackTuner.java:92   | S6 MeasureStack#5 no correct rhythm
2017-10-06 14:57:37,867 INFO [91387200]                Voice.java:257  | S6 MeasureStack#6 Voice #1 too long 5/8
2017-10-06 14:57:37,868 INFO [91387200]                Voice.java:257  | S6 MeasureStack#6 Voice #2 too long 5/8
2017-10-06 14:57:37,868 INFO [91387200]           StackTuner.java:92   | S6 MeasureStack#6 no correct rhythm
2017-10-06 14:57:37,873 INFO [91387200]            BasicBook.java:1395 | Stored /book.xml
2017-10-06 14:57:38,950 INFO [91387200]           BasicSheet.java:979  | Stored /sheet#1/sheet#1.xml
2017-10-06 14:57:38,957 INFO [91387200]       StepMonitoring.java:96   | PAGE
2017-10-06 14:57:38,961 INFO [91387200]                 Part.java:267  | Could not left-connect slur#6391
2017-10-06 14:57:38,962 INFO [91387200]                Voice.java:257  | S1 MeasureStack#1 Voice #1 too long 1/4
2017-10-06 14:57:38,962 INFO [91387200]                Voice.java:257  | S1 MeasureStack#1 Voice #2 too long 1/8
2017-10-06 14:57:38,963 INFO [91387200]                Voice.java:257  | S1 MeasureStack#3 Voice #1 too long 1/16
2017-10-06 14:57:38,964 INFO [91387200]                Voice.java:257  | S1 MeasureStack#5 Voice #1 too long 1/2
2017-10-06 14:57:38,964 INFO [91387200]                Voice.java:257  | S1 MeasureStack#5 Voice #2 too long 1/4
2017-10-06 14:57:38,964 INFO [91387200]                Voice.java:257  | S2 MeasureStack#7 Voice #1 too long 1/16
2017-10-06 14:57:38,964 INFO [91387200]                Voice.java:257  | S2 MeasureStack#7 Voice #2 too long 1/8
2017-10-06 14:57:38,965 INFO [91387200]                Voice.java:257  | S2 MeasureStack#8 Voice #1 too long 7/32
2017-10-06 14:57:38,965 INFO [91387200]                Voice.java:257  | S2 MeasureStack#8 Voice #2 too long 7/32
2017-10-06 14:57:38,967 INFO [91387200]                Voice.java:257  | S3 MeasureStack#12 Voice #2 too long 1/4
2017-10-06 14:57:38,967 INFO [91387200]                Voice.java:257  | S3 MeasureStack#12 Voice #3 too long 1/8
2017-10-06 14:57:38,967 INFO [91387200]                Voice.java:257  | S3 MeasureStack#14 Voice #2 too long 1/4
2017-10-06 14:57:38,968 INFO [91387200]                Voice.java:257  | S4 MeasureStack#16 Voice #2 too long 1/4
2017-10-06 14:57:38,968 INFO [91387200]                Voice.java:257  | S4 MeasureStack#17 Voice #1 too long 1/8
2017-10-06 14:57:38,968 INFO [91387200]                Voice.java:257  | S4 MeasureStack#17 Voice #3 too long 1/8
2017-10-06 14:57:38,969 INFO [91387200]                Voice.java:257  | S5 MeasureStack#2 Voice #1 too long 1/8
2017-10-06 14:57:38,969 INFO [91387200]                Voice.java:257  | S5 MeasureStack#2 Voice #2 too long 1/8
2017-10-06 14:57:38,969 INFO [91387200]                Voice.java:257  | S5 MeasureStack#4 Voice #1 too long 1/8
2017-10-06 14:57:38,969 INFO [91387200]                Voice.java:257  | S5 MeasureStack#4 Voice #2 too long 1/8
2017-10-06 14:57:38,970 INFO [91387200]                Voice.java:257  | S6 MeasureStack#5 Voice #1 too long 1/32
2017-10-06 14:57:38,970 INFO [91387200]                Voice.java:257  | S6 MeasureStack#6 Voice #1 too long 5/8
2017-10-06 14:57:38,970 INFO [91387200]                Voice.java:257  | S6 MeasureStack#6 Voice #2 too long 5/8
2017-10-06 14:57:38,972 INFO [91387200]            BasicBook.java:1395 | Stored /book.xml
2017-10-06 14:57:39,997 INFO [91387200]           BasicSheet.java:979  | Stored /sheet#1/sheet#1.xml
2017-10-06 14:57:40,000 INFO [91387200]            BasicStub.java:723  | Sheet{91387200} disposed
2017-10-06 14:57:41,045 INFO [91387200]            BasicStub.java:449  | Loaded /sheet#1/sheet#1.xml
2017-10-06 14:57:41,046 INFO [91387200]            BasicBook.java:1133 | Scores built: 2
2017-10-06 14:57:42,093 WARN [91387200]      PartwiseBuilder.java:1379 | Error visiting null
java.lang.NullPointerException: null
	at org.audiveris.omr.score.PartwiseBuilder.processKey(PartwiseBuilder.java:1344)
	at org.audiveris.omr.score.PartwiseBuilder.processKeys(PartwiseBuilder.java:1407)
	at org.audiveris.omr.score.PartwiseBuilder.processMeasure(PartwiseBuilder.java:1575)
	at org.audiveris.omr.score.PartwiseBuilder.processPart(PartwiseBuilder.java:1988)
	at org.audiveris.omr.score.PartwiseBuilder.processSystem(PartwiseBuilder.java:2528)
	at org.audiveris.omr.score.PartwiseBuilder.processLogicalPart(PartwiseBuilder.java:1433)
	at org.audiveris.omr.score.PartwiseBuilder.processStub(PartwiseBuilder.java:2483)
	at org.audiveris.omr.score.PartwiseBuilder.processPartList(PartwiseBuilder.java:2017)
	at org.audiveris.omr.score.PartwiseBuilder.processScore(PartwiseBuilder.java:2195)
	at org.audiveris.omr.score.PartwiseBuilder.build(PartwiseBuilder.java:307)
	at org.audiveris.omr.score.ScoreExporter.export(ScoreExporter.java:117)
	at org.audiveris.omr.score.ScoreExporter.export(ScoreExporter.java:91)
	at org.audiveris.omr.sheet.BasicBook.export(BasicBook.java:589)
	at org.audiveris.omr.CLI$ProcessingTask.processBook(CLI.java:785)
	at org.audiveris.omr.CLI$CliTask.call(CLI.java:344)
	at org.audiveris.omr.Main.runBatchTasks(Main.java:316)
	at org.audiveris.omr.Main.main(Main.java:155)
	at Audiveris.main(Audiveris.java:49)
2017-10-06 14:57:42,106 WARN [91387200]      PartwiseBuilder.java:1379 | Error visiting null
java.lang.NullPointerException: null
	at org.audiveris.omr.score.PartwiseBuilder.processKey(PartwiseBuilder.java:1344)
	at org.audiveris.omr.score.PartwiseBuilder.processKeys(PartwiseBuilder.java:1407)
	at org.audiveris.omr.score.PartwiseBuilder.processMeasure(PartwiseBuilder.java:1575)
	at org.audiveris.omr.score.PartwiseBuilder.processPart(PartwiseBuilder.java:1988)
	at org.audiveris.omr.score.PartwiseBuilder.processSystem(PartwiseBuilder.java:2528)
	at org.audiveris.omr.score.PartwiseBuilder.processLogicalPart(PartwiseBuilder.java:1433)
	at org.audiveris.omr.score.PartwiseBuilder.processStub(PartwiseBuilder.java:2483)
	at org.audiveris.omr.score.PartwiseBuilder.processPartList(PartwiseBuilder.java:2017)
	at org.audiveris.omr.score.PartwiseBuilder.processScore(PartwiseBuilder.java:2195)
	at org.audiveris.omr.score.PartwiseBuilder.build(PartwiseBuilder.java:307)
	at org.audiveris.omr.score.ScoreExporter.export(ScoreExporter.java:117)
	at org.audiveris.omr.score.ScoreExporter.export(ScoreExporter.java:91)
	at org.audiveris.omr.sheet.BasicBook.export(BasicBook.java:589)
	at org.audiveris.omr.CLI$ProcessingTask.processBook(CLI.java:785)
	at org.audiveris.omr.CLI$CliTask.call(CLI.java:344)
	at org.audiveris.omr.Main.runBatchTasks(Main.java:316)
	at org.audiveris.omr.Main.main(Main.java:155)
	at Audiveris.main(Audiveris.java:49)
2017-10-06 14:57:42,121 WARN [91387200]      PartwiseBuilder.java:1379 | Error visiting null
java.lang.NullPointerException: null
	at org.audiveris.omr.score.PartwiseBuilder.processKey(PartwiseBuilder.java:1344)
	at org.audiveris.omr.score.PartwiseBuilder.processKeys(PartwiseBuilder.java:1407)
	at org.audiveris.omr.score.PartwiseBuilder.processMeasure(PartwiseBuilder.java:1575)
	at org.audiveris.omr.score.PartwiseBuilder.processPart(PartwiseBuilder.java:1988)
	at org.audiveris.omr.score.PartwiseBuilder.processSystem(PartwiseBuilder.java:2528)
	at org.audiveris.omr.score.PartwiseBuilder.processLogicalPart(PartwiseBuilder.java:1433)
	at org.audiveris.omr.score.PartwiseBuilder.processStub(PartwiseBuilder.java:2483)
	at org.audiveris.omr.score.PartwiseBuilder.processPartList(PartwiseBuilder.java:2017)
	at org.audiveris.omr.score.PartwiseBuilder.processScore(PartwiseBuilder.java:2195)
	at org.audiveris.omr.score.PartwiseBuilder.build(PartwiseBuilder.java:307)
	at org.audiveris.omr.score.ScoreExporter.export(ScoreExporter.java:117)
	at org.audiveris.omr.score.ScoreExporter.export(ScoreExporter.java:91)
	at org.audiveris.omr.sheet.BasicBook.export(BasicBook.java:589)
	at org.audiveris.omr.CLI$ProcessingTask.processBook(CLI.java:785)
	at org.audiveris.omr.CLI$CliTask.call(CLI.java:344)
	at org.audiveris.omr.Main.runBatchTasks(Main.java:316)
	at org.audiveris.omr.Main.main(Main.java:155)
	at Audiveris.main(Audiveris.java:49)
2017-10-06 14:57:42,189 INFO [91387200]        ScoreExporter.java:93   | Score 91387200.mvt1 exported to /Users/stephenn/Documents/workspace/nlsomr/xml_out/91386487/91387200/91387200.mvt1.mxl
2017-10-06 14:57:42,190 WARN [91387200]      PartwiseBuilder.java:1379 | Error visiting null
java.lang.NullPointerException: null
	at org.audiveris.omr.score.PartwiseBuilder.processKey(PartwiseBuilder.java:1344)
	at org.audiveris.omr.score.PartwiseBuilder.processKeys(PartwiseBuilder.java:1407)
	at org.audiveris.omr.score.PartwiseBuilder.processMeasure(PartwiseBuilder.java:1575)
	at org.audiveris.omr.score.PartwiseBuilder.processPart(PartwiseBuilder.java:1988)
	at org.audiveris.omr.score.PartwiseBuilder.processSystem(PartwiseBuilder.java:2528)
	at org.audiveris.omr.score.PartwiseBuilder.processLogicalPart(PartwiseBuilder.java:1433)
	at org.audiveris.omr.score.PartwiseBuilder.processStub(PartwiseBuilder.java:2483)
	at org.audiveris.omr.score.PartwiseBuilder.processPartList(PartwiseBuilder.java:2017)
	at org.audiveris.omr.score.PartwiseBuilder.processScore(PartwiseBuilder.java:2195)
	at org.audiveris.omr.score.PartwiseBuilder.build(PartwiseBuilder.java:307)
	at org.audiveris.omr.score.ScoreExporter.export(ScoreExporter.java:117)
	at org.audiveris.omr.score.ScoreExporter.export(ScoreExporter.java:91)
	at org.audiveris.omr.sheet.BasicBook.export(BasicBook.java:589)
	at org.audiveris.omr.CLI$ProcessingTask.processBook(CLI.java:785)
	at org.audiveris.omr.CLI$CliTask.call(CLI.java:344)
	at org.audiveris.omr.Main.runBatchTasks(Main.java:316)
	at org.audiveris.omr.Main.main(Main.java:155)
	at Audiveris.main(Audiveris.java:49)
2017-10-06 14:57:42,195 WARN [91387200]      PartwiseBuilder.java:1379 | Error visiting null
java.lang.NullPointerException: null
	at org.audiveris.omr.score.PartwiseBuilder.processKey(PartwiseBuilder.java:1344)
	at org.audiveris.omr.score.PartwiseBuilder.processKeys(PartwiseBuilder.java:1407)
	at org.audiveris.omr.score.PartwiseBuilder.processMeasure(PartwiseBuilder.java:1575)
	at org.audiveris.omr.score.PartwiseBuilder.processPart(PartwiseBuilder.java:1988)
	at org.audiveris.omr.score.PartwiseBuilder.processSystem(PartwiseBuilder.java:2528)
	at org.audiveris.omr.score.PartwiseBuilder.processLogicalPart(PartwiseBuilder.java:1433)
	at org.audiveris.omr.score.PartwiseBuilder.processStub(PartwiseBuilder.java:2483)
	at org.audiveris.omr.score.PartwiseBuilder.processPartList(PartwiseBuilder.java:2017)
	at org.audiveris.omr.score.PartwiseBuilder.processScore(PartwiseBuilder.java:2195)
	at org.audiveris.omr.score.PartwiseBuilder.build(PartwiseBuilder.java:307)
	at org.audiveris.omr.score.ScoreExporter.export(ScoreExporter.java:117)
	at org.audiveris.omr.score.ScoreExporter.export(ScoreExporter.java:91)
	at org.audiveris.omr.sheet.BasicBook.export(BasicBook.java:589)
	at org.audiveris.omr.CLI$ProcessingTask.processBook(CLI.java:785)
	at org.audiveris.omr.CLI$CliTask.call(CLI.java:344)
	at org.audiveris.omr.Main.runBatchTasks(Main.java:316)
	at org.audiveris.omr.Main.main(Main.java:155)
	at Audiveris.main(Audiveris.java:49)
2017-10-06 14:57:42,215 INFO [91387200]        ScoreExporter.java:93   | Score 91387200.mvt2 exported to /Users/stephenn/Documents/workspace/nlsomr/xml_out/91386487/91387200/91387200.mvt2.mxl
2017-10-06 14:57:42,366 INFO [91387200]            BasicBook.java:1395 | Stored /book.xml
2017-10-06 14:57:42,367 INFO [91387200]            BasicBook.java:1355 | Book stored as /Users/stephenn/Documents/workspace/nlsomr/xml_out/91386487/91387200/91387200.omr
