2017-10-06 16:21:17,036 INFO [91388304]            BasicBook.java:427  | 1 sheet in /Users/stephenn/Documents/workspace/nlsomr/working/91388304.jpg
2017-10-06 16:21:17,208 INFO []            BasicBook.java:1395 | Stored /book.xml
2017-10-06 16:21:17,208 INFO []            BasicBook.java:1355 | Book stored as /Users/stephenn/Documents/workspace/nlsomr/xml_out/91386487/91388304/91388304.omr
2017-10-06 16:21:17,214 INFO []            BasicBook.java:996  | Book reaching PAGE on sheets:[#1]
2017-10-06 16:21:17,216 INFO [91388304]       StepMonitoring.java:96   | LOAD
2017-10-06 16:21:17,413 INFO [91388304]            BasicBook.java:911  | Loaded image 1 2000x3056 from /Users/stephenn/Documents/workspace/nlsomr/working/91388304.jpg
2017-10-06 16:21:17,417 INFO [91388304]            ImageUtil.java:82   | Converting max RGB to gray ...
2017-10-06 16:21:17,672 INFO [91388304]            BasicBook.java:1395 | Stored /book.xml
2017-10-06 16:21:17,973 INFO [91388304]           BasicSheet.java:979  | Stored /sheet#1/sheet#1.xml
2017-10-06 16:21:17,975 INFO [91388304]       StepMonitoring.java:96   | BINARY
2017-10-06 16:21:18,548 INFO [91388304]            BasicBook.java:1395 | Stored /book.xml
2017-10-06 16:21:18,600 INFO [91388304]              Picture.java:786  | Stored /sheet#1/BINARY.xml
2017-10-06 16:21:18,602 INFO [91388304]           BasicSheet.java:979  | Stored /sheet#1/sheet#1.xml
2017-10-06 16:21:18,604 INFO [91388304]       StepMonitoring.java:96   | SCALE
2017-10-06 16:21:18,613 WARN [91388304]            BasicStub.java:222  | 91388304 Too few black pixels: 0.0027% This sheet is almost blank.
2017-10-06 16:21:18,614 INFO [91388304]            BasicStub.java:493  | Sheet 91388304 flagged as invalid.
2017-10-06 16:21:18,617 WARN [91388304]            BasicStub.java:841  | Error in SCALE java.util.concurrent.ExecutionException: org.audiveris.omr.step.StepException: Sheet ignored
java.util.concurrent.ExecutionException: org.audiveris.omr.step.StepException: Sheet ignored
	at java.util.concurrent.FutureTask.report(FutureTask.java:122)
	at java.util.concurrent.FutureTask.get(FutureTask.java:206)
	at org.audiveris.omr.sheet.BasicStub.doOneStep(BasicStub.java:824)
	at org.audiveris.omr.sheet.BasicStub.reachStep(BasicStub.java:564)
	at org.audiveris.omr.sheet.BasicBook.reachBookStep(BasicBook.java:1063)
	at org.audiveris.omr.sheet.BasicBook.transcribe(BasicBook.java:1446)
	at org.audiveris.omr.sheet.BasicBook.export(BasicBook.java:558)
	at org.audiveris.omr.CLI$ProcessingTask.processBook(CLI.java:785)
	at org.audiveris.omr.CLI$CliTask.call(CLI.java:344)
	at org.audiveris.omr.Main.runBatchTasks(Main.java:316)
	at org.audiveris.omr.Main.main(Main.java:155)
	at Audiveris.main(Audiveris.java:49)
Caused by: org.audiveris.omr.step.StepException: Sheet ignored
	at org.audiveris.omr.sheet.BasicStub.decideOnRemoval(BasicStub.java:236)
	at org.audiveris.omr.sheet.ScaleBuilder$HistoKeeper.checkBlack(ScaleBuilder.java:622)
	at org.audiveris.omr.sheet.ScaleBuilder$HistoKeeper.retrieveLinePeak(ScaleBuilder.java:541)
	at org.audiveris.omr.sheet.ScaleBuilder.retrieveScale(ScaleBuilder.java:159)
	at org.audiveris.omr.step.ScaleStep.doit(ScaleStep.java:85)
	at org.audiveris.omr.step.Step.doit(Step.java:168)
	at org.audiveris.omr.sheet.BasicStub$3.call(BasicStub.java:814)
	at org.audiveris.omr.sheet.BasicStub$3.call(BasicStub.java:802)
	at java.util.concurrent.FutureTask.run(FutureTask.java:266)
	at java.util.concurrent.ThreadPoolExecutor.runWorker(ThreadPoolExecutor.java:1149)
	at java.util.concurrent.ThreadPoolExecutor$Worker.run(ThreadPoolExecutor.java:624)
	at java.lang.Thread.run(Thread.java:748)
2017-10-06 16:21:18,617 INFO [91388304]            BasicStub.java:846  | Cause org.audiveris.omr.step.StepException: Sheet ignored
2017-10-06 16:21:18,618 INFO [91388304]            BasicStub.java:571  | StepException detected in [LOAD, BINARY, SCALE, GRID, HEADERS, STEM_SEEDS, BEAMS, LEDGERS, HEADS, STEMS, REDUCTION, CUE_BEAMS, TEXTS, MEASURES, CHORDS, CURVES, SYMBOLS, LINKS, RHYTHMS, PAGE]
2017-10-06 16:21:18,679 INFO [91388304]            BasicBook.java:1395 | Stored /book.xml
2017-10-06 16:21:18,680 INFO [91388304]           BasicSheet.java:979  | Stored /sheet#1/sheet#1.xml
2017-10-06 16:21:18,681 INFO [91388304]            BasicBook.java:1355 | Book stored as /Users/stephenn/Documents/workspace/nlsomr/xml_out/91386487/91388304/91388304.omr
