2017-10-06 15:11:53,308 INFO [91387404]            BasicBook.java:427  | 1 sheet in /Users/stephenn/Documents/workspace/nlsomr/working/91387404.jpg
2017-10-06 15:11:53,455 INFO []            BasicBook.java:1395 | Stored /book.xml
2017-10-06 15:11:53,455 INFO []            BasicBook.java:1355 | Book stored as /Users/stephenn/Documents/workspace/nlsomr/xml_out/91386487/91387404/91387404.omr
2017-10-06 15:11:53,460 INFO []            BasicBook.java:996  | Book reaching PAGE on sheets:[#1]
2017-10-06 15:11:53,462 INFO [91387404]       StepMonitoring.java:96   | LOAD
2017-10-06 15:11:53,615 INFO [91387404]            BasicBook.java:911  | Loaded image 1 2000x3056 from /Users/stephenn/Documents/workspace/nlsomr/working/91387404.jpg
2017-10-06 15:11:53,619 INFO [91387404]            ImageUtil.java:82   | Converting max RGB to gray ...
2017-10-06 15:11:53,872 INFO [91387404]            BasicBook.java:1395 | Stored /book.xml
2017-10-06 15:11:54,166 INFO [91387404]           BasicSheet.java:979  | Stored /sheet#1/sheet#1.xml
2017-10-06 15:11:54,168 INFO [91387404]       StepMonitoring.java:96   | BINARY
2017-10-06 15:11:54,780 INFO [91387404]            BasicBook.java:1395 | Stored /book.xml
2017-10-06 15:11:55,111 INFO [91387404]              Picture.java:786  | Stored /sheet#1/BINARY.xml
2017-10-06 15:11:55,113 INFO [91387404]           BasicSheet.java:979  | Stored /sheet#1/sheet#1.xml
2017-10-06 15:11:55,115 INFO [91387404]       StepMonitoring.java:96   | SCALE
2017-10-06 15:11:55,158 INFO [91387404]         ScaleBuilder.java:229  | No beam key found, guessed value 10
2017-10-06 15:11:55,159 INFO [91387404]            ScaleStep.java:87   | Scale{line(4,5,6) interline(16,16,17) beam(10 extra)}
2017-10-06 15:11:55,161 INFO [91387404]            BasicBook.java:1395 | Stored /book.xml
2017-10-06 15:11:55,162 INFO [91387404]           BasicSheet.java:979  | Stored /sheet#1/sheet#1.xml
2017-10-06 15:11:55,165 INFO [91387404]       StepMonitoring.java:96   | GRID
2017-10-06 15:11:55,991 INFO [91387404]       LinesRetriever.java:442  | Global slope: 0.00037
2017-10-06 15:11:56,079 INFO [91387404]    ClustersRetriever.java:241  | Retrieved line clusters: 12 of size: 5 with interline: (16,16,17)
2017-10-06 15:11:56,787 INFO [91387404]            PeakGraph.java:181  | Systems: #1[1, 2] #2[3, 4] #3[5, 6] #4[7, 8] #5[9, 10] #6[11, 12]
2017-10-06 15:11:57,919 INFO [91387404]        SystemManager.java:626  | Indentation detected for system#3
2017-10-06 15:11:57,920 INFO [91387404]        SystemManager.java:671  | 2 pages found in sheet
2017-10-06 15:11:57,920 INFO [91387404]        SystemManager.java:709  | Page #1: 1 part along 2 systems
2017-10-06 15:11:57,920 INFO [91387404]        SystemManager.java:709  | Page #2: 1 part along 4 systems
2017-10-06 15:11:57,924 INFO [91387404]            BasicBook.java:1395 | Stored /book.xml
2017-10-06 15:11:58,183 INFO [91387404]           BasicSheet.java:979  | Stored /sheet#1/sheet#1.xml
2017-10-06 15:11:58,186 INFO [91387404]       StepMonitoring.java:96   | HEADERS
2017-10-06 15:11:58,570 INFO []          Nd4jBackend.java:194  | Loaded [CpuBackend] backend
2017-10-06 15:11:58,625 INFO []      NativeOpsHolder.java:49   | Number of threads used for NativeOps: 2
2017-10-06 15:11:59,073 INFO [] DefaultOpExecutioner.java:544  | Backend used: [CPU]; OS: [Mac OS X]
2017-10-06 15:11:59,073 INFO [] DefaultOpExecutioner.java:545  | Cores: [4]; Memory: [3.6GB];
2017-10-06 15:11:59,073 INFO [] DefaultOpExecutioner.java:546  | Blas vendor: [OPENBLAS]
2017-10-06 15:11:59,112 INFO []   AbstractClassifier.java:332  | Classifier data loaded from default uri jar:file:/Users/stephenn/Documents/workspace/audiveris/build/distributions/Audiveris/lib/audiveris.jar!/res/basic-classifier.zip
2017-10-06 15:12:00,944 WARN [91387404]          ClefBuilder.java:560  | Staff#2 no header clef.
2017-10-06 15:12:01,715 WARN [91387404]          ClefBuilder.java:560  | Staff#8 no header clef.
2017-10-06 15:12:01,864 WARN [91387404]          ClefBuilder.java:560  | Staff#10 no header clef.
2017-10-06 15:12:02,166 INFO []   AbstractClassifier.java:332  | Classifier data loaded from default uri jar:file:/Users/stephenn/Documents/workspace/audiveris/build/distributions/Audiveris/lib/audiveris.jar!/res/deep-classifier.zip
2017-10-06 15:12:02,309 INFO [91387404]            BasicBook.java:1395 | Stored /book.xml
2017-10-06 15:12:02,781 INFO [91387404]           BasicSheet.java:979  | Stored /sheet#1/sheet#1.xml
2017-10-06 15:12:02,783 INFO [91387404]       StepMonitoring.java:96   | STEM_SEEDS
2017-10-06 15:12:03,184 INFO [91387404]        StemSeedsStep.java:91   | stem(4 max:5)
2017-10-06 15:12:03,347 INFO [91387404]            BasicBook.java:1395 | Stored /book.xml
2017-10-06 15:12:03,767 INFO [91387404]           BasicSheet.java:979  | Stored /sheet#1/sheet#1.xml
2017-10-06 15:12:03,770 INFO [91387404]       StepMonitoring.java:96   | BEAMS
2017-10-06 15:12:07,615 INFO [91387404]            BeamsStep.java:89   | BeamDistance{count:37 mean:12.17 stdDev:6.83}
2017-10-06 15:12:07,618 INFO [91387404]            BasicBook.java:1395 | Stored /book.xml
2017-10-06 15:12:07,697 INFO [91387404]              Picture.java:786  | Stored /sheet#1/HEAD_SPOTS.xml
2017-10-06 15:12:08,194 INFO [91387404]           BasicSheet.java:979  | Stored /sheet#1/sheet#1.xml
2017-10-06 15:12:08,197 INFO [91387404]       StepMonitoring.java:96   | LEDGERS
2017-10-06 15:12:09,244 INFO [91387404]            BasicBook.java:1395 | Stored /book.xml
2017-10-06 15:12:09,859 INFO [91387404]           BasicSheet.java:979  | Stored /sheet#1/sheet#1.xml
2017-10-06 15:12:09,863 INFO [91387404]       StepMonitoring.java:96   | HEADS
2017-10-06 15:12:14,193 INFO [91387404]            BasicBook.java:1395 | Stored /book.xml
2017-10-06 15:12:15,369 INFO [91387404]           BasicSheet.java:979  | Stored /sheet#1/sheet#1.xml
2017-10-06 15:12:15,373 INFO [91387404]       StepMonitoring.java:96   | STEMS
2017-10-06 15:12:21,386 INFO [91387404]            BasicBook.java:1395 | Stored /book.xml
2017-10-06 15:12:22,666 INFO [91387404]           BasicSheet.java:979  | Stored /sheet#1/sheet#1.xml
2017-10-06 15:12:22,669 INFO [91387404]       StepMonitoring.java:96   | REDUCTION
2017-10-06 15:12:23,420 INFO [91387404]            BasicBook.java:1395 | Stored /book.xml
2017-10-06 15:12:24,340 INFO [91387404]           BasicSheet.java:979  | Stored /sheet#1/sheet#1.xml
2017-10-06 15:12:24,344 INFO [91387404]       StepMonitoring.java:96   | CUE_BEAMS
2017-10-06 15:12:24,348 INFO [91387404]            BasicBook.java:1395 | Stored /book.xml
2017-10-06 15:12:25,365 INFO [91387404]           BasicSheet.java:979  | Stored /sheet#1/sheet#1.xml
2017-10-06 15:12:25,372 INFO [91387404]       StepMonitoring.java:96   | TEXTS
2017-10-06 15:12:28,046 INFO [91387404]            BasicBook.java:1395 | Stored /book.xml
2017-10-06 15:12:28,975 INFO [91387404]           BasicSheet.java:979  | Stored /sheet#1/sheet#1.xml
2017-10-06 15:12:28,978 INFO [91387404]       StepMonitoring.java:96   | MEASURES
2017-10-06 15:12:28,984 INFO [91387404]                 Page.java:210  | 8 raw measures: [4 in system#1, 4 in system#2]
2017-10-06 15:12:28,984 INFO [91387404]                 Page.java:210  | 18 raw measures: [5 in system#3, 4 in system#4, 4 in system#5, 5 in system#6]
2017-10-06 15:12:28,986 INFO [91387404]            BasicBook.java:1395 | Stored /book.xml
2017-10-06 15:12:29,940 INFO [91387404]           BasicSheet.java:979  | Stored /sheet#1/sheet#1.xml
2017-10-06 15:12:29,943 INFO [91387404]       StepMonitoring.java:96   | CHORDS
2017-10-06 15:12:29,962 INFO [91387404]            BasicBook.java:1395 | Stored /book.xml
2017-10-06 15:12:30,897 INFO [91387404]           BasicSheet.java:979  | Stored /sheet#1/sheet#1.xml
2017-10-06 15:12:30,901 INFO [91387404]       StepMonitoring.java:96   | CURVES
2017-10-06 15:12:33,316 INFO [91387404]         SlursBuilder.java:762  | LEFT collision SlurInter{#6819(0.383)} & SlurInter{#6835(0.416)} @ HeadInter{#3190(0.678/0.848) e#6433 s:5 p:-1.00 NOTEHEAD_BLACK}
2017-10-06 15:12:33,318 INFO [91387404]         SlursBuilder.java:762  | RIGHT collision SlurInter{#6819(0.383)} & SlurInter{#6835(0.416)} @ HeadInter{#3244(0.581/0.792) e#6434 s:5 p:0.00 NOTEHEAD_BLACK}
2017-10-06 15:12:33,319 INFO [91387404]         SlursBuilder.java:762  | LEFT collision SlurInter{#6835(0.416)} & SlurInter{#6819(0.383)} @ HeadInter{#3190(0.678/0.848) e#6433 s:5 p:-1.00 NOTEHEAD_BLACK}
2017-10-06 15:12:33,319 INFO [91387404]         SlursBuilder.java:762  | RIGHT collision SlurInter{#6835(0.416)} & SlurInter{#6819(0.383)} @ HeadInter{#3244(0.581/0.792) e#6434 s:5 p:0.00 NOTEHEAD_BLACK}
2017-10-06 15:12:33,320 INFO [91387404]         SlursBuilder.java:157  | Slurs: 56
2017-10-06 15:12:33,416 INFO [91387404]      SegmentsBuilder.java:113  | Segments: 33
2017-10-06 15:12:33,430 INFO [91387404]            BasicBook.java:1395 | Stored /book.xml
2017-10-06 15:12:34,405 INFO [91387404]           BasicSheet.java:979  | Stored /sheet#1/sheet#1.xml
2017-10-06 15:12:34,408 INFO [91387404]       StepMonitoring.java:96   | SYMBOLS
2017-10-06 15:12:34,964 INFO [91387404]       SymbolsBuilder.java:340  | Symbol parts shrunk from 8 to 7
2017-10-06 15:12:36,233 INFO [91387404]       SymbolsBuilder.java:340  | Symbol parts shrunk from 8 to 7
2017-10-06 15:12:37,500 INFO [91387404]       SymbolsBuilder.java:340  | Symbol parts shrunk from 8 to 7
2017-10-06 15:12:42,077 INFO [91387404]            BasicBook.java:1395 | Stored /book.xml
2017-10-06 15:12:43,137 INFO [91387404]           BasicSheet.java:979  | Stored /sheet#1/sheet#1.xml
2017-10-06 15:12:43,145 INFO [91387404]       StepMonitoring.java:96   | LINKS
2017-10-06 15:12:43,165 INFO [91387404]        SymbolsLinker.java:306  | No measure stack for direction SentenceInter{#6324(0.542) s:5 BS-33 Direction} J 56.
2017-10-06 15:12:43,176 INFO [91387404]        SymbolsLinker.java:323  | No chord above direction SentenceInter{#6341(0.523) s:7 BS-35 Direction} (Feb
2017-10-06 15:12:43,211 INFO [91387404]            BasicBook.java:1395 | Stored /book.xml
2017-10-06 15:12:44,397 INFO [91387404]           BasicSheet.java:979  | Stored /sheet#1/sheet#1.xml
2017-10-06 15:12:44,402 INFO [91387404]       StepMonitoring.java:96   | RHYTHMS
2017-10-06 15:12:44,420 INFO [91387404]         SlotsBuilder.java:434  | Stack#2 endless loop detected
2017-10-06 15:12:44,431 INFO [91387404]         SlotsBuilder.java:399  | Stack#6 suspicious Slot{#2 xOffset=151 timeOffset=1/8 incomings=[#6418]}
2017-10-06 15:12:44,448 INFO [91387404]           PageRhythm.java:314  | Range{1-8} Durations avgGuess:1/2 topGuess:1/2 avgValue:0.53 stacks:8 voices:18 Histogram{1/8-5/8 size:7 [1/8=2 3/16=1 1/4=1 3/8=2 7/16=2 1/2=8 5/8=2]}
2017-10-06 15:12:44,449 INFO [91387404]           PageRhythm.java:221  | S1 Range{1-8 dur:1/2} should update to 1/2-based time sig?
2017-10-06 15:12:44,455 INFO [91387404]                Voice.java:257  | S1 MeasureStack#1 Voice #3 too long 1/8
2017-10-06 15:12:44,457 INFO [91387404]           StackTuner.java:92   | S1 MeasureStack#1 no correct rhythm
2017-10-06 15:12:44,458 INFO [91387404]         SlotsBuilder.java:434  | Stack#2 endless loop detected
2017-10-06 15:12:44,460 INFO [91387404]         SlotsBuilder.java:427  | S1 MeasureStack#3 Slot{#5 xOffset=294 timeOffset=7/16 incomings=[#6391] SUSPICIOUS}
2017-10-06 15:12:44,461 INFO [91387404]                Voice.java:257  | S1 MeasureStack#3 Voice #3 too long 1/8
2017-10-06 15:12:44,462 INFO [91387404]           StackTuner.java:92   | S1 MeasureStack#3 no correct rhythm
2017-10-06 15:12:44,472 INFO [91387404]         SlotsBuilder.java:427  | S2 MeasureStack#5 Slot{#6 xOffset=441 timeOffset=5/8 incomings=[#6416] SUSPICIOUS}
2017-10-06 15:12:44,473 INFO [91387404]                Voice.java:257  | S2 MeasureStack#5 Voice #2 too long 1/2
2017-10-06 15:12:44,473 INFO [91387404]           StackTuner.java:92   | S2 MeasureStack#5 no correct rhythm
2017-10-06 15:12:44,475 INFO [91387404]         SlotsBuilder.java:427  | S2 MeasureStack#6 Slot{#5 xOffset=272 timeOffset=1/4 incomings=[#6419] SUSPICIOUS}
2017-10-06 15:12:44,476 INFO [91387404]         SlotsBuilder.java:427  | S2 MeasureStack#6 Slot{#8 xOffset=386 timeOffset=3/8 incomings=[#6420] SUSPICIOUS}
2017-10-06 15:12:44,477 INFO [91387404]         SlotsBuilder.java:427  | S2 MeasureStack#6 Slot{#10 xOffset=447 timeOffset=15/32 incomings=[#6421] SUSPICIOUS}
2017-10-06 15:12:44,478 INFO [91387404]                Voice.java:257  | S2 MeasureStack#6 Voice #2 too long 1/32
2017-10-06 15:12:44,478 INFO [91387404]           StackTuner.java:92   | S2 MeasureStack#6 no correct rhythm
2017-10-06 15:12:44,519 INFO [91387404]           PageRhythm.java:314  | Range{1-18 ts:3/4} Durations avgGuess:3/4 topGuess:3/4 avgValue:0.71 stacks:18 voices:49 Histogram{1/8-21/16 size:12 [1/8=2 1/4=5 5/16=1 3/8=7 1/2=7 9/16=2 5/8=4 3/4=15 13/16=3 7/8=1 9/8=1 21/16=1]}
2017-10-06 15:12:44,528 INFO [91387404]         SlotsBuilder.java:427  | S3 MeasureStack#2 Slot{#7 xOffset=196 timeOffset=3/4 incomings=[#6435#6436] SUSPICIOUS}
2017-10-06 15:12:44,528 INFO [91387404]         SlotsBuilder.java:427  | S3 MeasureStack#2 Slot{#9 xOffset=254 timeOffset=7/8 incomings=[#6437] SUSPICIOUS}
2017-10-06 15:12:44,529 INFO [91387404]                Voice.java:257  | S3 MeasureStack#2 Voice #1 too long 1/4
2017-10-06 15:12:44,529 INFO [91387404]                Voice.java:257  | S3 MeasureStack#2 Voice #2 too long 1/4
2017-10-06 15:12:44,529 INFO [91387404]                Voice.java:257  | S3 MeasureStack#2 Voice #3 too long 3/16
2017-10-06 15:12:44,529 INFO [91387404]           StackTuner.java:92   | S3 MeasureStack#2 no correct rhythm
2017-10-06 15:12:44,531 INFO [91387404]         SlotsBuilder.java:427  | S3 MeasureStack#3 Slot{#5 xOffset=136 timeOffset=1/2 incomings=[#6466] SUSPICIOUS}
2017-10-06 15:12:44,532 INFO [91387404]         SlotsBuilder.java:434  | Stack#3 endless loop detected
2017-10-06 15:12:44,540 INFO [91387404]                Voice.java:257  | S3 MeasureStack#3 Voice #1 too long 5/16
2017-10-06 15:12:44,540 INFO [91387404]                Voice.java:257  | S3 MeasureStack#3 Voice #2 too long 3/8
2017-10-06 15:12:44,540 INFO [91387404]                Voice.java:257  | S3 MeasureStack#3 Voice #3 too long 3/8
2017-10-06 15:12:44,541 INFO [91387404]           StackTuner.java:92   | S3 MeasureStack#3 no correct rhythm
2017-10-06 15:12:44,543 INFO [91387404]         SlotsBuilder.java:427  | S3 MeasureStack#4 Slot{#7 xOffset=196 timeOffset=9/16 incomings=[#6451] SUSPICIOUS}
2017-10-06 15:12:44,543 INFO [91387404]         SlotsBuilder.java:427  | S3 MeasureStack#4 Slot{#9 xOffset=229 timeOffset=11/16 incomings=[#6452] SUSPICIOUS}
2017-10-06 15:12:44,544 INFO [91387404]                Voice.java:257  | S3 MeasureStack#4 Voice #1 too long 1/16
2017-10-06 15:12:44,544 INFO [91387404]           StackTuner.java:92   | S3 MeasureStack#4 no correct rhythm
2017-10-06 15:12:44,545 INFO [91387404]                Voice.java:257  | S3 MeasureStack#5 Voice #1 too long 3/8
2017-10-06 15:12:44,546 INFO [91387404]                Voice.java:257  | S3 MeasureStack#5 Voice #2 too long 1/8
2017-10-06 15:12:44,546 INFO [91387404]           StackTuner.java:92   | S3 MeasureStack#5 no correct rhythm
2017-10-06 15:12:44,552 INFO [91387404]         SlotsBuilder.java:427  | S4 MeasureStack#6 Slot{#5 xOffset=363 timeOffset=1/2 incomings=[#6480] SUSPICIOUS}
2017-10-06 15:12:44,553 INFO [91387404]         SlotsBuilder.java:434  | Stack#6 endless loop detected
2017-10-06 15:12:44,555 INFO [91387404]         SlotsBuilder.java:427  | S4 MeasureStack#7 Slot{#6 xOffset=267 timeOffset=9/16 incomings=[#6511] SUSPICIOUS}
2017-10-06 15:12:44,555 INFO [91387404]         SlotsBuilder.java:434  | Stack#7 endless loop detected
2017-10-06 15:12:44,557 INFO [91387404]         SlotsBuilder.java:427  | S4 MeasureStack#8 Slot{#4 xOffset=153 timeOffset=5/16 incomings=[#6515] SUSPICIOUS}
2017-10-06 15:12:44,557 INFO [91387404]         SlotsBuilder.java:434  | Stack#8 endless loop detected
2017-10-06 15:12:44,560 INFO [91387404]                Voice.java:257  | S5 MeasureStack#11 Voice #1 too long 1/16
2017-10-06 15:12:44,561 INFO [91387404]                Voice.java:257  | S5 MeasureStack#11 Voice #2 too long 9/16
2017-10-06 15:12:44,561 INFO [91387404]                Voice.java:257  | S5 MeasureStack#11 Voice #3 too long 1/16
2017-10-06 15:12:44,561 INFO [91387404]           StackTuner.java:92   | S5 MeasureStack#11 no correct rhythm
2017-10-06 15:12:44,571 INFO [91387404]         SlotsBuilder.java:427  | S6 MeasureStack#17 Slot{#6 xOffset=227 timeOffset=5/8 incomings=[#6574] SUSPICIOUS}
2017-10-06 15:12:44,572 INFO [91387404]         SlotsBuilder.java:427  | S6 MeasureStack#17 Slot{#8 xOffset=269 timeOffset=3/4 incomings=[#6575] SUSPICIOUS}
2017-10-06 15:12:44,572 INFO [91387404]                Voice.java:257  | S6 MeasureStack#17 Voice #1 too long 1/8
2017-10-06 15:12:44,573 INFO [91387404]           StackTuner.java:92   | S6 MeasureStack#17 no correct rhythm
2017-10-06 15:12:44,577 INFO [91387404]            BasicBook.java:1395 | Stored /book.xml
2017-10-06 15:12:45,598 INFO [91387404]           BasicSheet.java:979  | Stored /sheet#1/sheet#1.xml
2017-10-06 15:12:45,600 INFO [91387404]       StepMonitoring.java:96   | PAGE
2017-10-06 15:12:45,604 INFO [91387404]                Voice.java:257  | S1 MeasureStack#1 Voice #3 too long 1/8
2017-10-06 15:12:45,605 INFO [91387404]                Voice.java:257  | S1 MeasureStack#3 Voice #3 too long 1/8
2017-10-06 15:12:45,605 INFO [91387404]                Voice.java:257  | S2 MeasureStack#5 Voice #2 too long 1/2
2017-10-06 15:12:45,605 INFO [91387404]                Voice.java:257  | S2 MeasureStack#6 Voice #2 too long 1/32
2017-10-06 15:12:45,606 INFO [91387404]                 Part.java:267  | Could not left-connect slur#7039
2017-10-06 15:12:45,606 INFO [91387404]                Voice.java:257  | S3 MeasureStack#2 Voice #1 too long 1/4
2017-10-06 15:12:45,606 INFO [91387404]                Voice.java:257  | S3 MeasureStack#2 Voice #2 too long 1/4
2017-10-06 15:12:45,607 INFO [91387404]                Voice.java:257  | S3 MeasureStack#2 Voice #3 too long 3/16
2017-10-06 15:12:45,607 INFO [91387404]                Voice.java:257  | S3 MeasureStack#3 Voice #1 too long 5/16
2017-10-06 15:12:45,607 INFO [91387404]                Voice.java:257  | S3 MeasureStack#3 Voice #2 too long 3/8
2017-10-06 15:12:45,607 INFO [91387404]                Voice.java:257  | S3 MeasureStack#3 Voice #3 too long 3/8
2017-10-06 15:12:45,607 INFO [91387404]                Voice.java:257  | S3 MeasureStack#4 Voice #1 too long 1/16
2017-10-06 15:12:45,607 INFO [91387404]                Voice.java:257  | S3 MeasureStack#5 Voice #1 too long 3/8
2017-10-06 15:12:45,608 INFO [91387404]                Voice.java:257  | S3 MeasureStack#5 Voice #2 too long 1/8
2017-10-06 15:12:45,608 INFO [91387404]                Voice.java:257  | S5 MeasureStack#11 Voice #1 too long 1/16
2017-10-06 15:12:45,608 INFO [91387404]                Voice.java:257  | S5 MeasureStack#11 Voice #2 too long 9/16
2017-10-06 15:12:45,608 INFO [91387404]                Voice.java:257  | S5 MeasureStack#11 Voice #3 too long 1/16
2017-10-06 15:12:45,609 INFO [91387404]                Voice.java:257  | S6 MeasureStack#17 Voice #1 too long 1/8
2017-10-06 15:12:45,610 INFO [91387404]            BasicBook.java:1395 | Stored /book.xml
2017-10-06 15:12:46,572 INFO [91387404]           BasicSheet.java:979  | Stored /sheet#1/sheet#1.xml
2017-10-06 15:12:46,574 INFO [91387404]            BasicStub.java:723  | Sheet{91387404} disposed
2017-10-06 15:12:47,786 INFO [91387404]            BasicStub.java:449  | Loaded /sheet#1/sheet#1.xml
2017-10-06 15:12:47,788 INFO [91387404]            BasicBook.java:1133 | Scores built: 2
2017-10-06 15:12:48,885 WARN [91387404]      PartwiseBuilder.java:1379 | Error visiting null
java.lang.NullPointerException: null
	at org.audiveris.omr.score.PartwiseBuilder.processKey(PartwiseBuilder.java:1344)
	at org.audiveris.omr.score.PartwiseBuilder.processKeys(PartwiseBuilder.java:1407)
	at org.audiveris.omr.score.PartwiseBuilder.processMeasure(PartwiseBuilder.java:1575)
	at org.audiveris.omr.score.PartwiseBuilder.processPart(PartwiseBuilder.java:1988)
	at org.audiveris.omr.score.PartwiseBuilder.processSystem(PartwiseBuilder.java:2528)
	at org.audiveris.omr.score.PartwiseBuilder.processLogicalPart(PartwiseBuilder.java:1433)
	at org.audiveris.omr.score.PartwiseBuilder.processStub(PartwiseBuilder.java:2483)
	at org.audiveris.omr.score.PartwiseBuilder.processPartList(PartwiseBuilder.java:2017)
	at org.audiveris.omr.score.PartwiseBuilder.processScore(PartwiseBuilder.java:2195)
	at org.audiveris.omr.score.PartwiseBuilder.build(PartwiseBuilder.java:307)
	at org.audiveris.omr.score.ScoreExporter.export(ScoreExporter.java:117)
	at org.audiveris.omr.score.ScoreExporter.export(ScoreExporter.java:91)
	at org.audiveris.omr.sheet.BasicBook.export(BasicBook.java:589)
	at org.audiveris.omr.CLI$ProcessingTask.processBook(CLI.java:785)
	at org.audiveris.omr.CLI$CliTask.call(CLI.java:344)
	at org.audiveris.omr.Main.runBatchTasks(Main.java:316)
	at org.audiveris.omr.Main.main(Main.java:155)
	at Audiveris.main(Audiveris.java:49)
2017-10-06 15:12:48,947 INFO [91387404]        ScoreExporter.java:93   | Score 91387404.mvt1 exported to /Users/stephenn/Documents/workspace/nlsomr/xml_out/91386487/91387404/91387404.mvt1.mxl
2017-10-06 15:12:48,956 WARN [91387404]      PartwiseBuilder.java:1379 | Error visiting null
java.lang.NullPointerException: null
	at org.audiveris.omr.score.PartwiseBuilder.processKey(PartwiseBuilder.java:1344)
	at org.audiveris.omr.score.PartwiseBuilder.processKeys(PartwiseBuilder.java:1407)
	at org.audiveris.omr.score.PartwiseBuilder.processMeasure(PartwiseBuilder.java:1575)
	at org.audiveris.omr.score.PartwiseBuilder.processPart(PartwiseBuilder.java:1988)
	at org.audiveris.omr.score.PartwiseBuilder.processSystem(PartwiseBuilder.java:2528)
	at org.audiveris.omr.score.PartwiseBuilder.processLogicalPart(PartwiseBuilder.java:1433)
	at org.audiveris.omr.score.PartwiseBuilder.processStub(PartwiseBuilder.java:2483)
	at org.audiveris.omr.score.PartwiseBuilder.processPartList(PartwiseBuilder.java:2017)
	at org.audiveris.omr.score.PartwiseBuilder.processScore(PartwiseBuilder.java:2195)
	at org.audiveris.omr.score.PartwiseBuilder.build(PartwiseBuilder.java:307)
	at org.audiveris.omr.score.ScoreExporter.export(ScoreExporter.java:117)
	at org.audiveris.omr.score.ScoreExporter.export(ScoreExporter.java:91)
	at org.audiveris.omr.sheet.BasicBook.export(BasicBook.java:589)
	at org.audiveris.omr.CLI$ProcessingTask.processBook(CLI.java:785)
	at org.audiveris.omr.CLI$CliTask.call(CLI.java:344)
	at org.audiveris.omr.Main.runBatchTasks(Main.java:316)
	at org.audiveris.omr.Main.main(Main.java:155)
	at Audiveris.main(Audiveris.java:49)
2017-10-06 15:12:48,961 WARN [91387404]      PartwiseBuilder.java:1379 | Error visiting null
java.lang.NullPointerException: null
	at org.audiveris.omr.score.PartwiseBuilder.processKey(PartwiseBuilder.java:1344)
	at org.audiveris.omr.score.PartwiseBuilder.processKeys(PartwiseBuilder.java:1407)
	at org.audiveris.omr.score.PartwiseBuilder.processMeasure(PartwiseBuilder.java:1575)
	at org.audiveris.omr.score.PartwiseBuilder.processPart(PartwiseBuilder.java:1988)
	at org.audiveris.omr.score.PartwiseBuilder.processSystem(PartwiseBuilder.java:2528)
	at org.audiveris.omr.score.PartwiseBuilder.processLogicalPart(PartwiseBuilder.java:1433)
	at org.audiveris.omr.score.PartwiseBuilder.processStub(PartwiseBuilder.java:2483)
	at org.audiveris.omr.score.PartwiseBuilder.processPartList(PartwiseBuilder.java:2017)
	at org.audiveris.omr.score.PartwiseBuilder.processScore(PartwiseBuilder.java:2195)
	at org.audiveris.omr.score.PartwiseBuilder.build(PartwiseBuilder.java:307)
	at org.audiveris.omr.score.ScoreExporter.export(ScoreExporter.java:117)
	at org.audiveris.omr.score.ScoreExporter.export(ScoreExporter.java:91)
	at org.audiveris.omr.sheet.BasicBook.export(BasicBook.java:589)
	at org.audiveris.omr.CLI$ProcessingTask.processBook(CLI.java:785)
	at org.audiveris.omr.CLI$CliTask.call(CLI.java:344)
	at org.audiveris.omr.Main.runBatchTasks(Main.java:316)
	at org.audiveris.omr.Main.main(Main.java:155)
	at Audiveris.main(Audiveris.java:49)
2017-10-06 15:12:48,997 INFO [91387404]        ScoreExporter.java:93   | Score 91387404.mvt2 exported to /Users/stephenn/Documents/workspace/nlsomr/xml_out/91386487/91387404/91387404.mvt2.mxl
2017-10-06 15:12:49,160 INFO [91387404]            BasicBook.java:1395 | Stored /book.xml
2017-10-06 15:12:49,160 INFO [91387404]            BasicBook.java:1355 | Book stored as /Users/stephenn/Documents/workspace/nlsomr/xml_out/91386487/91387404/91387404.omr
