2017-10-06 15:13:45,623 INFO [91387428]            BasicBook.java:427  | 1 sheet in /Users/stephenn/Documents/workspace/nlsomr/working/91387428.jpg
2017-10-06 15:13:45,786 INFO []            BasicBook.java:1395 | Stored /book.xml
2017-10-06 15:13:45,786 INFO []            BasicBook.java:1355 | Book stored as /Users/stephenn/Documents/workspace/nlsomr/xml_out/91386487/91387428/91387428.omr
2017-10-06 15:13:45,792 INFO []            BasicBook.java:996  | Book reaching PAGE on sheets:[#1]
2017-10-06 15:13:45,794 INFO [91387428]       StepMonitoring.java:96   | LOAD
2017-10-06 15:13:45,947 INFO [91387428]            BasicBook.java:911  | Loaded image 1 2000x3056 from /Users/stephenn/Documents/workspace/nlsomr/working/91387428.jpg
2017-10-06 15:13:45,951 INFO [91387428]            ImageUtil.java:82   | Converting max RGB to gray ...
2017-10-06 15:13:46,193 INFO [91387428]            BasicBook.java:1395 | Stored /book.xml
2017-10-06 15:13:46,497 INFO [91387428]           BasicSheet.java:979  | Stored /sheet#1/sheet#1.xml
2017-10-06 15:13:46,498 INFO [91387428]       StepMonitoring.java:96   | BINARY
2017-10-06 15:13:47,117 INFO [91387428]            BasicBook.java:1395 | Stored /book.xml
2017-10-06 15:13:47,440 INFO [91387428]              Picture.java:786  | Stored /sheet#1/BINARY.xml
2017-10-06 15:13:47,442 INFO [91387428]           BasicSheet.java:979  | Stored /sheet#1/sheet#1.xml
2017-10-06 15:13:47,444 INFO [91387428]       StepMonitoring.java:96   | SCALE
2017-10-06 15:13:47,491 INFO [91387428]         ScaleBuilder.java:229  | No beam key found, guessed value 10
2017-10-06 15:13:47,492 INFO [91387428]            ScaleStep.java:87   | Scale{line(4,5,6) interline(16,16,17) beam(10 extra)}
2017-10-06 15:13:47,494 INFO [91387428]            BasicBook.java:1395 | Stored /book.xml
2017-10-06 15:13:47,496 INFO [91387428]           BasicSheet.java:979  | Stored /sheet#1/sheet#1.xml
2017-10-06 15:13:47,500 INFO [91387428]       StepMonitoring.java:96   | GRID
2017-10-06 15:13:48,683 INFO [91387428]       LinesRetriever.java:442  | Global slope: -0.00326
2017-10-06 15:13:48,773 INFO [91387428]    ClustersRetriever.java:241  | Retrieved line clusters: 12 of size: 5 with interline: (16,16,17)
2017-10-06 15:13:49,502 INFO [91387428]            PeakGraph.java:181  | Systems: #1[1, 2] #2[3, 4] #3[5, 6] #4[7, 8] #5[9, 10] #6[11, 12]
2017-10-06 15:13:50,462 INFO [91387428]        SystemManager.java:626  | Indentation detected for system#3
2017-10-06 15:13:50,463 INFO [91387428]        SystemManager.java:671  | 2 pages found in sheet
2017-10-06 15:13:50,464 INFO [91387428]        SystemManager.java:709  | Page #1: 1 part along 2 systems
2017-10-06 15:13:50,464 INFO [91387428]        SystemManager.java:709  | Page #2: 1 part along 4 systems
2017-10-06 15:13:50,468 INFO [91387428]            BasicBook.java:1395 | Stored /book.xml
2017-10-06 15:13:50,759 INFO [91387428]           BasicSheet.java:979  | Stored /sheet#1/sheet#1.xml
2017-10-06 15:13:50,763 INFO [91387428]       StepMonitoring.java:96   | HEADERS
2017-10-06 15:13:51,232 INFO []          Nd4jBackend.java:194  | Loaded [CpuBackend] backend
2017-10-06 15:13:51,303 INFO []      NativeOpsHolder.java:49   | Number of threads used for NativeOps: 2
2017-10-06 15:13:51,857 INFO [] DefaultOpExecutioner.java:544  | Backend used: [CPU]; OS: [Mac OS X]
2017-10-06 15:13:51,857 INFO [] DefaultOpExecutioner.java:545  | Cores: [4]; Memory: [3.6GB];
2017-10-06 15:13:51,857 INFO [] DefaultOpExecutioner.java:546  | Blas vendor: [OPENBLAS]
2017-10-06 15:13:51,906 INFO []   AbstractClassifier.java:332  | Classifier data loaded from default uri jar:file:/Users/stephenn/Documents/workspace/audiveris/build/distributions/Audiveris/lib/audiveris.jar!/res/basic-classifier.zip
2017-10-06 15:13:54,486 WARN [91387428]          ClefBuilder.java:560  | Staff#6 no header clef.
2017-10-06 15:13:55,115 WARN [91387428]          ClefBuilder.java:560  | Staff#10 no header clef.
2017-10-06 15:13:55,239 WARN [91387428]          ClefBuilder.java:560  | Staff#12 no header clef.
2017-10-06 15:13:55,262 INFO [91387428]            BasicBook.java:1395 | Stored /book.xml
2017-10-06 15:13:55,648 INFO [91387428]           BasicSheet.java:979  | Stored /sheet#1/sheet#1.xml
2017-10-06 15:13:55,652 INFO [91387428]       StepMonitoring.java:96   | STEM_SEEDS
2017-10-06 15:13:55,787 INFO [91387428]        StemSeedsStep.java:91   | stem(4 max:5)
2017-10-06 15:13:55,855 INFO []   AbstractClassifier.java:332  | Classifier data loaded from default uri jar:file:/Users/stephenn/Documents/workspace/audiveris/build/distributions/Audiveris/lib/audiveris.jar!/res/deep-classifier.zip
2017-10-06 15:13:55,900 INFO [91387428]            BasicBook.java:1395 | Stored /book.xml
2017-10-06 15:13:56,181 INFO [91387428]           BasicSheet.java:979  | Stored /sheet#1/sheet#1.xml
2017-10-06 15:13:56,184 INFO [91387428]       StepMonitoring.java:96   | BEAMS
2017-10-06 15:13:59,697 INFO [91387428]            BeamsStep.java:89   | BeamDistance{count:5 mean:17.39 stdDev:5.41}
2017-10-06 15:13:59,700 INFO [91387428]            BasicBook.java:1395 | Stored /book.xml
2017-10-06 15:13:59,755 INFO [91387428]              Picture.java:786  | Stored /sheet#1/HEAD_SPOTS.xml
2017-10-06 15:14:00,106 INFO [91387428]           BasicSheet.java:979  | Stored /sheet#1/sheet#1.xml
2017-10-06 15:14:00,108 INFO [91387428]       StepMonitoring.java:96   | LEDGERS
2017-10-06 15:14:00,709 INFO [91387428]            BasicBook.java:1395 | Stored /book.xml
2017-10-06 15:14:01,128 INFO [91387428]           BasicSheet.java:979  | Stored /sheet#1/sheet#1.xml
2017-10-06 15:14:01,130 INFO [91387428]       StepMonitoring.java:96   | HEADS
2017-10-06 15:14:03,621 INFO [91387428]            BasicBook.java:1395 | Stored /book.xml
2017-10-06 15:14:04,409 INFO [91387428]           BasicSheet.java:979  | Stored /sheet#1/sheet#1.xml
2017-10-06 15:14:04,411 INFO [91387428]       StepMonitoring.java:96   | STEMS
2017-10-06 15:14:05,914 INFO [91387428]            BasicBook.java:1395 | Stored /book.xml
2017-10-06 15:14:07,104 INFO [91387428]           BasicSheet.java:979  | Stored /sheet#1/sheet#1.xml
2017-10-06 15:14:07,106 INFO [91387428]       StepMonitoring.java:96   | REDUCTION
2017-10-06 15:14:07,570 INFO [91387428]            BasicBook.java:1395 | Stored /book.xml
2017-10-06 15:14:08,352 INFO [91387428]           BasicSheet.java:979  | Stored /sheet#1/sheet#1.xml
2017-10-06 15:14:08,354 INFO [91387428]       StepMonitoring.java:96   | CUE_BEAMS
2017-10-06 15:14:08,360 INFO [91387428]            BasicBook.java:1395 | Stored /book.xml
2017-10-06 15:14:09,124 INFO [91387428]           BasicSheet.java:979  | Stored /sheet#1/sheet#1.xml
2017-10-06 15:14:09,127 INFO [91387428]       StepMonitoring.java:96   | TEXTS
2017-10-06 15:14:10,512 INFO [91387428]            BasicBook.java:1395 | Stored /book.xml
2017-10-06 15:14:10,906 INFO [91387428]           BasicSheet.java:979  | Stored /sheet#1/sheet#1.xml
2017-10-06 15:14:10,908 INFO [91387428]       StepMonitoring.java:96   | MEASURES
2017-10-06 15:14:10,913 INFO [91387428]                 Page.java:210  | 8 raw measures: [4 in system#1, 4 in system#2]
2017-10-06 15:14:10,913 INFO [91387428]                 Page.java:210  | 17 raw measures: [4 in system#3, 4 in system#4, 5 in system#5, 4 in system#6]
2017-10-06 15:14:10,914 INFO [91387428]            BasicBook.java:1395 | Stored /book.xml
2017-10-06 15:14:11,330 INFO [91387428]           BasicSheet.java:979  | Stored /sheet#1/sheet#1.xml
2017-10-06 15:14:11,336 INFO [91387428]       StepMonitoring.java:96   | CHORDS
2017-10-06 15:14:11,348 INFO [91387428]            BasicBook.java:1395 | Stored /book.xml
2017-10-06 15:14:11,791 INFO [91387428]           BasicSheet.java:979  | Stored /sheet#1/sheet#1.xml
2017-10-06 15:14:11,794 INFO [91387428]       StepMonitoring.java:96   | CURVES
2017-10-06 15:14:13,315 INFO [91387428]         SlursBuilder.java:762  | RIGHT collision SlurInter{#5291(0.572)} & SlurInter{#5447(0.372)} @ HeadInter{#3437(0.636/0.781) e#5186 s:7 p:0.00 NOTEHEAD_BLACK}
2017-10-06 15:14:13,316 INFO [91387428]         SlursBuilder.java:762  | RIGHT collision SlurInter{#5377(0.535)} & SlurInter{#5436(0.494)} @ HeadInter{#3431(0.639/0.736) e#5188 s:7 p:0.00 NOTEHEAD_BLACK}
2017-10-06 15:14:13,317 INFO [91387428]         SlursBuilder.java:762  | RIGHT collision SlurInter{#5436(0.494)} & SlurInter{#5377(0.535)} @ HeadInter{#3431(0.639/0.736) e#5188 s:7 p:0.00 NOTEHEAD_BLACK}
2017-10-06 15:14:13,317 INFO [91387428]         SlursBuilder.java:762  | RIGHT collision SlurInter{#5447(0.372)} & SlurInter{#5291(0.572)} @ HeadInter{#3437(0.636/0.781) e#5186 s:7 p:0.00 NOTEHEAD_BLACK}
2017-10-06 15:14:13,318 INFO [91387428]         SlursBuilder.java:762  | RIGHT collision SlurInter{#5382(0.519)} & SlurInter{#5385(0.461)} @ HeadInter{#4340(0.635/0.811) e#5260 s:11 p:0.00 NOTEHEAD_BLACK}
2017-10-06 15:14:13,319 INFO [91387428]         SlursBuilder.java:762  | RIGHT collision SlurInter{#5385(0.461)} & SlurInter{#5382(0.519)} @ HeadInter{#4340(0.635/0.811) e#5260 s:11 p:0.00 NOTEHEAD_BLACK}
2017-10-06 15:14:13,320 INFO [91387428]         SlursBuilder.java:157  | Slurs: 46
2017-10-06 15:14:13,370 INFO [91387428]      SegmentsBuilder.java:113  | Segments: 27
2017-10-06 15:14:13,378 INFO [91387428]            BasicBook.java:1395 | Stored /book.xml
2017-10-06 15:14:14,127 INFO [91387428]           BasicSheet.java:979  | Stored /sheet#1/sheet#1.xml
2017-10-06 15:14:14,130 INFO [91387428]       StepMonitoring.java:96   | SYMBOLS
2017-10-06 15:14:16,647 INFO [91387428]            BasicBook.java:1395 | Stored /book.xml
2017-10-06 15:14:17,469 INFO [91387428]           BasicSheet.java:979  | Stored /sheet#1/sheet#1.xml
2017-10-06 15:14:17,471 INFO [91387428]       StepMonitoring.java:96   | LINKS
2017-10-06 15:14:17,493 INFO [91387428]        SymbolsLinker.java:306  | No measure stack for direction SentenceInter{#5070(0.650) s:5 BS-36 Direction} 120.
2017-10-06 15:14:17,519 INFO [91387428]            BasicBook.java:1395 | Stored /book.xml
2017-10-06 15:14:18,346 INFO [91387428]           BasicSheet.java:979  | Stored /sheet#1/sheet#1.xml
2017-10-06 15:14:18,348 INFO [91387428]       StepMonitoring.java:96   | RHYTHMS
2017-10-06 15:14:18,375 INFO [91387428]           PageRhythm.java:314  | Range{1-8} Durations avgGuess:3/4 topGuess:1/2 avgValue:0.74 stacks:8 voices:24 Histogram{1/4-5/4 size:9 [1/4=1 7/16=2 1/2=7 11/16=2 3/4=7 13/16=1 7/8=1 19/16=1 5/4=2]}
2017-10-06 15:14:18,376 INFO [91387428]           PageRhythm.java:221  | S1 Range{1-8 dur:3/4} should update to 3/4-based time sig?
2017-10-06 15:14:18,380 INFO [91387428]                Voice.java:257  | S1 MeasureStack#1 Voice #1 too long 7/16
2017-10-06 15:14:18,380 INFO [91387428]                Voice.java:257  | S1 MeasureStack#1 Voice #2 too long 1/2
2017-10-06 15:14:18,381 INFO [91387428]                Voice.java:257  | S1 MeasureStack#1 Voice #3 too long 1/2
2017-10-06 15:14:18,381 INFO [91387428]           StackTuner.java:92   | S1 MeasureStack#1 no correct rhythm
2017-10-06 15:14:18,384 INFO [91387428]                Voice.java:257  | S1 MeasureStack#3 Voice #1 too long 1/8
2017-10-06 15:14:18,385 INFO [91387428]           StackTuner.java:92   | S1 MeasureStack#3 no correct rhythm
2017-10-06 15:14:18,389 INFO [91387428]                Voice.java:257  | S2 MeasureStack#6 Voice #1 too long 1/16
2017-10-06 15:14:18,389 INFO [91387428]           StackTuner.java:92   | S2 MeasureStack#6 no correct rhythm
2017-10-06 15:14:18,391 INFO [91387428]         SlotsBuilder.java:427  | S2 MeasureStack#7 Slot{#5 xOffset=367 timeOffset=7/16 incomings=[#5119] SUSPICIOUS}
2017-10-06 15:14:18,414 INFO [91387428]           PageRhythm.java:314  | Range{1-17 ts:6/8} Durations avgGuess:1/2 topGuess:1/2 avgValue:0.58 stacks:17 voices:36 Histogram{1/8-7/8 size:6 [1/8=1 1/4=1 1/2=18 5/8=11 3/4=3 7/8=2]}
2017-10-06 15:14:18,414 INFO [91387428]           PageRhythm.java:221  | S3 Range{1-17 ts:6/8 dur:1/2} should update to 1/2-based time sig?
2017-10-06 15:14:18,417 INFO [91387428]         SlotsBuilder.java:427  | S3 MeasureStack#1 Slot{#5 xOffset=352 timeOffset=1/2 incomings=[#5156] SUSPICIOUS}
2017-10-06 15:14:18,418 INFO [91387428]         SlotsBuilder.java:427  | S3 MeasureStack#1 Slot{#8 xOffset=440 timeOffset=3/4 incomings=[#5157] SUSPICIOUS}
2017-10-06 15:14:18,418 INFO [91387428]                Voice.java:257  | S3 MeasureStack#1 Voice #1 too long 1/4
2017-10-06 15:14:18,419 INFO [91387428]                Voice.java:257  | S3 MeasureStack#1 Voice #2 too long 1/2
2017-10-06 15:14:18,419 INFO [91387428]           StackTuner.java:92   | S3 MeasureStack#1 no correct rhythm
2017-10-06 15:14:18,420 INFO [91387428]         SlotsBuilder.java:427  | S3 MeasureStack#2 Slot{#5 xOffset=191 timeOffset=1/2 incomings=[#5160] SUSPICIOUS}
2017-10-06 15:14:18,421 INFO [91387428]         SlotsBuilder.java:427  | S3 MeasureStack#2 Slot{#7 xOffset=263 timeOffset=3/4 incomings=[#5161] SUSPICIOUS}
2017-10-06 15:14:18,421 INFO [91387428]                Voice.java:257  | S3 MeasureStack#2 Voice #1 too long 3/8
2017-10-06 15:14:18,422 INFO [91387428]                Voice.java:257  | S3 MeasureStack#2 Voice #2 too long 1/2
2017-10-06 15:14:18,422 INFO [91387428]           StackTuner.java:92   | S3 MeasureStack#2 no correct rhythm
2017-10-06 15:14:18,423 INFO [91387428]         SlotsBuilder.java:427  | S3 MeasureStack#3 Slot{#5 xOffset=192 timeOffset=1/2 incomings=[#5164] SUSPICIOUS}
2017-10-06 15:14:18,424 INFO [91387428]         SlotsBuilder.java:427  | S3 MeasureStack#3 Slot{#7 xOffset=263 timeOffset=3/4 incomings=[#5165] SUSPICIOUS}
2017-10-06 15:14:18,426 INFO [91387428]                Voice.java:257  | S3 MeasureStack#3 Voice #1 too long 1/4
2017-10-06 15:14:18,426 INFO [91387428]                Voice.java:257  | S3 MeasureStack#3 Voice #2 too long 1/2
2017-10-06 15:14:18,427 INFO [91387428]           StackTuner.java:92   | S3 MeasureStack#3 no correct rhythm
2017-10-06 15:14:18,428 INFO [91387428]         SlotsBuilder.java:427  | S3 MeasureStack#4 Slot{#5 xOffset=195 timeOffset=1/2 incomings=[#5168] SUSPICIOUS}
2017-10-06 15:14:18,428 INFO [91387428]                Voice.java:257  | S3 MeasureStack#4 Voice #1 too long 1/8
2017-10-06 15:14:18,429 INFO [91387428]                Voice.java:257  | S3 MeasureStack#4 Voice #2 too long 1/2
2017-10-06 15:14:18,429 INFO [91387428]           StackTuner.java:92   | S3 MeasureStack#4 no correct rhythm
2017-10-06 15:14:18,430 INFO [91387428]         SlotsBuilder.java:427  | S4 MeasureStack#5 Slot{#5 xOffset=342 timeOffset=1/2 incomings=[#5191] SUSPICIOUS}
2017-10-06 15:14:18,437 INFO [91387428]         SlotsBuilder.java:427  | S4 MeasureStack#5 Slot{#8 xOffset=468 timeOffset=3/4 incomings=[#5192] SUSPICIOUS}
2017-10-06 15:14:18,437 INFO [91387428]                Voice.java:257  | S4 MeasureStack#5 Voice #1 too long 1/4
2017-10-06 15:14:18,438 INFO [91387428]                Voice.java:257  | S4 MeasureStack#5 Voice #2 too long 5/8
2017-10-06 15:14:18,438 INFO [91387428]           StackTuner.java:92   | S4 MeasureStack#5 no correct rhythm
2017-10-06 15:14:18,439 INFO [91387428]         SlotsBuilder.java:427  | S4 MeasureStack#6 Slot{#5 xOffset=245 timeOffset=1/2 incomings=[#5195] SUSPICIOUS}
2017-10-06 15:14:18,440 INFO [91387428]         SlotsBuilder.java:427  | S4 MeasureStack#6 Slot{#7 xOffset=338 timeOffset=3/4 incomings=[#5196] SUSPICIOUS}
2017-10-06 15:14:18,440 INFO [91387428]                Voice.java:257  | S4 MeasureStack#6 Voice #1 too long 3/8
2017-10-06 15:14:18,441 INFO [91387428]                Voice.java:257  | S4 MeasureStack#6 Voice #2 too long 1/2
2017-10-06 15:14:18,441 INFO [91387428]           StackTuner.java:92   | S4 MeasureStack#6 no correct rhythm
2017-10-06 15:14:18,442 INFO [91387428]         SlotsBuilder.java:427  | S4 MeasureStack#7 Slot{#5 xOffset=245 timeOffset=1/2 incomings=[#5199] SUSPICIOUS}
2017-10-06 15:14:18,443 INFO [91387428]         SlotsBuilder.java:427  | S4 MeasureStack#7 Slot{#8 xOffset=363 timeOffset=3/4 incomings=[#5200] SUSPICIOUS}
2017-10-06 15:14:18,444 INFO [91387428]                Voice.java:257  | S4 MeasureStack#7 Voice #1 too long 1/4
2017-10-06 15:14:18,444 INFO [91387428]                Voice.java:257  | S4 MeasureStack#7 Voice #2 too long 1/2
2017-10-06 15:14:18,445 INFO [91387428]           StackTuner.java:92   | S4 MeasureStack#7 no correct rhythm
2017-10-06 15:14:18,447 INFO [91387428]                Voice.java:257  | S5 MeasureStack#10 Voice #1 too long 1/4
2017-10-06 15:14:18,448 INFO [91387428]                Voice.java:257  | S5 MeasureStack#10 Voice #2 too long 1/8
2017-10-06 15:14:18,448 INFO [91387428]                Voice.java:257  | S5 MeasureStack#10 Voice #3 too long 3/8
2017-10-06 15:14:18,448 INFO [91387428]           StackTuner.java:92   | S5 MeasureStack#10 no correct rhythm
2017-10-06 15:14:18,449 INFO [91387428]                Voice.java:257  | S5 MeasureStack#11 Voice #1 too long 1/4
2017-10-06 15:14:18,450 INFO [91387428]                Voice.java:257  | S5 MeasureStack#11 Voice #2 too long 1/8
2017-10-06 15:14:18,450 INFO [91387428]                Voice.java:257  | S5 MeasureStack#11 Voice #3 too long 3/8
2017-10-06 15:14:18,450 INFO [91387428]           StackTuner.java:92   | S5 MeasureStack#11 no correct rhythm
2017-10-06 15:14:18,451 INFO [91387428]         SlotsBuilder.java:427  | S5 MeasureStack#12 Slot{#5 xOffset=206 timeOffset=1/2 incomings=[#5236] SUSPICIOUS}
2017-10-06 15:14:18,451 INFO [91387428]                Voice.java:257  | S5 MeasureStack#12 Voice #1 too long 1/2
2017-10-06 15:14:18,452 INFO [91387428]                Voice.java:257  | S5 MeasureStack#12 Voice #2 too long 1/2
2017-10-06 15:14:18,452 INFO [91387428]           StackTuner.java:92   | S5 MeasureStack#12 no correct rhythm
2017-10-06 15:14:18,454 INFO [91387428]         SlotsBuilder.java:427  | S5 MeasureStack#13 Slot{#5 xOffset=207 timeOffset=5/8 incomings=[#5240] SUSPICIOUS}
2017-10-06 15:14:18,456 INFO [91387428]                Voice.java:257  | S5 MeasureStack#13 Voice #1 too long 5/8
2017-10-06 15:14:18,456 INFO [91387428]                Voice.java:257  | S5 MeasureStack#13 Voice #2 too long 5/8
2017-10-06 15:14:18,456 INFO [91387428]           StackTuner.java:92   | S5 MeasureStack#13 no correct rhythm
2017-10-06 15:14:18,457 INFO [91387428]         SlotsBuilder.java:427  | S6 MeasureStack#14 Slot{#5 xOffset=345 timeOffset=1/2 incomings=[#5263] SUSPICIOUS}
2017-10-06 15:14:18,458 INFO [91387428]         SlotsBuilder.java:427  | S6 MeasureStack#14 Slot{#8 xOffset=470 timeOffset=3/4 incomings=[#5264] SUSPICIOUS}
2017-10-06 15:14:18,458 INFO [91387428]                Voice.java:257  | S6 MeasureStack#14 Voice #1 too long 1/4
2017-10-06 15:14:18,458 INFO [91387428]                Voice.java:257  | S6 MeasureStack#14 Voice #2 too long 1/2
2017-10-06 15:14:18,459 INFO [91387428]           StackTuner.java:92   | S6 MeasureStack#14 no correct rhythm
2017-10-06 15:14:18,460 INFO [91387428]         SlotsBuilder.java:427  | S6 MeasureStack#15 Slot{#5 xOffset=247 timeOffset=1/2 incomings=[#5267] SUSPICIOUS}
2017-10-06 15:14:18,460 INFO [91387428]                Voice.java:257  | S6 MeasureStack#15 Voice #1 too long 3/8
2017-10-06 15:14:18,461 INFO [91387428]                Voice.java:257  | S6 MeasureStack#15 Voice #2 too long 1/4
2017-10-06 15:14:18,461 INFO [91387428]           StackTuner.java:92   | S6 MeasureStack#15 no correct rhythm
2017-10-06 15:14:18,462 INFO [91387428]         SlotsBuilder.java:427  | S6 MeasureStack#16 Slot{#5 xOffset=251 timeOffset=1/2 incomings=[#5270] SUSPICIOUS}
2017-10-06 15:14:18,463 INFO [91387428]         SlotsBuilder.java:427  | S6 MeasureStack#16 Slot{#8 xOffset=368 timeOffset=3/4 incomings=[#5271] SUSPICIOUS}
2017-10-06 15:14:18,464 INFO [91387428]                Voice.java:257  | S6 MeasureStack#16 Voice #1 too long 1/4
2017-10-06 15:14:18,464 INFO [91387428]                Voice.java:257  | S6 MeasureStack#16 Voice #2 too long 1/2
2017-10-06 15:14:18,465 INFO [91387428]           StackTuner.java:92   | S6 MeasureStack#16 no correct rhythm
2017-10-06 15:14:18,465 INFO [91387428]                Voice.java:257  | S6 MeasureStack#17 Voice #1 too long 1/8
2017-10-06 15:14:18,466 INFO [91387428]                Voice.java:257  | S6 MeasureStack#17 Voice #2 too long 1/8
2017-10-06 15:14:18,466 INFO [91387428]           StackTuner.java:92   | S6 MeasureStack#17 no correct rhythm
2017-10-06 15:14:18,468 INFO [91387428]            BasicBook.java:1395 | Stored /book.xml
2017-10-06 15:14:19,351 INFO [91387428]           BasicSheet.java:979  | Stored /sheet#1/sheet#1.xml
2017-10-06 15:14:19,354 INFO [91387428]       StepMonitoring.java:96   | PAGE
2017-10-06 15:14:19,359 INFO [91387428]                Voice.java:257  | S1 MeasureStack#1 Voice #1 too long 7/16
2017-10-06 15:14:19,359 INFO [91387428]                Voice.java:257  | S1 MeasureStack#1 Voice #2 too long 1/2
2017-10-06 15:14:19,360 INFO [91387428]                Voice.java:257  | S1 MeasureStack#1 Voice #3 too long 1/2
2017-10-06 15:14:19,360 INFO [91387428]                Voice.java:257  | S1 MeasureStack#3 Voice #1 too long 1/8
2017-10-06 15:14:19,361 INFO [91387428]                Voice.java:257  | S2 MeasureStack#6 Voice #1 too long 1/16
2017-10-06 15:14:19,362 INFO [91387428]                Voice.java:257  | S3 MeasureStack#1 Voice #1 too long 1/4
2017-10-06 15:14:19,362 INFO [91387428]                Voice.java:257  | S3 MeasureStack#1 Voice #2 too long 1/2
2017-10-06 15:14:19,362 INFO [91387428]                Voice.java:257  | S3 MeasureStack#2 Voice #1 too long 3/8
2017-10-06 15:14:19,363 INFO [91387428]                Voice.java:257  | S3 MeasureStack#2 Voice #2 too long 1/2
2017-10-06 15:14:19,363 INFO [91387428]                Voice.java:257  | S3 MeasureStack#3 Voice #1 too long 1/4
2017-10-06 15:14:19,363 INFO [91387428]                Voice.java:257  | S3 MeasureStack#3 Voice #2 too long 1/2
2017-10-06 15:14:19,364 INFO [91387428]                Voice.java:257  | S3 MeasureStack#4 Voice #1 too long 1/8
2017-10-06 15:14:19,364 INFO [91387428]                Voice.java:257  | S3 MeasureStack#4 Voice #2 too long 1/2
2017-10-06 15:14:19,364 INFO [91387428]                Voice.java:257  | S4 MeasureStack#5 Voice #1 too long 1/4
2017-10-06 15:14:19,365 INFO [91387428]                Voice.java:257  | S4 MeasureStack#5 Voice #2 too long 5/8
2017-10-06 15:14:19,365 INFO [91387428]                Voice.java:257  | S4 MeasureStack#6 Voice #1 too long 3/8
2017-10-06 15:14:19,365 INFO [91387428]                Voice.java:257  | S4 MeasureStack#6 Voice #2 too long 1/2
2017-10-06 15:14:19,365 INFO [91387428]                Voice.java:257  | S4 MeasureStack#7 Voice #1 too long 1/4
2017-10-06 15:14:19,366 INFO [91387428]                Voice.java:257  | S4 MeasureStack#7 Voice #2 too long 1/2
2017-10-06 15:14:19,367 INFO [91387428]                Voice.java:257  | S5 MeasureStack#10 Voice #1 too long 1/4
2017-10-06 15:14:19,367 INFO [91387428]                Voice.java:257  | S5 MeasureStack#10 Voice #2 too long 1/8
2017-10-06 15:14:19,367 INFO [91387428]                Voice.java:257  | S5 MeasureStack#10 Voice #3 too long 3/8
2017-10-06 15:14:19,367 INFO [91387428]                Voice.java:257  | S5 MeasureStack#11 Voice #1 too long 1/4
2017-10-06 15:14:19,368 INFO [91387428]                Voice.java:257  | S5 MeasureStack#11 Voice #2 too long 1/8
2017-10-06 15:14:19,368 INFO [91387428]                Voice.java:257  | S5 MeasureStack#11 Voice #3 too long 3/8
2017-10-06 15:14:19,368 INFO [91387428]                Voice.java:257  | S5 MeasureStack#12 Voice #1 too long 1/2
2017-10-06 15:14:19,368 INFO [91387428]                Voice.java:257  | S5 MeasureStack#12 Voice #2 too long 1/2
2017-10-06 15:14:19,368 INFO [91387428]                Voice.java:257  | S5 MeasureStack#13 Voice #1 too long 5/8
2017-10-06 15:14:19,369 INFO [91387428]                Voice.java:257  | S5 MeasureStack#13 Voice #2 too long 5/8
2017-10-06 15:14:19,369 INFO [91387428]                Voice.java:257  | S6 MeasureStack#14 Voice #1 too long 1/4
2017-10-06 15:14:19,369 INFO [91387428]                Voice.java:257  | S6 MeasureStack#14 Voice #2 too long 1/2
2017-10-06 15:14:19,369 INFO [91387428]                Voice.java:257  | S6 MeasureStack#15 Voice #1 too long 3/8
2017-10-06 15:14:19,369 INFO [91387428]                Voice.java:257  | S6 MeasureStack#15 Voice #2 too long 1/4
2017-10-06 15:14:19,370 INFO [91387428]                Voice.java:257  | S6 MeasureStack#16 Voice #1 too long 1/4
2017-10-06 15:14:19,370 INFO [91387428]                Voice.java:257  | S6 MeasureStack#16 Voice #2 too long 1/2
2017-10-06 15:14:19,370 INFO [91387428]                Voice.java:257  | S6 MeasureStack#17 Voice #1 too long 1/8
2017-10-06 15:14:19,370 INFO [91387428]                Voice.java:257  | S6 MeasureStack#17 Voice #2 too long 1/8
2017-10-06 15:14:19,373 INFO [91387428]            BasicBook.java:1395 | Stored /book.xml
2017-10-06 15:14:20,228 INFO [91387428]           BasicSheet.java:979  | Stored /sheet#1/sheet#1.xml
2017-10-06 15:14:20,234 INFO [91387428]            BasicStub.java:723  | Sheet{91387428} disposed
2017-10-06 15:14:21,216 INFO [91387428]            BasicStub.java:449  | Loaded /sheet#1/sheet#1.xml
2017-10-06 15:14:21,218 INFO [91387428]            BasicBook.java:1133 | Scores built: 2
2017-10-06 15:14:22,451 INFO [91387428]        ScoreExporter.java:93   | Score 91387428.mvt1 exported to /Users/stephenn/Documents/workspace/nlsomr/xml_out/91386487/91387428/91387428.mvt1.mxl
2017-10-06 15:14:22,455 WARN [91387428]      PartwiseBuilder.java:1379 | Error visiting null
java.lang.NullPointerException: null
	at org.audiveris.omr.score.PartwiseBuilder.processKey(PartwiseBuilder.java:1344)
	at org.audiveris.omr.score.PartwiseBuilder.processKeys(PartwiseBuilder.java:1407)
	at org.audiveris.omr.score.PartwiseBuilder.processMeasure(PartwiseBuilder.java:1575)
	at org.audiveris.omr.score.PartwiseBuilder.processPart(PartwiseBuilder.java:1988)
	at org.audiveris.omr.score.PartwiseBuilder.processSystem(PartwiseBuilder.java:2528)
	at org.audiveris.omr.score.PartwiseBuilder.processLogicalPart(PartwiseBuilder.java:1433)
	at org.audiveris.omr.score.PartwiseBuilder.processStub(PartwiseBuilder.java:2483)
	at org.audiveris.omr.score.PartwiseBuilder.processPartList(PartwiseBuilder.java:2017)
	at org.audiveris.omr.score.PartwiseBuilder.processScore(PartwiseBuilder.java:2195)
	at org.audiveris.omr.score.PartwiseBuilder.build(PartwiseBuilder.java:307)
	at org.audiveris.omr.score.ScoreExporter.export(ScoreExporter.java:117)
	at org.audiveris.omr.score.ScoreExporter.export(ScoreExporter.java:91)
	at org.audiveris.omr.sheet.BasicBook.export(BasicBook.java:589)
	at org.audiveris.omr.CLI$ProcessingTask.processBook(CLI.java:785)
	at org.audiveris.omr.CLI$CliTask.call(CLI.java:344)
	at org.audiveris.omr.Main.runBatchTasks(Main.java:316)
	at org.audiveris.omr.Main.main(Main.java:155)
	at Audiveris.main(Audiveris.java:49)
2017-10-06 15:14:22,467 WARN [91387428]      PartwiseBuilder.java:1379 | Error visiting null
java.lang.NullPointerException: null
	at org.audiveris.omr.score.PartwiseBuilder.processKey(PartwiseBuilder.java:1344)
	at org.audiveris.omr.score.PartwiseBuilder.processKeys(PartwiseBuilder.java:1407)
	at org.audiveris.omr.score.PartwiseBuilder.processMeasure(PartwiseBuilder.java:1575)
	at org.audiveris.omr.score.PartwiseBuilder.processPart(PartwiseBuilder.java:1988)
	at org.audiveris.omr.score.PartwiseBuilder.processSystem(PartwiseBuilder.java:2528)
	at org.audiveris.omr.score.PartwiseBuilder.processLogicalPart(PartwiseBuilder.java:1433)
	at org.audiveris.omr.score.PartwiseBuilder.processStub(PartwiseBuilder.java:2483)
	at org.audiveris.omr.score.PartwiseBuilder.processPartList(PartwiseBuilder.java:2017)
	at org.audiveris.omr.score.PartwiseBuilder.processScore(PartwiseBuilder.java:2195)
	at org.audiveris.omr.score.PartwiseBuilder.build(PartwiseBuilder.java:307)
	at org.audiveris.omr.score.ScoreExporter.export(ScoreExporter.java:117)
	at org.audiveris.omr.score.ScoreExporter.export(ScoreExporter.java:91)
	at org.audiveris.omr.sheet.BasicBook.export(BasicBook.java:589)
	at org.audiveris.omr.CLI$ProcessingTask.processBook(CLI.java:785)
	at org.audiveris.omr.CLI$CliTask.call(CLI.java:344)
	at org.audiveris.omr.Main.runBatchTasks(Main.java:316)
	at org.audiveris.omr.Main.main(Main.java:155)
	at Audiveris.main(Audiveris.java:49)
2017-10-06 15:14:22,477 WARN [91387428]      PartwiseBuilder.java:1379 | Error visiting null
java.lang.NullPointerException: null
	at org.audiveris.omr.score.PartwiseBuilder.processKey(PartwiseBuilder.java:1344)
	at org.audiveris.omr.score.PartwiseBuilder.processKeys(PartwiseBuilder.java:1407)
	at org.audiveris.omr.score.PartwiseBuilder.processMeasure(PartwiseBuilder.java:1575)
	at org.audiveris.omr.score.PartwiseBuilder.processPart(PartwiseBuilder.java:1988)
	at org.audiveris.omr.score.PartwiseBuilder.processSystem(PartwiseBuilder.java:2528)
	at org.audiveris.omr.score.PartwiseBuilder.processLogicalPart(PartwiseBuilder.java:1433)
	at org.audiveris.omr.score.PartwiseBuilder.processStub(PartwiseBuilder.java:2483)
	at org.audiveris.omr.score.PartwiseBuilder.processPartList(PartwiseBuilder.java:2017)
	at org.audiveris.omr.score.PartwiseBuilder.processScore(PartwiseBuilder.java:2195)
	at org.audiveris.omr.score.PartwiseBuilder.build(PartwiseBuilder.java:307)
	at org.audiveris.omr.score.ScoreExporter.export(ScoreExporter.java:117)
	at org.audiveris.omr.score.ScoreExporter.export(ScoreExporter.java:91)
	at org.audiveris.omr.sheet.BasicBook.export(BasicBook.java:589)
	at org.audiveris.omr.CLI$ProcessingTask.processBook(CLI.java:785)
	at org.audiveris.omr.CLI$CliTask.call(CLI.java:344)
	at org.audiveris.omr.Main.runBatchTasks(Main.java:316)
	at org.audiveris.omr.Main.main(Main.java:155)
	at Audiveris.main(Audiveris.java:49)
2017-10-06 15:14:22,504 INFO [91387428]        ScoreExporter.java:93   | Score 91387428.mvt2 exported to /Users/stephenn/Documents/workspace/nlsomr/xml_out/91386487/91387428/91387428.mvt2.mxl
2017-10-06 15:14:22,676 INFO [91387428]            BasicBook.java:1395 | Stored /book.xml
2017-10-06 15:14:22,676 INFO [91387428]            BasicBook.java:1355 | Book stored as /Users/stephenn/Documents/workspace/nlsomr/xml_out/91386487/91387428/91387428.omr
