2017-10-06 16:12:06,838 INFO [91388208]            BasicBook.java:427  | 1 sheet in /Users/stephenn/Documents/workspace/nlsomr/working/91388208.jpg
2017-10-06 16:12:06,993 INFO []            BasicBook.java:1395 | Stored /book.xml
2017-10-06 16:12:06,994 INFO []            BasicBook.java:1355 | Book stored as /Users/stephenn/Documents/workspace/nlsomr/xml_out/91386487/91388208/91388208.omr
2017-10-06 16:12:06,999 INFO []            BasicBook.java:996  | Book reaching PAGE on sheets:[#1]
2017-10-06 16:12:07,001 INFO [91388208]       StepMonitoring.java:96   | LOAD
2017-10-06 16:12:07,175 INFO [91388208]            BasicBook.java:911  | Loaded image 1 2000x3056 from /Users/stephenn/Documents/workspace/nlsomr/working/91388208.jpg
2017-10-06 16:12:07,182 INFO [91388208]            ImageUtil.java:82   | Converting max RGB to gray ...
2017-10-06 16:12:07,490 INFO [91388208]            BasicBook.java:1395 | Stored /book.xml
2017-10-06 16:12:07,806 INFO [91388208]           BasicSheet.java:979  | Stored /sheet#1/sheet#1.xml
2017-10-06 16:12:07,807 INFO [91388208]       StepMonitoring.java:96   | BINARY
2017-10-06 16:12:08,433 INFO [91388208]            BasicBook.java:1395 | Stored /book.xml
2017-10-06 16:12:08,788 INFO [91388208]              Picture.java:786  | Stored /sheet#1/BINARY.xml
2017-10-06 16:12:08,790 INFO [91388208]           BasicSheet.java:979  | Stored /sheet#1/sheet#1.xml
2017-10-06 16:12:08,794 INFO [91388208]       StepMonitoring.java:96   | SCALE
2017-10-06 16:12:08,834 INFO [91388208]            ScaleStep.java:87   | Scale{line(3,4,6) interline(16,16,17) beam(13)}
2017-10-06 16:12:08,836 INFO [91388208]            BasicBook.java:1395 | Stored /book.xml
2017-10-06 16:12:08,838 INFO [91388208]           BasicSheet.java:979  | Stored /sheet#1/sheet#1.xml
2017-10-06 16:12:08,846 INFO [91388208]       StepMonitoring.java:96   | GRID
2017-10-06 16:12:09,868 INFO [91388208]       LinesRetriever.java:442  | Global slope: 0.00124
2017-10-06 16:12:09,981 INFO [91388208]    ClustersRetriever.java:241  | Retrieved line clusters: 12 of size: 5 with interline: (16,16,17)
2017-10-06 16:12:10,739 INFO [91388208]            PeakGraph.java:181  | Systems: #1[1, 2] #2[3, 4] #3[5, 6] #4[7, 8] #5[9, 10] #6[11, 12]
2017-10-06 16:12:11,818 INFO [91388208]        SystemManager.java:626  | Indentation detected for system#1
2017-10-06 16:12:11,818 INFO [91388208]        SystemManager.java:626  | Indentation detected for system#4
2017-10-06 16:12:11,819 INFO [91388208]        SystemManager.java:671  | 2 pages found in sheet
2017-10-06 16:12:11,819 INFO [91388208]        SystemManager.java:709  | Page #1: 1 part along 3 systems
2017-10-06 16:12:11,819 INFO [91388208]        SystemManager.java:709  | Page #2: 1 part along 3 systems
2017-10-06 16:12:11,823 INFO [91388208]            BasicBook.java:1395 | Stored /book.xml
2017-10-06 16:12:12,112 INFO [91388208]           BasicSheet.java:979  | Stored /sheet#1/sheet#1.xml
2017-10-06 16:12:12,115 INFO [91388208]       StepMonitoring.java:96   | HEADERS
2017-10-06 16:12:12,567 INFO [91388208]          Nd4jBackend.java:194  | Loaded [CpuBackend] backend
2017-10-06 16:12:12,628 INFO [91388208]      NativeOpsHolder.java:49   | Number of threads used for NativeOps: 2
2017-10-06 16:12:13,215 INFO [91388208] DefaultOpExecutioner.java:544  | Backend used: [CPU]; OS: [Mac OS X]
2017-10-06 16:12:13,216 INFO [91388208] DefaultOpExecutioner.java:545  | Cores: [4]; Memory: [3.6GB];
2017-10-06 16:12:13,216 INFO [91388208] DefaultOpExecutioner.java:546  | Blas vendor: [OPENBLAS]
2017-10-06 16:12:13,461 INFO [91388208]   AbstractClassifier.java:332  | Classifier data loaded from default uri jar:file:/Users/stephenn/Documents/workspace/audiveris/build/distributions/Audiveris/lib/audiveris.jar!/res/basic-classifier.zip
2017-10-06 16:12:16,158 WARN [91388208]          ClefBuilder.java:560  | Staff#6 no header clef.
2017-10-06 16:12:16,778 INFO [91388208]           KeyBuilder.java:746  | Staff#10 key slice#3 pitch adjusted from -3.5 to -3
2017-10-06 16:12:16,937 WARN [91388208]          ClefBuilder.java:560  | Staff#12 no header clef.
2017-10-06 16:12:17,013 INFO [91388208]            BasicBook.java:1395 | Stored /book.xml
2017-10-06 16:12:17,183 INFO []   AbstractClassifier.java:332  | Classifier data loaded from default uri jar:file:/Users/stephenn/Documents/workspace/audiveris/build/distributions/Audiveris/lib/audiveris.jar!/res/deep-classifier.zip
2017-10-06 16:12:17,382 INFO [91388208]           BasicSheet.java:979  | Stored /sheet#1/sheet#1.xml
2017-10-06 16:12:17,384 INFO [91388208]       StepMonitoring.java:96   | STEM_SEEDS
2017-10-06 16:12:17,498 INFO [91388208]        StemSeedsStep.java:91   | stem(4 max:5)
2017-10-06 16:12:17,618 INFO [91388208]            BasicBook.java:1395 | Stored /book.xml
2017-10-06 16:12:17,968 INFO [91388208]           BasicSheet.java:979  | Stored /sheet#1/sheet#1.xml
2017-10-06 16:12:17,971 INFO [91388208]       StepMonitoring.java:96   | BEAMS
2017-10-06 16:12:23,628 INFO [91388208]            BeamsStep.java:89   | BeamDistance{count:2 mean:15.11 stdDev:1.15}
2017-10-06 16:12:23,632 INFO [91388208]            BasicBook.java:1395 | Stored /book.xml
2017-10-06 16:12:23,704 INFO [91388208]              Picture.java:786  | Stored /sheet#1/HEAD_SPOTS.xml
2017-10-06 16:12:24,672 INFO [91388208]           BasicSheet.java:979  | Stored /sheet#1/sheet#1.xml
2017-10-06 16:12:24,674 INFO [91388208]       StepMonitoring.java:96   | LEDGERS
2017-10-06 16:12:25,644 INFO [91388208]            BasicBook.java:1395 | Stored /book.xml
2017-10-06 16:12:26,145 INFO [91388208]           BasicSheet.java:979  | Stored /sheet#1/sheet#1.xml
2017-10-06 16:12:26,147 INFO [91388208]       StepMonitoring.java:96   | HEADS
2017-10-06 16:12:29,299 INFO [91388208]            BasicBook.java:1395 | Stored /book.xml
2017-10-06 16:12:30,605 INFO [91388208]           BasicSheet.java:979  | Stored /sheet#1/sheet#1.xml
2017-10-06 16:12:30,607 INFO [91388208]       StepMonitoring.java:96   | STEMS
2017-10-06 16:12:35,341 INFO [91388208]            BasicBook.java:1395 | Stored /book.xml
2017-10-06 16:12:36,895 INFO [91388208]           BasicSheet.java:979  | Stored /sheet#1/sheet#1.xml
2017-10-06 16:12:36,901 INFO [91388208]       StepMonitoring.java:96   | REDUCTION
2017-10-06 16:12:37,771 INFO [91388208]            BasicBook.java:1395 | Stored /book.xml
2017-10-06 16:12:38,983 INFO [91388208]           BasicSheet.java:979  | Stored /sheet#1/sheet#1.xml
2017-10-06 16:12:38,987 INFO [91388208]       StepMonitoring.java:96   | CUE_BEAMS
2017-10-06 16:12:38,995 INFO [91388208]            BasicBook.java:1395 | Stored /book.xml
2017-10-06 16:12:40,098 INFO [91388208]           BasicSheet.java:979  | Stored /sheet#1/sheet#1.xml
2017-10-06 16:12:40,100 INFO [91388208]       StepMonitoring.java:96   | TEXTS
2017-10-06 16:12:41,791 INFO [91388208]            BasicBook.java:1395 | Stored /book.xml
2017-10-06 16:12:42,817 INFO [91388208]           BasicSheet.java:979  | Stored /sheet#1/sheet#1.xml
2017-10-06 16:12:42,819 INFO [91388208]       StepMonitoring.java:96   | MEASURES
2017-10-06 16:12:42,824 INFO [91388208]                 Page.java:210  | 16 raw measures: [5 in system#1, 5 in system#2, 6 in system#3]
2017-10-06 16:12:42,825 INFO [91388208]                 Page.java:210  | 18 raw measures: [6 in system#4, 6 in system#5, 6 in system#6]
2017-10-06 16:12:42,826 INFO [91388208]            BasicBook.java:1395 | Stored /book.xml
2017-10-06 16:12:43,873 INFO [91388208]           BasicSheet.java:979  | Stored /sheet#1/sheet#1.xml
2017-10-06 16:12:43,875 INFO [91388208]       StepMonitoring.java:96   | CHORDS
2017-10-06 16:12:43,888 INFO [91388208]            BasicBook.java:1395 | Stored /book.xml
2017-10-06 16:12:44,914 INFO [91388208]           BasicSheet.java:979  | Stored /sheet#1/sheet#1.xml
2017-10-06 16:12:44,916 INFO [91388208]       StepMonitoring.java:96   | CURVES
2017-10-06 16:12:46,915 INFO [91388208]         SlursBuilder.java:157  | Slurs: 41
2017-10-06 16:12:46,963 INFO [91388208]      SegmentsBuilder.java:113  | Segments: 17
2017-10-06 16:12:46,971 INFO [91388208]            BasicBook.java:1395 | Stored /book.xml
2017-10-06 16:12:48,176 INFO [91388208]           BasicSheet.java:979  | Stored /sheet#1/sheet#1.xml
2017-10-06 16:12:48,178 INFO [91388208]       StepMonitoring.java:96   | SYMBOLS
2017-10-06 16:12:51,226 INFO [91388208]            BasicBook.java:1395 | Stored /book.xml
2017-10-06 16:12:52,504 INFO [91388208]           BasicSheet.java:979  | Stored /sheet#1/sheet#1.xml
2017-10-06 16:12:52,507 INFO [91388208]       StepMonitoring.java:96   | LINKS
2017-10-06 16:12:52,569 INFO [91388208]            BasicBook.java:1395 | Stored /book.xml
2017-10-06 16:12:53,842 INFO [91388208]           BasicSheet.java:979  | Stored /sheet#1/sheet#1.xml
2017-10-06 16:12:53,844 INFO [91388208]       StepMonitoring.java:96   | RHYTHMS
2017-10-06 16:12:53,884 INFO [91388208]           PageRhythm.java:314  | Range{1-16} Durations avgGuess:1 topGuess:1 avgValue:0.95 stacks:16 voices:35 Histogram{1/2-2 size:3 [1/2=3 1=29 2=3]}
2017-10-06 16:12:53,885 INFO [91388208]           PageRhythm.java:221  | S1 Range{1-16 dur:1} should update to 1-based time sig?
2017-10-06 16:12:53,887 INFO [91388208]                Voice.java:257  | S1 MeasureStack#1 Voice #1 too long 1
2017-10-06 16:12:53,888 INFO [91388208]                Voice.java:257  | S1 MeasureStack#1 Voice #2 too long 1
2017-10-06 16:12:53,888 INFO [91388208]                Voice.java:257  | S1 MeasureStack#1 Voice #3 too long 1
2017-10-06 16:12:53,889 INFO [91388208]           StackTuner.java:92   | S1 MeasureStack#1 no correct rhythm
2017-10-06 16:12:53,903 INFO [91388208]         SlotsBuilder.java:427  | S3 MeasureStack#12 Slot{#3 xOffset=147 timeOffset=1/2 incomings=[#7051] SUSPICIOUS}
2017-10-06 16:12:53,927 INFO [91388208]           PageRhythm.java:314  | Range{1-18} Durations avgGuess:3/4 topGuess:1 avgValue:0.80 stacks:18 voices:38 Histogram{1/4-1 size:7 [1/4=2 3/8=1 1/2=7 5/8=4 3/4=3 7/8=9 1=12]}
2017-10-06 16:12:53,928 INFO [91388208]           PageRhythm.java:221  | S4 Range{1-18 dur:3/4} should update to 3/4-based time sig?
2017-10-06 16:12:53,930 INFO [91388208]                Voice.java:257  | S4 MeasureStack#2 Voice #1 too long 1/4
2017-10-06 16:12:53,931 INFO [91388208]                Voice.java:257  | S4 MeasureStack#2 Voice #2 too long 1/4
2017-10-06 16:12:53,931 INFO [91388208]           StackTuner.java:92   | S4 MeasureStack#2 no correct rhythm
2017-10-06 16:12:53,932 INFO [91388208]                Voice.java:257  | S4 MeasureStack#3 Voice #1 too long 1/8
2017-10-06 16:12:53,932 INFO [91388208]                Voice.java:257  | S4 MeasureStack#3 Voice #2 too long 1/8
2017-10-06 16:12:53,932 INFO [91388208]           StackTuner.java:92   | S4 MeasureStack#3 no correct rhythm
2017-10-06 16:12:53,934 INFO [91388208]                Voice.java:257  | S4 MeasureStack#4 Voice #1 too long 1/8
2017-10-06 16:12:53,934 INFO [91388208]                Voice.java:257  | S4 MeasureStack#4 Voice #2 too long 1/8
2017-10-06 16:12:53,935 INFO [91388208]           StackTuner.java:92   | S4 MeasureStack#4 no correct rhythm
2017-10-06 16:12:53,935 INFO [91388208]                Voice.java:257  | S4 MeasureStack#5 Voice #1 too long 1/8
2017-10-06 16:12:53,936 INFO [91388208]                Voice.java:257  | S4 MeasureStack#5 Voice #2 too long 1/8
2017-10-06 16:12:53,936 INFO [91388208]           StackTuner.java:92   | S4 MeasureStack#5 no correct rhythm
2017-10-06 16:12:53,937 INFO [91388208]                Voice.java:257  | S4 MeasureStack#6 Voice #1 too long 1/4
2017-10-06 16:12:53,937 INFO [91388208]                Voice.java:257  | S4 MeasureStack#6 Voice #2 too long 1/4
2017-10-06 16:12:53,938 INFO [91388208]           StackTuner.java:92   | S4 MeasureStack#6 no correct rhythm
2017-10-06 16:12:53,939 INFO [91388208]                Voice.java:257  | S5 MeasureStack#8 Voice #1 too long 1/4
2017-10-06 16:12:53,940 INFO [91388208]                Voice.java:257  | S5 MeasureStack#8 Voice #2 too long 1/4
2017-10-06 16:12:53,941 INFO [91388208]           StackTuner.java:92   | S5 MeasureStack#8 no correct rhythm
2017-10-06 16:12:53,944 INFO [91388208]                Voice.java:257  | S5 MeasureStack#11 Voice #1 too long 1/4
2017-10-06 16:12:53,944 INFO [91388208]                Voice.java:257  | S5 MeasureStack#11 Voice #2 too long 1/4
2017-10-06 16:12:53,944 INFO [91388208]           StackTuner.java:92   | S5 MeasureStack#11 no correct rhythm
2017-10-06 16:12:53,946 INFO [91388208]         SlotsBuilder.java:427  | S6 MeasureStack#13 Slot{#4 xOffset=336 timeOffset=1/2 incomings=[#7165] SUSPICIOUS}
2017-10-06 16:12:53,947 INFO [91388208]         SlotsBuilder.java:427  | S6 MeasureStack#13 Slot{#6 xOffset=414 timeOffset=3/4 incomings=[#7166] SUSPICIOUS}
2017-10-06 16:12:53,947 INFO [91388208]                Voice.java:257  | S6 MeasureStack#13 Voice #1 too long 1/4
2017-10-06 16:12:53,948 INFO [91388208]                Voice.java:257  | S6 MeasureStack#13 Voice #2 too long 1/8
2017-10-06 16:12:53,948 INFO [91388208]           StackTuner.java:92   | S6 MeasureStack#13 no correct rhythm
2017-10-06 16:12:53,949 INFO [91388208]                Voice.java:257  | S6 MeasureStack#14 Voice #1 too long 1/8
2017-10-06 16:12:53,949 INFO [91388208]           StackTuner.java:92   | S6 MeasureStack#14 no correct rhythm
2017-10-06 16:12:53,951 INFO [91388208]                Voice.java:257  | S6 MeasureStack#15 Voice #1 too long 1/4
2017-10-06 16:12:53,951 INFO [91388208]                Voice.java:257  | S6 MeasureStack#15 Voice #2 too long 1/4
2017-10-06 16:12:53,952 INFO [91388208]           StackTuner.java:92   | S6 MeasureStack#15 no correct rhythm
2017-10-06 16:12:53,956 INFO [91388208]                Voice.java:257  | S6 MeasureStack#16 Voice #1 too long 1/8
2017-10-06 16:12:53,956 INFO [91388208]                Voice.java:257  | S6 MeasureStack#16 Voice #2 too long 1/8
2017-10-06 16:12:53,957 INFO [91388208]           StackTuner.java:92   | S6 MeasureStack#16 no correct rhythm
2017-10-06 16:12:53,958 INFO [91388208]                Voice.java:257  | S6 MeasureStack#17 Voice #1 too long 1/4
2017-10-06 16:12:53,959 INFO [91388208]                Voice.java:257  | S6 MeasureStack#17 Voice #2 too long 1/4
2017-10-06 16:12:53,959 INFO [91388208]           StackTuner.java:92   | S6 MeasureStack#17 no correct rhythm
2017-10-06 16:12:53,960 INFO [91388208]         SlotsBuilder.java:427  | S6 MeasureStack#18 Slot{#3 xOffset=113 timeOffset=3/8 incomings=[#7182] SUSPICIOUS}
2017-10-06 16:12:53,962 INFO [91388208]            BasicBook.java:1395 | Stored /book.xml
2017-10-06 16:12:55,241 INFO [91388208]           BasicSheet.java:979  | Stored /sheet#1/sheet#1.xml
2017-10-06 16:12:55,244 INFO [91388208]       StepMonitoring.java:96   | PAGE
2017-10-06 16:12:55,247 INFO [91388208]                 Part.java:267  | Could not left-connect slur#7422
2017-10-06 16:12:55,249 INFO [91388208]                Voice.java:257  | S1 MeasureStack#1 Voice #1 too long 1
2017-10-06 16:12:55,249 INFO [91388208]                Voice.java:257  | S1 MeasureStack#1 Voice #2 too long 1
2017-10-06 16:12:55,249 INFO [91388208]                Voice.java:257  | S1 MeasureStack#1 Voice #3 too long 1
2017-10-06 16:12:55,251 INFO [91388208]                Voice.java:257  | S4 MeasureStack#2 Voice #1 too long 1/4
2017-10-06 16:12:55,251 INFO [91388208]                Voice.java:257  | S4 MeasureStack#2 Voice #2 too long 1/4
2017-10-06 16:12:55,252 INFO [91388208]                Voice.java:257  | S4 MeasureStack#3 Voice #1 too long 1/8
2017-10-06 16:12:55,252 INFO [91388208]                Voice.java:257  | S4 MeasureStack#3 Voice #2 too long 1/8
2017-10-06 16:12:55,252 INFO [91388208]                Voice.java:257  | S4 MeasureStack#4 Voice #1 too long 1/8
2017-10-06 16:12:55,252 INFO [91388208]                Voice.java:257  | S4 MeasureStack#4 Voice #2 too long 1/8
2017-10-06 16:12:55,256 INFO [91388208]                Voice.java:257  | S4 MeasureStack#5 Voice #1 too long 1/8
2017-10-06 16:12:55,257 INFO [91388208]                Voice.java:257  | S4 MeasureStack#5 Voice #2 too long 1/8
2017-10-06 16:12:55,257 INFO [91388208]                Voice.java:257  | S4 MeasureStack#6 Voice #1 too long 1/4
2017-10-06 16:12:55,257 INFO [91388208]                Voice.java:257  | S4 MeasureStack#6 Voice #2 too long 1/4
2017-10-06 16:12:55,258 INFO [91388208]                Voice.java:257  | S5 MeasureStack#8 Voice #1 too long 1/4
2017-10-06 16:12:55,259 INFO [91388208]                Voice.java:257  | S5 MeasureStack#8 Voice #2 too long 1/4
2017-10-06 16:12:55,260 INFO [91388208]                Voice.java:257  | S5 MeasureStack#11 Voice #1 too long 1/4
2017-10-06 16:12:55,261 INFO [91388208]                Voice.java:257  | S5 MeasureStack#11 Voice #2 too long 1/4
2017-10-06 16:12:55,261 INFO [91388208]                Voice.java:257  | S6 MeasureStack#13 Voice #1 too long 1/4
2017-10-06 16:12:55,261 INFO [91388208]                Voice.java:257  | S6 MeasureStack#13 Voice #2 too long 1/8
2017-10-06 16:12:55,262 INFO [91388208]                Voice.java:257  | S6 MeasureStack#14 Voice #1 too long 1/8
2017-10-06 16:12:55,262 INFO [91388208]                Voice.java:257  | S6 MeasureStack#15 Voice #1 too long 1/4
2017-10-06 16:12:55,262 INFO [91388208]                Voice.java:257  | S6 MeasureStack#15 Voice #2 too long 1/4
2017-10-06 16:12:55,262 INFO [91388208]                Voice.java:257  | S6 MeasureStack#16 Voice #1 too long 1/8
2017-10-06 16:12:55,263 INFO [91388208]                Voice.java:257  | S6 MeasureStack#16 Voice #2 too long 1/8
2017-10-06 16:12:55,263 INFO [91388208]                Voice.java:257  | S6 MeasureStack#17 Voice #1 too long 1/4
2017-10-06 16:12:55,263 INFO [91388208]                Voice.java:257  | S6 MeasureStack#17 Voice #2 too long 1/4
2017-10-06 16:12:55,265 INFO [91388208]            BasicBook.java:1395 | Stored /book.xml
2017-10-06 16:12:56,490 INFO [91388208]           BasicSheet.java:979  | Stored /sheet#1/sheet#1.xml
2017-10-06 16:12:56,492 INFO [91388208]            BasicStub.java:723  | Sheet{91388208} disposed
2017-10-06 16:12:57,564 INFO [91388208]            BasicStub.java:449  | Loaded /sheet#1/sheet#1.xml
2017-10-06 16:12:57,566 INFO [91388208]            BasicBook.java:1133 | Scores built: 2
2017-10-06 16:12:58,813 WARN [91388208]      PartwiseBuilder.java:1379 | Error visiting null
java.lang.NullPointerException: null
	at org.audiveris.omr.score.PartwiseBuilder.processKey(PartwiseBuilder.java:1344)
	at org.audiveris.omr.score.PartwiseBuilder.processKeys(PartwiseBuilder.java:1407)
	at org.audiveris.omr.score.PartwiseBuilder.processMeasure(PartwiseBuilder.java:1575)
	at org.audiveris.omr.score.PartwiseBuilder.processPart(PartwiseBuilder.java:1988)
	at org.audiveris.omr.score.PartwiseBuilder.processSystem(PartwiseBuilder.java:2528)
	at org.audiveris.omr.score.PartwiseBuilder.processLogicalPart(PartwiseBuilder.java:1433)
	at org.audiveris.omr.score.PartwiseBuilder.processStub(PartwiseBuilder.java:2483)
	at org.audiveris.omr.score.PartwiseBuilder.processPartList(PartwiseBuilder.java:2017)
	at org.audiveris.omr.score.PartwiseBuilder.processScore(PartwiseBuilder.java:2195)
	at org.audiveris.omr.score.PartwiseBuilder.build(PartwiseBuilder.java:307)
	at org.audiveris.omr.score.ScoreExporter.export(ScoreExporter.java:117)
	at org.audiveris.omr.score.ScoreExporter.export(ScoreExporter.java:91)
	at org.audiveris.omr.sheet.BasicBook.export(BasicBook.java:589)
	at org.audiveris.omr.CLI$ProcessingTask.processBook(CLI.java:785)
	at org.audiveris.omr.CLI$CliTask.call(CLI.java:344)
	at org.audiveris.omr.Main.runBatchTasks(Main.java:316)
	at org.audiveris.omr.Main.main(Main.java:155)
	at Audiveris.main(Audiveris.java:49)
2017-10-06 16:12:58,872 INFO [91388208]        ScoreExporter.java:93   | Score 91388208.mvt1 exported to /Users/stephenn/Documents/workspace/nlsomr/xml_out/91386487/91388208/91388208.mvt1.mxl
2017-10-06 16:12:58,886 WARN [91388208]      PartwiseBuilder.java:1379 | Error visiting null
java.lang.NullPointerException: null
	at org.audiveris.omr.score.PartwiseBuilder.processKey(PartwiseBuilder.java:1344)
	at org.audiveris.omr.score.PartwiseBuilder.processKeys(PartwiseBuilder.java:1407)
	at org.audiveris.omr.score.PartwiseBuilder.processMeasure(PartwiseBuilder.java:1575)
	at org.audiveris.omr.score.PartwiseBuilder.processPart(PartwiseBuilder.java:1988)
	at org.audiveris.omr.score.PartwiseBuilder.processSystem(PartwiseBuilder.java:2528)
	at org.audiveris.omr.score.PartwiseBuilder.processLogicalPart(PartwiseBuilder.java:1433)
	at org.audiveris.omr.score.PartwiseBuilder.processStub(PartwiseBuilder.java:2483)
	at org.audiveris.omr.score.PartwiseBuilder.processPartList(PartwiseBuilder.java:2017)
	at org.audiveris.omr.score.PartwiseBuilder.processScore(PartwiseBuilder.java:2195)
	at org.audiveris.omr.score.PartwiseBuilder.build(PartwiseBuilder.java:307)
	at org.audiveris.omr.score.ScoreExporter.export(ScoreExporter.java:117)
	at org.audiveris.omr.score.ScoreExporter.export(ScoreExporter.java:91)
	at org.audiveris.omr.sheet.BasicBook.export(BasicBook.java:589)
	at org.audiveris.omr.CLI$ProcessingTask.processBook(CLI.java:785)
	at org.audiveris.omr.CLI$CliTask.call(CLI.java:344)
	at org.audiveris.omr.Main.runBatchTasks(Main.java:316)
	at org.audiveris.omr.Main.main(Main.java:155)
	at Audiveris.main(Audiveris.java:49)
2017-10-06 16:12:58,918 INFO [91388208]        ScoreExporter.java:93   | Score 91388208.mvt2 exported to /Users/stephenn/Documents/workspace/nlsomr/xml_out/91386487/91388208/91388208.mvt2.mxl
2017-10-06 16:12:59,093 INFO [91388208]            BasicBook.java:1395 | Stored /book.xml
2017-10-06 16:12:59,094 INFO [91388208]            BasicBook.java:1355 | Book stored as /Users/stephenn/Documents/workspace/nlsomr/xml_out/91386487/91388208/91388208.omr
