2017-10-06 15:48:14,041 INFO [91387896]            BasicBook.java:427  | 1 sheet in /Users/stephenn/Documents/workspace/nlsomr/working/91387896.jpg
2017-10-06 15:48:14,190 INFO []            BasicBook.java:1395 | Stored /book.xml
2017-10-06 15:48:14,190 INFO []            BasicBook.java:1355 | Book stored as /Users/stephenn/Documents/workspace/nlsomr/xml_out/91386487/91387896/91387896.omr
2017-10-06 15:48:14,196 INFO []            BasicBook.java:996  | Book reaching PAGE on sheets:[#1]
2017-10-06 15:48:14,203 INFO [91387896]       StepMonitoring.java:96   | LOAD
2017-10-06 15:48:14,379 INFO [91387896]            BasicBook.java:911  | Loaded image 1 2000x3056 from /Users/stephenn/Documents/workspace/nlsomr/working/91387896.jpg
2017-10-06 15:48:14,382 INFO [91387896]            ImageUtil.java:82   | Converting max RGB to gray ...
2017-10-06 15:48:14,617 INFO [91387896]            BasicBook.java:1395 | Stored /book.xml
2017-10-06 15:48:14,968 INFO [91387896]           BasicSheet.java:979  | Stored /sheet#1/sheet#1.xml
2017-10-06 15:48:14,970 INFO [91387896]       StepMonitoring.java:96   | BINARY
2017-10-06 15:48:15,556 INFO [91387896]            BasicBook.java:1395 | Stored /book.xml
2017-10-06 15:48:15,890 INFO [91387896]              Picture.java:786  | Stored /sheet#1/BINARY.xml
2017-10-06 15:48:15,892 INFO [91387896]           BasicSheet.java:979  | Stored /sheet#1/sheet#1.xml
2017-10-06 15:48:15,894 INFO [91387896]       StepMonitoring.java:96   | SCALE
2017-10-06 15:48:15,935 INFO [91387896]         ScaleBuilder.java:229  | No beam key found, guessed value 10
2017-10-06 15:48:15,935 INFO [91387896]            ScaleStep.java:87   | Scale{line(4,4,6) interline(16,17,17) beam(10 extra)}
2017-10-06 15:48:15,937 INFO [91387896]            BasicBook.java:1395 | Stored /book.xml
2017-10-06 15:48:15,940 INFO [91387896]           BasicSheet.java:979  | Stored /sheet#1/sheet#1.xml
2017-10-06 15:48:15,943 INFO [91387896]       StepMonitoring.java:96   | GRID
2017-10-06 15:48:16,954 INFO [91387896]       LinesRetriever.java:442  | Global slope: 0.00050
2017-10-06 15:48:17,078 INFO [91387896]    ClustersRetriever.java:241  | Retrieved line clusters: 12 of size: 5 with interline: (16,17,17)
2017-10-06 15:48:17,925 INFO [91387896]            PeakGraph.java:181  | Systems: #1[1, 2] #2[3, 4] #3[5, 6] #4[7, 8] #5[9, 10] #6[11, 12]
2017-10-06 15:48:18,922 INFO [91387896]        SystemManager.java:626  | Indentation detected for system#1
2017-10-06 15:48:18,924 INFO [91387896]        SystemManager.java:626  | Indentation detected for system#6
2017-10-06 15:48:18,925 INFO [91387896]        SystemManager.java:671  | 2 pages found in sheet
2017-10-06 15:48:18,925 INFO [91387896]        SystemManager.java:709  | Page #1: 1 part along 5 systems
2017-10-06 15:48:18,925 INFO [91387896]        SystemManager.java:709  | Page #2: 1 part along 1 system
2017-10-06 15:48:18,929 INFO [91387896]            BasicBook.java:1395 | Stored /book.xml
2017-10-06 15:48:19,161 INFO [91387896]           BasicSheet.java:979  | Stored /sheet#1/sheet#1.xml
2017-10-06 15:48:19,164 INFO [91387896]       StepMonitoring.java:96   | HEADERS
2017-10-06 15:48:19,661 INFO [91387896]          Nd4jBackend.java:194  | Loaded [CpuBackend] backend
2017-10-06 15:48:19,766 INFO [91387896]      NativeOpsHolder.java:49   | Number of threads used for NativeOps: 2
2017-10-06 15:48:20,260 INFO [91387896] DefaultOpExecutioner.java:544  | Backend used: [CPU]; OS: [Mac OS X]
2017-10-06 15:48:20,261 INFO [91387896] DefaultOpExecutioner.java:545  | Cores: [4]; Memory: [3.6GB];
2017-10-06 15:48:20,261 INFO [91387896] DefaultOpExecutioner.java:546  | Blas vendor: [OPENBLAS]
2017-10-06 15:48:20,305 INFO [91387896]   AbstractClassifier.java:332  | Classifier data loaded from default uri jar:file:/Users/stephenn/Documents/workspace/audiveris/build/distributions/Audiveris/lib/audiveris.jar!/res/basic-classifier.zip
2017-10-06 15:48:21,992 WARN [91387896]          ClefBuilder.java:560  | Staff#2 no header clef.
2017-10-06 15:48:22,509 WARN [91387896]          ClefBuilder.java:560  | Staff#4 no header clef.
2017-10-06 15:48:22,836 WARN [91387896]          ClefBuilder.java:560  | Staff#8 no header clef.
2017-10-06 15:48:22,958 WARN [91387896]          ClefBuilder.java:560  | Staff#10 no header clef.
2017-10-06 15:48:23,193 INFO [91387896]            BasicBook.java:1395 | Stored /book.xml
2017-10-06 15:48:23,516 INFO [91387896]           BasicSheet.java:979  | Stored /sheet#1/sheet#1.xml
2017-10-06 15:48:23,519 INFO [91387896]       StepMonitoring.java:96   | STEM_SEEDS
2017-10-06 15:48:23,658 INFO [91387896]        StemSeedsStep.java:91   | stem(4 max:5)
2017-10-06 15:48:23,784 INFO [91387896]            BasicBook.java:1395 | Stored /book.xml
2017-10-06 15:48:23,839 INFO []   AbstractClassifier.java:332  | Classifier data loaded from default uri jar:file:/Users/stephenn/Documents/workspace/audiveris/build/distributions/Audiveris/lib/audiveris.jar!/res/deep-classifier.zip
2017-10-06 15:48:24,083 INFO [91387896]           BasicSheet.java:979  | Stored /sheet#1/sheet#1.xml
2017-10-06 15:48:24,091 INFO [91387896]       StepMonitoring.java:96   | BEAMS
2017-10-06 15:48:27,581 INFO [91387896]            BeamsStep.java:89   | BeamDistance{count:2 mean:15.03 stdDev:0.26}
2017-10-06 15:48:27,584 INFO [91387896]            BasicBook.java:1395 | Stored /book.xml
2017-10-06 15:48:27,654 INFO [91387896]              Picture.java:786  | Stored /sheet#1/HEAD_SPOTS.xml
2017-10-06 15:48:28,054 INFO [91387896]           BasicSheet.java:979  | Stored /sheet#1/sheet#1.xml
2017-10-06 15:48:28,057 INFO [91387896]       StepMonitoring.java:96   | LEDGERS
2017-10-06 15:48:28,540 INFO [91387896]            BasicBook.java:1395 | Stored /book.xml
2017-10-06 15:48:29,009 INFO [91387896]           BasicSheet.java:979  | Stored /sheet#1/sheet#1.xml
2017-10-06 15:48:29,011 INFO [91387896]       StepMonitoring.java:96   | HEADS
2017-10-06 15:48:31,763 INFO [91387896]            BasicBook.java:1395 | Stored /book.xml
2017-10-06 15:48:32,596 INFO [91387896]           BasicSheet.java:979  | Stored /sheet#1/sheet#1.xml
2017-10-06 15:48:32,599 INFO [91387896]       StepMonitoring.java:96   | STEMS
2017-10-06 15:48:34,605 INFO [91387896]            BasicBook.java:1395 | Stored /book.xml
2017-10-06 15:48:35,830 INFO [91387896]           BasicSheet.java:979  | Stored /sheet#1/sheet#1.xml
2017-10-06 15:48:35,832 INFO [91387896]       StepMonitoring.java:96   | REDUCTION
2017-10-06 15:48:36,423 INFO [91387896]            BasicBook.java:1395 | Stored /book.xml
2017-10-06 15:48:36,869 INFO [91387896]           BasicSheet.java:979  | Stored /sheet#1/sheet#1.xml
2017-10-06 15:48:36,871 INFO [91387896]       StepMonitoring.java:96   | CUE_BEAMS
2017-10-06 15:48:36,875 INFO [91387896]            BasicBook.java:1395 | Stored /book.xml
2017-10-06 15:48:37,293 INFO [91387896]           BasicSheet.java:979  | Stored /sheet#1/sheet#1.xml
2017-10-06 15:48:37,295 INFO [91387896]       StepMonitoring.java:96   | TEXTS
2017-10-06 15:48:39,031 INFO [91387896]            BasicBook.java:1395 | Stored /book.xml
2017-10-06 15:48:39,507 INFO [91387896]           BasicSheet.java:979  | Stored /sheet#1/sheet#1.xml
2017-10-06 15:48:39,509 INFO [91387896]       StepMonitoring.java:96   | MEASURES
2017-10-06 15:48:39,514 INFO [91387896]                 Page.java:210  | 22 raw measures: [5 in system#1, 4 in system#2, 5 in system#3, 4 in system#4, 4 in system#5]
2017-10-06 15:48:39,515 INFO [91387896]                 Page.java:210  | 5 raw measures: [5 in system#6]
2017-10-06 15:48:39,516 INFO [91387896]            BasicBook.java:1395 | Stored /book.xml
2017-10-06 15:48:39,967 INFO [91387896]           BasicSheet.java:979  | Stored /sheet#1/sheet#1.xml
2017-10-06 15:48:39,969 INFO [91387896]       StepMonitoring.java:96   | CHORDS
2017-10-06 15:48:39,974 INFO [91387896]        ChordsBuilder.java:249  | Deleting StemInter{#5232(0.683/0.809)} on LEFT side of HeadInter{#2782(0.333/0.580) s:4 p:-5.00 NOTEHEAD_BLACK_SMALL}
2017-10-06 15:48:39,983 INFO [91387896]            BasicBook.java:1395 | Stored /book.xml
2017-10-06 15:48:40,513 INFO [91387896]           BasicSheet.java:979  | Stored /sheet#1/sheet#1.xml
2017-10-06 15:48:40,515 INFO [91387896]       StepMonitoring.java:96   | CURVES
2017-10-06 15:48:42,117 INFO [91387896]         SlursBuilder.java:762  | RIGHT collision SlurInter{#5804(0.376)} & SlurInter{#5829(0.534)} @ HeadInter{#1910(0.662/0.801) e#5506 s:1 p:3.00 NOTEHEAD_BLACK}
2017-10-06 15:48:42,118 INFO [91387896]         SlursBuilder.java:762  | RIGHT collision SlurInter{#5829(0.534)} & SlurInter{#5804(0.376)} @ HeadInter{#1910(0.662/0.801) e#5506 s:1 p:3.00 NOTEHEAD_BLACK}
2017-10-06 15:48:42,119 INFO [91387896]         SlursBuilder.java:762  | RIGHT collision SlurInter{#5760(0.377)} & SlurInter{#5902(0.475)} @ HeadInter{#2254(0.688/0.837) e#5556 s:3 p:-3.00 NOTEHEAD_BLACK}
2017-10-06 15:48:42,120 INFO [91387896]         SlursBuilder.java:762  | RIGHT collision SlurInter{#5902(0.475)} & SlurInter{#5760(0.377)} @ HeadInter{#2254(0.688/0.837) e#5556 s:3 p:-3.00 NOTEHEAD_BLACK}
2017-10-06 15:48:42,122 INFO [91387896]         SlursBuilder.java:762  | LEFT collision SlurInter{#5746(0.567)} & SlurInter{#5751(0.444)} @ HeadInter{#4678(0.632/0.802) e#5671 s:11 p:0.00 NOTEHEAD_BLACK}
2017-10-06 15:48:42,123 INFO [91387896]         SlursBuilder.java:762  | RIGHT collision SlurInter{#5746(0.567)} & SlurInter{#5751(0.444)} @ HeadInter{#4704(0.714/0.852) e#5672 s:11 p:1.00 NOTEHEAD_BLACK}
2017-10-06 15:48:42,127 INFO [91387896]         SlursBuilder.java:762  | LEFT collision SlurInter{#5751(0.444)} & SlurInter{#5746(0.567)} @ HeadInter{#4678(0.632/0.802) e#5671 s:11 p:0.00 NOTEHEAD_BLACK}
2017-10-06 15:48:42,130 INFO [91387896]         SlursBuilder.java:762  | RIGHT collision SlurInter{#5751(0.444)} & SlurInter{#5746(0.567)} @ HeadInter{#4704(0.714/0.852) e#5672 s:11 p:1.00 NOTEHEAD_BLACK}
2017-10-06 15:48:42,132 INFO [91387896]         SlursBuilder.java:157  | Slurs: 29
2017-10-06 15:48:42,192 INFO [91387896]      SegmentsBuilder.java:113  | Segments: 12
2017-10-06 15:48:42,200 INFO [91387896]            BasicBook.java:1395 | Stored /book.xml
2017-10-06 15:48:42,810 INFO [91387896]           BasicSheet.java:979  | Stored /sheet#1/sheet#1.xml
2017-10-06 15:48:42,812 INFO [91387896]       StepMonitoring.java:96   | SYMBOLS
2017-10-06 15:48:45,351 INFO [91387896]            BasicBook.java:1395 | Stored /book.xml
2017-10-06 15:48:46,079 INFO [91387896]           BasicSheet.java:979  | Stored /sheet#1/sheet#1.xml
2017-10-06 15:48:46,081 INFO [91387896]       StepMonitoring.java:96   | LINKS
2017-10-06 15:48:46,109 INFO [91387896]        SymbolsLinker.java:306  | No measure stack for direction SentenceInter{#5494(0.644) s:11 S-33 Direction} 103.
2017-10-06 15:48:46,131 INFO [91387896]            BasicBook.java:1395 | Stored /book.xml
2017-10-06 15:48:46,917 INFO [91387896]           BasicSheet.java:979  | Stored /sheet#1/sheet#1.xml
2017-10-06 15:48:46,920 INFO [91387896]       StepMonitoring.java:96   | RHYTHMS
2017-10-06 15:48:46,974 INFO [91387896]           PageRhythm.java:314  | Range{1-22 ts:6/8} Durations avgGuess:3/4 topGuess:3/4 avgValue:0.86 stacks:22 voices:49 Histogram{1/8-3/2 size:11 [1/8=2 1/4=3 3/8=1 1/2=4 5/8=9 3/4=10 7/8=3 1=7 9/8=6 5/4=2 3/2=2]}
2017-10-06 15:48:46,977 INFO [91387896]                Voice.java:257  | S1 MeasureStack#2 Voice #1 too long 3/8
2017-10-06 15:48:46,978 INFO [91387896]                Voice.java:257  | S1 MeasureStack#2 Voice #2 too long 1/4
2017-10-06 15:48:46,978 INFO [91387896]           StackTuner.java:92   | S1 MeasureStack#2 no correct rhythm
2017-10-06 15:48:46,980 INFO [91387896]                Voice.java:257  | S1 MeasureStack#4 Voice #1 too long 3/4
2017-10-06 15:48:46,980 INFO [91387896]                Voice.java:257  | S1 MeasureStack#4 Voice #2 too long 3/4
2017-10-06 15:48:46,981 INFO [91387896]           StackTuner.java:92   | S1 MeasureStack#4 no correct rhythm
2017-10-06 15:48:46,982 INFO [91387896]         SlotsBuilder.java:427  | S1 MeasureStack#5 Slot{#5 xOffset=154 timeOffset=1/2 incomings=[#5535] SUSPICIOUS}
2017-10-06 15:48:46,983 INFO [91387896]                Voice.java:257  | S1 MeasureStack#5 Voice #1 too long 1/8
2017-10-06 15:48:46,983 INFO [91387896]           StackTuner.java:92   | S1 MeasureStack#5 no correct rhythm
2017-10-06 15:48:46,990 INFO [91387896]                Voice.java:257  | S2 MeasureStack#7 Voice #1 too long 3/8
2017-10-06 15:48:46,991 INFO [91387896]                Voice.java:257  | S2 MeasureStack#7 Voice #2 too long 1/4
2017-10-06 15:48:46,991 INFO [91387896]           StackTuner.java:92   | S2 MeasureStack#7 no correct rhythm
2017-10-06 15:48:46,997 INFO [91387896]                Voice.java:257  | S2 MeasureStack#9 Voice #1 too long 1/2
2017-10-06 15:48:46,998 INFO [91387896]                Voice.java:257  | S2 MeasureStack#9 Voice #2 too long 1/4
2017-10-06 15:48:46,998 INFO [91387896]           StackTuner.java:92   | S2 MeasureStack#9 no correct rhythm
2017-10-06 15:48:47,000 INFO [91387896]                Voice.java:257  | S3 MeasureStack#10 Voice #1 too long 3/8
2017-10-06 15:48:47,001 INFO [91387896]           StackTuner.java:92   | S3 MeasureStack#10 no correct rhythm
2017-10-06 15:48:47,002 INFO [91387896]         SlotsBuilder.java:427  | S3 MeasureStack#11 Slot{#3 xOffset=147 timeOffset=3/8 incomings=[#5599] SUSPICIOUS}
2017-10-06 15:48:47,006 INFO [91387896]                Voice.java:257  | S3 MeasureStack#14 Voice #1 too long 1/8
2017-10-06 15:48:47,008 INFO [91387896]           StackTuner.java:92   | S3 MeasureStack#14 no correct rhythm
2017-10-06 15:48:47,015 INFO [91387896]                Voice.java:257  | S4 MeasureStack#16 Voice #1 too long 1/4
2017-10-06 15:48:47,016 INFO [91387896]                Voice.java:257  | S4 MeasureStack#16 Voice #2 too long 1/8
2017-10-06 15:48:47,017 INFO [91387896]                Voice.java:257  | S4 MeasureStack#16 Voice #3 too long 1/8
2017-10-06 15:48:47,017 INFO [91387896]           StackTuner.java:92   | S4 MeasureStack#16 no correct rhythm
2017-10-06 15:48:47,019 INFO [91387896]                Voice.java:257  | S4 MeasureStack#18 Voice #1 too long 3/8
2017-10-06 15:48:47,020 INFO [91387896]                Voice.java:257  | S4 MeasureStack#18 Voice #2 too long 1/4
2017-10-06 15:48:47,020 INFO [91387896]           StackTuner.java:92   | S4 MeasureStack#18 no correct rhythm
2017-10-06 15:48:47,021 INFO [91387896]                Voice.java:257  | S5 MeasureStack#19 Voice #1 too long 3/8
2017-10-06 15:48:47,022 INFO [91387896]           StackTuner.java:92   | S5 MeasureStack#19 no correct rhythm
2017-10-06 15:48:47,023 INFO [91387896]                Voice.java:257  | S5 MeasureStack#20 Voice #1 too long 1/2
2017-10-06 15:48:47,023 INFO [91387896]                Voice.java:257  | S5 MeasureStack#20 Voice #2 too long 1/4
2017-10-06 15:48:47,024 INFO [91387896]           StackTuner.java:92   | S5 MeasureStack#20 no correct rhythm
2017-10-06 15:48:47,025 INFO [91387896]                Voice.java:257  | S5 MeasureStack#21 Voice #1 too long 3/8
2017-10-06 15:48:47,026 INFO [91387896]                Voice.java:257  | S5 MeasureStack#21 Voice #2 too long 1/4
2017-10-06 15:48:47,027 INFO [91387896]           StackTuner.java:92   | S5 MeasureStack#21 no correct rhythm
2017-10-06 15:48:47,033 INFO [91387896]           PageRhythm.java:314  | Range{1-5 ts:4/4} Durations avgGuess:1 topGuess:1 avgValue:0.91 stacks:5 voices:11 Histogram{1/2-5/4 size:4 [1/2=1 3/4=3 1=6 5/4=1]}
2017-10-06 15:48:47,037 INFO [91387896]                Voice.java:257  | S6 MeasureStack#5 Voice #1 too long 1/4
2017-10-06 15:48:47,038 INFO [91387896]           StackTuner.java:92   | S6 MeasureStack#5 no correct rhythm
2017-10-06 15:48:47,040 INFO [91387896]            BasicBook.java:1395 | Stored /book.xml
2017-10-06 15:48:47,748 INFO [91387896]           BasicSheet.java:979  | Stored /sheet#1/sheet#1.xml
2017-10-06 15:48:47,750 INFO [91387896]       StepMonitoring.java:96   | PAGE
2017-10-06 15:48:47,755 INFO [91387896]                Voice.java:257  | S1 MeasureStack#2 Voice #1 too long 3/8
2017-10-06 15:48:47,755 INFO [91387896]                Voice.java:257  | S1 MeasureStack#2 Voice #2 too long 1/4
2017-10-06 15:48:47,756 INFO [91387896]                Voice.java:257  | S1 MeasureStack#4 Voice #1 too long 3/4
2017-10-06 15:48:47,756 INFO [91387896]                Voice.java:257  | S1 MeasureStack#4 Voice #2 too long 3/4
2017-10-06 15:48:47,756 INFO [91387896]                Voice.java:257  | S1 MeasureStack#5 Voice #1 too long 1/8
2017-10-06 15:48:47,757 INFO [91387896]                Voice.java:257  | S2 MeasureStack#7 Voice #1 too long 3/8
2017-10-06 15:48:47,757 INFO [91387896]                Voice.java:257  | S2 MeasureStack#7 Voice #2 too long 1/4
2017-10-06 15:48:47,757 INFO [91387896]                Voice.java:257  | S2 MeasureStack#9 Voice #1 too long 1/2
2017-10-06 15:48:47,757 INFO [91387896]                Voice.java:257  | S2 MeasureStack#9 Voice #2 too long 1/4
2017-10-06 15:48:47,757 INFO [91387896]                Voice.java:257  | S3 MeasureStack#10 Voice #1 too long 3/8
2017-10-06 15:48:47,758 INFO [91387896]                Voice.java:257  | S3 MeasureStack#14 Voice #1 too long 1/8
2017-10-06 15:48:47,758 INFO [91387896]                Voice.java:257  | S4 MeasureStack#16 Voice #1 too long 1/4
2017-10-06 15:48:47,758 INFO [91387896]                Voice.java:257  | S4 MeasureStack#16 Voice #2 too long 1/8
2017-10-06 15:48:47,758 INFO [91387896]                Voice.java:257  | S4 MeasureStack#16 Voice #3 too long 1/8
2017-10-06 15:48:47,758 INFO [91387896]                Voice.java:257  | S4 MeasureStack#18 Voice #1 too long 3/8
2017-10-06 15:48:47,759 INFO [91387896]                Voice.java:257  | S4 MeasureStack#18 Voice #2 too long 1/4
2017-10-06 15:48:47,759 INFO [91387896]                Voice.java:257  | S5 MeasureStack#19 Voice #1 too long 3/8
2017-10-06 15:48:47,759 INFO [91387896]                Voice.java:257  | S5 MeasureStack#20 Voice #1 too long 1/2
2017-10-06 15:48:47,759 INFO [91387896]                Voice.java:257  | S5 MeasureStack#20 Voice #2 too long 1/4
2017-10-06 15:48:47,759 INFO [91387896]                Voice.java:257  | S5 MeasureStack#21 Voice #1 too long 3/8
2017-10-06 15:48:47,759 INFO [91387896]                Voice.java:257  | S5 MeasureStack#21 Voice #2 too long 1/4
2017-10-06 15:48:47,760 INFO [91387896]                Voice.java:257  | S6 MeasureStack#5 Voice #1 too long 1/4
2017-10-06 15:48:47,762 INFO [91387896]            BasicBook.java:1395 | Stored /book.xml
2017-10-06 15:48:48,481 INFO [91387896]           BasicSheet.java:979  | Stored /sheet#1/sheet#1.xml
2017-10-06 15:48:48,483 INFO [91387896]            BasicStub.java:723  | Sheet{91387896} disposed
2017-10-06 15:48:49,364 INFO [91387896]            BasicStub.java:449  | Loaded /sheet#1/sheet#1.xml
2017-10-06 15:48:49,366 INFO [91387896]            BasicBook.java:1133 | Scores built: 2
2017-10-06 15:48:50,374 WARN [91387896]      PartwiseBuilder.java:1379 | Error visiting null
java.lang.NullPointerException: null
	at org.audiveris.omr.score.PartwiseBuilder.processKey(PartwiseBuilder.java:1344)
	at org.audiveris.omr.score.PartwiseBuilder.processKeys(PartwiseBuilder.java:1407)
	at org.audiveris.omr.score.PartwiseBuilder.processMeasure(PartwiseBuilder.java:1575)
	at org.audiveris.omr.score.PartwiseBuilder.processPart(PartwiseBuilder.java:1988)
	at org.audiveris.omr.score.PartwiseBuilder.processSystem(PartwiseBuilder.java:2528)
	at org.audiveris.omr.score.PartwiseBuilder.processLogicalPart(PartwiseBuilder.java:1433)
	at org.audiveris.omr.score.PartwiseBuilder.processStub(PartwiseBuilder.java:2483)
	at org.audiveris.omr.score.PartwiseBuilder.processPartList(PartwiseBuilder.java:2017)
	at org.audiveris.omr.score.PartwiseBuilder.processScore(PartwiseBuilder.java:2195)
	at org.audiveris.omr.score.PartwiseBuilder.build(PartwiseBuilder.java:307)
	at org.audiveris.omr.score.ScoreExporter.export(ScoreExporter.java:117)
	at org.audiveris.omr.score.ScoreExporter.export(ScoreExporter.java:91)
	at org.audiveris.omr.sheet.BasicBook.export(BasicBook.java:589)
	at org.audiveris.omr.CLI$ProcessingTask.processBook(CLI.java:785)
	at org.audiveris.omr.CLI$CliTask.call(CLI.java:344)
	at org.audiveris.omr.Main.runBatchTasks(Main.java:316)
	at org.audiveris.omr.Main.main(Main.java:155)
	at Audiveris.main(Audiveris.java:49)
2017-10-06 15:48:50,388 WARN [91387896]      PartwiseBuilder.java:1379 | Error visiting null
java.lang.NullPointerException: null
	at org.audiveris.omr.score.PartwiseBuilder.processKey(PartwiseBuilder.java:1344)
	at org.audiveris.omr.score.PartwiseBuilder.processKeys(PartwiseBuilder.java:1407)
	at org.audiveris.omr.score.PartwiseBuilder.processMeasure(PartwiseBuilder.java:1575)
	at org.audiveris.omr.score.PartwiseBuilder.processPart(PartwiseBuilder.java:1988)
	at org.audiveris.omr.score.PartwiseBuilder.processSystem(PartwiseBuilder.java:2528)
	at org.audiveris.omr.score.PartwiseBuilder.processLogicalPart(PartwiseBuilder.java:1433)
	at org.audiveris.omr.score.PartwiseBuilder.processStub(PartwiseBuilder.java:2483)
	at org.audiveris.omr.score.PartwiseBuilder.processPartList(PartwiseBuilder.java:2017)
	at org.audiveris.omr.score.PartwiseBuilder.processScore(PartwiseBuilder.java:2195)
	at org.audiveris.omr.score.PartwiseBuilder.build(PartwiseBuilder.java:307)
	at org.audiveris.omr.score.ScoreExporter.export(ScoreExporter.java:117)
	at org.audiveris.omr.score.ScoreExporter.export(ScoreExporter.java:91)
	at org.audiveris.omr.sheet.BasicBook.export(BasicBook.java:589)
	at org.audiveris.omr.CLI$ProcessingTask.processBook(CLI.java:785)
	at org.audiveris.omr.CLI$CliTask.call(CLI.java:344)
	at org.audiveris.omr.Main.runBatchTasks(Main.java:316)
	at org.audiveris.omr.Main.main(Main.java:155)
	at Audiveris.main(Audiveris.java:49)
2017-10-06 15:48:50,397 WARN [91387896]      PartwiseBuilder.java:1379 | Error visiting null
java.lang.NullPointerException: null
	at org.audiveris.omr.score.PartwiseBuilder.processKey(PartwiseBuilder.java:1344)
	at org.audiveris.omr.score.PartwiseBuilder.processKeys(PartwiseBuilder.java:1407)
	at org.audiveris.omr.score.PartwiseBuilder.processMeasure(PartwiseBuilder.java:1575)
	at org.audiveris.omr.score.PartwiseBuilder.processPart(PartwiseBuilder.java:1988)
	at org.audiveris.omr.score.PartwiseBuilder.processSystem(PartwiseBuilder.java:2528)
	at org.audiveris.omr.score.PartwiseBuilder.processLogicalPart(PartwiseBuilder.java:1433)
	at org.audiveris.omr.score.PartwiseBuilder.processStub(PartwiseBuilder.java:2483)
	at org.audiveris.omr.score.PartwiseBuilder.processPartList(PartwiseBuilder.java:2017)
	at org.audiveris.omr.score.PartwiseBuilder.processScore(PartwiseBuilder.java:2195)
	at org.audiveris.omr.score.PartwiseBuilder.build(PartwiseBuilder.java:307)
	at org.audiveris.omr.score.ScoreExporter.export(ScoreExporter.java:117)
	at org.audiveris.omr.score.ScoreExporter.export(ScoreExporter.java:91)
	at org.audiveris.omr.sheet.BasicBook.export(BasicBook.java:589)
	at org.audiveris.omr.CLI$ProcessingTask.processBook(CLI.java:785)
	at org.audiveris.omr.CLI$CliTask.call(CLI.java:344)
	at org.audiveris.omr.Main.runBatchTasks(Main.java:316)
	at org.audiveris.omr.Main.main(Main.java:155)
	at Audiveris.main(Audiveris.java:49)
2017-10-06 15:48:50,401 WARN [91387896]      PartwiseBuilder.java:1379 | Error visiting null
java.lang.NullPointerException: null
	at org.audiveris.omr.score.PartwiseBuilder.processKey(PartwiseBuilder.java:1344)
	at org.audiveris.omr.score.PartwiseBuilder.processKeys(PartwiseBuilder.java:1407)
	at org.audiveris.omr.score.PartwiseBuilder.processMeasure(PartwiseBuilder.java:1575)
	at org.audiveris.omr.score.PartwiseBuilder.processPart(PartwiseBuilder.java:1988)
	at org.audiveris.omr.score.PartwiseBuilder.processSystem(PartwiseBuilder.java:2528)
	at org.audiveris.omr.score.PartwiseBuilder.processLogicalPart(PartwiseBuilder.java:1433)
	at org.audiveris.omr.score.PartwiseBuilder.processStub(PartwiseBuilder.java:2483)
	at org.audiveris.omr.score.PartwiseBuilder.processPartList(PartwiseBuilder.java:2017)
	at org.audiveris.omr.score.PartwiseBuilder.processScore(PartwiseBuilder.java:2195)
	at org.audiveris.omr.score.PartwiseBuilder.build(PartwiseBuilder.java:307)
	at org.audiveris.omr.score.ScoreExporter.export(ScoreExporter.java:117)
	at org.audiveris.omr.score.ScoreExporter.export(ScoreExporter.java:91)
	at org.audiveris.omr.sheet.BasicBook.export(BasicBook.java:589)
	at org.audiveris.omr.CLI$ProcessingTask.processBook(CLI.java:785)
	at org.audiveris.omr.CLI$CliTask.call(CLI.java:344)
	at org.audiveris.omr.Main.runBatchTasks(Main.java:316)
	at org.audiveris.omr.Main.main(Main.java:155)
	at Audiveris.main(Audiveris.java:49)
2017-10-06 15:48:50,463 INFO [91387896]        ScoreExporter.java:93   | Score 91387896.mvt1 exported to /Users/stephenn/Documents/workspace/nlsomr/xml_out/91386487/91387896/91387896.mvt1.mxl
2017-10-06 15:48:50,479 INFO [91387896]        ScoreExporter.java:93   | Score 91387896.mvt2 exported to /Users/stephenn/Documents/workspace/nlsomr/xml_out/91386487/91387896/91387896.mvt2.mxl
2017-10-06 15:48:50,627 INFO [91387896]            BasicBook.java:1395 | Stored /book.xml
2017-10-06 15:48:50,628 INFO [91387896]            BasicBook.java:1355 | Book stored as /Users/stephenn/Documents/workspace/nlsomr/xml_out/91386487/91387896/91387896.omr
