2017-10-06 14:28:57,656 INFO [91386816]            BasicBook.java:427  | 1 sheet in /Users/stephenn/Documents/workspace/nlsomr/working/91386816.jpg
2017-10-06 14:28:57,806 INFO []            BasicBook.java:1395 | Stored /book.xml
2017-10-06 14:28:57,807 INFO []            BasicBook.java:1355 | Book stored as /Users/stephenn/Documents/workspace/nlsomr/xml_out/91386487/91386816/91386816.omr
2017-10-06 14:28:57,812 INFO []            BasicBook.java:996  | Book reaching PAGE on sheets:[#1]
2017-10-06 14:28:57,813 INFO [91386816]       StepMonitoring.java:96   | LOAD
2017-10-06 14:28:57,982 INFO [91386816]            BasicBook.java:911  | Loaded image 1 2000x3056 from /Users/stephenn/Documents/workspace/nlsomr/working/91386816.jpg
2017-10-06 14:28:57,986 INFO [91386816]            ImageUtil.java:82   | Converting max RGB to gray ...
2017-10-06 14:28:58,230 INFO [91386816]            BasicBook.java:1395 | Stored /book.xml
2017-10-06 14:28:58,538 INFO [91386816]           BasicSheet.java:979  | Stored /sheet#1/sheet#1.xml
2017-10-06 14:28:58,539 INFO [91386816]       StepMonitoring.java:96   | BINARY
2017-10-06 14:28:59,142 INFO [91386816]            BasicBook.java:1395 | Stored /book.xml
2017-10-06 14:28:59,450 INFO [91386816]              Picture.java:786  | Stored /sheet#1/BINARY.xml
2017-10-06 14:28:59,451 INFO [91386816]           BasicSheet.java:979  | Stored /sheet#1/sheet#1.xml
2017-10-06 14:28:59,453 INFO [91386816]       StepMonitoring.java:96   | SCALE
2017-10-06 14:28:59,496 INFO [91386816]            ScaleStep.java:87   | Scale{line(3,4,5) interline(16,16,17) beam(12)}
2017-10-06 14:28:59,498 INFO [91386816]            BasicBook.java:1395 | Stored /book.xml
2017-10-06 14:28:59,501 INFO [91386816]           BasicSheet.java:979  | Stored /sheet#1/sheet#1.xml
2017-10-06 14:28:59,503 INFO [91386816]       StepMonitoring.java:96   | GRID
2017-10-06 14:29:00,280 INFO [91386816]       LinesRetriever.java:442  | Global slope: 0.00071
2017-10-06 14:29:00,357 INFO [91386816]    ClustersRetriever.java:241  | Retrieved line clusters: 12 of size: 5 with interline: (16,16,17)
2017-10-06 14:29:00,814 INFO [91386816]            PeakGraph.java:181  | Systems: #1[1, 2] #2[3, 4] #3[5, 6] #4[7, 8] #5[9, 10] #6[11, 12]
2017-10-06 14:29:01,439 INFO [91386816]        SystemManager.java:626  | Indentation detected for system#1
2017-10-06 14:29:01,440 INFO [91386816]        SystemManager.java:709  | 1 part along 6 systems
2017-10-06 14:29:01,443 INFO [91386816]            BasicBook.java:1395 | Stored /book.xml
2017-10-06 14:29:01,642 INFO [91386816]           BasicSheet.java:979  | Stored /sheet#1/sheet#1.xml
2017-10-06 14:29:01,645 INFO [91386816]       StepMonitoring.java:96   | HEADERS
2017-10-06 14:29:02,077 INFO [91386816]          Nd4jBackend.java:194  | Loaded [CpuBackend] backend
2017-10-06 14:29:02,152 INFO [91386816]      NativeOpsHolder.java:49   | Number of threads used for NativeOps: 2
2017-10-06 14:29:02,622 INFO [91386816] DefaultOpExecutioner.java:544  | Backend used: [CPU]; OS: [Mac OS X]
2017-10-06 14:29:02,623 INFO [91386816] DefaultOpExecutioner.java:545  | Cores: [4]; Memory: [3.6GB];
2017-10-06 14:29:02,623 INFO [91386816] DefaultOpExecutioner.java:546  | Blas vendor: [OPENBLAS]
2017-10-06 14:29:02,668 INFO [91386816]   AbstractClassifier.java:332  | Classifier data loaded from default uri jar:file:/Users/stephenn/Documents/workspace/audiveris/build/distributions/Audiveris/lib/audiveris.jar!/res/basic-classifier.zip
2017-10-06 14:29:04,203 WARN [91386816]          ClefBuilder.java:560  | Staff#2 no header clef.
2017-10-06 14:29:04,482 WARN [91386816]          ClefBuilder.java:560  | Staff#4 no header clef.
2017-10-06 14:29:04,630 WARN [91386816]          ClefBuilder.java:560  | Staff#6 no header clef.
2017-10-06 14:29:04,861 WARN [91386816]          ClefBuilder.java:560  | Staff#8 no header clef.
2017-10-06 14:29:05,011 WARN [91386816]          ClefBuilder.java:560  | Staff#10 no header clef.
2017-10-06 14:29:05,164 INFO [91386816]            BasicBook.java:1395 | Stored /book.xml
2017-10-06 14:29:05,621 INFO [91386816]           BasicSheet.java:979  | Stored /sheet#1/sheet#1.xml
2017-10-06 14:29:05,631 INFO [91386816]       StepMonitoring.java:96   | STEM_SEEDS
2017-10-06 14:29:05,764 INFO [91386816]        StemSeedsStep.java:91   | stem(3 max:4)
2017-10-06 14:29:05,884 INFO [91386816]            BasicBook.java:1395 | Stored /book.xml
2017-10-06 14:29:06,054 INFO []   AbstractClassifier.java:332  | Classifier data loaded from default uri jar:file:/Users/stephenn/Documents/workspace/audiveris/build/distributions/Audiveris/lib/audiveris.jar!/res/deep-classifier.zip
2017-10-06 14:29:06,325 INFO [91386816]           BasicSheet.java:979  | Stored /sheet#1/sheet#1.xml
2017-10-06 14:29:06,327 INFO [91386816]       StepMonitoring.java:96   | BEAMS
2017-10-06 14:29:10,802 INFO [91386816]            BeamsStep.java:89   | BeamDistance{count:14 mean:15.10 stdDev:0.56}
2017-10-06 14:29:10,805 INFO [91386816]            BasicBook.java:1395 | Stored /book.xml
2017-10-06 14:29:10,865 INFO [91386816]              Picture.java:786  | Stored /sheet#1/HEAD_SPOTS.xml
2017-10-06 14:29:11,265 INFO [91386816]           BasicSheet.java:979  | Stored /sheet#1/sheet#1.xml
2017-10-06 14:29:11,268 INFO [91386816]       StepMonitoring.java:96   | LEDGERS
2017-10-06 14:29:11,707 INFO [91386816]            BasicBook.java:1395 | Stored /book.xml
2017-10-06 14:29:12,159 INFO [91386816]           BasicSheet.java:979  | Stored /sheet#1/sheet#1.xml
2017-10-06 14:29:12,161 INFO [91386816]       StepMonitoring.java:96   | HEADS
2017-10-06 14:29:14,628 INFO [91386816]            BasicBook.java:1395 | Stored /book.xml
2017-10-06 14:29:15,627 INFO [91386816]           BasicSheet.java:979  | Stored /sheet#1/sheet#1.xml
2017-10-06 14:29:15,631 INFO [91386816]       StepMonitoring.java:96   | STEMS
2017-10-06 14:29:16,933 INFO [91386816]            BasicBook.java:1395 | Stored /book.xml
2017-10-06 14:29:18,157 INFO [91386816]           BasicSheet.java:979  | Stored /sheet#1/sheet#1.xml
2017-10-06 14:29:18,159 INFO [91386816]       StepMonitoring.java:96   | REDUCTION
2017-10-06 14:29:18,503 INFO [91386816]            BasicBook.java:1395 | Stored /book.xml
2017-10-06 14:29:19,288 INFO [91386816]           BasicSheet.java:979  | Stored /sheet#1/sheet#1.xml
2017-10-06 14:29:19,290 INFO [91386816]       StepMonitoring.java:96   | CUE_BEAMS
2017-10-06 14:29:19,303 INFO [91386816]            BasicBook.java:1395 | Stored /book.xml
2017-10-06 14:29:20,082 INFO [91386816]           BasicSheet.java:979  | Stored /sheet#1/sheet#1.xml
2017-10-06 14:29:20,084 INFO [91386816]       StepMonitoring.java:96   | TEXTS
2017-10-06 14:29:21,741 INFO [91386816]            BasicBook.java:1395 | Stored /book.xml
2017-10-06 14:29:22,522 INFO [91386816]           BasicSheet.java:979  | Stored /sheet#1/sheet#1.xml
2017-10-06 14:29:22,524 INFO [91386816]       StepMonitoring.java:96   | MEASURES
2017-10-06 14:29:22,529 INFO [91386816]                 Page.java:210  | 26 raw measures: [5 in system#1, 4 in system#2, 4 in system#3, 4 in system#4, 4 in system#5, 5 in system#6]
2017-10-06 14:29:22,530 INFO [91386816]            BasicBook.java:1395 | Stored /book.xml
2017-10-06 14:29:23,329 INFO [91386816]           BasicSheet.java:979  | Stored /sheet#1/sheet#1.xml
2017-10-06 14:29:23,331 INFO [91386816]       StepMonitoring.java:96   | CHORDS
2017-10-06 14:29:23,343 INFO [91386816]            BasicBook.java:1395 | Stored /book.xml
2017-10-06 14:29:24,145 INFO [91386816]           BasicSheet.java:979  | Stored /sheet#1/sheet#1.xml
2017-10-06 14:29:24,147 INFO [91386816]       StepMonitoring.java:96   | CURVES
2017-10-06 14:29:25,460 INFO [91386816]         SlursBuilder.java:762  | RIGHT collision SlurInter{#4475(0.473)} & SlurInter{#4514(0.146)} @ HeadInter{#2221(0.710/0.899) e#4172 s:4 p:5.00 NOTEHEAD_BLACK}
2017-10-06 14:29:25,461 INFO [91386816]         SlursBuilder.java:762  | RIGHT collision SlurInter{#4514(0.146)} & SlurInter{#4475(0.473)} @ HeadInter{#2221(0.710/0.899) e#4172 s:4 p:5.00 NOTEHEAD_BLACK}
2017-10-06 14:29:25,461 INFO [91386816]         SlursBuilder.java:762  | LEFT collision SlurInter{#4336(0.589)} & SlurInter{#4381(0.245)} @ HeadInter{#2717(0.590/0.782) e#4219 s:7 p:2.00 NOTEHEAD_BLACK}
2017-10-06 14:29:25,462 INFO [91386816]         SlursBuilder.java:762  | RIGHT collision SlurInter{#4336(0.589)} & SlurInter{#4381(0.245)} @ HeadInter{#2749(0.647/0.815) e#4221 s:7 p:3.00 NOTEHEAD_BLACK}
2017-10-06 14:29:25,463 INFO [91386816]         SlursBuilder.java:762  | LEFT collision SlurInter{#4381(0.245)} & SlurInter{#4336(0.589)} @ HeadInter{#2717(0.590/0.782) e#4219 s:7 p:2.00 NOTEHEAD_BLACK}
2017-10-06 14:29:25,463 INFO [91386816]         SlursBuilder.java:762  | RIGHT collision SlurInter{#4381(0.245)} & SlurInter{#4336(0.589)} @ HeadInter{#2749(0.647/0.815) e#4221 s:7 p:3.00 NOTEHEAD_BLACK}
2017-10-06 14:29:25,464 INFO [91386816]         SlursBuilder.java:762  | RIGHT collision SlurInter{#4455(0.339)} & SlurInter{#4541(0.316)} @ HeadInter{#2976(0.661/0.824) e#4224 s:8 p:5.00 NOTEHEAD_BLACK}
2017-10-06 14:29:25,464 INFO [91386816]         SlursBuilder.java:762  | RIGHT collision SlurInter{#4541(0.316)} & SlurInter{#4455(0.339)} @ HeadInter{#2976(0.661/0.824) e#4224 s:8 p:5.00 NOTEHEAD_BLACK}
2017-10-06 14:29:25,466 INFO [91386816]         SlursBuilder.java:157  | Slurs: 24
2017-10-06 14:29:25,499 INFO [91386816]      SegmentsBuilder.java:113  | Segments: 29
2017-10-06 14:29:25,507 INFO [91386816]            BasicBook.java:1395 | Stored /book.xml
2017-10-06 14:29:26,733 INFO [91386816]           BasicSheet.java:979  | Stored /sheet#1/sheet#1.xml
2017-10-06 14:29:26,735 INFO [91386816]       StepMonitoring.java:96   | SYMBOLS
2017-10-06 14:29:29,457 INFO [91386816]            BasicBook.java:1395 | Stored /book.xml
2017-10-06 14:29:30,872 INFO [91386816]           BasicSheet.java:979  | Stored /sheet#1/sheet#1.xml
2017-10-06 14:29:30,874 INFO [91386816]       StepMonitoring.java:96   | LINKS
2017-10-06 14:29:30,899 INFO [91386816]        SymbolsLinker.java:252  | No chord above PedalInter{#5402(0.799) PEDAL_UP_MARK}
2017-10-06 14:29:30,923 INFO [91386816]            BasicBook.java:1395 | Stored /book.xml
2017-10-06 14:29:32,357 INFO [91386816]           BasicSheet.java:979  | Stored /sheet#1/sheet#1.xml
2017-10-06 14:29:32,359 INFO [91386816]       StepMonitoring.java:96   | RHYTHMS
2017-10-06 14:29:32,405 INFO [91386816]           PageRhythm.java:314  | Range{1-26} Durations avgGuess:3/4 topGuess:3/4 avgValue:0.69 stacks:26 voices:64 Histogram{1/4-5/4 size:10 [1/4=4 5/16=1 1/2=15 9/16=1 5/8=4 11/16=2 3/4=33 7/8=2 1=1 5/4=1]}
2017-10-06 14:29:32,406 INFO [91386816]           PageRhythm.java:221  | S1 Range{1-26 dur:3/4} should update to 3/4-based time sig?
2017-10-06 14:29:32,407 INFO [91386816]                Voice.java:257  | S1 MeasureStack#1 Voice #1 too long 1/2
2017-10-06 14:29:32,407 INFO [91386816]                Voice.java:257  | S1 MeasureStack#1 Voice #2 too long 1/4
2017-10-06 14:29:32,408 INFO [91386816]           StackTuner.java:92   | S1 MeasureStack#1 no correct rhythm
2017-10-06 14:29:32,413 INFO [91386816]         SlotsBuilder.java:427  | S1 MeasureStack#5 Slot{#4 xOffset=164 timeOffset=1/2 incomings=[#4151] SUSPICIOUS}
2017-10-06 14:29:32,418 INFO [91386816]                Voice.java:257  | S2 MeasureStack#6 Voice #3 too long 1/8
2017-10-06 14:29:32,418 INFO [91386816]           StackTuner.java:92   | S2 MeasureStack#6 no correct rhythm
2017-10-06 14:29:32,420 INFO [91386816]                Voice.java:257  | S2 MeasureStack#7 Voice #1 too long 1/8
2017-10-06 14:29:32,421 INFO [91386816]           StackTuner.java:92   | S2 MeasureStack#7 no correct rhythm
2017-10-06 14:29:32,425 INFO [91386816]         SlotsBuilder.java:427  | S3 MeasureStack#12 Slot{#6 xOffset=308 timeOffset=1/2 incomings=[#4210] SUSPICIOUS}
2017-10-06 14:29:32,428 INFO [91386816]         SlotsBuilder.java:427  | S4 MeasureStack#15 Slot{#4 xOffset=279 timeOffset=1/2 incomings=[#4220] SUSPICIOUS}
2017-10-06 14:29:32,429 INFO [91386816]         SlotsBuilder.java:427  | S4 MeasureStack#15 Slot{#6 xOffset=358 timeOffset=3/4 incomings=[#4221] SUSPICIOUS}
2017-10-06 14:29:32,429 INFO [91386816]                Voice.java:257  | S4 MeasureStack#15 Voice #1 too long 1/4
2017-10-06 14:29:32,430 INFO [91386816]           StackTuner.java:92   | S4 MeasureStack#15 no correct rhythm
2017-10-06 14:29:32,432 INFO [91386816]         SlotsBuilder.java:427  | S5 MeasureStack#19 Slot{#6 xOffset=358 timeOffset=5/8 incomings=[#4254] SUSPICIOUS}
2017-10-06 14:29:32,433 INFO [91386816]                Voice.java:257  | S5 MeasureStack#19 Voice #3 too long 1/8
2017-10-06 14:29:32,433 INFO [91386816]           StackTuner.java:92   | S5 MeasureStack#19 no correct rhythm
2017-10-06 14:29:32,434 INFO [91386816]         SlotsBuilder.java:427  | S5 MeasureStack#21 Slot{#4 xOffset=217 timeOffset=1/4 incomings=[#4259] SUSPICIOUS}
2017-10-06 14:29:32,435 INFO [91386816]         SlotsBuilder.java:427  | S5 MeasureStack#21 Slot{#6 xOffset=285 timeOffset=3/8 incomings=[#4260] SUSPICIOUS}
2017-10-06 14:29:32,438 INFO [91386816]         SlotsBuilder.java:427  | S5 MeasureStack#21 Slot{#8 xOffset=355 timeOffset=1/2 incomings=[#4261] SUSPICIOUS}
2017-10-06 14:29:32,440 INFO [91386816]         SlotsBuilder.java:427  | S6 MeasureStack#23 Slot{#6 xOffset=308 timeOffset=9/16 incomings=[#4284] SUSPICIOUS}
2017-10-06 14:29:32,441 INFO [91386816]         SlotsBuilder.java:434  | Stack#23 endless loop detected
2017-10-06 14:29:32,446 INFO [91386816]            BasicBook.java:1395 | Stored /book.xml
2017-10-06 14:29:33,984 INFO [91386816]           BasicSheet.java:979  | Stored /sheet#1/sheet#1.xml
2017-10-06 14:29:33,986 INFO [91386816]       StepMonitoring.java:96   | PAGE
2017-10-06 14:29:33,990 INFO [91386816]                 Part.java:267  | Could not left-connect slur#4475
2017-10-06 14:29:33,994 INFO [91386816]                 Part.java:267  | Could not left-connect slur#4455
2017-10-06 14:29:33,994 INFO [91386816]                 Part.java:267  | Could not left-connect slur#4541
2017-10-06 14:29:33,998 INFO [91386816]                Voice.java:257  | S1 MeasureStack#1 Voice #1 too long 1/2
2017-10-06 14:29:33,998 INFO [91386816]                Voice.java:257  | S1 MeasureStack#1 Voice #2 too long 1/4
2017-10-06 14:29:33,999 INFO [91386816]                Voice.java:257  | S2 MeasureStack#6 Voice #3 too long 1/8
2017-10-06 14:29:34,000 INFO [91386816]                Voice.java:257  | S2 MeasureStack#7 Voice #1 too long 1/8
2017-10-06 14:29:34,000 INFO [91386816]                Voice.java:257  | S4 MeasureStack#15 Voice #1 too long 1/4
2017-10-06 14:29:34,001 INFO [91386816]                Voice.java:257  | S5 MeasureStack#19 Voice #3 too long 1/8
2017-10-06 14:29:34,003 INFO [91386816]            BasicBook.java:1395 | Stored /book.xml
2017-10-06 14:29:35,485 INFO [91386816]           BasicSheet.java:979  | Stored /sheet#1/sheet#1.xml
2017-10-06 14:29:35,488 INFO [91386816]            BasicStub.java:723  | Sheet{91386816} disposed
2017-10-06 14:29:36,404 WARN [91386816]              SIGraph.java:192  | Error in class org.audiveris.omr.sig.SIGraph afterReload() java.lang.ClassCastException: org.audiveris.omr.sig.inter.SmallChordInter cannot be cast to org.audiveris.omr.sig.inter.HeadChordInter
java.lang.ClassCastException: org.audiveris.omr.sig.inter.SmallChordInter cannot be cast to org.audiveris.omr.sig.inter.HeadChordInter
	at org.audiveris.omr.sig.inter.ArticulationInter.getStaff(ArticulationInter.java:102)
	at org.audiveris.omr.sheet.Staff$StaffHolder.checkStaffHolder(Staff.java:1804)
	at org.audiveris.omr.sig.SIGraph.afterReload(SIGraph.java:189)
	at org.audiveris.omr.sheet.SystemInfo.afterReload(SystemInfo.java:257)
	at org.audiveris.omr.sheet.BasicSheet.afterReload(BasicSheet.java:327)
	at org.audiveris.omr.sheet.BasicStub.getSheet(BasicStub.java:448)
	at org.audiveris.omr.sheet.BasicStub.getSheet(BasicStub.java:86)
	at org.audiveris.omr.score.Score.getPage(Score.java:608)
	at org.audiveris.omr.score.Score.getPages(Score.java:380)
	at org.audiveris.omr.score.ScoreReduction.<init>(ScoreReduction.java:94)
	at org.audiveris.omr.sheet.BasicBook.reduceScores(BasicBook.java:1109)
	at org.audiveris.omr.sheet.BasicBook.transcribe(BasicBook.java:1448)
	at org.audiveris.omr.sheet.BasicBook.export(BasicBook.java:558)
	at org.audiveris.omr.CLI$ProcessingTask.processBook(CLI.java:785)
	at org.audiveris.omr.CLI$CliTask.call(CLI.java:344)
	at org.audiveris.omr.Main.runBatchTasks(Main.java:316)
	at org.audiveris.omr.Main.main(Main.java:155)
	at Audiveris.main(Audiveris.java:49)
2017-10-06 14:29:36,406 INFO [91386816]            BasicStub.java:449  | Loaded /sheet#1/sheet#1.xml
2017-10-06 14:29:36,407 INFO [91386816]            BasicBook.java:1133 | Scores built: 1
2017-10-06 14:29:37,352 WARN [91386816]      PartwiseBuilder.java:1379 | Error visiting null
java.lang.NullPointerException: null
	at org.audiveris.omr.score.PartwiseBuilder.processKey(PartwiseBuilder.java:1344)
	at org.audiveris.omr.score.PartwiseBuilder.processKeys(PartwiseBuilder.java:1407)
	at org.audiveris.omr.score.PartwiseBuilder.processMeasure(PartwiseBuilder.java:1575)
	at org.audiveris.omr.score.PartwiseBuilder.processPart(PartwiseBuilder.java:1988)
	at org.audiveris.omr.score.PartwiseBuilder.processSystem(PartwiseBuilder.java:2528)
	at org.audiveris.omr.score.PartwiseBuilder.processLogicalPart(PartwiseBuilder.java:1433)
	at org.audiveris.omr.score.PartwiseBuilder.processStub(PartwiseBuilder.java:2483)
	at org.audiveris.omr.score.PartwiseBuilder.processPartList(PartwiseBuilder.java:2017)
	at org.audiveris.omr.score.PartwiseBuilder.processScore(PartwiseBuilder.java:2195)
	at org.audiveris.omr.score.PartwiseBuilder.build(PartwiseBuilder.java:307)
	at org.audiveris.omr.score.ScoreExporter.export(ScoreExporter.java:117)
	at org.audiveris.omr.score.ScoreExporter.export(ScoreExporter.java:91)
	at org.audiveris.omr.sheet.BasicBook.export(BasicBook.java:589)
	at org.audiveris.omr.CLI$ProcessingTask.processBook(CLI.java:785)
	at org.audiveris.omr.CLI$CliTask.call(CLI.java:344)
	at org.audiveris.omr.Main.runBatchTasks(Main.java:316)
	at org.audiveris.omr.Main.main(Main.java:155)
	at Audiveris.main(Audiveris.java:49)
2017-10-06 14:29:37,357 WARN [91386816]      PartwiseBuilder.java:1379 | Error visiting null
java.lang.NullPointerException: null
	at org.audiveris.omr.score.PartwiseBuilder.processKey(PartwiseBuilder.java:1344)
	at org.audiveris.omr.score.PartwiseBuilder.processKeys(PartwiseBuilder.java:1407)
	at org.audiveris.omr.score.PartwiseBuilder.processMeasure(PartwiseBuilder.java:1575)
	at org.audiveris.omr.score.PartwiseBuilder.processPart(PartwiseBuilder.java:1988)
	at org.audiveris.omr.score.PartwiseBuilder.processSystem(PartwiseBuilder.java:2528)
	at org.audiveris.omr.score.PartwiseBuilder.processLogicalPart(PartwiseBuilder.java:1433)
	at org.audiveris.omr.score.PartwiseBuilder.processStub(PartwiseBuilder.java:2483)
	at org.audiveris.omr.score.PartwiseBuilder.processPartList(PartwiseBuilder.java:2017)
	at org.audiveris.omr.score.PartwiseBuilder.processScore(PartwiseBuilder.java:2195)
	at org.audiveris.omr.score.PartwiseBuilder.build(PartwiseBuilder.java:307)
	at org.audiveris.omr.score.ScoreExporter.export(ScoreExporter.java:117)
	at org.audiveris.omr.score.ScoreExporter.export(ScoreExporter.java:91)
	at org.audiveris.omr.sheet.BasicBook.export(BasicBook.java:589)
	at org.audiveris.omr.CLI$ProcessingTask.processBook(CLI.java:785)
	at org.audiveris.omr.CLI$CliTask.call(CLI.java:344)
	at org.audiveris.omr.Main.runBatchTasks(Main.java:316)
	at org.audiveris.omr.Main.main(Main.java:155)
	at Audiveris.main(Audiveris.java:49)
2017-10-06 14:29:37,362 WARN [91386816]      PartwiseBuilder.java:1379 | Error visiting null
java.lang.NullPointerException: null
	at org.audiveris.omr.score.PartwiseBuilder.processKey(PartwiseBuilder.java:1344)
	at org.audiveris.omr.score.PartwiseBuilder.processKeys(PartwiseBuilder.java:1407)
	at org.audiveris.omr.score.PartwiseBuilder.processMeasure(PartwiseBuilder.java:1575)
	at org.audiveris.omr.score.PartwiseBuilder.processPart(PartwiseBuilder.java:1988)
	at org.audiveris.omr.score.PartwiseBuilder.processSystem(PartwiseBuilder.java:2528)
	at org.audiveris.omr.score.PartwiseBuilder.processLogicalPart(PartwiseBuilder.java:1433)
	at org.audiveris.omr.score.PartwiseBuilder.processStub(PartwiseBuilder.java:2483)
	at org.audiveris.omr.score.PartwiseBuilder.processPartList(PartwiseBuilder.java:2017)
	at org.audiveris.omr.score.PartwiseBuilder.processScore(PartwiseBuilder.java:2195)
	at org.audiveris.omr.score.PartwiseBuilder.build(PartwiseBuilder.java:307)
	at org.audiveris.omr.score.ScoreExporter.export(ScoreExporter.java:117)
	at org.audiveris.omr.score.ScoreExporter.export(ScoreExporter.java:91)
	at org.audiveris.omr.sheet.BasicBook.export(BasicBook.java:589)
	at org.audiveris.omr.CLI$ProcessingTask.processBook(CLI.java:785)
	at org.audiveris.omr.CLI$CliTask.call(CLI.java:344)
	at org.audiveris.omr.Main.runBatchTasks(Main.java:316)
	at org.audiveris.omr.Main.main(Main.java:155)
	at Audiveris.main(Audiveris.java:49)
2017-10-06 14:29:37,366 WARN [91386816]      PartwiseBuilder.java:1379 | Error visiting null
java.lang.NullPointerException: null
	at org.audiveris.omr.score.PartwiseBuilder.processKey(PartwiseBuilder.java:1344)
	at org.audiveris.omr.score.PartwiseBuilder.processKeys(PartwiseBuilder.java:1407)
	at org.audiveris.omr.score.PartwiseBuilder.processMeasure(PartwiseBuilder.java:1575)
	at org.audiveris.omr.score.PartwiseBuilder.processPart(PartwiseBuilder.java:1988)
	at org.audiveris.omr.score.PartwiseBuilder.processSystem(PartwiseBuilder.java:2528)
	at org.audiveris.omr.score.PartwiseBuilder.processLogicalPart(PartwiseBuilder.java:1433)
	at org.audiveris.omr.score.PartwiseBuilder.processStub(PartwiseBuilder.java:2483)
	at org.audiveris.omr.score.PartwiseBuilder.processPartList(PartwiseBuilder.java:2017)
	at org.audiveris.omr.score.PartwiseBuilder.processScore(PartwiseBuilder.java:2195)
	at org.audiveris.omr.score.PartwiseBuilder.build(PartwiseBuilder.java:307)
	at org.audiveris.omr.score.ScoreExporter.export(ScoreExporter.java:117)
	at org.audiveris.omr.score.ScoreExporter.export(ScoreExporter.java:91)
	at org.audiveris.omr.sheet.BasicBook.export(BasicBook.java:589)
	at org.audiveris.omr.CLI$ProcessingTask.processBook(CLI.java:785)
	at org.audiveris.omr.CLI$CliTask.call(CLI.java:344)
	at org.audiveris.omr.Main.runBatchTasks(Main.java:316)
	at org.audiveris.omr.Main.main(Main.java:155)
	at Audiveris.main(Audiveris.java:49)
2017-10-06 14:29:37,421 INFO [91386816]        ScoreExporter.java:93   | Score 91386816 exported to /Users/stephenn/Documents/workspace/nlsomr/xml_out/91386487/91386816/91386816.mxl
2017-10-06 14:29:37,563 INFO [91386816]            BasicBook.java:1395 | Stored /book.xml
2017-10-06 14:29:37,564 INFO [91386816]            BasicBook.java:1355 | Book stored as /Users/stephenn/Documents/workspace/nlsomr/xml_out/91386487/91386816/91386816.omr
