2017-10-06 15:35:44,061 INFO [91387728]            BasicBook.java:427  | 1 sheet in /Users/stephenn/Documents/workspace/nlsomr/working/91387728.jpg
2017-10-06 15:35:44,242 INFO []            BasicBook.java:1395 | Stored /book.xml
2017-10-06 15:35:44,243 INFO []            BasicBook.java:1355 | Book stored as /Users/stephenn/Documents/workspace/nlsomr/xml_out/91386487/91387728/91387728.omr
2017-10-06 15:35:44,251 INFO []            BasicBook.java:996  | Book reaching PAGE on sheets:[#1]
2017-10-06 15:35:44,254 INFO [91387728]       StepMonitoring.java:96   | LOAD
2017-10-06 15:35:44,451 INFO [91387728]            BasicBook.java:911  | Loaded image 1 2000x3056 from /Users/stephenn/Documents/workspace/nlsomr/working/91387728.jpg
2017-10-06 15:35:44,454 INFO [91387728]            ImageUtil.java:82   | Converting max RGB to gray ...
2017-10-06 15:35:44,689 INFO [91387728]            BasicBook.java:1395 | Stored /book.xml
2017-10-06 15:35:45,047 INFO [91387728]           BasicSheet.java:979  | Stored /sheet#1/sheet#1.xml
2017-10-06 15:35:45,048 INFO [91387728]       StepMonitoring.java:96   | BINARY
2017-10-06 15:35:45,719 INFO [91387728]            BasicBook.java:1395 | Stored /book.xml
2017-10-06 15:35:46,153 INFO [91387728]              Picture.java:786  | Stored /sheet#1/BINARY.xml
2017-10-06 15:35:46,156 INFO [91387728]           BasicSheet.java:979  | Stored /sheet#1/sheet#1.xml
2017-10-06 15:35:46,161 INFO [91387728]       StepMonitoring.java:96   | SCALE
2017-10-06 15:35:46,218 INFO [91387728]         ScaleBuilder.java:229  | No beam key found, guessed value 10
2017-10-06 15:35:46,219 INFO [91387728]            ScaleStep.java:87   | Scale{line(4,5,6) interline(16,17,17) beam(10 extra)}
2017-10-06 15:35:46,222 INFO [91387728]            BasicBook.java:1395 | Stored /book.xml
2017-10-06 15:35:46,230 INFO [91387728]           BasicSheet.java:979  | Stored /sheet#1/sheet#1.xml
2017-10-06 15:35:46,237 INFO [91387728]       StepMonitoring.java:96   | GRID
2017-10-06 15:35:47,665 INFO [91387728]       LinesRetriever.java:442  | Global slope: 0.00052
2017-10-06 15:35:47,810 INFO [91387728]    ClustersRetriever.java:241  | Retrieved line clusters: 12 of size: 5 with interline: (16,17,17)
2017-10-06 15:35:48,690 INFO [91387728]            PeakGraph.java:181  | Systems: #1[1, 2] #2[3, 4] #3[5, 6] #4[7, 8] #5[9, 10] #6[11, 12]
2017-10-06 15:35:49,691 INFO [91387728]        SystemManager.java:626  | Indentation detected for system#1
2017-10-06 15:35:49,692 INFO [91387728]        SystemManager.java:626  | Indentation detected for system#5
2017-10-06 15:35:49,693 INFO [91387728]        SystemManager.java:671  | 2 pages found in sheet
2017-10-06 15:35:49,694 INFO [91387728]        SystemManager.java:709  | Page #1: 1 part along 4 systems
2017-10-06 15:35:49,694 INFO [91387728]        SystemManager.java:709  | Page #2: 1 part along 2 systems
2017-10-06 15:35:49,698 INFO [91387728]            BasicBook.java:1395 | Stored /book.xml
2017-10-06 15:35:49,960 INFO [91387728]           BasicSheet.java:979  | Stored /sheet#1/sheet#1.xml
2017-10-06 15:35:49,963 INFO [91387728]       StepMonitoring.java:96   | HEADERS
2017-10-06 15:35:50,363 INFO []          Nd4jBackend.java:194  | Loaded [CpuBackend] backend
2017-10-06 15:35:50,422 INFO []      NativeOpsHolder.java:49   | Number of threads used for NativeOps: 2
2017-10-06 15:35:50,946 INFO [] DefaultOpExecutioner.java:544  | Backend used: [CPU]; OS: [Mac OS X]
2017-10-06 15:35:50,946 INFO [] DefaultOpExecutioner.java:545  | Cores: [4]; Memory: [3.6GB];
2017-10-06 15:35:50,946 INFO [] DefaultOpExecutioner.java:546  | Blas vendor: [OPENBLAS]
2017-10-06 15:35:50,984 INFO []   AbstractClassifier.java:332  | Classifier data loaded from default uri jar:file:/Users/stephenn/Documents/workspace/audiveris/build/distributions/Audiveris/lib/audiveris.jar!/res/basic-classifier.zip
2017-10-06 15:35:52,716 WARN [91387728]          ClefBuilder.java:560  | Staff#2 no header clef.
2017-10-06 15:35:53,483 WARN [91387728]          ClefBuilder.java:560  | Staff#4 no header clef.
2017-10-06 15:35:53,824 WARN [91387728]          ClefBuilder.java:560  | Staff#8 no header clef.
2017-10-06 15:35:53,936 WARN [91387728]          ClefBuilder.java:560  | Staff#10 no header clef.
2017-10-06 15:35:54,220 WARN [91387728]          ClefBuilder.java:560  | Staff#12 no header clef.
2017-10-06 15:35:54,245 INFO [91387728]            BasicBook.java:1395 | Stored /book.xml
2017-10-06 15:35:54,631 INFO [91387728]           BasicSheet.java:979  | Stored /sheet#1/sheet#1.xml
2017-10-06 15:35:54,633 INFO [91387728]       StepMonitoring.java:96   | STEM_SEEDS
2017-10-06 15:35:54,755 INFO [91387728]        StemSeedsStep.java:91   | stem(4 max:5)
2017-10-06 15:35:54,816 INFO []   AbstractClassifier.java:332  | Classifier data loaded from default uri jar:file:/Users/stephenn/Documents/workspace/audiveris/build/distributions/Audiveris/lib/audiveris.jar!/res/deep-classifier.zip
2017-10-06 15:35:54,868 INFO [91387728]            BasicBook.java:1395 | Stored /book.xml
2017-10-06 15:35:55,230 INFO [91387728]           BasicSheet.java:979  | Stored /sheet#1/sheet#1.xml
2017-10-06 15:35:55,233 INFO [91387728]       StepMonitoring.java:96   | BEAMS
2017-10-06 15:35:58,614 INFO [91387728]            BeamsStep.java:89   | BeamDistance{count:2 mean:0.00 stdDev:0.00}
2017-10-06 15:35:58,617 INFO [91387728]            BasicBook.java:1395 | Stored /book.xml
2017-10-06 15:35:58,715 INFO [91387728]              Picture.java:786  | Stored /sheet#1/HEAD_SPOTS.xml
2017-10-06 15:35:59,157 INFO [91387728]           BasicSheet.java:979  | Stored /sheet#1/sheet#1.xml
2017-10-06 15:35:59,161 INFO [91387728]       StepMonitoring.java:96   | LEDGERS
2017-10-06 15:36:00,152 INFO [91387728]            BasicBook.java:1395 | Stored /book.xml
2017-10-06 15:36:00,669 INFO [91387728]           BasicSheet.java:979  | Stored /sheet#1/sheet#1.xml
2017-10-06 15:36:00,672 INFO [91387728]       StepMonitoring.java:96   | HEADS
2017-10-06 15:36:04,873 INFO [91387728]            BasicBook.java:1395 | Stored /book.xml
2017-10-06 15:36:05,682 INFO [91387728]           BasicSheet.java:979  | Stored /sheet#1/sheet#1.xml
2017-10-06 15:36:05,685 INFO [91387728]       StepMonitoring.java:96   | STEMS
2017-10-06 15:36:07,549 INFO [91387728]            BasicBook.java:1395 | Stored /book.xml
2017-10-06 15:36:08,652 INFO [91387728]           BasicSheet.java:979  | Stored /sheet#1/sheet#1.xml
2017-10-06 15:36:08,656 INFO [91387728]       StepMonitoring.java:96   | REDUCTION
2017-10-06 15:36:09,234 INFO [91387728]            BasicBook.java:1395 | Stored /book.xml
2017-10-06 15:36:10,082 INFO [91387728]           BasicSheet.java:979  | Stored /sheet#1/sheet#1.xml
2017-10-06 15:36:10,084 INFO [91387728]       StepMonitoring.java:96   | CUE_BEAMS
2017-10-06 15:36:10,087 INFO [91387728]            BasicBook.java:1395 | Stored /book.xml
2017-10-06 15:36:10,788 INFO [91387728]           BasicSheet.java:979  | Stored /sheet#1/sheet#1.xml
2017-10-06 15:36:10,790 INFO [91387728]       StepMonitoring.java:96   | TEXTS
2017-10-06 15:36:12,835 INFO [91387728]            BasicBook.java:1395 | Stored /book.xml
2017-10-06 15:36:13,275 INFO [91387728]           BasicSheet.java:979  | Stored /sheet#1/sheet#1.xml
2017-10-06 15:36:13,277 INFO [91387728]       StepMonitoring.java:96   | MEASURES
2017-10-06 15:36:13,282 INFO [91387728]                 Page.java:210  | 21 raw measures: [6 in system#1, 5 in system#2, 5 in system#3, 5 in system#4]
2017-10-06 15:36:13,283 INFO [91387728]                 Page.java:210  | 9 raw measures: [5 in system#5, 4 in system#6]
2017-10-06 15:36:13,284 INFO [91387728]            BasicBook.java:1395 | Stored /book.xml
2017-10-06 15:36:13,677 INFO [91387728]           BasicSheet.java:979  | Stored /sheet#1/sheet#1.xml
2017-10-06 15:36:13,679 INFO [91387728]       StepMonitoring.java:96   | CHORDS
2017-10-06 15:36:13,689 INFO [91387728]        ChordsBuilder.java:249  | Deleting StemInter{#4876(0.689/0.827)} on RIGHT side of HeadInter{#4397(0.655/0.898) s:12 p:-6.00 NOTEHEAD_BLACK}
2017-10-06 15:36:13,692 INFO [91387728]            BasicBook.java:1395 | Stored /book.xml
2017-10-06 15:36:14,107 INFO [91387728]           BasicSheet.java:979  | Stored /sheet#1/sheet#1.xml
2017-10-06 15:36:14,110 INFO [91387728]       StepMonitoring.java:96   | CURVES
2017-10-06 15:36:15,607 INFO [91387728]         SlursBuilder.java:762  | LEFT collision SlurInter{#5202(0.667)} & SlurInter{#5234(0.431)} @ HeadInter{#1767(0.713/0.814) e#4978 s:1 p:-1.00 NOTEHEAD_BLACK}
2017-10-06 15:36:15,608 INFO [91387728]         SlursBuilder.java:762  | RIGHT collision SlurInter{#5202(0.667)} & SlurInter{#5234(0.431)} @ HeadInter{#1783(0.661/0.817) e#4979 s:1 p:0.00 NOTEHEAD_BLACK}
2017-10-06 15:36:15,608 INFO [91387728]         SlursBuilder.java:762  | LEFT collision SlurInter{#5234(0.431)} & SlurInter{#5202(0.667)} @ HeadInter{#1767(0.713/0.814) e#4978 s:1 p:-1.00 NOTEHEAD_BLACK}
2017-10-06 15:36:15,608 INFO [91387728]         SlursBuilder.java:762  | RIGHT collision SlurInter{#5234(0.431)} & SlurInter{#5202(0.667)} @ HeadInter{#1783(0.661/0.817) e#4979 s:1 p:0.00 NOTEHEAD_BLACK}
2017-10-06 15:36:15,609 INFO [91387728]         SlursBuilder.java:157  | Slurs: 26
2017-10-06 15:36:15,642 INFO [91387728]      SegmentsBuilder.java:113  | Segments: 22
2017-10-06 15:36:15,648 INFO [91387728]            BasicBook.java:1395 | Stored /book.xml
2017-10-06 15:36:16,254 INFO [91387728]           BasicSheet.java:979  | Stored /sheet#1/sheet#1.xml
2017-10-06 15:36:16,256 INFO [91387728]       StepMonitoring.java:96   | SYMBOLS
2017-10-06 15:36:17,064 INFO [91387728]       SymbolsBuilder.java:340  | Symbol parts shrunk from 9 to 7
2017-10-06 15:36:18,063 INFO [91387728]       SymbolsBuilder.java:340  | Symbol parts shrunk from 8 to 7
2017-10-06 15:36:18,597 INFO [91387728]            BasicBook.java:1395 | Stored /book.xml
2017-10-06 15:36:19,360 INFO [91387728]           BasicSheet.java:979  | Stored /sheet#1/sheet#1.xml
2017-10-06 15:36:19,362 INFO [91387728]       StepMonitoring.java:96   | LINKS
2017-10-06 15:36:19,380 INFO [91387728]        SymbolsLinker.java:323  | No chord above direction SentenceInter{#4945(0.648) s:9 BS-45 Direction} 140
2017-10-06 15:36:19,399 INFO [91387728]            BasicBook.java:1395 | Stored /book.xml
2017-10-06 15:36:20,242 INFO [91387728]           BasicSheet.java:979  | Stored /sheet#1/sheet#1.xml
2017-10-06 15:36:20,245 INFO [91387728]       StepMonitoring.java:96   | RHYTHMS
2017-10-06 15:36:20,263 INFO [91387728]         SlotsBuilder.java:434  | Stack#7 endless loop detected
2017-10-06 15:36:20,280 INFO [91387728]           PageRhythm.java:314  | Range{1-21 ts:3/4} Durations avgGuess:3/4 topGuess:3/4 avgValue:0.68 stacks:21 voices:55 Histogram{1/8-1 size:7 [1/8=1 1/4=2 3/8=1 1/2=19 3/4=27 7/8=1 1=4]}
2017-10-06 15:36:20,283 INFO [91387728]         SlotsBuilder.java:427  | S1 MeasureStack#2 Slot{#5 xOffset=192 timeOffset=1/2 incomings=[#4982] SUSPICIOUS}
2017-10-06 15:36:20,285 INFO [91387728]                Voice.java:257  | S1 MeasureStack#3 Voice #1 too long 1/4
2017-10-06 15:36:20,286 INFO [91387728]                Voice.java:257  | S1 MeasureStack#3 Voice #3 too long 1/4
2017-10-06 15:36:20,286 INFO [91387728]           StackTuner.java:92   | S1 MeasureStack#3 no correct rhythm
2017-10-06 15:36:20,289 INFO [91387728]                Voice.java:257  | S1 MeasureStack#6 Voice #1 too long 1/4
2017-10-06 15:36:20,289 INFO [91387728]           StackTuner.java:92   | S1 MeasureStack#6 no correct rhythm
2017-10-06 15:36:20,291 INFO [91387728]         SlotsBuilder.java:434  | Stack#7 endless loop detected
2017-10-06 15:36:20,295 INFO [91387728]                Voice.java:257  | S3 MeasureStack#12 Voice #2 too long 1/8
2017-10-06 15:36:20,296 INFO [91387728]           StackTuner.java:92   | S3 MeasureStack#12 no correct rhythm
2017-10-06 15:36:20,307 INFO [91387728]                Voice.java:257  | S4 MeasureStack#18 Voice #1 too long 1/4
2017-10-06 15:36:20,307 INFO [91387728]           StackTuner.java:92   | S4 MeasureStack#18 no correct rhythm
2017-10-06 15:36:20,318 INFO [91387728]           PageRhythm.java:314  | Range{1-9 ts:6/8} Durations avgGuess:3/4 topGuess:5/8 avgValue:0.77 stacks:9 voices:17 Histogram{1/4-9/8 size:6 [1/4=2 5/8=6 3/4=4 7/8=3 1=1 9/8=1]}
2017-10-06 15:36:20,320 INFO [91387728]                Voice.java:257  | S5 MeasureStack#2 Voice #1 too long 1/8
2017-10-06 15:36:20,321 INFO [91387728]           StackTuner.java:92   | S5 MeasureStack#2 no correct rhythm
2017-10-06 15:36:20,322 INFO [91387728]                Voice.java:257  | S5 MeasureStack#3 Voice #1 too long 3/8
2017-10-06 15:36:20,323 INFO [91387728]                Voice.java:257  | S5 MeasureStack#3 Voice #2 too long 1/4
2017-10-06 15:36:20,323 INFO [91387728]           StackTuner.java:92   | S5 MeasureStack#3 no correct rhythm
2017-10-06 15:36:20,327 INFO [91387728]                Voice.java:257  | S6 MeasureStack#6 Voice #1 too long 1/8
2017-10-06 15:36:20,336 INFO [91387728]           StackTuner.java:92   | S6 MeasureStack#6 no correct rhythm
2017-10-06 15:36:20,338 INFO [91387728]                Voice.java:257  | S6 MeasureStack#7 Voice #1 too long 1/8
2017-10-06 15:36:20,338 INFO [91387728]           StackTuner.java:92   | S6 MeasureStack#7 no correct rhythm
2017-10-06 15:36:20,342 INFO [91387728]            BasicBook.java:1395 | Stored /book.xml
2017-10-06 15:36:21,393 INFO [91387728]           BasicSheet.java:979  | Stored /sheet#1/sheet#1.xml
2017-10-06 15:36:21,396 INFO [91387728]       StepMonitoring.java:96   | PAGE
2017-10-06 15:36:21,401 INFO [91387728]                Voice.java:257  | S1 MeasureStack#3 Voice #1 too long 1/4
2017-10-06 15:36:21,405 INFO [91387728]                Voice.java:257  | S1 MeasureStack#3 Voice #3 too long 1/4
2017-10-06 15:36:21,405 INFO [91387728]                Voice.java:257  | S1 MeasureStack#6 Voice #1 too long 1/4
2017-10-06 15:36:21,406 INFO [91387728]                Voice.java:257  | S3 MeasureStack#12 Voice #2 too long 1/8
2017-10-06 15:36:21,406 INFO [91387728]                Voice.java:257  | S4 MeasureStack#18 Voice #1 too long 1/4
2017-10-06 15:36:21,407 INFO [91387728]                Voice.java:257  | S5 MeasureStack#2 Voice #1 too long 1/8
2017-10-06 15:36:21,407 INFO [91387728]                Voice.java:257  | S5 MeasureStack#3 Voice #1 too long 3/8
2017-10-06 15:36:21,408 INFO [91387728]                Voice.java:257  | S5 MeasureStack#3 Voice #2 too long 1/4
2017-10-06 15:36:21,408 INFO [91387728]                Voice.java:257  | S6 MeasureStack#6 Voice #1 too long 1/8
2017-10-06 15:36:21,408 INFO [91387728]                Voice.java:257  | S6 MeasureStack#7 Voice #1 too long 1/8
2017-10-06 15:36:21,410 INFO [91387728]            BasicBook.java:1395 | Stored /book.xml
2017-10-06 15:36:22,222 INFO [91387728]           BasicSheet.java:979  | Stored /sheet#1/sheet#1.xml
2017-10-06 15:36:22,224 INFO [91387728]            BasicStub.java:723  | Sheet{91387728} disposed
2017-10-06 15:36:23,249 INFO [91387728]            BasicStub.java:449  | Loaded /sheet#1/sheet#1.xml
2017-10-06 15:36:23,251 INFO [91387728]            BasicBook.java:1133 | Scores built: 2
2017-10-06 15:36:24,385 WARN [91387728]      PartwiseBuilder.java:1379 | Error visiting null
java.lang.NullPointerException: null
	at org.audiveris.omr.score.PartwiseBuilder.processKey(PartwiseBuilder.java:1344)
	at org.audiveris.omr.score.PartwiseBuilder.processKeys(PartwiseBuilder.java:1407)
	at org.audiveris.omr.score.PartwiseBuilder.processMeasure(PartwiseBuilder.java:1575)
	at org.audiveris.omr.score.PartwiseBuilder.processPart(PartwiseBuilder.java:1988)
	at org.audiveris.omr.score.PartwiseBuilder.processSystem(PartwiseBuilder.java:2528)
	at org.audiveris.omr.score.PartwiseBuilder.processLogicalPart(PartwiseBuilder.java:1433)
	at org.audiveris.omr.score.PartwiseBuilder.processStub(PartwiseBuilder.java:2483)
	at org.audiveris.omr.score.PartwiseBuilder.processPartList(PartwiseBuilder.java:2017)
	at org.audiveris.omr.score.PartwiseBuilder.processScore(PartwiseBuilder.java:2195)
	at org.audiveris.omr.score.PartwiseBuilder.build(PartwiseBuilder.java:307)
	at org.audiveris.omr.score.ScoreExporter.export(ScoreExporter.java:117)
	at org.audiveris.omr.score.ScoreExporter.export(ScoreExporter.java:91)
	at org.audiveris.omr.sheet.BasicBook.export(BasicBook.java:589)
	at org.audiveris.omr.CLI$ProcessingTask.processBook(CLI.java:785)
	at org.audiveris.omr.CLI$CliTask.call(CLI.java:344)
	at org.audiveris.omr.Main.runBatchTasks(Main.java:316)
	at org.audiveris.omr.Main.main(Main.java:155)
	at Audiveris.main(Audiveris.java:49)
2017-10-06 15:36:24,398 WARN [91387728]      PartwiseBuilder.java:1379 | Error visiting null
java.lang.NullPointerException: null
	at org.audiveris.omr.score.PartwiseBuilder.processKey(PartwiseBuilder.java:1344)
	at org.audiveris.omr.score.PartwiseBuilder.processKeys(PartwiseBuilder.java:1407)
	at org.audiveris.omr.score.PartwiseBuilder.processMeasure(PartwiseBuilder.java:1575)
	at org.audiveris.omr.score.PartwiseBuilder.processPart(PartwiseBuilder.java:1988)
	at org.audiveris.omr.score.PartwiseBuilder.processSystem(PartwiseBuilder.java:2528)
	at org.audiveris.omr.score.PartwiseBuilder.processLogicalPart(PartwiseBuilder.java:1433)
	at org.audiveris.omr.score.PartwiseBuilder.processStub(PartwiseBuilder.java:2483)
	at org.audiveris.omr.score.PartwiseBuilder.processPartList(PartwiseBuilder.java:2017)
	at org.audiveris.omr.score.PartwiseBuilder.processScore(PartwiseBuilder.java:2195)
	at org.audiveris.omr.score.PartwiseBuilder.build(PartwiseBuilder.java:307)
	at org.audiveris.omr.score.ScoreExporter.export(ScoreExporter.java:117)
	at org.audiveris.omr.score.ScoreExporter.export(ScoreExporter.java:91)
	at org.audiveris.omr.sheet.BasicBook.export(BasicBook.java:589)
	at org.audiveris.omr.CLI$ProcessingTask.processBook(CLI.java:785)
	at org.audiveris.omr.CLI$CliTask.call(CLI.java:344)
	at org.audiveris.omr.Main.runBatchTasks(Main.java:316)
	at org.audiveris.omr.Main.main(Main.java:155)
	at Audiveris.main(Audiveris.java:49)
2017-10-06 15:36:24,410 WARN [91387728]      PartwiseBuilder.java:1379 | Error visiting null
java.lang.NullPointerException: null
	at org.audiveris.omr.score.PartwiseBuilder.processKey(PartwiseBuilder.java:1344)
	at org.audiveris.omr.score.PartwiseBuilder.processKeys(PartwiseBuilder.java:1407)
	at org.audiveris.omr.score.PartwiseBuilder.processMeasure(PartwiseBuilder.java:1575)
	at org.audiveris.omr.score.PartwiseBuilder.processPart(PartwiseBuilder.java:1988)
	at org.audiveris.omr.score.PartwiseBuilder.processSystem(PartwiseBuilder.java:2528)
	at org.audiveris.omr.score.PartwiseBuilder.processLogicalPart(PartwiseBuilder.java:1433)
	at org.audiveris.omr.score.PartwiseBuilder.processStub(PartwiseBuilder.java:2483)
	at org.audiveris.omr.score.PartwiseBuilder.processPartList(PartwiseBuilder.java:2017)
	at org.audiveris.omr.score.PartwiseBuilder.processScore(PartwiseBuilder.java:2195)
	at org.audiveris.omr.score.PartwiseBuilder.build(PartwiseBuilder.java:307)
	at org.audiveris.omr.score.ScoreExporter.export(ScoreExporter.java:117)
	at org.audiveris.omr.score.ScoreExporter.export(ScoreExporter.java:91)
	at org.audiveris.omr.sheet.BasicBook.export(BasicBook.java:589)
	at org.audiveris.omr.CLI$ProcessingTask.processBook(CLI.java:785)
	at org.audiveris.omr.CLI$CliTask.call(CLI.java:344)
	at org.audiveris.omr.Main.runBatchTasks(Main.java:316)
	at org.audiveris.omr.Main.main(Main.java:155)
	at Audiveris.main(Audiveris.java:49)
2017-10-06 15:36:24,479 INFO [91387728]        ScoreExporter.java:93   | Score 91387728.mvt1 exported to /Users/stephenn/Documents/workspace/nlsomr/xml_out/91386487/91387728/91387728.mvt1.mxl
2017-10-06 15:36:24,480 WARN [91387728]      PartwiseBuilder.java:1379 | Error visiting null
java.lang.NullPointerException: null
	at org.audiveris.omr.score.PartwiseBuilder.processKey(PartwiseBuilder.java:1344)
	at org.audiveris.omr.score.PartwiseBuilder.processKeys(PartwiseBuilder.java:1407)
	at org.audiveris.omr.score.PartwiseBuilder.processMeasure(PartwiseBuilder.java:1575)
	at org.audiveris.omr.score.PartwiseBuilder.processPart(PartwiseBuilder.java:1988)
	at org.audiveris.omr.score.PartwiseBuilder.processSystem(PartwiseBuilder.java:2528)
	at org.audiveris.omr.score.PartwiseBuilder.processLogicalPart(PartwiseBuilder.java:1433)
	at org.audiveris.omr.score.PartwiseBuilder.processStub(PartwiseBuilder.java:2483)
	at org.audiveris.omr.score.PartwiseBuilder.processPartList(PartwiseBuilder.java:2017)
	at org.audiveris.omr.score.PartwiseBuilder.processScore(PartwiseBuilder.java:2195)
	at org.audiveris.omr.score.PartwiseBuilder.build(PartwiseBuilder.java:307)
	at org.audiveris.omr.score.ScoreExporter.export(ScoreExporter.java:117)
	at org.audiveris.omr.score.ScoreExporter.export(ScoreExporter.java:91)
	at org.audiveris.omr.sheet.BasicBook.export(BasicBook.java:589)
	at org.audiveris.omr.CLI$ProcessingTask.processBook(CLI.java:785)
	at org.audiveris.omr.CLI$CliTask.call(CLI.java:344)
	at org.audiveris.omr.Main.runBatchTasks(Main.java:316)
	at org.audiveris.omr.Main.main(Main.java:155)
	at Audiveris.main(Audiveris.java:49)
2017-10-06 15:36:24,485 WARN [91387728]      PartwiseBuilder.java:1379 | Error visiting null
java.lang.NullPointerException: null
	at org.audiveris.omr.score.PartwiseBuilder.processKey(PartwiseBuilder.java:1344)
	at org.audiveris.omr.score.PartwiseBuilder.processKeys(PartwiseBuilder.java:1407)
	at org.audiveris.omr.score.PartwiseBuilder.processMeasure(PartwiseBuilder.java:1575)
	at org.audiveris.omr.score.PartwiseBuilder.processPart(PartwiseBuilder.java:1988)
	at org.audiveris.omr.score.PartwiseBuilder.processSystem(PartwiseBuilder.java:2528)
	at org.audiveris.omr.score.PartwiseBuilder.processLogicalPart(PartwiseBuilder.java:1433)
	at org.audiveris.omr.score.PartwiseBuilder.processStub(PartwiseBuilder.java:2483)
	at org.audiveris.omr.score.PartwiseBuilder.processPartList(PartwiseBuilder.java:2017)
	at org.audiveris.omr.score.PartwiseBuilder.processScore(PartwiseBuilder.java:2195)
	at org.audiveris.omr.score.PartwiseBuilder.build(PartwiseBuilder.java:307)
	at org.audiveris.omr.score.ScoreExporter.export(ScoreExporter.java:117)
	at org.audiveris.omr.score.ScoreExporter.export(ScoreExporter.java:91)
	at org.audiveris.omr.sheet.BasicBook.export(BasicBook.java:589)
	at org.audiveris.omr.CLI$ProcessingTask.processBook(CLI.java:785)
	at org.audiveris.omr.CLI$CliTask.call(CLI.java:344)
	at org.audiveris.omr.Main.runBatchTasks(Main.java:316)
	at org.audiveris.omr.Main.main(Main.java:155)
	at Audiveris.main(Audiveris.java:49)
2017-10-06 15:36:24,518 INFO [91387728]        ScoreExporter.java:93   | Score 91387728.mvt2 exported to /Users/stephenn/Documents/workspace/nlsomr/xml_out/91386487/91387728/91387728.mvt2.mxl
2017-10-06 15:36:24,677 INFO [91387728]            BasicBook.java:1395 | Stored /book.xml
2017-10-06 15:36:24,678 INFO [91387728]            BasicBook.java:1355 | Book stored as /Users/stephenn/Documents/workspace/nlsomr/xml_out/91386487/91387728/91387728.omr
