2017-10-06 15:58:05,140 INFO [91388028]            BasicBook.java:427  | 1 sheet in /Users/stephenn/Documents/workspace/nlsomr/working/91388028.jpg
2017-10-06 15:58:05,298 INFO []            BasicBook.java:1395 | Stored /book.xml
2017-10-06 15:58:05,298 INFO []            BasicBook.java:1355 | Book stored as /Users/stephenn/Documents/workspace/nlsomr/xml_out/91386487/91388028/91388028.omr
2017-10-06 15:58:05,303 INFO []            BasicBook.java:996  | Book reaching PAGE on sheets:[#1]
2017-10-06 15:58:05,305 INFO [91388028]       StepMonitoring.java:96   | LOAD
2017-10-06 15:58:05,458 INFO [91388028]            BasicBook.java:911  | Loaded image 1 2000x3056 from /Users/stephenn/Documents/workspace/nlsomr/working/91388028.jpg
2017-10-06 15:58:05,462 INFO [91388028]            ImageUtil.java:82   | Converting max RGB to gray ...
2017-10-06 15:58:05,715 INFO [91388028]            BasicBook.java:1395 | Stored /book.xml
2017-10-06 15:58:06,031 INFO [91388028]           BasicSheet.java:979  | Stored /sheet#1/sheet#1.xml
2017-10-06 15:58:06,033 INFO [91388028]       StepMonitoring.java:96   | BINARY
2017-10-06 15:58:06,649 INFO [91388028]            BasicBook.java:1395 | Stored /book.xml
2017-10-06 15:58:06,980 INFO [91388028]              Picture.java:786  | Stored /sheet#1/BINARY.xml
2017-10-06 15:58:06,982 INFO [91388028]           BasicSheet.java:979  | Stored /sheet#1/sheet#1.xml
2017-10-06 15:58:06,984 INFO [91388028]       StepMonitoring.java:96   | SCALE
2017-10-06 15:58:07,026 INFO [91388028]         ScaleBuilder.java:229  | No beam key found, guessed value 10
2017-10-06 15:58:07,027 INFO [91388028]            ScaleStep.java:87   | Scale{line(4,5,6) interline(16,16,17) beam(10 extra)}
2017-10-06 15:58:07,029 INFO [91388028]            BasicBook.java:1395 | Stored /book.xml
2017-10-06 15:58:07,032 INFO [91388028]           BasicSheet.java:979  | Stored /sheet#1/sheet#1.xml
2017-10-06 15:58:07,035 INFO [91388028]       StepMonitoring.java:96   | GRID
2017-10-06 15:58:08,140 INFO [91388028]       LinesRetriever.java:442  | Global slope: -0.00237
2017-10-06 15:58:08,244 INFO [91388028]    ClustersRetriever.java:241  | Retrieved line clusters: 12 of size: 5 with interline: (16,16,17)
2017-10-06 15:58:09,116 INFO [91388028]            PeakGraph.java:181  | Systems: #1[1, 2] #2[3, 4] #3[5, 6] #4[7, 8] #5[9, 10] #6[11, 12]
2017-10-06 15:58:10,218 INFO [91388028]        SystemManager.java:626  | Indentation detected for system#1
2017-10-06 15:58:10,219 INFO [91388028]        SystemManager.java:626  | Indentation detected for system#3
2017-10-06 15:58:10,219 INFO [91388028]        SystemManager.java:671  | 2 pages found in sheet
2017-10-06 15:58:10,220 INFO [91388028]        SystemManager.java:709  | Page #1: 1 part along 2 systems
2017-10-06 15:58:10,221 INFO [91388028]        SystemManager.java:709  | Page #2: 1 part along 4 systems
2017-10-06 15:58:10,225 INFO [91388028]            BasicBook.java:1395 | Stored /book.xml
2017-10-06 15:58:10,478 INFO [91388028]           BasicSheet.java:979  | Stored /sheet#1/sheet#1.xml
2017-10-06 15:58:10,482 INFO [91388028]       StepMonitoring.java:96   | HEADERS
2017-10-06 15:58:10,876 INFO []          Nd4jBackend.java:194  | Loaded [CpuBackend] backend
2017-10-06 15:58:10,935 INFO []      NativeOpsHolder.java:49   | Number of threads used for NativeOps: 2
2017-10-06 15:58:11,485 INFO [] DefaultOpExecutioner.java:544  | Backend used: [CPU]; OS: [Mac OS X]
2017-10-06 15:58:11,486 INFO [] DefaultOpExecutioner.java:545  | Cores: [4]; Memory: [3.6GB];
2017-10-06 15:58:11,486 INFO [] DefaultOpExecutioner.java:546  | Blas vendor: [OPENBLAS]
2017-10-06 15:58:11,533 INFO []   AbstractClassifier.java:332  | Classifier data loaded from default uri jar:file:/Users/stephenn/Documents/workspace/audiveris/build/distributions/Audiveris/lib/audiveris.jar!/res/basic-classifier.zip
2017-10-06 15:58:13,585 INFO [91388028]           KeyBuilder.java:746  | Staff#3 key slice#2 pitch adjusted from -0.4 to -1
2017-10-06 15:58:14,758 INFO [91388028]            BasicBook.java:1395 | Stored /book.xml
2017-10-06 15:58:15,084 INFO []   AbstractClassifier.java:332  | Classifier data loaded from default uri jar:file:/Users/stephenn/Documents/workspace/audiveris/build/distributions/Audiveris/lib/audiveris.jar!/res/deep-classifier.zip
2017-10-06 15:58:15,167 INFO [91388028]           BasicSheet.java:979  | Stored /sheet#1/sheet#1.xml
2017-10-06 15:58:15,169 INFO [91388028]       StepMonitoring.java:96   | STEM_SEEDS
2017-10-06 15:58:15,284 INFO [91388028]        StemSeedsStep.java:91   | stem(4 max:5)
2017-10-06 15:58:15,432 INFO [91388028]            BasicBook.java:1395 | Stored /book.xml
2017-10-06 15:58:15,815 INFO [91388028]           BasicSheet.java:979  | Stored /sheet#1/sheet#1.xml
2017-10-06 15:58:15,818 INFO [91388028]       StepMonitoring.java:96   | BEAMS
2017-10-06 15:58:19,692 INFO [91388028]            BeamsStep.java:89   | BeamDistance{count:17 mean:13.63 stdDev:5.17}
2017-10-06 15:58:19,695 INFO [91388028]            BasicBook.java:1395 | Stored /book.xml
2017-10-06 15:58:19,764 INFO [91388028]              Picture.java:786  | Stored /sheet#1/HEAD_SPOTS.xml
2017-10-06 15:58:20,244 INFO [91388028]           BasicSheet.java:979  | Stored /sheet#1/sheet#1.xml
2017-10-06 15:58:20,247 INFO [91388028]       StepMonitoring.java:96   | LEDGERS
2017-10-06 15:58:21,081 INFO [91388028]            BasicBook.java:1395 | Stored /book.xml
2017-10-06 15:58:21,605 INFO [91388028]           BasicSheet.java:979  | Stored /sheet#1/sheet#1.xml
2017-10-06 15:58:21,607 INFO [91388028]       StepMonitoring.java:96   | HEADS
2017-10-06 15:58:24,676 INFO [91388028]            BasicBook.java:1395 | Stored /book.xml
2017-10-06 15:58:26,140 INFO [91388028]           BasicSheet.java:979  | Stored /sheet#1/sheet#1.xml
2017-10-06 15:58:26,142 INFO [91388028]       StepMonitoring.java:96   | STEMS
2017-10-06 15:58:31,056 INFO [91388028]            BasicBook.java:1395 | Stored /book.xml
2017-10-06 15:58:32,711 INFO [91388028]           BasicSheet.java:979  | Stored /sheet#1/sheet#1.xml
2017-10-06 15:58:32,714 INFO [91388028]       StepMonitoring.java:96   | REDUCTION
2017-10-06 15:58:34,119 INFO [91388028]            BasicBook.java:1395 | Stored /book.xml
2017-10-06 15:58:35,214 INFO [91388028]           BasicSheet.java:979  | Stored /sheet#1/sheet#1.xml
2017-10-06 15:58:35,217 INFO [91388028]       StepMonitoring.java:96   | CUE_BEAMS
2017-10-06 15:58:35,228 INFO [91388028]            BasicBook.java:1395 | Stored /book.xml
2017-10-06 15:58:36,193 INFO [91388028]           BasicSheet.java:979  | Stored /sheet#1/sheet#1.xml
2017-10-06 15:58:36,196 INFO [91388028]       StepMonitoring.java:96   | TEXTS
2017-10-06 15:58:39,742 INFO [91388028]            BasicBook.java:1395 | Stored /book.xml
2017-10-06 15:58:40,745 INFO [91388028]           BasicSheet.java:979  | Stored /sheet#1/sheet#1.xml
2017-10-06 15:58:40,748 INFO [91388028]       StepMonitoring.java:96   | MEASURES
2017-10-06 15:58:40,752 INFO [91388028]                 Page.java:210  | 9 raw measures: [5 in system#1, 4 in system#2]
2017-10-06 15:58:40,753 INFO [91388028]                 Page.java:210  | 17 raw measures: [5 in system#3, 4 in system#4, 4 in system#5, 4 in system#6]
2017-10-06 15:58:40,755 INFO [91388028]            BasicBook.java:1395 | Stored /book.xml
2017-10-06 15:58:41,743 INFO [91388028]           BasicSheet.java:979  | Stored /sheet#1/sheet#1.xml
2017-10-06 15:58:41,745 INFO [91388028]       StepMonitoring.java:96   | CHORDS
2017-10-06 15:58:41,748 INFO [91388028]        ChordsBuilder.java:249  | Deleting StemInter{#7317(0.748/0.865)} on RIGHT side of HeadInter{#3261(0.238/0.546) s:2 p:2.00 NOTEHEAD_BLACK_SMALL}
2017-10-06 15:58:41,762 INFO [91388028]            BasicBook.java:1395 | Stored /book.xml
2017-10-06 15:58:42,782 INFO [91388028]           BasicSheet.java:979  | Stored /sheet#1/sheet#1.xml
2017-10-06 15:58:42,785 INFO [91388028]       StepMonitoring.java:96   | CURVES
2017-10-06 15:58:44,955 INFO [91388028]         SlursBuilder.java:762  | LEFT collision SlurInter{#8221(0.547)} & SlurInter{#8252(0.451)} @ HeadInter{#4969(0.573/0.770) e#8004 s:5 p:2.00 NOTEHEAD_BLACK}
2017-10-06 15:58:44,956 INFO [91388028]         SlursBuilder.java:762  | LEFT collision SlurInter{#8252(0.451)} & SlurInter{#8221(0.547)} @ HeadInter{#4969(0.573/0.770) e#8004 s:5 p:2.00 NOTEHEAD_BLACK}
2017-10-06 15:58:44,957 INFO [91388028]         SlursBuilder.java:762  | RIGHT collision SlurInter{#8177(0.583)} & SlurInter{#8298(0.416)} @ HeadInter{#5546(0.611/0.796) e#8057 s:7 p:-2.00 NOTEHEAD_BLACK}
2017-10-06 15:58:44,958 INFO [91388028]         SlursBuilder.java:762  | RIGHT collision SlurInter{#8298(0.416)} & SlurInter{#8177(0.583)} @ HeadInter{#5546(0.611/0.796) e#8057 s:7 p:-2.00 NOTEHEAD_BLACK}
2017-10-06 15:58:44,959 INFO [91388028]         SlursBuilder.java:762  | RIGHT collision SlurInter{#8196(0.698)} & SlurInter{#8295(0.388)} @ HeadInter{#6804(0.608/0.793) e#8143 s:11 p:-2.00 NOTEHEAD_BLACK}
2017-10-06 15:58:44,959 INFO [91388028]         SlursBuilder.java:762  | LEFT collision SlurInter{#8205(0.586)} & SlurInter{#8318(0.475)} @ HeadInter{#6836(0.609/0.786) e#8154 s:11 p:-2.00 NOTEHEAD_BLACK}
2017-10-06 15:58:44,960 INFO [91388028]         SlursBuilder.java:762  | RIGHT collision SlurInter{#8215(0.626)} & SlurInter{#8236(0.327)} @ HeadInter{#6872(0.614/0.799) e#8153 s:11 p:0.00 NOTEHEAD_BLACK}
2017-10-06 15:58:44,960 INFO [91388028]         SlursBuilder.java:762  | RIGHT collision SlurInter{#8236(0.327)} & SlurInter{#8215(0.626)} @ HeadInter{#6872(0.614/0.799) e#8153 s:11 p:0.00 NOTEHEAD_BLACK}
2017-10-06 15:58:44,961 INFO [91388028]         SlursBuilder.java:762  | RIGHT collision SlurInter{#8295(0.388)} & SlurInter{#8196(0.698)} @ HeadInter{#6804(0.608/0.793) e#8143 s:11 p:-2.00 NOTEHEAD_BLACK}
2017-10-06 15:58:44,962 INFO [91388028]         SlursBuilder.java:762  | LEFT collision SlurInter{#8318(0.475)} & SlurInter{#8205(0.586)} @ HeadInter{#6836(0.609/0.786) e#8154 s:11 p:-2.00 NOTEHEAD_BLACK}
2017-10-06 15:58:44,963 INFO [91388028]         SlursBuilder.java:157  | Slurs: 43
2017-10-06 15:58:45,037 INFO [91388028]      SegmentsBuilder.java:113  | Segments: 41
2017-10-06 15:58:45,044 INFO [91388028]            BasicBook.java:1395 | Stored /book.xml
2017-10-06 15:58:46,379 INFO [91388028]           BasicSheet.java:979  | Stored /sheet#1/sheet#1.xml
2017-10-06 15:58:46,381 INFO [91388028]       StepMonitoring.java:96   | SYMBOLS
2017-10-06 15:58:48,994 INFO [91388028]       SymbolsBuilder.java:340  | Symbol parts shrunk from 10 to 7
2017-10-06 15:58:50,743 INFO [91388028]            BasicBook.java:1395 | Stored /book.xml
2017-10-06 15:58:52,303 INFO [91388028]           BasicSheet.java:979  | Stored /sheet#1/sheet#1.xml
2017-10-06 15:58:52,305 INFO [91388028]       StepMonitoring.java:96   | LINKS
2017-10-06 15:58:52,308 INFO [91388028]        SymbolsLinker.java:323  | No chord above direction SentenceInter{#7790(0.653) s:2 BIS-42 Direction} rall.
2017-10-06 15:58:52,336 INFO [91388028]        SymbolsLinker.java:306  | No measure stack for direction SentenceInter{#7862(0.590) s:5 BS-37 Direction} as.
2017-10-06 15:58:52,362 INFO [91388028]            BasicBook.java:1395 | Stored /book.xml
2017-10-06 15:58:53,933 INFO [91388028]           BasicSheet.java:979  | Stored /sheet#1/sheet#1.xml
2017-10-06 15:58:53,935 INFO [91388028]       StepMonitoring.java:96   | RHYTHMS
2017-10-06 15:58:53,960 INFO [91388028]         SlotsBuilder.java:399  | Stack#5 suspicious Slot{#2 xOffset=65 timeOffset=1/8 incomings=[#7948]}
2017-10-06 15:58:53,963 INFO [91388028]         SlotsBuilder.java:434  | Stack#6 endless loop detected
2017-10-06 15:58:53,966 INFO [91388028]         SlotsBuilder.java:434  | Stack#7 endless loop detected
2017-10-06 15:58:53,974 INFO [91388028]           PageRhythm.java:314  | Range{1-9} Durations avgGuess:3/4 topGuess:1/4 avgValue:0.86 stacks:9 voices:27 Histogram{1/8-13/8 size:11 [1/8=2 1/4=8 1/2=2 5/8=1 11/16=2 3/4=5 1=2 9/8=2 21/16=1 3/2=1 13/8=1]}
2017-10-06 15:58:53,976 INFO [91388028]           PageRhythm.java:221  | S1 Range{1-9 dur:3/4} should update to 3/4-based time sig?
2017-10-06 15:58:53,978 INFO [91388028]                Voice.java:257  | S1 MeasureStack#1 Voice #1 too long 9/16
2017-10-06 15:58:53,978 INFO [91388028]                Voice.java:257  | S1 MeasureStack#1 Voice #2 too long 3/8
2017-10-06 15:58:53,978 INFO [91388028]                Voice.java:257  | S1 MeasureStack#1 Voice #3 too long 3/8
2017-10-06 15:58:53,979 INFO [91388028]           StackTuner.java:92   | S1 MeasureStack#1 no correct rhythm
2017-10-06 15:58:53,981 INFO [91388028]         SlotsBuilder.java:427  | S1 MeasureStack#2 Slot{#8 xOffset=226 timeOffset=1 incomings=[#7925] SUSPICIOUS}
2017-10-06 15:58:53,982 INFO [91388028]                Voice.java:257  | S1 MeasureStack#2 Voice #1 too long 1/4
2017-10-06 15:58:53,982 INFO [91388028]                Voice.java:257  | S1 MeasureStack#2 Voice #2 too long 1/2
2017-10-06 15:58:53,982 INFO [91388028]           StackTuner.java:92   | S1 MeasureStack#2 no correct rhythm
2017-10-06 15:58:53,985 INFO [91388028]                Voice.java:257  | S1 MeasureStack#3 Voice #1 too long 3/4
2017-10-06 15:58:53,985 INFO [91388028]                Voice.java:257  | S1 MeasureStack#3 Voice #3 too long 7/8
2017-10-06 15:58:53,986 INFO [91388028]           StackTuner.java:92   | S1 MeasureStack#3 no correct rhythm
2017-10-06 15:58:53,989 INFO [91388028]         SlotsBuilder.java:427  | S1 MeasureStack#4 Slot{#8 xOffset=199 timeOffset=5/8 incomings=[#7944] SUSPICIOUS}
2017-10-06 15:58:53,989 INFO [91388028]                Voice.java:257  | S1 MeasureStack#4 Voice #1 too long 1/16
2017-10-06 15:58:53,990 INFO [91388028]           StackTuner.java:92   | S1 MeasureStack#4 no correct rhythm
2017-10-06 15:58:53,992 INFO [91388028]         SlotsBuilder.java:434  | Stack#5 endless loop detected
2017-10-06 15:58:53,995 INFO [91388028]         SlotsBuilder.java:434  | Stack#6 endless loop detected
2017-10-06 15:58:53,998 INFO [91388028]         SlotsBuilder.java:434  | Stack#7 endless loop detected
2017-10-06 15:58:53,999 INFO [91388028]         SlotsBuilder.java:427  | S2 MeasureStack#8 Slot{#2 xOffset=54 timeOffset=1/4 incomings=[#10028] SUSPICIOUS}
2017-10-06 15:58:54,004 INFO [91388028]         SlotsBuilder.java:434  | Stack#8 endless loop detected
2017-10-06 15:58:54,004 INFO [91388028]                Voice.java:257  | S2 MeasureStack#8 Voice #1 too long 7/16
2017-10-06 15:58:54,004 INFO [91388028]                Voice.java:257  | S2 MeasureStack#8 Voice #2 too long 1/2
2017-10-06 15:58:54,005 INFO [91388028]           StackTuner.java:92   | S2 MeasureStack#8 no correct rhythm
2017-10-06 15:58:54,026 INFO [91388028]           PageRhythm.java:314  | Range{1-17} Durations avgGuess:1 topGuess:3/4 avgValue:0.98 stacks:17 voices:46 Histogram{1/4-7/4 size:10 [1/4=2 3/8=2 1/2=4 5/8=2 3/4=14 7/8=2 1=5 5/4=3 3/2=10 7/4=2]}
2017-10-06 15:58:54,026 INFO [91388028]           PageRhythm.java:221  | S3 Range{1-17 dur:1} should update to 1-based time sig?
2017-10-06 15:58:54,027 INFO [91388028]                Voice.java:257  | S3 MeasureStack#1 Voice #1 too long 1/2
2017-10-06 15:58:54,028 INFO [91388028]           StackTuner.java:92   | S3 MeasureStack#1 no correct rhythm
2017-10-06 15:58:54,029 INFO [91388028]         SlotsBuilder.java:427  | S3 MeasureStack#2 Slot{#4 xOffset=160 timeOffset=3/4 incomings=[#8031] SUSPICIOUS}
2017-10-06 15:58:54,030 INFO [91388028]                Voice.java:257  | S3 MeasureStack#2 Voice #1 too long 1/4
2017-10-06 15:58:54,032 INFO [91388028]                Voice.java:257  | S3 MeasureStack#2 Voice #2 too long 1/4
2017-10-06 15:58:54,033 INFO [91388028]           StackTuner.java:92   | S3 MeasureStack#2 no correct rhythm
2017-10-06 15:58:54,034 INFO [91388028]                Voice.java:257  | S3 MeasureStack#3 Voice #1 too long 1/2
2017-10-06 15:58:54,035 INFO [91388028]                Voice.java:257  | S3 MeasureStack#3 Voice #2 too long 1/2
2017-10-06 15:58:54,035 INFO [91388028]                Voice.java:257  | S3 MeasureStack#3 Voice #3 too long 1/2
2017-10-06 15:58:54,035 INFO [91388028]           StackTuner.java:92   | S3 MeasureStack#3 no correct rhythm
2017-10-06 15:58:54,036 INFO [91388028]         SlotsBuilder.java:427  | S3 MeasureStack#4 Slot{#3 xOffset=96 timeOffset=3/8 incomings=[#8042] SUSPICIOUS}
2017-10-06 15:58:54,037 INFO [91388028]         SlotsBuilder.java:427  | S3 MeasureStack#4 Slot{#5 xOffset=149 timeOffset=5/8 incomings=[#8043] SUSPICIOUS}
2017-10-06 15:58:54,038 INFO [91388028]                Voice.java:257  | S3 MeasureStack#4 Voice #1 too long 5/16
2017-10-06 15:58:54,038 INFO [91388028]                Voice.java:257  | S3 MeasureStack#4 Voice #2 too long 1/8
2017-10-06 15:58:54,040 INFO [91388028]           StackTuner.java:92   | S3 MeasureStack#4 no correct rhythm
2017-10-06 15:58:54,042 INFO [91388028]         SlotsBuilder.java:427  | S4 MeasureStack#6 Slot{#4 xOffset=289 timeOffset=3/4 incomings=[#8077] SUSPICIOUS}
2017-10-06 15:58:54,043 INFO [91388028]                Voice.java:257  | S4 MeasureStack#6 Voice #1 too long 1/4
2017-10-06 15:58:54,043 INFO [91388028]                Voice.java:257  | S4 MeasureStack#6 Voice #2 too long 1/4
2017-10-06 15:58:54,043 INFO [91388028]           StackTuner.java:92   | S4 MeasureStack#6 no correct rhythm
2017-10-06 15:58:54,044 INFO [91388028]         SlotsBuilder.java:427  | S4 MeasureStack#7 Slot{#4 xOffset=216 timeOffset=5/8 incomings=[#8081] SUSPICIOUS}
2017-10-06 15:58:54,045 INFO [91388028]         SlotsBuilder.java:427  | S4 MeasureStack#7 Slot{#7 xOffset=318 timeOffset=7/8 incomings=[#8082] SUSPICIOUS}
2017-10-06 15:58:54,045 INFO [91388028]                Voice.java:257  | S4 MeasureStack#7 Voice #2 too long 1/8
2017-10-06 15:58:54,046 INFO [91388028]           StackTuner.java:92   | S4 MeasureStack#7 no correct rhythm
2017-10-06 15:58:54,047 INFO [91388028]                Voice.java:257  | S4 MeasureStack#8 Voice #1 too long 1/4
2017-10-06 15:58:54,048 INFO [91388028]                Voice.java:257  | S4 MeasureStack#8 Voice #2 too long 3/4
2017-10-06 15:58:54,048 INFO [91388028]                Voice.java:257  | S4 MeasureStack#8 Voice #4 too long 1/2
2017-10-06 15:58:54,048 INFO [91388028]           StackTuner.java:92   | S4 MeasureStack#8 no correct rhythm
2017-10-06 15:58:54,049 INFO [91388028]                Voice.java:257  | S4 MeasureStack#9 Voice #1 too long 1/4
2017-10-06 15:58:54,049 INFO [91388028]           StackTuner.java:92   | S4 MeasureStack#9 no correct rhythm
2017-10-06 15:58:54,053 INFO [91388028]         SlotsBuilder.java:427  | S5 MeasureStack#10 Slot{#4 xOffset=292 timeOffset=3/4 incomings=[#8119] SUSPICIOUS}
2017-10-06 15:58:54,055 INFO [91388028]                Voice.java:257  | S5 MeasureStack#10 Voice #1 too long 1/2
2017-10-06 15:58:54,056 INFO [91388028]                Voice.java:257  | S5 MeasureStack#10 Voice #2 too long 1/4
2017-10-06 15:58:54,056 INFO [91388028]                Voice.java:257  | S5 MeasureStack#10 Voice #3 too long 1/4
2017-10-06 15:58:54,056 INFO [91388028]           StackTuner.java:92   | S5 MeasureStack#10 no correct rhythm
2017-10-06 15:58:54,057 INFO [91388028]                Voice.java:257  | S5 MeasureStack#11 Voice #1 too long 1/2
2017-10-06 15:58:54,058 INFO [91388028]                Voice.java:257  | S5 MeasureStack#11 Voice #2 too long 1/2
2017-10-06 15:58:54,058 INFO [91388028]           StackTuner.java:92   | S5 MeasureStack#11 no correct rhythm
2017-10-06 15:58:54,060 INFO [91388028]                Voice.java:257  | S5 MeasureStack#12 Voice #1 too long 1/4
2017-10-06 15:58:54,061 INFO [91388028]                Voice.java:257  | S5 MeasureStack#12 Voice #2 too long 3/4
2017-10-06 15:58:54,062 INFO [91388028]                Voice.java:257  | S5 MeasureStack#12 Voice #3 too long 1/2
2017-10-06 15:58:54,062 INFO [91388028]           StackTuner.java:92   | S5 MeasureStack#12 no correct rhythm
2017-10-06 15:58:54,069 INFO [91388028]                Voice.java:257  | S6 MeasureStack#15 Voice #2 too long 1/2
2017-10-06 15:58:54,069 INFO [91388028]                Voice.java:257  | S6 MeasureStack#15 Voice #3 too long 1/2
2017-10-06 15:58:54,069 INFO [91388028]           StackTuner.java:92   | S6 MeasureStack#15 no correct rhythm
2017-10-06 15:58:54,075 INFO [91388028]         SlotsBuilder.java:427  | S6 MeasureStack#16 Slot{#3 xOffset=133 timeOffset=3/8 incomings=[#8164] SUSPICIOUS}
2017-10-06 15:58:54,077 INFO [91388028]         SlotsBuilder.java:427  | S6 MeasureStack#16 Slot{#6 xOffset=240 timeOffset=3/4 incomings=[#8154] SUSPICIOUS}
2017-10-06 15:58:54,078 INFO [91388028]                Voice.java:257  | S6 MeasureStack#16 Voice #1 too long 1/2
2017-10-06 15:58:54,078 INFO [91388028]                Voice.java:257  | S6 MeasureStack#16 Voice #2 too long 1/2
2017-10-06 15:58:54,079 INFO [91388028]           StackTuner.java:92   | S6 MeasureStack#16 no correct rhythm
2017-10-06 15:58:54,082 INFO [91388028]            BasicBook.java:1395 | Stored /book.xml
2017-10-06 15:58:55,702 INFO [91388028]           BasicSheet.java:979  | Stored /sheet#1/sheet#1.xml
2017-10-06 15:58:55,704 INFO [91388028]       StepMonitoring.java:96   | PAGE
2017-10-06 15:58:55,707 INFO [91388028]                 Part.java:267  | Could not left-connect slur#8504
2017-10-06 15:58:55,708 INFO [91388028]                Voice.java:257  | S1 MeasureStack#1 Voice #1 too long 9/16
2017-10-06 15:58:55,709 INFO [91388028]                Voice.java:257  | S1 MeasureStack#1 Voice #2 too long 3/8
2017-10-06 15:58:55,709 INFO [91388028]                Voice.java:257  | S1 MeasureStack#1 Voice #3 too long 3/8
2017-10-06 15:58:55,709 INFO [91388028]                Voice.java:257  | S1 MeasureStack#2 Voice #1 too long 1/4
2017-10-06 15:58:55,709 INFO [91388028]                Voice.java:257  | S1 MeasureStack#2 Voice #2 too long 1/2
2017-10-06 15:58:55,709 INFO [91388028]                Voice.java:257  | S1 MeasureStack#3 Voice #1 too long 3/4
2017-10-06 15:58:55,710 INFO [91388028]                Voice.java:257  | S1 MeasureStack#3 Voice #3 too long 7/8
2017-10-06 15:58:55,710 INFO [91388028]                Voice.java:257  | S1 MeasureStack#4 Voice #1 too long 1/16
2017-10-06 15:58:55,710 INFO [91388028]                Voice.java:257  | S2 MeasureStack#8 Voice #1 too long 7/16
2017-10-06 15:58:55,711 INFO [91388028]                Voice.java:257  | S2 MeasureStack#8 Voice #2 too long 1/2
2017-10-06 15:58:55,712 INFO [91388028]                Voice.java:257  | S3 MeasureStack#1 Voice #1 too long 1/2
2017-10-06 15:58:55,712 INFO [91388028]                Voice.java:257  | S3 MeasureStack#2 Voice #1 too long 1/4
2017-10-06 15:58:55,712 INFO [91388028]                Voice.java:257  | S3 MeasureStack#2 Voice #2 too long 1/4
2017-10-06 15:58:55,713 INFO [91388028]                Voice.java:257  | S3 MeasureStack#3 Voice #1 too long 1/2
2017-10-06 15:58:55,713 INFO [91388028]                Voice.java:257  | S3 MeasureStack#3 Voice #3 too long 1/2
2017-10-06 15:58:55,713 INFO [91388028]                Voice.java:257  | S3 MeasureStack#3 Voice #2 too long 1/2
2017-10-06 15:58:55,713 INFO [91388028]                Voice.java:257  | S3 MeasureStack#4 Voice #1 too long 5/16
2017-10-06 15:58:55,713 INFO [91388028]                Voice.java:257  | S3 MeasureStack#4 Voice #2 too long 1/8
2017-10-06 15:58:55,714 INFO [91388028]                Voice.java:257  | S4 MeasureStack#6 Voice #1 too long 1/4
2017-10-06 15:58:55,714 INFO [91388028]                Voice.java:257  | S4 MeasureStack#6 Voice #2 too long 1/4
2017-10-06 15:58:55,714 INFO [91388028]                Voice.java:257  | S4 MeasureStack#7 Voice #2 too long 1/8
2017-10-06 15:58:55,715 INFO [91388028]                Voice.java:257  | S4 MeasureStack#8 Voice #1 too long 1/4
2017-10-06 15:58:55,715 INFO [91388028]                Voice.java:257  | S4 MeasureStack#8 Voice #2 too long 3/4
2017-10-06 15:58:55,715 INFO [91388028]                Voice.java:257  | S4 MeasureStack#8 Voice #4 too long 1/2
2017-10-06 15:58:55,715 INFO [91388028]                Voice.java:257  | S4 MeasureStack#9 Voice #1 too long 1/4
2017-10-06 15:58:55,715 INFO [91388028]                Voice.java:257  | S5 MeasureStack#10 Voice #1 too long 1/2
2017-10-06 15:58:55,716 INFO [91388028]                Voice.java:257  | S5 MeasureStack#10 Voice #2 too long 1/4
2017-10-06 15:58:55,716 INFO [91388028]                Voice.java:257  | S5 MeasureStack#10 Voice #3 too long 1/4
2017-10-06 15:58:55,716 INFO [91388028]                Voice.java:257  | S5 MeasureStack#11 Voice #1 too long 1/2
2017-10-06 15:58:55,716 INFO [91388028]                Voice.java:257  | S5 MeasureStack#11 Voice #2 too long 1/2
2017-10-06 15:58:55,720 INFO [91388028]                Voice.java:257  | S5 MeasureStack#12 Voice #1 too long 1/4
2017-10-06 15:58:55,721 INFO [91388028]                Voice.java:257  | S5 MeasureStack#12 Voice #2 too long 3/4
2017-10-06 15:58:55,721 INFO [91388028]                Voice.java:257  | S5 MeasureStack#12 Voice #3 too long 1/2
2017-10-06 15:58:55,721 INFO [91388028]                Voice.java:257  | S6 MeasureStack#15 Voice #2 too long 1/2
2017-10-06 15:58:55,722 INFO [91388028]                Voice.java:257  | S6 MeasureStack#15 Voice #3 too long 1/2
2017-10-06 15:58:55,722 INFO [91388028]                Voice.java:257  | S6 MeasureStack#16 Voice #1 too long 1/2
2017-10-06 15:58:55,722 INFO [91388028]                Voice.java:257  | S6 MeasureStack#16 Voice #2 too long 1/2
2017-10-06 15:58:55,724 INFO [91388028]            BasicBook.java:1395 | Stored /book.xml
2017-10-06 15:58:57,333 INFO [91388028]           BasicSheet.java:979  | Stored /sheet#1/sheet#1.xml
2017-10-06 15:58:57,339 INFO [91388028]            BasicStub.java:723  | Sheet{91388028} disposed
2017-10-06 15:58:58,794 INFO [91388028]            BasicStub.java:449  | Loaded /sheet#1/sheet#1.xml
2017-10-06 15:58:58,796 INFO [91388028]            BasicBook.java:1133 | Scores built: 2
2017-10-06 15:58:59,980 INFO [91388028]        ScoreExporter.java:93   | Score 91388028.mvt1 exported to /Users/stephenn/Documents/workspace/nlsomr/xml_out/91386487/91388028/91388028.mvt1.mxl
2017-10-06 15:59:00,024 INFO [91388028]        ScoreExporter.java:93   | Score 91388028.mvt2 exported to /Users/stephenn/Documents/workspace/nlsomr/xml_out/91386487/91388028/91388028.mvt2.mxl
2017-10-06 15:59:00,207 INFO [91388028]            BasicBook.java:1395 | Stored /book.xml
2017-10-06 15:59:00,207 INFO [91388028]            BasicBook.java:1355 | Book stored as /Users/stephenn/Documents/workspace/nlsomr/xml_out/91386487/91388028/91388028.omr
