2017-10-06 14:49:06,415 INFO [91387092]            BasicBook.java:427  | 1 sheet in /Users/stephenn/Documents/workspace/nlsomr/working/91387092.jpg
2017-10-06 14:49:06,562 INFO []            BasicBook.java:1395 | Stored /book.xml
2017-10-06 14:49:06,562 INFO []            BasicBook.java:1355 | Book stored as /Users/stephenn/Documents/workspace/nlsomr/xml_out/91386487/91387092/91387092.omr
2017-10-06 14:49:06,571 INFO []            BasicBook.java:996  | Book reaching PAGE on sheets:[#1]
2017-10-06 14:49:06,572 INFO [91387092]       StepMonitoring.java:96   | LOAD
2017-10-06 14:49:06,714 INFO [91387092]            BasicBook.java:911  | Loaded image 1 2000x3056 from /Users/stephenn/Documents/workspace/nlsomr/working/91387092.jpg
2017-10-06 14:49:06,718 INFO [91387092]            ImageUtil.java:82   | Converting max RGB to gray ...
2017-10-06 14:49:06,971 INFO [91387092]            BasicBook.java:1395 | Stored /book.xml
2017-10-06 14:49:07,274 INFO [91387092]           BasicSheet.java:979  | Stored /sheet#1/sheet#1.xml
2017-10-06 14:49:07,275 INFO [91387092]       StepMonitoring.java:96   | BINARY
2017-10-06 14:49:07,890 INFO [91387092]            BasicBook.java:1395 | Stored /book.xml
2017-10-06 14:49:08,196 INFO [91387092]              Picture.java:786  | Stored /sheet#1/BINARY.xml
2017-10-06 14:49:08,197 INFO [91387092]           BasicSheet.java:979  | Stored /sheet#1/sheet#1.xml
2017-10-06 14:49:08,199 INFO [91387092]       StepMonitoring.java:96   | SCALE
2017-10-06 14:49:08,238 INFO [91387092]            ScaleStep.java:87   | Scale{line(3,4,5) interline(16,16,17) beam(12)}
2017-10-06 14:49:08,240 INFO [91387092]            BasicBook.java:1395 | Stored /book.xml
2017-10-06 14:49:08,242 INFO [91387092]           BasicSheet.java:979  | Stored /sheet#1/sheet#1.xml
2017-10-06 14:49:08,245 INFO [91387092]       StepMonitoring.java:96   | GRID
2017-10-06 14:49:09,131 INFO [91387092]       LinesRetriever.java:442  | Global slope: -0.00125
2017-10-06 14:49:09,221 INFO [91387092]    ClustersRetriever.java:241  | Retrieved line clusters: 12 of size: 5 with interline: (16,16,17)
2017-10-06 14:49:09,760 INFO [91387092]            PeakGraph.java:181  | Systems: #1[1, 2] #2[3, 4] #3[5, 6] #4[7, 8] #5[9, 10] #6[11, 12]
2017-10-06 14:49:10,514 INFO [91387092]        SystemManager.java:626  | Indentation detected for system#1
2017-10-06 14:49:10,515 INFO [91387092]        SystemManager.java:626  | Indentation detected for system#4
2017-10-06 14:49:10,515 INFO [91387092]        SystemManager.java:671  | 2 pages found in sheet
2017-10-06 14:49:10,515 INFO [91387092]        SystemManager.java:709  | Page #1: 1 part along 3 systems
2017-10-06 14:49:10,516 INFO [91387092]        SystemManager.java:709  | Page #2: 1 part along 3 systems
2017-10-06 14:49:10,519 INFO [91387092]            BasicBook.java:1395 | Stored /book.xml
2017-10-06 14:49:10,736 INFO [91387092]           BasicSheet.java:979  | Stored /sheet#1/sheet#1.xml
2017-10-06 14:49:10,739 INFO [91387092]       StepMonitoring.java:96   | HEADERS
2017-10-06 14:49:11,185 INFO [91387092]          Nd4jBackend.java:194  | Loaded [CpuBackend] backend
2017-10-06 14:49:11,245 INFO [91387092]      NativeOpsHolder.java:49   | Number of threads used for NativeOps: 2
2017-10-06 14:49:11,736 INFO [91387092] DefaultOpExecutioner.java:544  | Backend used: [CPU]; OS: [Mac OS X]
2017-10-06 14:49:11,736 INFO [91387092] DefaultOpExecutioner.java:545  | Cores: [4]; Memory: [3.6GB];
2017-10-06 14:49:11,736 INFO [91387092] DefaultOpExecutioner.java:546  | Blas vendor: [OPENBLAS]
2017-10-06 14:49:11,783 INFO [91387092]   AbstractClassifier.java:332  | Classifier data loaded from default uri jar:file:/Users/stephenn/Documents/workspace/audiveris/build/distributions/Audiveris/lib/audiveris.jar!/res/basic-classifier.zip
2017-10-06 14:49:13,541 WARN [91387092]          ClefBuilder.java:560  | Staff#2 no header clef.
2017-10-06 14:49:14,545 WARN [91387092]          ClefBuilder.java:560  | Staff#8 no header clef.
2017-10-06 14:49:14,774 WARN [91387092]          ClefBuilder.java:560  | Staff#10 no header clef.
2017-10-06 14:49:14,923 INFO []   AbstractClassifier.java:332  | Classifier data loaded from default uri jar:file:/Users/stephenn/Documents/workspace/audiveris/build/distributions/Audiveris/lib/audiveris.jar!/res/deep-classifier.zip
2017-10-06 14:49:14,994 WARN [91387092]          ClefBuilder.java:560  | Staff#12 no header clef.
2017-10-06 14:49:15,021 INFO [91387092]            BasicBook.java:1395 | Stored /book.xml
2017-10-06 14:49:15,328 INFO [91387092]           BasicSheet.java:979  | Stored /sheet#1/sheet#1.xml
2017-10-06 14:49:15,330 INFO [91387092]       StepMonitoring.java:96   | STEM_SEEDS
2017-10-06 14:49:15,424 INFO [91387092]        StemSeedsStep.java:91   | stem(3 max:4)
2017-10-06 14:49:15,524 INFO [91387092]            BasicBook.java:1395 | Stored /book.xml
2017-10-06 14:49:15,827 INFO [91387092]           BasicSheet.java:979  | Stored /sheet#1/sheet#1.xml
2017-10-06 14:49:15,829 INFO [91387092]       StepMonitoring.java:96   | BEAMS
2017-10-06 14:49:20,376 INFO [91387092]            BeamsStep.java:89   | BeamDistance{count:14 mean:15.18 stdDev:1.01}
2017-10-06 14:49:20,379 INFO [91387092]            BasicBook.java:1395 | Stored /book.xml
2017-10-06 14:49:20,426 INFO [91387092]              Picture.java:786  | Stored /sheet#1/HEAD_SPOTS.xml
2017-10-06 14:49:20,779 INFO [91387092]           BasicSheet.java:979  | Stored /sheet#1/sheet#1.xml
2017-10-06 14:49:20,781 INFO [91387092]       StepMonitoring.java:96   | LEDGERS
2017-10-06 14:49:21,253 INFO [91387092]            BasicBook.java:1395 | Stored /book.xml
2017-10-06 14:49:21,679 INFO [91387092]           BasicSheet.java:979  | Stored /sheet#1/sheet#1.xml
2017-10-06 14:49:21,681 INFO [91387092]       StepMonitoring.java:96   | HEADS
2017-10-06 14:49:24,083 INFO [91387092]            BasicBook.java:1395 | Stored /book.xml
2017-10-06 14:49:24,803 INFO [91387092]           BasicSheet.java:979  | Stored /sheet#1/sheet#1.xml
2017-10-06 14:49:24,805 INFO [91387092]       StepMonitoring.java:96   | STEMS
2017-10-06 14:49:26,469 INFO [91387092]            BasicBook.java:1395 | Stored /book.xml
2017-10-06 14:49:27,678 INFO [91387092]           BasicSheet.java:979  | Stored /sheet#1/sheet#1.xml
2017-10-06 14:49:27,681 INFO [91387092]       StepMonitoring.java:96   | REDUCTION
2017-10-06 14:49:28,611 INFO [91387092]            BasicBook.java:1395 | Stored /book.xml
2017-10-06 14:49:29,489 INFO [91387092]           BasicSheet.java:979  | Stored /sheet#1/sheet#1.xml
2017-10-06 14:49:29,493 INFO [91387092]       StepMonitoring.java:96   | CUE_BEAMS
2017-10-06 14:49:29,497 INFO [91387092]            BasicBook.java:1395 | Stored /book.xml
2017-10-06 14:49:30,188 INFO [91387092]           BasicSheet.java:979  | Stored /sheet#1/sheet#1.xml
2017-10-06 14:49:30,190 INFO [91387092]       StepMonitoring.java:96   | TEXTS
2017-10-06 14:49:31,839 INFO [91387092]            BasicBook.java:1395 | Stored /book.xml
2017-10-06 14:49:32,656 INFO [91387092]           BasicSheet.java:979  | Stored /sheet#1/sheet#1.xml
2017-10-06 14:49:32,661 INFO [91387092]       StepMonitoring.java:96   | MEASURES
2017-10-06 14:49:32,669 INFO [91387092]                 Page.java:210  | 17 raw measures: [6 in system#1, 5 in system#2, 6 in system#3]
2017-10-06 14:49:32,670 INFO [91387092]                 Page.java:210  | 10 raw measures: [3 in system#4, 4 in system#5, 3 in system#6]
2017-10-06 14:49:32,672 INFO [91387092]            BasicBook.java:1395 | Stored /book.xml
2017-10-06 14:49:33,391 INFO [91387092]           BasicSheet.java:979  | Stored /sheet#1/sheet#1.xml
2017-10-06 14:49:33,393 INFO [91387092]       StepMonitoring.java:96   | CHORDS
2017-10-06 14:49:33,399 INFO [91387092]        ChordsBuilder.java:249  | Deleting StemInter{#4477(0.671/0.709)} on LEFT side of HeadInter{#3196(0.326/0.662) s:6 p:0.00 NOTEHEAD_BLACK}
2017-10-06 14:49:33,406 INFO [91387092]            BasicBook.java:1395 | Stored /book.xml
2017-10-06 14:49:34,084 INFO [91387092]           BasicSheet.java:979  | Stored /sheet#1/sheet#1.xml
2017-10-06 14:49:34,086 INFO [91387092]       StepMonitoring.java:96   | CURVES
2017-10-06 14:49:35,329 INFO [91387092]         SlursBuilder.java:157  | Slurs: 17
2017-10-06 14:49:35,344 INFO [91387092]      SegmentsBuilder.java:113  | Segments: 19
2017-10-06 14:49:35,352 INFO [91387092]            BasicBook.java:1395 | Stored /book.xml
2017-10-06 14:49:36,287 INFO [91387092]           BasicSheet.java:979  | Stored /sheet#1/sheet#1.xml
2017-10-06 14:49:36,296 INFO [91387092]       StepMonitoring.java:96   | SYMBOLS
2017-10-06 14:49:38,602 INFO [91387092]            BasicBook.java:1395 | Stored /book.xml
2017-10-06 14:49:39,546 INFO [91387092]           BasicSheet.java:979  | Stored /sheet#1/sheet#1.xml
2017-10-06 14:49:39,549 INFO [91387092]       StepMonitoring.java:96   | LINKS
2017-10-06 14:49:39,556 INFO [91387092]        SymbolsLinker.java:323  | No chord above direction SentenceInter{#4773(0.634) s:4 IS-40 Direction} rall.
2017-10-06 14:49:39,574 INFO [91387092]        SymbolsLinker.java:306  | No measure stack for direction SentenceInter{#4805(0.595) s:7 BSC-47 Direction} J: 72.
2017-10-06 14:49:39,596 INFO [91387092]            BasicBook.java:1395 | Stored /book.xml
2017-10-06 14:49:40,555 INFO [91387092]           BasicSheet.java:979  | Stored /sheet#1/sheet#1.xml
2017-10-06 14:49:40,557 INFO [91387092]       StepMonitoring.java:96   | RHYTHMS
2017-10-06 14:49:40,585 INFO [91387092]           PageRhythm.java:314  | Range{1-17 ts:3/4} Durations avgGuess:3/4 topGuess:3/4 avgValue:0.64 stacks:17 voices:50 Histogram{1/4-3/4 size:4 [1/4=1 1/2=22 5/8=1 3/4=26]}
2017-10-06 14:49:40,597 INFO [91387092]         SlotsBuilder.java:427  | S3 MeasureStack#15 Slot{#3 xOffset=224 timeOffset=1/2 incomings=[#4922] SUSPICIOUS}
2017-10-06 14:49:40,602 INFO [91387092]         SlotsBuilder.java:399  | Stack#2 suspicious Slot{#4 xOffset=260 timeOffset=3/8 incomings=[#4935]}
2017-10-06 14:49:40,607 INFO [91387092]         SlotsBuilder.java:399  | Stack#4 suspicious Slot{#5 xOffset=450 timeOffset=1/2 incomings=[#4959#4960#4979]}
2017-10-06 14:49:40,608 INFO [91387092]         SlotsBuilder.java:399  | Stack#6 suspicious Slot{#2 xOffset=141 timeOffset=1/8 incomings=[#4965#4984]}
2017-10-06 14:49:40,611 INFO [91387092]         SlotsBuilder.java:399  | Stack#8 suspicious Slot{#2 xOffset=243 timeOffset=1/8 incomings=[#5008]}
2017-10-06 14:49:40,613 INFO [91387092]         SlotsBuilder.java:399  | Stack#9 suspicious Slot{#2 xOffset=167 timeOffset=1/8 incomings=[#5015]}
2017-10-06 14:49:40,614 INFO [91387092]           PageRhythm.java:314  | Range{1-10 ts:3/4} Durations avgGuess:1/2 topGuess:1/4 avgValue:0.61 stacks:10 voices:23 Histogram{1/8-3/4 size:8 [1/8=4 1/4=6 5/16=1 3/8=2 7/16=1 1/2=4 5/8=2 3/4=3]}
2017-10-06 14:49:40,615 INFO [91387092]           PageRhythm.java:221  | S4 Range{1-10 ts:3/4 dur:1/2} should update to 1/2-based time sig?
2017-10-06 14:49:40,618 INFO [91387092]         SlotsBuilder.java:427  | S4 MeasureStack#2 Slot{#7 xOffset=352 timeOffset=1/2 incomings=[#4938] SUSPICIOUS}
2017-10-06 14:49:40,618 INFO [91387092]         SlotsBuilder.java:427  | S4 MeasureStack#2 Slot{#9 xOffset=420 timeOffset=5/8 incomings=[#4940] SUSPICIOUS}
2017-10-06 14:49:40,619 INFO [91387092]                Voice.java:257  | S4 MeasureStack#2 Voice #1 too long 3/16
2017-10-06 14:49:40,620 INFO [91387092]                Voice.java:257  | S4 MeasureStack#2 Voice #2 too long 1/4
2017-10-06 14:49:40,621 INFO [91387092]           StackTuner.java:92   | S4 MeasureStack#2 no correct rhythm
2017-10-06 14:49:40,623 INFO [91387092]         SlotsBuilder.java:427  | S4 MeasureStack#3 Slot{#5 xOffset=211 timeOffset=5/16 incomings=[#4951] SUSPICIOUS}
2017-10-06 14:49:40,623 INFO [91387092]         SlotsBuilder.java:427  | S4 MeasureStack#3 Slot{#7 xOffset=278 timeOffset=1/2 incomings=[#4944] SUSPICIOUS}
2017-10-06 14:49:40,624 INFO [91387092]         SlotsBuilder.java:427  | S4 MeasureStack#3 Slot{#9 xOffset=346 timeOffset=5/8 incomings=[#4945] SUSPICIOUS}
2017-10-06 14:49:40,625 INFO [91387092]         SlotsBuilder.java:427  | S4 MeasureStack#3 Slot{#11 xOffset=416 timeOffset=13/16 incomings=[#4946] SUSPICIOUS}
2017-10-06 14:49:40,625 INFO [91387092]                Voice.java:257  | S4 MeasureStack#3 Voice #1 too long 7/16
2017-10-06 14:49:40,625 INFO [91387092]                Voice.java:257  | S4 MeasureStack#3 Voice #3 too long 5/16
2017-10-06 14:49:40,626 INFO [91387092]           StackTuner.java:92   | S4 MeasureStack#3 no correct rhythm
2017-10-06 14:49:40,627 INFO [91387092]         SlotsBuilder.java:434  | Stack#4 endless loop detected
2017-10-06 14:49:40,628 INFO [91387092]                Voice.java:257  | S5 MeasureStack#4 Voice #1 too long 1/8
2017-10-06 14:49:40,628 INFO [91387092]                Voice.java:257  | S5 MeasureStack#4 Voice #2 too long 1/8
2017-10-06 14:49:40,628 INFO [91387092]                Voice.java:257  | S5 MeasureStack#4 Voice #3 too long 1/4
2017-10-06 14:49:40,629 INFO [91387092]           StackTuner.java:92   | S5 MeasureStack#4 no correct rhythm
2017-10-06 14:49:40,629 INFO [91387092]                Voice.java:257  | S5 MeasureStack#5 Voice #1 too long 1/4
2017-10-06 14:49:40,630 INFO [91387092]           StackTuner.java:92   | S5 MeasureStack#5 no correct rhythm
2017-10-06 14:49:40,632 INFO [91387092]         SlotsBuilder.java:427  | S5 MeasureStack#6 Slot{#4 xOffset=217 timeOffset=1/4 incomings=[#4985] SUSPICIOUS}
2017-10-06 14:49:40,634 INFO [91387092]         SlotsBuilder.java:427  | S5 MeasureStack#7 Slot{#4 xOffset=203 timeOffset=1/2 incomings=[#4969] SUSPICIOUS}
2017-10-06 14:49:40,635 INFO [91387092]         SlotsBuilder.java:427  | S5 MeasureStack#7 Slot{#6 xOffset=278 timeOffset=5/8 incomings=[#4970] SUSPICIOUS}
2017-10-06 14:49:40,635 INFO [91387092]         SlotsBuilder.java:427  | S5 MeasureStack#7 Slot{#8 xOffset=343 timeOffset=3/4 incomings=[#4971] SUSPICIOUS}
2017-10-06 14:49:40,635 INFO [91387092]         SlotsBuilder.java:434  | Stack#7 endless loop detected
2017-10-06 14:49:40,636 INFO [91387092]                Voice.java:257  | S5 MeasureStack#7 Voice #1 too long 1/4
2017-10-06 14:49:40,636 INFO [91387092]                Voice.java:257  | S5 MeasureStack#7 Voice #2 too long 5/16
2017-10-06 14:49:40,636 INFO [91387092]           StackTuner.java:92   | S5 MeasureStack#7 no correct rhythm
2017-10-06 14:49:40,638 INFO [91387092]         SlotsBuilder.java:427  | S6 MeasureStack#8 Slot{#5 xOffset=368 timeOffset=1/4 incomings=[#5009] SUSPICIOUS}
2017-10-06 14:49:40,638 INFO [91387092]         SlotsBuilder.java:427  | S6 MeasureStack#8 Slot{#7 xOffset=454 timeOffset=7/16 incomings=[#4995] SUSPICIOUS}
2017-10-06 14:49:40,639 INFO [91387092]         SlotsBuilder.java:427  | S6 MeasureStack#8 Slot{#10 xOffset=579 timeOffset=9/16 incomings=[#4997] SUSPICIOUS}
2017-10-06 14:49:40,639 INFO [91387092]         SlotsBuilder.java:427  | S6 MeasureStack#8 Slot{#12 xOffset=671 timeOffset=11/16 incomings=[#4998] SUSPICIOUS}
2017-10-06 14:49:40,640 INFO [91387092]                Voice.java:257  | S6 MeasureStack#8 Voice #1 too long 5/16
2017-10-06 14:49:40,640 INFO [91387092]                Voice.java:257  | S6 MeasureStack#8 Voice #2 too long 1/4
2017-10-06 14:49:40,640 INFO [91387092]           StackTuner.java:92   | S6 MeasureStack#8 no correct rhythm
2017-10-06 14:49:40,642 INFO [91387092]         SlotsBuilder.java:427  | S6 MeasureStack#9 Slot{#5 xOffset=278 timeOffset=1/4 incomings=[#5016] SUSPICIOUS}
2017-10-06 14:49:40,642 INFO [91387092]         SlotsBuilder.java:427  | S6 MeasureStack#9 Slot{#7 xOffset=367 timeOffset=3/8 incomings=[#5017] SUSPICIOUS}
2017-10-06 14:49:40,643 INFO [91387092]         SlotsBuilder.java:427  | S6 MeasureStack#9 Slot{#9 xOffset=455 timeOffset=1/2 incomings=[#5018#5019] SUSPICIOUS}
2017-10-06 14:49:40,643 INFO [91387092]         SlotsBuilder.java:427  | S6 MeasureStack#9 Slot{#11 xOffset=540 timeOffset=5/8 incomings=[#5020] SUSPICIOUS}
2017-10-06 14:49:40,644 INFO [91387092]                Voice.java:257  | S6 MeasureStack#9 Voice #1 too long 3/16
2017-10-06 14:49:40,644 INFO [91387092]                Voice.java:257  | S6 MeasureStack#9 Voice #2 too long 1/4
2017-10-06 14:49:40,644 INFO [91387092]                Voice.java:257  | S6 MeasureStack#9 Voice #3 too long 1/4
2017-10-06 14:49:40,645 INFO [91387092]                Voice.java:257  | S6 MeasureStack#9 Voice #4 too long 1/4
2017-10-06 14:49:40,645 INFO [91387092]           StackTuner.java:92   | S6 MeasureStack#9 no correct rhythm
2017-10-06 14:49:40,647 INFO [91387092]            BasicBook.java:1395 | Stored /book.xml
2017-10-06 14:49:41,297 INFO [91387092]           BasicSheet.java:979  | Stored /sheet#1/sheet#1.xml
2017-10-06 14:49:41,299 INFO [91387092]       StepMonitoring.java:96   | PAGE
2017-10-06 14:49:41,307 INFO [91387092]                Voice.java:257  | S4 MeasureStack#2 Voice #1 too long 3/16
2017-10-06 14:49:41,307 INFO [91387092]                Voice.java:257  | S4 MeasureStack#2 Voice #2 too long 1/4
2017-10-06 14:49:41,308 INFO [91387092]                Voice.java:257  | S4 MeasureStack#3 Voice #1 too long 7/16
2017-10-06 14:49:41,308 INFO [91387092]                Voice.java:257  | S4 MeasureStack#3 Voice #3 too long 5/16
2017-10-06 14:49:41,308 INFO [91387092]                Voice.java:257  | S5 MeasureStack#4 Voice #1 too long 1/8
2017-10-06 14:49:41,309 INFO [91387092]                Voice.java:257  | S5 MeasureStack#4 Voice #2 too long 1/8
2017-10-06 14:49:41,309 INFO [91387092]                Voice.java:257  | S5 MeasureStack#4 Voice #3 too long 1/4
2017-10-06 14:49:41,309 INFO [91387092]                Voice.java:257  | S5 MeasureStack#5 Voice #1 too long 1/4
2017-10-06 14:49:41,309 INFO [91387092]                Voice.java:257  | S5 MeasureStack#7 Voice #1 too long 1/4
2017-10-06 14:49:41,310 INFO [91387092]                Voice.java:257  | S5 MeasureStack#7 Voice #2 too long 5/16
2017-10-06 14:49:41,310 INFO [91387092]                Voice.java:257  | S6 MeasureStack#8 Voice #1 too long 5/16
2017-10-06 14:49:41,310 INFO [91387092]                Voice.java:257  | S6 MeasureStack#8 Voice #2 too long 1/4
2017-10-06 14:49:41,310 INFO [91387092]                Voice.java:257  | S6 MeasureStack#9 Voice #1 too long 3/16
2017-10-06 14:49:41,311 INFO [91387092]                Voice.java:257  | S6 MeasureStack#9 Voice #2 too long 1/4
2017-10-06 14:49:41,311 INFO [91387092]                Voice.java:257  | S6 MeasureStack#9 Voice #3 too long 1/4
2017-10-06 14:49:41,311 INFO [91387092]                Voice.java:257  | S6 MeasureStack#9 Voice #4 too long 1/4
2017-10-06 14:49:41,313 INFO [91387092]            BasicBook.java:1395 | Stored /book.xml
2017-10-06 14:49:41,914 INFO [91387092]           BasicSheet.java:979  | Stored /sheet#1/sheet#1.xml
2017-10-06 14:49:41,916 INFO [91387092]            BasicStub.java:723  | Sheet{91387092} disposed
2017-10-06 14:49:42,936 INFO [91387092]            BasicStub.java:449  | Loaded /sheet#1/sheet#1.xml
2017-10-06 14:49:42,941 INFO [91387092]            BasicBook.java:1133 | Scores built: 2
2017-10-06 14:49:43,970 WARN [91387092]      PartwiseBuilder.java:1379 | Error visiting null
java.lang.NullPointerException: null
	at org.audiveris.omr.score.PartwiseBuilder.processKey(PartwiseBuilder.java:1344)
	at org.audiveris.omr.score.PartwiseBuilder.processKeys(PartwiseBuilder.java:1407)
	at org.audiveris.omr.score.PartwiseBuilder.processMeasure(PartwiseBuilder.java:1575)
	at org.audiveris.omr.score.PartwiseBuilder.processPart(PartwiseBuilder.java:1988)
	at org.audiveris.omr.score.PartwiseBuilder.processSystem(PartwiseBuilder.java:2528)
	at org.audiveris.omr.score.PartwiseBuilder.processLogicalPart(PartwiseBuilder.java:1433)
	at org.audiveris.omr.score.PartwiseBuilder.processStub(PartwiseBuilder.java:2483)
	at org.audiveris.omr.score.PartwiseBuilder.processPartList(PartwiseBuilder.java:2017)
	at org.audiveris.omr.score.PartwiseBuilder.processScore(PartwiseBuilder.java:2195)
	at org.audiveris.omr.score.PartwiseBuilder.build(PartwiseBuilder.java:307)
	at org.audiveris.omr.score.ScoreExporter.export(ScoreExporter.java:117)
	at org.audiveris.omr.score.ScoreExporter.export(ScoreExporter.java:91)
	at org.audiveris.omr.sheet.BasicBook.export(BasicBook.java:589)
	at org.audiveris.omr.CLI$ProcessingTask.processBook(CLI.java:785)
	at org.audiveris.omr.CLI$CliTask.call(CLI.java:344)
	at org.audiveris.omr.Main.runBatchTasks(Main.java:316)
	at org.audiveris.omr.Main.main(Main.java:155)
	at Audiveris.main(Audiveris.java:49)
2017-10-06 14:49:44,043 INFO [91387092]        ScoreExporter.java:93   | Score 91387092.mvt1 exported to /Users/stephenn/Documents/workspace/nlsomr/xml_out/91386487/91387092/91387092.mvt1.mxl
2017-10-06 14:49:44,045 WARN [91387092]      PartwiseBuilder.java:1379 | Error visiting null
java.lang.NullPointerException: null
	at org.audiveris.omr.score.PartwiseBuilder.processKey(PartwiseBuilder.java:1344)
	at org.audiveris.omr.score.PartwiseBuilder.processKeys(PartwiseBuilder.java:1407)
	at org.audiveris.omr.score.PartwiseBuilder.processMeasure(PartwiseBuilder.java:1575)
	at org.audiveris.omr.score.PartwiseBuilder.processPart(PartwiseBuilder.java:1988)
	at org.audiveris.omr.score.PartwiseBuilder.processSystem(PartwiseBuilder.java:2528)
	at org.audiveris.omr.score.PartwiseBuilder.processLogicalPart(PartwiseBuilder.java:1433)
	at org.audiveris.omr.score.PartwiseBuilder.processStub(PartwiseBuilder.java:2483)
	at org.audiveris.omr.score.PartwiseBuilder.processPartList(PartwiseBuilder.java:2017)
	at org.audiveris.omr.score.PartwiseBuilder.processScore(PartwiseBuilder.java:2195)
	at org.audiveris.omr.score.PartwiseBuilder.build(PartwiseBuilder.java:307)
	at org.audiveris.omr.score.ScoreExporter.export(ScoreExporter.java:117)
	at org.audiveris.omr.score.ScoreExporter.export(ScoreExporter.java:91)
	at org.audiveris.omr.sheet.BasicBook.export(BasicBook.java:589)
	at org.audiveris.omr.CLI$ProcessingTask.processBook(CLI.java:785)
	at org.audiveris.omr.CLI$CliTask.call(CLI.java:344)
	at org.audiveris.omr.Main.runBatchTasks(Main.java:316)
	at org.audiveris.omr.Main.main(Main.java:155)
	at Audiveris.main(Audiveris.java:49)
2017-10-06 14:49:44,049 WARN [91387092]      PartwiseBuilder.java:1379 | Error visiting null
java.lang.NullPointerException: null
	at org.audiveris.omr.score.PartwiseBuilder.processKey(PartwiseBuilder.java:1344)
	at org.audiveris.omr.score.PartwiseBuilder.processKeys(PartwiseBuilder.java:1407)
	at org.audiveris.omr.score.PartwiseBuilder.processMeasure(PartwiseBuilder.java:1575)
	at org.audiveris.omr.score.PartwiseBuilder.processPart(PartwiseBuilder.java:1988)
	at org.audiveris.omr.score.PartwiseBuilder.processSystem(PartwiseBuilder.java:2528)
	at org.audiveris.omr.score.PartwiseBuilder.processLogicalPart(PartwiseBuilder.java:1433)
	at org.audiveris.omr.score.PartwiseBuilder.processStub(PartwiseBuilder.java:2483)
	at org.audiveris.omr.score.PartwiseBuilder.processPartList(PartwiseBuilder.java:2017)
	at org.audiveris.omr.score.PartwiseBuilder.processScore(PartwiseBuilder.java:2195)
	at org.audiveris.omr.score.PartwiseBuilder.build(PartwiseBuilder.java:307)
	at org.audiveris.omr.score.ScoreExporter.export(ScoreExporter.java:117)
	at org.audiveris.omr.score.ScoreExporter.export(ScoreExporter.java:91)
	at org.audiveris.omr.sheet.BasicBook.export(BasicBook.java:589)
	at org.audiveris.omr.CLI$ProcessingTask.processBook(CLI.java:785)
	at org.audiveris.omr.CLI$CliTask.call(CLI.java:344)
	at org.audiveris.omr.Main.runBatchTasks(Main.java:316)
	at org.audiveris.omr.Main.main(Main.java:155)
	at Audiveris.main(Audiveris.java:49)
2017-10-06 14:49:44,056 WARN [91387092]      PartwiseBuilder.java:1379 | Error visiting null
java.lang.NullPointerException: null
	at org.audiveris.omr.score.PartwiseBuilder.processKey(PartwiseBuilder.java:1344)
	at org.audiveris.omr.score.PartwiseBuilder.processKeys(PartwiseBuilder.java:1407)
	at org.audiveris.omr.score.PartwiseBuilder.processMeasure(PartwiseBuilder.java:1575)
	at org.audiveris.omr.score.PartwiseBuilder.processPart(PartwiseBuilder.java:1988)
	at org.audiveris.omr.score.PartwiseBuilder.processSystem(PartwiseBuilder.java:2528)
	at org.audiveris.omr.score.PartwiseBuilder.processLogicalPart(PartwiseBuilder.java:1433)
	at org.audiveris.omr.score.PartwiseBuilder.processStub(PartwiseBuilder.java:2483)
	at org.audiveris.omr.score.PartwiseBuilder.processPartList(PartwiseBuilder.java:2017)
	at org.audiveris.omr.score.PartwiseBuilder.processScore(PartwiseBuilder.java:2195)
	at org.audiveris.omr.score.PartwiseBuilder.build(PartwiseBuilder.java:307)
	at org.audiveris.omr.score.ScoreExporter.export(ScoreExporter.java:117)
	at org.audiveris.omr.score.ScoreExporter.export(ScoreExporter.java:91)
	at org.audiveris.omr.sheet.BasicBook.export(BasicBook.java:589)
	at org.audiveris.omr.CLI$ProcessingTask.processBook(CLI.java:785)
	at org.audiveris.omr.CLI$CliTask.call(CLI.java:344)
	at org.audiveris.omr.Main.runBatchTasks(Main.java:316)
	at org.audiveris.omr.Main.main(Main.java:155)
	at Audiveris.main(Audiveris.java:49)
2017-10-06 14:49:44,082 INFO [91387092]        ScoreExporter.java:93   | Score 91387092.mvt2 exported to /Users/stephenn/Documents/workspace/nlsomr/xml_out/91386487/91387092/91387092.mvt2.mxl
2017-10-06 14:49:44,241 INFO [91387092]            BasicBook.java:1395 | Stored /book.xml
2017-10-06 14:49:44,241 INFO [91387092]            BasicBook.java:1355 | Book stored as /Users/stephenn/Documents/workspace/nlsomr/xml_out/91386487/91387092/91387092.omr
