2017-10-06 16:07:20,875 INFO [91388148]            BasicBook.java:427  | 1 sheet in /Users/stephenn/Documents/workspace/nlsomr/working/91388148.jpg
2017-10-06 16:07:21,045 INFO []            BasicBook.java:1395 | Stored /book.xml
2017-10-06 16:07:21,046 INFO []            BasicBook.java:1355 | Book stored as /Users/stephenn/Documents/workspace/nlsomr/xml_out/91386487/91388148/91388148.omr
2017-10-06 16:07:21,052 INFO []            BasicBook.java:996  | Book reaching PAGE on sheets:[#1]
2017-10-06 16:07:21,054 INFO [91388148]       StepMonitoring.java:96   | LOAD
2017-10-06 16:07:21,222 INFO [91388148]            BasicBook.java:911  | Loaded image 1 2000x3056 from /Users/stephenn/Documents/workspace/nlsomr/working/91388148.jpg
2017-10-06 16:07:21,227 INFO [91388148]            ImageUtil.java:82   | Converting max RGB to gray ...
2017-10-06 16:07:21,489 INFO [91388148]            BasicBook.java:1395 | Stored /book.xml
2017-10-06 16:07:21,879 INFO [91388148]           BasicSheet.java:979  | Stored /sheet#1/sheet#1.xml
2017-10-06 16:07:21,881 INFO [91388148]       StepMonitoring.java:96   | BINARY
2017-10-06 16:07:22,521 INFO [91388148]            BasicBook.java:1395 | Stored /book.xml
2017-10-06 16:07:22,867 INFO [91388148]              Picture.java:786  | Stored /sheet#1/BINARY.xml
2017-10-06 16:07:22,869 INFO [91388148]           BasicSheet.java:979  | Stored /sheet#1/sheet#1.xml
2017-10-06 16:07:22,871 INFO [91388148]       StepMonitoring.java:96   | SCALE
2017-10-06 16:07:22,912 INFO [91388148]            ScaleStep.java:87   | Scale{line(3,4,5) interline(16,16,17) beam(13)}
2017-10-06 16:07:22,915 INFO [91388148]            BasicBook.java:1395 | Stored /book.xml
2017-10-06 16:07:22,917 INFO [91388148]           BasicSheet.java:979  | Stored /sheet#1/sheet#1.xml
2017-10-06 16:07:22,919 INFO [91388148]       StepMonitoring.java:96   | GRID
2017-10-06 16:07:23,738 INFO [91388148]       LinesRetriever.java:442  | Global slope: -0.00227
2017-10-06 16:07:23,845 INFO [91388148]    ClustersRetriever.java:241  | Retrieved line clusters: 10 of size: 5 with interline: (16,16,17)
2017-10-06 16:07:24,378 INFO [91388148]            PeakGraph.java:181  | Systems: #1[1, 2] #2[3, 4] #3[5, 6] #4[7, 8] #5[9, 10]
2017-10-06 16:07:25,255 INFO [91388148]        SystemManager.java:626  | Indentation detected for system#4
2017-10-06 16:07:25,255 INFO [91388148]        SystemManager.java:671  | 2 pages found in sheet
2017-10-06 16:07:25,256 INFO [91388148]        SystemManager.java:709  | Page #1: 1 part along 3 systems
2017-10-06 16:07:25,256 INFO [91388148]        SystemManager.java:709  | Page #2: 2 parts along 2 systems
2017-10-06 16:07:25,263 INFO [91388148]            BasicBook.java:1395 | Stored /book.xml
2017-10-06 16:07:25,496 INFO [91388148]           BasicSheet.java:979  | Stored /sheet#1/sheet#1.xml
2017-10-06 16:07:25,498 INFO [91388148]       StepMonitoring.java:96   | HEADERS
2017-10-06 16:07:25,950 INFO []          Nd4jBackend.java:194  | Loaded [CpuBackend] backend
2017-10-06 16:07:26,019 INFO []      NativeOpsHolder.java:49   | Number of threads used for NativeOps: 2
2017-10-06 16:07:26,527 INFO [] DefaultOpExecutioner.java:544  | Backend used: [CPU]; OS: [Mac OS X]
2017-10-06 16:07:26,527 INFO [] DefaultOpExecutioner.java:545  | Cores: [4]; Memory: [3.6GB];
2017-10-06 16:07:26,528 INFO [] DefaultOpExecutioner.java:546  | Blas vendor: [OPENBLAS]
2017-10-06 16:07:26,572 INFO []   AbstractClassifier.java:332  | Classifier data loaded from default uri jar:file:/Users/stephenn/Documents/workspace/audiveris/build/distributions/Audiveris/lib/audiveris.jar!/res/basic-classifier.zip
2017-10-06 16:07:28,431 WARN [91388148]          ClefBuilder.java:560  | Staff#4 no header clef.
2017-10-06 16:07:28,965 INFO [91388148]           KeyBuilder.java:746  | Staff#8 key slice#1 pitch adjusted from 2.6 to 1
2017-10-06 16:07:28,966 INFO [91388148]           KeyBuilder.java:746  | Staff#8 key slice#2 pitch adjusted from -1.2 to -2
2017-10-06 16:07:28,967 INFO [91388148]           KeyBuilder.java:746  | Staff#8 key slice#3 pitch adjusted from 2.9 to 2
2017-10-06 16:07:28,967 INFO [91388148]           KeyBuilder.java:746  | Staff#8 key slice#4 pitch adjusted from 0.5 to -1
2017-10-06 16:07:29,166 WARN [91388148]          ClefBuilder.java:560  | Staff#10 no header clef.
2017-10-06 16:07:29,214 INFO [91388148]            BasicBook.java:1395 | Stored /book.xml
2017-10-06 16:07:29,598 INFO [91388148]           BasicSheet.java:979  | Stored /sheet#1/sheet#1.xml
2017-10-06 16:07:29,600 INFO [91388148]       StepMonitoring.java:96   | STEM_SEEDS
2017-10-06 16:07:29,744 INFO [91388148]        StemSeedsStep.java:91   | stem(4 max:5)
2017-10-06 16:07:29,870 INFO [91388148]            BasicBook.java:1395 | Stored /book.xml
2017-10-06 16:07:30,148 INFO []   AbstractClassifier.java:332  | Classifier data loaded from default uri jar:file:/Users/stephenn/Documents/workspace/audiveris/build/distributions/Audiveris/lib/audiveris.jar!/res/deep-classifier.zip
2017-10-06 16:07:30,274 INFO [91388148]           BasicSheet.java:979  | Stored /sheet#1/sheet#1.xml
2017-10-06 16:07:30,276 INFO [91388148]       StepMonitoring.java:96   | BEAMS
2017-10-06 16:07:35,147 INFO [91388148]            BeamsStep.java:89   | BeamDistance{count:18 mean:15.20 stdDev:1.01}
2017-10-06 16:07:35,149 INFO [91388148]            BasicBook.java:1395 | Stored /book.xml
2017-10-06 16:07:35,238 INFO [91388148]              Picture.java:786  | Stored /sheet#1/HEAD_SPOTS.xml
2017-10-06 16:07:35,787 INFO [91388148]           BasicSheet.java:979  | Stored /sheet#1/sheet#1.xml
2017-10-06 16:07:35,789 INFO [91388148]       StepMonitoring.java:96   | LEDGERS
2017-10-06 16:07:36,317 INFO [91388148]            BasicBook.java:1395 | Stored /book.xml
2017-10-06 16:07:36,899 INFO [91388148]           BasicSheet.java:979  | Stored /sheet#1/sheet#1.xml
2017-10-06 16:07:36,902 INFO [91388148]       StepMonitoring.java:96   | HEADS
2017-10-06 16:07:39,210 INFO [91388148]            BasicBook.java:1395 | Stored /book.xml
2017-10-06 16:07:40,515 INFO [91388148]           BasicSheet.java:979  | Stored /sheet#1/sheet#1.xml
2017-10-06 16:07:40,518 INFO [91388148]       StepMonitoring.java:96   | STEMS
2017-10-06 16:07:42,402 INFO [91388148]            BasicBook.java:1395 | Stored /book.xml
2017-10-06 16:07:43,715 INFO [91388148]           BasicSheet.java:979  | Stored /sheet#1/sheet#1.xml
2017-10-06 16:07:43,722 INFO [91388148]       StepMonitoring.java:96   | REDUCTION
2017-10-06 16:07:44,179 INFO [91388148]            BasicBook.java:1395 | Stored /book.xml
2017-10-06 16:07:45,103 INFO [91388148]           BasicSheet.java:979  | Stored /sheet#1/sheet#1.xml
2017-10-06 16:07:45,106 INFO [91388148]       StepMonitoring.java:96   | CUE_BEAMS
2017-10-06 16:07:45,110 INFO [91388148]            BasicBook.java:1395 | Stored /book.xml
2017-10-06 16:07:46,027 INFO [91388148]           BasicSheet.java:979  | Stored /sheet#1/sheet#1.xml
2017-10-06 16:07:46,030 INFO [91388148]       StepMonitoring.java:96   | TEXTS
2017-10-06 16:07:47,472 INFO [91388148]            BasicBook.java:1395 | Stored /book.xml
2017-10-06 16:07:48,392 INFO [91388148]           BasicSheet.java:979  | Stored /sheet#1/sheet#1.xml
2017-10-06 16:07:48,395 INFO [91388148]       StepMonitoring.java:96   | MEASURES
2017-10-06 16:07:48,400 INFO [91388148]                 Page.java:210  | 15 raw measures: [5 in system#1, 5 in system#2, 5 in system#3]
2017-10-06 16:07:48,400 INFO [91388148]                 Page.java:210  | 9 raw measures: [5 in system#4, 4 in system#5]
2017-10-06 16:07:48,402 INFO [91388148]            BasicBook.java:1395 | Stored /book.xml
2017-10-06 16:07:49,336 INFO [91388148]           BasicSheet.java:979  | Stored /sheet#1/sheet#1.xml
2017-10-06 16:07:49,339 INFO [91388148]       StepMonitoring.java:96   | CHORDS
2017-10-06 16:07:49,357 INFO [91388148]            BasicBook.java:1395 | Stored /book.xml
2017-10-06 16:07:50,336 INFO [91388148]           BasicSheet.java:979  | Stored /sheet#1/sheet#1.xml
2017-10-06 16:07:50,339 INFO [91388148]       StepMonitoring.java:96   | CURVES
2017-10-06 16:07:51,816 INFO [91388148]         SlursBuilder.java:762  | RIGHT collision SlurInter{#5212(0.646)} & SlurInter{#5267(0.458)} @ HeadInter{#2340(0.694/0.867) e#5004 s:3 p:5.00 NOTEHEAD_BLACK}
2017-10-06 16:07:51,817 INFO [91388148]         SlursBuilder.java:762  | RIGHT collision SlurInter{#5212(0.646)} & SlurInter{#5339(0.302)} @ HeadInter{#2340(0.694/0.867) e#5004 s:3 p:5.00 NOTEHEAD_BLACK}
2017-10-06 16:07:51,819 INFO [91388148]         SlursBuilder.java:762  | LEFT collision SlurInter{#5267(0.458)} & SlurInter{#5339(0.302)} @ HeadInter{#2388(0.637/0.811) e#5003 s:3 p:4.00 NOTEHEAD_BLACK}
2017-10-06 16:07:51,820 INFO [91388148]         SlursBuilder.java:762  | RIGHT collision SlurInter{#5267(0.458)} & SlurInter{#5212(0.646)} @ HeadInter{#2340(0.694/0.867) e#5004 s:3 p:5.00 NOTEHEAD_BLACK}
2017-10-06 16:07:51,823 INFO [91388148]         SlursBuilder.java:762  | RIGHT collision SlurInter{#5267(0.458)} & SlurInter{#5339(0.302)} @ HeadInter{#2340(0.694/0.867) e#5004 s:3 p:5.00 NOTEHEAD_BLACK}
2017-10-06 16:07:51,824 INFO [91388148]         SlursBuilder.java:762  | LEFT collision SlurInter{#5339(0.302)} & SlurInter{#5267(0.458)} @ HeadInter{#2388(0.637/0.811) e#5003 s:3 p:4.00 NOTEHEAD_BLACK}
2017-10-06 16:07:51,825 INFO [91388148]         SlursBuilder.java:762  | RIGHT collision SlurInter{#5339(0.302)} & SlurInter{#5212(0.646)} @ HeadInter{#2340(0.694/0.867) e#5004 s:3 p:5.00 NOTEHEAD_BLACK}
2017-10-06 16:07:51,825 INFO [91388148]         SlursBuilder.java:762  | RIGHT collision SlurInter{#5339(0.302)} & SlurInter{#5267(0.458)} @ HeadInter{#2340(0.694/0.867) e#5004 s:3 p:5.00 NOTEHEAD_BLACK}
2017-10-06 16:07:51,828 INFO [91388148]         SlursBuilder.java:157  | Slurs: 26
2017-10-06 16:07:51,843 INFO [91388148]      SegmentsBuilder.java:113  | Segments: 10
2017-10-06 16:07:51,850 INFO [91388148]            BasicBook.java:1395 | Stored /book.xml
2017-10-06 16:07:53,275 INFO [91388148]           BasicSheet.java:979  | Stored /sheet#1/sheet#1.xml
2017-10-06 16:07:53,277 INFO [91388148]       StepMonitoring.java:96   | SYMBOLS
2017-10-06 16:07:55,851 INFO [91388148]            BasicBook.java:1395 | Stored /book.xml
2017-10-06 16:07:57,327 INFO [91388148]           BasicSheet.java:979  | Stored /sheet#1/sheet#1.xml
2017-10-06 16:07:57,330 INFO [91388148]       StepMonitoring.java:96   | LINKS
2017-10-06 16:07:57,387 INFO [91388148]        SymbolsLinker.java:323  | No chord above direction SentenceInter{#4910(0.648) s:6 IS-44 Direction} I93
2017-10-06 16:07:57,409 INFO [91388148]        SymbolsLinker.java:306  | No measure stack for direction SentenceInter{#4926(0.607) s:7 S-37 Direction} J 100.
2017-10-06 16:07:57,412 INFO [91388148]        SymbolsLinker.java:323  | No chord above direction SentenceInter{#4932(0.632) s:8 IS-41 Direction} rallent.
2017-10-06 16:07:57,465 INFO [91388148]            BasicBook.java:1395 | Stored /book.xml
2017-10-06 16:07:58,995 INFO [91388148]           BasicSheet.java:979  | Stored /sheet#1/sheet#1.xml
2017-10-06 16:07:58,998 INFO [91388148]       StepMonitoring.java:96   | RHYTHMS
2017-10-06 16:07:59,025 INFO [91388148]         SlotsBuilder.java:399  | Stack#8 suspicious Slot{#3 xOffset=156 timeOffset=1/4 incomings=[#4992#5015]}
2017-10-06 16:07:59,027 INFO [91388148]         SlotsBuilder.java:399  | Stack#10 suspicious Slot{#5 xOffset=234 timeOffset=3/8 incomings=[#5002]}
2017-10-06 16:07:59,036 INFO [91388148]           PageRhythm.java:314  | Range{1-15} Durations avgGuess:1/2 topGuess:1/2 avgValue:0.51 stacks:15 voices:33 Histogram{1/4-5/8 size:5 [1/4=4 3/8=2 1/2=24 9/16=1 5/8=2]}
2017-10-06 16:07:59,037 INFO [91388148]           PageRhythm.java:221  | S1 Range{1-15 dur:1/2} should update to 1/2-based time sig?
2017-10-06 16:07:59,046 INFO [91388148]                Voice.java:257  | S2 MeasureStack#7 Voice #1 too long 1/8
2017-10-06 16:07:59,047 INFO [91388148]                Voice.java:257  | S2 MeasureStack#7 Voice #2 too long 1/8
2017-10-06 16:07:59,047 INFO [91388148]           StackTuner.java:92   | S2 MeasureStack#7 no correct rhythm
2017-10-06 16:07:59,049 INFO [91388148]         SlotsBuilder.java:427  | S2 MeasureStack#8 Slot{#5 xOffset=205 timeOffset=3/8 incomings=[#4993] SUSPICIOUS}
2017-10-06 16:07:59,051 INFO [91388148]         SlotsBuilder.java:427  | S2 MeasureStack#10 Slot{#7 xOffset=282 timeOffset=1/2 incomings=[#5003] SUSPICIOUS}
2017-10-06 16:07:59,052 INFO [91388148]                Voice.java:257  | S2 MeasureStack#10 Voice #1 too long 1/4
2017-10-06 16:07:59,053 INFO [91388148]                Voice.java:257  | S2 MeasureStack#10 Voice #2 too long 1/16
2017-10-06 16:07:59,053 INFO [91388148]           StackTuner.java:92   | S2 MeasureStack#10 no correct rhythm
2017-10-06 16:07:59,055 INFO [91388148]                Voice.java:257  | S3 MeasureStack#12 Voice #1 too long 1/16
2017-10-06 16:07:59,055 INFO [91388148]           StackTuner.java:92   | S3 MeasureStack#12 no correct rhythm
2017-10-06 16:07:59,066 INFO [91388148]         SlotsBuilder.java:399  | Stack#3 suspicious Slot{#2 xOffset=64 timeOffset=3/16 incomings=[#5103]}
2017-10-06 16:07:59,068 INFO [91388148]         SlotsBuilder.java:399  | Stack#4 suspicious Slot{#2 xOffset=59 timeOffset=3/16 incomings=[#5109]}
2017-10-06 16:07:59,069 INFO [91388148]         SlotsBuilder.java:434  | Stack#5 endless loop detected
2017-10-06 16:07:59,071 INFO [91388148]         SlotsBuilder.java:434  | Stack#6 endless loop detected
2017-10-06 16:07:59,076 INFO [91388148]         SlotsBuilder.java:434  | Stack#9 endless loop detected
2017-10-06 16:07:59,077 INFO [91388148]           PageRhythm.java:314  | Range{1-9 ts:3/4} Durations avgGuess:3/4 topGuess:1/4 avgValue:0.77 stacks:9 voices:25 Histogram{1/8-9/8 size:12 [1/8=1 3/16=3 1/4=5 5/16=1 3/8=3 1/2=1 9/16=1 5/8=2 3/4=4 13/16=1 1=2 9/8=1]}
2017-10-06 16:07:59,081 INFO [91388148]                Voice.java:257  | S4 MeasureStack#2 Voice #1 too long 1/4
2017-10-06 16:07:59,082 INFO [91388148]                Voice.java:257  | S4 MeasureStack#2 Voice #2 too long 3/8
2017-10-06 16:07:59,082 INFO [91388148]                Voice.java:257  | S4 MeasureStack#2 Voice #3 too long 1/4
2017-10-06 16:07:59,082 INFO [91388148]           StackTuner.java:92   | S4 MeasureStack#2 no correct rhythm
2017-10-06 16:07:59,084 INFO [91388148]         SlotsBuilder.java:427  | S4 MeasureStack#3 Slot{#5 xOffset=119 timeOffset=5/16 incomings=[#5104] SUSPICIOUS}
2017-10-06 16:07:59,086 INFO [91388148]         SlotsBuilder.java:427  | S4 MeasureStack#3 Slot{#7 xOffset=153 timeOffset=7/16 incomings=[#5105] SUSPICIOUS}
2017-10-06 16:07:59,087 INFO [91388148]         SlotsBuilder.java:427  | S4 MeasureStack#3 Slot{#9 xOffset=188 timeOffset=9/16 incomings=[#5106] SUSPICIOUS}
2017-10-06 16:07:59,087 INFO [91388148]         SlotsBuilder.java:427  | S4 MeasureStack#3 Slot{#11 xOffset=223 timeOffset=11/16 incomings=[#5107] SUSPICIOUS}
2017-10-06 16:07:59,088 INFO [91388148]                Voice.java:257  | S4 MeasureStack#3 Voice #3 too long 1/16
2017-10-06 16:07:59,088 INFO [91388148]           StackTuner.java:92   | S4 MeasureStack#3 no correct rhythm
2017-10-06 16:07:59,090 INFO [91388148]         SlotsBuilder.java:427  | S4 MeasureStack#4 Slot{#5 xOffset=110 timeOffset=3/8 incomings=[#5110] SUSPICIOUS}
2017-10-06 16:07:59,090 INFO [91388148]         SlotsBuilder.java:434  | Stack#4 endless loop detected
2017-10-06 16:07:59,092 INFO [91388148]         SlotsBuilder.java:434  | Stack#5 endless loop detected
2017-10-06 16:07:59,093 INFO [91388148]         SlotsBuilder.java:434  | Stack#6 endless loop detected
2017-10-06 16:07:59,095 INFO [91388148]         SlotsBuilder.java:427  | S5 MeasureStack#7 Slot{#7 xOffset=257 timeOffset=9/16 incomings=[#5167] SUSPICIOUS}
2017-10-06 16:07:59,096 INFO [91388148]         SlotsBuilder.java:427  | S5 MeasureStack#7 Slot{#9 xOffset=302 timeOffset=11/16 incomings=[#5168] SUSPICIOUS}
2017-10-06 16:07:59,096 INFO [91388148]                Voice.java:257  | S5 MeasureStack#7 Voice #1 too long 1/16
2017-10-06 16:07:59,096 INFO [91388148]           StackTuner.java:92   | S5 MeasureStack#7 no correct rhythm
2017-10-06 16:07:59,099 INFO [91388148]                Voice.java:257  | S5 MeasureStack#8 Voice #1 too long 1/16
2017-10-06 16:07:59,099 INFO [91388148]           StackTuner.java:92   | S5 MeasureStack#8 no correct rhythm
2017-10-06 16:07:59,100 INFO [91388148]         SlotsBuilder.java:434  | Stack#9 endless loop detected
2017-10-06 16:07:59,103 INFO [91388148]            BasicBook.java:1395 | Stored /book.xml
2017-10-06 16:08:00,597 INFO [91388148]           BasicSheet.java:979  | Stored /sheet#1/sheet#1.xml
2017-10-06 16:08:00,599 INFO [91388148]       StepMonitoring.java:96   | PAGE
2017-10-06 16:08:00,603 INFO [91388148]                 Part.java:267  | Could not left-connect slur#5254
2017-10-06 16:08:00,605 INFO [91388148]                Voice.java:257  | S2 MeasureStack#7 Voice #1 too long 1/8
2017-10-06 16:08:00,605 INFO [91388148]                Voice.java:257  | S2 MeasureStack#7 Voice #2 too long 1/8
2017-10-06 16:08:00,605 INFO [91388148]                Voice.java:257  | S2 MeasureStack#10 Voice #1 too long 1/4
2017-10-06 16:08:00,606 INFO [91388148]                Voice.java:257  | S2 MeasureStack#10 Voice #2 too long 1/16
2017-10-06 16:08:00,606 INFO [91388148]                Voice.java:257  | S3 MeasureStack#12 Voice #1 too long 1/16
2017-10-06 16:08:00,607 INFO [91388148]                Voice.java:257  | S4 MeasureStack#2 Voice #1 too long 1/4
2017-10-06 16:08:00,607 INFO [91388148]                Voice.java:257  | S4 MeasureStack#2 Voice #2 too long 3/8
2017-10-06 16:08:00,607 INFO [91388148]                Voice.java:257  | S4 MeasureStack#2 Voice #3 too long 1/4
2017-10-06 16:08:00,608 INFO [91388148]                Voice.java:257  | S4 MeasureStack#3 Voice #3 too long 1/16
2017-10-06 16:08:00,608 INFO [91388148]                Voice.java:257  | S5 MeasureStack#7 Voice #1 too long 1/16
2017-10-06 16:08:00,608 INFO [91388148]                Voice.java:257  | S5 MeasureStack#8 Voice #1 too long 1/16
2017-10-06 16:08:00,611 INFO [91388148]            BasicBook.java:1395 | Stored /book.xml
2017-10-06 16:08:02,051 INFO [91388148]           BasicSheet.java:979  | Stored /sheet#1/sheet#1.xml
2017-10-06 16:08:02,054 INFO [91388148]            BasicStub.java:723  | Sheet{91388148} disposed
2017-10-06 16:08:03,114 INFO [91388148]            BasicStub.java:449  | Loaded /sheet#1/sheet#1.xml
2017-10-06 16:08:03,116 INFO [91388148]            BasicBook.java:1133 | Scores built: 2
2017-10-06 16:08:04,200 WARN [91388148]      PartwiseBuilder.java:1379 | Error visiting null
java.lang.NullPointerException: null
	at org.audiveris.omr.score.PartwiseBuilder.processKey(PartwiseBuilder.java:1344)
	at org.audiveris.omr.score.PartwiseBuilder.processKeys(PartwiseBuilder.java:1407)
	at org.audiveris.omr.score.PartwiseBuilder.processMeasure(PartwiseBuilder.java:1575)
	at org.audiveris.omr.score.PartwiseBuilder.processPart(PartwiseBuilder.java:1988)
	at org.audiveris.omr.score.PartwiseBuilder.processSystem(PartwiseBuilder.java:2528)
	at org.audiveris.omr.score.PartwiseBuilder.processLogicalPart(PartwiseBuilder.java:1433)
	at org.audiveris.omr.score.PartwiseBuilder.processStub(PartwiseBuilder.java:2483)
	at org.audiveris.omr.score.PartwiseBuilder.processPartList(PartwiseBuilder.java:2017)
	at org.audiveris.omr.score.PartwiseBuilder.processScore(PartwiseBuilder.java:2195)
	at org.audiveris.omr.score.PartwiseBuilder.build(PartwiseBuilder.java:307)
	at org.audiveris.omr.score.ScoreExporter.export(ScoreExporter.java:117)
	at org.audiveris.omr.score.ScoreExporter.export(ScoreExporter.java:91)
	at org.audiveris.omr.sheet.BasicBook.export(BasicBook.java:589)
	at org.audiveris.omr.CLI$ProcessingTask.processBook(CLI.java:785)
	at org.audiveris.omr.CLI$CliTask.call(CLI.java:344)
	at org.audiveris.omr.Main.runBatchTasks(Main.java:316)
	at org.audiveris.omr.Main.main(Main.java:155)
	at Audiveris.main(Audiveris.java:49)
2017-10-06 16:08:04,271 INFO [91388148]        ScoreExporter.java:93   | Score 91388148.mvt1 exported to /Users/stephenn/Documents/workspace/nlsomr/xml_out/91386487/91388148/91388148.mvt1.mxl
2017-10-06 16:08:04,281 INFO [91388148]                 Part.java:312  | S#5 {Part#2 staves[9]} createDummyPart for id=1
2017-10-06 16:08:04,283 WARN [91388148]      PartwiseBuilder.java:2547 | Error visiting System#5
java.lang.NullPointerException: null
	at org.audiveris.omr.sig.inter.Inter$6.compare(Inter.java:159)
	at org.audiveris.omr.sig.inter.Inter$6.compare(Inter.java:150)
	at java.util.TreeMap.put(TreeMap.java:552)
	at java.util.TreeSet.add(TreeSet.java:255)
	at org.audiveris.omr.sheet.rhythm.Measure.addInter(Measure.java:241)
	at org.audiveris.omr.sheet.Part.createDummyPart(Part.java:349)
	at org.audiveris.omr.score.PartwiseBuilder.processSystem(PartwiseBuilder.java:2531)
	at org.audiveris.omr.score.PartwiseBuilder.processLogicalPart(PartwiseBuilder.java:1433)
	at org.audiveris.omr.score.PartwiseBuilder.processStub(PartwiseBuilder.java:2483)
	at org.audiveris.omr.score.PartwiseBuilder.processPartList(PartwiseBuilder.java:2017)
	at org.audiveris.omr.score.PartwiseBuilder.processScore(PartwiseBuilder.java:2195)
	at org.audiveris.omr.score.PartwiseBuilder.build(PartwiseBuilder.java:307)
	at org.audiveris.omr.score.ScoreExporter.export(ScoreExporter.java:117)
	at org.audiveris.omr.score.ScoreExporter.export(ScoreExporter.java:91)
	at org.audiveris.omr.sheet.BasicBook.export(BasicBook.java:589)
	at org.audiveris.omr.CLI$ProcessingTask.processBook(CLI.java:785)
	at org.audiveris.omr.CLI$CliTask.call(CLI.java:344)
	at org.audiveris.omr.Main.runBatchTasks(Main.java:316)
	at org.audiveris.omr.Main.main(Main.java:155)
	at Audiveris.main(Audiveris.java:49)
2017-10-06 16:08:04,283 INFO [91388148]                 Part.java:312  | S#4 {Part#1 staves[7,8] name:Mestoso.} createDummyPart for id=2
2017-10-06 16:08:04,284 WARN [91388148]      PartwiseBuilder.java:1970 | Error visiting RestInter{#0(0.000) e#0 s:0 p:-1.00 WHOLE_REST}
java.lang.NullPointerException: null
	at org.audiveris.omr.score.PartwiseBuilder.processNote(PartwiseBuilder.java:1735)
	at org.audiveris.omr.score.PartwiseBuilder.processChord(PartwiseBuilder.java:1056)
	at org.audiveris.omr.score.PartwiseBuilder.processMeasure(PartwiseBuilder.java:1614)
	at org.audiveris.omr.score.PartwiseBuilder.processPart(PartwiseBuilder.java:1988)
	at org.audiveris.omr.score.PartwiseBuilder.processSystem(PartwiseBuilder.java:2532)
	at org.audiveris.omr.score.PartwiseBuilder.processLogicalPart(PartwiseBuilder.java:1433)
	at org.audiveris.omr.score.PartwiseBuilder.processStub(PartwiseBuilder.java:2483)
	at org.audiveris.omr.score.PartwiseBuilder.processPartList(PartwiseBuilder.java:2017)
	at org.audiveris.omr.score.PartwiseBuilder.processScore(PartwiseBuilder.java:2195)
	at org.audiveris.omr.score.PartwiseBuilder.build(PartwiseBuilder.java:307)
	at org.audiveris.omr.score.ScoreExporter.export(ScoreExporter.java:117)
	at org.audiveris.omr.score.ScoreExporter.export(ScoreExporter.java:91)
	at org.audiveris.omr.sheet.BasicBook.export(BasicBook.java:589)
	at org.audiveris.omr.CLI$ProcessingTask.processBook(CLI.java:785)
	at org.audiveris.omr.CLI$CliTask.call(CLI.java:344)
	at org.audiveris.omr.Main.runBatchTasks(Main.java:316)
	at org.audiveris.omr.Main.main(Main.java:155)
	at Audiveris.main(Audiveris.java:49)
2017-10-06 16:08:04,287 WARN [91388148]      PartwiseBuilder.java:1970 | Error visiting RestInter{#0(0.000) e#0 s:0 p:-1.00 WHOLE_REST}
java.lang.NullPointerException: null
	at org.audiveris.omr.score.PartwiseBuilder.processNote(PartwiseBuilder.java:1735)
	at org.audiveris.omr.score.PartwiseBuilder.processChord(PartwiseBuilder.java:1056)
	at org.audiveris.omr.score.PartwiseBuilder.processMeasure(PartwiseBuilder.java:1614)
	at org.audiveris.omr.score.PartwiseBuilder.processPart(PartwiseBuilder.java:1988)
	at org.audiveris.omr.score.PartwiseBuilder.processSystem(PartwiseBuilder.java:2532)
	at org.audiveris.omr.score.PartwiseBuilder.processLogicalPart(PartwiseBuilder.java:1433)
	at org.audiveris.omr.score.PartwiseBuilder.processStub(PartwiseBuilder.java:2483)
	at org.audiveris.omr.score.PartwiseBuilder.processPartList(PartwiseBuilder.java:2017)
	at org.audiveris.omr.score.PartwiseBuilder.processScore(PartwiseBuilder.java:2195)
	at org.audiveris.omr.score.PartwiseBuilder.build(PartwiseBuilder.java:307)
	at org.audiveris.omr.score.ScoreExporter.export(ScoreExporter.java:117)
	at org.audiveris.omr.score.ScoreExporter.export(ScoreExporter.java:91)
	at org.audiveris.omr.sheet.BasicBook.export(BasicBook.java:589)
	at org.audiveris.omr.CLI$ProcessingTask.processBook(CLI.java:785)
	at org.audiveris.omr.CLI$CliTask.call(CLI.java:344)
	at org.audiveris.omr.Main.runBatchTasks(Main.java:316)
	at org.audiveris.omr.Main.main(Main.java:155)
	at Audiveris.main(Audiveris.java:49)
2017-10-06 16:08:04,288 WARN [91388148]      PartwiseBuilder.java:1970 | Error visiting RestInter{#0(0.000) e#0 s:0 p:-1.00 WHOLE_REST}
java.lang.NullPointerException: null
	at org.audiveris.omr.score.PartwiseBuilder.processNote(PartwiseBuilder.java:1735)
	at org.audiveris.omr.score.PartwiseBuilder.processChord(PartwiseBuilder.java:1056)
	at org.audiveris.omr.score.PartwiseBuilder.processMeasure(PartwiseBuilder.java:1614)
	at org.audiveris.omr.score.PartwiseBuilder.processPart(PartwiseBuilder.java:1988)
	at org.audiveris.omr.score.PartwiseBuilder.processSystem(PartwiseBuilder.java:2532)
	at org.audiveris.omr.score.PartwiseBuilder.processLogicalPart(PartwiseBuilder.java:1433)
	at org.audiveris.omr.score.PartwiseBuilder.processStub(PartwiseBuilder.java:2483)
	at org.audiveris.omr.score.PartwiseBuilder.processPartList(PartwiseBuilder.java:2017)
	at org.audiveris.omr.score.PartwiseBuilder.processScore(PartwiseBuilder.java:2195)
	at org.audiveris.omr.score.PartwiseBuilder.build(PartwiseBuilder.java:307)
	at org.audiveris.omr.score.ScoreExporter.export(ScoreExporter.java:117)
	at org.audiveris.omr.score.ScoreExporter.export(ScoreExporter.java:91)
	at org.audiveris.omr.sheet.BasicBook.export(BasicBook.java:589)
	at org.audiveris.omr.CLI$ProcessingTask.processBook(CLI.java:785)
	at org.audiveris.omr.CLI$CliTask.call(CLI.java:344)
	at org.audiveris.omr.Main.runBatchTasks(Main.java:316)
	at org.audiveris.omr.Main.main(Main.java:155)
	at Audiveris.main(Audiveris.java:49)
2017-10-06 16:08:04,290 WARN [91388148]      PartwiseBuilder.java:1970 | Error visiting RestInter{#0(0.000) e#0 s:0 p:-1.00 WHOLE_REST}
java.lang.NullPointerException: null
	at org.audiveris.omr.score.PartwiseBuilder.processNote(PartwiseBuilder.java:1735)
	at org.audiveris.omr.score.PartwiseBuilder.processChord(PartwiseBuilder.java:1056)
	at org.audiveris.omr.score.PartwiseBuilder.processMeasure(PartwiseBuilder.java:1614)
	at org.audiveris.omr.score.PartwiseBuilder.processPart(PartwiseBuilder.java:1988)
	at org.audiveris.omr.score.PartwiseBuilder.processSystem(PartwiseBuilder.java:2532)
	at org.audiveris.omr.score.PartwiseBuilder.processLogicalPart(PartwiseBuilder.java:1433)
	at org.audiveris.omr.score.PartwiseBuilder.processStub(PartwiseBuilder.java:2483)
	at org.audiveris.omr.score.PartwiseBuilder.processPartList(PartwiseBuilder.java:2017)
	at org.audiveris.omr.score.PartwiseBuilder.processScore(PartwiseBuilder.java:2195)
	at org.audiveris.omr.score.PartwiseBuilder.build(PartwiseBuilder.java:307)
	at org.audiveris.omr.score.ScoreExporter.export(ScoreExporter.java:117)
	at org.audiveris.omr.score.ScoreExporter.export(ScoreExporter.java:91)
	at org.audiveris.omr.sheet.BasicBook.export(BasicBook.java:589)
	at org.audiveris.omr.CLI$ProcessingTask.processBook(CLI.java:785)
	at org.audiveris.omr.CLI$CliTask.call(CLI.java:344)
	at org.audiveris.omr.Main.runBatchTasks(Main.java:316)
	at org.audiveris.omr.Main.main(Main.java:155)
	at Audiveris.main(Audiveris.java:49)
2017-10-06 16:08:04,292 WARN [91388148]      PartwiseBuilder.java:1970 | Error visiting RestInter{#0(0.000) e#0 s:0 p:-1.00 WHOLE_REST}
java.lang.NullPointerException: null
	at org.audiveris.omr.score.PartwiseBuilder.processNote(PartwiseBuilder.java:1735)
	at org.audiveris.omr.score.PartwiseBuilder.processChord(PartwiseBuilder.java:1056)
	at org.audiveris.omr.score.PartwiseBuilder.processMeasure(PartwiseBuilder.java:1614)
	at org.audiveris.omr.score.PartwiseBuilder.processPart(PartwiseBuilder.java:1988)
	at org.audiveris.omr.score.PartwiseBuilder.processSystem(PartwiseBuilder.java:2532)
	at org.audiveris.omr.score.PartwiseBuilder.processLogicalPart(PartwiseBuilder.java:1433)
	at org.audiveris.omr.score.PartwiseBuilder.processStub(PartwiseBuilder.java:2483)
	at org.audiveris.omr.score.PartwiseBuilder.processPartList(PartwiseBuilder.java:2017)
	at org.audiveris.omr.score.PartwiseBuilder.processScore(PartwiseBuilder.java:2195)
	at org.audiveris.omr.score.PartwiseBuilder.build(PartwiseBuilder.java:307)
	at org.audiveris.omr.score.ScoreExporter.export(ScoreExporter.java:117)
	at org.audiveris.omr.score.ScoreExporter.export(ScoreExporter.java:91)
	at org.audiveris.omr.sheet.BasicBook.export(BasicBook.java:589)
	at org.audiveris.omr.CLI$ProcessingTask.processBook(CLI.java:785)
	at org.audiveris.omr.CLI$CliTask.call(CLI.java:344)
	at org.audiveris.omr.Main.runBatchTasks(Main.java:316)
	at org.audiveris.omr.Main.main(Main.java:155)
	at Audiveris.main(Audiveris.java:49)
2017-10-06 16:08:04,295 INFO [91388148]                 Part.java:312  | S#4 {Part#1 staves[7,8] name:Mestoso.} createDummyPart for id=3
2017-10-06 16:08:04,296 WARN [91388148]      PartwiseBuilder.java:1970 | Error visiting RestInter{#0(0.000) e#0 s:0 p:-1.00 WHOLE_REST}
java.lang.NullPointerException: null
	at org.audiveris.omr.score.PartwiseBuilder.processNote(PartwiseBuilder.java:1735)
	at org.audiveris.omr.score.PartwiseBuilder.processChord(PartwiseBuilder.java:1056)
	at org.audiveris.omr.score.PartwiseBuilder.processMeasure(PartwiseBuilder.java:1614)
	at org.audiveris.omr.score.PartwiseBuilder.processPart(PartwiseBuilder.java:1988)
	at org.audiveris.omr.score.PartwiseBuilder.processSystem(PartwiseBuilder.java:2532)
	at org.audiveris.omr.score.PartwiseBuilder.processLogicalPart(PartwiseBuilder.java:1433)
	at org.audiveris.omr.score.PartwiseBuilder.processStub(PartwiseBuilder.java:2483)
	at org.audiveris.omr.score.PartwiseBuilder.processPartList(PartwiseBuilder.java:2017)
	at org.audiveris.omr.score.PartwiseBuilder.processScore(PartwiseBuilder.java:2195)
	at org.audiveris.omr.score.PartwiseBuilder.build(PartwiseBuilder.java:307)
	at org.audiveris.omr.score.ScoreExporter.export(ScoreExporter.java:117)
	at org.audiveris.omr.score.ScoreExporter.export(ScoreExporter.java:91)
	at org.audiveris.omr.sheet.BasicBook.export(BasicBook.java:589)
	at org.audiveris.omr.CLI$ProcessingTask.processBook(CLI.java:785)
	at org.audiveris.omr.CLI$CliTask.call(CLI.java:344)
	at org.audiveris.omr.Main.runBatchTasks(Main.java:316)
	at org.audiveris.omr.Main.main(Main.java:155)
	at Audiveris.main(Audiveris.java:49)
2017-10-06 16:08:04,297 WARN [91388148]      PartwiseBuilder.java:1970 | Error visiting RestInter{#0(0.000) e#0 s:0 p:-1.00 WHOLE_REST}
java.lang.NullPointerException: null
	at org.audiveris.omr.score.PartwiseBuilder.processNote(PartwiseBuilder.java:1735)
	at org.audiveris.omr.score.PartwiseBuilder.processChord(PartwiseBuilder.java:1056)
	at org.audiveris.omr.score.PartwiseBuilder.processMeasure(PartwiseBuilder.java:1614)
	at org.audiveris.omr.score.PartwiseBuilder.processPart(PartwiseBuilder.java:1988)
	at org.audiveris.omr.score.PartwiseBuilder.processSystem(PartwiseBuilder.java:2532)
	at org.audiveris.omr.score.PartwiseBuilder.processLogicalPart(PartwiseBuilder.java:1433)
	at org.audiveris.omr.score.PartwiseBuilder.processStub(PartwiseBuilder.java:2483)
	at org.audiveris.omr.score.PartwiseBuilder.processPartList(PartwiseBuilder.java:2017)
	at org.audiveris.omr.score.PartwiseBuilder.processScore(PartwiseBuilder.java:2195)
	at org.audiveris.omr.score.PartwiseBuilder.build(PartwiseBuilder.java:307)
	at org.audiveris.omr.score.ScoreExporter.export(ScoreExporter.java:117)
	at org.audiveris.omr.score.ScoreExporter.export(ScoreExporter.java:91)
	at org.audiveris.omr.sheet.BasicBook.export(BasicBook.java:589)
	at org.audiveris.omr.CLI$ProcessingTask.processBook(CLI.java:785)
	at org.audiveris.omr.CLI$CliTask.call(CLI.java:344)
	at org.audiveris.omr.Main.runBatchTasks(Main.java:316)
	at org.audiveris.omr.Main.main(Main.java:155)
	at Audiveris.main(Audiveris.java:49)
2017-10-06 16:08:04,298 WARN [91388148]      PartwiseBuilder.java:1970 | Error visiting RestInter{#0(0.000) e#0 s:0 p:-1.00 WHOLE_REST}
java.lang.NullPointerException: null
	at org.audiveris.omr.score.PartwiseBuilder.processNote(PartwiseBuilder.java:1735)
	at org.audiveris.omr.score.PartwiseBuilder.processChord(PartwiseBuilder.java:1056)
	at org.audiveris.omr.score.PartwiseBuilder.processMeasure(PartwiseBuilder.java:1614)
	at org.audiveris.omr.score.PartwiseBuilder.processPart(PartwiseBuilder.java:1988)
	at org.audiveris.omr.score.PartwiseBuilder.processSystem(PartwiseBuilder.java:2532)
	at org.audiveris.omr.score.PartwiseBuilder.processLogicalPart(PartwiseBuilder.java:1433)
	at org.audiveris.omr.score.PartwiseBuilder.processStub(PartwiseBuilder.java:2483)
	at org.audiveris.omr.score.PartwiseBuilder.processPartList(PartwiseBuilder.java:2017)
	at org.audiveris.omr.score.PartwiseBuilder.processScore(PartwiseBuilder.java:2195)
	at org.audiveris.omr.score.PartwiseBuilder.build(PartwiseBuilder.java:307)
	at org.audiveris.omr.score.ScoreExporter.export(ScoreExporter.java:117)
	at org.audiveris.omr.score.ScoreExporter.export(ScoreExporter.java:91)
	at org.audiveris.omr.sheet.BasicBook.export(BasicBook.java:589)
	at org.audiveris.omr.CLI$ProcessingTask.processBook(CLI.java:785)
	at org.audiveris.omr.CLI$CliTask.call(CLI.java:344)
	at org.audiveris.omr.Main.runBatchTasks(Main.java:316)
	at org.audiveris.omr.Main.main(Main.java:155)
	at Audiveris.main(Audiveris.java:49)
2017-10-06 16:08:04,299 WARN [91388148]      PartwiseBuilder.java:1970 | Error visiting RestInter{#0(0.000) e#0 s:0 p:-1.00 WHOLE_REST}
java.lang.NullPointerException: null
	at org.audiveris.omr.score.PartwiseBuilder.processNote(PartwiseBuilder.java:1735)
	at org.audiveris.omr.score.PartwiseBuilder.processChord(PartwiseBuilder.java:1056)
	at org.audiveris.omr.score.PartwiseBuilder.processMeasure(PartwiseBuilder.java:1614)
	at org.audiveris.omr.score.PartwiseBuilder.processPart(PartwiseBuilder.java:1988)
	at org.audiveris.omr.score.PartwiseBuilder.processSystem(PartwiseBuilder.java:2532)
	at org.audiveris.omr.score.PartwiseBuilder.processLogicalPart(PartwiseBuilder.java:1433)
	at org.audiveris.omr.score.PartwiseBuilder.processStub(PartwiseBuilder.java:2483)
	at org.audiveris.omr.score.PartwiseBuilder.processPartList(PartwiseBuilder.java:2017)
	at org.audiveris.omr.score.PartwiseBuilder.processScore(PartwiseBuilder.java:2195)
	at org.audiveris.omr.score.PartwiseBuilder.build(PartwiseBuilder.java:307)
	at org.audiveris.omr.score.ScoreExporter.export(ScoreExporter.java:117)
	at org.audiveris.omr.score.ScoreExporter.export(ScoreExporter.java:91)
	at org.audiveris.omr.sheet.BasicBook.export(BasicBook.java:589)
	at org.audiveris.omr.CLI$ProcessingTask.processBook(CLI.java:785)
	at org.audiveris.omr.CLI$CliTask.call(CLI.java:344)
	at org.audiveris.omr.Main.runBatchTasks(Main.java:316)
	at org.audiveris.omr.Main.main(Main.java:155)
	at Audiveris.main(Audiveris.java:49)
2017-10-06 16:08:04,299 WARN [91388148]      PartwiseBuilder.java:1970 | Error visiting RestInter{#0(0.000) e#0 s:0 p:-1.00 WHOLE_REST}
java.lang.NullPointerException: null
	at org.audiveris.omr.score.PartwiseBuilder.processNote(PartwiseBuilder.java:1735)
	at org.audiveris.omr.score.PartwiseBuilder.processChord(PartwiseBuilder.java:1056)
	at org.audiveris.omr.score.PartwiseBuilder.processMeasure(PartwiseBuilder.java:1614)
	at org.audiveris.omr.score.PartwiseBuilder.processPart(PartwiseBuilder.java:1988)
	at org.audiveris.omr.score.PartwiseBuilder.processSystem(PartwiseBuilder.java:2532)
	at org.audiveris.omr.score.PartwiseBuilder.processLogicalPart(PartwiseBuilder.java:1433)
	at org.audiveris.omr.score.PartwiseBuilder.processStub(PartwiseBuilder.java:2483)
	at org.audiveris.omr.score.PartwiseBuilder.processPartList(PartwiseBuilder.java:2017)
	at org.audiveris.omr.score.PartwiseBuilder.processScore(PartwiseBuilder.java:2195)
	at org.audiveris.omr.score.PartwiseBuilder.build(PartwiseBuilder.java:307)
	at org.audiveris.omr.score.ScoreExporter.export(ScoreExporter.java:117)
	at org.audiveris.omr.score.ScoreExporter.export(ScoreExporter.java:91)
	at org.audiveris.omr.sheet.BasicBook.export(BasicBook.java:589)
	at org.audiveris.omr.CLI$ProcessingTask.processBook(CLI.java:785)
	at org.audiveris.omr.CLI$CliTask.call(CLI.java:344)
	at org.audiveris.omr.Main.runBatchTasks(Main.java:316)
	at org.audiveris.omr.Main.main(Main.java:155)
	at Audiveris.main(Audiveris.java:49)
2017-10-06 16:08:04,317 INFO [91388148]        ScoreExporter.java:93   | Score 91388148.mvt2 exported to /Users/stephenn/Documents/workspace/nlsomr/xml_out/91386487/91388148/91388148.mvt2.mxl
2017-10-06 16:08:04,477 INFO [91388148]            BasicBook.java:1395 | Stored /book.xml
2017-10-06 16:08:04,478 INFO [91388148]            BasicBook.java:1355 | Book stored as /Users/stephenn/Documents/workspace/nlsomr/xml_out/91386487/91388148/91388148.omr
