2017-10-06 14:16:20,038 INFO [91386636]            BasicBook.java:427  | 1 sheet in /Users/stephenn/Documents/workspace/nlsomr/working/91386636.jpg
2017-10-06 14:16:20,167 INFO []            BasicBook.java:1395 | Stored /book.xml
2017-10-06 14:16:20,168 INFO []            BasicBook.java:1355 | Book stored as /Users/stephenn/Documents/workspace/nlsomr/xml_out/91386487/91386636/91386636.omr
2017-10-06 14:16:20,179 INFO []            BasicBook.java:996  | Book reaching PAGE on sheets:[#1]
2017-10-06 14:16:20,182 INFO [91386636]       StepMonitoring.java:96   | LOAD
2017-10-06 14:16:20,329 INFO [91386636]            BasicBook.java:911  | Loaded image 1 2000x3050 from /Users/stephenn/Documents/workspace/nlsomr/working/91386636.jpg
2017-10-06 14:16:20,333 INFO [91386636]            ImageUtil.java:82   | Converting max RGB to gray ...
2017-10-06 14:16:20,557 INFO [91386636]            BasicBook.java:1395 | Stored /book.xml
2017-10-06 14:16:20,882 INFO [91386636]           BasicSheet.java:979  | Stored /sheet#1/sheet#1.xml
2017-10-06 14:16:20,884 INFO [91386636]       StepMonitoring.java:96   | BINARY
2017-10-06 14:16:21,450 INFO [91386636]            BasicBook.java:1395 | Stored /book.xml
2017-10-06 14:16:21,726 INFO [91386636]              Picture.java:786  | Stored /sheet#1/BINARY.xml
2017-10-06 14:16:21,728 INFO [91386636]           BasicSheet.java:979  | Stored /sheet#1/sheet#1.xml
2017-10-06 14:16:21,730 INFO [91386636]       StepMonitoring.java:96   | SCALE
2017-10-06 14:16:21,766 INFO [91386636]            ScaleStep.java:87   | Scale{line(2,4,5) interline(15,16,17) beam(12)}
2017-10-06 14:16:21,769 INFO [91386636]            BasicBook.java:1395 | Stored /book.xml
2017-10-06 14:16:21,771 INFO [91386636]           BasicSheet.java:979  | Stored /sheet#1/sheet#1.xml
2017-10-06 14:16:21,773 INFO [91386636]       StepMonitoring.java:96   | GRID
2017-10-06 14:16:22,595 INFO [91386636]       LinesRetriever.java:442  | Global slope: -0.00215
2017-10-06 14:16:22,669 INFO [91386636]    ClustersRetriever.java:241  | Retrieved line clusters: 10 of size: 5 with interline: (15,16,17)
2017-10-06 14:16:23,071 INFO [91386636]            PeakGraph.java:181  | Systems: #1[1, 2] #2[3, 4] #3[5, 6] #4[7, 8] #5[9, 10]
2017-10-06 14:16:23,852 INFO [91386636]        SystemManager.java:626  | Indentation detected for system#1
2017-10-06 14:16:23,853 INFO [91386636]        SystemManager.java:709  | 1 part along 5 systems
2017-10-06 14:16:23,857 INFO [91386636]            BasicBook.java:1395 | Stored /book.xml
2017-10-06 14:16:24,036 INFO [91386636]           BasicSheet.java:979  | Stored /sheet#1/sheet#1.xml
2017-10-06 14:16:24,039 INFO [91386636]       StepMonitoring.java:96   | HEADERS
2017-10-06 14:16:24,404 INFO []          Nd4jBackend.java:194  | Loaded [CpuBackend] backend
2017-10-06 14:16:24,459 INFO []      NativeOpsHolder.java:49   | Number of threads used for NativeOps: 2
2017-10-06 14:16:24,878 INFO [] DefaultOpExecutioner.java:544  | Backend used: [CPU]; OS: [Mac OS X]
2017-10-06 14:16:24,879 INFO [] DefaultOpExecutioner.java:545  | Cores: [4]; Memory: [3.6GB];
2017-10-06 14:16:24,879 INFO [] DefaultOpExecutioner.java:546  | Blas vendor: [OPENBLAS]
2017-10-06 14:16:24,912 INFO []   AbstractClassifier.java:332  | Classifier data loaded from default uri jar:file:/Users/stephenn/Documents/workspace/audiveris/build/distributions/Audiveris/lib/audiveris.jar!/res/basic-classifier.zip
2017-10-06 14:16:26,196 WARN [91386636]          ClefBuilder.java:560  | Staff#2 no header clef.
2017-10-06 14:16:26,454 WARN [91386636]          ClefBuilder.java:560  | Staff#4 no header clef.
2017-10-06 14:16:26,480 INFO [91386636]           KeyBuilder.java:746  | Staff#3 key slice#2 pitch adjusted from -3.5 to -3
2017-10-06 14:16:26,782 WARN [91386636]          ClefBuilder.java:560  | Staff#6 no header clef.
2017-10-06 14:16:27,039 WARN [91386636]          ClefBuilder.java:560  | Staff#8 no header clef.
2017-10-06 14:16:27,159 INFO [91386636]           KeyBuilder.java:916  | Staff#9 key replication failed.
2017-10-06 14:16:27,162 INFO [91386636]            BasicBook.java:1395 | Stored /book.xml
2017-10-06 14:16:27,412 INFO [91386636]           BasicSheet.java:979  | Stored /sheet#1/sheet#1.xml
2017-10-06 14:16:27,415 INFO [91386636]       StepMonitoring.java:96   | STEM_SEEDS
2017-10-06 14:16:27,510 INFO [91386636]        StemSeedsStep.java:91   | stem(3 max:4)
2017-10-06 14:16:27,615 INFO [91386636]            BasicBook.java:1395 | Stored /book.xml
2017-10-06 14:16:28,020 INFO []   AbstractClassifier.java:332  | Classifier data loaded from default uri jar:file:/Users/stephenn/Documents/workspace/audiveris/build/distributions/Audiveris/lib/audiveris.jar!/res/deep-classifier.zip
2017-10-06 14:16:28,026 INFO [91386636]           BasicSheet.java:979  | Stored /sheet#1/sheet#1.xml
2017-10-06 14:16:28,030 INFO [91386636]       StepMonitoring.java:96   | BEAMS
2017-10-06 14:16:32,534 INFO [91386636]            BeamsStep.java:89   | BeamDistance{count:37 mean:14.79 stdDev:0.53}
2017-10-06 14:16:32,537 INFO [91386636]            BasicBook.java:1395 | Stored /book.xml
2017-10-06 14:16:32,622 INFO [91386636]              Picture.java:786  | Stored /sheet#1/HEAD_SPOTS.xml
2017-10-06 14:16:33,060 INFO [91386636]           BasicSheet.java:979  | Stored /sheet#1/sheet#1.xml
2017-10-06 14:16:33,064 INFO [91386636]       StepMonitoring.java:96   | LEDGERS
2017-10-06 14:16:33,737 INFO [91386636]            BasicBook.java:1395 | Stored /book.xml
2017-10-06 14:16:34,217 INFO [91386636]           BasicSheet.java:979  | Stored /sheet#1/sheet#1.xml
2017-10-06 14:16:34,219 INFO [91386636]       StepMonitoring.java:96   | HEADS
2017-10-06 14:16:36,525 INFO [91386636]            BasicBook.java:1395 | Stored /book.xml
2017-10-06 14:16:37,175 INFO [91386636]           BasicSheet.java:979  | Stored /sheet#1/sheet#1.xml
2017-10-06 14:16:37,177 INFO [91386636]       StepMonitoring.java:96   | STEMS
2017-10-06 14:16:38,442 INFO [91386636]            BasicBook.java:1395 | Stored /book.xml
2017-10-06 14:16:39,617 INFO [91386636]           BasicSheet.java:979  | Stored /sheet#1/sheet#1.xml
2017-10-06 14:16:39,620 INFO [91386636]       StepMonitoring.java:96   | REDUCTION
2017-10-06 14:16:40,129 INFO [91386636]            BasicBook.java:1395 | Stored /book.xml
2017-10-06 14:16:40,816 INFO [91386636]           BasicSheet.java:979  | Stored /sheet#1/sheet#1.xml
2017-10-06 14:16:40,819 INFO [91386636]       StepMonitoring.java:96   | CUE_BEAMS
2017-10-06 14:16:40,825 INFO [91386636]            BasicBook.java:1395 | Stored /book.xml
2017-10-06 14:16:41,500 INFO [91386636]           BasicSheet.java:979  | Stored /sheet#1/sheet#1.xml
2017-10-06 14:16:41,503 INFO [91386636]       StepMonitoring.java:96   | TEXTS
2017-10-06 14:16:42,862 INFO [91386636]            BasicBook.java:1395 | Stored /book.xml
2017-10-06 14:16:43,381 INFO [91386636]           BasicSheet.java:979  | Stored /sheet#1/sheet#1.xml
2017-10-06 14:16:43,384 INFO [91386636]       StepMonitoring.java:96   | MEASURES
2017-10-06 14:16:43,389 INFO [91386636]                 Page.java:210  | 20 raw measures: [4 in system#1, 4 in system#2, 4 in system#3, 4 in system#4, 4 in system#5]
2017-10-06 14:16:43,390 INFO [91386636]            BasicBook.java:1395 | Stored /book.xml
2017-10-06 14:16:43,903 INFO [91386636]           BasicSheet.java:979  | Stored /sheet#1/sheet#1.xml
2017-10-06 14:16:43,905 INFO [91386636]       StepMonitoring.java:96   | CHORDS
2017-10-06 14:16:43,919 INFO [91386636]            BasicBook.java:1395 | Stored /book.xml
2017-10-06 14:16:44,451 INFO [91386636]           BasicSheet.java:979  | Stored /sheet#1/sheet#1.xml
2017-10-06 14:16:44,453 INFO [91386636]       StepMonitoring.java:96   | CURVES
2017-10-06 14:16:45,586 INFO [91386636]         SlursBuilder.java:762  | LEFT collision SlurInter{#5221(0.595)} & SlurInter{#5244(0.393)} @ HeadInter{#5118(0.602/0.836) mirror#3317 e#5119 s:7 p:2.00 NOTEHEAD_BLACK}
2017-10-06 14:16:45,587 INFO [91386636]         SlursBuilder.java:762  | LEFT collision SlurInter{#5244(0.393)} & SlurInter{#5221(0.595)} @ HeadInter{#5118(0.602/0.836) mirror#3317 e#5119 s:7 p:2.00 NOTEHEAD_BLACK}
2017-10-06 14:16:45,588 INFO [91386636]         SlursBuilder.java:157  | Slurs: 11
2017-10-06 14:16:45,609 INFO [91386636]      SegmentsBuilder.java:113  | Segments: 12
2017-10-06 14:16:45,616 INFO [91386636]            BasicBook.java:1395 | Stored /book.xml
2017-10-06 14:16:46,358 INFO [91386636]           BasicSheet.java:979  | Stored /sheet#1/sheet#1.xml
2017-10-06 14:16:46,360 INFO [91386636]       StepMonitoring.java:96   | SYMBOLS
2017-10-06 14:16:47,974 INFO [91386636]            BasicBook.java:1395 | Stored /book.xml
2017-10-06 14:16:48,824 INFO [91386636]           BasicSheet.java:979  | Stored /sheet#1/sheet#1.xml
2017-10-06 14:16:48,826 INFO [91386636]       StepMonitoring.java:96   | LINKS
2017-10-06 14:16:48,881 INFO [91386636]            BasicBook.java:1395 | Stored /book.xml
2017-10-06 14:16:49,743 INFO [91386636]           BasicSheet.java:979  | Stored /sheet#1/sheet#1.xml
2017-10-06 14:16:49,745 INFO [91386636]       StepMonitoring.java:96   | RHYTHMS
2017-10-06 14:16:49,767 INFO [91386636]         SlotsBuilder.java:399  | Stack#8 suspicious Slot{#2 xOffset=98 timeOffset=1/16 incomings=[#5036]}
2017-10-06 14:16:49,769 INFO [91386636]         SlotsBuilder.java:399  | Stack#9 suspicious Slot{#7 xOffset=430 timeOffset=3/8 incomings=[#5088]}
2017-10-06 14:16:49,796 INFO [91386636]           PageRhythm.java:314  | Range{1-20 ts:2/4} Durations avgGuess:1/2 topGuess:1/2 avgValue:0.50 stacks:20 voices:50 Histogram{1/16-1/2 size:5 [1/16=1 1/8=8 3/8=3 7/16=1 1/2=37]}
2017-10-06 14:16:49,801 INFO [91386636]         SlotsBuilder.java:427  | S1 MeasureStack#4 Slot{#3 xOffset=112 timeOffset=1/8 incomings=[#5005] SUSPICIOUS}
2017-10-06 14:16:49,802 INFO [91386636]         SlotsBuilder.java:427  | S1 MeasureStack#4 Slot{#6 xOffset=187 timeOffset=1/4 incomings=[#5006] SUSPICIOUS}
2017-10-06 14:16:49,808 INFO [91386636]         SlotsBuilder.java:427  | S2 MeasureStack#7 Slot{#5 xOffset=300 timeOffset=3/8 incomings=[#5054] SUSPICIOUS}
2017-10-06 14:16:49,810 INFO [91386636]         SlotsBuilder.java:427  | S2 MeasureStack#8 Slot{#4 xOffset=142 timeOffset=1/8 incomings=[#5038#5056] SUSPICIOUS}
2017-10-06 14:16:49,810 INFO [91386636]         SlotsBuilder.java:427  | S2 MeasureStack#8 Slot{#6 xOffset=187 timeOffset=3/16 incomings=[#5040] SUSPICIOUS}
2017-10-06 14:16:49,816 INFO [91386636]         SlotsBuilder.java:427  | S3 MeasureStack#11 Slot{#3 xOffset=126 timeOffset=1/8 incomings=[#5094] SUSPICIOUS}
2017-10-06 14:16:49,816 INFO [91386636]         SlotsBuilder.java:427  | S3 MeasureStack#11 Slot{#6 xOffset=216 timeOffset=1/4 incomings=[#5095] SUSPICIOUS}
2017-10-06 14:16:49,818 INFO [91386636]         SlotsBuilder.java:427  | S3 MeasureStack#12 Slot{#3 xOffset=117 timeOffset=1/8 incomings=[#5098] SUSPICIOUS}
2017-10-06 14:16:49,818 INFO [91386636]         SlotsBuilder.java:427  | S3 MeasureStack#12 Slot{#6 xOffset=200 timeOffset=1/4 incomings=[#5099] SUSPICIOUS}
2017-10-06 14:16:49,819 INFO [91386636]                Voice.java:257  | S3 MeasureStack#12 Voice #2 too long 1/16
2017-10-06 14:16:49,819 INFO [91386636]           StackTuner.java:92   | S3 MeasureStack#12 no correct rhythm
2017-10-06 14:16:49,838 INFO [91386636]            BasicBook.java:1395 | Stored /book.xml
2017-10-06 14:16:50,756 INFO [91386636]           BasicSheet.java:979  | Stored /sheet#1/sheet#1.xml
2017-10-06 14:16:50,759 INFO [91386636]       StepMonitoring.java:96   | PAGE
2017-10-06 14:16:50,763 INFO [91386636]                Voice.java:257  | S3 MeasureStack#12 Voice #2 too long 1/16
2017-10-06 14:16:50,765 INFO [91386636]            BasicBook.java:1395 | Stored /book.xml
2017-10-06 14:16:51,729 INFO [91386636]           BasicSheet.java:979  | Stored /sheet#1/sheet#1.xml
2017-10-06 14:16:51,731 INFO [91386636]            BasicStub.java:723  | Sheet{91386636} disposed
2017-10-06 14:16:52,602 INFO [91386636]            BasicStub.java:449  | Loaded /sheet#1/sheet#1.xml
2017-10-06 14:16:52,604 INFO [91386636]            BasicBook.java:1133 | Scores built: 1
2017-10-06 14:16:53,646 WARN [91386636]      PartwiseBuilder.java:1379 | Error visiting null
java.lang.NullPointerException: null
	at org.audiveris.omr.score.PartwiseBuilder.processKey(PartwiseBuilder.java:1344)
	at org.audiveris.omr.score.PartwiseBuilder.processKeys(PartwiseBuilder.java:1407)
	at org.audiveris.omr.score.PartwiseBuilder.processMeasure(PartwiseBuilder.java:1575)
	at org.audiveris.omr.score.PartwiseBuilder.processPart(PartwiseBuilder.java:1988)
	at org.audiveris.omr.score.PartwiseBuilder.processSystem(PartwiseBuilder.java:2528)
	at org.audiveris.omr.score.PartwiseBuilder.processLogicalPart(PartwiseBuilder.java:1433)
	at org.audiveris.omr.score.PartwiseBuilder.processStub(PartwiseBuilder.java:2483)
	at org.audiveris.omr.score.PartwiseBuilder.processPartList(PartwiseBuilder.java:2017)
	at org.audiveris.omr.score.PartwiseBuilder.processScore(PartwiseBuilder.java:2195)
	at org.audiveris.omr.score.PartwiseBuilder.build(PartwiseBuilder.java:307)
	at org.audiveris.omr.score.ScoreExporter.export(ScoreExporter.java:117)
	at org.audiveris.omr.score.ScoreExporter.export(ScoreExporter.java:91)
	at org.audiveris.omr.sheet.BasicBook.export(BasicBook.java:589)
	at org.audiveris.omr.CLI$ProcessingTask.processBook(CLI.java:785)
	at org.audiveris.omr.CLI$CliTask.call(CLI.java:344)
	at org.audiveris.omr.Main.runBatchTasks(Main.java:316)
	at org.audiveris.omr.Main.main(Main.java:155)
	at Audiveris.main(Audiveris.java:49)
2017-10-06 14:16:53,657 WARN [91386636]      PartwiseBuilder.java:1379 | Error visiting null
java.lang.NullPointerException: null
	at org.audiveris.omr.score.PartwiseBuilder.processKey(PartwiseBuilder.java:1344)
	at org.audiveris.omr.score.PartwiseBuilder.processKeys(PartwiseBuilder.java:1407)
	at org.audiveris.omr.score.PartwiseBuilder.processMeasure(PartwiseBuilder.java:1575)
	at org.audiveris.omr.score.PartwiseBuilder.processPart(PartwiseBuilder.java:1988)
	at org.audiveris.omr.score.PartwiseBuilder.processSystem(PartwiseBuilder.java:2528)
	at org.audiveris.omr.score.PartwiseBuilder.processLogicalPart(PartwiseBuilder.java:1433)
	at org.audiveris.omr.score.PartwiseBuilder.processStub(PartwiseBuilder.java:2483)
	at org.audiveris.omr.score.PartwiseBuilder.processPartList(PartwiseBuilder.java:2017)
	at org.audiveris.omr.score.PartwiseBuilder.processScore(PartwiseBuilder.java:2195)
	at org.audiveris.omr.score.PartwiseBuilder.build(PartwiseBuilder.java:307)
	at org.audiveris.omr.score.ScoreExporter.export(ScoreExporter.java:117)
	at org.audiveris.omr.score.ScoreExporter.export(ScoreExporter.java:91)
	at org.audiveris.omr.sheet.BasicBook.export(BasicBook.java:589)
	at org.audiveris.omr.CLI$ProcessingTask.processBook(CLI.java:785)
	at org.audiveris.omr.CLI$CliTask.call(CLI.java:344)
	at org.audiveris.omr.Main.runBatchTasks(Main.java:316)
	at org.audiveris.omr.Main.main(Main.java:155)
	at Audiveris.main(Audiveris.java:49)
2017-10-06 14:16:53,664 WARN [91386636]      PartwiseBuilder.java:1379 | Error visiting null
java.lang.NullPointerException: null
	at org.audiveris.omr.score.PartwiseBuilder.processKey(PartwiseBuilder.java:1344)
	at org.audiveris.omr.score.PartwiseBuilder.processKeys(PartwiseBuilder.java:1407)
	at org.audiveris.omr.score.PartwiseBuilder.processMeasure(PartwiseBuilder.java:1575)
	at org.audiveris.omr.score.PartwiseBuilder.processPart(PartwiseBuilder.java:1988)
	at org.audiveris.omr.score.PartwiseBuilder.processSystem(PartwiseBuilder.java:2528)
	at org.audiveris.omr.score.PartwiseBuilder.processLogicalPart(PartwiseBuilder.java:1433)
	at org.audiveris.omr.score.PartwiseBuilder.processStub(PartwiseBuilder.java:2483)
	at org.audiveris.omr.score.PartwiseBuilder.processPartList(PartwiseBuilder.java:2017)
	at org.audiveris.omr.score.PartwiseBuilder.processScore(PartwiseBuilder.java:2195)
	at org.audiveris.omr.score.PartwiseBuilder.build(PartwiseBuilder.java:307)
	at org.audiveris.omr.score.ScoreExporter.export(ScoreExporter.java:117)
	at org.audiveris.omr.score.ScoreExporter.export(ScoreExporter.java:91)
	at org.audiveris.omr.sheet.BasicBook.export(BasicBook.java:589)
	at org.audiveris.omr.CLI$ProcessingTask.processBook(CLI.java:785)
	at org.audiveris.omr.CLI$CliTask.call(CLI.java:344)
	at org.audiveris.omr.Main.runBatchTasks(Main.java:316)
	at org.audiveris.omr.Main.main(Main.java:155)
	at Audiveris.main(Audiveris.java:49)
2017-10-06 14:16:53,671 WARN [91386636]      PartwiseBuilder.java:1379 | Error visiting null
java.lang.NullPointerException: null
	at org.audiveris.omr.score.PartwiseBuilder.processKey(PartwiseBuilder.java:1344)
	at org.audiveris.omr.score.PartwiseBuilder.processKeys(PartwiseBuilder.java:1407)
	at org.audiveris.omr.score.PartwiseBuilder.processMeasure(PartwiseBuilder.java:1575)
	at org.audiveris.omr.score.PartwiseBuilder.processPart(PartwiseBuilder.java:1988)
	at org.audiveris.omr.score.PartwiseBuilder.processSystem(PartwiseBuilder.java:2528)
	at org.audiveris.omr.score.PartwiseBuilder.processLogicalPart(PartwiseBuilder.java:1433)
	at org.audiveris.omr.score.PartwiseBuilder.processStub(PartwiseBuilder.java:2483)
	at org.audiveris.omr.score.PartwiseBuilder.processPartList(PartwiseBuilder.java:2017)
	at org.audiveris.omr.score.PartwiseBuilder.processScore(PartwiseBuilder.java:2195)
	at org.audiveris.omr.score.PartwiseBuilder.build(PartwiseBuilder.java:307)
	at org.audiveris.omr.score.ScoreExporter.export(ScoreExporter.java:117)
	at org.audiveris.omr.score.ScoreExporter.export(ScoreExporter.java:91)
	at org.audiveris.omr.sheet.BasicBook.export(BasicBook.java:589)
	at org.audiveris.omr.CLI$ProcessingTask.processBook(CLI.java:785)
	at org.audiveris.omr.CLI$CliTask.call(CLI.java:344)
	at org.audiveris.omr.Main.runBatchTasks(Main.java:316)
	at org.audiveris.omr.Main.main(Main.java:155)
	at Audiveris.main(Audiveris.java:49)
2017-10-06 14:16:53,678 WARN [91386636]      PartwiseBuilder.java:1379 | Error visiting null
java.lang.NullPointerException: null
	at org.audiveris.omr.score.PartwiseBuilder.processKey(PartwiseBuilder.java:1344)
	at org.audiveris.omr.score.PartwiseBuilder.processKeys(PartwiseBuilder.java:1407)
	at org.audiveris.omr.score.PartwiseBuilder.processMeasure(PartwiseBuilder.java:1575)
	at org.audiveris.omr.score.PartwiseBuilder.processPart(PartwiseBuilder.java:1988)
	at org.audiveris.omr.score.PartwiseBuilder.processSystem(PartwiseBuilder.java:2528)
	at org.audiveris.omr.score.PartwiseBuilder.processLogicalPart(PartwiseBuilder.java:1433)
	at org.audiveris.omr.score.PartwiseBuilder.processStub(PartwiseBuilder.java:2483)
	at org.audiveris.omr.score.PartwiseBuilder.processPartList(PartwiseBuilder.java:2017)
	at org.audiveris.omr.score.PartwiseBuilder.processScore(PartwiseBuilder.java:2195)
	at org.audiveris.omr.score.PartwiseBuilder.build(PartwiseBuilder.java:307)
	at org.audiveris.omr.score.ScoreExporter.export(ScoreExporter.java:117)
	at org.audiveris.omr.score.ScoreExporter.export(ScoreExporter.java:91)
	at org.audiveris.omr.sheet.BasicBook.export(BasicBook.java:589)
	at org.audiveris.omr.CLI$ProcessingTask.processBook(CLI.java:785)
	at org.audiveris.omr.CLI$CliTask.call(CLI.java:344)
	at org.audiveris.omr.Main.runBatchTasks(Main.java:316)
	at org.audiveris.omr.Main.main(Main.java:155)
	at Audiveris.main(Audiveris.java:49)
2017-10-06 14:16:53,744 INFO [91386636]        ScoreExporter.java:93   | Score 91386636 exported to /Users/stephenn/Documents/workspace/nlsomr/xml_out/91386487/91386636/91386636.mxl
2017-10-06 14:16:53,881 INFO [91386636]            BasicBook.java:1395 | Stored /book.xml
2017-10-06 14:16:53,881 INFO [91386636]            BasicBook.java:1355 | Book stored as /Users/stephenn/Documents/workspace/nlsomr/xml_out/91386487/91386636/91386636.omr
