2017-10-06 15:11:03,515 INFO [91387392]            BasicBook.java:427  | 1 sheet in /Users/stephenn/Documents/workspace/nlsomr/working/91387392.jpg
2017-10-06 15:11:03,673 INFO []            BasicBook.java:1395 | Stored /book.xml
2017-10-06 15:11:03,673 INFO []            BasicBook.java:1355 | Book stored as /Users/stephenn/Documents/workspace/nlsomr/xml_out/91386487/91387392/91387392.omr
2017-10-06 15:11:03,680 INFO []            BasicBook.java:996  | Book reaching PAGE on sheets:[#1]
2017-10-06 15:11:03,682 INFO [91387392]       StepMonitoring.java:96   | LOAD
2017-10-06 15:11:03,835 INFO [91387392]            BasicBook.java:911  | Loaded image 1 2000x3056 from /Users/stephenn/Documents/workspace/nlsomr/working/91387392.jpg
2017-10-06 15:11:03,842 INFO [91387392]            ImageUtil.java:82   | Converting max RGB to gray ...
2017-10-06 15:11:04,082 INFO [91387392]            BasicBook.java:1395 | Stored /book.xml
2017-10-06 15:11:04,404 INFO [91387392]           BasicSheet.java:979  | Stored /sheet#1/sheet#1.xml
2017-10-06 15:11:04,407 INFO [91387392]       StepMonitoring.java:96   | BINARY
2017-10-06 15:11:04,990 INFO [91387392]            BasicBook.java:1395 | Stored /book.xml
2017-10-06 15:11:05,314 INFO [91387392]              Picture.java:786  | Stored /sheet#1/BINARY.xml
2017-10-06 15:11:05,316 INFO [91387392]           BasicSheet.java:979  | Stored /sheet#1/sheet#1.xml
2017-10-06 15:11:05,318 INFO [91387392]       StepMonitoring.java:96   | SCALE
2017-10-06 15:11:05,370 INFO [91387392]         ScaleBuilder.java:229  | No beam key found, guessed value 10
2017-10-06 15:11:05,371 INFO [91387392]            ScaleStep.java:87   | Scale{line(4,5,6) interline(16,17,17) beam(10 extra)}
2017-10-06 15:11:05,375 INFO [91387392]            BasicBook.java:1395 | Stored /book.xml
2017-10-06 15:11:05,378 INFO [91387392]           BasicSheet.java:979  | Stored /sheet#1/sheet#1.xml
2017-10-06 15:11:05,382 INFO [91387392]       StepMonitoring.java:96   | GRID
2017-10-06 15:11:06,402 INFO [91387392]       LinesRetriever.java:442  | Global slope: 0.00031
2017-10-06 15:11:06,486 INFO [91387392]    ClustersRetriever.java:241  | Retrieved line clusters: 12 of size: 5 with interline: (16,17,17)
2017-10-06 15:11:07,123 INFO [91387392]            PeakGraph.java:181  | Systems: #1[1, 2] #2[3, 4] #3[5, 6] #4[7, 8] #5[9, 10] #6[11, 12]
2017-10-06 15:11:08,228 INFO [91387392]        SystemManager.java:626  | Indentation detected for system#1
2017-10-06 15:11:08,228 INFO [91387392]        SystemManager.java:626  | Indentation detected for system#5
2017-10-06 15:11:08,229 INFO [91387392]        SystemManager.java:671  | 2 pages found in sheet
2017-10-06 15:11:08,229 INFO [91387392]        SystemManager.java:709  | Page #1: 1 part along 4 systems
2017-10-06 15:11:08,229 INFO [91387392]        SystemManager.java:709  | Page #2: 1 part along 2 systems
2017-10-06 15:11:08,233 INFO [91387392]            BasicBook.java:1395 | Stored /book.xml
2017-10-06 15:11:08,478 INFO [91387392]           BasicSheet.java:979  | Stored /sheet#1/sheet#1.xml
2017-10-06 15:11:08,480 INFO [91387392]       StepMonitoring.java:96   | HEADERS
2017-10-06 15:11:08,931 INFO []          Nd4jBackend.java:194  | Loaded [CpuBackend] backend
2017-10-06 15:11:08,994 INFO []      NativeOpsHolder.java:49   | Number of threads used for NativeOps: 2
2017-10-06 15:11:09,480 INFO [] DefaultOpExecutioner.java:544  | Backend used: [CPU]; OS: [Mac OS X]
2017-10-06 15:11:09,481 INFO [] DefaultOpExecutioner.java:545  | Cores: [4]; Memory: [3.6GB];
2017-10-06 15:11:09,481 INFO [] DefaultOpExecutioner.java:546  | Blas vendor: [OPENBLAS]
2017-10-06 15:11:09,517 INFO []   AbstractClassifier.java:332  | Classifier data loaded from default uri jar:file:/Users/stephenn/Documents/workspace/audiveris/build/distributions/Audiveris/lib/audiveris.jar!/res/basic-classifier.zip
2017-10-06 15:11:10,909 WARN [91387392]          ClefBuilder.java:560  | Staff#2 no header clef.
2017-10-06 15:11:12,369 INFO [91387392]           KeyBuilder.java:746  | Staff#5 key slice#3 pitch adjusted from 0.2 to 1
2017-10-06 15:11:12,742 WARN [91387392]          ClefBuilder.java:560  | Staff#10 no header clef.
2017-10-06 15:11:12,868 INFO []   AbstractClassifier.java:332  | Classifier data loaded from default uri jar:file:/Users/stephenn/Documents/workspace/audiveris/build/distributions/Audiveris/lib/audiveris.jar!/res/deep-classifier.zip
2017-10-06 15:11:13,019 WARN [91387392]          ClefBuilder.java:560  | Staff#12 no header clef.
2017-10-06 15:11:13,031 INFO [91387392]            BasicBook.java:1395 | Stored /book.xml
2017-10-06 15:11:13,462 INFO [91387392]           BasicSheet.java:979  | Stored /sheet#1/sheet#1.xml
2017-10-06 15:11:13,464 INFO [91387392]       StepMonitoring.java:96   | STEM_SEEDS
2017-10-06 15:11:13,560 INFO [91387392]        StemSeedsStep.java:91   | stem(4 max:5)
2017-10-06 15:11:13,671 INFO [91387392]            BasicBook.java:1395 | Stored /book.xml
2017-10-06 15:11:14,087 INFO [91387392]           BasicSheet.java:979  | Stored /sheet#1/sheet#1.xml
2017-10-06 15:11:14,089 INFO [91387392]       StepMonitoring.java:96   | BEAMS
2017-10-06 15:11:17,872 INFO [91387392]            BeamsStep.java:89   | BeamDistance{count:18 mean:14.16 stdDev:3.57}
2017-10-06 15:11:17,876 INFO [91387392]            BasicBook.java:1395 | Stored /book.xml
2017-10-06 15:11:17,951 INFO [91387392]              Picture.java:786  | Stored /sheet#1/HEAD_SPOTS.xml
2017-10-06 15:11:18,566 INFO [91387392]           BasicSheet.java:979  | Stored /sheet#1/sheet#1.xml
2017-10-06 15:11:18,569 INFO [91387392]       StepMonitoring.java:96   | LEDGERS
2017-10-06 15:11:19,098 INFO [91387392]            BasicBook.java:1395 | Stored /book.xml
2017-10-06 15:11:19,722 INFO [91387392]           BasicSheet.java:979  | Stored /sheet#1/sheet#1.xml
2017-10-06 15:11:19,725 INFO [91387392]       StepMonitoring.java:96   | HEADS
2017-10-06 15:11:22,662 INFO [91387392]            BasicBook.java:1395 | Stored /book.xml
2017-10-06 15:11:23,788 INFO [91387392]           BasicSheet.java:979  | Stored /sheet#1/sheet#1.xml
2017-10-06 15:11:23,791 INFO [91387392]       StepMonitoring.java:96   | STEMS
2017-10-06 15:11:25,782 INFO [91387392]            BasicBook.java:1395 | Stored /book.xml
2017-10-06 15:11:27,214 INFO [91387392]           BasicSheet.java:979  | Stored /sheet#1/sheet#1.xml
2017-10-06 15:11:27,217 INFO [91387392]       StepMonitoring.java:96   | REDUCTION
2017-10-06 15:11:27,610 INFO [91387392]            BasicBook.java:1395 | Stored /book.xml
2017-10-06 15:11:28,688 INFO [91387392]           BasicSheet.java:979  | Stored /sheet#1/sheet#1.xml
2017-10-06 15:11:28,691 INFO [91387392]       StepMonitoring.java:96   | CUE_BEAMS
2017-10-06 15:11:28,702 INFO [91387392]         BeamsBuilder.java:2012 | Mixed or unknown direction in cue area CueAggregate{S1A1 bounds:java.awt.Rectangle[x=1289,y=494,width=31,height=102] HeadInter{#2174(0.422/0.670) s:2 p:-1.00 NOTEHEAD_BLACK_SMALL}+StemInter{#4877(0.756/0.925)} HeadInter{#2248(0.440/0.719) s:2 p:1.00 NOTEHEAD_BLACK_SMALL}+StemInter{#4877(0.756/0.925)} HeadInter{#2314(0.322/0.662) s:2 p:2.00 NOTEHEAD_BLACK_SMALL}+StemInter{#4877(0.756/0.925)}}
2017-10-06 15:11:28,705 INFO [91387392]            BasicBook.java:1395 | Stored /book.xml
2017-10-06 15:11:29,722 INFO [91387392]           BasicSheet.java:979  | Stored /sheet#1/sheet#1.xml
2017-10-06 15:11:29,724 INFO [91387392]       StepMonitoring.java:96   | TEXTS
2017-10-06 15:11:31,812 INFO [91387392]            BasicBook.java:1395 | Stored /book.xml
2017-10-06 15:11:32,857 INFO [91387392]           BasicSheet.java:979  | Stored /sheet#1/sheet#1.xml
2017-10-06 15:11:32,860 INFO [91387392]       StepMonitoring.java:96   | MEASURES
2017-10-06 15:11:32,866 INFO [91387392]                 Page.java:210  | 18 raw measures: [5 in system#1, 4 in system#2, 5 in system#3, 4 in system#4]
2017-10-06 15:11:32,866 INFO [91387392]                 Page.java:210  | 9 raw measures: [5 in system#5, 4 in system#6]
2017-10-06 15:11:32,868 INFO [91387392]            BasicBook.java:1395 | Stored /book.xml
2017-10-06 15:11:33,976 INFO [91387392]           BasicSheet.java:979  | Stored /sheet#1/sheet#1.xml
2017-10-06 15:11:33,979 INFO [91387392]       StepMonitoring.java:96   | CHORDS
2017-10-06 15:11:33,990 INFO [91387392]            BasicBook.java:1395 | Stored /book.xml
2017-10-06 15:11:35,138 INFO [91387392]           BasicSheet.java:979  | Stored /sheet#1/sheet#1.xml
2017-10-06 15:11:35,140 INFO [91387392]       StepMonitoring.java:96   | CURVES
2017-10-06 15:11:36,951 INFO [91387392]         SlursBuilder.java:157  | Slurs: 20
2017-10-06 15:11:36,981 INFO [91387392]      SegmentsBuilder.java:113  | Segments: 18
2017-10-06 15:11:36,990 INFO [91387392]            BasicBook.java:1395 | Stored /book.xml
2017-10-06 15:11:37,893 INFO [91387392]           BasicSheet.java:979  | Stored /sheet#1/sheet#1.xml
2017-10-06 15:11:37,895 INFO [91387392]       StepMonitoring.java:96   | SYMBOLS
2017-10-06 15:11:38,370 INFO [91387392]       SymbolsBuilder.java:340  | Symbol parts shrunk from 8 to 7
2017-10-06 15:11:38,799 INFO [91387392]       SymbolsBuilder.java:340  | Symbol parts shrunk from 8 to 7
2017-10-06 15:11:40,519 INFO [91387392]            BasicBook.java:1395 | Stored /book.xml
2017-10-06 15:11:41,472 INFO [91387392]           BasicSheet.java:979  | Stored /sheet#1/sheet#1.xml
2017-10-06 15:11:41,474 INFO [91387392]       StepMonitoring.java:96   | LINKS
2017-10-06 15:11:41,526 WARN [91387392]            BasicStub.java:841  | Error in LINKS java.util.concurrent.ExecutionException: java.lang.NullPointerException
java.util.concurrent.ExecutionException: java.lang.NullPointerException
	at java.util.concurrent.FutureTask.report(FutureTask.java:122)
	at java.util.concurrent.FutureTask.get(FutureTask.java:206)
	at org.audiveris.omr.sheet.BasicStub.doOneStep(BasicStub.java:824)
	at org.audiveris.omr.sheet.BasicStub.reachStep(BasicStub.java:564)
	at org.audiveris.omr.sheet.BasicBook.reachBookStep(BasicBook.java:1063)
	at org.audiveris.omr.sheet.BasicBook.transcribe(BasicBook.java:1446)
	at org.audiveris.omr.sheet.BasicBook.export(BasicBook.java:558)
	at org.audiveris.omr.CLI$ProcessingTask.processBook(CLI.java:785)
	at org.audiveris.omr.CLI$CliTask.call(CLI.java:344)
	at org.audiveris.omr.Main.runBatchTasks(Main.java:316)
	at org.audiveris.omr.Main.main(Main.java:155)
	at Audiveris.main(Audiveris.java:49)
Caused by: java.lang.NullPointerException: null
	at java.util.AbstractCollection.addAll(AbstractCollection.java:343)
	at org.audiveris.omr.sig.SIGraph.noSupport(SIGraph.java:1073)
	at org.audiveris.omr.sig.inter.AbstractInter.overlaps(AbstractInter.java:754)
	at org.audiveris.omr.sig.CrossDetector.detectCrossOverlaps(CrossDetector.java:177)
	at org.audiveris.omr.sig.CrossDetector.detect(CrossDetector.java:139)
	at org.audiveris.omr.sig.CrossDetector.process(CrossDetector.java:87)
	at org.audiveris.omr.sheet.symbol.LinksStep.doEpilog(LinksStep.java:102)
	at org.audiveris.omr.sheet.symbol.LinksStep.doEpilog(LinksStep.java:43)
	at org.audiveris.omr.step.AbstractSystemStep.doit(AbstractSystemStep.java:109)
	at org.audiveris.omr.step.Step.doit(Step.java:168)
	at org.audiveris.omr.sheet.BasicStub$3.call(BasicStub.java:814)
	at org.audiveris.omr.sheet.BasicStub$3.call(BasicStub.java:802)
	at java.util.concurrent.FutureTask.run(FutureTask.java:266)
	at java.util.concurrent.ThreadPoolExecutor.runWorker(ThreadPoolExecutor.java:1149)
	at java.util.concurrent.ThreadPoolExecutor$Worker.run(ThreadPoolExecutor.java:624)
	at java.lang.Thread.run(Thread.java:748)
2017-10-06 15:11:41,528 INFO [91387392]            BasicStub.java:846  | Cause java.lang.NullPointerException
2017-10-06 15:11:41,528 INFO [91387392]            BasicStub.java:571  | StepException detected in [LOAD, BINARY, SCALE, GRID, HEADERS, STEM_SEEDS, BEAMS, LEDGERS, HEADS, STEMS, REDUCTION, CUE_BEAMS, TEXTS, MEASURES, CHORDS, CURVES, SYMBOLS, LINKS, RHYTHMS, PAGE]
2017-10-06 15:11:41,532 INFO [91387392]            BasicBook.java:1133 | Scores built: 2
2017-10-06 15:11:42,614 INFO [91387392]        ScoreExporter.java:93   | Score 91387392.mvt1 exported to /Users/stephenn/Documents/workspace/nlsomr/xml_out/91386487/91387392/91387392.mvt1.mxl
2017-10-06 15:11:42,617 INFO [91387392]        ScoreExporter.java:93   | Score 91387392.mvt2 exported to /Users/stephenn/Documents/workspace/nlsomr/xml_out/91386487/91387392/91387392.mvt2.mxl
2017-10-06 15:11:42,877 INFO [91387392]            BasicBook.java:1395 | Stored /book.xml
2017-10-06 15:11:43,684 INFO [91387392]           BasicSheet.java:979  | Stored /sheet#1/sheet#1.xml
2017-10-06 15:11:43,684 INFO [91387392]            BasicBook.java:1355 | Book stored as /Users/stephenn/Documents/workspace/nlsomr/xml_out/91386487/91387392/91387392.omr
