2017-10-06 16:13:08,731 INFO [91388220]            BasicBook.java:427  | 1 sheet in /Users/stephenn/Documents/workspace/nlsomr/working/91388220.jpg
2017-10-06 16:13:08,886 INFO []            BasicBook.java:1395 | Stored /book.xml
2017-10-06 16:13:08,886 INFO []            BasicBook.java:1355 | Book stored as /Users/stephenn/Documents/workspace/nlsomr/xml_out/91386487/91388220/91388220.omr
2017-10-06 16:13:08,891 INFO []            BasicBook.java:996  | Book reaching PAGE on sheets:[#1]
2017-10-06 16:13:08,893 INFO [91388220]       StepMonitoring.java:96   | LOAD
2017-10-06 16:13:09,043 INFO [91388220]            BasicBook.java:911  | Loaded image 1 2000x3056 from /Users/stephenn/Documents/workspace/nlsomr/working/91388220.jpg
2017-10-06 16:13:09,047 INFO [91388220]            ImageUtil.java:82   | Converting max RGB to gray ...
2017-10-06 16:13:09,340 INFO [91388220]            BasicBook.java:1395 | Stored /book.xml
2017-10-06 16:13:09,781 INFO [91388220]           BasicSheet.java:979  | Stored /sheet#1/sheet#1.xml
2017-10-06 16:13:09,783 INFO [91388220]       StepMonitoring.java:96   | BINARY
2017-10-06 16:13:10,436 INFO [91388220]            BasicBook.java:1395 | Stored /book.xml
2017-10-06 16:13:10,728 INFO [91388220]              Picture.java:786  | Stored /sheet#1/BINARY.xml
2017-10-06 16:13:10,730 INFO [91388220]           BasicSheet.java:979  | Stored /sheet#1/sheet#1.xml
2017-10-06 16:13:10,732 INFO [91388220]       StepMonitoring.java:96   | SCALE
2017-10-06 16:13:10,772 INFO [91388220]            ScaleStep.java:87   | Scale{line(3,4,6) interline(15,16,17) beam(13)}
2017-10-06 16:13:10,775 INFO [91388220]            BasicBook.java:1395 | Stored /book.xml
2017-10-06 16:13:10,777 INFO [91388220]           BasicSheet.java:979  | Stored /sheet#1/sheet#1.xml
2017-10-06 16:13:10,779 INFO [91388220]       StepMonitoring.java:96   | GRID
2017-10-06 16:13:11,668 INFO [91388220]       LinesRetriever.java:442  | Global slope: 0.00211
2017-10-06 16:13:11,797 INFO [91388220]    ClustersRetriever.java:241  | Retrieved line clusters: 10 of size: 5 with interline: (15,16,17)
2017-10-06 16:13:12,546 INFO [91388220]            PeakGraph.java:181  | Systems: #1[1, 2] #2[3, 4] #3[5, 6] #4[7, 8] #5[9, 10]
2017-10-06 16:13:13,723 INFO [91388220]        SystemManager.java:626  | Indentation detected for system#1
2017-10-06 16:13:13,724 INFO [91388220]        SystemManager.java:626  | Indentation detected for system#3
2017-10-06 16:13:13,724 INFO [91388220]        SystemManager.java:626  | Indentation detected for system#4
2017-10-06 16:13:13,725 INFO [91388220]        SystemManager.java:671  | 3 pages found in sheet
2017-10-06 16:13:13,725 INFO [91388220]        SystemManager.java:709  | Page #1: 1 part along 2 systems
2017-10-06 16:13:13,725 INFO [91388220]        SystemManager.java:709  | Page #2: 1 part along 1 system
2017-10-06 16:13:13,726 INFO [91388220]        SystemManager.java:709  | Page #3: 1 part along 2 systems
2017-10-06 16:13:13,731 INFO [91388220]            BasicBook.java:1395 | Stored /book.xml
2017-10-06 16:13:14,003 INFO [91388220]           BasicSheet.java:979  | Stored /sheet#1/sheet#1.xml
2017-10-06 16:13:14,007 INFO [91388220]       StepMonitoring.java:96   | HEADERS
2017-10-06 16:13:14,388 INFO []          Nd4jBackend.java:194  | Loaded [CpuBackend] backend
2017-10-06 16:13:14,450 INFO []      NativeOpsHolder.java:49   | Number of threads used for NativeOps: 2
2017-10-06 16:13:14,930 INFO [] DefaultOpExecutioner.java:544  | Backend used: [CPU]; OS: [Mac OS X]
2017-10-06 16:13:14,931 INFO [] DefaultOpExecutioner.java:545  | Cores: [4]; Memory: [3.6GB];
2017-10-06 16:13:14,931 INFO [] DefaultOpExecutioner.java:546  | Blas vendor: [OPENBLAS]
2017-10-06 16:13:14,976 INFO []   AbstractClassifier.java:332  | Classifier data loaded from default uri jar:file:/Users/stephenn/Documents/workspace/audiveris/build/distributions/Audiveris/lib/audiveris.jar!/res/basic-classifier.zip
2017-10-06 16:13:16,662 WARN [91388220]          ClefBuilder.java:560  | Staff#2 no header clef.
2017-10-06 16:13:17,025 WARN [91388220]          ClefBuilder.java:560  | Staff#4 no header clef.
2017-10-06 16:13:17,202 WARN [91388220]          ClefBuilder.java:560  | Staff#6 no header clef.
2017-10-06 16:13:17,415 WARN [91388220]          ClefBuilder.java:560  | Staff#8 no header clef.
2017-10-06 16:13:17,639 WARN [91388220]          ClefBuilder.java:560  | Staff#10 no header clef.
2017-10-06 16:13:17,701 INFO [91388220]            BasicBook.java:1395 | Stored /book.xml
2017-10-06 16:13:18,181 INFO [91388220]           BasicSheet.java:979  | Stored /sheet#1/sheet#1.xml
2017-10-06 16:13:18,185 INFO [91388220]       StepMonitoring.java:96   | STEM_SEEDS
2017-10-06 16:13:18,347 INFO [91388220]        StemSeedsStep.java:91   | stem(4 max:5)
2017-10-06 16:13:18,477 INFO [91388220]            BasicBook.java:1395 | Stored /book.xml
2017-10-06 16:13:18,732 INFO []   AbstractClassifier.java:332  | Classifier data loaded from default uri jar:file:/Users/stephenn/Documents/workspace/audiveris/build/distributions/Audiveris/lib/audiveris.jar!/res/deep-classifier.zip
2017-10-06 16:13:18,850 INFO [91388220]           BasicSheet.java:979  | Stored /sheet#1/sheet#1.xml
2017-10-06 16:13:18,852 INFO [91388220]       StepMonitoring.java:96   | BEAMS
2017-10-06 16:13:23,759 INFO [91388220]            BeamsStep.java:89   | BeamDistance{count:23 mean:15.06 stdDev:1.00}
2017-10-06 16:13:23,763 INFO [91388220]            BasicBook.java:1395 | Stored /book.xml
2017-10-06 16:13:23,829 INFO [91388220]              Picture.java:786  | Stored /sheet#1/HEAD_SPOTS.xml
2017-10-06 16:13:24,302 INFO [91388220]           BasicSheet.java:979  | Stored /sheet#1/sheet#1.xml
2017-10-06 16:13:24,304 INFO [91388220]       StepMonitoring.java:96   | LEDGERS
2017-10-06 16:13:25,099 INFO [91388220]            BasicBook.java:1395 | Stored /book.xml
2017-10-06 16:13:25,617 INFO [91388220]           BasicSheet.java:979  | Stored /sheet#1/sheet#1.xml
2017-10-06 16:13:25,620 INFO [91388220]       StepMonitoring.java:96   | HEADS
2017-10-06 16:13:28,191 INFO [91388220]            BasicBook.java:1395 | Stored /book.xml
2017-10-06 16:13:29,509 INFO [91388220]           BasicSheet.java:979  | Stored /sheet#1/sheet#1.xml
2017-10-06 16:13:29,512 INFO [91388220]       StepMonitoring.java:96   | STEMS
2017-10-06 16:13:32,960 INFO [91388220]            BasicBook.java:1395 | Stored /book.xml
2017-10-06 16:13:34,648 INFO [91388220]           BasicSheet.java:979  | Stored /sheet#1/sheet#1.xml
2017-10-06 16:13:34,650 INFO [91388220]       StepMonitoring.java:96   | REDUCTION
2017-10-06 16:13:35,369 INFO [91388220]            BasicBook.java:1395 | Stored /book.xml
2017-10-06 16:13:36,379 INFO [91388220]           BasicSheet.java:979  | Stored /sheet#1/sheet#1.xml
2017-10-06 16:13:36,381 INFO [91388220]       StepMonitoring.java:96   | CUE_BEAMS
2017-10-06 16:13:36,384 INFO [91388220]            BasicBook.java:1395 | Stored /book.xml
2017-10-06 16:13:37,410 INFO [91388220]           BasicSheet.java:979  | Stored /sheet#1/sheet#1.xml
2017-10-06 16:13:37,412 INFO [91388220]       StepMonitoring.java:96   | TEXTS
2017-10-06 16:13:40,069 INFO [91388220]            BasicBook.java:1395 | Stored /book.xml
2017-10-06 16:13:41,215 INFO [91388220]           BasicSheet.java:979  | Stored /sheet#1/sheet#1.xml
2017-10-06 16:13:41,218 INFO [91388220]       StepMonitoring.java:96   | MEASURES
2017-10-06 16:13:41,224 INFO [91388220]                 Page.java:210  | 8 raw measures: [4 in system#1, 4 in system#2]
2017-10-06 16:13:41,225 INFO [91388220]                 Page.java:210  | 5 raw measures: [5 in system#3]
2017-10-06 16:13:41,225 INFO [91388220]                 Page.java:210  | 10 raw measures: [5 in system#4, 5 in system#5]
2017-10-06 16:13:41,227 INFO [91388220]            BasicBook.java:1395 | Stored /book.xml
2017-10-06 16:13:42,318 INFO [91388220]           BasicSheet.java:979  | Stored /sheet#1/sheet#1.xml
2017-10-06 16:13:42,320 INFO [91388220]       StepMonitoring.java:96   | CHORDS
2017-10-06 16:13:42,336 INFO [91388220]            BasicBook.java:1395 | Stored /book.xml
2017-10-06 16:13:43,462 INFO [91388220]           BasicSheet.java:979  | Stored /sheet#1/sheet#1.xml
2017-10-06 16:13:43,465 INFO [91388220]       StepMonitoring.java:96   | CURVES
2017-10-06 16:13:45,546 INFO [91388220]         SlursBuilder.java:762  | RIGHT collision SlurInter{#6211(0.654)} & SlurInter{#6279(0.386)} @ HeadInter{#3960(0.594/0.786) e#6088 s:6 p:-6.00 NOTEHEAD_BLACK}
2017-10-06 16:13:45,547 INFO [91388220]         SlursBuilder.java:762  | LEFT collision SlurInter{#6214(0.643)} & SlurInter{#6300(0.407)} @ HeadInter{#3570(0.664/0.829) e#6062 s:5 p:5.00 NOTEHEAD_BLACK}
2017-10-06 16:13:45,548 INFO [91388220]         SlursBuilder.java:762  | RIGHT collision SlurInter{#6214(0.643)} & SlurInter{#6298(0.376)} @ HeadInter{#3448(0.604/0.779) e#6067 s:5 p:0.00 NOTEHEAD_BLACK}
2017-10-06 16:13:45,549 INFO [91388220]         SlursBuilder.java:762  | RIGHT collision SlurInter{#6214(0.643)} & SlurInter{#6305(0.306)} @ HeadInter{#3448(0.604/0.779) e#6067 s:5 p:0.00 NOTEHEAD_BLACK}
2017-10-06 16:13:45,549 INFO [91388220]         SlursBuilder.java:762  | RIGHT collision SlurInter{#6279(0.386)} & SlurInter{#6211(0.654)} @ HeadInter{#3960(0.594/0.786) e#6088 s:6 p:-6.00 NOTEHEAD_BLACK}
2017-10-06 16:13:45,550 INFO [91388220]         SlursBuilder.java:762  | LEFT collision SlurInter{#6298(0.376)} & SlurInter{#6305(0.306)} @ HeadInter{#3514(0.610/0.774) e#6065 s:5 p:2.00 NOTEHEAD_BLACK}
2017-10-06 16:13:45,551 INFO [91388220]         SlursBuilder.java:762  | RIGHT collision SlurInter{#6298(0.376)} & SlurInter{#6214(0.643)} @ HeadInter{#3448(0.604/0.779) e#6067 s:5 p:0.00 NOTEHEAD_BLACK}
2017-10-06 16:13:45,557 INFO [91388220]         SlursBuilder.java:762  | RIGHT collision SlurInter{#6298(0.376)} & SlurInter{#6305(0.306)} @ HeadInter{#3448(0.604/0.779) e#6067 s:5 p:0.00 NOTEHEAD_BLACK}
2017-10-06 16:13:45,558 INFO [91388220]         SlursBuilder.java:762  | LEFT collision SlurInter{#6300(0.407)} & SlurInter{#6214(0.643)} @ HeadInter{#3570(0.664/0.829) e#6062 s:5 p:5.00 NOTEHEAD_BLACK}
2017-10-06 16:13:45,559 INFO [91388220]         SlursBuilder.java:762  | LEFT collision SlurInter{#6305(0.306)} & SlurInter{#6298(0.376)} @ HeadInter{#3514(0.610/0.774) e#6065 s:5 p:2.00 NOTEHEAD_BLACK}
2017-10-06 16:13:45,560 INFO [91388220]         SlursBuilder.java:762  | RIGHT collision SlurInter{#6305(0.306)} & SlurInter{#6214(0.643)} @ HeadInter{#3448(0.604/0.779) e#6067 s:5 p:0.00 NOTEHEAD_BLACK}
2017-10-06 16:13:45,561 INFO [91388220]         SlursBuilder.java:762  | RIGHT collision SlurInter{#6305(0.306)} & SlurInter{#6298(0.376)} @ HeadInter{#3448(0.604/0.779) e#6067 s:5 p:0.00 NOTEHEAD_BLACK}
2017-10-06 16:13:45,563 INFO [91388220]         SlursBuilder.java:157  | Slurs: 27
2017-10-06 16:13:45,685 INFO [91388220]      SegmentsBuilder.java:113  | Segments: 37
2017-10-06 16:13:45,693 INFO [91388220]            BasicBook.java:1395 | Stored /book.xml
2017-10-06 16:13:47,030 INFO [91388220]           BasicSheet.java:979  | Stored /sheet#1/sheet#1.xml
2017-10-06 16:13:47,032 INFO [91388220]       StepMonitoring.java:96   | SYMBOLS
2017-10-06 16:13:48,690 INFO [91388220]       SymbolsBuilder.java:340  | Symbol parts shrunk from 14 to 7
2017-10-06 16:13:49,728 INFO [91388220]       SymbolsBuilder.java:340  | Symbol parts shrunk from 11 to 7
2017-10-06 16:13:50,048 INFO [91388220]       SymbolsBuilder.java:340  | Symbol parts shrunk from 8 to 7
2017-10-06 16:13:50,516 INFO [91388220]       SymbolsBuilder.java:340  | Symbol parts shrunk from 14 to 7
2017-10-06 16:13:50,770 INFO [91388220]       SymbolsBuilder.java:340  | Symbol parts shrunk from 9 to 7
2017-10-06 16:13:50,941 INFO [91388220]       SymbolsBuilder.java:340  | Symbol parts shrunk from 8 to 7
2017-10-06 16:13:51,189 INFO [91388220]            BasicBook.java:1395 | Stored /book.xml
2017-10-06 16:13:52,889 INFO [91388220]           BasicSheet.java:979  | Stored /sheet#1/sheet#1.xml
2017-10-06 16:13:52,892 INFO [91388220]       StepMonitoring.java:96   | LINKS
2017-10-06 16:13:52,971 INFO [91388220]            BasicBook.java:1395 | Stored /book.xml
2017-10-06 16:13:54,830 INFO [91388220]           BasicSheet.java:979  | Stored /sheet#1/sheet#1.xml
2017-10-06 16:13:54,833 INFO [91388220]       StepMonitoring.java:96   | RHYTHMS
2017-10-06 16:13:54,869 INFO [91388220]           PageRhythm.java:314  | Range{1-8 ts:4/4} Durations avgGuess:5/4 topGuess:1 avgValue:1.13 stacks:8 voices:17 Histogram{1/4-11/8 size:6 [1/4=2 3/8=1 1=6 9/8=3 5/4=3 11/8=2]}
2017-10-06 16:13:54,874 INFO [91388220]           PageRhythm.java:221  | S1 Range{1-8 ts:4/4 dur:5/4} should update to 5/4-based time sig?
2017-10-06 16:13:54,877 INFO [91388220]                Voice.java:257  | S1 MeasureStack#1 Voice #2 too long 1/8
2017-10-06 16:13:54,877 INFO [91388220]           StackTuner.java:92   | S1 MeasureStack#1 no correct rhythm
2017-10-06 16:13:54,880 INFO [91388220]         SlotsBuilder.java:427  | S1 MeasureStack#2 Slot{#8 xOffset=251 timeOffset=5/4 incomings=[#5996] SUSPICIOUS}
2017-10-06 16:13:54,880 INFO [91388220]                Voice.java:257  | S1 MeasureStack#2 Voice #1 too long 1/4
2017-10-06 16:13:54,881 INFO [91388220]                Voice.java:257  | S1 MeasureStack#2 Voice #2 too long 1/4
2017-10-06 16:13:54,881 INFO [91388220]           StackTuner.java:92   | S1 MeasureStack#2 no correct rhythm
2017-10-06 16:13:54,885 INFO [91388220]         SlotsBuilder.java:427  | S1 MeasureStack#3 Slot{#3 xOffset=73 timeOffset=1/4 incomings=[#7833] SUSPICIOUS}
2017-10-06 16:13:54,886 INFO [91388220]         SlotsBuilder.java:427  | S1 MeasureStack#3 Slot{#6 xOffset=143 timeOffset=5/8 incomings=[#7834] SUSPICIOUS}
2017-10-06 16:13:54,894 INFO [91388220]                Voice.java:257  | S1 MeasureStack#3 Voice #1 too long 1/8
2017-10-06 16:13:54,894 INFO [91388220]                Voice.java:257  | S1 MeasureStack#3 Voice #2 too long 1/4
2017-10-06 16:13:54,895 INFO [91388220]           StackTuner.java:92   | S1 MeasureStack#3 no correct rhythm
2017-10-06 16:13:54,897 INFO [91388220]         SlotsBuilder.java:427  | S1 MeasureStack#4 Slot{#8 xOffset=247 timeOffset=9/8 incomings=[#6007] SUSPICIOUS}
2017-10-06 16:13:54,897 INFO [91388220]                Voice.java:257  | S1 MeasureStack#4 Voice #1 too long 1/8
2017-10-06 16:13:54,898 INFO [91388220]                Voice.java:257  | S1 MeasureStack#4 Voice #2 too long 1/8
2017-10-06 16:13:54,898 INFO [91388220]           StackTuner.java:92   | S1 MeasureStack#4 no correct rhythm
2017-10-06 16:13:54,911 INFO [91388220]         SlotsBuilder.java:434  | Stack#1 endless loop detected
2017-10-06 16:13:54,916 INFO [91388220]           PageRhythm.java:314  | Range{1-5} Durations avgGuess:1 topGuess:1 avgValue:0.93 stacks:5 voices:9 Histogram{1/2-5/4 size:7 [1/2=1 3/4=1 25/32=1 15/16=1 1=3 9/8=1 5/4=1]}
2017-10-06 16:13:54,917 INFO [91388220]           PageRhythm.java:221  | S3 Range{1-5 dur:1} should update to 1-based time sig?
2017-10-06 16:13:54,919 INFO [91388220]         SlotsBuilder.java:434  | Stack#1 endless loop detected
2017-10-06 16:13:54,920 INFO [91388220]                Voice.java:257  | S3 MeasureStack#1 Voice #1 too long 1/4
2017-10-06 16:13:54,920 INFO [91388220]                Voice.java:257  | S3 MeasureStack#1 Voice #2 too long 1/8
2017-10-06 16:13:54,920 INFO [91388220]           StackTuner.java:92   | S3 MeasureStack#1 no correct rhythm
2017-10-06 16:13:54,924 INFO [91388220]         SlotsBuilder.java:427  | S3 MeasureStack#2 Slot{#8 xOffset=339 timeOffset=25/32 incomings=[#6095] SUSPICIOUS}
2017-10-06 16:13:54,924 INFO [91388220]         SlotsBuilder.java:434  | Stack#2 endless loop detected
2017-10-06 16:13:54,925 INFO [91388220]                Voice.java:257  | S3 MeasureStack#2 Voice #2 too long 7/32
2017-10-06 16:13:54,926 INFO [91388220]           StackTuner.java:92   | S3 MeasureStack#2 no correct rhythm
2017-10-06 16:13:54,936 INFO [91388220]           PageRhythm.java:314  | Range{1-5} Durations avgGuess:1 topGuess:1/4 avgValue:1.13 stacks:5 voices:10 Histogram{3/16-5/4 size:5 [3/16=1 1/4=3 3/8=2 1=2 5/4=2]}
2017-10-06 16:13:54,947 INFO [91388220]           PageRhythm.java:314  | Range{6-10 ts:4/4} Durations avgGuess:1 topGuess:1 avgValue:1.06 stacks:5 voices:10 Histogram{1/4-9/8 size:3 [1/4=2 1=4 9/8=4]}
2017-10-06 16:13:54,948 INFO [91388220]           PageRhythm.java:221  | S4 Range{1-5 dur:1} should update to 1-based time sig?
2017-10-06 16:13:54,949 INFO [91388220]                Voice.java:257  | S4 MeasureStack#1 Voice #1 too long 1/4
2017-10-06 16:13:54,950 INFO [91388220]                Voice.java:257  | S4 MeasureStack#1 Voice #2 too long 1/4
2017-10-06 16:13:54,950 INFO [91388220]           StackTuner.java:92   | S4 MeasureStack#1 no correct rhythm
2017-10-06 16:13:54,958 INFO [91388220]         SlotsBuilder.java:427  | S4 MeasureStack#3 Slot{#3 xOffset=83 timeOffset=3/8 incomings=[#6141] SUSPICIOUS}
2017-10-06 16:13:54,959 INFO [91388220]         SlotsBuilder.java:427  | S4 MeasureStack#3 Slot{#6 xOffset=161 timeOffset=17/16 incomings=[#6117] SUSPICIOUS}
2017-10-06 16:13:54,960 INFO [91388220]         SlotsBuilder.java:427  | S4 MeasureStack#3 Slot{#10 xOffset=270 timeOffset=51/32 incomings=[#6120] SUSPICIOUS}
2017-10-06 16:13:54,961 INFO [91388220]         SlotsBuilder.java:427  | S4 MeasureStack#3 Slot{#12 xOffset=318 timeOffset=57/32 incomings=[#6121] SUSPICIOUS}
2017-10-06 16:13:54,961 INFO [91388220]                Voice.java:257  | S4 MeasureStack#3 Voice #1 too long 27/32
2017-10-06 16:13:54,962 INFO [91388220]                Voice.java:257  | S4 MeasureStack#3 Voice #2 too long 13/16
2017-10-06 16:13:54,962 INFO [91388220]           StackTuner.java:92   | S4 MeasureStack#3 no correct rhythm
2017-10-06 16:13:54,963 INFO [91388220]         SlotsBuilder.java:427  | S4 MeasureStack#4 Slot{#3 xOffset=84 timeOffset=3/8 incomings=[#6149] SUSPICIOUS}
2017-10-06 16:13:54,964 INFO [91388220]                Voice.java:257  | S4 MeasureStack#4 Voice #1 too long 1/4
2017-10-06 16:13:54,964 INFO [91388220]                Voice.java:257  | S4 MeasureStack#4 Voice #2 too long 1/4
2017-10-06 16:13:54,964 INFO [91388220]           StackTuner.java:92   | S4 MeasureStack#4 no correct rhythm
2017-10-06 16:13:54,966 INFO [91388220]         SlotsBuilder.java:427  | S4 MeasureStack#5 Slot{#3 xOffset=86 timeOffset=3/16 incomings=[#6152] SUSPICIOUS}
2017-10-06 16:13:54,966 INFO [91388220]         SlotsBuilder.java:427  | S4 MeasureStack#5 Slot{#5 xOffset=131 timeOffset=5/16 incomings=[#6153] SUSPICIOUS}
2017-10-06 16:13:54,967 INFO [91388220]         SlotsBuilder.java:427  | S4 MeasureStack#5 Slot{#7 xOffset=178 timeOffset=7/16 incomings=[#6154] SUSPICIOUS}
2017-10-06 16:13:54,967 INFO [91388220]         SlotsBuilder.java:427  | S4 MeasureStack#5 Slot{#9 xOffset=222 timeOffset=5/8 incomings=[#6155] SUSPICIOUS}
2017-10-06 16:13:54,971 INFO [91388220]                Voice.java:257  | S5 MeasureStack#7 Voice #1 too long 1/8
2017-10-06 16:13:54,972 INFO [91388220]                Voice.java:257  | S5 MeasureStack#7 Voice #2 too long 1/8
2017-10-06 16:13:54,972 INFO [91388220]           StackTuner.java:92   | S5 MeasureStack#7 no correct rhythm
2017-10-06 16:13:54,981 INFO [91388220]                Voice.java:257  | S5 MeasureStack#9 Voice #1 too long 1/8
2017-10-06 16:13:54,982 INFO [91388220]                Voice.java:257  | S5 MeasureStack#9 Voice #2 too long 1/8
2017-10-06 16:13:54,982 INFO [91388220]           StackTuner.java:92   | S5 MeasureStack#9 no correct rhythm
2017-10-06 16:13:54,986 INFO [91388220]            BasicBook.java:1395 | Stored /book.xml
2017-10-06 16:13:56,829 INFO [91388220]           BasicSheet.java:979  | Stored /sheet#1/sheet#1.xml
2017-10-06 16:13:56,831 INFO [91388220]       StepMonitoring.java:96   | PAGE
2017-10-06 16:13:56,835 INFO [91388220]                 Part.java:275  | Could not right-connect slur#6272
2017-10-06 16:13:56,835 INFO [91388220]                 Part.java:275  | Could not right-connect slur#6253
2017-10-06 16:13:56,837 INFO [91388220]                Voice.java:257  | S1 MeasureStack#1 Voice #2 too long 1/8
2017-10-06 16:13:56,838 INFO [91388220]                Voice.java:257  | S1 MeasureStack#2 Voice #1 too long 1/4
2017-10-06 16:13:56,838 INFO [91388220]                Voice.java:257  | S1 MeasureStack#2 Voice #2 too long 1/4
2017-10-06 16:13:56,838 INFO [91388220]                Voice.java:257  | S1 MeasureStack#3 Voice #1 too long 1/8
2017-10-06 16:13:56,839 INFO [91388220]                Voice.java:257  | S1 MeasureStack#3 Voice #2 too long 1/4
2017-10-06 16:13:56,839 INFO [91388220]                Voice.java:257  | S1 MeasureStack#4 Voice #1 too long 1/8
2017-10-06 16:13:56,839 INFO [91388220]                Voice.java:257  | S1 MeasureStack#4 Voice #2 too long 1/8
2017-10-06 16:13:56,840 INFO [91388220]                Voice.java:257  | S3 MeasureStack#1 Voice #1 too long 1/4
2017-10-06 16:13:56,840 INFO [91388220]                Voice.java:257  | S3 MeasureStack#1 Voice #2 too long 1/8
2017-10-06 16:13:56,841 INFO [91388220]                Voice.java:257  | S3 MeasureStack#2 Voice #2 too long 7/32
2017-10-06 16:13:56,842 INFO [91388220]                 Part.java:275  | Could not right-connect slur#6258
2017-10-06 16:13:56,842 INFO [91388220]                 Part.java:275  | Could not right-connect slur#6235
2017-10-06 16:13:56,843 INFO [91388220]                Voice.java:257  | S4 MeasureStack#1 Voice #1 too long 1/4
2017-10-06 16:13:56,843 INFO [91388220]                Voice.java:257  | S4 MeasureStack#1 Voice #2 too long 1/4
2017-10-06 16:13:56,843 INFO [91388220]                Voice.java:257  | S4 MeasureStack#3 Voice #1 too long 27/32
2017-10-06 16:13:56,844 INFO [91388220]                Voice.java:257  | S4 MeasureStack#3 Voice #2 too long 13/16
2017-10-06 16:13:56,844 INFO [91388220]                Voice.java:257  | S4 MeasureStack#4 Voice #1 too long 1/4
2017-10-06 16:13:56,845 INFO [91388220]                Voice.java:257  | S4 MeasureStack#4 Voice #2 too long 1/4
2017-10-06 16:13:56,845 INFO [91388220]                Voice.java:257  | S5 MeasureStack#7 Voice #1 too long 1/8
2017-10-06 16:13:56,845 INFO [91388220]                Voice.java:257  | S5 MeasureStack#7 Voice #2 too long 1/8
2017-10-06 16:13:56,846 INFO [91388220]                Voice.java:257  | S5 MeasureStack#9 Voice #1 too long 1/8
2017-10-06 16:13:56,846 INFO [91388220]                Voice.java:257  | S5 MeasureStack#9 Voice #2 too long 1/8
2017-10-06 16:13:56,848 INFO [91388220]            BasicBook.java:1395 | Stored /book.xml
2017-10-06 16:13:58,556 INFO [91388220]           BasicSheet.java:979  | Stored /sheet#1/sheet#1.xml
2017-10-06 16:13:58,563 INFO [91388220]            BasicStub.java:723  | Sheet{91388220} disposed
2017-10-06 16:13:59,799 INFO [91388220]            BasicStub.java:449  | Loaded /sheet#1/sheet#1.xml
2017-10-06 16:13:59,801 INFO [91388220]            BasicBook.java:1133 | Scores built: 3
2017-10-06 16:14:00,765 WARN [91388220]      PartwiseBuilder.java:1379 | Error visiting null
java.lang.NullPointerException: null
	at org.audiveris.omr.score.PartwiseBuilder.processKey(PartwiseBuilder.java:1344)
	at org.audiveris.omr.score.PartwiseBuilder.processKeys(PartwiseBuilder.java:1407)
	at org.audiveris.omr.score.PartwiseBuilder.processMeasure(PartwiseBuilder.java:1575)
	at org.audiveris.omr.score.PartwiseBuilder.processPart(PartwiseBuilder.java:1988)
	at org.audiveris.omr.score.PartwiseBuilder.processSystem(PartwiseBuilder.java:2528)
	at org.audiveris.omr.score.PartwiseBuilder.processLogicalPart(PartwiseBuilder.java:1433)
	at org.audiveris.omr.score.PartwiseBuilder.processStub(PartwiseBuilder.java:2483)
	at org.audiveris.omr.score.PartwiseBuilder.processPartList(PartwiseBuilder.java:2017)
	at org.audiveris.omr.score.PartwiseBuilder.processScore(PartwiseBuilder.java:2195)
	at org.audiveris.omr.score.PartwiseBuilder.build(PartwiseBuilder.java:307)
	at org.audiveris.omr.score.ScoreExporter.export(ScoreExporter.java:117)
	at org.audiveris.omr.score.ScoreExporter.export(ScoreExporter.java:91)
	at org.audiveris.omr.sheet.BasicBook.export(BasicBook.java:589)
	at org.audiveris.omr.CLI$ProcessingTask.processBook(CLI.java:785)
	at org.audiveris.omr.CLI$CliTask.call(CLI.java:344)
	at org.audiveris.omr.Main.runBatchTasks(Main.java:316)
	at org.audiveris.omr.Main.main(Main.java:155)
	at Audiveris.main(Audiveris.java:49)
2017-10-06 16:14:00,779 WARN [91388220]      PartwiseBuilder.java:1379 | Error visiting null
java.lang.NullPointerException: null
	at org.audiveris.omr.score.PartwiseBuilder.processKey(PartwiseBuilder.java:1344)
	at org.audiveris.omr.score.PartwiseBuilder.processKeys(PartwiseBuilder.java:1407)
	at org.audiveris.omr.score.PartwiseBuilder.processMeasure(PartwiseBuilder.java:1575)
	at org.audiveris.omr.score.PartwiseBuilder.processPart(PartwiseBuilder.java:1988)
	at org.audiveris.omr.score.PartwiseBuilder.processSystem(PartwiseBuilder.java:2528)
	at org.audiveris.omr.score.PartwiseBuilder.processLogicalPart(PartwiseBuilder.java:1433)
	at org.audiveris.omr.score.PartwiseBuilder.processStub(PartwiseBuilder.java:2483)
	at org.audiveris.omr.score.PartwiseBuilder.processPartList(PartwiseBuilder.java:2017)
	at org.audiveris.omr.score.PartwiseBuilder.processScore(PartwiseBuilder.java:2195)
	at org.audiveris.omr.score.PartwiseBuilder.build(PartwiseBuilder.java:307)
	at org.audiveris.omr.score.ScoreExporter.export(ScoreExporter.java:117)
	at org.audiveris.omr.score.ScoreExporter.export(ScoreExporter.java:91)
	at org.audiveris.omr.sheet.BasicBook.export(BasicBook.java:589)
	at org.audiveris.omr.CLI$ProcessingTask.processBook(CLI.java:785)
	at org.audiveris.omr.CLI$CliTask.call(CLI.java:344)
	at org.audiveris.omr.Main.runBatchTasks(Main.java:316)
	at org.audiveris.omr.Main.main(Main.java:155)
	at Audiveris.main(Audiveris.java:49)
2017-10-06 16:14:00,840 INFO [91388220]        ScoreExporter.java:93   | Score 91388220.mvt1 exported to /Users/stephenn/Documents/workspace/nlsomr/xml_out/91386487/91388220/91388220.mvt1.mxl
2017-10-06 16:14:00,843 WARN [91388220]      PartwiseBuilder.java:1379 | Error visiting null
java.lang.NullPointerException: null
	at org.audiveris.omr.score.PartwiseBuilder.processKey(PartwiseBuilder.java:1344)
	at org.audiveris.omr.score.PartwiseBuilder.processKeys(PartwiseBuilder.java:1407)
	at org.audiveris.omr.score.PartwiseBuilder.processMeasure(PartwiseBuilder.java:1575)
	at org.audiveris.omr.score.PartwiseBuilder.processPart(PartwiseBuilder.java:1988)
	at org.audiveris.omr.score.PartwiseBuilder.processSystem(PartwiseBuilder.java:2528)
	at org.audiveris.omr.score.PartwiseBuilder.processLogicalPart(PartwiseBuilder.java:1433)
	at org.audiveris.omr.score.PartwiseBuilder.processStub(PartwiseBuilder.java:2483)
	at org.audiveris.omr.score.PartwiseBuilder.processPartList(PartwiseBuilder.java:2017)
	at org.audiveris.omr.score.PartwiseBuilder.processScore(PartwiseBuilder.java:2195)
	at org.audiveris.omr.score.PartwiseBuilder.build(PartwiseBuilder.java:307)
	at org.audiveris.omr.score.ScoreExporter.export(ScoreExporter.java:117)
	at org.audiveris.omr.score.ScoreExporter.export(ScoreExporter.java:91)
	at org.audiveris.omr.sheet.BasicBook.export(BasicBook.java:589)
	at org.audiveris.omr.CLI$ProcessingTask.processBook(CLI.java:785)
	at org.audiveris.omr.CLI$CliTask.call(CLI.java:344)
	at org.audiveris.omr.Main.runBatchTasks(Main.java:316)
	at org.audiveris.omr.Main.main(Main.java:155)
	at Audiveris.main(Audiveris.java:49)
2017-10-06 16:14:00,860 INFO [91388220]        ScoreExporter.java:93   | Score 91388220.mvt2 exported to /Users/stephenn/Documents/workspace/nlsomr/xml_out/91386487/91388220/91388220.mvt2.mxl
2017-10-06 16:14:00,861 WARN [91388220]      PartwiseBuilder.java:1379 | Error visiting null
java.lang.NullPointerException: null
	at org.audiveris.omr.score.PartwiseBuilder.processKey(PartwiseBuilder.java:1344)
	at org.audiveris.omr.score.PartwiseBuilder.processKeys(PartwiseBuilder.java:1407)
	at org.audiveris.omr.score.PartwiseBuilder.processMeasure(PartwiseBuilder.java:1575)
	at org.audiveris.omr.score.PartwiseBuilder.processPart(PartwiseBuilder.java:1988)
	at org.audiveris.omr.score.PartwiseBuilder.processSystem(PartwiseBuilder.java:2528)
	at org.audiveris.omr.score.PartwiseBuilder.processLogicalPart(PartwiseBuilder.java:1433)
	at org.audiveris.omr.score.PartwiseBuilder.processStub(PartwiseBuilder.java:2483)
	at org.audiveris.omr.score.PartwiseBuilder.processPartList(PartwiseBuilder.java:2017)
	at org.audiveris.omr.score.PartwiseBuilder.processScore(PartwiseBuilder.java:2195)
	at org.audiveris.omr.score.PartwiseBuilder.build(PartwiseBuilder.java:307)
	at org.audiveris.omr.score.ScoreExporter.export(ScoreExporter.java:117)
	at org.audiveris.omr.score.ScoreExporter.export(ScoreExporter.java:91)
	at org.audiveris.omr.sheet.BasicBook.export(BasicBook.java:589)
	at org.audiveris.omr.CLI$ProcessingTask.processBook(CLI.java:785)
	at org.audiveris.omr.CLI$CliTask.call(CLI.java:344)
	at org.audiveris.omr.Main.runBatchTasks(Main.java:316)
	at org.audiveris.omr.Main.main(Main.java:155)
	at Audiveris.main(Audiveris.java:49)
2017-10-06 16:14:00,868 WARN [91388220]      PartwiseBuilder.java:1379 | Error visiting null
java.lang.NullPointerException: null
	at org.audiveris.omr.score.PartwiseBuilder.processKey(PartwiseBuilder.java:1344)
	at org.audiveris.omr.score.PartwiseBuilder.processKeys(PartwiseBuilder.java:1407)
	at org.audiveris.omr.score.PartwiseBuilder.processMeasure(PartwiseBuilder.java:1575)
	at org.audiveris.omr.score.PartwiseBuilder.processPart(PartwiseBuilder.java:1988)
	at org.audiveris.omr.score.PartwiseBuilder.processSystem(PartwiseBuilder.java:2528)
	at org.audiveris.omr.score.PartwiseBuilder.processLogicalPart(PartwiseBuilder.java:1433)
	at org.audiveris.omr.score.PartwiseBuilder.processStub(PartwiseBuilder.java:2483)
	at org.audiveris.omr.score.PartwiseBuilder.processPartList(PartwiseBuilder.java:2017)
	at org.audiveris.omr.score.PartwiseBuilder.processScore(PartwiseBuilder.java:2195)
	at org.audiveris.omr.score.PartwiseBuilder.build(PartwiseBuilder.java:307)
	at org.audiveris.omr.score.ScoreExporter.export(ScoreExporter.java:117)
	at org.audiveris.omr.score.ScoreExporter.export(ScoreExporter.java:91)
	at org.audiveris.omr.sheet.BasicBook.export(BasicBook.java:589)
	at org.audiveris.omr.CLI$ProcessingTask.processBook(CLI.java:785)
	at org.audiveris.omr.CLI$CliTask.call(CLI.java:344)
	at org.audiveris.omr.Main.runBatchTasks(Main.java:316)
	at org.audiveris.omr.Main.main(Main.java:155)
	at Audiveris.main(Audiveris.java:49)
2017-10-06 16:14:00,891 INFO [91388220]        ScoreExporter.java:93   | Score 91388220.mvt3 exported to /Users/stephenn/Documents/workspace/nlsomr/xml_out/91386487/91388220/91388220.mvt3.mxl
2017-10-06 16:14:01,079 INFO [91388220]            BasicBook.java:1395 | Stored /book.xml
2017-10-06 16:14:01,079 INFO [91388220]            BasicBook.java:1355 | Book stored as /Users/stephenn/Documents/workspace/nlsomr/xml_out/91386487/91388220/91388220.omr
