2017-10-06 14:55:17,088 INFO [91387176]            BasicBook.java:427  | 1 sheet in /Users/stephenn/Documents/workspace/nlsomr/working/91387176.jpg
2017-10-06 14:55:17,226 INFO []            BasicBook.java:1395 | Stored /book.xml
2017-10-06 14:55:17,226 INFO []            BasicBook.java:1355 | Book stored as /Users/stephenn/Documents/workspace/nlsomr/xml_out/91386487/91387176/91387176.omr
2017-10-06 14:55:17,232 INFO []            BasicBook.java:996  | Book reaching PAGE on sheets:[#1]
2017-10-06 14:55:17,233 INFO [91387176]       StepMonitoring.java:96   | LOAD
2017-10-06 14:55:17,405 INFO [91387176]            BasicBook.java:911  | Loaded image 1 2000x3056 from /Users/stephenn/Documents/workspace/nlsomr/working/91387176.jpg
2017-10-06 14:55:17,409 INFO [91387176]            ImageUtil.java:82   | Converting max RGB to gray ...
2017-10-06 14:55:17,644 INFO [91387176]            BasicBook.java:1395 | Stored /book.xml
2017-10-06 14:55:17,968 INFO [91387176]           BasicSheet.java:979  | Stored /sheet#1/sheet#1.xml
2017-10-06 14:55:17,970 INFO [91387176]       StepMonitoring.java:96   | BINARY
2017-10-06 14:55:18,546 INFO [91387176]            BasicBook.java:1395 | Stored /book.xml
2017-10-06 14:55:18,877 INFO [91387176]              Picture.java:786  | Stored /sheet#1/BINARY.xml
2017-10-06 14:55:18,879 INFO [91387176]           BasicSheet.java:979  | Stored /sheet#1/sheet#1.xml
2017-10-06 14:55:18,881 INFO [91387176]       StepMonitoring.java:96   | SCALE
2017-10-06 14:55:18,919 INFO [91387176]            ScaleStep.java:87   | Scale{line(3,4,5) interline(16,16,17) beam(13)}
2017-10-06 14:55:18,921 INFO [91387176]            BasicBook.java:1395 | Stored /book.xml
2017-10-06 14:55:18,924 INFO [91387176]           BasicSheet.java:979  | Stored /sheet#1/sheet#1.xml
2017-10-06 14:55:18,926 INFO [91387176]       StepMonitoring.java:96   | GRID
2017-10-06 14:55:19,866 INFO [91387176]       LinesRetriever.java:442  | Global slope: -0.00090
2017-10-06 14:55:19,952 INFO [91387176]    ClustersRetriever.java:241  | Retrieved line clusters: 12 of size: 5 with interline: (16,16,17)
2017-10-06 14:55:20,631 INFO [91387176]            PeakGraph.java:181  | Systems: #1[1, 2] #2[3, 4] #3[5, 6] #4[7, 8] #5[9, 10] #6[11, 12]
2017-10-06 14:55:21,777 INFO [91387176]        SystemManager.java:626  | Indentation detected for system#1
2017-10-06 14:55:21,778 INFO [91387176]        SystemManager.java:626  | Indentation detected for system#5
2017-10-06 14:55:21,779 INFO [91387176]        SystemManager.java:671  | 2 pages found in sheet
2017-10-06 14:55:21,779 INFO [91387176]        SystemManager.java:709  | Page #1: 1 part along 4 systems
2017-10-06 14:55:21,780 INFO [91387176]        SystemManager.java:709  | Page #2: 1 part along 2 systems
2017-10-06 14:55:21,784 INFO [91387176]            BasicBook.java:1395 | Stored /book.xml
2017-10-06 14:55:22,026 INFO [91387176]           BasicSheet.java:979  | Stored /sheet#1/sheet#1.xml
2017-10-06 14:55:22,029 INFO [91387176]       StepMonitoring.java:96   | HEADERS
2017-10-06 14:55:22,448 INFO []          Nd4jBackend.java:194  | Loaded [CpuBackend] backend
2017-10-06 14:55:22,503 INFO []      NativeOpsHolder.java:49   | Number of threads used for NativeOps: 2
2017-10-06 14:55:22,947 INFO [] DefaultOpExecutioner.java:544  | Backend used: [CPU]; OS: [Mac OS X]
2017-10-06 14:55:22,948 INFO [] DefaultOpExecutioner.java:545  | Cores: [4]; Memory: [3.6GB];
2017-10-06 14:55:22,948 INFO [] DefaultOpExecutioner.java:546  | Blas vendor: [OPENBLAS]
2017-10-06 14:55:22,993 INFO []   AbstractClassifier.java:332  | Classifier data loaded from default uri jar:file:/Users/stephenn/Documents/workspace/audiveris/build/distributions/Audiveris/lib/audiveris.jar!/res/basic-classifier.zip
2017-10-06 14:55:24,396 WARN [91387176]          ClefBuilder.java:560  | Staff#2 no header clef.
2017-10-06 14:55:24,845 WARN [91387176]          ClefBuilder.java:560  | Staff#4 no header clef.
2017-10-06 14:55:24,939 INFO [91387176]           KeyBuilder.java:746  | Staff#3 key slice#2 pitch adjusted from -3.8 to -3
2017-10-06 14:55:25,131 WARN [91387176]          ClefBuilder.java:560  | Staff#6 no header clef.
2017-10-06 14:55:25,329 WARN [91387176]          ClefBuilder.java:560  | Staff#8 no header clef.
2017-10-06 14:55:25,700 WARN [91387176]          ClefBuilder.java:560  | Staff#12 no header clef.
2017-10-06 14:55:25,727 INFO [91387176]            BasicBook.java:1395 | Stored /book.xml
2017-10-06 14:55:26,118 INFO []   AbstractClassifier.java:332  | Classifier data loaded from default uri jar:file:/Users/stephenn/Documents/workspace/audiveris/build/distributions/Audiveris/lib/audiveris.jar!/res/deep-classifier.zip
2017-10-06 14:55:26,161 INFO [91387176]           BasicSheet.java:979  | Stored /sheet#1/sheet#1.xml
2017-10-06 14:55:26,163 INFO [91387176]       StepMonitoring.java:96   | STEM_SEEDS
2017-10-06 14:55:26,568 INFO [91387176]        StemSeedsStep.java:91   | stem(4 max:5)
2017-10-06 14:55:26,696 INFO [91387176]            BasicBook.java:1395 | Stored /book.xml
2017-10-06 14:55:27,044 INFO [91387176]           BasicSheet.java:979  | Stored /sheet#1/sheet#1.xml
2017-10-06 14:55:27,048 INFO [91387176]       StepMonitoring.java:96   | BEAMS
2017-10-06 14:55:31,786 INFO [91387176]            BeamsStep.java:89   | BeamDistance{count:22 mean:15.02 stdDev:0.56}
2017-10-06 14:55:31,790 INFO [91387176]            BasicBook.java:1395 | Stored /book.xml
2017-10-06 14:55:31,875 INFO [91387176]              Picture.java:786  | Stored /sheet#1/HEAD_SPOTS.xml
2017-10-06 14:55:32,427 INFO [91387176]           BasicSheet.java:979  | Stored /sheet#1/sheet#1.xml
2017-10-06 14:55:32,430 INFO [91387176]       StepMonitoring.java:96   | LEDGERS
2017-10-06 14:55:32,963 INFO [91387176]            BasicBook.java:1395 | Stored /book.xml
2017-10-06 14:55:33,538 INFO [91387176]           BasicSheet.java:979  | Stored /sheet#1/sheet#1.xml
2017-10-06 14:55:33,540 INFO [91387176]       StepMonitoring.java:96   | HEADS
2017-10-06 14:55:36,631 INFO [91387176]            BasicBook.java:1395 | Stored /book.xml
2017-10-06 14:55:37,600 INFO [91387176]           BasicSheet.java:979  | Stored /sheet#1/sheet#1.xml
2017-10-06 14:55:37,602 INFO [91387176]       StepMonitoring.java:96   | STEMS
2017-10-06 14:55:40,387 INFO [91387176]            BasicBook.java:1395 | Stored /book.xml
2017-10-06 14:55:42,186 INFO [91387176]           BasicSheet.java:979  | Stored /sheet#1/sheet#1.xml
2017-10-06 14:55:42,190 INFO [91387176]       StepMonitoring.java:96   | REDUCTION
2017-10-06 14:55:43,135 INFO [91387176]            BasicBook.java:1395 | Stored /book.xml
2017-10-06 14:55:44,261 INFO [91387176]           BasicSheet.java:979  | Stored /sheet#1/sheet#1.xml
2017-10-06 14:55:44,267 INFO [91387176]       StepMonitoring.java:96   | CUE_BEAMS
2017-10-06 14:55:44,274 INFO [91387176]            BasicBook.java:1395 | Stored /book.xml
2017-10-06 14:55:45,183 INFO [91387176]           BasicSheet.java:979  | Stored /sheet#1/sheet#1.xml
2017-10-06 14:55:45,185 INFO [91387176]       StepMonitoring.java:96   | TEXTS
2017-10-06 14:55:48,110 INFO [91387176]            BasicBook.java:1395 | Stored /book.xml
2017-10-06 14:55:49,034 INFO [91387176]           BasicSheet.java:979  | Stored /sheet#1/sheet#1.xml
2017-10-06 14:55:49,036 INFO [91387176]       StepMonitoring.java:96   | MEASURES
2017-10-06 14:55:49,040 INFO [91387176]                 Page.java:210  | 18 raw measures: [4 in system#1, 5 in system#2, 5 in system#3, 4 in system#4]
2017-10-06 14:55:49,041 INFO [91387176]                 Page.java:210  | 9 raw measures: [5 in system#5, 4 in system#6]
2017-10-06 14:55:49,042 INFO [91387176]            BasicBook.java:1395 | Stored /book.xml
2017-10-06 14:55:49,985 INFO [91387176]           BasicSheet.java:979  | Stored /sheet#1/sheet#1.xml
2017-10-06 14:55:49,988 INFO [91387176]       StepMonitoring.java:96   | CHORDS
2017-10-06 14:55:50,003 INFO [91387176]            BasicBook.java:1395 | Stored /book.xml
2017-10-06 14:55:50,995 INFO [91387176]           BasicSheet.java:979  | Stored /sheet#1/sheet#1.xml
2017-10-06 14:55:50,997 INFO [91387176]       StepMonitoring.java:96   | CURVES
2017-10-06 14:55:52,711 INFO [91387176]         SlursBuilder.java:762  | LEFT collision SlurInter{#7010(0.700)} & SlurInter{#7196(0.325)} @ HeadInter{#2433(0.592/0.825) e#6662 s:1 p:6.00 NOTEHEAD_BLACK}
2017-10-06 14:55:52,713 INFO [91387176]         SlursBuilder.java:762  | LEFT collision SlurInter{#7196(0.325)} & SlurInter{#7010(0.700)} @ HeadInter{#2433(0.592/0.825) e#6662 s:1 p:6.00 NOTEHEAD_BLACK}
2017-10-06 14:55:52,714 INFO [91387176]         SlursBuilder.java:762  | LEFT collision SlurInter{#7005(0.659)} & SlurInter{#7072(0.398)} @ HeadInter{#3775(0.633/0.822) e#6773 s:5 p:6.00 NOTEHEAD_BLACK}
2017-10-06 14:55:52,715 INFO [91387176]         SlursBuilder.java:762  | LEFT collision SlurInter{#7072(0.398)} & SlurInter{#7005(0.659)} @ HeadInter{#3775(0.633/0.822) e#6773 s:5 p:6.00 NOTEHEAD_BLACK}
2017-10-06 14:55:52,717 INFO [91387176]         SlursBuilder.java:157  | Slurs: 46
2017-10-06 14:55:52,808 INFO [91387176]      SegmentsBuilder.java:113  | Segments: 40
2017-10-06 14:55:52,816 INFO [91387176]            BasicBook.java:1395 | Stored /book.xml
2017-10-06 14:55:53,641 INFO [91387176]           BasicSheet.java:979  | Stored /sheet#1/sheet#1.xml
2017-10-06 14:55:53,643 INFO [91387176]       StepMonitoring.java:96   | SYMBOLS
2017-10-06 14:55:56,498 INFO [91387176]       SymbolsBuilder.java:340  | Symbol parts shrunk from 13 to 7
2017-10-06 14:55:57,299 INFO [91387176]       SymbolsBuilder.java:340  | Symbol parts shrunk from 13 to 7
2017-10-06 14:55:57,972 INFO [91387176]            BasicBook.java:1395 | Stored /book.xml
2017-10-06 14:55:59,004 INFO [91387176]           BasicSheet.java:979  | Stored /sheet#1/sheet#1.xml
2017-10-06 14:55:59,006 INFO [91387176]       StepMonitoring.java:96   | LINKS
2017-10-06 14:55:59,081 WARN [91387176]            BasicStub.java:841  | Error in LINKS java.util.concurrent.ExecutionException: java.lang.NullPointerException
java.util.concurrent.ExecutionException: java.lang.NullPointerException
	at java.util.concurrent.FutureTask.report(FutureTask.java:122)
	at java.util.concurrent.FutureTask.get(FutureTask.java:206)
	at org.audiveris.omr.sheet.BasicStub.doOneStep(BasicStub.java:824)
	at org.audiveris.omr.sheet.BasicStub.reachStep(BasicStub.java:564)
	at org.audiveris.omr.sheet.BasicBook.reachBookStep(BasicBook.java:1063)
	at org.audiveris.omr.sheet.BasicBook.transcribe(BasicBook.java:1446)
	at org.audiveris.omr.sheet.BasicBook.export(BasicBook.java:558)
	at org.audiveris.omr.CLI$ProcessingTask.processBook(CLI.java:785)
	at org.audiveris.omr.CLI$CliTask.call(CLI.java:344)
	at org.audiveris.omr.Main.runBatchTasks(Main.java:316)
	at org.audiveris.omr.Main.main(Main.java:155)
	at Audiveris.main(Audiveris.java:49)
Caused by: java.lang.NullPointerException: null
	at java.util.AbstractCollection.addAll(AbstractCollection.java:343)
	at org.audiveris.omr.sig.SIGraph.noSupport(SIGraph.java:1073)
	at org.audiveris.omr.sig.inter.AbstractInter.overlaps(AbstractInter.java:754)
	at org.audiveris.omr.sig.CrossDetector.detectCrossOverlaps(CrossDetector.java:177)
	at org.audiveris.omr.sig.CrossDetector.detect(CrossDetector.java:139)
	at org.audiveris.omr.sig.CrossDetector.process(CrossDetector.java:87)
	at org.audiveris.omr.sheet.symbol.LinksStep.doEpilog(LinksStep.java:102)
	at org.audiveris.omr.sheet.symbol.LinksStep.doEpilog(LinksStep.java:43)
	at org.audiveris.omr.step.AbstractSystemStep.doit(AbstractSystemStep.java:109)
	at org.audiveris.omr.step.Step.doit(Step.java:168)
	at org.audiveris.omr.sheet.BasicStub$3.call(BasicStub.java:814)
	at org.audiveris.omr.sheet.BasicStub$3.call(BasicStub.java:802)
	at java.util.concurrent.FutureTask.run(FutureTask.java:266)
	at java.util.concurrent.ThreadPoolExecutor.runWorker(ThreadPoolExecutor.java:1149)
	at java.util.concurrent.ThreadPoolExecutor$Worker.run(ThreadPoolExecutor.java:624)
	at java.lang.Thread.run(Thread.java:748)
2017-10-06 14:55:59,083 INFO [91387176]            BasicStub.java:846  | Cause java.lang.NullPointerException
2017-10-06 14:55:59,083 INFO [91387176]            BasicStub.java:571  | StepException detected in [LOAD, BINARY, SCALE, GRID, HEADERS, STEM_SEEDS, BEAMS, LEDGERS, HEADS, STEMS, REDUCTION, CUE_BEAMS, TEXTS, MEASURES, CHORDS, CURVES, SYMBOLS, LINKS, RHYTHMS, PAGE]
2017-10-06 14:55:59,087 INFO [91387176]            BasicBook.java:1133 | Scores built: 2
2017-10-06 14:56:00,337 INFO [91387176]        ScoreExporter.java:93   | Score 91387176.mvt1 exported to /Users/stephenn/Documents/workspace/nlsomr/xml_out/91386487/91387176/91387176.mvt1.mxl
2017-10-06 14:56:00,340 INFO [91387176]        ScoreExporter.java:93   | Score 91387176.mvt2 exported to /Users/stephenn/Documents/workspace/nlsomr/xml_out/91386487/91387176/91387176.mvt2.mxl
2017-10-06 14:56:00,642 INFO [91387176]            BasicBook.java:1395 | Stored /book.xml
2017-10-06 14:56:01,711 INFO [91387176]           BasicSheet.java:979  | Stored /sheet#1/sheet#1.xml
2017-10-06 14:56:01,712 INFO [91387176]            BasicBook.java:1355 | Book stored as /Users/stephenn/Documents/workspace/nlsomr/xml_out/91386487/91387176/91387176.omr
