2017-10-06 14:38:26,555 INFO [91386948]            BasicBook.java:427  | 1 sheet in /Users/stephenn/Documents/workspace/nlsomr/working/91386948.jpg
2017-10-06 14:38:26,706 INFO []            BasicBook.java:1395 | Stored /book.xml
2017-10-06 14:38:26,707 INFO []            BasicBook.java:1355 | Book stored as /Users/stephenn/Documents/workspace/nlsomr/xml_out/91386487/91386948/91386948.omr
2017-10-06 14:38:26,712 INFO []            BasicBook.java:996  | Book reaching PAGE on sheets:[#1]
2017-10-06 14:38:26,713 INFO [91386948]       StepMonitoring.java:96   | LOAD
2017-10-06 14:38:26,858 INFO [91386948]            BasicBook.java:911  | Loaded image 1 2000x3056 from /Users/stephenn/Documents/workspace/nlsomr/working/91386948.jpg
2017-10-06 14:38:26,863 INFO [91386948]            ImageUtil.java:82   | Converting max RGB to gray ...
2017-10-06 14:38:27,101 INFO [91386948]            BasicBook.java:1395 | Stored /book.xml
2017-10-06 14:38:27,393 INFO [91386948]           BasicSheet.java:979  | Stored /sheet#1/sheet#1.xml
2017-10-06 14:38:27,396 INFO [91386948]       StepMonitoring.java:96   | BINARY
2017-10-06 14:38:27,999 INFO [91386948]            BasicBook.java:1395 | Stored /book.xml
2017-10-06 14:38:28,316 INFO [91386948]              Picture.java:786  | Stored /sheet#1/BINARY.xml
2017-10-06 14:38:28,318 INFO [91386948]           BasicSheet.java:979  | Stored /sheet#1/sheet#1.xml
2017-10-06 14:38:28,320 INFO [91386948]       StepMonitoring.java:96   | SCALE
2017-10-06 14:38:28,359 INFO [91386948]            ScaleStep.java:87   | Scale{line(2,4,5) interline(16,16,17) beam(12)}
2017-10-06 14:38:28,361 INFO [91386948]            BasicBook.java:1395 | Stored /book.xml
2017-10-06 14:38:28,364 INFO [91386948]           BasicSheet.java:979  | Stored /sheet#1/sheet#1.xml
2017-10-06 14:38:28,367 INFO [91386948]       StepMonitoring.java:96   | GRID
2017-10-06 14:38:29,091 INFO [91386948]       LinesRetriever.java:442  | Global slope: -0.00349
2017-10-06 14:38:29,197 INFO [91386948]    ClustersRetriever.java:241  | Retrieved line clusters: 12 of size: 5 with interline: (16,16,17)
2017-10-06 14:38:29,744 INFO [91386948]            PeakGraph.java:181  | Systems: #1[1, 2] #2[3, 4] #3[5, 6] #4[7, 8] #5[9, 10] #6[11, 12]
2017-10-06 14:38:30,469 INFO [91386948]        SystemManager.java:626  | Indentation detected for system#3
2017-10-06 14:38:30,470 INFO [91386948]        SystemManager.java:671  | 2 pages found in sheet
2017-10-06 14:38:30,470 INFO [91386948]        SystemManager.java:709  | Page #1: 1 part along 2 systems
2017-10-06 14:38:30,471 INFO [91386948]        SystemManager.java:709  | Page #2: 1 part along 4 systems
2017-10-06 14:38:30,475 INFO [91386948]            BasicBook.java:1395 | Stored /book.xml
2017-10-06 14:38:30,684 INFO [91386948]           BasicSheet.java:979  | Stored /sheet#1/sheet#1.xml
2017-10-06 14:38:30,687 INFO [91386948]       StepMonitoring.java:96   | HEADERS
2017-10-06 14:38:31,111 INFO []          Nd4jBackend.java:194  | Loaded [CpuBackend] backend
2017-10-06 14:38:31,169 INFO []      NativeOpsHolder.java:49   | Number of threads used for NativeOps: 2
2017-10-06 14:38:31,591 INFO [] DefaultOpExecutioner.java:544  | Backend used: [CPU]; OS: [Mac OS X]
2017-10-06 14:38:31,591 INFO [] DefaultOpExecutioner.java:545  | Cores: [4]; Memory: [3.6GB];
2017-10-06 14:38:31,591 INFO [] DefaultOpExecutioner.java:546  | Blas vendor: [OPENBLAS]
2017-10-06 14:38:31,626 INFO []   AbstractClassifier.java:332  | Classifier data loaded from default uri jar:file:/Users/stephenn/Documents/workspace/audiveris/build/distributions/Audiveris/lib/audiveris.jar!/res/basic-classifier.zip
2017-10-06 14:38:33,990 WARN [91386948]          ClefBuilder.java:560  | Staff#6 no header clef.
2017-10-06 14:38:34,267 WARN [91386948]          ClefBuilder.java:560  | Staff#8 no header clef.
2017-10-06 14:38:34,670 WARN [91386948]          ClefBuilder.java:560  | Staff#12 no header clef.
2017-10-06 14:38:34,725 INFO [91386948]            BasicBook.java:1395 | Stored /book.xml
2017-10-06 14:38:34,752 INFO []   AbstractClassifier.java:332  | Classifier data loaded from default uri jar:file:/Users/stephenn/Documents/workspace/audiveris/build/distributions/Audiveris/lib/audiveris.jar!/res/deep-classifier.zip
2017-10-06 14:38:35,106 INFO [91386948]           BasicSheet.java:979  | Stored /sheet#1/sheet#1.xml
2017-10-06 14:38:35,109 INFO [91386948]       StepMonitoring.java:96   | STEM_SEEDS
2017-10-06 14:38:35,198 INFO [91386948]        StemSeedsStep.java:91   | stem(3 max:4)
2017-10-06 14:38:35,306 INFO [91386948]            BasicBook.java:1395 | Stored /book.xml
2017-10-06 14:38:35,697 INFO [91386948]           BasicSheet.java:979  | Stored /sheet#1/sheet#1.xml
2017-10-06 14:38:35,699 INFO [91386948]       StepMonitoring.java:96   | BEAMS
2017-10-06 14:38:40,257 INFO [91386948]            BeamsStep.java:89   | BeamDistance{count:4 mean:14.97 stdDev:0.99}
2017-10-06 14:38:40,260 INFO [91386948]            BasicBook.java:1395 | Stored /book.xml
2017-10-06 14:38:40,327 INFO [91386948]              Picture.java:786  | Stored /sheet#1/HEAD_SPOTS.xml
2017-10-06 14:38:40,826 INFO [91386948]           BasicSheet.java:979  | Stored /sheet#1/sheet#1.xml
2017-10-06 14:38:40,828 INFO [91386948]       StepMonitoring.java:96   | LEDGERS
2017-10-06 14:38:41,362 INFO [91386948]            BasicBook.java:1395 | Stored /book.xml
2017-10-06 14:38:41,999 INFO [91386948]           BasicSheet.java:979  | Stored /sheet#1/sheet#1.xml
2017-10-06 14:38:42,001 INFO [91386948]       StepMonitoring.java:96   | HEADS
2017-10-06 14:38:44,388 INFO [91386948]            BasicBook.java:1395 | Stored /book.xml
2017-10-06 14:38:45,553 INFO [91386948]           BasicSheet.java:979  | Stored /sheet#1/sheet#1.xml
2017-10-06 14:38:45,555 INFO [91386948]       StepMonitoring.java:96   | STEMS
2017-10-06 14:38:47,119 INFO [91386948]            BasicBook.java:1395 | Stored /book.xml
2017-10-06 14:38:48,303 INFO [91386948]           BasicSheet.java:979  | Stored /sheet#1/sheet#1.xml
2017-10-06 14:38:48,306 INFO [91386948]       StepMonitoring.java:96   | REDUCTION
2017-10-06 14:38:48,715 INFO [91386948]            BasicBook.java:1395 | Stored /book.xml
2017-10-06 14:38:49,656 INFO [91386948]           BasicSheet.java:979  | Stored /sheet#1/sheet#1.xml
2017-10-06 14:38:49,660 INFO [91386948]       StepMonitoring.java:96   | CUE_BEAMS
2017-10-06 14:38:49,664 INFO [91386948]            BasicBook.java:1395 | Stored /book.xml
2017-10-06 14:38:50,522 INFO [91386948]           BasicSheet.java:979  | Stored /sheet#1/sheet#1.xml
2017-10-06 14:38:50,525 INFO [91386948]       StepMonitoring.java:96   | TEXTS
2017-10-06 14:38:52,265 INFO [91386948]            BasicBook.java:1395 | Stored /book.xml
2017-10-06 14:38:52,808 INFO [91386948]           BasicSheet.java:979  | Stored /sheet#1/sheet#1.xml
2017-10-06 14:38:52,810 INFO [91386948]       StepMonitoring.java:96   | MEASURES
2017-10-06 14:38:52,814 INFO [91386948]                 Page.java:210  | 9 raw measures: [5 in system#1, 4 in system#2]
2017-10-06 14:38:52,814 INFO [91386948]                 Page.java:210  | 17 raw measures: [5 in system#3, 4 in system#4, 4 in system#5, 4 in system#6]
2017-10-06 14:38:52,815 INFO [91386948]            BasicBook.java:1395 | Stored /book.xml
2017-10-06 14:38:53,359 INFO [91386948]           BasicSheet.java:979  | Stored /sheet#1/sheet#1.xml
2017-10-06 14:38:53,361 INFO [91386948]       StepMonitoring.java:96   | CHORDS
2017-10-06 14:38:53,374 INFO [91386948]            BasicBook.java:1395 | Stored /book.xml
2017-10-06 14:38:53,961 INFO [91386948]           BasicSheet.java:979  | Stored /sheet#1/sheet#1.xml
2017-10-06 14:38:53,963 INFO [91386948]       StepMonitoring.java:96   | CURVES
2017-10-06 14:38:55,407 INFO [91386948]         SlursBuilder.java:157  | Slurs: 23
2017-10-06 14:38:55,445 INFO [91386948]      SegmentsBuilder.java:113  | Segments: 22
2017-10-06 14:38:55,455 INFO [91386948]            BasicBook.java:1395 | Stored /book.xml
2017-10-06 14:38:56,373 INFO [91386948]           BasicSheet.java:979  | Stored /sheet#1/sheet#1.xml
2017-10-06 14:38:56,375 INFO [91386948]       StepMonitoring.java:96   | SYMBOLS
2017-10-06 14:38:57,155 INFO [91386948]       SymbolsBuilder.java:340  | Symbol parts shrunk from 8 to 7
2017-10-06 14:38:58,721 INFO [91386948]            BasicBook.java:1395 | Stored /book.xml
2017-10-06 14:38:59,710 INFO [91386948]           BasicSheet.java:979  | Stored /sheet#1/sheet#1.xml
2017-10-06 14:38:59,713 INFO [91386948]       StepMonitoring.java:96   | LINKS
2017-10-06 14:38:59,733 INFO [91386948]        SymbolsLinker.java:323  | No chord above direction SentenceInter{#4430(0.670) s:5 BS-43 Direction} 39
2017-10-06 14:38:59,734 INFO [91386948]        SymbolsLinker.java:306  | No measure stack for direction SentenceInter{#4441(0.586) s:5 39 Direction} J :12".
2017-10-06 14:38:59,772 INFO [91386948]            BasicBook.java:1395 | Stored /book.xml
2017-10-06 14:39:00,803 INFO [91386948]           BasicSheet.java:979  | Stored /sheet#1/sheet#1.xml
2017-10-06 14:39:00,806 INFO [91386948]       StepMonitoring.java:96   | RHYTHMS
2017-10-06 14:39:00,835 INFO [91386948]           PageRhythm.java:314  | Range{1-9} Durations avgGuess:3/4 topGuess:3/4 avgValue:0.77 stacks:9 voices:26 Histogram{1/4-9/8 size:7 [1/4=3 3/8=1 1/2=6 3/4=9 7/8=2 1=2 9/8=3]}
2017-10-06 14:39:00,836 INFO [91386948]           PageRhythm.java:221  | S1 Range{1-9 dur:3/4} should update to 3/4-based time sig?
2017-10-06 14:39:00,839 INFO [91386948]                Voice.java:257  | S1 MeasureStack#2 Voice #1 too long 3/8
2017-10-06 14:39:00,840 INFO [91386948]                Voice.java:257  | S1 MeasureStack#2 Voice #2 too long 3/8
2017-10-06 14:39:00,840 INFO [91386948]                Voice.java:257  | S1 MeasureStack#2 Voice #3 too long 3/8
2017-10-06 14:39:00,841 INFO [91386948]           StackTuner.java:92   | S1 MeasureStack#2 no correct rhythm
2017-10-06 14:39:00,842 INFO [91386948]                Voice.java:257  | S1 MeasureStack#3 Voice #1 too long 1/4
2017-10-06 14:39:00,843 INFO [91386948]                Voice.java:257  | S1 MeasureStack#3 Voice #3 too long 1/4
2017-10-06 14:39:00,843 INFO [91386948]           StackTuner.java:92   | S1 MeasureStack#3 no correct rhythm
2017-10-06 14:39:00,849 INFO [91386948]                Voice.java:257  | S2 MeasureStack#6 Voice #2 too long 1/8
2017-10-06 14:39:00,856 INFO [91386948]                Voice.java:257  | S2 MeasureStack#6 Voice #3 too long 1/8
2017-10-06 14:39:00,856 INFO [91386948]           StackTuner.java:92   | S2 MeasureStack#6 no correct rhythm
2017-10-06 14:39:00,859 INFO [91386948]         SlotsBuilder.java:427  | S2 MeasureStack#8 Slot{#3 xOffset=162 timeOffset=3/8 incomings=[#4533] SUSPICIOUS}
2017-10-06 14:39:00,859 INFO [91386948]         SlotsBuilder.java:427  | S2 MeasureStack#8 Slot{#5 xOffset=285 timeOffset=5/8 incomings=[#4534] SUSPICIOUS}
2017-10-06 14:39:00,860 INFO [91386948]                Voice.java:257  | S2 MeasureStack#8 Voice #3 too long 1/8
2017-10-06 14:39:00,860 INFO [91386948]           StackTuner.java:92   | S2 MeasureStack#8 no correct rhythm
2017-10-06 14:39:00,865 INFO [91386948]         SlotsBuilder.java:399  | Stack#3 suspicious Slot{#5 xOffset=197 timeOffset=3/8 incomings=[#4547]}
2017-10-06 14:39:00,870 INFO [91386948]         SlotsBuilder.java:399  | Stack#7 suspicious Slot{#6 xOffset=315 timeOffset=5/8 incomings=[#4604]}
2017-10-06 14:39:00,876 INFO [91386948]         SlotsBuilder.java:399  | Stack#11 suspicious Slot{#4 xOffset=206 timeOffset=3/8 incomings=[#4624#4640]}
2017-10-06 14:39:00,878 INFO [91386948]         SlotsBuilder.java:399  | Stack#12 suspicious Slot{#4 xOffset=217 timeOffset=3/8 incomings=[#4628]}
2017-10-06 14:39:00,882 INFO [91386948]         SlotsBuilder.java:399  | Stack#13 suspicious Slot{#2 xOffset=113 timeOffset=1/8 incomings=[#4649]}
2017-10-06 14:39:00,887 INFO [91386948]           PageRhythm.java:314  | Range{1-17} Durations avgGuess:3/4 topGuess:3/4 avgValue:0.74 stacks:17 voices:38 Histogram{1/4-3/2 size:10 [1/4=1 3/8=4 7/16=1 1/2=10 5/8=2 3/4=15 13/16=1 9/8=1 11/8=2 3/2=1]}
2017-10-06 14:39:00,888 INFO [91386948]           PageRhythm.java:221  | S3 Range{1-17 dur:3/4} should update to 3/4-based time sig?
2017-10-06 14:39:00,890 INFO [91386948]         SlotsBuilder.java:427  | S3 MeasureStack#2 Slot{#5 xOffset=178 timeOffset=7/16 incomings=[#4562] SUSPICIOUS}
2017-10-06 14:39:00,891 INFO [91386948]         SlotsBuilder.java:427  | S3 MeasureStack#2 Slot{#7 xOffset=222 timeOffset=9/16 incomings=[#4563] SUSPICIOUS}
2017-10-06 14:39:00,891 INFO [91386948]         SlotsBuilder.java:427  | S3 MeasureStack#2 Slot{#9 xOffset=269 timeOffset=11/16 incomings=[#4564] SUSPICIOUS}
2017-10-06 14:39:00,892 INFO [91386948]                Voice.java:257  | S3 MeasureStack#2 Voice #2 too long 1/16
2017-10-06 14:39:00,892 INFO [91386948]           StackTuner.java:92   | S3 MeasureStack#2 no correct rhythm
2017-10-06 14:39:00,893 INFO [91386948]         SlotsBuilder.java:427  | S3 MeasureStack#3 Slot{#7 xOffset=244 timeOffset=1/2 incomings=[#4548] SUSPICIOUS}
2017-10-06 14:39:00,894 INFO [91386948]         SlotsBuilder.java:427  | S3 MeasureStack#3 Slot{#9 xOffset=288 timeOffset=5/8 incomings=[#4549] SUSPICIOUS}
2017-10-06 14:39:00,901 INFO [91386948]                Voice.java:257  | S4 MeasureStack#9 Voice #1 too long 5/8
2017-10-06 14:39:00,901 INFO [91386948]                Voice.java:257  | S4 MeasureStack#9 Voice #2 too long 3/4
2017-10-06 14:39:00,901 INFO [91386948]                Voice.java:257  | S4 MeasureStack#9 Voice #3 too long 5/8
2017-10-06 14:39:00,901 INFO [91386948]                Voice.java:257  | S4 MeasureStack#9 Voice #4 too long 3/8
2017-10-06 14:39:00,902 INFO [91386948]           StackTuner.java:92   | S4 MeasureStack#9 no correct rhythm
2017-10-06 14:39:00,903 INFO [91386948]                Voice.java:257  | S5 MeasureStack#10 Voice #2 too long 1/16
2017-10-06 14:39:00,904 INFO [91386948]           StackTuner.java:92   | S5 MeasureStack#10 no correct rhythm
2017-10-06 14:39:00,905 INFO [91386948]         SlotsBuilder.java:434  | Stack#11 endless loop detected
2017-10-06 14:39:00,906 INFO [91386948]         SlotsBuilder.java:427  | S5 MeasureStack#12 Slot{#6 xOffset=273 timeOffset=1/2 incomings=[#4629] SUSPICIOUS}
2017-10-06 14:39:00,907 INFO [91386948]         SlotsBuilder.java:427  | S5 MeasureStack#12 Slot{#8 xOffset=328 timeOffset=5/8 incomings=[#4630] SUSPICIOUS}
2017-10-06 14:39:00,908 INFO [91386948]         SlotsBuilder.java:434  | Stack#13 endless loop detected
2017-10-06 14:39:00,913 INFO [91386948]            BasicBook.java:1395 | Stored /book.xml
2017-10-06 14:39:01,942 INFO [91386948]           BasicSheet.java:979  | Stored /sheet#1/sheet#1.xml
2017-10-06 14:39:01,945 INFO [91386948]       StepMonitoring.java:96   | PAGE
2017-10-06 14:39:01,949 INFO [91386948]                 Part.java:275  | Could not right-connect slur#4817
2017-10-06 14:39:01,951 INFO [91386948]                Voice.java:257  | S1 MeasureStack#2 Voice #1 too long 3/8
2017-10-06 14:39:01,951 INFO [91386948]                Voice.java:257  | S1 MeasureStack#2 Voice #2 too long 3/8
2017-10-06 14:39:01,951 INFO [91386948]                Voice.java:257  | S1 MeasureStack#2 Voice #3 too long 3/8
2017-10-06 14:39:01,951 INFO [91386948]                Voice.java:257  | S1 MeasureStack#3 Voice #1 too long 1/4
2017-10-06 14:39:01,952 INFO [91386948]                Voice.java:257  | S1 MeasureStack#3 Voice #3 too long 1/4
2017-10-06 14:39:01,952 INFO [91386948]                Voice.java:257  | S2 MeasureStack#6 Voice #2 too long 1/8
2017-10-06 14:39:01,952 INFO [91386948]                Voice.java:257  | S2 MeasureStack#6 Voice #3 too long 1/8
2017-10-06 14:39:01,953 INFO [91386948]                Voice.java:257  | S2 MeasureStack#8 Voice #3 too long 1/8
2017-10-06 14:39:01,953 INFO [91386948]                 Part.java:267  | Could not left-connect slur#4702
2017-10-06 14:39:01,954 INFO [91386948]                 Part.java:275  | Could not right-connect slur#4735
2017-10-06 14:39:01,954 INFO [91386948]                Voice.java:257  | S3 MeasureStack#2 Voice #2 too long 1/16
2017-10-06 14:39:01,955 INFO [91386948]                Voice.java:257  | S4 MeasureStack#9 Voice #1 too long 5/8
2017-10-06 14:39:01,955 INFO [91386948]                Voice.java:257  | S4 MeasureStack#9 Voice #2 too long 3/4
2017-10-06 14:39:01,955 INFO [91386948]                Voice.java:257  | S4 MeasureStack#9 Voice #3 too long 5/8
2017-10-06 14:39:01,956 INFO [91386948]                Voice.java:257  | S4 MeasureStack#9 Voice #4 too long 3/8
2017-10-06 14:39:01,956 INFO [91386948]                Voice.java:257  | S5 MeasureStack#10 Voice #2 too long 1/16
2017-10-06 14:39:01,958 INFO [91386948]            BasicBook.java:1395 | Stored /book.xml
2017-10-06 14:39:03,041 INFO [91386948]           BasicSheet.java:979  | Stored /sheet#1/sheet#1.xml
2017-10-06 14:39:03,043 INFO [91386948]            BasicStub.java:723  | Sheet{91386948} disposed
2017-10-06 14:39:03,968 INFO [91386948]            BasicStub.java:449  | Loaded /sheet#1/sheet#1.xml
2017-10-06 14:39:03,970 INFO [91386948]            BasicBook.java:1133 | Scores built: 2
2017-10-06 14:39:05,020 INFO [91386948]        ScoreExporter.java:93   | Score 91386948.mvt1 exported to /Users/stephenn/Documents/workspace/nlsomr/xml_out/91386487/91386948/91386948.mvt1.mxl
2017-10-06 14:39:05,024 WARN [91386948]      PartwiseBuilder.java:1379 | Error visiting null
java.lang.NullPointerException: null
	at org.audiveris.omr.score.PartwiseBuilder.processKey(PartwiseBuilder.java:1344)
	at org.audiveris.omr.score.PartwiseBuilder.processKeys(PartwiseBuilder.java:1407)
	at org.audiveris.omr.score.PartwiseBuilder.processMeasure(PartwiseBuilder.java:1575)
	at org.audiveris.omr.score.PartwiseBuilder.processPart(PartwiseBuilder.java:1988)
	at org.audiveris.omr.score.PartwiseBuilder.processSystem(PartwiseBuilder.java:2528)
	at org.audiveris.omr.score.PartwiseBuilder.processLogicalPart(PartwiseBuilder.java:1433)
	at org.audiveris.omr.score.PartwiseBuilder.processStub(PartwiseBuilder.java:2483)
	at org.audiveris.omr.score.PartwiseBuilder.processPartList(PartwiseBuilder.java:2017)
	at org.audiveris.omr.score.PartwiseBuilder.processScore(PartwiseBuilder.java:2195)
	at org.audiveris.omr.score.PartwiseBuilder.build(PartwiseBuilder.java:307)
	at org.audiveris.omr.score.ScoreExporter.export(ScoreExporter.java:117)
	at org.audiveris.omr.score.ScoreExporter.export(ScoreExporter.java:91)
	at org.audiveris.omr.sheet.BasicBook.export(BasicBook.java:589)
	at org.audiveris.omr.CLI$ProcessingTask.processBook(CLI.java:785)
	at org.audiveris.omr.CLI$CliTask.call(CLI.java:344)
	at org.audiveris.omr.Main.runBatchTasks(Main.java:316)
	at org.audiveris.omr.Main.main(Main.java:155)
	at Audiveris.main(Audiveris.java:49)
2017-10-06 14:39:05,030 WARN [91386948]      PartwiseBuilder.java:1379 | Error visiting null
java.lang.NullPointerException: null
	at org.audiveris.omr.score.PartwiseBuilder.processKey(PartwiseBuilder.java:1344)
	at org.audiveris.omr.score.PartwiseBuilder.processKeys(PartwiseBuilder.java:1407)
	at org.audiveris.omr.score.PartwiseBuilder.processMeasure(PartwiseBuilder.java:1575)
	at org.audiveris.omr.score.PartwiseBuilder.processPart(PartwiseBuilder.java:1988)
	at org.audiveris.omr.score.PartwiseBuilder.processSystem(PartwiseBuilder.java:2528)
	at org.audiveris.omr.score.PartwiseBuilder.processLogicalPart(PartwiseBuilder.java:1433)
	at org.audiveris.omr.score.PartwiseBuilder.processStub(PartwiseBuilder.java:2483)
	at org.audiveris.omr.score.PartwiseBuilder.processPartList(PartwiseBuilder.java:2017)
	at org.audiveris.omr.score.PartwiseBuilder.processScore(PartwiseBuilder.java:2195)
	at org.audiveris.omr.score.PartwiseBuilder.build(PartwiseBuilder.java:307)
	at org.audiveris.omr.score.ScoreExporter.export(ScoreExporter.java:117)
	at org.audiveris.omr.score.ScoreExporter.export(ScoreExporter.java:91)
	at org.audiveris.omr.sheet.BasicBook.export(BasicBook.java:589)
	at org.audiveris.omr.CLI$ProcessingTask.processBook(CLI.java:785)
	at org.audiveris.omr.CLI$CliTask.call(CLI.java:344)
	at org.audiveris.omr.Main.runBatchTasks(Main.java:316)
	at org.audiveris.omr.Main.main(Main.java:155)
	at Audiveris.main(Audiveris.java:49)
2017-10-06 14:39:05,040 WARN [91386948]      PartwiseBuilder.java:1379 | Error visiting null
java.lang.NullPointerException: null
	at org.audiveris.omr.score.PartwiseBuilder.processKey(PartwiseBuilder.java:1344)
	at org.audiveris.omr.score.PartwiseBuilder.processKeys(PartwiseBuilder.java:1407)
	at org.audiveris.omr.score.PartwiseBuilder.processMeasure(PartwiseBuilder.java:1575)
	at org.audiveris.omr.score.PartwiseBuilder.processPart(PartwiseBuilder.java:1988)
	at org.audiveris.omr.score.PartwiseBuilder.processSystem(PartwiseBuilder.java:2528)
	at org.audiveris.omr.score.PartwiseBuilder.processLogicalPart(PartwiseBuilder.java:1433)
	at org.audiveris.omr.score.PartwiseBuilder.processStub(PartwiseBuilder.java:2483)
	at org.audiveris.omr.score.PartwiseBuilder.processPartList(PartwiseBuilder.java:2017)
	at org.audiveris.omr.score.PartwiseBuilder.processScore(PartwiseBuilder.java:2195)
	at org.audiveris.omr.score.PartwiseBuilder.build(PartwiseBuilder.java:307)
	at org.audiveris.omr.score.ScoreExporter.export(ScoreExporter.java:117)
	at org.audiveris.omr.score.ScoreExporter.export(ScoreExporter.java:91)
	at org.audiveris.omr.sheet.BasicBook.export(BasicBook.java:589)
	at org.audiveris.omr.CLI$ProcessingTask.processBook(CLI.java:785)
	at org.audiveris.omr.CLI$CliTask.call(CLI.java:344)
	at org.audiveris.omr.Main.runBatchTasks(Main.java:316)
	at org.audiveris.omr.Main.main(Main.java:155)
	at Audiveris.main(Audiveris.java:49)
2017-10-06 14:39:05,068 INFO [91386948]        ScoreExporter.java:93   | Score 91386948.mvt2 exported to /Users/stephenn/Documents/workspace/nlsomr/xml_out/91386487/91386948/91386948.mvt2.mxl
2017-10-06 14:39:05,216 INFO [91386948]            BasicBook.java:1395 | Stored /book.xml
2017-10-06 14:39:05,217 INFO [91386948]            BasicBook.java:1355 | Book stored as /Users/stephenn/Documents/workspace/nlsomr/xml_out/91386487/91386948/91386948.omr
