2017-10-06 15:09:21,252 INFO [91387368]            BasicBook.java:427  | 1 sheet in /Users/stephenn/Documents/workspace/nlsomr/working/91387368.jpg
2017-10-06 15:09:21,404 INFO []            BasicBook.java:1395 | Stored /book.xml
2017-10-06 15:09:21,404 INFO []            BasicBook.java:1355 | Book stored as /Users/stephenn/Documents/workspace/nlsomr/xml_out/91386487/91387368/91387368.omr
2017-10-06 15:09:21,410 INFO []            BasicBook.java:996  | Book reaching PAGE on sheets:[#1]
2017-10-06 15:09:21,411 INFO [91387368]       StepMonitoring.java:96   | LOAD
2017-10-06 15:09:21,566 INFO [91387368]            BasicBook.java:911  | Loaded image 1 2000x3056 from /Users/stephenn/Documents/workspace/nlsomr/working/91387368.jpg
2017-10-06 15:09:21,569 INFO [91387368]            ImageUtil.java:82   | Converting max RGB to gray ...
2017-10-06 15:09:21,812 INFO [91387368]            BasicBook.java:1395 | Stored /book.xml
2017-10-06 15:09:22,146 INFO [91387368]           BasicSheet.java:979  | Stored /sheet#1/sheet#1.xml
2017-10-06 15:09:22,148 INFO [91387368]       StepMonitoring.java:96   | BINARY
2017-10-06 15:09:22,757 INFO [91387368]            BasicBook.java:1395 | Stored /book.xml
2017-10-06 15:09:23,036 INFO [91387368]              Picture.java:786  | Stored /sheet#1/BINARY.xml
2017-10-06 15:09:23,037 INFO [91387368]           BasicSheet.java:979  | Stored /sheet#1/sheet#1.xml
2017-10-06 15:09:23,043 INFO [91387368]       StepMonitoring.java:96   | SCALE
2017-10-06 15:09:23,080 INFO [91387368]            ScaleStep.java:87   | Scale{line(3,4,5) interline(16,16,17) beam(13)}
2017-10-06 15:09:23,082 INFO [91387368]            BasicBook.java:1395 | Stored /book.xml
2017-10-06 15:09:23,084 INFO [91387368]           BasicSheet.java:979  | Stored /sheet#1/sheet#1.xml
2017-10-06 15:09:23,086 INFO [91387368]       StepMonitoring.java:96   | GRID
2017-10-06 15:09:23,878 INFO [91387368]       LinesRetriever.java:442  | Global slope: 0.00026
2017-10-06 15:09:23,958 INFO [91387368]    ClustersRetriever.java:241  | Retrieved line clusters: 10 of size: 5 with interline: (16,16,17)
2017-10-06 15:09:24,569 INFO [91387368]            PeakGraph.java:181  | Systems: #1[1, 2] #2[3, 4] #3[5, 6] #4[7, 8] #5[9, 10]
2017-10-06 15:09:25,417 INFO [91387368]        SystemManager.java:626  | Indentation detected for system#1
2017-10-06 15:09:25,417 INFO [91387368]        SystemManager.java:626  | Indentation detected for system#3
2017-10-06 15:09:25,418 INFO [91387368]        SystemManager.java:671  | 2 pages found in sheet
2017-10-06 15:09:25,419 INFO [91387368]        SystemManager.java:709  | Page #1: 1 part along 2 systems
2017-10-06 15:09:25,419 INFO [91387368]        SystemManager.java:709  | Page #2: 1 part along 3 systems
2017-10-06 15:09:25,423 INFO [91387368]            BasicBook.java:1395 | Stored /book.xml
2017-10-06 15:09:25,634 INFO [91387368]           BasicSheet.java:979  | Stored /sheet#1/sheet#1.xml
2017-10-06 15:09:25,642 INFO [91387368]       StepMonitoring.java:96   | HEADERS
2017-10-06 15:09:26,064 INFO []          Nd4jBackend.java:194  | Loaded [CpuBackend] backend
2017-10-06 15:09:26,126 INFO []      NativeOpsHolder.java:49   | Number of threads used for NativeOps: 2
2017-10-06 15:09:26,584 INFO [] DefaultOpExecutioner.java:544  | Backend used: [CPU]; OS: [Mac OS X]
2017-10-06 15:09:26,584 INFO [] DefaultOpExecutioner.java:545  | Cores: [4]; Memory: [3.6GB];
2017-10-06 15:09:26,585 INFO [] DefaultOpExecutioner.java:546  | Blas vendor: [OPENBLAS]
2017-10-06 15:09:26,622 INFO []   AbstractClassifier.java:332  | Classifier data loaded from default uri jar:file:/Users/stephenn/Documents/workspace/audiveris/build/distributions/Audiveris/lib/audiveris.jar!/res/basic-classifier.zip
2017-10-06 15:09:28,110 WARN [91387368]          ClefBuilder.java:560  | Staff#2 no header clef.
2017-10-06 15:09:28,449 WARN [91387368]          ClefBuilder.java:560  | Staff#4 no header clef.
2017-10-06 15:09:28,536 INFO [91387368]           KeyBuilder.java:746  | Staff#3 key slice#1 pitch adjusted from 0.5 to 0
2017-10-06 15:09:28,636 WARN [91387368]          ClefBuilder.java:560  | Staff#6 no header clef.
2017-10-06 15:09:28,968 WARN [91387368]          ClefBuilder.java:560  | Staff#8 no header clef.
2017-10-06 15:09:29,168 INFO [91387368]            BasicBook.java:1395 | Stored /book.xml
2017-10-06 15:09:29,472 INFO [91387368]           BasicSheet.java:979  | Stored /sheet#1/sheet#1.xml
2017-10-06 15:09:29,475 INFO [91387368]       StepMonitoring.java:96   | STEM_SEEDS
2017-10-06 15:09:29,591 INFO [91387368]        StemSeedsStep.java:91   | stem(4 max:5)
2017-10-06 15:09:29,711 INFO [91387368]            BasicBook.java:1395 | Stored /book.xml
2017-10-06 15:09:29,897 INFO []   AbstractClassifier.java:332  | Classifier data loaded from default uri jar:file:/Users/stephenn/Documents/workspace/audiveris/build/distributions/Audiveris/lib/audiveris.jar!/res/deep-classifier.zip
2017-10-06 15:09:30,231 INFO [91387368]           BasicSheet.java:979  | Stored /sheet#1/sheet#1.xml
2017-10-06 15:09:30,234 INFO [91387368]       StepMonitoring.java:96   | BEAMS
2017-10-06 15:09:35,111 INFO [91387368]            BeamsStep.java:89   | BeamDistance{count:1 mean:16.28}
2017-10-06 15:09:35,114 INFO [91387368]            BasicBook.java:1395 | Stored /book.xml
2017-10-06 15:09:35,180 INFO [91387368]              Picture.java:786  | Stored /sheet#1/HEAD_SPOTS.xml
2017-10-06 15:09:35,537 INFO [91387368]           BasicSheet.java:979  | Stored /sheet#1/sheet#1.xml
2017-10-06 15:09:35,543 INFO [91387368]       StepMonitoring.java:96   | LEDGERS
2017-10-06 15:09:36,201 INFO [91387368]            BasicBook.java:1395 | Stored /book.xml
2017-10-06 15:09:36,626 INFO [91387368]           BasicSheet.java:979  | Stored /sheet#1/sheet#1.xml
2017-10-06 15:09:36,629 INFO [91387368]       StepMonitoring.java:96   | HEADS
2017-10-06 15:09:38,915 INFO [91387368]            BasicBook.java:1395 | Stored /book.xml
2017-10-06 15:09:39,698 INFO [91387368]           BasicSheet.java:979  | Stored /sheet#1/sheet#1.xml
2017-10-06 15:09:39,701 INFO [91387368]       StepMonitoring.java:96   | STEMS
2017-10-06 15:09:41,555 INFO [91387368]            BasicBook.java:1395 | Stored /book.xml
2017-10-06 15:09:42,548 INFO [91387368]           BasicSheet.java:979  | Stored /sheet#1/sheet#1.xml
2017-10-06 15:09:42,550 INFO [91387368]       StepMonitoring.java:96   | REDUCTION
2017-10-06 15:09:42,987 INFO [91387368]            BasicBook.java:1395 | Stored /book.xml
2017-10-06 15:09:43,675 INFO [91387368]           BasicSheet.java:979  | Stored /sheet#1/sheet#1.xml
2017-10-06 15:09:43,678 INFO [91387368]       StepMonitoring.java:96   | CUE_BEAMS
2017-10-06 15:09:43,693 INFO [91387368]            BasicBook.java:1395 | Stored /book.xml
2017-10-06 15:09:44,365 INFO [91387368]           BasicSheet.java:979  | Stored /sheet#1/sheet#1.xml
2017-10-06 15:09:44,368 INFO [91387368]       StepMonitoring.java:96   | TEXTS
2017-10-06 15:09:46,421 INFO [91387368]            BasicBook.java:1395 | Stored /book.xml
2017-10-06 15:09:47,203 INFO [91387368]           BasicSheet.java:979  | Stored /sheet#1/sheet#1.xml
2017-10-06 15:09:47,205 INFO [91387368]       StepMonitoring.java:96   | MEASURES
2017-10-06 15:09:47,209 INFO [91387368]                 Page.java:210  | 9 raw measures: [4 in system#1, 5 in system#2]
2017-10-06 15:09:47,210 INFO [91387368]                 Page.java:210  | 12 raw measures: [3 in system#3, 5 in system#4, 4 in system#5]
2017-10-06 15:09:47,211 INFO [91387368]            BasicBook.java:1395 | Stored /book.xml
2017-10-06 15:09:47,929 INFO [91387368]           BasicSheet.java:979  | Stored /sheet#1/sheet#1.xml
2017-10-06 15:09:47,931 INFO [91387368]       StepMonitoring.java:96   | CHORDS
2017-10-06 15:09:47,949 INFO [91387368]            BasicBook.java:1395 | Stored /book.xml
2017-10-06 15:09:48,723 INFO [91387368]           BasicSheet.java:979  | Stored /sheet#1/sheet#1.xml
2017-10-06 15:09:48,725 INFO [91387368]       StepMonitoring.java:96   | CURVES
2017-10-06 15:09:50,177 INFO [91387368]         SlursBuilder.java:157  | Slurs: 15
2017-10-06 15:09:50,221 INFO [91387368]      SegmentsBuilder.java:113  | Segments: 22
2017-10-06 15:09:50,229 INFO [91387368]            BasicBook.java:1395 | Stored /book.xml
2017-10-06 15:09:51,192 INFO [91387368]           BasicSheet.java:979  | Stored /sheet#1/sheet#1.xml
2017-10-06 15:09:51,195 INFO [91387368]       StepMonitoring.java:96   | SYMBOLS
2017-10-06 15:09:54,500 INFO [91387368]            BasicBook.java:1395 | Stored /book.xml
2017-10-06 15:09:55,829 INFO [91387368]           BasicSheet.java:979  | Stored /sheet#1/sheet#1.xml
2017-10-06 15:09:55,832 INFO [91387368]       StepMonitoring.java:96   | LINKS
2017-10-06 15:09:55,866 INFO [91387368]        SymbolsLinker.java:323  | No chord above direction SentenceInter{#5118(0.692) s:5 S-43 Direction} 95
2017-10-06 15:09:55,867 INFO [91387368]        SymbolsLinker.java:306  | No measure stack for direction SentenceInter{#5124(0.578) s:5 BS-42 Direction} l: 100.
2017-10-06 15:09:55,883 INFO [91387368]            BasicBook.java:1395 | Stored /book.xml
2017-10-06 15:09:57,218 INFO [91387368]           BasicSheet.java:979  | Stored /sheet#1/sheet#1.xml
2017-10-06 15:09:57,221 INFO [91387368]       StepMonitoring.java:96   | RHYTHMS
2017-10-06 15:09:57,258 INFO [91387368]         SlotsBuilder.java:399  | Stack#8 suspicious Slot{#2 xOffset=86 timeOffset=1/8 incomings=[#5242]}
2017-10-06 15:09:57,264 INFO [91387368]           PageRhythm.java:314  | Range{1-9} Durations avgGuess:3/4 topGuess:1/2 avgValue:0.68 stacks:9 voices:30 Histogram{1/8-5/4 size:10 [1/8=1 1/4=2 3/8=3 1/2=9 5/8=4 11/16=2 3/4=4 7/8=3 1=1 5/4=1]}
2017-10-06 15:09:57,265 INFO [91387368]           PageRhythm.java:221  | S1 Range{1-9 dur:3/4} should update to 3/4-based time sig?
2017-10-06 15:09:57,266 INFO [91387368]                Voice.java:257  | S1 MeasureStack#1 Voice #1 too long 1/2
2017-10-06 15:09:57,267 INFO [91387368]           StackTuner.java:92   | S1 MeasureStack#1 no correct rhythm
2017-10-06 15:09:57,269 INFO [91387368]                Voice.java:257  | S1 MeasureStack#2 Voice #3 too long 1/8
2017-10-06 15:09:57,269 INFO [91387368]           StackTuner.java:92   | S1 MeasureStack#2 no correct rhythm
2017-10-06 15:09:57,272 INFO [91387368]                Voice.java:257  | S1 MeasureStack#3 Voice #2 too long 1/8
2017-10-06 15:09:57,272 INFO [91387368]                Voice.java:257  | S1 MeasureStack#3 Voice #4 too long 1/4
2017-10-06 15:09:57,273 INFO [91387368]           StackTuner.java:92   | S1 MeasureStack#3 no correct rhythm
2017-10-06 15:09:57,275 INFO [91387368]         SlotsBuilder.java:427  | S1 MeasureStack#4 Slot{#5 xOffset=216 timeOffset=1/2 incomings=[#5177] SUSPICIOUS}
2017-10-06 15:09:57,276 INFO [91387368]         SlotsBuilder.java:427  | S1 MeasureStack#4 Slot{#8 xOffset=355 timeOffset=3/4 incomings=[#5178] SUSPICIOUS}
2017-10-06 15:09:57,276 INFO [91387368]                Voice.java:257  | S1 MeasureStack#4 Voice #3 too long 3/8
2017-10-06 15:09:57,277 INFO [91387368]           StackTuner.java:92   | S1 MeasureStack#4 no correct rhythm
2017-10-06 15:09:57,279 INFO [91387368]                Voice.java:257  | S2 MeasureStack#5 Voice #4 too long 1/8
2017-10-06 15:09:57,280 INFO [91387368]           StackTuner.java:92   | S2 MeasureStack#5 no correct rhythm
2017-10-06 15:09:57,282 INFO [91387368]         SlotsBuilder.java:427  | S2 MeasureStack#6 Slot{#4 xOffset=112 timeOffset=3/8 incomings=[#5231] SUSPICIOUS}
2017-10-06 15:09:57,283 INFO [91387368]         SlotsBuilder.java:427  | S2 MeasureStack#6 Slot{#6 xOffset=152 timeOffset=5/8 incomings=[#5232] SUSPICIOUS}
2017-10-06 15:09:57,284 INFO [91387368]         SlotsBuilder.java:427  | S2 MeasureStack#6 Slot{#9 xOffset=232 timeOffset=7/8 incomings=[#5233] SUSPICIOUS}
2017-10-06 15:09:57,284 INFO [91387368]                Voice.java:257  | S2 MeasureStack#6 Voice #1 too long 1/4
2017-10-06 15:09:57,284 INFO [91387368]                Voice.java:257  | S2 MeasureStack#6 Voice #2 too long 1/8
2017-10-06 15:09:57,284 INFO [91387368]                Voice.java:257  | S2 MeasureStack#6 Voice #3 too long 3/8
2017-10-06 15:09:57,285 INFO [91387368]           StackTuner.java:92   | S2 MeasureStack#6 no correct rhythm
2017-10-06 15:09:57,288 INFO [91387368]         SlotsBuilder.java:427  | S2 MeasureStack#7 Slot{#7 xOffset=256 timeOffset=11/16 incomings=[#5239] SUSPICIOUS}
2017-10-06 15:09:57,289 INFO [91387368]                Voice.java:257  | S2 MeasureStack#7 Voice #3 too long 1/16
2017-10-06 15:09:57,289 INFO [91387368]           StackTuner.java:92   | S2 MeasureStack#7 no correct rhythm
2017-10-06 15:09:57,291 INFO [91387368]         SlotsBuilder.java:427  | S2 MeasureStack#8 Slot{#4 xOffset=121 timeOffset=1/4 incomings=[#5243] SUSPICIOUS}
2017-10-06 15:09:57,292 INFO [91387368]         SlotsBuilder.java:427  | S2 MeasureStack#8 Slot{#8 xOffset=259 timeOffset=5/8 incomings=[#5246#5247] SUSPICIOUS}
2017-10-06 15:09:57,293 INFO [91387368]                Voice.java:257  | S2 MeasureStack#8 Voice #1 too long 1/24
2017-10-06 15:09:57,293 INFO [91387368]                Voice.java:257  | S2 MeasureStack#8 Voice #4 too long 1/8
2017-10-06 15:09:57,295 INFO [91387368]                Voice.java:257  | S2 MeasureStack#8 Voice #5 too long 1/8
2017-10-06 15:09:57,295 INFO [91387368]           StackTuner.java:92   | S2 MeasureStack#8 no correct rhythm
2017-10-06 15:09:57,297 INFO [91387368]         SlotsBuilder.java:427  | S2 MeasureStack#9 Slot{#5 xOffset=177 timeOffset=1/2 incomings=[#5251#5252] SUSPICIOUS}
2017-10-06 15:09:57,312 INFO [91387368]           PageRhythm.java:314  | Range{1-12 ts:6/8} Durations avgGuess:3/4 topGuess:1/2 avgValue:0.72 stacks:12 voices:28 Histogram{3/8-1 size:10 [3/8=1 1/2=6 9/16=2 5/8=3 11/16=1 3/4=5 13/16=4 7/8=1 15/16=4 1=1]}
2017-10-06 15:09:57,314 INFO [91387368]                Voice.java:257  | S3 MeasureStack#1 Voice #2 too long 1/4
2017-10-06 15:09:57,314 INFO [91387368]                Voice.java:257  | S3 MeasureStack#1 Voice #3 too long 1/8
2017-10-06 15:09:57,314 INFO [91387368]           StackTuner.java:92   | S3 MeasureStack#1 no correct rhythm
2017-10-06 15:09:57,316 INFO [91387368]                Voice.java:257  | S3 MeasureStack#2 Voice #1 too long 3/16
2017-10-06 15:09:57,316 INFO [91387368]                Voice.java:257  | S3 MeasureStack#2 Voice #2 too long 1/16
2017-10-06 15:09:57,316 INFO [91387368]           StackTuner.java:92   | S3 MeasureStack#2 no correct rhythm
2017-10-06 15:09:57,317 INFO [91387368]         SlotsBuilder.java:427  | S3 MeasureStack#3 Slot{#7 xOffset=375 timeOffset=3/4 incomings=[#5279] SUSPICIOUS}
2017-10-06 15:09:57,318 INFO [91387368]                Voice.java:257  | S3 MeasureStack#3 Voice #1 too long 3/16
2017-10-06 15:09:57,318 INFO [91387368]                Voice.java:257  | S3 MeasureStack#3 Voice #2 too long 1/8
2017-10-06 15:09:57,318 INFO [91387368]           StackTuner.java:92   | S3 MeasureStack#3 no correct rhythm
2017-10-06 15:09:57,321 INFO [91387368]                Voice.java:257  | S4 MeasureStack#6 Voice #2 too long 3/16
2017-10-06 15:09:57,321 INFO [91387368]                Voice.java:257  | S4 MeasureStack#6 Voice #3 too long 1/16
2017-10-06 15:09:57,322 INFO [91387368]           StackTuner.java:92   | S4 MeasureStack#6 no correct rhythm
2017-10-06 15:09:57,323 INFO [91387368]                Voice.java:257  | S4 MeasureStack#7 Voice #1 too long 3/16
2017-10-06 15:09:57,323 INFO [91387368]                Voice.java:257  | S4 MeasureStack#7 Voice #3 too long 1/16
2017-10-06 15:09:57,324 INFO [91387368]           StackTuner.java:92   | S4 MeasureStack#7 no correct rhythm
2017-10-06 15:09:57,324 INFO [91387368]         SlotsBuilder.java:427  | S4 MeasureStack#8 Slot{#3 xOffset=140 timeOffset=3/8 incomings=[#5299] SUSPICIOUS}
2017-10-06 15:09:57,326 INFO [91387368]         SlotsBuilder.java:427  | S5 MeasureStack#9 Slot{#5 xOffset=358 timeOffset=1/2 incomings=[#5322] SUSPICIOUS}
2017-10-06 15:09:57,327 INFO [91387368]         SlotsBuilder.java:427  | S5 MeasureStack#9 Slot{#8 xOffset=472 timeOffset=3/4 incomings=[#5323] SUSPICIOUS}
2017-10-06 15:09:57,328 INFO [91387368]                Voice.java:257  | S5 MeasureStack#9 Voice #1 too long 1/4
2017-10-06 15:09:57,328 INFO [91387368]           StackTuner.java:92   | S5 MeasureStack#9 no correct rhythm
2017-10-06 15:09:57,330 INFO [91387368]         SlotsBuilder.java:427  | S5 MeasureStack#11 Slot{#8 xOffset=336 timeOffset=3/4 incomings=[#5329] SUSPICIOUS}
2017-10-06 15:09:57,332 INFO [91387368]                Voice.java:257  | S5 MeasureStack#11 Voice #1 too long 1/4
2017-10-06 15:09:57,332 INFO [91387368]                Voice.java:257  | S5 MeasureStack#11 Voice #2 too long 1/16
2017-10-06 15:09:57,332 INFO [91387368]           StackTuner.java:92   | S5 MeasureStack#11 no correct rhythm
2017-10-06 15:09:57,333 INFO [91387368]         SlotsBuilder.java:427  | S5 MeasureStack#12 Slot{#5 xOffset=223 timeOffset=1/2 incomings=[#5332] SUSPICIOUS}
2017-10-06 15:09:57,334 INFO [91387368]         SlotsBuilder.java:427  | S5 MeasureStack#12 Slot{#8 xOffset=335 timeOffset=3/4 incomings=[#5333] SUSPICIOUS}
2017-10-06 15:09:57,334 INFO [91387368]                Voice.java:257  | S5 MeasureStack#12 Voice #1 too long 1/4
2017-10-06 15:09:57,334 INFO [91387368]                Voice.java:257  | S5 MeasureStack#12 Voice #2 too long 1/16
2017-10-06 15:09:57,335 INFO [91387368]           StackTuner.java:92   | S5 MeasureStack#12 no correct rhythm
2017-10-06 15:09:57,342 INFO [91387368]            BasicBook.java:1395 | Stored /book.xml
2017-10-06 15:09:58,697 INFO [91387368]           BasicSheet.java:979  | Stored /sheet#1/sheet#1.xml
2017-10-06 15:09:58,700 INFO [91387368]       StepMonitoring.java:96   | PAGE
2017-10-06 15:09:58,703 INFO [91387368]                 Part.java:267  | Could not left-connect slur#5373
2017-10-06 15:09:58,704 INFO [91387368]                Voice.java:257  | S1 MeasureStack#1 Voice #1 too long 1/2
2017-10-06 15:09:58,704 INFO [91387368]                Voice.java:257  | S1 MeasureStack#2 Voice #3 too long 1/8
2017-10-06 15:09:58,704 INFO [91387368]                Voice.java:257  | S1 MeasureStack#3 Voice #2 too long 1/8
2017-10-06 15:09:58,705 INFO [91387368]                Voice.java:257  | S1 MeasureStack#3 Voice #4 too long 1/4
2017-10-06 15:09:58,705 INFO [91387368]                Voice.java:257  | S1 MeasureStack#4 Voice #3 too long 3/8
2017-10-06 15:09:58,705 INFO [91387368]                Voice.java:257  | S2 MeasureStack#5 Voice #4 too long 1/8
2017-10-06 15:09:58,705 INFO [91387368]                Voice.java:257  | S2 MeasureStack#6 Voice #1 too long 1/4
2017-10-06 15:09:58,705 INFO [91387368]                Voice.java:257  | S2 MeasureStack#6 Voice #2 too long 1/8
2017-10-06 15:09:58,706 INFO [91387368]                Voice.java:257  | S2 MeasureStack#6 Voice #3 too long 3/8
2017-10-06 15:09:58,706 INFO [91387368]                Voice.java:257  | S2 MeasureStack#7 Voice #3 too long 1/16
2017-10-06 15:09:58,706 INFO [91387368]                Voice.java:257  | S2 MeasureStack#8 Voice #1 too long 1/24
2017-10-06 15:09:58,706 INFO [91387368]                Voice.java:257  | S2 MeasureStack#8 Voice #4 too long 1/8
2017-10-06 15:09:58,706 INFO [91387368]                Voice.java:257  | S2 MeasureStack#8 Voice #5 too long 1/8
2017-10-06 15:09:58,707 INFO [91387368]                Voice.java:257  | S3 MeasureStack#1 Voice #2 too long 1/4
2017-10-06 15:09:58,707 INFO [91387368]                Voice.java:257  | S3 MeasureStack#1 Voice #3 too long 1/8
2017-10-06 15:09:58,707 INFO [91387368]                Voice.java:257  | S3 MeasureStack#2 Voice #1 too long 3/16
2017-10-06 15:09:58,708 INFO [91387368]                Voice.java:257  | S3 MeasureStack#2 Voice #2 too long 1/16
2017-10-06 15:09:58,708 INFO [91387368]                Voice.java:257  | S3 MeasureStack#3 Voice #1 too long 3/16
2017-10-06 15:09:58,708 INFO [91387368]                Voice.java:257  | S3 MeasureStack#3 Voice #2 too long 1/8
2017-10-06 15:09:58,708 INFO [91387368]                Voice.java:257  | S4 MeasureStack#6 Voice #2 too long 3/16
2017-10-06 15:09:58,709 INFO [91387368]                Voice.java:257  | S4 MeasureStack#6 Voice #3 too long 1/16
2017-10-06 15:09:58,709 INFO [91387368]                Voice.java:257  | S4 MeasureStack#7 Voice #1 too long 3/16
2017-10-06 15:09:58,709 INFO [91387368]                Voice.java:257  | S4 MeasureStack#7 Voice #3 too long 1/16
2017-10-06 15:09:58,709 INFO [91387368]                Voice.java:257  | S5 MeasureStack#9 Voice #1 too long 1/4
2017-10-06 15:09:58,710 INFO [91387368]                Voice.java:257  | S5 MeasureStack#11 Voice #1 too long 1/4
2017-10-06 15:09:58,710 INFO [91387368]                Voice.java:257  | S5 MeasureStack#11 Voice #2 too long 1/16
2017-10-06 15:09:58,710 INFO [91387368]                Voice.java:257  | S5 MeasureStack#12 Voice #1 too long 1/4
2017-10-06 15:09:58,711 INFO [91387368]                Voice.java:257  | S5 MeasureStack#12 Voice #2 too long 1/16
2017-10-06 15:09:58,713 INFO [91387368]            BasicBook.java:1395 | Stored /book.xml
2017-10-06 15:10:00,019 INFO [91387368]           BasicSheet.java:979  | Stored /sheet#1/sheet#1.xml
2017-10-06 15:10:00,021 INFO [91387368]            BasicStub.java:723  | Sheet{91387368} disposed
2017-10-06 15:10:01,099 WARN [91387368]              SIGraph.java:192  | Error in class org.audiveris.omr.sig.SIGraph afterReload() java.lang.ClassCastException: org.audiveris.omr.sig.inter.SmallChordInter cannot be cast to org.audiveris.omr.sig.inter.HeadChordInter
java.lang.ClassCastException: org.audiveris.omr.sig.inter.SmallChordInter cannot be cast to org.audiveris.omr.sig.inter.HeadChordInter
	at org.audiveris.omr.sig.inter.ArticulationInter.getStaff(ArticulationInter.java:102)
	at org.audiveris.omr.sheet.Staff$StaffHolder.checkStaffHolder(Staff.java:1804)
	at org.audiveris.omr.sig.SIGraph.afterReload(SIGraph.java:189)
	at org.audiveris.omr.sheet.SystemInfo.afterReload(SystemInfo.java:257)
	at org.audiveris.omr.sheet.BasicSheet.afterReload(BasicSheet.java:327)
	at org.audiveris.omr.sheet.BasicStub.getSheet(BasicStub.java:448)
	at org.audiveris.omr.sheet.BasicStub.getSheet(BasicStub.java:86)
	at org.audiveris.omr.score.Score.getPage(Score.java:608)
	at org.audiveris.omr.score.Score.getPages(Score.java:380)
	at org.audiveris.omr.score.ScoreReduction.<init>(ScoreReduction.java:94)
	at org.audiveris.omr.sheet.BasicBook.reduceScores(BasicBook.java:1109)
	at org.audiveris.omr.sheet.BasicBook.transcribe(BasicBook.java:1448)
	at org.audiveris.omr.sheet.BasicBook.export(BasicBook.java:558)
	at org.audiveris.omr.CLI$ProcessingTask.processBook(CLI.java:785)
	at org.audiveris.omr.CLI$CliTask.call(CLI.java:344)
	at org.audiveris.omr.Main.runBatchTasks(Main.java:316)
	at org.audiveris.omr.Main.main(Main.java:155)
	at Audiveris.main(Audiveris.java:49)
2017-10-06 15:10:01,107 INFO [91387368]            BasicStub.java:449  | Loaded /sheet#1/sheet#1.xml
2017-10-06 15:10:01,109 INFO [91387368]            BasicBook.java:1133 | Scores built: 2
2017-10-06 15:10:02,175 WARN [91387368]      PartwiseBuilder.java:1379 | Error visiting null
java.lang.NullPointerException: null
	at org.audiveris.omr.score.PartwiseBuilder.processKey(PartwiseBuilder.java:1344)
	at org.audiveris.omr.score.PartwiseBuilder.processKeys(PartwiseBuilder.java:1407)
	at org.audiveris.omr.score.PartwiseBuilder.processMeasure(PartwiseBuilder.java:1575)
	at org.audiveris.omr.score.PartwiseBuilder.processPart(PartwiseBuilder.java:1988)
	at org.audiveris.omr.score.PartwiseBuilder.processSystem(PartwiseBuilder.java:2528)
	at org.audiveris.omr.score.PartwiseBuilder.processLogicalPart(PartwiseBuilder.java:1433)
	at org.audiveris.omr.score.PartwiseBuilder.processStub(PartwiseBuilder.java:2483)
	at org.audiveris.omr.score.PartwiseBuilder.processPartList(PartwiseBuilder.java:2017)
	at org.audiveris.omr.score.PartwiseBuilder.processScore(PartwiseBuilder.java:2195)
	at org.audiveris.omr.score.PartwiseBuilder.build(PartwiseBuilder.java:307)
	at org.audiveris.omr.score.ScoreExporter.export(ScoreExporter.java:117)
	at org.audiveris.omr.score.ScoreExporter.export(ScoreExporter.java:91)
	at org.audiveris.omr.sheet.BasicBook.export(BasicBook.java:589)
	at org.audiveris.omr.CLI$ProcessingTask.processBook(CLI.java:785)
	at org.audiveris.omr.CLI$CliTask.call(CLI.java:344)
	at org.audiveris.omr.Main.runBatchTasks(Main.java:316)
	at org.audiveris.omr.Main.main(Main.java:155)
	at Audiveris.main(Audiveris.java:49)
2017-10-06 15:10:02,188 WARN [91387368]      PartwiseBuilder.java:1379 | Error visiting null
java.lang.NullPointerException: null
	at org.audiveris.omr.score.PartwiseBuilder.processKey(PartwiseBuilder.java:1344)
	at org.audiveris.omr.score.PartwiseBuilder.processKeys(PartwiseBuilder.java:1407)
	at org.audiveris.omr.score.PartwiseBuilder.processMeasure(PartwiseBuilder.java:1575)
	at org.audiveris.omr.score.PartwiseBuilder.processPart(PartwiseBuilder.java:1988)
	at org.audiveris.omr.score.PartwiseBuilder.processSystem(PartwiseBuilder.java:2528)
	at org.audiveris.omr.score.PartwiseBuilder.processLogicalPart(PartwiseBuilder.java:1433)
	at org.audiveris.omr.score.PartwiseBuilder.processStub(PartwiseBuilder.java:2483)
	at org.audiveris.omr.score.PartwiseBuilder.processPartList(PartwiseBuilder.java:2017)
	at org.audiveris.omr.score.PartwiseBuilder.processScore(PartwiseBuilder.java:2195)
	at org.audiveris.omr.score.PartwiseBuilder.build(PartwiseBuilder.java:307)
	at org.audiveris.omr.score.ScoreExporter.export(ScoreExporter.java:117)
	at org.audiveris.omr.score.ScoreExporter.export(ScoreExporter.java:91)
	at org.audiveris.omr.sheet.BasicBook.export(BasicBook.java:589)
	at org.audiveris.omr.CLI$ProcessingTask.processBook(CLI.java:785)
	at org.audiveris.omr.CLI$CliTask.call(CLI.java:344)
	at org.audiveris.omr.Main.runBatchTasks(Main.java:316)
	at org.audiveris.omr.Main.main(Main.java:155)
	at Audiveris.main(Audiveris.java:49)
2017-10-06 15:10:02,244 INFO [91387368]        ScoreExporter.java:93   | Score 91387368.mvt1 exported to /Users/stephenn/Documents/workspace/nlsomr/xml_out/91386487/91387368/91387368.mvt1.mxl
2017-10-06 15:10:02,245 WARN [91387368]      PartwiseBuilder.java:1379 | Error visiting null
java.lang.NullPointerException: null
	at org.audiveris.omr.score.PartwiseBuilder.processKey(PartwiseBuilder.java:1344)
	at org.audiveris.omr.score.PartwiseBuilder.processKeys(PartwiseBuilder.java:1407)
	at org.audiveris.omr.score.PartwiseBuilder.processMeasure(PartwiseBuilder.java:1575)
	at org.audiveris.omr.score.PartwiseBuilder.processPart(PartwiseBuilder.java:1988)
	at org.audiveris.omr.score.PartwiseBuilder.processSystem(PartwiseBuilder.java:2528)
	at org.audiveris.omr.score.PartwiseBuilder.processLogicalPart(PartwiseBuilder.java:1433)
	at org.audiveris.omr.score.PartwiseBuilder.processStub(PartwiseBuilder.java:2483)
	at org.audiveris.omr.score.PartwiseBuilder.processPartList(PartwiseBuilder.java:2017)
	at org.audiveris.omr.score.PartwiseBuilder.processScore(PartwiseBuilder.java:2195)
	at org.audiveris.omr.score.PartwiseBuilder.build(PartwiseBuilder.java:307)
	at org.audiveris.omr.score.ScoreExporter.export(ScoreExporter.java:117)
	at org.audiveris.omr.score.ScoreExporter.export(ScoreExporter.java:91)
	at org.audiveris.omr.sheet.BasicBook.export(BasicBook.java:589)
	at org.audiveris.omr.CLI$ProcessingTask.processBook(CLI.java:785)
	at org.audiveris.omr.CLI$CliTask.call(CLI.java:344)
	at org.audiveris.omr.Main.runBatchTasks(Main.java:316)
	at org.audiveris.omr.Main.main(Main.java:155)
	at Audiveris.main(Audiveris.java:49)
2017-10-06 15:10:02,249 WARN [91387368]      PartwiseBuilder.java:1379 | Error visiting null
java.lang.NullPointerException: null
	at org.audiveris.omr.score.PartwiseBuilder.processKey(PartwiseBuilder.java:1344)
	at org.audiveris.omr.score.PartwiseBuilder.processKeys(PartwiseBuilder.java:1407)
	at org.audiveris.omr.score.PartwiseBuilder.processMeasure(PartwiseBuilder.java:1575)
	at org.audiveris.omr.score.PartwiseBuilder.processPart(PartwiseBuilder.java:1988)
	at org.audiveris.omr.score.PartwiseBuilder.processSystem(PartwiseBuilder.java:2528)
	at org.audiveris.omr.score.PartwiseBuilder.processLogicalPart(PartwiseBuilder.java:1433)
	at org.audiveris.omr.score.PartwiseBuilder.processStub(PartwiseBuilder.java:2483)
	at org.audiveris.omr.score.PartwiseBuilder.processPartList(PartwiseBuilder.java:2017)
	at org.audiveris.omr.score.PartwiseBuilder.processScore(PartwiseBuilder.java:2195)
	at org.audiveris.omr.score.PartwiseBuilder.build(PartwiseBuilder.java:307)
	at org.audiveris.omr.score.ScoreExporter.export(ScoreExporter.java:117)
	at org.audiveris.omr.score.ScoreExporter.export(ScoreExporter.java:91)
	at org.audiveris.omr.sheet.BasicBook.export(BasicBook.java:589)
	at org.audiveris.omr.CLI$ProcessingTask.processBook(CLI.java:785)
	at org.audiveris.omr.CLI$CliTask.call(CLI.java:344)
	at org.audiveris.omr.Main.runBatchTasks(Main.java:316)
	at org.audiveris.omr.Main.main(Main.java:155)
	at Audiveris.main(Audiveris.java:49)
2017-10-06 15:10:02,276 INFO [91387368]        ScoreExporter.java:93   | Score 91387368.mvt2 exported to /Users/stephenn/Documents/workspace/nlsomr/xml_out/91386487/91387368/91387368.mvt2.mxl
2017-10-06 15:10:02,427 INFO [91387368]            BasicBook.java:1395 | Stored /book.xml
2017-10-06 15:10:02,427 INFO [91387368]            BasicBook.java:1355 | Book stored as /Users/stephenn/Documents/workspace/nlsomr/xml_out/91386487/91387368/91387368.omr
