2017-10-06 14:32:16,417 INFO [91386864]            BasicBook.java:427  | 1 sheet in /Users/stephenn/Documents/workspace/nlsomr/working/91386864.jpg
2017-10-06 14:32:16,555 INFO []            BasicBook.java:1395 | Stored /book.xml
2017-10-06 14:32:16,555 INFO []            BasicBook.java:1355 | Book stored as /Users/stephenn/Documents/workspace/nlsomr/xml_out/91386487/91386864/91386864.omr
2017-10-06 14:32:16,560 INFO []            BasicBook.java:996  | Book reaching PAGE on sheets:[#1]
2017-10-06 14:32:16,562 INFO [91386864]       StepMonitoring.java:96   | LOAD
2017-10-06 14:32:16,710 INFO [91386864]            BasicBook.java:911  | Loaded image 1 2000x3056 from /Users/stephenn/Documents/workspace/nlsomr/working/91386864.jpg
2017-10-06 14:32:16,713 INFO [91386864]            ImageUtil.java:82   | Converting max RGB to gray ...
2017-10-06 14:32:16,973 INFO [91386864]            BasicBook.java:1395 | Stored /book.xml
2017-10-06 14:32:17,257 INFO [91386864]           BasicSheet.java:979  | Stored /sheet#1/sheet#1.xml
2017-10-06 14:32:17,259 INFO [91386864]       StepMonitoring.java:96   | BINARY
2017-10-06 14:32:17,873 INFO [91386864]            BasicBook.java:1395 | Stored /book.xml
2017-10-06 14:32:18,183 INFO [91386864]              Picture.java:786  | Stored /sheet#1/BINARY.xml
2017-10-06 14:32:18,185 INFO [91386864]           BasicSheet.java:979  | Stored /sheet#1/sheet#1.xml
2017-10-06 14:32:18,191 INFO [91386864]       StepMonitoring.java:96   | SCALE
2017-10-06 14:32:18,231 INFO [91386864]            ScaleStep.java:87   | Scale{line(2,3,5) interline(16,16,18) beam(13)}
2017-10-06 14:32:18,234 INFO [91386864]            BasicBook.java:1395 | Stored /book.xml
2017-10-06 14:32:18,235 INFO [91386864]           BasicSheet.java:979  | Stored /sheet#1/sheet#1.xml
2017-10-06 14:32:18,237 INFO [91386864]       StepMonitoring.java:96   | GRID
2017-10-06 14:32:19,194 INFO [91386864]       LinesRetriever.java:442  | Global slope: 0.00122
2017-10-06 14:32:19,329 INFO [91386864]    ClustersRetriever.java:241  | Retrieved line clusters: 12 of size: 5 with interline: (16,16,18)
2017-10-06 14:32:20,084 INFO [91386864]            PeakGraph.java:181  | Systems: #1[1, 2] #2[3, 4] #3[5, 6] #4[7, 8] #5[9, 10] #6[11, 12]
2017-10-06 14:32:21,094 INFO [91386864]        SystemManager.java:626  | Indentation detected for system#1
2017-10-06 14:32:21,095 INFO [91386864]        SystemManager.java:709  | 1 part along 6 systems
2017-10-06 14:32:21,099 INFO [91386864]            BasicBook.java:1395 | Stored /book.xml
2017-10-06 14:32:21,328 INFO [91386864]           BasicSheet.java:979  | Stored /sheet#1/sheet#1.xml
2017-10-06 14:32:21,330 INFO [91386864]       StepMonitoring.java:96   | HEADERS
2017-10-06 14:32:21,755 INFO [91386864]          Nd4jBackend.java:194  | Loaded [CpuBackend] backend
2017-10-06 14:32:21,826 INFO [91386864]      NativeOpsHolder.java:49   | Number of threads used for NativeOps: 2
2017-10-06 14:32:22,336 INFO [91386864] DefaultOpExecutioner.java:544  | Backend used: [CPU]; OS: [Mac OS X]
2017-10-06 14:32:22,336 INFO [91386864] DefaultOpExecutioner.java:545  | Cores: [4]; Memory: [3.6GB];
2017-10-06 14:32:22,336 INFO [91386864] DefaultOpExecutioner.java:546  | Blas vendor: [OPENBLAS]
2017-10-06 14:32:22,370 INFO [91386864]   AbstractClassifier.java:332  | Classifier data loaded from default uri jar:file:/Users/stephenn/Documents/workspace/audiveris/build/distributions/Audiveris/lib/audiveris.jar!/res/basic-classifier.zip
2017-10-06 14:32:23,946 INFO [91386864]           KeyBuilder.java:746  | Staff#2 key slice#1 pitch adjusted from 2.2 to 0
2017-10-06 14:32:23,947 INFO [91386864]           KeyBuilder.java:746  | Staff#2 key slice#2 pitch adjusted from -1.4 to -3
2017-10-06 14:32:23,948 INFO [91386864]           KeyBuilder.java:746  | Staff#2 key slice#3 pitch adjusted from 2.7 to 1
2017-10-06 14:32:23,948 INFO [91386864]           KeyBuilder.java:746  | Staff#2 key slice#4 pitch adjusted from 0.2 to -2
2017-10-06 14:32:24,260 INFO [91386864]           KeyBuilder.java:746  | Staff#3 key slice#4 pitch adjusted from -1.5 to -2
2017-10-06 14:32:24,420 WARN [91386864]          ClefBuilder.java:560  | Staff#6 no header clef.
2017-10-06 14:32:25,169 INFO [91386864]           KeyBuilder.java:746  | Staff#12 key slice#1 pitch adjusted from 2.4 to 0
2017-10-06 14:32:25,169 INFO [91386864]           KeyBuilder.java:746  | Staff#12 key slice#2 pitch adjusted from -1.0 to -3
2017-10-06 14:32:25,171 INFO [91386864]           KeyBuilder.java:746  | Staff#12 key slice#4 pitch adjusted from 0.1 to -2
2017-10-06 14:32:25,174 INFO [91386864]            BasicBook.java:1395 | Stored /book.xml
2017-10-06 14:32:25,445 INFO []   AbstractClassifier.java:332  | Classifier data loaded from default uri jar:file:/Users/stephenn/Documents/workspace/audiveris/build/distributions/Audiveris/lib/audiveris.jar!/res/deep-classifier.zip
2017-10-06 14:32:25,519 INFO [91386864]           BasicSheet.java:979  | Stored /sheet#1/sheet#1.xml
2017-10-06 14:32:25,521 INFO [91386864]       StepMonitoring.java:96   | STEM_SEEDS
2017-10-06 14:32:25,627 INFO [91386864]        StemSeedsStep.java:91   | stem(3 max:4)
2017-10-06 14:32:25,750 INFO [91386864]            BasicBook.java:1395 | Stored /book.xml
2017-10-06 14:32:26,054 INFO [91386864]           BasicSheet.java:979  | Stored /sheet#1/sheet#1.xml
2017-10-06 14:32:26,056 INFO [91386864]       StepMonitoring.java:96   | BEAMS
2017-10-06 14:32:31,365 INFO [91386864]            BeamsStep.java:89   | BeamDistance{count:8 mean:15.36 stdDev:0.30}
2017-10-06 14:32:31,368 INFO [91386864]            BasicBook.java:1395 | Stored /book.xml
2017-10-06 14:32:31,418 INFO [91386864]              Picture.java:786  | Stored /sheet#1/HEAD_SPOTS.xml
2017-10-06 14:32:31,745 INFO [91386864]           BasicSheet.java:979  | Stored /sheet#1/sheet#1.xml
2017-10-06 14:32:31,747 INFO [91386864]       StepMonitoring.java:96   | LEDGERS
2017-10-06 14:32:32,315 INFO [91386864]            BasicBook.java:1395 | Stored /book.xml
2017-10-06 14:32:32,692 INFO [91386864]           BasicSheet.java:979  | Stored /sheet#1/sheet#1.xml
2017-10-06 14:32:32,695 INFO [91386864]       StepMonitoring.java:96   | HEADS
2017-10-06 14:32:35,303 INFO [91386864]            BasicBook.java:1395 | Stored /book.xml
2017-10-06 14:32:36,220 INFO [91386864]           BasicSheet.java:979  | Stored /sheet#1/sheet#1.xml
2017-10-06 14:32:36,223 INFO [91386864]       StepMonitoring.java:96   | STEMS
2017-10-06 14:32:37,812 INFO [91386864]            BasicBook.java:1395 | Stored /book.xml
2017-10-06 14:32:38,864 INFO [91386864]           BasicSheet.java:979  | Stored /sheet#1/sheet#1.xml
2017-10-06 14:32:38,867 INFO [91386864]       StepMonitoring.java:96   | REDUCTION
2017-10-06 14:32:39,325 INFO [91386864]            BasicBook.java:1395 | Stored /book.xml
2017-10-06 14:32:40,081 INFO [91386864]           BasicSheet.java:979  | Stored /sheet#1/sheet#1.xml
2017-10-06 14:32:40,083 INFO [91386864]       StepMonitoring.java:96   | CUE_BEAMS
2017-10-06 14:32:40,092 INFO [91386864]            BasicBook.java:1395 | Stored /book.xml
2017-10-06 14:32:40,821 INFO [91386864]           BasicSheet.java:979  | Stored /sheet#1/sheet#1.xml
2017-10-06 14:32:40,823 INFO [91386864]       StepMonitoring.java:96   | TEXTS
2017-10-06 14:32:42,671 INFO [91386864]            BasicBook.java:1395 | Stored /book.xml
2017-10-06 14:32:43,437 INFO [91386864]           BasicSheet.java:979  | Stored /sheet#1/sheet#1.xml
2017-10-06 14:32:43,439 INFO [91386864]       StepMonitoring.java:96   | MEASURES
2017-10-06 14:32:43,444 INFO [91386864]                 Page.java:210  | 31 raw measures: [5 in system#1, 5 in system#2, 5 in system#3, 5 in system#4, 6 in system#5, 5 in system#6]
2017-10-06 14:32:43,445 INFO [91386864]            BasicBook.java:1395 | Stored /book.xml
2017-10-06 14:32:44,203 INFO [91386864]           BasicSheet.java:979  | Stored /sheet#1/sheet#1.xml
2017-10-06 14:32:44,205 INFO [91386864]       StepMonitoring.java:96   | CHORDS
2017-10-06 14:32:44,218 INFO [91386864]            BasicBook.java:1395 | Stored /book.xml
2017-10-06 14:32:45,019 INFO [91386864]           BasicSheet.java:979  | Stored /sheet#1/sheet#1.xml
2017-10-06 14:32:45,021 INFO [91386864]       StepMonitoring.java:96   | CURVES
2017-10-06 14:32:46,446 INFO [91386864]         SlursBuilder.java:762  | RIGHT collision SlurInter{#5599(0.620)} & SlurInter{#5607(0.602)} @ HeadInter{#3990(0.686/0.842) e#5489 s:9 p:3.00 NOTEHEAD_BLACK}
2017-10-06 14:32:46,447 INFO [91386864]         SlursBuilder.java:762  | RIGHT collision SlurInter{#5607(0.602)} & SlurInter{#5599(0.620)} @ HeadInter{#3990(0.686/0.842) e#5489 s:9 p:3.00 NOTEHEAD_BLACK}
2017-10-06 14:32:46,448 INFO [91386864]         SlursBuilder.java:157  | Slurs: 30
2017-10-06 14:32:46,472 INFO [91386864]      SegmentsBuilder.java:113  | Segments: 22
2017-10-06 14:32:46,479 INFO [91386864]            BasicBook.java:1395 | Stored /book.xml
2017-10-06 14:32:47,650 INFO [91386864]           BasicSheet.java:979  | Stored /sheet#1/sheet#1.xml
2017-10-06 14:32:47,652 INFO [91386864]       StepMonitoring.java:96   | SYMBOLS
2017-10-06 14:32:51,258 INFO [91386864]            BasicBook.java:1395 | Stored /book.xml
2017-10-06 14:32:52,639 INFO [91386864]           BasicSheet.java:979  | Stored /sheet#1/sheet#1.xml
2017-10-06 14:32:52,642 INFO [91386864]       StepMonitoring.java:96   | LINKS
2017-10-06 14:32:52,696 INFO [91386864]            BasicBook.java:1395 | Stored /book.xml
2017-10-06 14:32:54,008 INFO [91386864]           BasicSheet.java:979  | Stored /sheet#1/sheet#1.xml
2017-10-06 14:32:54,012 INFO [91386864]       StepMonitoring.java:96   | RHYTHMS
2017-10-06 14:32:54,037 INFO [91386864]         SlotsBuilder.java:399  | Stack#12 suspicious Slot{#2 xOffset=75 timeOffset=1/8 incomings=[#5414]}
2017-10-06 14:32:54,060 INFO [91386864]           PageRhythm.java:314  | Range{1-31} Durations avgGuess:3/4 topGuess:3/4 avgValue:0.75 stacks:31 voices:81 Histogram{1/4-1 size:9 [1/4=4 5/16=1 3/8=2 7/16=1 1/2=15 5/8=1 3/4=40 7/8=3 1=14]}
2017-10-06 14:32:54,062 INFO [91386864]           PageRhythm.java:221  | S1 Range{1-31 dur:3/4} should update to 3/4-based time sig?
2017-10-06 14:32:54,064 INFO [91386864]         SlotsBuilder.java:427  | S1 MeasureStack#2 Slot{#4 xOffset=184 timeOffset=3/4 incomings=[#5335] SUSPICIOUS}
2017-10-06 14:32:54,064 INFO [91386864]                Voice.java:257  | S1 MeasureStack#2 Voice #2 too long 1/4
2017-10-06 14:32:54,065 INFO [91386864]           StackTuner.java:92   | S1 MeasureStack#2 no correct rhythm
2017-10-06 14:32:54,066 INFO [91386864]                Voice.java:257  | S1 MeasureStack#3 Voice #1 too long 1/4
2017-10-06 14:32:54,067 INFO [91386864]                Voice.java:257  | S1 MeasureStack#3 Voice #2 too long 1/4
2017-10-06 14:32:54,067 INFO [91386864]           StackTuner.java:92   | S1 MeasureStack#3 no correct rhythm
2017-10-06 14:32:54,068 INFO [91386864]         SlotsBuilder.java:427  | S1 MeasureStack#4 Slot{#3 xOffset=115 timeOffset=1/2 incomings=[#5341] SUSPICIOUS}
2017-10-06 14:32:54,069 INFO [91386864]                Voice.java:257  | S1 MeasureStack#4 Voice #1 too long 1/4
2017-10-06 14:32:54,070 INFO [91386864]                Voice.java:257  | S1 MeasureStack#4 Voice #2 too long 1/4
2017-10-06 14:32:54,070 INFO [91386864]           StackTuner.java:92   | S1 MeasureStack#4 no correct rhythm
2017-10-06 14:32:54,071 INFO [91386864]                Voice.java:257  | S1 MeasureStack#5 Voice #1 too long 1/8
2017-10-06 14:32:54,072 INFO [91386864]                Voice.java:257  | S1 MeasureStack#5 Voice #2 too long 1/8
2017-10-06 14:32:54,072 INFO [91386864]           StackTuner.java:92   | S1 MeasureStack#5 no correct rhythm
2017-10-06 14:32:54,075 INFO [91386864]                Voice.java:257  | S2 MeasureStack#6 Voice #1 too long 1/4
2017-10-06 14:32:54,075 INFO [91386864]                Voice.java:257  | S2 MeasureStack#6 Voice #2 too long 1/4
2017-10-06 14:32:54,076 INFO [91386864]                Voice.java:257  | S2 MeasureStack#6 Voice #3 too long 1/4
2017-10-06 14:32:54,076 INFO [91386864]                Voice.java:257  | S2 MeasureStack#6 Voice #4 too long 1/4
2017-10-06 14:32:54,076 INFO [91386864]           StackTuner.java:92   | S2 MeasureStack#6 no correct rhythm
2017-10-06 14:32:54,079 INFO [91386864]         SlotsBuilder.java:427  | S2 MeasureStack#10 Slot{#4 xOffset=139 timeOffset=5/16 incomings=[#5383] SUSPICIOUS}
2017-10-06 14:32:54,081 INFO [91386864]         SlotsBuilder.java:427  | S3 MeasureStack#11 Slot{#3 xOffset=287 timeOffset=3/8 incomings=[#5411] SUSPICIOUS}
2017-10-06 14:32:54,082 INFO [91386864]                Voice.java:257  | S3 MeasureStack#11 Voice #3 too long 1/8
2017-10-06 14:32:54,082 INFO [91386864]           StackTuner.java:92   | S3 MeasureStack#11 no correct rhythm
2017-10-06 14:32:54,085 INFO [91386864]         SlotsBuilder.java:434  | Stack#12 endless loop detected
2017-10-06 14:32:54,086 INFO [91386864]         SlotsBuilder.java:427  | S3 MeasureStack#13 Slot{#3 xOffset=115 timeOffset=3/4 incomings=[#5419] SUSPICIOUS}
2017-10-06 14:32:54,087 INFO [91386864]                Voice.java:257  | S3 MeasureStack#13 Voice #1 too long 1/2
2017-10-06 14:32:54,088 INFO [91386864]                Voice.java:257  | S3 MeasureStack#13 Voice #2 too long 1/2
2017-10-06 14:32:54,091 INFO [91386864]           StackTuner.java:92   | S3 MeasureStack#13 no correct rhythm
2017-10-06 14:32:54,093 INFO [91386864]                Voice.java:257  | S3 MeasureStack#14 Voice #1 too long 1/4
2017-10-06 14:32:54,094 INFO [91386864]                Voice.java:257  | S3 MeasureStack#14 Voice #2 too long 1/4
2017-10-06 14:32:54,094 INFO [91386864]                Voice.java:257  | S3 MeasureStack#14 Voice #3 too long 1/4
2017-10-06 14:32:54,095 INFO [91386864]           StackTuner.java:92   | S3 MeasureStack#14 no correct rhythm
2017-10-06 14:32:54,100 INFO [91386864]                Voice.java:257  | S5 MeasureStack#21 Voice #3 too long 1/8
2017-10-06 14:32:54,101 INFO [91386864]           StackTuner.java:92   | S5 MeasureStack#21 no correct rhythm
2017-10-06 14:32:54,102 INFO [91386864]                Voice.java:257  | S5 MeasureStack#22 Voice #1 too long 1/4
2017-10-06 14:32:54,103 INFO [91386864]                Voice.java:257  | S5 MeasureStack#22 Voice #3 too long 1/4
2017-10-06 14:32:54,104 INFO [91386864]           StackTuner.java:92   | S5 MeasureStack#22 no correct rhythm
2017-10-06 14:32:54,106 INFO [91386864]         SlotsBuilder.java:427  | S5 MeasureStack#25 Slot{#3 xOffset=102 timeOffset=3/8 incomings=[#5501] SUSPICIOUS}
2017-10-06 14:32:54,112 INFO [91386864]                Voice.java:257  | S6 MeasureStack#31 Voice #1 too long 1/4
2017-10-06 14:32:54,112 INFO [91386864]                Voice.java:257  | S6 MeasureStack#31 Voice #2 too long 1/4
2017-10-06 14:32:54,113 INFO [91386864]                Voice.java:257  | S6 MeasureStack#31 Voice #3 too long 1/4
2017-10-06 14:32:54,113 INFO [91386864]           StackTuner.java:92   | S6 MeasureStack#31 no correct rhythm
2017-10-06 14:32:54,117 INFO [91386864]            BasicBook.java:1395 | Stored /book.xml
2017-10-06 14:32:55,476 INFO [91386864]           BasicSheet.java:979  | Stored /sheet#1/sheet#1.xml
2017-10-06 14:32:55,478 INFO [91386864]       StepMonitoring.java:96   | PAGE
2017-10-06 14:32:55,481 INFO [91386864]                 Part.java:275  | Could not right-connect slur#5560
2017-10-06 14:32:55,482 INFO [91386864]                 Part.java:275  | Could not right-connect slur#5619
2017-10-06 14:32:55,483 INFO [91386864]                Voice.java:257  | S1 MeasureStack#2 Voice #2 too long 1/4
2017-10-06 14:32:55,484 INFO [91386864]                Voice.java:257  | S1 MeasureStack#3 Voice #1 too long 1/4
2017-10-06 14:32:55,484 INFO [91386864]                Voice.java:257  | S1 MeasureStack#3 Voice #2 too long 1/4
2017-10-06 14:32:55,484 INFO [91386864]                Voice.java:257  | S1 MeasureStack#4 Voice #1 too long 1/4
2017-10-06 14:32:55,484 INFO [91386864]                Voice.java:257  | S1 MeasureStack#4 Voice #2 too long 1/4
2017-10-06 14:32:55,485 INFO [91386864]                Voice.java:257  | S1 MeasureStack#5 Voice #1 too long 1/8
2017-10-06 14:32:55,485 INFO [91386864]                Voice.java:257  | S1 MeasureStack#5 Voice #2 too long 1/8
2017-10-06 14:32:55,485 INFO [91386864]                Voice.java:257  | S2 MeasureStack#6 Voice #1 too long 1/4
2017-10-06 14:32:55,485 INFO [91386864]                Voice.java:257  | S2 MeasureStack#6 Voice #2 too long 1/4
2017-10-06 14:32:55,486 INFO [91386864]                Voice.java:257  | S2 MeasureStack#6 Voice #3 too long 1/4
2017-10-06 14:32:55,486 INFO [91386864]                Voice.java:257  | S2 MeasureStack#6 Voice #4 too long 1/4
2017-10-06 14:32:55,486 INFO [91386864]                Voice.java:257  | S3 MeasureStack#11 Voice #3 too long 1/8
2017-10-06 14:32:55,489 INFO [91386864]                Voice.java:257  | S3 MeasureStack#13 Voice #1 too long 1/2
2017-10-06 14:32:55,490 INFO [91386864]                Voice.java:257  | S3 MeasureStack#13 Voice #2 too long 1/2
2017-10-06 14:32:55,490 INFO [91386864]                Voice.java:257  | S3 MeasureStack#14 Voice #1 too long 1/4
2017-10-06 14:32:55,490 INFO [91386864]                Voice.java:257  | S3 MeasureStack#14 Voice #2 too long 1/4
2017-10-06 14:32:55,491 INFO [91386864]                Voice.java:257  | S3 MeasureStack#14 Voice #3 too long 1/4
2017-10-06 14:32:55,492 INFO [91386864]                Voice.java:257  | S5 MeasureStack#21 Voice #3 too long 1/8
2017-10-06 14:32:55,493 INFO [91386864]                Voice.java:257  | S5 MeasureStack#22 Voice #1 too long 1/4
2017-10-06 14:32:55,493 INFO [91386864]                Voice.java:257  | S5 MeasureStack#22 Voice #3 too long 1/4
2017-10-06 14:32:55,494 INFO [91386864]                Voice.java:257  | S6 MeasureStack#31 Voice #1 too long 1/4
2017-10-06 14:32:55,494 INFO [91386864]                Voice.java:257  | S6 MeasureStack#31 Voice #2 too long 1/4
2017-10-06 14:32:55,494 INFO [91386864]                Voice.java:257  | S6 MeasureStack#31 Voice #3 too long 1/4
2017-10-06 14:32:55,496 INFO [91386864]            BasicBook.java:1395 | Stored /book.xml
2017-10-06 14:32:56,832 INFO [91386864]           BasicSheet.java:979  | Stored /sheet#1/sheet#1.xml
2017-10-06 14:32:56,834 INFO [91386864]            BasicStub.java:723  | Sheet{91386864} disposed
2017-10-06 14:32:57,825 INFO [91386864]            BasicStub.java:449  | Loaded /sheet#1/sheet#1.xml
2017-10-06 14:32:57,827 INFO [91386864]            BasicBook.java:1133 | Scores built: 1
2017-10-06 14:32:58,897 WARN [91386864]      PartwiseBuilder.java:1379 | Error visiting null
java.lang.NullPointerException: null
	at org.audiveris.omr.score.PartwiseBuilder.processKey(PartwiseBuilder.java:1344)
	at org.audiveris.omr.score.PartwiseBuilder.processKeys(PartwiseBuilder.java:1407)
	at org.audiveris.omr.score.PartwiseBuilder.processMeasure(PartwiseBuilder.java:1575)
	at org.audiveris.omr.score.PartwiseBuilder.processPart(PartwiseBuilder.java:1988)
	at org.audiveris.omr.score.PartwiseBuilder.processSystem(PartwiseBuilder.java:2528)
	at org.audiveris.omr.score.PartwiseBuilder.processLogicalPart(PartwiseBuilder.java:1433)
	at org.audiveris.omr.score.PartwiseBuilder.processStub(PartwiseBuilder.java:2483)
	at org.audiveris.omr.score.PartwiseBuilder.processPartList(PartwiseBuilder.java:2017)
	at org.audiveris.omr.score.PartwiseBuilder.processScore(PartwiseBuilder.java:2195)
	at org.audiveris.omr.score.PartwiseBuilder.build(PartwiseBuilder.java:307)
	at org.audiveris.omr.score.ScoreExporter.export(ScoreExporter.java:117)
	at org.audiveris.omr.score.ScoreExporter.export(ScoreExporter.java:91)
	at org.audiveris.omr.sheet.BasicBook.export(BasicBook.java:589)
	at org.audiveris.omr.CLI$ProcessingTask.processBook(CLI.java:785)
	at org.audiveris.omr.CLI$CliTask.call(CLI.java:344)
	at org.audiveris.omr.Main.runBatchTasks(Main.java:316)
	at org.audiveris.omr.Main.main(Main.java:155)
	at Audiveris.main(Audiveris.java:49)
2017-10-06 14:32:58,997 INFO [91386864]        ScoreExporter.java:93   | Score 91386864 exported to /Users/stephenn/Documents/workspace/nlsomr/xml_out/91386487/91386864/91386864.mxl
2017-10-06 14:32:59,158 INFO [91386864]            BasicBook.java:1395 | Stored /book.xml
2017-10-06 14:32:59,158 INFO [91386864]            BasicBook.java:1355 | Book stored as /Users/stephenn/Documents/workspace/nlsomr/xml_out/91386487/91386864/91386864.omr
