2017-10-06 15:31:24,502 INFO [91387668]            BasicBook.java:427  | 1 sheet in /Users/stephenn/Documents/workspace/nlsomr/working/91387668.jpg
2017-10-06 15:31:24,670 INFO []            BasicBook.java:1395 | Stored /book.xml
2017-10-06 15:31:24,671 INFO []            BasicBook.java:1355 | Book stored as /Users/stephenn/Documents/workspace/nlsomr/xml_out/91386487/91387668/91387668.omr
2017-10-06 15:31:24,677 INFO []            BasicBook.java:996  | Book reaching PAGE on sheets:[#1]
2017-10-06 15:31:24,678 INFO [91387668]       StepMonitoring.java:96   | LOAD
2017-10-06 15:31:24,832 INFO [91387668]            BasicBook.java:911  | Loaded image 1 2000x3056 from /Users/stephenn/Documents/workspace/nlsomr/working/91387668.jpg
2017-10-06 15:31:24,836 INFO [91387668]            ImageUtil.java:82   | Converting max RGB to gray ...
2017-10-06 15:31:25,090 INFO [91387668]            BasicBook.java:1395 | Stored /book.xml
2017-10-06 15:31:25,421 INFO [91387668]           BasicSheet.java:979  | Stored /sheet#1/sheet#1.xml
2017-10-06 15:31:25,423 INFO [91387668]       StepMonitoring.java:96   | BINARY
2017-10-06 15:31:26,051 INFO [91387668]            BasicBook.java:1395 | Stored /book.xml
2017-10-06 15:31:26,369 INFO [91387668]              Picture.java:786  | Stored /sheet#1/BINARY.xml
2017-10-06 15:31:26,371 INFO [91387668]           BasicSheet.java:979  | Stored /sheet#1/sheet#1.xml
2017-10-06 15:31:26,373 INFO [91387668]       StepMonitoring.java:96   | SCALE
2017-10-06 15:31:26,422 INFO [91387668]         ScaleBuilder.java:229  | No beam key found, guessed value 10
2017-10-06 15:31:26,422 INFO [91387668]            ScaleStep.java:87   | Scale{line(4,5,6) interline(16,16,17) beam(10 extra)}
2017-10-06 15:31:26,424 INFO [91387668]            BasicBook.java:1395 | Stored /book.xml
2017-10-06 15:31:26,427 INFO [91387668]           BasicSheet.java:979  | Stored /sheet#1/sheet#1.xml
2017-10-06 15:31:26,431 INFO [91387668]       StepMonitoring.java:96   | GRID
2017-10-06 15:31:27,478 INFO [91387668]       LinesRetriever.java:442  | Global slope: -0.00040
2017-10-06 15:31:27,573 INFO [91387668]    ClustersRetriever.java:241  | Retrieved line clusters: 12 of size: 5 with interline: (16,16,17)
2017-10-06 15:31:28,243 INFO [91387668]            PeakGraph.java:181  | Systems: #1[1, 2] #2[3, 4] #3[5, 6] #4[7, 8] #5[9, 10] #6[11, 12]
2017-10-06 15:31:29,133 INFO [91387668]        SystemManager.java:626  | Indentation detected for system#3
2017-10-06 15:31:29,134 INFO [91387668]        SystemManager.java:671  | 2 pages found in sheet
2017-10-06 15:31:29,134 INFO [91387668]        SystemManager.java:709  | Page #1: 1 part along 2 systems
2017-10-06 15:31:29,135 INFO [91387668]        SystemManager.java:709  | Page #2: 1 part along 4 systems
2017-10-06 15:31:29,138 INFO [91387668]            BasicBook.java:1395 | Stored /book.xml
2017-10-06 15:31:29,378 INFO [91387668]           BasicSheet.java:979  | Stored /sheet#1/sheet#1.xml
2017-10-06 15:31:29,381 INFO [91387668]       StepMonitoring.java:96   | HEADERS
2017-10-06 15:31:29,804 INFO []          Nd4jBackend.java:194  | Loaded [CpuBackend] backend
2017-10-06 15:31:29,869 INFO []      NativeOpsHolder.java:49   | Number of threads used for NativeOps: 2
2017-10-06 15:31:30,348 INFO [] DefaultOpExecutioner.java:544  | Backend used: [CPU]; OS: [Mac OS X]
2017-10-06 15:31:30,349 INFO [] DefaultOpExecutioner.java:545  | Cores: [4]; Memory: [3.6GB];
2017-10-06 15:31:30,349 INFO [] DefaultOpExecutioner.java:546  | Blas vendor: [OPENBLAS]
2017-10-06 15:31:30,391 INFO []   AbstractClassifier.java:332  | Classifier data loaded from default uri jar:file:/Users/stephenn/Documents/workspace/audiveris/build/distributions/Audiveris/lib/audiveris.jar!/res/basic-classifier.zip
2017-10-06 15:31:31,987 WARN [91387668]          ClefBuilder.java:560  | Staff#2 no header clef.
2017-10-06 15:31:32,551 WARN [91387668]          ClefBuilder.java:560  | Staff#4 no header clef.
2017-10-06 15:31:32,603 INFO [91387668]           KeyBuilder.java:746  | Staff#3 key slice#4 pitch adjusted from -1.1 to -2
2017-10-06 15:31:32,801 WARN [91387668]          ClefBuilder.java:560  | Staff#6 no header clef.
2017-10-06 15:31:33,614 INFO [91387668]            BasicBook.java:1395 | Stored /book.xml
2017-10-06 15:31:33,969 INFO []   AbstractClassifier.java:332  | Classifier data loaded from default uri jar:file:/Users/stephenn/Documents/workspace/audiveris/build/distributions/Audiveris/lib/audiveris.jar!/res/deep-classifier.zip
2017-10-06 15:31:34,015 INFO [91387668]           BasicSheet.java:979  | Stored /sheet#1/sheet#1.xml
2017-10-06 15:31:34,017 INFO [91387668]       StepMonitoring.java:96   | STEM_SEEDS
2017-10-06 15:31:34,105 INFO [91387668]        StemSeedsStep.java:91   | stem(4 max:4)
2017-10-06 15:31:34,246 INFO [91387668]            BasicBook.java:1395 | Stored /book.xml
2017-10-06 15:31:34,688 INFO [91387668]           BasicSheet.java:979  | Stored /sheet#1/sheet#1.xml
2017-10-06 15:31:34,690 INFO [91387668]       StepMonitoring.java:96   | BEAMS
2017-10-06 15:31:38,287 INFO [91387668]            BeamsStep.java:89   | BeamDistance{count:29 mean:12.39 stdDev:6.46}
2017-10-06 15:31:38,292 INFO [91387668]            BasicBook.java:1395 | Stored /book.xml
2017-10-06 15:31:38,374 INFO [91387668]              Picture.java:786  | Stored /sheet#1/HEAD_SPOTS.xml
2017-10-06 15:31:38,921 INFO [91387668]           BasicSheet.java:979  | Stored /sheet#1/sheet#1.xml
2017-10-06 15:31:38,925 INFO [91387668]       StepMonitoring.java:96   | LEDGERS
2017-10-06 15:31:39,517 INFO [91387668]            BasicBook.java:1395 | Stored /book.xml
2017-10-06 15:31:40,027 INFO [91387668]           BasicSheet.java:979  | Stored /sheet#1/sheet#1.xml
2017-10-06 15:31:40,030 INFO [91387668]       StepMonitoring.java:96   | HEADS
2017-10-06 15:31:42,834 INFO [91387668]            BasicBook.java:1395 | Stored /book.xml
2017-10-06 15:31:43,846 INFO [91387668]           BasicSheet.java:979  | Stored /sheet#1/sheet#1.xml
2017-10-06 15:31:43,848 INFO [91387668]       StepMonitoring.java:96   | STEMS
2017-10-06 15:31:46,523 INFO [91387668]            BasicBook.java:1395 | Stored /book.xml
2017-10-06 15:31:48,054 INFO [91387668]           BasicSheet.java:979  | Stored /sheet#1/sheet#1.xml
2017-10-06 15:31:48,057 INFO [91387668]       StepMonitoring.java:96   | REDUCTION
2017-10-06 15:31:48,817 INFO [91387668]            BasicBook.java:1395 | Stored /book.xml
2017-10-06 15:31:49,748 INFO [91387668]           BasicSheet.java:979  | Stored /sheet#1/sheet#1.xml
2017-10-06 15:31:49,751 INFO [91387668]       StepMonitoring.java:96   | CUE_BEAMS
2017-10-06 15:31:49,754 INFO [91387668]            BasicBook.java:1395 | Stored /book.xml
2017-10-06 15:31:50,644 INFO [91387668]           BasicSheet.java:979  | Stored /sheet#1/sheet#1.xml
2017-10-06 15:31:50,647 INFO [91387668]       StepMonitoring.java:96   | TEXTS
2017-10-06 15:31:51,828 INFO [91387668]            BasicBook.java:1395 | Stored /book.xml
2017-10-06 15:31:52,742 INFO [91387668]           BasicSheet.java:979  | Stored /sheet#1/sheet#1.xml
2017-10-06 15:31:52,746 INFO [91387668]       StepMonitoring.java:96   | MEASURES
2017-10-06 15:31:52,752 INFO [91387668]                 Page.java:210  | 10 raw measures: [6 in system#1, 4 in system#2]
2017-10-06 15:31:52,753 INFO [91387668]                 Page.java:210  | 18 raw measures: [5 in system#3, 4 in system#4, 5 in system#5, 4 in system#6]
2017-10-06 15:31:52,756 INFO [91387668]            BasicBook.java:1395 | Stored /book.xml
2017-10-06 15:31:53,701 INFO [91387668]           BasicSheet.java:979  | Stored /sheet#1/sheet#1.xml
2017-10-06 15:31:53,704 INFO [91387668]       StepMonitoring.java:96   | CHORDS
2017-10-06 15:31:53,724 INFO [91387668]            BasicBook.java:1395 | Stored /book.xml
2017-10-06 15:31:54,665 INFO [91387668]           BasicSheet.java:979  | Stored /sheet#1/sheet#1.xml
2017-10-06 15:31:54,667 INFO [91387668]       StepMonitoring.java:96   | CURVES
2017-10-06 15:31:56,296 INFO [91387668]         SlursBuilder.java:762  | RIGHT collision SlurInter{#7391(0.691)} & SlurInter{#7597(0.362)} @ HeadInter{#5499(0.594/0.742) e#7277 s:10 p:-7.00 NOTEHEAD_BLACK}
2017-10-06 15:31:56,298 INFO [91387668]         SlursBuilder.java:762  | LEFT collision SlurInter{#7397(0.692)} & SlurInter{#7476(0.119)} @ HeadInter{#5614(0.637/0.794) e#7283 s:10 p:0.00 NOTEHEAD_BLACK}
2017-10-06 15:31:56,298 INFO [91387668]         SlursBuilder.java:762  | RIGHT collision SlurInter{#7397(0.692)} & SlurInter{#7476(0.119)} @ HeadInter{#5547(0.622/0.754) e#7284 s:10 p:-9.00 NOTEHEAD_BLACK}
2017-10-06 15:31:56,298 INFO [91387668]         SlursBuilder.java:762  | LEFT collision SlurInter{#7476(0.119)} & SlurInter{#7397(0.692)} @ HeadInter{#5614(0.637/0.794) e#7283 s:10 p:0.00 NOTEHEAD_BLACK}
2017-10-06 15:31:56,299 INFO [91387668]         SlursBuilder.java:762  | RIGHT collision SlurInter{#7476(0.119)} & SlurInter{#7397(0.692)} @ HeadInter{#5547(0.622/0.754) e#7284 s:10 p:-9.00 NOTEHEAD_BLACK}
2017-10-06 15:31:56,299 INFO [91387668]         SlursBuilder.java:762  | RIGHT collision SlurInter{#7597(0.362)} & SlurInter{#7391(0.691)} @ HeadInter{#5499(0.594/0.742) e#7277 s:10 p:-7.00 NOTEHEAD_BLACK}
2017-10-06 15:31:56,300 INFO [91387668]         SlursBuilder.java:157  | Slurs: 27
2017-10-06 15:31:56,366 INFO [91387668]      SegmentsBuilder.java:113  | Segments: 30
2017-10-06 15:31:56,375 INFO [91387668]            BasicBook.java:1395 | Stored /book.xml
2017-10-06 15:31:57,304 INFO [91387668]           BasicSheet.java:979  | Stored /sheet#1/sheet#1.xml
2017-10-06 15:31:57,307 INFO [91387668]       StepMonitoring.java:96   | SYMBOLS
2017-10-06 15:31:58,884 INFO [91387668]       SymbolsBuilder.java:340  | Symbol parts shrunk from 9 to 7
2017-10-06 15:31:59,576 INFO [91387668]       SymbolsBuilder.java:340  | Symbol parts shrunk from 9 to 7
2017-10-06 15:32:01,676 INFO [91387668]            BasicBook.java:1395 | Stored /book.xml
2017-10-06 15:32:02,922 INFO [91387668]           BasicSheet.java:979  | Stored /sheet#1/sheet#1.xml
2017-10-06 15:32:02,924 INFO [91387668]       StepMonitoring.java:96   | LINKS
2017-10-06 15:32:02,934 INFO [91387668]        SymbolsLinker.java:306  | No measure stack for direction SentenceInter{#7061(0.538) s:5 S-38 Direction} L 50.
2017-10-06 15:32:02,992 INFO [91387668]            BasicBook.java:1395 | Stored /book.xml
2017-10-06 15:32:04,261 INFO [91387668]           BasicSheet.java:979  | Stored /sheet#1/sheet#1.xml
2017-10-06 15:32:04,263 INFO [91387668]       StepMonitoring.java:96   | RHYTHMS
2017-10-06 15:32:04,286 INFO [91387668]           PageRhythm.java:314  | Range{1-10} Durations avgGuess:3/4 topGuess:1/2 avgValue:0.75 stacks:10 voices:18 Histogram{1/8-3/2 size:12 [1/8=1 1/4=1 3/8=1 7/16=1 1/2=3 5/8=2 11/16=2 3/4=3 13/16=1 7/8=1 1=1 3/2=1]}
2017-10-06 15:32:04,288 INFO [91387668]           PageRhythm.java:221  | S1 Range{1-10 dur:3/4} should update to 3/4-based time sig?
2017-10-06 15:32:04,292 INFO [91387668]         SlotsBuilder.java:427  | S1 MeasureStack#5 Slot{#3 xOffset=140 timeOffset=3/8 incomings=[#7105] SUSPICIOUS}
2017-10-06 15:32:04,294 INFO [91387668]                Voice.java:257  | S1 MeasureStack#6 Voice #1 too long 3/4
2017-10-06 15:32:04,295 INFO [91387668]                Voice.java:257  | S1 MeasureStack#6 Voice #2 too long 1/4
2017-10-06 15:32:04,295 INFO [91387668]           StackTuner.java:92   | S1 MeasureStack#6 no correct rhythm
2017-10-06 15:32:04,299 INFO [91387668]                Voice.java:257  | S2 MeasureStack#8 Voice #1 too long 1/16
2017-10-06 15:32:04,299 INFO [91387668]           StackTuner.java:92   | S2 MeasureStack#8 no correct rhythm
2017-10-06 15:32:04,301 INFO [91387668]                Voice.java:257  | S2 MeasureStack#9 Voice #1 too long 1/8
2017-10-06 15:32:04,302 INFO [91387668]           StackTuner.java:92   | S2 MeasureStack#9 no correct rhythm
2017-10-06 15:32:04,316 INFO [91387668]         SlotsBuilder.java:434  | Stack#5 endless loop detected
2017-10-06 15:32:04,319 INFO [91387668]         SlotsBuilder.java:399  | Stack#7 suspicious Slot{#2 xOffset=111 timeOffset=1/8 incomings=[#7223]}
2017-10-06 15:32:04,323 INFO [91387668]         SlotsBuilder.java:434  | Stack#11 endless loop detected
2017-10-06 15:32:04,328 INFO [91387668]         SlotsBuilder.java:434  | Stack#14 endless loop detected
2017-10-06 15:32:04,337 INFO [91387668]           PageRhythm.java:314  | Range{1-18} Durations avgGuess:3/4 topGuess:1/4 avgValue:0.71 stacks:18 voices:43 Histogram{1/8-1 size:9 [1/8=6 3/16=1 1/4=11 5/16=1 3/8=5 1/2=2 5/8=8 3/4=6 1=3]}
2017-10-06 15:32:04,337 INFO [91387668]           PageRhythm.java:221  | S3 Range{1-18 dur:3/4} should update to 3/4-based time sig?
2017-10-06 15:32:04,340 INFO [91387668]         SlotsBuilder.java:427  | S3 MeasureStack#2 Slot{#6 xOffset=204 timeOffset=5/8 incomings=[#7140] SUSPICIOUS}
2017-10-06 15:32:04,341 INFO [91387668]         SlotsBuilder.java:427  | S3 MeasureStack#2 Slot{#8 xOffset=244 timeOffset=7/8 incomings=[#7141] SUSPICIOUS}
2017-10-06 15:32:04,341 INFO [91387668]                Voice.java:257  | S3 MeasureStack#2 Voice #1 too long 3/8
2017-10-06 15:32:04,341 INFO [91387668]           StackTuner.java:92   | S3 MeasureStack#2 no correct rhythm
2017-10-06 15:32:04,343 INFO [91387668]                Voice.java:257  | S3 MeasureStack#3 Voice #1 too long 1/4
2017-10-06 15:32:04,344 INFO [91387668]           StackTuner.java:92   | S3 MeasureStack#3 no correct rhythm
2017-10-06 15:32:04,345 INFO [91387668]         SlotsBuilder.java:427  | S3 MeasureStack#4 Slot{#4 xOffset=92 timeOffset=5/16 incomings=[#7181] SUSPICIOUS}
2017-10-06 15:32:04,346 INFO [91387668]         SlotsBuilder.java:427  | S3 MeasureStack#4 Slot{#6 xOffset=128 timeOffset=7/16 incomings=[#7182] SUSPICIOUS}
2017-10-06 15:32:04,347 INFO [91387668]         SlotsBuilder.java:427  | S3 MeasureStack#4 Slot{#8 xOffset=159 timeOffset=9/16 incomings=[#7183] SUSPICIOUS}
2017-10-06 15:32:04,347 INFO [91387668]         SlotsBuilder.java:427  | S3 MeasureStack#4 Slot{#10 xOffset=193 timeOffset=11/16 incomings=[#7184] SUSPICIOUS}
2017-10-06 15:32:04,347 INFO [91387668]                Voice.java:257  | S3 MeasureStack#4 Voice #3 too long 1/16
2017-10-06 15:32:04,348 INFO [91387668]           StackTuner.java:92   | S3 MeasureStack#4 no correct rhythm
2017-10-06 15:32:04,349 INFO [91387668]         SlotsBuilder.java:434  | Stack#5 endless loop detected
2017-10-06 15:32:04,354 INFO [91387668]         SlotsBuilder.java:427  | S4 MeasureStack#8 Slot{#3 xOffset=103 timeOffset=1/4 incomings=[#7230] SUSPICIOUS}
2017-10-06 15:32:04,355 INFO [91387668]         SlotsBuilder.java:427  | S4 MeasureStack#8 Slot{#5 xOffset=167 timeOffset=1/2 incomings=[#7231] SUSPICIOUS}
2017-10-06 15:32:04,356 INFO [91387668]                Voice.java:257  | S4 MeasureStack#8 Voice #1 too long 1/2
2017-10-06 15:32:04,356 INFO [91387668]                Voice.java:257  | S4 MeasureStack#8 Voice #2 too long 3/8
2017-10-06 15:32:04,356 INFO [91387668]           StackTuner.java:92   | S4 MeasureStack#8 no correct rhythm
2017-10-06 15:32:04,359 INFO [91387668]         SlotsBuilder.java:434  | Stack#11 endless loop detected
2017-10-06 15:32:04,360 INFO [91387668]         SlotsBuilder.java:427  | S5 MeasureStack#12 Slot{#3 xOffset=85 timeOffset=1/4 incomings=[#7281] SUSPICIOUS}
2017-10-06 15:32:04,361 INFO [91387668]         SlotsBuilder.java:434  | Stack#12 endless loop detected
2017-10-06 15:32:04,363 INFO [91387668]         SlotsBuilder.java:427  | S5 MeasureStack#13 Slot{#3 xOffset=99 timeOffset=1/4 incomings=[#7288] SUSPICIOUS}
2017-10-06 15:32:04,363 INFO [91387668]         SlotsBuilder.java:434  | Stack#13 endless loop detected
2017-10-06 15:32:04,365 INFO [91387668]         SlotsBuilder.java:434  | Stack#14 endless loop detected
2017-10-06 15:32:04,366 INFO [91387668]         SlotsBuilder.java:427  | S6 MeasureStack#15 Slot{#5 xOffset=309 timeOffset=1/2 incomings=[#7328#7329] SUSPICIOUS}
2017-10-06 15:32:04,367 INFO [91387668]         SlotsBuilder.java:427  | S6 MeasureStack#15 Slot{#7 xOffset=365 timeOffset=5/8 incomings=[#7330] SUSPICIOUS}
2017-10-06 15:32:04,367 INFO [91387668]         SlotsBuilder.java:434  | Stack#15 endless loop detected
2017-10-06 15:32:04,370 INFO [91387668]         SlotsBuilder.java:427  | S6 MeasureStack#17 Slot{#7 xOffset=318 timeOffset=1 incomings=[#7346] SUSPICIOUS}
2017-10-06 15:32:04,371 INFO [91387668]         SlotsBuilder.java:434  | Stack#17 endless loop detected
2017-10-06 15:32:04,372 INFO [91387668]                Voice.java:257  | S6 MeasureStack#17 Voice #1 too long 1/2
2017-10-06 15:32:04,372 INFO [91387668]                Voice.java:257  | S6 MeasureStack#17 Voice #2 too long 1/4
2017-10-06 15:32:04,372 INFO [91387668]           StackTuner.java:92   | S6 MeasureStack#17 no correct rhythm
2017-10-06 15:32:04,375 INFO [91387668]            BasicBook.java:1395 | Stored /book.xml
2017-10-06 15:32:05,663 INFO [91387668]           BasicSheet.java:979  | Stored /sheet#1/sheet#1.xml
2017-10-06 15:32:05,666 INFO [91387668]       StepMonitoring.java:96   | PAGE
2017-10-06 15:32:05,671 INFO [91387668]                Voice.java:257  | S1 MeasureStack#6 Voice #1 too long 3/4
2017-10-06 15:32:05,671 INFO [91387668]                Voice.java:257  | S1 MeasureStack#6 Voice #2 too long 1/4
2017-10-06 15:32:05,671 INFO [91387668]                Voice.java:257  | S2 MeasureStack#8 Voice #1 too long 1/16
2017-10-06 15:32:05,672 INFO [91387668]                Voice.java:257  | S2 MeasureStack#9 Voice #1 too long 1/8
2017-10-06 15:32:05,672 INFO [91387668]                Voice.java:257  | S3 MeasureStack#2 Voice #1 too long 3/8
2017-10-06 15:32:05,672 INFO [91387668]                Voice.java:257  | S3 MeasureStack#3 Voice #1 too long 1/4
2017-10-06 15:32:05,673 INFO [91387668]                Voice.java:257  | S3 MeasureStack#4 Voice #3 too long 1/16
2017-10-06 15:32:05,673 INFO [91387668]                Voice.java:257  | S4 MeasureStack#8 Voice #1 too long 1/2
2017-10-06 15:32:05,673 INFO [91387668]                Voice.java:257  | S4 MeasureStack#8 Voice #2 too long 3/8
2017-10-06 15:32:05,674 INFO [91387668]                Voice.java:257  | S6 MeasureStack#17 Voice #1 too long 1/2
2017-10-06 15:32:05,674 INFO [91387668]                Voice.java:257  | S6 MeasureStack#17 Voice #2 too long 1/4
2017-10-06 15:32:05,676 INFO [91387668]            BasicBook.java:1395 | Stored /book.xml
2017-10-06 15:32:06,944 INFO [91387668]           BasicSheet.java:979  | Stored /sheet#1/sheet#1.xml
2017-10-06 15:32:06,946 INFO [91387668]            BasicStub.java:723  | Sheet{91387668} disposed
2017-10-06 15:32:08,011 INFO [91387668]            BasicStub.java:449  | Loaded /sheet#1/sheet#1.xml
2017-10-06 15:32:08,013 INFO [91387668]            BasicBook.java:1133 | Scores built: 2
2017-10-06 15:32:09,011 WARN [91387668]      PartwiseBuilder.java:1379 | Error visiting null
java.lang.NullPointerException: null
	at org.audiveris.omr.score.PartwiseBuilder.processKey(PartwiseBuilder.java:1344)
	at org.audiveris.omr.score.PartwiseBuilder.processKeys(PartwiseBuilder.java:1407)
	at org.audiveris.omr.score.PartwiseBuilder.processMeasure(PartwiseBuilder.java:1575)
	at org.audiveris.omr.score.PartwiseBuilder.processPart(PartwiseBuilder.java:1988)
	at org.audiveris.omr.score.PartwiseBuilder.processSystem(PartwiseBuilder.java:2528)
	at org.audiveris.omr.score.PartwiseBuilder.processLogicalPart(PartwiseBuilder.java:1433)
	at org.audiveris.omr.score.PartwiseBuilder.processStub(PartwiseBuilder.java:2483)
	at org.audiveris.omr.score.PartwiseBuilder.processPartList(PartwiseBuilder.java:2017)
	at org.audiveris.omr.score.PartwiseBuilder.processScore(PartwiseBuilder.java:2195)
	at org.audiveris.omr.score.PartwiseBuilder.build(PartwiseBuilder.java:307)
	at org.audiveris.omr.score.ScoreExporter.export(ScoreExporter.java:117)
	at org.audiveris.omr.score.ScoreExporter.export(ScoreExporter.java:91)
	at org.audiveris.omr.sheet.BasicBook.export(BasicBook.java:589)
	at org.audiveris.omr.CLI$ProcessingTask.processBook(CLI.java:785)
	at org.audiveris.omr.CLI$CliTask.call(CLI.java:344)
	at org.audiveris.omr.Main.runBatchTasks(Main.java:316)
	at org.audiveris.omr.Main.main(Main.java:155)
	at Audiveris.main(Audiveris.java:49)
2017-10-06 15:32:09,025 WARN [91387668]      PartwiseBuilder.java:1379 | Error visiting null
java.lang.NullPointerException: null
	at org.audiveris.omr.score.PartwiseBuilder.processKey(PartwiseBuilder.java:1344)
	at org.audiveris.omr.score.PartwiseBuilder.processKeys(PartwiseBuilder.java:1407)
	at org.audiveris.omr.score.PartwiseBuilder.processMeasure(PartwiseBuilder.java:1575)
	at org.audiveris.omr.score.PartwiseBuilder.processPart(PartwiseBuilder.java:1988)
	at org.audiveris.omr.score.PartwiseBuilder.processSystem(PartwiseBuilder.java:2528)
	at org.audiveris.omr.score.PartwiseBuilder.processLogicalPart(PartwiseBuilder.java:1433)
	at org.audiveris.omr.score.PartwiseBuilder.processStub(PartwiseBuilder.java:2483)
	at org.audiveris.omr.score.PartwiseBuilder.processPartList(PartwiseBuilder.java:2017)
	at org.audiveris.omr.score.PartwiseBuilder.processScore(PartwiseBuilder.java:2195)
	at org.audiveris.omr.score.PartwiseBuilder.build(PartwiseBuilder.java:307)
	at org.audiveris.omr.score.ScoreExporter.export(ScoreExporter.java:117)
	at org.audiveris.omr.score.ScoreExporter.export(ScoreExporter.java:91)
	at org.audiveris.omr.sheet.BasicBook.export(BasicBook.java:589)
	at org.audiveris.omr.CLI$ProcessingTask.processBook(CLI.java:785)
	at org.audiveris.omr.CLI$CliTask.call(CLI.java:344)
	at org.audiveris.omr.Main.runBatchTasks(Main.java:316)
	at org.audiveris.omr.Main.main(Main.java:155)
	at Audiveris.main(Audiveris.java:49)
2017-10-06 15:32:09,068 INFO [91387668]        ScoreExporter.java:93   | Score 91387668.mvt1 exported to /Users/stephenn/Documents/workspace/nlsomr/xml_out/91386487/91387668/91387668.mvt1.mxl
2017-10-06 15:32:09,070 WARN [91387668]      PartwiseBuilder.java:1379 | Error visiting null
java.lang.NullPointerException: null
	at org.audiveris.omr.score.PartwiseBuilder.processKey(PartwiseBuilder.java:1344)
	at org.audiveris.omr.score.PartwiseBuilder.processKeys(PartwiseBuilder.java:1407)
	at org.audiveris.omr.score.PartwiseBuilder.processMeasure(PartwiseBuilder.java:1575)
	at org.audiveris.omr.score.PartwiseBuilder.processPart(PartwiseBuilder.java:1988)
	at org.audiveris.omr.score.PartwiseBuilder.processSystem(PartwiseBuilder.java:2528)
	at org.audiveris.omr.score.PartwiseBuilder.processLogicalPart(PartwiseBuilder.java:1433)
	at org.audiveris.omr.score.PartwiseBuilder.processStub(PartwiseBuilder.java:2483)
	at org.audiveris.omr.score.PartwiseBuilder.processPartList(PartwiseBuilder.java:2017)
	at org.audiveris.omr.score.PartwiseBuilder.processScore(PartwiseBuilder.java:2195)
	at org.audiveris.omr.score.PartwiseBuilder.build(PartwiseBuilder.java:307)
	at org.audiveris.omr.score.ScoreExporter.export(ScoreExporter.java:117)
	at org.audiveris.omr.score.ScoreExporter.export(ScoreExporter.java:91)
	at org.audiveris.omr.sheet.BasicBook.export(BasicBook.java:589)
	at org.audiveris.omr.CLI$ProcessingTask.processBook(CLI.java:785)
	at org.audiveris.omr.CLI$CliTask.call(CLI.java:344)
	at org.audiveris.omr.Main.runBatchTasks(Main.java:316)
	at org.audiveris.omr.Main.main(Main.java:155)
	at Audiveris.main(Audiveris.java:49)
2017-10-06 15:32:09,124 INFO [91387668]        ScoreExporter.java:93   | Score 91387668.mvt2 exported to /Users/stephenn/Documents/workspace/nlsomr/xml_out/91386487/91387668/91387668.mvt2.mxl
2017-10-06 15:32:09,283 INFO [91387668]            BasicBook.java:1395 | Stored /book.xml
2017-10-06 15:32:09,283 INFO [91387668]            BasicBook.java:1355 | Book stored as /Users/stephenn/Documents/workspace/nlsomr/xml_out/91386487/91387668/91387668.omr
