2017-10-06 15:56:15,706 INFO [91388004]            BasicBook.java:427  | 1 sheet in /Users/stephenn/Documents/workspace/nlsomr/working/91388004.jpg
2017-10-06 15:56:15,870 INFO []            BasicBook.java:1395 | Stored /book.xml
2017-10-06 15:56:15,871 INFO []            BasicBook.java:1355 | Book stored as /Users/stephenn/Documents/workspace/nlsomr/xml_out/91386487/91388004/91388004.omr
2017-10-06 15:56:15,880 INFO []            BasicBook.java:996  | Book reaching PAGE on sheets:[#1]
2017-10-06 15:56:15,882 INFO [91388004]       StepMonitoring.java:96   | LOAD
2017-10-06 15:56:16,044 INFO [91388004]            BasicBook.java:911  | Loaded image 1 2000x3056 from /Users/stephenn/Documents/workspace/nlsomr/working/91388004.jpg
2017-10-06 15:56:16,049 INFO [91388004]            ImageUtil.java:82   | Converting max RGB to gray ...
2017-10-06 15:56:16,292 INFO [91388004]            BasicBook.java:1395 | Stored /book.xml
2017-10-06 15:56:16,631 INFO [91388004]           BasicSheet.java:979  | Stored /sheet#1/sheet#1.xml
2017-10-06 15:56:16,634 INFO [91388004]       StepMonitoring.java:96   | BINARY
2017-10-06 15:56:17,222 INFO [91388004]            BasicBook.java:1395 | Stored /book.xml
2017-10-06 15:56:17,559 INFO [91388004]              Picture.java:786  | Stored /sheet#1/BINARY.xml
2017-10-06 15:56:17,561 INFO [91388004]           BasicSheet.java:979  | Stored /sheet#1/sheet#1.xml
2017-10-06 15:56:17,563 INFO [91388004]       StepMonitoring.java:96   | SCALE
2017-10-06 15:56:17,607 INFO [91388004]            ScaleStep.java:87   | Scale{line(3,4,5) interline(16,16,17) beam(13)}
2017-10-06 15:56:17,609 INFO [91388004]            BasicBook.java:1395 | Stored /book.xml
2017-10-06 15:56:17,612 INFO [91388004]           BasicSheet.java:979  | Stored /sheet#1/sheet#1.xml
2017-10-06 15:56:17,614 INFO [91388004]       StepMonitoring.java:96   | GRID
2017-10-06 15:56:18,680 INFO [91388004]       LinesRetriever.java:442  | Global slope: 0.00022
2017-10-06 15:56:18,833 INFO [91388004]    ClustersRetriever.java:241  | Retrieved line clusters: 12 of size: 5 with interline: (16,16,17)
2017-10-06 15:56:19,574 INFO [91388004]            PeakGraph.java:181  | Systems: #1[1, 2] #2[3, 4] #3[5, 6] #4[7, 8] #5[9, 10] #6[11, 12]
2017-10-06 15:56:20,423 INFO [91388004]        SystemManager.java:626  | Indentation detected for system#3
2017-10-06 15:56:20,424 INFO [91388004]        SystemManager.java:671  | 2 pages found in sheet
2017-10-06 15:56:20,424 INFO [91388004]        SystemManager.java:709  | Page #1: 1 part along 2 systems
2017-10-06 15:56:20,424 INFO [91388004]        SystemManager.java:709  | Page #2: 1 part along 4 systems
2017-10-06 15:56:20,428 INFO [91388004]            BasicBook.java:1395 | Stored /book.xml
2017-10-06 15:56:20,686 INFO [91388004]           BasicSheet.java:979  | Stored /sheet#1/sheet#1.xml
2017-10-06 15:56:20,689 INFO [91388004]       StepMonitoring.java:96   | HEADERS
2017-10-06 15:56:21,153 INFO []          Nd4jBackend.java:194  | Loaded [CpuBackend] backend
2017-10-06 15:56:21,333 INFO []      NativeOpsHolder.java:49   | Number of threads used for NativeOps: 2
2017-10-06 15:56:22,016 INFO [] DefaultOpExecutioner.java:544  | Backend used: [CPU]; OS: [Mac OS X]
2017-10-06 15:56:22,016 INFO [] DefaultOpExecutioner.java:545  | Cores: [4]; Memory: [3.6GB];
2017-10-06 15:56:22,017 INFO [] DefaultOpExecutioner.java:546  | Blas vendor: [OPENBLAS]
2017-10-06 15:56:22,066 INFO []   AbstractClassifier.java:332  | Classifier data loaded from default uri jar:file:/Users/stephenn/Documents/workspace/audiveris/build/distributions/Audiveris/lib/audiveris.jar!/res/basic-classifier.zip
2017-10-06 15:56:23,674 INFO [91388004]           KeyBuilder.java:916  | Staff#1 key replication failed.
2017-10-06 15:56:23,901 WARN [91388004]          ClefBuilder.java:560  | Staff#4 no header clef.
2017-10-06 15:56:24,146 WARN [91388004]          ClefBuilder.java:560  | Staff#6 no header clef.
2017-10-06 15:56:24,507 INFO [91388004]           KeyBuilder.java:916  | Staff#7 key replication failed.
2017-10-06 15:56:24,508 INFO [91388004]           KeyBuilder.java:746  | Staff#8 key slice#1 pitch adjusted from 2.5 to 2
2017-10-06 15:56:24,932 WARN [91388004]          ClefBuilder.java:560  | Staff#12 no header clef.
2017-10-06 15:56:24,964 INFO [91388004]            BasicBook.java:1395 | Stored /book.xml
2017-10-06 15:56:25,310 INFO [91388004]           BasicSheet.java:979  | Stored /sheet#1/sheet#1.xml
2017-10-06 15:56:25,312 INFO [91388004]       StepMonitoring.java:96   | STEM_SEEDS
2017-10-06 15:56:25,433 INFO [91388004]        StemSeedsStep.java:91   | stem(4 max:5)
2017-10-06 15:56:25,562 INFO [91388004]            BasicBook.java:1395 | Stored /book.xml
2017-10-06 15:56:25,607 INFO []   AbstractClassifier.java:332  | Classifier data loaded from default uri jar:file:/Users/stephenn/Documents/workspace/audiveris/build/distributions/Audiveris/lib/audiveris.jar!/res/deep-classifier.zip
2017-10-06 15:56:25,885 INFO [91388004]           BasicSheet.java:979  | Stored /sheet#1/sheet#1.xml
2017-10-06 15:56:25,887 INFO [91388004]       StepMonitoring.java:96   | BEAMS
2017-10-06 15:56:31,002 INFO [91388004]            BeamsStep.java:89   | BeamDistance{count:25 mean:15.23 stdDev:0.53}
2017-10-06 15:56:31,005 INFO [91388004]            BasicBook.java:1395 | Stored /book.xml
2017-10-06 15:56:31,069 INFO [91388004]              Picture.java:786  | Stored /sheet#1/HEAD_SPOTS.xml
2017-10-06 15:56:31,483 INFO [91388004]           BasicSheet.java:979  | Stored /sheet#1/sheet#1.xml
2017-10-06 15:56:31,486 INFO [91388004]       StepMonitoring.java:96   | LEDGERS
2017-10-06 15:56:32,086 INFO [91388004]            BasicBook.java:1395 | Stored /book.xml
2017-10-06 15:56:32,546 INFO [91388004]           BasicSheet.java:979  | Stored /sheet#1/sheet#1.xml
2017-10-06 15:56:32,549 INFO [91388004]       StepMonitoring.java:96   | HEADS
2017-10-06 15:56:36,216 INFO [91388004]            BasicBook.java:1395 | Stored /book.xml
2017-10-06 15:56:37,149 INFO [91388004]           BasicSheet.java:979  | Stored /sheet#1/sheet#1.xml
2017-10-06 15:56:37,153 INFO [91388004]       StepMonitoring.java:96   | STEMS
2017-10-06 15:56:40,071 INFO [91388004]            BasicBook.java:1395 | Stored /book.xml
2017-10-06 15:56:41,366 INFO [91388004]           BasicSheet.java:979  | Stored /sheet#1/sheet#1.xml
2017-10-06 15:56:41,369 INFO [91388004]       StepMonitoring.java:96   | REDUCTION
2017-10-06 15:56:41,863 INFO [91388004]            BasicBook.java:1395 | Stored /book.xml
2017-10-06 15:56:42,629 INFO [91388004]           BasicSheet.java:979  | Stored /sheet#1/sheet#1.xml
2017-10-06 15:56:42,632 INFO [91388004]       StepMonitoring.java:96   | CUE_BEAMS
2017-10-06 15:56:42,636 INFO [91388004]            BasicBook.java:1395 | Stored /book.xml
2017-10-06 15:56:43,517 INFO [91388004]           BasicSheet.java:979  | Stored /sheet#1/sheet#1.xml
2017-10-06 15:56:43,519 INFO [91388004]       StepMonitoring.java:96   | TEXTS
2017-10-06 15:56:45,646 INFO [91388004]            BasicBook.java:1395 | Stored /book.xml
2017-10-06 15:56:46,219 INFO [91388004]           BasicSheet.java:979  | Stored /sheet#1/sheet#1.xml
2017-10-06 15:56:46,221 INFO [91388004]       StepMonitoring.java:96   | MEASURES
2017-10-06 15:56:46,224 INFO [91388004]      MeasuresBuilder.java:316  | S2 partial barline column: s4:G(x:1352,y:922)[#71]
2017-10-06 15:56:46,225 INFO [91388004]      MeasuresBuilder.java:328  | S2 deleting   half column: s4:G(x:1352,y:922)[#71]
2017-10-06 15:56:46,226 INFO [91388004]      MeasuresBuilder.java:316  | S4 partial barline column: s8:G(x:764,y:1841)[#177]
2017-10-06 15:56:46,226 INFO [91388004]      MeasuresBuilder.java:328  | S4 deleting   half column: s8:G(x:764,y:1841)[#177]
2017-10-06 15:56:46,227 INFO [91388004]                 Page.java:210  | 9 raw measures: [5 in system#1, 4 in system#2]
2017-10-06 15:56:46,227 INFO [91388004]                 Page.java:210  | 17 raw measures: [4 in system#3, 5 in system#4, 4 in system#5, 4 in system#6]
2017-10-06 15:56:46,229 INFO [91388004]            BasicBook.java:1395 | Stored /book.xml
2017-10-06 15:56:46,787 INFO [91388004]           BasicSheet.java:979  | Stored /sheet#1/sheet#1.xml
2017-10-06 15:56:46,789 INFO [91388004]       StepMonitoring.java:96   | CHORDS
2017-10-06 15:56:46,806 INFO [91388004]            BasicBook.java:1395 | Stored /book.xml
2017-10-06 15:56:47,415 INFO [91388004]           BasicSheet.java:979  | Stored /sheet#1/sheet#1.xml
2017-10-06 15:56:47,418 INFO [91388004]       StepMonitoring.java:96   | CURVES
2017-10-06 15:56:49,531 INFO [91388004]         SlursBuilder.java:157  | Slurs: 24
2017-10-06 15:56:49,604 INFO [91388004]      SegmentsBuilder.java:113  | Segments: 26
2017-10-06 15:56:49,614 INFO [91388004]            BasicBook.java:1395 | Stored /book.xml
2017-10-06 15:56:50,655 INFO [91388004]           BasicSheet.java:979  | Stored /sheet#1/sheet#1.xml
2017-10-06 15:56:50,658 INFO [91388004]       StepMonitoring.java:96   | SYMBOLS
2017-10-06 15:56:56,799 INFO [91388004]            BasicBook.java:1395 | Stored /book.xml
2017-10-06 15:56:57,953 INFO [91388004]           BasicSheet.java:979  | Stored /sheet#1/sheet#1.xml
2017-10-06 15:56:57,955 INFO [91388004]       StepMonitoring.java:96   | LINKS
2017-10-06 15:56:57,967 INFO [91388004]        SymbolsLinker.java:252  | No chord above PedalInter{#6224(0.799) PEDAL_UP_MARK}
2017-10-06 15:56:57,967 INFO [91388004]        SymbolsLinker.java:252  | No chord above PedalInter{#6240(0.539) PEDAL_UP_MARK}
2017-10-06 15:56:57,968 INFO [91388004]        SymbolsLinker.java:252  | No chord above PedalInter{#6280(0.799) PEDAL_UP_MARK}
2017-10-06 15:56:57,978 INFO [91388004]        SymbolsLinker.java:323  | No chord above direction SentenceInter{#4623(0.681) s:5 BS-54 Direction} Arranmore Air.
2017-10-06 15:56:57,992 INFO [91388004]        SymbolsLinker.java:323  | No chord above direction SentenceInter{#4640(0.602) s:9 BS-34 Direction} -_-
2017-10-06 15:56:58,014 INFO [91388004]            BasicBook.java:1395 | Stored /book.xml
2017-10-06 15:56:59,158 INFO [91388004]           BasicSheet.java:979  | Stored /sheet#1/sheet#1.xml
2017-10-06 15:56:59,160 INFO [91388004]       StepMonitoring.java:96   | RHYTHMS
2017-10-06 15:56:59,182 INFO [91388004]         SlotsBuilder.java:434  | Stack#6 endless loop detected
2017-10-06 15:56:59,189 INFO [91388004]           PageRhythm.java:314  | Range{1-9} Durations avgGuess:3/4 topGuess:1/2 avgValue:0.66 stacks:9 voices:23 Histogram{1/4-1 size:6 [1/4=2 1/2=11 5/8=1 3/4=4 7/8=2 1=3]}
2017-10-06 15:56:59,190 INFO [91388004]           PageRhythm.java:221  | S1 Range{1-9 dur:3/4} should update to 3/4-based time sig?
2017-10-06 15:56:59,192 INFO [91388004]         SlotsBuilder.java:427  | S1 MeasureStack#2 Slot{#3 xOffset=131 timeOffset=3/4 incomings=[#4682] SUSPICIOUS}
2017-10-06 15:56:59,193 INFO [91388004]         SlotsBuilder.java:427  | S1 MeasureStack#2 Slot{#5 xOffset=198 timeOffset=9/8 incomings=[#4683] SUSPICIOUS}
2017-10-06 15:56:59,195 INFO [91388004]                Voice.java:257  | S1 MeasureStack#2 Voice #1 too long 3/4
2017-10-06 15:56:59,196 INFO [91388004]                Voice.java:257  | S1 MeasureStack#2 Voice #2 too long 1/4
2017-10-06 15:56:59,197 INFO [91388004]           StackTuner.java:92   | S1 MeasureStack#2 no correct rhythm
2017-10-06 15:56:59,199 INFO [91388004]         SlotsBuilder.java:427  | S1 MeasureStack#3 Slot{#3 xOffset=132 timeOffset=3/4 incomings=[#4685] SUSPICIOUS}
2017-10-06 15:56:59,200 INFO [91388004]                Voice.java:257  | S1 MeasureStack#3 Voice #1 too long 1/2
2017-10-06 15:56:59,200 INFO [91388004]                Voice.java:257  | S1 MeasureStack#3 Voice #2 too long 1/2
2017-10-06 15:56:59,200 INFO [91388004]                Voice.java:257  | S1 MeasureStack#3 Voice #3 too long 1/2
2017-10-06 15:56:59,200 INFO [91388004]           StackTuner.java:92   | S1 MeasureStack#3 no correct rhythm
2017-10-06 15:56:59,202 INFO [91388004]         SlotsBuilder.java:427  | S1 MeasureStack#4 Slot{#3 xOffset=140 timeOffset=1/2 incomings=[#4688] SUSPICIOUS}
2017-10-06 15:56:59,203 INFO [91388004]                Voice.java:257  | S1 MeasureStack#4 Voice #1 too long 3/8
2017-10-06 15:56:59,203 INFO [91388004]                Voice.java:257  | S1 MeasureStack#4 Voice #2 too long 1/4
2017-10-06 15:56:59,203 INFO [91388004]                Voice.java:257  | S1 MeasureStack#4 Voice #3 too long 1/4
2017-10-06 15:56:59,204 INFO [91388004]           StackTuner.java:92   | S1 MeasureStack#4 no correct rhythm
2017-10-06 15:56:59,205 INFO [91388004]                Voice.java:257  | S1 MeasureStack#5 Voice #1 too long 1/4
2017-10-06 15:56:59,205 INFO [91388004]                Voice.java:257  | S1 MeasureStack#5 Voice #2 too long 1/4
2017-10-06 15:56:59,205 INFO [91388004]                Voice.java:257  | S1 MeasureStack#5 Voice #3 too long 1/4
2017-10-06 15:56:59,206 INFO [91388004]           StackTuner.java:92   | S1 MeasureStack#5 no correct rhythm
2017-10-06 15:56:59,208 INFO [91388004]         SlotsBuilder.java:434  | Stack#6 endless loop detected
2017-10-06 15:56:59,211 INFO [91388004]                Voice.java:257  | S2 MeasureStack#7 Voice #1 too long 1/8
2017-10-06 15:56:59,211 INFO [91388004]           StackTuner.java:92   | S2 MeasureStack#7 no correct rhythm
2017-10-06 15:56:59,212 INFO [91388004]                Voice.java:257  | S2 MeasureStack#8 Voice #2 too long 1/8
2017-10-06 15:56:59,213 INFO [91388004]           StackTuner.java:92   | S2 MeasureStack#8 no correct rhythm
2017-10-06 15:56:59,223 INFO [91388004]         SlotsBuilder.java:399  | Stack#6 suspicious Slot{#3 xOffset=185 timeOffset=1/4 incomings=[#4769]}
2017-10-06 15:56:59,227 INFO [91388004]         SlotsBuilder.java:399  | Stack#10 suspicious Slot{#2 xOffset=263 timeOffset=1/8 incomings=[#4825]}
2017-10-06 15:56:59,228 INFO [91388004]         SlotsBuilder.java:399  | Stack#11 suspicious Slot{#2 xOffset=129 timeOffset=1/8 incomings=[#4831]}
2017-10-06 15:56:59,236 INFO [91388004]         SlotsBuilder.java:399  | Stack#16 suspicious Slot{#5 xOffset=310 timeOffset=3/8 incomings=[#4875]}
2017-10-06 15:56:59,237 INFO [91388004]           PageRhythm.java:314  | Range{1-17} Durations avgGuess:1/2 topGuess:1/2 avgValue:0.54 stacks:17 voices:44 Histogram{1/8-19/16 size:9 [1/8=2 3/16=3 1/4=7 5/16=1 3/8=6 7/16=1 1/2=21 5/8=2 19/16=1]}
2017-10-06 15:56:59,238 INFO [91388004]           PageRhythm.java:221  | S3 Range{1-17 dur:1/2} should update to 1/2-based time sig?
2017-10-06 15:56:59,239 INFO [91388004]                Voice.java:257  | S3 MeasureStack#1 Voice #1 too long 11/16
2017-10-06 15:56:59,239 INFO [91388004]           StackTuner.java:92   | S3 MeasureStack#1 no correct rhythm
2017-10-06 15:56:59,245 INFO [91388004]                Voice.java:257  | S4 MeasureStack#5 Voice #1 too long 1/8
2017-10-06 15:56:59,246 INFO [91388004]                Voice.java:257  | S4 MeasureStack#5 Voice #2 too long 1/8
2017-10-06 15:56:59,246 INFO [91388004]           StackTuner.java:92   | S4 MeasureStack#5 no correct rhythm
2017-10-06 15:56:59,248 INFO [91388004]         SlotsBuilder.java:427  | S4 MeasureStack#6 Slot{#5 xOffset=253 timeOffset=3/8 incomings=[#4770] SUSPICIOUS}
2017-10-06 15:56:59,249 INFO [91388004]         SlotsBuilder.java:427  | S4 MeasureStack#7 Slot{#5 xOffset=233 timeOffset=3/8 incomings=[#4775] SUSPICIOUS}
2017-10-06 15:56:59,252 INFO [91388004]         SlotsBuilder.java:427  | S4 MeasureStack#8 Slot{#3 xOffset=110 timeOffset=3/16 incomings=[#4778] SUSPICIOUS}
2017-10-06 15:56:59,252 INFO [91388004]         SlotsBuilder.java:427  | S4 MeasureStack#8 Slot{#6 xOffset=187 timeOffset=5/16 incomings=[#4780] SUSPICIOUS}
2017-10-06 15:56:59,253 INFO [91388004]         SlotsBuilder.java:427  | S4 MeasureStack#8 Slot{#8 xOffset=251 timeOffset=7/16 incomings=[#4781] SUSPICIOUS}
2017-10-06 15:56:59,253 INFO [91388004]                Voice.java:257  | S4 MeasureStack#8 Voice #1 too long 1/16
2017-10-06 15:56:59,254 INFO [91388004]                Voice.java:257  | S4 MeasureStack#8 Voice #2 too long 1/16
2017-10-06 15:56:59,254 INFO [91388004]           StackTuner.java:92   | S4 MeasureStack#8 no correct rhythm
2017-10-06 15:56:59,256 INFO [91388004]         SlotsBuilder.java:427  | S5 MeasureStack#10 Slot{#5 xOffset=364 timeOffset=1/4 incomings=[#4826] SUSPICIOUS}
2017-10-06 15:56:59,256 INFO [91388004]         SlotsBuilder.java:427  | S5 MeasureStack#10 Slot{#7 xOffset=441 timeOffset=3/8 incomings=[#4827] SUSPICIOUS}
2017-10-06 15:56:59,258 INFO [91388004]         SlotsBuilder.java:427  | S5 MeasureStack#11 Slot{#5 xOffset=225 timeOffset=5/16 incomings=[#4832] SUSPICIOUS}
2017-10-06 15:56:59,259 INFO [91388004]         SlotsBuilder.java:434  | Stack#11 endless loop detected
2017-10-06 15:56:59,264 INFO [91388004]         SlotsBuilder.java:427  | S6 MeasureStack#14 Slot{#3 xOffset=270 timeOffset=3/16 incomings=[#4863] SUSPICIOUS}
2017-10-06 15:56:59,264 INFO [91388004]         SlotsBuilder.java:427  | S6 MeasureStack#14 Slot{#6 xOffset=390 timeOffset=5/16 incomings=[#4864] SUSPICIOUS}
2017-10-06 15:56:59,265 INFO [91388004]         SlotsBuilder.java:434  | Stack#14 endless loop detected
2017-10-06 15:56:59,279 INFO [91388004]            BasicBook.java:1395 | Stored /book.xml
2017-10-06 15:57:00,452 INFO [91388004]           BasicSheet.java:979  | Stored /sheet#1/sheet#1.xml
2017-10-06 15:57:00,455 INFO [91388004]       StepMonitoring.java:96   | PAGE
2017-10-06 15:57:00,459 INFO [91388004]                 Part.java:267  | Could not left-connect slur#5063
2017-10-06 15:57:00,461 INFO [91388004]                Voice.java:257  | S1 MeasureStack#2 Voice #1 too long 3/4
2017-10-06 15:57:00,462 INFO [91388004]                Voice.java:257  | S1 MeasureStack#2 Voice #2 too long 1/4
2017-10-06 15:57:00,462 INFO [91388004]                Voice.java:257  | S1 MeasureStack#3 Voice #1 too long 1/2
2017-10-06 15:57:00,462 INFO [91388004]                Voice.java:257  | S1 MeasureStack#3 Voice #2 too long 1/2
2017-10-06 15:57:00,463 INFO [91388004]                Voice.java:257  | S1 MeasureStack#3 Voice #3 too long 1/2
2017-10-06 15:57:00,464 INFO [91388004]                Voice.java:257  | S1 MeasureStack#4 Voice #1 too long 3/8
2017-10-06 15:57:00,464 INFO [91388004]                Voice.java:257  | S1 MeasureStack#4 Voice #2 too long 1/4
2017-10-06 15:57:00,465 INFO [91388004]                Voice.java:257  | S1 MeasureStack#4 Voice #3 too long 1/4
2017-10-06 15:57:00,465 INFO [91388004]                Voice.java:257  | S1 MeasureStack#5 Voice #1 too long 1/4
2017-10-06 15:57:00,465 INFO [91388004]                Voice.java:257  | S1 MeasureStack#5 Voice #2 too long 1/4
2017-10-06 15:57:00,465 INFO [91388004]                Voice.java:257  | S1 MeasureStack#5 Voice #3 too long 1/4
2017-10-06 15:57:00,466 INFO [91388004]                Voice.java:257  | S2 MeasureStack#7 Voice #1 too long 1/8
2017-10-06 15:57:00,467 INFO [91388004]                Voice.java:257  | S2 MeasureStack#8 Voice #2 too long 1/8
2017-10-06 15:57:00,470 INFO [91388004]                Voice.java:257  | S3 MeasureStack#1 Voice #1 too long 11/16
2017-10-06 15:57:00,472 INFO [91388004]                Voice.java:257  | S4 MeasureStack#5 Voice #1 too long 1/8
2017-10-06 15:57:00,472 INFO [91388004]                Voice.java:257  | S4 MeasureStack#5 Voice #2 too long 1/8
2017-10-06 15:57:00,472 INFO [91388004]                Voice.java:257  | S4 MeasureStack#8 Voice #1 too long 1/16
2017-10-06 15:57:00,473 INFO [91388004]                Voice.java:257  | S4 MeasureStack#8 Voice #2 too long 1/16
2017-10-06 15:57:00,484 INFO [91388004]            BasicBook.java:1395 | Stored /book.xml
2017-10-06 15:57:01,697 INFO [91388004]           BasicSheet.java:979  | Stored /sheet#1/sheet#1.xml
2017-10-06 15:57:01,700 INFO [91388004]            BasicStub.java:723  | Sheet{91388004} disposed
2017-10-06 15:57:02,922 INFO [91388004]            BasicStub.java:449  | Loaded /sheet#1/sheet#1.xml
2017-10-06 15:57:02,924 INFO [91388004]            BasicBook.java:1133 | Scores built: 2
2017-10-06 15:57:04,039 WARN [91388004]      PartwiseBuilder.java:1379 | Error visiting null
java.lang.NullPointerException: null
	at org.audiveris.omr.score.PartwiseBuilder.processKey(PartwiseBuilder.java:1344)
	at org.audiveris.omr.score.PartwiseBuilder.processKeys(PartwiseBuilder.java:1407)
	at org.audiveris.omr.score.PartwiseBuilder.processMeasure(PartwiseBuilder.java:1575)
	at org.audiveris.omr.score.PartwiseBuilder.processPart(PartwiseBuilder.java:1988)
	at org.audiveris.omr.score.PartwiseBuilder.processSystem(PartwiseBuilder.java:2528)
	at org.audiveris.omr.score.PartwiseBuilder.processLogicalPart(PartwiseBuilder.java:1433)
	at org.audiveris.omr.score.PartwiseBuilder.processStub(PartwiseBuilder.java:2483)
	at org.audiveris.omr.score.PartwiseBuilder.processPartList(PartwiseBuilder.java:2017)
	at org.audiveris.omr.score.PartwiseBuilder.processScore(PartwiseBuilder.java:2195)
	at org.audiveris.omr.score.PartwiseBuilder.build(PartwiseBuilder.java:307)
	at org.audiveris.omr.score.ScoreExporter.export(ScoreExporter.java:117)
	at org.audiveris.omr.score.ScoreExporter.export(ScoreExporter.java:91)
	at org.audiveris.omr.sheet.BasicBook.export(BasicBook.java:589)
	at org.audiveris.omr.CLI$ProcessingTask.processBook(CLI.java:785)
	at org.audiveris.omr.CLI$CliTask.call(CLI.java:344)
	at org.audiveris.omr.Main.runBatchTasks(Main.java:316)
	at org.audiveris.omr.Main.main(Main.java:155)
	at Audiveris.main(Audiveris.java:49)
2017-10-06 15:57:04,050 WARN [91388004]      PartwiseBuilder.java:1379 | Error visiting null
java.lang.NullPointerException: null
	at org.audiveris.omr.score.PartwiseBuilder.processKey(PartwiseBuilder.java:1344)
	at org.audiveris.omr.score.PartwiseBuilder.processKeys(PartwiseBuilder.java:1407)
	at org.audiveris.omr.score.PartwiseBuilder.processMeasure(PartwiseBuilder.java:1575)
	at org.audiveris.omr.score.PartwiseBuilder.processPart(PartwiseBuilder.java:1988)
	at org.audiveris.omr.score.PartwiseBuilder.processSystem(PartwiseBuilder.java:2528)
	at org.audiveris.omr.score.PartwiseBuilder.processLogicalPart(PartwiseBuilder.java:1433)
	at org.audiveris.omr.score.PartwiseBuilder.processStub(PartwiseBuilder.java:2483)
	at org.audiveris.omr.score.PartwiseBuilder.processPartList(PartwiseBuilder.java:2017)
	at org.audiveris.omr.score.PartwiseBuilder.processScore(PartwiseBuilder.java:2195)
	at org.audiveris.omr.score.PartwiseBuilder.build(PartwiseBuilder.java:307)
	at org.audiveris.omr.score.ScoreExporter.export(ScoreExporter.java:117)
	at org.audiveris.omr.score.ScoreExporter.export(ScoreExporter.java:91)
	at org.audiveris.omr.sheet.BasicBook.export(BasicBook.java:589)
	at org.audiveris.omr.CLI$ProcessingTask.processBook(CLI.java:785)
	at org.audiveris.omr.CLI$CliTask.call(CLI.java:344)
	at org.audiveris.omr.Main.runBatchTasks(Main.java:316)
	at org.audiveris.omr.Main.main(Main.java:155)
	at Audiveris.main(Audiveris.java:49)
2017-10-06 15:57:04,099 INFO [91388004]        ScoreExporter.java:93   | Score 91388004.mvt1 exported to /Users/stephenn/Documents/workspace/nlsomr/xml_out/91386487/91388004/91388004.mvt1.mxl
2017-10-06 15:57:04,100 WARN [91388004]      PartwiseBuilder.java:1379 | Error visiting null
java.lang.NullPointerException: null
	at org.audiveris.omr.score.PartwiseBuilder.processKey(PartwiseBuilder.java:1344)
	at org.audiveris.omr.score.PartwiseBuilder.processKeys(PartwiseBuilder.java:1407)
	at org.audiveris.omr.score.PartwiseBuilder.processMeasure(PartwiseBuilder.java:1575)
	at org.audiveris.omr.score.PartwiseBuilder.processPart(PartwiseBuilder.java:1988)
	at org.audiveris.omr.score.PartwiseBuilder.processSystem(PartwiseBuilder.java:2528)
	at org.audiveris.omr.score.PartwiseBuilder.processLogicalPart(PartwiseBuilder.java:1433)
	at org.audiveris.omr.score.PartwiseBuilder.processStub(PartwiseBuilder.java:2483)
	at org.audiveris.omr.score.PartwiseBuilder.processPartList(PartwiseBuilder.java:2017)
	at org.audiveris.omr.score.PartwiseBuilder.processScore(PartwiseBuilder.java:2195)
	at org.audiveris.omr.score.PartwiseBuilder.build(PartwiseBuilder.java:307)
	at org.audiveris.omr.score.ScoreExporter.export(ScoreExporter.java:117)
	at org.audiveris.omr.score.ScoreExporter.export(ScoreExporter.java:91)
	at org.audiveris.omr.sheet.BasicBook.export(BasicBook.java:589)
	at org.audiveris.omr.CLI$ProcessingTask.processBook(CLI.java:785)
	at org.audiveris.omr.CLI$CliTask.call(CLI.java:344)
	at org.audiveris.omr.Main.runBatchTasks(Main.java:316)
	at org.audiveris.omr.Main.main(Main.java:155)
	at Audiveris.main(Audiveris.java:49)
2017-10-06 15:57:04,106 WARN [91388004]      PartwiseBuilder.java:1379 | Error visiting null
java.lang.NullPointerException: null
	at org.audiveris.omr.score.PartwiseBuilder.processKey(PartwiseBuilder.java:1344)
	at org.audiveris.omr.score.PartwiseBuilder.processKeys(PartwiseBuilder.java:1407)
	at org.audiveris.omr.score.PartwiseBuilder.processMeasure(PartwiseBuilder.java:1575)
	at org.audiveris.omr.score.PartwiseBuilder.processPart(PartwiseBuilder.java:1988)
	at org.audiveris.omr.score.PartwiseBuilder.processSystem(PartwiseBuilder.java:2528)
	at org.audiveris.omr.score.PartwiseBuilder.processLogicalPart(PartwiseBuilder.java:1433)
	at org.audiveris.omr.score.PartwiseBuilder.processStub(PartwiseBuilder.java:2483)
	at org.audiveris.omr.score.PartwiseBuilder.processPartList(PartwiseBuilder.java:2017)
	at org.audiveris.omr.score.PartwiseBuilder.processScore(PartwiseBuilder.java:2195)
	at org.audiveris.omr.score.PartwiseBuilder.build(PartwiseBuilder.java:307)
	at org.audiveris.omr.score.ScoreExporter.export(ScoreExporter.java:117)
	at org.audiveris.omr.score.ScoreExporter.export(ScoreExporter.java:91)
	at org.audiveris.omr.sheet.BasicBook.export(BasicBook.java:589)
	at org.audiveris.omr.CLI$ProcessingTask.processBook(CLI.java:785)
	at org.audiveris.omr.CLI$CliTask.call(CLI.java:344)
	at org.audiveris.omr.Main.runBatchTasks(Main.java:316)
	at org.audiveris.omr.Main.main(Main.java:155)
	at Audiveris.main(Audiveris.java:49)
2017-10-06 15:57:04,144 INFO [91388004]        ScoreExporter.java:93   | Score 91388004.mvt2 exported to /Users/stephenn/Documents/workspace/nlsomr/xml_out/91386487/91388004/91388004.mvt2.mxl
2017-10-06 15:57:04,297 INFO [91388004]            BasicBook.java:1395 | Stored /book.xml
2017-10-06 15:57:04,297 INFO [91388004]            BasicBook.java:1355 | Book stored as /Users/stephenn/Documents/workspace/nlsomr/xml_out/91386487/91388004/91388004.omr
