2017-10-06 15:39:15,146 INFO [91387776]            BasicBook.java:427  | 1 sheet in /Users/stephenn/Documents/workspace/nlsomr/working/91387776.jpg
2017-10-06 15:39:15,312 INFO []            BasicBook.java:1395 | Stored /book.xml
2017-10-06 15:39:15,312 INFO []            BasicBook.java:1355 | Book stored as /Users/stephenn/Documents/workspace/nlsomr/xml_out/91386487/91387776/91387776.omr
2017-10-06 15:39:15,318 INFO []            BasicBook.java:996  | Book reaching PAGE on sheets:[#1]
2017-10-06 15:39:15,320 INFO [91387776]       StepMonitoring.java:96   | LOAD
2017-10-06 15:39:15,470 INFO [91387776]            BasicBook.java:911  | Loaded image 1 2000x3056 from /Users/stephenn/Documents/workspace/nlsomr/working/91387776.jpg
2017-10-06 15:39:15,474 INFO [91387776]            ImageUtil.java:82   | Converting max RGB to gray ...
2017-10-06 15:39:15,710 INFO [91387776]            BasicBook.java:1395 | Stored /book.xml
2017-10-06 15:39:16,022 INFO [91387776]           BasicSheet.java:979  | Stored /sheet#1/sheet#1.xml
2017-10-06 15:39:16,024 INFO [91387776]       StepMonitoring.java:96   | BINARY
2017-10-06 15:39:16,604 INFO [91387776]            BasicBook.java:1395 | Stored /book.xml
2017-10-06 15:39:16,902 INFO [91387776]              Picture.java:786  | Stored /sheet#1/BINARY.xml
2017-10-06 15:39:16,904 INFO [91387776]           BasicSheet.java:979  | Stored /sheet#1/sheet#1.xml
2017-10-06 15:39:16,907 INFO [91387776]       StepMonitoring.java:96   | SCALE
2017-10-06 15:39:16,944 INFO [91387776]         ScaleBuilder.java:229  | No beam key found, guessed value 10
2017-10-06 15:39:16,945 INFO [91387776]            ScaleStep.java:87   | Scale{line(4,5,6) interline(16,17,17) beam(10 extra)}
2017-10-06 15:39:16,948 INFO [91387776]            BasicBook.java:1395 | Stored /book.xml
2017-10-06 15:39:16,950 INFO [91387776]           BasicSheet.java:979  | Stored /sheet#1/sheet#1.xml
2017-10-06 15:39:16,952 INFO [91387776]       StepMonitoring.java:96   | GRID
2017-10-06 15:39:17,802 INFO [91387776]       LinesRetriever.java:442  | Global slope: 0.00061
2017-10-06 15:39:17,880 INFO [91387776]    ClustersRetriever.java:241  | Retrieved line clusters: 10 of size: 5 with interline: (16,17,17)
2017-10-06 15:39:18,386 INFO [91387776]            PeakGraph.java:181  | Systems: #1[1, 2] #2[3, 4] #3[5, 6] #4[7, 8] #5[9, 10]
2017-10-06 15:39:19,404 INFO [91387776]        SystemManager.java:626  | Indentation detected for system#1
2017-10-06 15:39:19,405 INFO [91387776]        SystemManager.java:626  | Indentation detected for system#5
2017-10-06 15:39:19,406 INFO [91387776]        SystemManager.java:671  | 2 pages found in sheet
2017-10-06 15:39:19,406 INFO [91387776]        SystemManager.java:709  | Page #1: 1 part along 4 systems
2017-10-06 15:39:19,407 INFO [91387776]        SystemManager.java:709  | Page #2: 1 part along 1 system
2017-10-06 15:39:19,410 INFO [91387776]            BasicBook.java:1395 | Stored /book.xml
2017-10-06 15:39:19,608 INFO [91387776]           BasicSheet.java:979  | Stored /sheet#1/sheet#1.xml
2017-10-06 15:39:19,611 INFO [91387776]       StepMonitoring.java:96   | HEADERS
2017-10-06 15:39:20,075 INFO []          Nd4jBackend.java:194  | Loaded [CpuBackend] backend
2017-10-06 15:39:20,147 INFO []      NativeOpsHolder.java:49   | Number of threads used for NativeOps: 2
2017-10-06 15:39:20,588 INFO [] DefaultOpExecutioner.java:544  | Backend used: [CPU]; OS: [Mac OS X]
2017-10-06 15:39:20,589 INFO [] DefaultOpExecutioner.java:545  | Cores: [4]; Memory: [3.6GB];
2017-10-06 15:39:20,590 INFO [] DefaultOpExecutioner.java:546  | Blas vendor: [OPENBLAS]
2017-10-06 15:39:20,639 INFO []   AbstractClassifier.java:332  | Classifier data loaded from default uri jar:file:/Users/stephenn/Documents/workspace/audiveris/build/distributions/Audiveris/lib/audiveris.jar!/res/basic-classifier.zip
2017-10-06 15:39:23,285 WARN [91387776]          ClefBuilder.java:560  | Staff#8 no header clef.
2017-10-06 15:39:23,473 WARN [91387776]          ClefBuilder.java:560  | Staff#10 no header clef.
2017-10-06 15:39:23,548 INFO [91387776]            BasicBook.java:1395 | Stored /book.xml
2017-10-06 15:39:23,711 INFO []   AbstractClassifier.java:332  | Classifier data loaded from default uri jar:file:/Users/stephenn/Documents/workspace/audiveris/build/distributions/Audiveris/lib/audiveris.jar!/res/deep-classifier.zip
2017-10-06 15:39:23,859 INFO [91387776]           BasicSheet.java:979  | Stored /sheet#1/sheet#1.xml
2017-10-06 15:39:23,861 INFO [91387776]       StepMonitoring.java:96   | STEM_SEEDS
2017-10-06 15:39:23,966 INFO [91387776]        StemSeedsStep.java:91   | stem(4 max:5)
2017-10-06 15:39:24,278 INFO [91387776]            BasicBook.java:1395 | Stored /book.xml
2017-10-06 15:39:24,554 INFO [91387776]           BasicSheet.java:979  | Stored /sheet#1/sheet#1.xml
2017-10-06 15:39:24,556 INFO [91387776]       StepMonitoring.java:96   | BEAMS
2017-10-06 15:39:28,266 INFO [91387776]            BeamsStep.java:89   | BeamDistance{count:9 mean:8.74 stdDev:8.32}
2017-10-06 15:39:28,269 INFO [91387776]            BasicBook.java:1395 | Stored /book.xml
2017-10-06 15:39:28,338 INFO [91387776]              Picture.java:786  | Stored /sheet#1/HEAD_SPOTS.xml
2017-10-06 15:39:28,756 INFO [91387776]           BasicSheet.java:979  | Stored /sheet#1/sheet#1.xml
2017-10-06 15:39:28,759 INFO [91387776]       StepMonitoring.java:96   | LEDGERS
2017-10-06 15:39:29,409 INFO [91387776]            BasicBook.java:1395 | Stored /book.xml
2017-10-06 15:39:30,010 INFO [91387776]           BasicSheet.java:979  | Stored /sheet#1/sheet#1.xml
2017-10-06 15:39:30,012 INFO [91387776]       StepMonitoring.java:96   | HEADS
2017-10-06 15:39:33,121 INFO [91387776]            BasicBook.java:1395 | Stored /book.xml
2017-10-06 15:39:33,964 INFO [91387776]           BasicSheet.java:979  | Stored /sheet#1/sheet#1.xml
2017-10-06 15:39:33,967 INFO [91387776]       StepMonitoring.java:96   | STEMS
2017-10-06 15:39:35,840 INFO [91387776]            BasicBook.java:1395 | Stored /book.xml
2017-10-06 15:39:37,047 INFO [91387776]           BasicSheet.java:979  | Stored /sheet#1/sheet#1.xml
2017-10-06 15:39:37,050 INFO [91387776]       StepMonitoring.java:96   | REDUCTION
2017-10-06 15:39:37,628 INFO [91387776]            BasicBook.java:1395 | Stored /book.xml
2017-10-06 15:39:38,421 INFO [91387776]           BasicSheet.java:979  | Stored /sheet#1/sheet#1.xml
2017-10-06 15:39:38,423 INFO [91387776]       StepMonitoring.java:96   | CUE_BEAMS
2017-10-06 15:39:38,427 INFO [91387776]            BasicBook.java:1395 | Stored /book.xml
2017-10-06 15:39:39,226 INFO [91387776]           BasicSheet.java:979  | Stored /sheet#1/sheet#1.xml
2017-10-06 15:39:39,229 INFO [91387776]       StepMonitoring.java:96   | TEXTS
2017-10-06 15:39:41,288 INFO [91387776]            BasicBook.java:1395 | Stored /book.xml
2017-10-06 15:39:42,273 INFO [91387776]           BasicSheet.java:979  | Stored /sheet#1/sheet#1.xml
2017-10-06 15:39:42,274 INFO [91387776]       StepMonitoring.java:96   | MEASURES
2017-10-06 15:39:42,279 INFO [91387776]                 Page.java:210  | 18 raw measures: [5 in system#1, 4 in system#2, 5 in system#3, 4 in system#4]
2017-10-06 15:39:42,280 INFO [91387776]                 Page.java:210  | 3 raw measures: [3 in system#5]
2017-10-06 15:39:42,281 INFO [91387776]            BasicBook.java:1395 | Stored /book.xml
2017-10-06 15:39:43,259 INFO [91387776]           BasicSheet.java:979  | Stored /sheet#1/sheet#1.xml
2017-10-06 15:39:43,261 INFO [91387776]       StepMonitoring.java:96   | CHORDS
2017-10-06 15:39:43,275 INFO [91387776]            BasicBook.java:1395 | Stored /book.xml
2017-10-06 15:39:44,311 INFO [91387776]           BasicSheet.java:979  | Stored /sheet#1/sheet#1.xml
2017-10-06 15:39:44,313 INFO [91387776]       StepMonitoring.java:96   | CURVES
2017-10-06 15:39:46,030 INFO [91387776]         SlursBuilder.java:762  | RIGHT collision SlurInter{#5862(0.692)} & SlurInter{#6003(0.305)} @ HeadInter{#1870(0.697/0.834) e#5643 s:1 p:-3.00 NOTEHEAD_BLACK}
2017-10-06 15:39:46,031 INFO [91387776]         SlursBuilder.java:762  | LEFT collision SlurInter{#5906(0.605)} & SlurInter{#5979(0.247)} @ HeadInter{#2345(0.685/0.830) e#5671 s:2 p:1.00 NOTEHEAD_BLACK}
2017-10-06 15:39:46,031 INFO [91387776]         SlursBuilder.java:762  | RIGHT collision SlurInter{#5906(0.605)} & SlurInter{#6170(0.515)} @ HeadInter{#2481(0.651/0.811) e#5673 s:2 p:-6.00 NOTEHEAD_BLACK}
2017-10-06 15:39:46,033 INFO [91387776]         SlursBuilder.java:762  | LEFT collision SlurInter{#5979(0.247)} & SlurInter{#5906(0.605)} @ HeadInter{#2345(0.685/0.830) e#5671 s:2 p:1.00 NOTEHEAD_BLACK}
2017-10-06 15:39:46,034 INFO [91387776]         SlursBuilder.java:762  | RIGHT collision SlurInter{#6003(0.305)} & SlurInter{#5862(0.692)} @ HeadInter{#1870(0.697/0.834) e#5643 s:1 p:-3.00 NOTEHEAD_BLACK}
2017-10-06 15:39:46,034 INFO [91387776]         SlursBuilder.java:762  | RIGHT collision SlurInter{#6170(0.515)} & SlurInter{#5906(0.605)} @ HeadInter{#2481(0.651/0.811) e#5673 s:2 p:-6.00 NOTEHEAD_BLACK}
2017-10-06 15:39:46,035 INFO [91387776]         SlursBuilder.java:762  | RIGHT collision SlurInter{#5853(0.538)} & SlurInter{#5951(0.308)} @ HeadInter{#3208(0.629/0.791) e#5719 s:5 p:0.00 NOTEHEAD_BLACK}
2017-10-06 15:39:46,036 INFO [91387776]         SlursBuilder.java:762  | RIGHT collision SlurInter{#5951(0.308)} & SlurInter{#5853(0.538)} @ HeadInter{#3208(0.629/0.791) e#5719 s:5 p:0.00 NOTEHEAD_BLACK}
2017-10-06 15:39:46,036 INFO [91387776]         SlursBuilder.java:762  | RIGHT collision SlurInter{#5841(0.690)} & SlurInter{#5941(0.376)} @ HeadInter{#3893(0.683/0.829) e#5779 s:7 p:-3.00 NOTEHEAD_BLACK}
2017-10-06 15:39:46,037 INFO [91387776]         SlursBuilder.java:762  | RIGHT collision SlurInter{#5941(0.376)} & SlurInter{#5841(0.690)} @ HeadInter{#3893(0.683/0.829) e#5779 s:7 p:-3.00 NOTEHEAD_BLACK}
2017-10-06 15:39:46,038 INFO [91387776]         SlursBuilder.java:157  | Slurs: 41
2017-10-06 15:39:46,078 INFO [91387776]      SegmentsBuilder.java:113  | Segments: 31
2017-10-06 15:39:46,087 INFO [91387776]            BasicBook.java:1395 | Stored /book.xml
2017-10-06 15:39:47,416 INFO [91387776]           BasicSheet.java:979  | Stored /sheet#1/sheet#1.xml
2017-10-06 15:39:47,418 INFO [91387776]       StepMonitoring.java:96   | SYMBOLS
2017-10-06 15:39:47,574 INFO [91387776]       SymbolsBuilder.java:340  | Symbol parts shrunk from 11 to 7
2017-10-06 15:39:48,282 INFO [91387776]       SymbolsBuilder.java:340  | Symbol parts shrunk from 8 to 7
2017-10-06 15:39:50,523 INFO [91387776]            BasicBook.java:1395 | Stored /book.xml
2017-10-06 15:39:52,119 INFO [91387776]           BasicSheet.java:979  | Stored /sheet#1/sheet#1.xml
2017-10-06 15:39:52,121 INFO [91387776]       StepMonitoring.java:96   | LINKS
2017-10-06 15:39:52,171 INFO [91387776]            BasicBook.java:1395 | Stored /book.xml
2017-10-06 15:39:53,851 INFO [91387776]           BasicSheet.java:979  | Stored /sheet#1/sheet#1.xml
2017-10-06 15:39:53,854 INFO [91387776]       StepMonitoring.java:96   | RHYTHMS
2017-10-06 15:39:53,880 INFO [91387776]         SlotsBuilder.java:399  | Stack#7 suspicious Slot{#4 xOffset=274 timeOffset=5/8 incomings=[#5685]}
2017-10-06 15:39:53,901 INFO [91387776]         SlotsBuilder.java:399  | Stack#16 suspicious Slot{#5 xOffset=269 timeOffset=7/8 incomings=[#5778]}
2017-10-06 15:39:53,907 INFO [91387776]           PageRhythm.java:314  | Range{1-18 ts:6/8} Durations avgGuess:3/4 topGuess:3/4 avgValue:0.84 stacks:18 voices:45 Histogram{1/8-5/4 size:11 [1/8=1 1/4=8 3/8=1 1/2=4 5/8=5 3/4=11 13/16=1 7/8=3 1=2 9/8=5 5/4=4]}
2017-10-06 15:39:53,911 INFO [91387776]         SlotsBuilder.java:427  | S1 MeasureStack#2 Slot{#5 xOffset=152 timeOffset=3/4 incomings=[#5636] SUSPICIOUS}
2017-10-06 15:39:53,911 INFO [91387776]         SlotsBuilder.java:427  | S1 MeasureStack#2 Slot{#7 xOffset=184 timeOffset=7/8 incomings=[#5637] SUSPICIOUS}
2017-10-06 15:39:53,912 INFO [91387776]         SlotsBuilder.java:427  | S1 MeasureStack#2 Slot{#9 xOffset=219 timeOffset=1 incomings=[#5638] SUSPICIOUS}
2017-10-06 15:39:53,913 INFO [91387776]                Voice.java:257  | S1 MeasureStack#2 Voice #1 too long 3/8
2017-10-06 15:39:53,913 INFO [91387776]                Voice.java:257  | S1 MeasureStack#2 Voice #2 too long 1/4
2017-10-06 15:39:53,913 INFO [91387776]           StackTuner.java:92   | S1 MeasureStack#2 no correct rhythm
2017-10-06 15:39:53,924 INFO [91387776]         SlotsBuilder.java:427  | S1 MeasureStack#3 Slot{#5 xOffset=150 timeOffset=3/4 incomings=[#5641] SUSPICIOUS}
2017-10-06 15:39:53,925 INFO [91387776]         SlotsBuilder.java:434  | Stack#3 endless loop detected
2017-10-06 15:39:53,925 INFO [91387776]                Voice.java:257  | S1 MeasureStack#3 Voice #1 too long 1/4
2017-10-06 15:39:53,926 INFO [91387776]                Voice.java:257  | S1 MeasureStack#3 Voice #3 too long 1/8
2017-10-06 15:39:53,926 INFO [91387776]           StackTuner.java:92   | S1 MeasureStack#3 no correct rhythm
2017-10-06 15:39:53,929 INFO [91387776]                Voice.java:257  | S1 MeasureStack#5 Voice #1 too long 1/2
2017-10-06 15:39:53,929 INFO [91387776]                Voice.java:257  | S1 MeasureStack#5 Voice #2 too long 1/2
2017-10-06 15:39:53,930 INFO [91387776]                Voice.java:257  | S1 MeasureStack#5 Voice #3 too long 1/2
2017-10-06 15:39:53,930 INFO [91387776]           StackTuner.java:92   | S1 MeasureStack#5 no correct rhythm
2017-10-06 15:39:53,932 INFO [91387776]                Voice.java:257  | S2 MeasureStack#6 Voice #1 too long 3/8
2017-10-06 15:39:53,933 INFO [91387776]                Voice.java:257  | S2 MeasureStack#6 Voice #2 too long 3/8
2017-10-06 15:39:53,935 INFO [91387776]           StackTuner.java:92   | S2 MeasureStack#6 no correct rhythm
2017-10-06 15:39:53,937 INFO [91387776]         SlotsBuilder.java:427  | S2 MeasureStack#7 Slot{#7 xOffset=348 timeOffset=13/16 incomings=[#5686] SUSPICIOUS}
2017-10-06 15:39:53,938 INFO [91387776]                Voice.java:257  | S2 MeasureStack#7 Voice #1 too long 3/16
2017-10-06 15:39:53,938 INFO [91387776]                Voice.java:257  | S2 MeasureStack#7 Voice #2 too long 1/8
2017-10-06 15:39:53,938 INFO [91387776]           StackTuner.java:92   | S2 MeasureStack#7 no correct rhythm
2017-10-06 15:39:53,942 INFO [91387776]         SlotsBuilder.java:427  | S3 MeasureStack#11 Slot{#3 xOffset=100 timeOffset=1/4 incomings=[#5737] SUSPICIOUS}
2017-10-06 15:39:53,943 INFO [91387776]         SlotsBuilder.java:427  | S3 MeasureStack#11 Slot{#5 xOffset=151 timeOffset=1/2 incomings=[#5738] SUSPICIOUS}
2017-10-06 15:39:53,943 INFO [91387776]         SlotsBuilder.java:427  | S3 MeasureStack#11 Slot{#8 xOffset=250 timeOffset=1 incomings=[#5718] SUSPICIOUS}
2017-10-06 15:39:53,944 INFO [91387776]         SlotsBuilder.java:427  | S3 MeasureStack#11 Slot{#10 xOffset=302 timeOffset=5/4 incomings=[#5719] SUSPICIOUS}
2017-10-06 15:39:53,944 INFO [91387776]                Voice.java:257  | S3 MeasureStack#11 Voice #1 too long 3/4
2017-10-06 15:39:53,944 INFO [91387776]                Voice.java:257  | S3 MeasureStack#11 Voice #2 too long 3/8
2017-10-06 15:39:53,945 INFO [91387776]                Voice.java:257  | S3 MeasureStack#11 Voice #3 too long 1/4
2017-10-06 15:39:53,945 INFO [91387776]           StackTuner.java:92   | S3 MeasureStack#11 no correct rhythm
2017-10-06 15:39:53,946 INFO [91387776]         SlotsBuilder.java:427  | S3 MeasureStack#12 Slot{#3 xOffset=97 timeOffset=1/4 incomings=[#5745] SUSPICIOUS}
2017-10-06 15:39:53,947 INFO [91387776]         SlotsBuilder.java:427  | S3 MeasureStack#12 Slot{#5 xOffset=148 timeOffset=1/2 incomings=[#5746] SUSPICIOUS}
2017-10-06 15:39:53,948 INFO [91387776]         SlotsBuilder.java:427  | S3 MeasureStack#12 Slot{#10 xOffset=323 timeOffset=1 incomings=[#5750] SUSPICIOUS}
2017-10-06 15:39:53,948 INFO [91387776]                Voice.java:257  | S3 MeasureStack#12 Voice #1 too long 5/16
2017-10-06 15:39:53,949 INFO [91387776]                Voice.java:257  | S3 MeasureStack#12 Voice #2 too long 3/8
2017-10-06 15:39:53,951 INFO [91387776]                Voice.java:257  | S3 MeasureStack#12 Voice #3 too long 1/4
2017-10-06 15:39:53,951 INFO [91387776]           StackTuner.java:92   | S3 MeasureStack#12 no correct rhythm
2017-10-06 15:39:53,955 INFO [91387776]                Voice.java:257  | S3 MeasureStack#14 Voice #1 too long 3/8
2017-10-06 15:39:53,955 INFO [91387776]                Voice.java:257  | S3 MeasureStack#14 Voice #2 too long 1/4
2017-10-06 15:39:53,956 INFO [91387776]                Voice.java:257  | S3 MeasureStack#14 Voice #3 too long 1/8
2017-10-06 15:39:53,957 INFO [91387776]                Voice.java:257  | S3 MeasureStack#14 Voice #4 too long 1/8
2017-10-06 15:39:53,958 INFO [91387776]           StackTuner.java:92   | S3 MeasureStack#14 no correct rhythm
2017-10-06 15:39:53,959 INFO [91387776]                Voice.java:257  | S4 MeasureStack#15 Voice #1 too long 3/8
2017-10-06 15:39:53,960 INFO [91387776]                Voice.java:257  | S4 MeasureStack#15 Voice #2 too long 3/8
2017-10-06 15:39:53,960 INFO [91387776]           StackTuner.java:92   | S4 MeasureStack#15 no correct rhythm
2017-10-06 15:39:53,962 INFO [91387776]         SlotsBuilder.java:427  | S4 MeasureStack#16 Slot{#8 xOffset=359 timeOffset=5/4 incomings=[#5779] SUSPICIOUS}
2017-10-06 15:39:53,962 INFO [91387776]                Voice.java:257  | S4 MeasureStack#16 Voice #1 too long 3/4
2017-10-06 15:39:53,963 INFO [91387776]                Voice.java:257  | S4 MeasureStack#16 Voice #2 too long 3/8
2017-10-06 15:39:53,963 INFO [91387776]           StackTuner.java:92   | S4 MeasureStack#16 no correct rhythm
2017-10-06 15:39:53,964 INFO [91387776]                Voice.java:257  | S4 MeasureStack#17 Voice #1 too long 1/4
2017-10-06 15:39:53,964 INFO [91387776]           StackTuner.java:92   | S4 MeasureStack#17 no correct rhythm
2017-10-06 15:39:53,966 INFO [91387776]         SlotsBuilder.java:427  | S4 MeasureStack#18 Slot{#3 xOffset=152 timeOffset=3/8 incomings=[#5806] SUSPICIOUS}
2017-10-06 15:39:53,970 INFO [91387776]         SlotsBuilder.java:434  | Stack#2 endless loop detected
2017-10-06 15:39:53,971 INFO [91387776]           PageRhythm.java:314  | Range{1-3 ts:4/4} Durations avgGuess:3/4 topGuess:1/4 avgValue:0.84 stacks:3 voices:7 Histogram{1/4-1 size:5 [1/4=2 1/2=1 3/4=1 15/16=1 1=2]}
2017-10-06 15:39:53,972 INFO [91387776]           PageRhythm.java:221  | S5 Range{1-3 ts:4/4 dur:3/4} should update to 3/4-based time sig?
2017-10-06 15:39:53,975 INFO [91387776]         SlotsBuilder.java:434  | Stack#2 endless loop detected
2017-10-06 15:39:53,975 INFO [91387776]                Voice.java:257  | S5 MeasureStack#2 Voice #1 too long 3/16
2017-10-06 15:39:53,976 INFO [91387776]                Voice.java:257  | S5 MeasureStack#2 Voice #3 too long 1/4
2017-10-06 15:39:53,976 INFO [91387776]                Voice.java:257  | S5 MeasureStack#2 Voice #4 too long 1/4
2017-10-06 15:39:53,976 INFO [91387776]           StackTuner.java:92   | S5 MeasureStack#2 no correct rhythm
2017-10-06 15:39:53,978 INFO [91387776]            BasicBook.java:1395 | Stored /book.xml
2017-10-06 15:39:55,622 INFO [91387776]           BasicSheet.java:979  | Stored /sheet#1/sheet#1.xml
2017-10-06 15:39:55,625 INFO [91387776]       StepMonitoring.java:96   | PAGE
2017-10-06 15:39:55,629 INFO [91387776]                 Part.java:267  | Could not left-connect slur#5943
2017-10-06 15:39:55,631 INFO [91387776]                Voice.java:257  | S1 MeasureStack#2 Voice #1 too long 3/8
2017-10-06 15:39:55,631 INFO [91387776]                Voice.java:257  | S1 MeasureStack#2 Voice #2 too long 1/4
2017-10-06 15:39:55,631 INFO [91387776]                Voice.java:257  | S1 MeasureStack#3 Voice #1 too long 1/4
2017-10-06 15:39:55,631 INFO [91387776]                Voice.java:257  | S1 MeasureStack#3 Voice #3 too long 1/8
2017-10-06 15:39:55,632 INFO [91387776]                Voice.java:257  | S1 MeasureStack#5 Voice #1 too long 1/2
2017-10-06 15:39:55,632 INFO [91387776]                Voice.java:257  | S1 MeasureStack#5 Voice #2 too long 1/2
2017-10-06 15:39:55,632 INFO [91387776]                Voice.java:257  | S1 MeasureStack#5 Voice #3 too long 1/2
2017-10-06 15:39:55,632 INFO [91387776]                Voice.java:257  | S2 MeasureStack#6 Voice #1 too long 3/8
2017-10-06 15:39:55,632 INFO [91387776]                Voice.java:257  | S2 MeasureStack#6 Voice #2 too long 3/8
2017-10-06 15:39:55,633 INFO [91387776]                Voice.java:257  | S2 MeasureStack#7 Voice #1 too long 3/16
2017-10-06 15:39:55,633 INFO [91387776]                Voice.java:257  | S2 MeasureStack#7 Voice #2 too long 1/8
2017-10-06 15:39:55,633 INFO [91387776]                Voice.java:257  | S3 MeasureStack#11 Voice #1 too long 3/4
2017-10-06 15:39:55,634 INFO [91387776]                Voice.java:257  | S3 MeasureStack#11 Voice #2 too long 3/8
2017-10-06 15:39:55,634 INFO [91387776]                Voice.java:257  | S3 MeasureStack#11 Voice #3 too long 1/4
2017-10-06 15:39:55,635 INFO [91387776]                Voice.java:257  | S3 MeasureStack#12 Voice #1 too long 5/16
2017-10-06 15:39:55,635 INFO [91387776]                Voice.java:257  | S3 MeasureStack#12 Voice #2 too long 3/8
2017-10-06 15:39:55,635 INFO [91387776]                Voice.java:257  | S3 MeasureStack#12 Voice #3 too long 1/4
2017-10-06 15:39:55,635 INFO [91387776]                Voice.java:257  | S3 MeasureStack#14 Voice #1 too long 3/8
2017-10-06 15:39:55,636 INFO [91387776]                Voice.java:257  | S3 MeasureStack#14 Voice #2 too long 1/4
2017-10-06 15:39:55,636 INFO [91387776]                Voice.java:257  | S3 MeasureStack#14 Voice #3 too long 1/8
2017-10-06 15:39:55,636 INFO [91387776]                Voice.java:257  | S3 MeasureStack#14 Voice #4 too long 1/8
2017-10-06 15:39:55,636 INFO [91387776]                Voice.java:257  | S4 MeasureStack#15 Voice #1 too long 3/8
2017-10-06 15:39:55,637 INFO [91387776]                Voice.java:257  | S4 MeasureStack#15 Voice #2 too long 3/8
2017-10-06 15:39:55,637 INFO [91387776]                Voice.java:257  | S4 MeasureStack#16 Voice #1 too long 3/4
2017-10-06 15:39:55,637 INFO [91387776]                Voice.java:257  | S4 MeasureStack#16 Voice #2 too long 3/8
2017-10-06 15:39:55,637 INFO [91387776]                Voice.java:257  | S4 MeasureStack#17 Voice #1 too long 1/4
2017-10-06 15:39:55,638 INFO [91387776]                Voice.java:257  | S5 MeasureStack#2 Voice #1 too long 3/16
2017-10-06 15:39:55,638 INFO [91387776]                Voice.java:257  | S5 MeasureStack#2 Voice #3 too long 1/4
2017-10-06 15:39:55,638 INFO [91387776]                Voice.java:257  | S5 MeasureStack#2 Voice #4 too long 1/4
2017-10-06 15:39:55,640 INFO [91387776]            BasicBook.java:1395 | Stored /book.xml
2017-10-06 15:39:57,210 INFO [91387776]           BasicSheet.java:979  | Stored /sheet#1/sheet#1.xml
2017-10-06 15:39:57,212 INFO [91387776]            BasicStub.java:723  | Sheet{91387776} disposed
2017-10-06 15:39:58,176 INFO [91387776]            BasicStub.java:449  | Loaded /sheet#1/sheet#1.xml
2017-10-06 15:39:58,178 INFO [91387776]            BasicBook.java:1133 | Scores built: 2
2017-10-06 15:39:59,203 WARN [91387776]      PartwiseBuilder.java:1379 | Error visiting null
java.lang.NullPointerException: null
	at org.audiveris.omr.score.PartwiseBuilder.processKey(PartwiseBuilder.java:1344)
	at org.audiveris.omr.score.PartwiseBuilder.processKeys(PartwiseBuilder.java:1407)
	at org.audiveris.omr.score.PartwiseBuilder.processMeasure(PartwiseBuilder.java:1575)
	at org.audiveris.omr.score.PartwiseBuilder.processPart(PartwiseBuilder.java:1988)
	at org.audiveris.omr.score.PartwiseBuilder.processSystem(PartwiseBuilder.java:2528)
	at org.audiveris.omr.score.PartwiseBuilder.processLogicalPart(PartwiseBuilder.java:1433)
	at org.audiveris.omr.score.PartwiseBuilder.processStub(PartwiseBuilder.java:2483)
	at org.audiveris.omr.score.PartwiseBuilder.processPartList(PartwiseBuilder.java:2017)
	at org.audiveris.omr.score.PartwiseBuilder.processScore(PartwiseBuilder.java:2195)
	at org.audiveris.omr.score.PartwiseBuilder.build(PartwiseBuilder.java:307)
	at org.audiveris.omr.score.ScoreExporter.export(ScoreExporter.java:117)
	at org.audiveris.omr.score.ScoreExporter.export(ScoreExporter.java:91)
	at org.audiveris.omr.sheet.BasicBook.export(BasicBook.java:589)
	at org.audiveris.omr.CLI$ProcessingTask.processBook(CLI.java:785)
	at org.audiveris.omr.CLI$CliTask.call(CLI.java:344)
	at org.audiveris.omr.Main.runBatchTasks(Main.java:316)
	at org.audiveris.omr.Main.main(Main.java:155)
	at Audiveris.main(Audiveris.java:49)
2017-10-06 15:39:59,263 INFO [91387776]        ScoreExporter.java:93   | Score 91387776.mvt1 exported to /Users/stephenn/Documents/workspace/nlsomr/xml_out/91386487/91387776/91387776.mvt1.mxl
2017-10-06 15:39:59,265 WARN [91387776]      PartwiseBuilder.java:1379 | Error visiting null
java.lang.NullPointerException: null
	at org.audiveris.omr.score.PartwiseBuilder.processKey(PartwiseBuilder.java:1344)
	at org.audiveris.omr.score.PartwiseBuilder.processKeys(PartwiseBuilder.java:1407)
	at org.audiveris.omr.score.PartwiseBuilder.processMeasure(PartwiseBuilder.java:1575)
	at org.audiveris.omr.score.PartwiseBuilder.processPart(PartwiseBuilder.java:1988)
	at org.audiveris.omr.score.PartwiseBuilder.processSystem(PartwiseBuilder.java:2528)
	at org.audiveris.omr.score.PartwiseBuilder.processLogicalPart(PartwiseBuilder.java:1433)
	at org.audiveris.omr.score.PartwiseBuilder.processStub(PartwiseBuilder.java:2483)
	at org.audiveris.omr.score.PartwiseBuilder.processPartList(PartwiseBuilder.java:2017)
	at org.audiveris.omr.score.PartwiseBuilder.processScore(PartwiseBuilder.java:2195)
	at org.audiveris.omr.score.PartwiseBuilder.build(PartwiseBuilder.java:307)
	at org.audiveris.omr.score.ScoreExporter.export(ScoreExporter.java:117)
	at org.audiveris.omr.score.ScoreExporter.export(ScoreExporter.java:91)
	at org.audiveris.omr.sheet.BasicBook.export(BasicBook.java:589)
	at org.audiveris.omr.CLI$ProcessingTask.processBook(CLI.java:785)
	at org.audiveris.omr.CLI$CliTask.call(CLI.java:344)
	at org.audiveris.omr.Main.runBatchTasks(Main.java:316)
	at org.audiveris.omr.Main.main(Main.java:155)
	at Audiveris.main(Audiveris.java:49)
2017-10-06 15:39:59,273 INFO [91387776]        ScoreExporter.java:93   | Score 91387776.mvt2 exported to /Users/stephenn/Documents/workspace/nlsomr/xml_out/91386487/91387776/91387776.mvt2.mxl
2017-10-06 15:39:59,455 INFO [91387776]            BasicBook.java:1395 | Stored /book.xml
2017-10-06 15:39:59,456 INFO [91387776]            BasicBook.java:1355 | Book stored as /Users/stephenn/Documents/workspace/nlsomr/xml_out/91386487/91387776/91387776.omr
