2017-10-06 15:47:20,877 INFO [91387884]            BasicBook.java:427  | 1 sheet in /Users/stephenn/Documents/workspace/nlsomr/working/91387884.jpg
2017-10-06 15:47:21,052 INFO []            BasicBook.java:1395 | Stored /book.xml
2017-10-06 15:47:21,053 INFO []            BasicBook.java:1355 | Book stored as /Users/stephenn/Documents/workspace/nlsomr/xml_out/91386487/91387884/91387884.omr
2017-10-06 15:47:21,058 INFO []            BasicBook.java:996  | Book reaching PAGE on sheets:[#1]
2017-10-06 15:47:21,060 INFO [91387884]       StepMonitoring.java:96   | LOAD
2017-10-06 15:47:21,220 INFO [91387884]            BasicBook.java:911  | Loaded image 1 2000x3056 from /Users/stephenn/Documents/workspace/nlsomr/working/91387884.jpg
2017-10-06 15:47:21,224 INFO [91387884]            ImageUtil.java:82   | Converting max RGB to gray ...
2017-10-06 15:47:21,496 INFO [91387884]            BasicBook.java:1395 | Stored /book.xml
2017-10-06 15:47:21,829 INFO [91387884]           BasicSheet.java:979  | Stored /sheet#1/sheet#1.xml
2017-10-06 15:47:21,831 INFO [91387884]       StepMonitoring.java:96   | BINARY
2017-10-06 15:47:22,422 INFO [91387884]            BasicBook.java:1395 | Stored /book.xml
2017-10-06 15:47:22,758 INFO [91387884]              Picture.java:786  | Stored /sheet#1/BINARY.xml
2017-10-06 15:47:22,760 INFO [91387884]           BasicSheet.java:979  | Stored /sheet#1/sheet#1.xml
2017-10-06 15:47:22,761 INFO [91387884]       StepMonitoring.java:96   | SCALE
2017-10-06 15:47:22,808 INFO [91387884]         ScaleBuilder.java:229  | No beam key found, guessed value 10
2017-10-06 15:47:22,808 INFO [91387884]            ScaleStep.java:87   | Scale{line(4,5,6) interline(16,16,17) beam(10 extra)}
2017-10-06 15:47:22,812 INFO [91387884]            BasicBook.java:1395 | Stored /book.xml
2017-10-06 15:47:22,814 INFO [91387884]           BasicSheet.java:979  | Stored /sheet#1/sheet#1.xml
2017-10-06 15:47:22,817 INFO [91387884]       StepMonitoring.java:96   | GRID
2017-10-06 15:47:23,722 INFO [91387884]       LinesRetriever.java:442  | Global slope: 0.00021
2017-10-06 15:47:23,846 INFO [91387884]    ClustersRetriever.java:241  | Retrieved line clusters: 12 of size: 5 with interline: (16,16,17)
2017-10-06 15:47:24,439 INFO [91387884]            PeakGraph.java:181  | Systems: #1[1, 2] #2[3, 4] #3[5, 6] #4[7, 8] #5[9, 10] #6[11, 12]
2017-10-06 15:47:25,292 INFO [91387884]        SystemManager.java:626  | Indentation detected for system#3
2017-10-06 15:47:25,293 INFO [91387884]        SystemManager.java:671  | 2 pages found in sheet
2017-10-06 15:47:25,294 INFO [91387884]        SystemManager.java:709  | Page #1: 1 part along 2 systems
2017-10-06 15:47:25,294 INFO [91387884]        SystemManager.java:709  | Page #2: 1 part along 4 systems
2017-10-06 15:47:25,298 INFO [91387884]            BasicBook.java:1395 | Stored /book.xml
2017-10-06 15:47:25,527 INFO [91387884]           BasicSheet.java:979  | Stored /sheet#1/sheet#1.xml
2017-10-06 15:47:25,531 INFO [91387884]       StepMonitoring.java:96   | HEADERS
2017-10-06 15:47:25,934 INFO []          Nd4jBackend.java:194  | Loaded [CpuBackend] backend
2017-10-06 15:47:25,996 INFO []      NativeOpsHolder.java:49   | Number of threads used for NativeOps: 2
2017-10-06 15:47:26,485 INFO [] DefaultOpExecutioner.java:544  | Backend used: [CPU]; OS: [Mac OS X]
2017-10-06 15:47:26,485 INFO [] DefaultOpExecutioner.java:545  | Cores: [4]; Memory: [3.6GB];
2017-10-06 15:47:26,485 INFO [] DefaultOpExecutioner.java:546  | Blas vendor: [OPENBLAS]
2017-10-06 15:47:26,535 INFO []   AbstractClassifier.java:332  | Classifier data loaded from default uri jar:file:/Users/stephenn/Documents/workspace/audiveris/build/distributions/Audiveris/lib/audiveris.jar!/res/basic-classifier.zip
2017-10-06 15:47:29,615 INFO [91387884]           KeyBuilder.java:916  | Staff#12 key replication failed.
2017-10-06 15:47:29,669 INFO [91387884]            BasicBook.java:1395 | Stored /book.xml
2017-10-06 15:47:29,930 INFO []   AbstractClassifier.java:332  | Classifier data loaded from default uri jar:file:/Users/stephenn/Documents/workspace/audiveris/build/distributions/Audiveris/lib/audiveris.jar!/res/deep-classifier.zip
2017-10-06 15:47:30,081 INFO [91387884]           BasicSheet.java:979  | Stored /sheet#1/sheet#1.xml
2017-10-06 15:47:30,085 INFO [91387884]       StepMonitoring.java:96   | STEM_SEEDS
2017-10-06 15:47:30,178 INFO [91387884]        StemSeedsStep.java:91   | stem(4 max:5)
2017-10-06 15:47:30,300 INFO [91387884]            BasicBook.java:1395 | Stored /book.xml
2017-10-06 15:47:30,649 INFO [91387884]           BasicSheet.java:979  | Stored /sheet#1/sheet#1.xml
2017-10-06 15:47:30,651 INFO [91387884]       StepMonitoring.java:96   | BEAMS
2017-10-06 15:47:34,460 INFO [91387884]            BeamsStep.java:89   | BeamDistance{count:8 mean:11.44 stdDev:7.09}
2017-10-06 15:47:34,464 INFO [91387884]            BasicBook.java:1395 | Stored /book.xml
2017-10-06 15:47:34,547 INFO [91387884]              Picture.java:786  | Stored /sheet#1/HEAD_SPOTS.xml
2017-10-06 15:47:35,051 INFO [91387884]           BasicSheet.java:979  | Stored /sheet#1/sheet#1.xml
2017-10-06 15:47:35,053 INFO [91387884]       StepMonitoring.java:96   | LEDGERS
2017-10-06 15:47:35,761 INFO [91387884]            BasicBook.java:1395 | Stored /book.xml
2017-10-06 15:47:36,304 INFO [91387884]           BasicSheet.java:979  | Stored /sheet#1/sheet#1.xml
2017-10-06 15:47:36,307 INFO [91387884]       StepMonitoring.java:96   | HEADS
2017-10-06 15:47:39,200 INFO [91387884]            BasicBook.java:1395 | Stored /book.xml
2017-10-06 15:47:40,353 INFO [91387884]           BasicSheet.java:979  | Stored /sheet#1/sheet#1.xml
2017-10-06 15:47:40,356 INFO [91387884]       StepMonitoring.java:96   | STEMS
2017-10-06 15:47:42,741 INFO [91387884]            BasicBook.java:1395 | Stored /book.xml
2017-10-06 15:47:44,354 INFO [91387884]           BasicSheet.java:979  | Stored /sheet#1/sheet#1.xml
2017-10-06 15:47:44,356 INFO [91387884]       StepMonitoring.java:96   | REDUCTION
2017-10-06 15:47:44,949 INFO [91387884]            BasicBook.java:1395 | Stored /book.xml
2017-10-06 15:47:45,945 INFO [91387884]           BasicSheet.java:979  | Stored /sheet#1/sheet#1.xml
2017-10-06 15:47:45,947 INFO [91387884]       StepMonitoring.java:96   | CUE_BEAMS
2017-10-06 15:47:45,952 INFO [91387884]            BasicBook.java:1395 | Stored /book.xml
2017-10-06 15:47:46,957 INFO [91387884]           BasicSheet.java:979  | Stored /sheet#1/sheet#1.xml
2017-10-06 15:47:46,960 INFO [91387884]       StepMonitoring.java:96   | TEXTS
2017-10-06 15:47:49,182 INFO [91387884]            BasicBook.java:1395 | Stored /book.xml
2017-10-06 15:47:50,222 INFO [91387884]           BasicSheet.java:979  | Stored /sheet#1/sheet#1.xml
2017-10-06 15:47:50,224 INFO [91387884]       StepMonitoring.java:96   | MEASURES
2017-10-06 15:47:50,229 INFO [91387884]                 Page.java:210  | 9 raw measures: [4 in system#1, 5 in system#2]
2017-10-06 15:47:50,229 INFO [91387884]                 Page.java:210  | 17 raw measures: [5 in system#3, 4 in system#4, 4 in system#5, 4 in system#6]
2017-10-06 15:47:50,230 INFO [91387884]            BasicBook.java:1395 | Stored /book.xml
2017-10-06 15:47:51,269 INFO [91387884]           BasicSheet.java:979  | Stored /sheet#1/sheet#1.xml
2017-10-06 15:47:51,272 INFO [91387884]       StepMonitoring.java:96   | CHORDS
2017-10-06 15:47:51,285 INFO [91387884]            BasicBook.java:1395 | Stored /book.xml
2017-10-06 15:47:52,361 INFO [91387884]           BasicSheet.java:979  | Stored /sheet#1/sheet#1.xml
2017-10-06 15:47:52,363 INFO [91387884]       StepMonitoring.java:96   | CURVES
2017-10-06 15:47:53,986 INFO [91387884]         SlursBuilder.java:762  | RIGHT collision SlurInter{#6147(0.665)} & SlurInter{#6235(0.186)} @ HeadInter{#3408(0.684/0.838) e#5999 s:5 p:5.00 NOTEHEAD_BLACK}
2017-10-06 15:47:53,991 INFO [91387884]         SlursBuilder.java:762  | LEFT collision SlurInter{#6168(0.659)} & SlurInter{#6243(0.346)} @ HeadInter{#3186(0.595/0.787) e#5992 s:5 p:-4.00 NOTEHEAD_BLACK}
2017-10-06 15:47:53,991 INFO [91387884]         SlursBuilder.java:762  | RIGHT collision SlurInter{#6168(0.659)} & SlurInter{#6243(0.346)} @ HeadInter{#3450(0.605/0.717) e#5993 s:5 p:-2.00 NOTEHEAD_BLACK}
2017-10-06 15:47:53,992 INFO [91387884]         SlursBuilder.java:762  | RIGHT collision SlurInter{#6235(0.186)} & SlurInter{#6147(0.665)} @ HeadInter{#3408(0.684/0.838) e#5999 s:5 p:5.00 NOTEHEAD_BLACK}
2017-10-06 15:47:53,992 INFO [91387884]         SlursBuilder.java:762  | LEFT collision SlurInter{#6243(0.346)} & SlurInter{#6168(0.659)} @ HeadInter{#3186(0.595/0.787) e#5992 s:5 p:-4.00 NOTEHEAD_BLACK}
2017-10-06 15:47:53,993 INFO [91387884]         SlursBuilder.java:762  | RIGHT collision SlurInter{#6243(0.346)} & SlurInter{#6168(0.659)} @ HeadInter{#3450(0.605/0.717) e#5993 s:5 p:-2.00 NOTEHEAD_BLACK}
2017-10-06 15:47:53,997 INFO [91387884]         SlursBuilder.java:157  | Slurs: 27
2017-10-06 15:47:54,057 INFO [91387884]      SegmentsBuilder.java:113  | Segments: 26
2017-10-06 15:47:54,066 INFO [91387884]            BasicBook.java:1395 | Stored /book.xml
2017-10-06 15:47:54,864 INFO [91387884]           BasicSheet.java:979  | Stored /sheet#1/sheet#1.xml
2017-10-06 15:47:54,866 INFO [91387884]       StepMonitoring.java:96   | SYMBOLS
2017-10-06 15:47:57,828 INFO [91387884]            BasicBook.java:1395 | Stored /book.xml
2017-10-06 15:47:58,883 INFO [91387884]           BasicSheet.java:979  | Stored /sheet#1/sheet#1.xml
2017-10-06 15:47:58,890 INFO [91387884]       StepMonitoring.java:96   | LINKS
2017-10-06 15:47:58,893 INFO [91387884]        SymbolsLinker.java:323  | No chord above direction SentenceInter{#5808(0.543) s:2 BISC-36 Direction} poca "IL
2017-10-06 15:47:58,911 INFO [91387884]        SymbolsLinker.java:306  | No measure stack for direction SentenceInter{#5849(0.595) s:5 BIS-41 Direction} so.
2017-10-06 15:47:58,941 INFO [91387884]            BasicBook.java:1395 | Stored /book.xml
2017-10-06 15:47:59,958 INFO [91387884]           BasicSheet.java:979  | Stored /sheet#1/sheet#1.xml
2017-10-06 15:47:59,960 INFO [91387884]       StepMonitoring.java:96   | RHYTHMS
2017-10-06 15:47:59,977 INFO [91387884]         SlotsBuilder.java:434  | Stack#4 endless loop detected
2017-10-06 15:47:59,985 INFO [91387884]         SlotsBuilder.java:399  | Stack#8 suspicious Slot{#2 xOffset=102 timeOffset=1/8 incomings=[#5986]}
2017-10-06 15:47:59,993 INFO [91387884]           PageRhythm.java:314  | Range{1-9} Durations avgGuess:3/4 topGuess:1/4 avgValue:0.78 stacks:9 voices:25 Histogram{1/8-9/8 size:9 [1/8=3 1/4=4 3/8=3 1/2=4 9/16=1 3/4=4 7/8=1 1=3 9/8=2]}
2017-10-06 15:47:59,994 INFO [91387884]           PageRhythm.java:221  | S1 Range{1-9 dur:3/4} should update to 3/4-based time sig?
2017-10-06 15:47:59,997 INFO [91387884]                Voice.java:257  | S1 MeasureStack#2 Voice #2 too long 1/8
2017-10-06 15:47:59,998 INFO [91387884]           StackTuner.java:92   | S1 MeasureStack#2 no correct rhythm
2017-10-06 15:48:00,000 INFO [91387884]                Voice.java:257  | S1 MeasureStack#3 Voice #1 too long 1/4
2017-10-06 15:48:00,000 INFO [91387884]                Voice.java:257  | S1 MeasureStack#3 Voice #2 too long 3/8
2017-10-06 15:48:00,001 INFO [91387884]           StackTuner.java:92   | S1 MeasureStack#3 no correct rhythm
2017-10-06 15:48:00,002 INFO [91387884]         SlotsBuilder.java:434  | Stack#4 endless loop detected
2017-10-06 15:48:00,005 INFO [91387884]         SlotsBuilder.java:427  | S2 MeasureStack#5 Slot{#7 xOffset=329 timeOffset=1 incomings=[#5971] SUSPICIOUS}
2017-10-06 15:48:00,005 INFO [91387884]         SlotsBuilder.java:427  | S2 MeasureStack#5 Slot{#9 xOffset=377 timeOffset=5/4 incomings=[#5972] SUSPICIOUS}
2017-10-06 15:48:00,006 INFO [91387884]                Voice.java:257  | S2 MeasureStack#5 Voice #1 too long 5/8
2017-10-06 15:48:00,006 INFO [91387884]                Voice.java:257  | S2 MeasureStack#5 Voice #2 too long 1/4
2017-10-06 15:48:00,006 INFO [91387884]                Voice.java:257  | S2 MeasureStack#5 Voice #3 too long 3/4
2017-10-06 15:48:00,007 INFO [91387884]           StackTuner.java:92   | S2 MeasureStack#5 no correct rhythm
2017-10-06 15:48:00,011 INFO [91387884]         SlotsBuilder.java:427  | S2 MeasureStack#6 Slot{#5 xOffset=181 timeOffset=1/2 incomings=[#5945] SUSPICIOUS}
2017-10-06 15:48:00,013 INFO [91387884]         SlotsBuilder.java:434  | Stack#6 endless loop detected
2017-10-06 15:48:00,017 INFO [91387884]         SlotsBuilder.java:427  | S2 MeasureStack#8 Slot{#5 xOffset=167 timeOffset=1/4 incomings=[#5987] SUSPICIOUS}
2017-10-06 15:48:00,018 INFO [91387884]         SlotsBuilder.java:427  | S2 MeasureStack#8 Slot{#8 xOffset=258 timeOffset=3/8 incomings=[#5988] SUSPICIOUS}
2017-10-06 15:48:00,019 INFO [91387884]         SlotsBuilder.java:427  | S2 MeasureStack#8 Slot{#11 xOffset=326 timeOffset=1/2 incomings=[#5989] SUSPICIOUS}
2017-10-06 15:48:00,019 INFO [91387884]         SlotsBuilder.java:427  | S2 MeasureStack#8 Slot{#13 xOffset=372 timeOffset=5/8 incomings=[#5990] SUSPICIOUS}
2017-10-06 15:48:00,039 INFO [91387884]           PageRhythm.java:314  | Range{1-17} Durations avgGuess:1 topGuess:1 avgValue:0.95 stacks:17 voices:45 Histogram{1/4-5/2 size:11 [1/4=2 1/2=8 3/4=3 1=18 9/8=2 5/4=3 11/8=2 3/2=2 7/4=3 9/4=1 5/2=1]}
2017-10-06 15:48:00,040 INFO [91387884]           PageRhythm.java:221  | S3 Range{1-17 dur:1} should update to 1-based time sig?
2017-10-06 15:48:00,041 INFO [91387884]                Voice.java:257  | S3 MeasureStack#1 Voice #1 too long 1/2
2017-10-06 15:48:00,042 INFO [91387884]           StackTuner.java:92   | S3 MeasureStack#1 no correct rhythm
2017-10-06 15:48:00,044 INFO [91387884]                Voice.java:257  | S3 MeasureStack#2 Voice #1 too long 3/2
2017-10-06 15:48:00,045 INFO [91387884]                Voice.java:257  | S3 MeasureStack#2 Voice #2 too long 5/4
2017-10-06 15:48:00,046 INFO [91387884]           StackTuner.java:92   | S3 MeasureStack#2 no correct rhythm
2017-10-06 15:48:00,047 INFO [91387884]         SlotsBuilder.java:427  | S3 MeasureStack#3 Slot{#5 xOffset=172 timeOffset=1 incomings=[#6016] SUSPICIOUS}
2017-10-06 15:48:00,048 INFO [91387884]                Voice.java:257  | S3 MeasureStack#3 Voice #1 too long 1/2
2017-10-06 15:48:00,048 INFO [91387884]                Voice.java:257  | S3 MeasureStack#3 Voice #3 too long 1/2
2017-10-06 15:48:00,048 INFO [91387884]           StackTuner.java:92   | S3 MeasureStack#3 no correct rhythm
2017-10-06 15:48:00,049 INFO [91387884]                Voice.java:257  | S3 MeasureStack#4 Voice #1 too long 1/4
2017-10-06 15:48:00,050 INFO [91387884]           StackTuner.java:92   | S3 MeasureStack#4 no correct rhythm
2017-10-06 15:48:00,053 INFO [91387884]         SlotsBuilder.java:427  | S4 MeasureStack#7 Slot{#5 xOffset=231 timeOffset=1 incomings=[#6052] SUSPICIOUS}
2017-10-06 15:48:00,056 INFO [91387884]                Voice.java:257  | S4 MeasureStack#7 Voice #1 too long 1/2
2017-10-06 15:48:00,056 INFO [91387884]                Voice.java:257  | S4 MeasureStack#7 Voice #3 too long 1/2
2017-10-06 15:48:00,057 INFO [91387884]           StackTuner.java:92   | S4 MeasureStack#7 no correct rhythm
2017-10-06 15:48:00,059 INFO [91387884]                Voice.java:257  | S4 MeasureStack#9 Voice #1 too long 1/8
2017-10-06 15:48:00,061 INFO [91387884]           StackTuner.java:92   | S4 MeasureStack#9 no correct rhythm
2017-10-06 15:48:00,062 INFO [91387884]                Voice.java:257  | S5 MeasureStack#10 Voice #2 too long 1/8
2017-10-06 15:48:00,063 INFO [91387884]           StackTuner.java:92   | S5 MeasureStack#10 no correct rhythm
2017-10-06 15:48:00,064 INFO [91387884]         SlotsBuilder.java:427  | S5 MeasureStack#11 Slot{#5 xOffset=224 timeOffset=1 incomings=[#6091] SUSPICIOUS}
2017-10-06 15:48:00,064 INFO [91387884]                Voice.java:257  | S5 MeasureStack#11 Voice #1 too long 1/2
2017-10-06 15:48:00,065 INFO [91387884]                Voice.java:257  | S5 MeasureStack#11 Voice #3 too long 1/2
2017-10-06 15:48:00,065 INFO [91387884]           StackTuner.java:92   | S5 MeasureStack#11 no correct rhythm
2017-10-06 15:48:00,067 INFO [91387884]                Voice.java:257  | S5 MeasureStack#12 Voice #2 too long 3/4
2017-10-06 15:48:00,067 INFO [91387884]                Voice.java:257  | S5 MeasureStack#12 Voice #3 too long 3/4
2017-10-06 15:48:00,068 INFO [91387884]           StackTuner.java:92   | S5 MeasureStack#12 no correct rhythm
2017-10-06 15:48:00,071 INFO [91387884]                Voice.java:257  | S5 MeasureStack#13 Voice #1 too long 1/4
2017-10-06 15:48:00,071 INFO [91387884]           StackTuner.java:92   | S5 MeasureStack#13 no correct rhythm
2017-10-06 15:48:00,073 INFO [91387884]                Voice.java:257  | S6 MeasureStack#14 Voice #1 too long 3/4
2017-10-06 15:48:00,073 INFO [91387884]                Voice.java:257  | S6 MeasureStack#14 Voice #3 too long 1/2
2017-10-06 15:48:00,073 INFO [91387884]           StackTuner.java:92   | S6 MeasureStack#14 no correct rhythm
2017-10-06 15:48:00,075 INFO [91387884]                Voice.java:257  | S6 MeasureStack#15 Voice #1 too long 3/8
2017-10-06 15:48:00,075 INFO [91387884]                Voice.java:257  | S6 MeasureStack#15 Voice #2 too long 3/8
2017-10-06 15:48:00,076 INFO [91387884]           StackTuner.java:92   | S6 MeasureStack#15 no correct rhythm
2017-10-06 15:48:00,078 INFO [91387884]                Voice.java:257  | S6 MeasureStack#16 Voice #1 too long 1/4
2017-10-06 15:48:00,078 INFO [91387884]           StackTuner.java:92   | S6 MeasureStack#16 no correct rhythm
2017-10-06 15:48:00,081 INFO [91387884]            BasicBook.java:1395 | Stored /book.xml
2017-10-06 15:48:01,146 INFO [91387884]           BasicSheet.java:979  | Stored /sheet#1/sheet#1.xml
2017-10-06 15:48:01,148 INFO [91387884]       StepMonitoring.java:96   | PAGE
2017-10-06 15:48:01,153 INFO [91387884]                Voice.java:257  | S1 MeasureStack#2 Voice #2 too long 1/8
2017-10-06 15:48:01,154 INFO [91387884]                Voice.java:257  | S1 MeasureStack#3 Voice #1 too long 1/4
2017-10-06 15:48:01,154 INFO [91387884]                Voice.java:257  | S1 MeasureStack#3 Voice #2 too long 3/8
2017-10-06 15:48:01,154 INFO [91387884]                Voice.java:257  | S2 MeasureStack#5 Voice #1 too long 5/8
2017-10-06 15:48:01,154 INFO [91387884]                Voice.java:257  | S2 MeasureStack#5 Voice #2 too long 1/4
2017-10-06 15:48:01,154 INFO [91387884]                Voice.java:257  | S2 MeasureStack#5 Voice #3 too long 3/4
2017-10-06 15:48:01,155 INFO [91387884]                 Part.java:267  | Could not left-connect slur#6138
2017-10-06 15:48:01,156 INFO [91387884]                 Part.java:267  | Could not left-connect slur#6135
2017-10-06 15:48:01,157 INFO [91387884]                Voice.java:257  | S3 MeasureStack#1 Voice #1 too long 1/2
2017-10-06 15:48:01,158 INFO [91387884]                Voice.java:257  | S3 MeasureStack#2 Voice #1 too long 3/2
2017-10-06 15:48:01,158 INFO [91387884]                Voice.java:257  | S3 MeasureStack#2 Voice #2 too long 5/4
2017-10-06 15:48:01,158 INFO [91387884]                Voice.java:257  | S3 MeasureStack#3 Voice #1 too long 1/2
2017-10-06 15:48:01,159 INFO [91387884]                Voice.java:257  | S3 MeasureStack#3 Voice #3 too long 1/2
2017-10-06 15:48:01,159 INFO [91387884]                Voice.java:257  | S3 MeasureStack#4 Voice #1 too long 1/4
2017-10-06 15:48:01,159 INFO [91387884]                Voice.java:257  | S4 MeasureStack#7 Voice #1 too long 1/2
2017-10-06 15:48:01,159 INFO [91387884]                Voice.java:257  | S4 MeasureStack#7 Voice #3 too long 1/2
2017-10-06 15:48:01,160 INFO [91387884]                Voice.java:257  | S4 MeasureStack#9 Voice #1 too long 1/8
2017-10-06 15:48:01,160 INFO [91387884]                Voice.java:257  | S5 MeasureStack#10 Voice #2 too long 1/8
2017-10-06 15:48:01,160 INFO [91387884]                Voice.java:257  | S5 MeasureStack#11 Voice #1 too long 1/2
2017-10-06 15:48:01,160 INFO [91387884]                Voice.java:257  | S5 MeasureStack#11 Voice #3 too long 1/2
2017-10-06 15:48:01,161 INFO [91387884]                Voice.java:257  | S5 MeasureStack#12 Voice #2 too long 3/4
2017-10-06 15:48:01,161 INFO [91387884]                Voice.java:257  | S5 MeasureStack#12 Voice #3 too long 3/4
2017-10-06 15:48:01,161 INFO [91387884]                Voice.java:257  | S5 MeasureStack#13 Voice #1 too long 1/4
2017-10-06 15:48:01,161 INFO [91387884]                Voice.java:257  | S6 MeasureStack#14 Voice #1 too long 3/4
2017-10-06 15:48:01,162 INFO [91387884]                Voice.java:257  | S6 MeasureStack#14 Voice #3 too long 1/2
2017-10-06 15:48:01,162 INFO [91387884]                Voice.java:257  | S6 MeasureStack#15 Voice #1 too long 3/8
2017-10-06 15:48:01,162 INFO [91387884]                Voice.java:257  | S6 MeasureStack#15 Voice #2 too long 3/8
2017-10-06 15:48:01,162 INFO [91387884]                Voice.java:257  | S6 MeasureStack#16 Voice #1 too long 1/4
2017-10-06 15:48:01,164 INFO [91387884]            BasicBook.java:1395 | Stored /book.xml
2017-10-06 15:48:02,233 INFO [91387884]           BasicSheet.java:979  | Stored /sheet#1/sheet#1.xml
2017-10-06 15:48:02,235 INFO [91387884]            BasicStub.java:723  | Sheet{91387884} disposed
2017-10-06 15:48:03,273 INFO [91387884]            BasicStub.java:449  | Loaded /sheet#1/sheet#1.xml
2017-10-06 15:48:03,275 INFO [91387884]            BasicBook.java:1133 | Scores built: 2
2017-10-06 15:48:04,468 INFO [91387884]        ScoreExporter.java:93   | Score 91387884.mvt1 exported to /Users/stephenn/Documents/workspace/nlsomr/xml_out/91386487/91387884/91387884.mvt1.mxl
2017-10-06 15:48:04,485 WARN [91387884]      PartwiseBuilder.java:1379 | Error visiting null
java.lang.NullPointerException: null
	at org.audiveris.omr.score.PartwiseBuilder.processKey(PartwiseBuilder.java:1344)
	at org.audiveris.omr.score.PartwiseBuilder.processKeys(PartwiseBuilder.java:1407)
	at org.audiveris.omr.score.PartwiseBuilder.processMeasure(PartwiseBuilder.java:1575)
	at org.audiveris.omr.score.PartwiseBuilder.processPart(PartwiseBuilder.java:1988)
	at org.audiveris.omr.score.PartwiseBuilder.processSystem(PartwiseBuilder.java:2528)
	at org.audiveris.omr.score.PartwiseBuilder.processLogicalPart(PartwiseBuilder.java:1433)
	at org.audiveris.omr.score.PartwiseBuilder.processStub(PartwiseBuilder.java:2483)
	at org.audiveris.omr.score.PartwiseBuilder.processPartList(PartwiseBuilder.java:2017)
	at org.audiveris.omr.score.PartwiseBuilder.processScore(PartwiseBuilder.java:2195)
	at org.audiveris.omr.score.PartwiseBuilder.build(PartwiseBuilder.java:307)
	at org.audiveris.omr.score.ScoreExporter.export(ScoreExporter.java:117)
	at org.audiveris.omr.score.ScoreExporter.export(ScoreExporter.java:91)
	at org.audiveris.omr.sheet.BasicBook.export(BasicBook.java:589)
	at org.audiveris.omr.CLI$ProcessingTask.processBook(CLI.java:785)
	at org.audiveris.omr.CLI$CliTask.call(CLI.java:344)
	at org.audiveris.omr.Main.runBatchTasks(Main.java:316)
	at org.audiveris.omr.Main.main(Main.java:155)
	at Audiveris.main(Audiveris.java:49)
2017-10-06 15:48:04,518 INFO [91387884]        ScoreExporter.java:93   | Score 91387884.mvt2 exported to /Users/stephenn/Documents/workspace/nlsomr/xml_out/91386487/91387884/91387884.mvt2.mxl
2017-10-06 15:48:04,670 INFO [91387884]            BasicBook.java:1395 | Stored /book.xml
2017-10-06 15:48:04,670 INFO [91387884]            BasicBook.java:1355 | Book stored as /Users/stephenn/Documents/workspace/nlsomr/xml_out/91386487/91387884/91387884.omr
