2017-10-06 16:08:14,129 INFO [91388160]            BasicBook.java:427  | 1 sheet in /Users/stephenn/Documents/workspace/nlsomr/working/91388160.jpg
2017-10-06 16:08:14,286 INFO []            BasicBook.java:1395 | Stored /book.xml
2017-10-06 16:08:14,287 INFO []            BasicBook.java:1355 | Book stored as /Users/stephenn/Documents/workspace/nlsomr/xml_out/91386487/91388160/91388160.omr
2017-10-06 16:08:14,292 INFO []            BasicBook.java:996  | Book reaching PAGE on sheets:[#1]
2017-10-06 16:08:14,294 INFO [91388160]       StepMonitoring.java:96   | LOAD
2017-10-06 16:08:14,450 INFO [91388160]            BasicBook.java:911  | Loaded image 1 2000x3056 from /Users/stephenn/Documents/workspace/nlsomr/working/91388160.jpg
2017-10-06 16:08:14,453 INFO [91388160]            ImageUtil.java:82   | Converting max RGB to gray ...
2017-10-06 16:08:14,709 INFO [91388160]            BasicBook.java:1395 | Stored /book.xml
2017-10-06 16:08:15,013 INFO [91388160]           BasicSheet.java:979  | Stored /sheet#1/sheet#1.xml
2017-10-06 16:08:15,015 INFO [91388160]       StepMonitoring.java:96   | BINARY
2017-10-06 16:08:15,643 INFO [91388160]            BasicBook.java:1395 | Stored /book.xml
2017-10-06 16:08:15,979 INFO [91388160]              Picture.java:786  | Stored /sheet#1/BINARY.xml
2017-10-06 16:08:15,981 INFO [91388160]           BasicSheet.java:979  | Stored /sheet#1/sheet#1.xml
2017-10-06 16:08:15,983 INFO [91388160]       StepMonitoring.java:96   | SCALE
2017-10-06 16:08:16,031 INFO [91388160]            ScaleStep.java:87   | Scale{line(3,4,5) interline(16,17,17) beam(13)}
2017-10-06 16:08:16,033 INFO [91388160]            BasicBook.java:1395 | Stored /book.xml
2017-10-06 16:08:16,035 INFO [91388160]           BasicSheet.java:979  | Stored /sheet#1/sheet#1.xml
2017-10-06 16:08:16,039 INFO [91388160]       StepMonitoring.java:96   | GRID
2017-10-06 16:08:16,946 INFO [91388160]       LinesRetriever.java:442  | Global slope: 0.00059
2017-10-06 16:08:17,039 INFO [91388160]    ClustersRetriever.java:241  | Retrieved line clusters: 12 of size: 5 with interline: (16,17,17)
2017-10-06 16:08:17,758 INFO [91388160]            PeakGraph.java:181  | Systems: #1[1, 2] #2[3, 4] #3[5, 6] #4[7, 8] #5[9, 10] #6[11, 12]
2017-10-06 16:08:18,830 INFO [91388160]        SystemManager.java:626  | Indentation detected for system#1
2017-10-06 16:08:18,831 INFO [91388160]        SystemManager.java:626  | Indentation detected for system#5
2017-10-06 16:08:18,831 INFO [91388160]        SystemManager.java:671  | 2 pages found in sheet
2017-10-06 16:08:18,832 INFO [91388160]        SystemManager.java:709  | Page #1: 1 part along 4 systems
2017-10-06 16:08:18,832 INFO [91388160]        SystemManager.java:709  | Page #2: 1 part along 2 systems
2017-10-06 16:08:18,835 INFO [91388160]            BasicBook.java:1395 | Stored /book.xml
2017-10-06 16:08:19,068 INFO [91388160]           BasicSheet.java:979  | Stored /sheet#1/sheet#1.xml
2017-10-06 16:08:19,071 INFO [91388160]       StepMonitoring.java:96   | HEADERS
2017-10-06 16:08:19,458 INFO []          Nd4jBackend.java:194  | Loaded [CpuBackend] backend
2017-10-06 16:08:19,514 INFO []      NativeOpsHolder.java:49   | Number of threads used for NativeOps: 2
2017-10-06 16:08:19,995 INFO [] DefaultOpExecutioner.java:544  | Backend used: [CPU]; OS: [Mac OS X]
2017-10-06 16:08:19,995 INFO [] DefaultOpExecutioner.java:545  | Cores: [4]; Memory: [3.6GB];
2017-10-06 16:08:19,996 INFO [] DefaultOpExecutioner.java:546  | Blas vendor: [OPENBLAS]
2017-10-06 16:08:20,038 INFO []   AbstractClassifier.java:332  | Classifier data loaded from default uri jar:file:/Users/stephenn/Documents/workspace/audiveris/build/distributions/Audiveris/lib/audiveris.jar!/res/basic-classifier.zip
2017-10-06 16:08:21,557 WARN [91388160]          ClefBuilder.java:560  | Staff#2 no header clef.
2017-10-06 16:08:22,308 WARN [91388160]          ClefBuilder.java:560  | Staff#4 no header clef.
2017-10-06 16:08:22,421 INFO [91388160]           KeyBuilder.java:746  | Staff#3 key slice#2 pitch adjusted from -0.3 to -1
2017-10-06 16:08:22,573 WARN [91388160]          ClefBuilder.java:560  | Staff#6 no header clef.
2017-10-06 16:08:22,803 WARN [91388160]          ClefBuilder.java:560  | Staff#8 no header clef.
2017-10-06 16:08:23,005 INFO [91388160]           KeyBuilder.java:746  | Staff#10 key slice#1 pitch adjusted from 3.1 to 2
2017-10-06 16:08:23,013 INFO [91388160]           KeyBuilder.java:746  | Staff#10 key slice#4 pitch adjusted from 1.2 to 0
2017-10-06 16:08:23,244 INFO []   AbstractClassifier.java:332  | Classifier data loaded from default uri jar:file:/Users/stephenn/Documents/workspace/audiveris/build/distributions/Audiveris/lib/audiveris.jar!/res/deep-classifier.zip
2017-10-06 16:08:23,316 INFO [91388160]            BasicBook.java:1395 | Stored /book.xml
2017-10-06 16:08:23,626 INFO [91388160]           BasicSheet.java:979  | Stored /sheet#1/sheet#1.xml
2017-10-06 16:08:23,628 INFO [91388160]       StepMonitoring.java:96   | STEM_SEEDS
2017-10-06 16:08:23,728 INFO [91388160]        StemSeedsStep.java:91   | stem(4 max:5)
2017-10-06 16:08:23,851 INFO [91388160]            BasicBook.java:1395 | Stored /book.xml
2017-10-06 16:08:24,195 INFO [91388160]           BasicSheet.java:979  | Stored /sheet#1/sheet#1.xml
2017-10-06 16:08:24,197 INFO [91388160]       StepMonitoring.java:96   | BEAMS
2017-10-06 16:08:29,387 INFO [91388160]            BeamsStep.java:89   | BeamDistance{count:14 mean:15.20 stdDev:0.51}
2017-10-06 16:08:29,390 INFO [91388160]            BasicBook.java:1395 | Stored /book.xml
2017-10-06 16:08:29,444 INFO [91388160]              Picture.java:786  | Stored /sheet#1/HEAD_SPOTS.xml
2017-10-06 16:08:29,854 INFO [91388160]           BasicSheet.java:979  | Stored /sheet#1/sheet#1.xml
2017-10-06 16:08:29,857 INFO [91388160]       StepMonitoring.java:96   | LEDGERS
2017-10-06 16:08:30,455 INFO [91388160]            BasicBook.java:1395 | Stored /book.xml
2017-10-06 16:08:30,902 INFO [91388160]           BasicSheet.java:979  | Stored /sheet#1/sheet#1.xml
2017-10-06 16:08:30,907 INFO [91388160]       StepMonitoring.java:96   | HEADS
2017-10-06 16:08:33,419 INFO [91388160]            BasicBook.java:1395 | Stored /book.xml
2017-10-06 16:08:34,430 INFO [91388160]           BasicSheet.java:979  | Stored /sheet#1/sheet#1.xml
2017-10-06 16:08:34,433 INFO [91388160]       StepMonitoring.java:96   | STEMS
2017-10-06 16:08:37,433 INFO [91388160]            BasicBook.java:1395 | Stored /book.xml
2017-10-06 16:08:38,736 INFO [91388160]           BasicSheet.java:979  | Stored /sheet#1/sheet#1.xml
2017-10-06 16:08:38,740 INFO [91388160]       StepMonitoring.java:96   | REDUCTION
2017-10-06 16:08:39,394 INFO [91388160]            BasicBook.java:1395 | Stored /book.xml
2017-10-06 16:08:40,139 INFO [91388160]           BasicSheet.java:979  | Stored /sheet#1/sheet#1.xml
2017-10-06 16:08:40,143 INFO [91388160]       StepMonitoring.java:96   | CUE_BEAMS
2017-10-06 16:08:40,146 INFO [91388160]            BasicBook.java:1395 | Stored /book.xml
2017-10-06 16:08:40,894 INFO [91388160]           BasicSheet.java:979  | Stored /sheet#1/sheet#1.xml
2017-10-06 16:08:40,896 INFO [91388160]       StepMonitoring.java:96   | TEXTS
2017-10-06 16:08:43,362 INFO [91388160]            BasicBook.java:1395 | Stored /book.xml
2017-10-06 16:08:44,130 INFO [91388160]           BasicSheet.java:979  | Stored /sheet#1/sheet#1.xml
2017-10-06 16:08:44,132 INFO [91388160]       StepMonitoring.java:96   | MEASURES
2017-10-06 16:08:44,137 INFO [91388160]                 Page.java:210  | 18 raw measures: [5 in system#1, 4 in system#2, 5 in system#3, 4 in system#4]
2017-10-06 16:08:44,137 INFO [91388160]                 Page.java:210  | 9 raw measures: [4 in system#5, 5 in system#6]
2017-10-06 16:08:44,138 INFO [91388160]            BasicBook.java:1395 | Stored /book.xml
2017-10-06 16:08:44,886 INFO [91388160]           BasicSheet.java:979  | Stored /sheet#1/sheet#1.xml
2017-10-06 16:08:44,888 INFO [91388160]       StepMonitoring.java:96   | CHORDS
2017-10-06 16:08:44,905 INFO [91388160]            BasicBook.java:1395 | Stored /book.xml
2017-10-06 16:08:45,750 INFO [91388160]           BasicSheet.java:979  | Stored /sheet#1/sheet#1.xml
2017-10-06 16:08:45,753 INFO [91388160]       StepMonitoring.java:96   | CURVES
2017-10-06 16:08:47,640 INFO [91388160]         SlursBuilder.java:157  | Slurs: 27
2017-10-06 16:08:47,764 INFO [91388160]      SegmentsBuilder.java:113  | Segments: 28
2017-10-06 16:08:47,772 INFO [91388160]            BasicBook.java:1395 | Stored /book.xml
2017-10-06 16:08:48,872 INFO [91388160]           BasicSheet.java:979  | Stored /sheet#1/sheet#1.xml
2017-10-06 16:08:48,874 INFO [91388160]       StepMonitoring.java:96   | SYMBOLS
2017-10-06 16:08:51,067 INFO [91388160]            BasicBook.java:1395 | Stored /book.xml
2017-10-06 16:08:52,183 INFO [91388160]           BasicSheet.java:979  | Stored /sheet#1/sheet#1.xml
2017-10-06 16:08:52,186 INFO [91388160]       StepMonitoring.java:96   | LINKS
2017-10-06 16:08:52,208 INFO [91388160]        SymbolsLinker.java:323  | No chord above direction SentenceInter{#5136(0.602) s:6 BIS-41 Direction} rallent.
2017-10-06 16:08:52,231 INFO [91388160]        SymbolsLinker.java:306  | No measure stack for direction SentenceInter{#5194(0.631) s:9 BIS-36 Direction} 60-
2017-10-06 16:08:52,263 INFO [91388160]            BasicBook.java:1395 | Stored /book.xml
2017-10-06 16:08:53,445 INFO [91388160]           BasicSheet.java:979  | Stored /sheet#1/sheet#1.xml
2017-10-06 16:08:53,449 INFO [91388160]       StepMonitoring.java:96   | RHYTHMS
2017-10-06 16:08:53,486 INFO [91388160]           PageRhythm.java:314  | Range{1-18} Durations avgGuess:3/4 topGuess:3/4 avgValue:0.68 stacks:18 voices:54 Histogram{1/4-9/8 size:10 [1/4=2 3/8=1 1/2=16 9/16=1 5/8=3 11/16=3 3/4=22 7/8=3 1=2 9/8=1]}
2017-10-06 16:08:53,487 INFO [91388160]           PageRhythm.java:221  | S1 Range{1-18 dur:3/4} should update to 3/4-based time sig?
2017-10-06 16:08:53,490 INFO [91388160]                Voice.java:257  | S1 MeasureStack#3 Voice #1 too long 1/8
2017-10-06 16:08:53,491 INFO [91388160]           StackTuner.java:92   | S1 MeasureStack#3 no correct rhythm
2017-10-06 16:08:53,493 INFO [91388160]                Voice.java:257  | S1 MeasureStack#4 Voice #1 too long 1/4
2017-10-06 16:08:53,494 INFO [91388160]                Voice.java:257  | S1 MeasureStack#4 Voice #2 too long 3/8
2017-10-06 16:08:53,494 INFO [91388160]                Voice.java:257  | S1 MeasureStack#4 Voice #3 too long 1/4
2017-10-06 16:08:53,494 INFO [91388160]           StackTuner.java:92   | S1 MeasureStack#4 no correct rhythm
2017-10-06 16:08:53,499 INFO [91388160]         SlotsBuilder.java:427  | S2 MeasureStack#6 Slot{#6 xOffset=544 timeOffset=1/2 incomings=[#5269] SUSPICIOUS}
2017-10-06 16:08:53,501 INFO [91388160]         SlotsBuilder.java:427  | S2 MeasureStack#8 Slot{#5 xOffset=312 timeOffset=1/2 incomings=[#5273] SUSPICIOUS}
2017-10-06 16:08:53,504 INFO [91388160]                Voice.java:257  | S3 MeasureStack#11 Voice #1 too long 1/8
2017-10-06 16:08:53,504 INFO [91388160]           StackTuner.java:92   | S3 MeasureStack#11 no correct rhythm
2017-10-06 16:08:53,505 INFO [91388160]                Voice.java:257  | S3 MeasureStack#12 Voice #1 too long 1/8
2017-10-06 16:08:53,506 INFO [91388160]           StackTuner.java:92   | S3 MeasureStack#12 no correct rhythm
2017-10-06 16:08:53,512 INFO [91388160]         SlotsBuilder.java:427  | S4 MeasureStack#17 Slot{#5 xOffset=327 timeOffset=1/2 incomings=[#5342] SUSPICIOUS}
2017-10-06 16:08:53,523 INFO [91388160]           PageRhythm.java:314  | Range{1-9} Durations avgGuess:3/4 topGuess:3/4 avgValue:0.74 stacks:9 voices:20 Histogram{1/8-3/4 size:5 [1/8=1 1/4=3 3/8=6 5/8=1 3/4=9]}
2017-10-06 16:08:53,524 INFO [91388160]           PageRhythm.java:221  | S5 Range{1-9 dur:3/4} should update to 3/4-based time sig?
2017-10-06 16:08:53,526 INFO [91388160]         SlotsBuilder.java:427  | S5 MeasureStack#2 Slot{#4 xOffset=124 timeOffset=3/8 incomings=[#5367] SUSPICIOUS}
2017-10-06 16:08:53,527 INFO [91388160]         SlotsBuilder.java:427  | S5 MeasureStack#2 Slot{#6 xOffset=170 timeOffset=1/2 incomings=[#5368] SUSPICIOUS}
2017-10-06 16:08:53,528 INFO [91388160]                Voice.java:257  | S5 MeasureStack#2 Voice #1 too long 1/8
2017-10-06 16:08:53,528 INFO [91388160]                Voice.java:257  | S5 MeasureStack#2 Voice #2 too long 1/8
2017-10-06 16:08:53,529 INFO [91388160]           StackTuner.java:92   | S5 MeasureStack#2 no correct rhythm
2017-10-06 16:08:53,533 INFO [91388160]         SlotsBuilder.java:427  | S6 MeasureStack#6 Slot{#4 xOffset=149 timeOffset=3/8 incomings=[#5406] SUSPICIOUS}
2017-10-06 16:08:53,534 INFO [91388160]         SlotsBuilder.java:427  | S6 MeasureStack#6 Slot{#6 xOffset=200 timeOffset=1/2 incomings=[#5407] SUSPICIOUS}
2017-10-06 16:08:53,534 INFO [91388160]                Voice.java:257  | S6 MeasureStack#6 Voice #1 too long 1/8
2017-10-06 16:08:53,535 INFO [91388160]                Voice.java:257  | S6 MeasureStack#6 Voice #2 too long 1/8
2017-10-06 16:08:53,535 INFO [91388160]           StackTuner.java:92   | S6 MeasureStack#6 no correct rhythm
2017-10-06 16:08:53,539 INFO [91388160]            BasicBook.java:1395 | Stored /book.xml
2017-10-06 16:08:54,689 INFO [91388160]           BasicSheet.java:979  | Stored /sheet#1/sheet#1.xml
2017-10-06 16:08:54,691 INFO [91388160]       StepMonitoring.java:96   | PAGE
2017-10-06 16:08:54,695 INFO [91388160]                Voice.java:257  | S1 MeasureStack#3 Voice #1 too long 1/8
2017-10-06 16:08:54,696 INFO [91388160]                Voice.java:257  | S1 MeasureStack#4 Voice #1 too long 1/4
2017-10-06 16:08:54,697 INFO [91388160]                Voice.java:257  | S1 MeasureStack#4 Voice #2 too long 3/8
2017-10-06 16:08:54,697 INFO [91388160]                Voice.java:257  | S1 MeasureStack#4 Voice #3 too long 1/4
2017-10-06 16:08:54,698 INFO [91388160]                Voice.java:257  | S3 MeasureStack#11 Voice #1 too long 1/8
2017-10-06 16:08:54,698 INFO [91388160]                Voice.java:257  | S3 MeasureStack#12 Voice #1 too long 1/8
2017-10-06 16:08:54,701 INFO [91388160]                Voice.java:257  | S5 MeasureStack#2 Voice #1 too long 1/8
2017-10-06 16:08:54,701 INFO [91388160]                Voice.java:257  | S5 MeasureStack#2 Voice #2 too long 1/8
2017-10-06 16:08:54,702 INFO [91388160]                Voice.java:257  | S6 MeasureStack#6 Voice #1 too long 1/8
2017-10-06 16:08:54,702 INFO [91388160]                Voice.java:257  | S6 MeasureStack#6 Voice #2 too long 1/8
2017-10-06 16:08:54,704 INFO [91388160]            BasicBook.java:1395 | Stored /book.xml
2017-10-06 16:08:55,812 INFO [91388160]           BasicSheet.java:979  | Stored /sheet#1/sheet#1.xml
2017-10-06 16:08:55,815 INFO [91388160]            BasicStub.java:723  | Sheet{91388160} disposed
2017-10-06 16:08:56,939 INFO [91388160]            BasicStub.java:449  | Loaded /sheet#1/sheet#1.xml
2017-10-06 16:08:56,941 INFO [91388160]            BasicBook.java:1133 | Scores built: 2
2017-10-06 16:08:58,028 WARN [91388160]      PartwiseBuilder.java:1379 | Error visiting null
java.lang.NullPointerException: null
	at org.audiveris.omr.score.PartwiseBuilder.processKey(PartwiseBuilder.java:1344)
	at org.audiveris.omr.score.PartwiseBuilder.processKeys(PartwiseBuilder.java:1407)
	at org.audiveris.omr.score.PartwiseBuilder.processMeasure(PartwiseBuilder.java:1575)
	at org.audiveris.omr.score.PartwiseBuilder.processPart(PartwiseBuilder.java:1988)
	at org.audiveris.omr.score.PartwiseBuilder.processSystem(PartwiseBuilder.java:2528)
	at org.audiveris.omr.score.PartwiseBuilder.processLogicalPart(PartwiseBuilder.java:1433)
	at org.audiveris.omr.score.PartwiseBuilder.processStub(PartwiseBuilder.java:2483)
	at org.audiveris.omr.score.PartwiseBuilder.processPartList(PartwiseBuilder.java:2017)
	at org.audiveris.omr.score.PartwiseBuilder.processScore(PartwiseBuilder.java:2195)
	at org.audiveris.omr.score.PartwiseBuilder.build(PartwiseBuilder.java:307)
	at org.audiveris.omr.score.ScoreExporter.export(ScoreExporter.java:117)
	at org.audiveris.omr.score.ScoreExporter.export(ScoreExporter.java:91)
	at org.audiveris.omr.sheet.BasicBook.export(BasicBook.java:589)
	at org.audiveris.omr.CLI$ProcessingTask.processBook(CLI.java:785)
	at org.audiveris.omr.CLI$CliTask.call(CLI.java:344)
	at org.audiveris.omr.Main.runBatchTasks(Main.java:316)
	at org.audiveris.omr.Main.main(Main.java:155)
	at Audiveris.main(Audiveris.java:49)
2017-10-06 16:08:58,038 WARN [91388160]      PartwiseBuilder.java:1379 | Error visiting null
java.lang.NullPointerException: null
	at org.audiveris.omr.score.PartwiseBuilder.processKey(PartwiseBuilder.java:1344)
	at org.audiveris.omr.score.PartwiseBuilder.processKeys(PartwiseBuilder.java:1407)
	at org.audiveris.omr.score.PartwiseBuilder.processMeasure(PartwiseBuilder.java:1575)
	at org.audiveris.omr.score.PartwiseBuilder.processPart(PartwiseBuilder.java:1988)
	at org.audiveris.omr.score.PartwiseBuilder.processSystem(PartwiseBuilder.java:2528)
	at org.audiveris.omr.score.PartwiseBuilder.processLogicalPart(PartwiseBuilder.java:1433)
	at org.audiveris.omr.score.PartwiseBuilder.processStub(PartwiseBuilder.java:2483)
	at org.audiveris.omr.score.PartwiseBuilder.processPartList(PartwiseBuilder.java:2017)
	at org.audiveris.omr.score.PartwiseBuilder.processScore(PartwiseBuilder.java:2195)
	at org.audiveris.omr.score.PartwiseBuilder.build(PartwiseBuilder.java:307)
	at org.audiveris.omr.score.ScoreExporter.export(ScoreExporter.java:117)
	at org.audiveris.omr.score.ScoreExporter.export(ScoreExporter.java:91)
	at org.audiveris.omr.sheet.BasicBook.export(BasicBook.java:589)
	at org.audiveris.omr.CLI$ProcessingTask.processBook(CLI.java:785)
	at org.audiveris.omr.CLI$CliTask.call(CLI.java:344)
	at org.audiveris.omr.Main.runBatchTasks(Main.java:316)
	at org.audiveris.omr.Main.main(Main.java:155)
	at Audiveris.main(Audiveris.java:49)
2017-10-06 16:08:58,044 WARN [91388160]      PartwiseBuilder.java:1379 | Error visiting null
java.lang.NullPointerException: null
	at org.audiveris.omr.score.PartwiseBuilder.processKey(PartwiseBuilder.java:1344)
	at org.audiveris.omr.score.PartwiseBuilder.processKeys(PartwiseBuilder.java:1407)
	at org.audiveris.omr.score.PartwiseBuilder.processMeasure(PartwiseBuilder.java:1575)
	at org.audiveris.omr.score.PartwiseBuilder.processPart(PartwiseBuilder.java:1988)
	at org.audiveris.omr.score.PartwiseBuilder.processSystem(PartwiseBuilder.java:2528)
	at org.audiveris.omr.score.PartwiseBuilder.processLogicalPart(PartwiseBuilder.java:1433)
	at org.audiveris.omr.score.PartwiseBuilder.processStub(PartwiseBuilder.java:2483)
	at org.audiveris.omr.score.PartwiseBuilder.processPartList(PartwiseBuilder.java:2017)
	at org.audiveris.omr.score.PartwiseBuilder.processScore(PartwiseBuilder.java:2195)
	at org.audiveris.omr.score.PartwiseBuilder.build(PartwiseBuilder.java:307)
	at org.audiveris.omr.score.ScoreExporter.export(ScoreExporter.java:117)
	at org.audiveris.omr.score.ScoreExporter.export(ScoreExporter.java:91)
	at org.audiveris.omr.sheet.BasicBook.export(BasicBook.java:589)
	at org.audiveris.omr.CLI$ProcessingTask.processBook(CLI.java:785)
	at org.audiveris.omr.CLI$CliTask.call(CLI.java:344)
	at org.audiveris.omr.Main.runBatchTasks(Main.java:316)
	at org.audiveris.omr.Main.main(Main.java:155)
	at Audiveris.main(Audiveris.java:49)
2017-10-06 16:08:58,050 WARN [91388160]      PartwiseBuilder.java:1379 | Error visiting null
java.lang.NullPointerException: null
	at org.audiveris.omr.score.PartwiseBuilder.processKey(PartwiseBuilder.java:1344)
	at org.audiveris.omr.score.PartwiseBuilder.processKeys(PartwiseBuilder.java:1407)
	at org.audiveris.omr.score.PartwiseBuilder.processMeasure(PartwiseBuilder.java:1575)
	at org.audiveris.omr.score.PartwiseBuilder.processPart(PartwiseBuilder.java:1988)
	at org.audiveris.omr.score.PartwiseBuilder.processSystem(PartwiseBuilder.java:2528)
	at org.audiveris.omr.score.PartwiseBuilder.processLogicalPart(PartwiseBuilder.java:1433)
	at org.audiveris.omr.score.PartwiseBuilder.processStub(PartwiseBuilder.java:2483)
	at org.audiveris.omr.score.PartwiseBuilder.processPartList(PartwiseBuilder.java:2017)
	at org.audiveris.omr.score.PartwiseBuilder.processScore(PartwiseBuilder.java:2195)
	at org.audiveris.omr.score.PartwiseBuilder.build(PartwiseBuilder.java:307)
	at org.audiveris.omr.score.ScoreExporter.export(ScoreExporter.java:117)
	at org.audiveris.omr.score.ScoreExporter.export(ScoreExporter.java:91)
	at org.audiveris.omr.sheet.BasicBook.export(BasicBook.java:589)
	at org.audiveris.omr.CLI$ProcessingTask.processBook(CLI.java:785)
	at org.audiveris.omr.CLI$CliTask.call(CLI.java:344)
	at org.audiveris.omr.Main.runBatchTasks(Main.java:316)
	at org.audiveris.omr.Main.main(Main.java:155)
	at Audiveris.main(Audiveris.java:49)
2017-10-06 16:08:58,111 INFO [91388160]        ScoreExporter.java:93   | Score 91388160.mvt1 exported to /Users/stephenn/Documents/workspace/nlsomr/xml_out/91386487/91388160/91388160.mvt1.mxl
2017-10-06 16:08:58,135 INFO [91388160]        ScoreExporter.java:93   | Score 91388160.mvt2 exported to /Users/stephenn/Documents/workspace/nlsomr/xml_out/91386487/91388160/91388160.mvt2.mxl
2017-10-06 16:08:58,312 INFO [91388160]            BasicBook.java:1395 | Stored /book.xml
2017-10-06 16:08:58,313 INFO [91388160]            BasicBook.java:1355 | Book stored as /Users/stephenn/Documents/workspace/nlsomr/xml_out/91386487/91388160/91388160.omr
