2017-10-06 15:49:00,168 INFO [91387908]            BasicBook.java:427  | 1 sheet in /Users/stephenn/Documents/workspace/nlsomr/working/91387908.jpg
2017-10-06 15:49:00,344 INFO []            BasicBook.java:1395 | Stored /book.xml
2017-10-06 15:49:00,345 INFO []            BasicBook.java:1355 | Book stored as /Users/stephenn/Documents/workspace/nlsomr/xml_out/91386487/91387908/91387908.omr
2017-10-06 15:49:00,350 INFO []            BasicBook.java:996  | Book reaching PAGE on sheets:[#1]
2017-10-06 15:49:00,351 INFO [91387908]       StepMonitoring.java:96   | LOAD
2017-10-06 15:49:00,510 INFO [91387908]            BasicBook.java:911  | Loaded image 1 2000x3056 from /Users/stephenn/Documents/workspace/nlsomr/working/91387908.jpg
2017-10-06 15:49:00,513 INFO [91387908]            ImageUtil.java:82   | Converting max RGB to gray ...
2017-10-06 15:49:00,751 INFO [91387908]            BasicBook.java:1395 | Stored /book.xml
2017-10-06 15:49:01,137 INFO [91387908]           BasicSheet.java:979  | Stored /sheet#1/sheet#1.xml
2017-10-06 15:49:01,139 INFO [91387908]       StepMonitoring.java:96   | BINARY
2017-10-06 15:49:01,738 INFO [91387908]            BasicBook.java:1395 | Stored /book.xml
2017-10-06 15:49:02,076 INFO [91387908]              Picture.java:786  | Stored /sheet#1/BINARY.xml
2017-10-06 15:49:02,078 INFO [91387908]           BasicSheet.java:979  | Stored /sheet#1/sheet#1.xml
2017-10-06 15:49:02,080 INFO [91387908]       StepMonitoring.java:96   | SCALE
2017-10-06 15:49:02,126 INFO [91387908]            ScaleStep.java:87   | Scale{line(3,5,6) interline(16,16,17) beam(13)}
2017-10-06 15:49:02,128 INFO [91387908]            BasicBook.java:1395 | Stored /book.xml
2017-10-06 15:49:02,131 INFO [91387908]           BasicSheet.java:979  | Stored /sheet#1/sheet#1.xml
2017-10-06 15:49:02,134 INFO [91387908]       StepMonitoring.java:96   | GRID
2017-10-06 15:49:03,044 INFO [91387908]       LinesRetriever.java:442  | Global slope: 0.00078
2017-10-06 15:49:03,148 INFO [91387908]    ClustersRetriever.java:241  | Retrieved line clusters: 12 of size: 5 with interline: (16,16,17)
2017-10-06 15:49:03,876 INFO [91387908]            PeakGraph.java:181  | Systems: #1[1, 2] #2[3, 4] #3[5, 6] #4[7, 8] #5[9, 10] #6[11, 12]
2017-10-06 15:49:04,914 INFO [91387908]        SystemManager.java:626  | Indentation detected for system#3
2017-10-06 15:49:04,915 INFO [91387908]        SystemManager.java:671  | 2 pages found in sheet
2017-10-06 15:49:04,915 INFO [91387908]        SystemManager.java:709  | Page #1: 1 part along 2 systems
2017-10-06 15:49:04,916 INFO [91387908]        SystemManager.java:709  | Page #2: 1 part along 4 systems
2017-10-06 15:49:04,919 INFO [91387908]            BasicBook.java:1395 | Stored /book.xml
2017-10-06 15:49:05,163 INFO [91387908]           BasicSheet.java:979  | Stored /sheet#1/sheet#1.xml
2017-10-06 15:49:05,167 INFO [91387908]       StepMonitoring.java:96   | HEADERS
2017-10-06 15:49:05,592 INFO [91387908]          Nd4jBackend.java:194  | Loaded [CpuBackend] backend
2017-10-06 15:49:05,659 INFO [91387908]      NativeOpsHolder.java:49   | Number of threads used for NativeOps: 2
2017-10-06 15:49:06,124 INFO [91387908] DefaultOpExecutioner.java:544  | Backend used: [CPU]; OS: [Mac OS X]
2017-10-06 15:49:06,125 INFO [91387908] DefaultOpExecutioner.java:545  | Cores: [4]; Memory: [3.6GB];
2017-10-06 15:49:06,125 INFO [91387908] DefaultOpExecutioner.java:546  | Blas vendor: [OPENBLAS]
2017-10-06 15:49:06,163 INFO [91387908]   AbstractClassifier.java:332  | Classifier data loaded from default uri jar:file:/Users/stephenn/Documents/workspace/audiveris/build/distributions/Audiveris/lib/audiveris.jar!/res/basic-classifier.zip
2017-10-06 15:49:07,877 WARN [91387908]          ClefBuilder.java:560  | Staff#2 no header clef.
2017-10-06 15:49:08,754 WARN [91387908]          ClefBuilder.java:560  | Staff#6 no header clef.
2017-10-06 15:49:09,051 WARN [91387908]          ClefBuilder.java:560  | Staff#8 no header clef.
2017-10-06 15:49:09,265 WARN [91387908]          ClefBuilder.java:560  | Staff#10 no header clef.
2017-10-06 15:49:09,527 INFO [91387908]           KeyBuilder.java:746  | Staff#12 key slice#4 pitch adjusted from 0.9 to 0
2017-10-06 15:49:09,531 INFO [91387908]            BasicBook.java:1395 | Stored /book.xml
2017-10-06 15:49:09,937 INFO [91387908]           BasicSheet.java:979  | Stored /sheet#1/sheet#1.xml
2017-10-06 15:49:09,942 INFO [91387908]       StepMonitoring.java:96   | STEM_SEEDS
2017-10-06 15:49:10,060 INFO []   AbstractClassifier.java:332  | Classifier data loaded from default uri jar:file:/Users/stephenn/Documents/workspace/audiveris/build/distributions/Audiveris/lib/audiveris.jar!/res/deep-classifier.zip
2017-10-06 15:49:10,074 INFO [91387908]        StemSeedsStep.java:91   | stem(4 max:5)
2017-10-06 15:49:10,195 INFO [91387908]            BasicBook.java:1395 | Stored /book.xml
2017-10-06 15:49:10,537 INFO [91387908]           BasicSheet.java:979  | Stored /sheet#1/sheet#1.xml
2017-10-06 15:49:10,540 INFO [91387908]       StepMonitoring.java:96   | BEAMS
2017-10-06 15:49:15,577 INFO [91387908]            BasicBook.java:1395 | Stored /book.xml
2017-10-06 15:49:15,640 INFO [91387908]              Picture.java:786  | Stored /sheet#1/HEAD_SPOTS.xml
2017-10-06 15:49:16,047 INFO [91387908]           BasicSheet.java:979  | Stored /sheet#1/sheet#1.xml
2017-10-06 15:49:16,050 INFO [91387908]       StepMonitoring.java:96   | LEDGERS
2017-10-06 15:49:16,768 INFO [91387908]            BasicBook.java:1395 | Stored /book.xml
2017-10-06 15:49:17,204 INFO [91387908]           BasicSheet.java:979  | Stored /sheet#1/sheet#1.xml
2017-10-06 15:49:17,206 INFO [91387908]       StepMonitoring.java:96   | HEADS
2017-10-06 15:49:19,981 INFO [91387908]            BasicBook.java:1395 | Stored /book.xml
2017-10-06 15:49:20,964 INFO [91387908]           BasicSheet.java:979  | Stored /sheet#1/sheet#1.xml
2017-10-06 15:49:20,966 INFO [91387908]       StepMonitoring.java:96   | STEMS
2017-10-06 15:49:23,243 INFO [91387908]            BasicBook.java:1395 | Stored /book.xml
2017-10-06 15:49:24,323 INFO [91387908]           BasicSheet.java:979  | Stored /sheet#1/sheet#1.xml
2017-10-06 15:49:24,326 INFO [91387908]       StepMonitoring.java:96   | REDUCTION
2017-10-06 15:49:24,739 INFO [91387908]            BasicBook.java:1395 | Stored /book.xml
2017-10-06 15:49:25,550 INFO [91387908]           BasicSheet.java:979  | Stored /sheet#1/sheet#1.xml
2017-10-06 15:49:25,553 INFO [91387908]       StepMonitoring.java:96   | CUE_BEAMS
2017-10-06 15:49:25,557 INFO [91387908]            BasicBook.java:1395 | Stored /book.xml
2017-10-06 15:49:26,271 INFO [91387908]           BasicSheet.java:979  | Stored /sheet#1/sheet#1.xml
2017-10-06 15:49:26,273 INFO [91387908]       StepMonitoring.java:96   | TEXTS
2017-10-06 15:49:28,575 INFO [91387908]            BasicBook.java:1395 | Stored /book.xml
2017-10-06 15:49:29,314 INFO [91387908]           BasicSheet.java:979  | Stored /sheet#1/sheet#1.xml
2017-10-06 15:49:29,316 INFO [91387908]       StepMonitoring.java:96   | MEASURES
2017-10-06 15:49:29,321 INFO [91387908]                 Page.java:210  | 8 raw measures: [4 in system#1, 4 in system#2]
2017-10-06 15:49:29,321 INFO [91387908]                 Page.java:210  | 18 raw measures: [5 in system#3, 4 in system#4, 5 in system#5, 4 in system#6]
2017-10-06 15:49:29,322 INFO [91387908]            BasicBook.java:1395 | Stored /book.xml
2017-10-06 15:49:30,108 INFO [91387908]           BasicSheet.java:979  | Stored /sheet#1/sheet#1.xml
2017-10-06 15:49:30,110 INFO [91387908]       StepMonitoring.java:96   | CHORDS
2017-10-06 15:49:30,122 INFO [91387908]            BasicBook.java:1395 | Stored /book.xml
2017-10-06 15:49:30,888 INFO [91387908]           BasicSheet.java:979  | Stored /sheet#1/sheet#1.xml
2017-10-06 15:49:30,890 INFO [91387908]       StepMonitoring.java:96   | CURVES
2017-10-06 15:49:32,412 INFO [91387908]         SlursBuilder.java:762  | RIGHT collision SlurInter{#5477(0.629)} & SlurInter{#5481(0.592)} @ HeadInter{#1972(0.640/0.815) e#5185 s:1 p:4.00 NOTEHEAD_BLACK}
2017-10-06 15:49:32,414 INFO [91387908]         SlursBuilder.java:762  | RIGHT collision SlurInter{#5481(0.592)} & SlurInter{#5477(0.629)} @ HeadInter{#1972(0.640/0.815) e#5185 s:1 p:4.00 NOTEHEAD_BLACK}
2017-10-06 15:49:32,415 INFO [91387908]         SlursBuilder.java:762  | LEFT collision SlurInter{#5473(0.451)} & SlurInter{#5493(0.420)} @ HeadInter{#3991(0.683/0.848) e#5332 s:9 p:-1.00 NOTEHEAD_BLACK}
2017-10-06 15:49:32,415 INFO [91387908]         SlursBuilder.java:762  | RIGHT collision SlurInter{#5473(0.451)} & SlurInter{#5493(0.420)} @ HeadInter{#3971(0.597/0.810) e#5333 s:9 p:-2.00 NOTEHEAD_BLACK}
2017-10-06 15:49:32,416 INFO [91387908]         SlursBuilder.java:762  | LEFT collision SlurInter{#5493(0.420)} & SlurInter{#5473(0.451)} @ HeadInter{#3991(0.683/0.848) e#5332 s:9 p:-1.00 NOTEHEAD_BLACK}
2017-10-06 15:49:32,417 INFO [91387908]         SlursBuilder.java:762  | RIGHT collision SlurInter{#5493(0.420)} & SlurInter{#5473(0.451)} @ HeadInter{#3971(0.597/0.810) e#5333 s:9 p:-2.00 NOTEHEAD_BLACK}
2017-10-06 15:49:32,419 INFO [91387908]         SlursBuilder.java:157  | Slurs: 38
2017-10-06 15:49:32,467 INFO [91387908]      SegmentsBuilder.java:113  | Segments: 23
2017-10-06 15:49:32,476 INFO [91387908]            BasicBook.java:1395 | Stored /book.xml
2017-10-06 15:49:33,319 INFO [91387908]           BasicSheet.java:979  | Stored /sheet#1/sheet#1.xml
2017-10-06 15:49:33,321 INFO [91387908]       StepMonitoring.java:96   | SYMBOLS
2017-10-06 15:49:36,030 INFO [91387908]            BasicBook.java:1395 | Stored /book.xml
2017-10-06 15:49:37,047 INFO [91387908]           BasicSheet.java:979  | Stored /sheet#1/sheet#1.xml
2017-10-06 15:49:37,049 INFO [91387908]       StepMonitoring.java:96   | LINKS
2017-10-06 15:49:37,059 INFO [91387908]        SymbolsLinker.java:323  | No chord above direction SentenceInter{#5079(0.667) s:4 BIS-37 Direction} 162
2017-10-06 15:49:37,069 INFO [91387908]        SymbolsLinker.java:306  | No measure stack for direction SentenceInter{#5111(0.711) s:5 BS-38 Direction} 120.
2017-10-06 15:49:37,096 INFO [91387908]        SymbolsLinker.java:323  | No chord above direction SentenceInter{#5141(0.550) s:10 BIS-40 Direction} a data:
2017-10-06 15:49:37,126 INFO [91387908]            BasicBook.java:1395 | Stored /book.xml
2017-10-06 15:49:38,125 INFO [91387908]           BasicSheet.java:979  | Stored /sheet#1/sheet#1.xml
2017-10-06 15:49:38,128 INFO [91387908]       StepMonitoring.java:96   | RHYTHMS
2017-10-06 15:49:38,161 INFO [91387908]           PageRhythm.java:314  | Range{1-8} Durations avgGuess:1 topGuess:1 avgValue:0.90 stacks:8 voices:26 Histogram{1/4-1 size:4 [1/4=1 1/2=1 3/4=8 1=16]}
2017-10-06 15:49:38,161 INFO [91387908]           PageRhythm.java:221  | S1 Range{1-8 dur:1} should update to 1-based time sig?
2017-10-06 15:49:38,197 INFO [91387908]         SlotsBuilder.java:399  | Stack#13 suspicious Slot{#5 xOffset=223 timeOffset=1/2 incomings=[#5354]}
2017-10-06 15:49:38,204 INFO [91387908]           PageRhythm.java:314  | Range{1-18} Durations avgGuess:3/4 topGuess:3/4 avgValue:0.78 stacks:18 voices:35 Histogram{1/4-5/4 size:12 [1/4=1 1/2=5 9/16=3 5/8=2 11/16=2 3/4=11 13/16=1 7/8=2 15/16=2 1=1 9/8=2 5/4=3]}
2017-10-06 15:49:38,204 INFO [91387908]           PageRhythm.java:221  | S3 Range{1-18 dur:3/4} should update to 3/4-based time sig?
2017-10-06 15:49:38,205 INFO [91387908]                Voice.java:257  | S3 MeasureStack#1 Voice #1 too long 1/2
2017-10-06 15:49:38,206 INFO [91387908]                Voice.java:257  | S3 MeasureStack#1 Voice #2 too long 1/4
2017-10-06 15:49:38,206 INFO [91387908]           StackTuner.java:92   | S3 MeasureStack#1 no correct rhythm
2017-10-06 15:49:38,209 INFO [91387908]         SlotsBuilder.java:427  | S3 MeasureStack#3 Slot{#6 xOffset=195 timeOffset=9/16 incomings=[#5290] SUSPICIOUS}
2017-10-06 15:49:38,210 INFO [91387908]         SlotsBuilder.java:427  | S3 MeasureStack#3 Slot{#8 xOffset=234 timeOffset=11/16 incomings=[#5291] SUSPICIOUS}
2017-10-06 15:49:38,211 INFO [91387908]                Voice.java:257  | S3 MeasureStack#3 Voice #2 too long 1/16
2017-10-06 15:49:38,211 INFO [91387908]           StackTuner.java:92   | S3 MeasureStack#3 no correct rhythm
2017-10-06 15:49:38,213 INFO [91387908]         SlotsBuilder.java:427  | S3 MeasureStack#5 Slot{#7 xOffset=213 timeOffset=5/4 incomings=[#5299] SUSPICIOUS}
2017-10-06 15:49:38,213 INFO [91387908]                Voice.java:257  | S3 MeasureStack#5 Voice #1 too long 1/2
2017-10-06 15:49:38,214 INFO [91387908]                Voice.java:257  | S3 MeasureStack#5 Voice #2 too long 3/4
2017-10-06 15:49:38,214 INFO [91387908]           StackTuner.java:92   | S3 MeasureStack#5 no correct rhythm
2017-10-06 15:49:38,215 INFO [91387908]                Voice.java:257  | S4 MeasureStack#6 Voice #2 too long 1/16
2017-10-06 15:49:38,216 INFO [91387908]           StackTuner.java:92   | S4 MeasureStack#6 no correct rhythm
2017-10-06 15:49:38,217 INFO [91387908]         SlotsBuilder.java:427  | S4 MeasureStack#7 Slot{#7 xOffset=378 timeOffset=11/16 incomings=[#5324] SUSPICIOUS}
2017-10-06 15:49:38,218 INFO [91387908]                Voice.java:257  | S4 MeasureStack#7 Voice #2 too long 1/16
2017-10-06 15:49:38,218 INFO [91387908]           StackTuner.java:92   | S4 MeasureStack#7 no correct rhythm
2017-10-06 15:49:38,219 INFO [91387908]         SlotsBuilder.java:427  | S4 MeasureStack#8 Slot{#6 xOffset=312 timeOffset=9/16 incomings=[#5329] SUSPICIOUS}
2017-10-06 15:49:38,220 INFO [91387908]                Voice.java:257  | S4 MeasureStack#8 Voice #2 too long 1/16
2017-10-06 15:49:38,220 INFO [91387908]           StackTuner.java:92   | S4 MeasureStack#8 no correct rhythm
2017-10-06 15:49:38,224 INFO [91387908]         SlotsBuilder.java:427  | S5 MeasureStack#11 Slot{#6 xOffset=270 timeOffset=9/16 incomings=[#5363] SUSPICIOUS}
2017-10-06 15:49:38,224 INFO [91387908]         SlotsBuilder.java:427  | S5 MeasureStack#11 Slot{#8 xOffset=320 timeOffset=11/16 incomings=[#5364] SUSPICIOUS}
2017-10-06 15:49:38,225 INFO [91387908]                Voice.java:257  | S5 MeasureStack#11 Voice #2 too long 1/16
2017-10-06 15:49:38,225 INFO [91387908]           StackTuner.java:92   | S5 MeasureStack#11 no correct rhythm
2017-10-06 15:49:38,228 INFO [91387908]                Voice.java:257  | S5 MeasureStack#14 Voice #1 too long 3/8
2017-10-06 15:49:38,229 INFO [91387908]                Voice.java:257  | S5 MeasureStack#14 Voice #2 too long 3/8
2017-10-06 15:49:38,229 INFO [91387908]           StackTuner.java:92   | S5 MeasureStack#14 no correct rhythm
2017-10-06 15:49:38,231 INFO [91387908]                Voice.java:257  | S6 MeasureStack#16 Voice #1 too long 1/8
2017-10-06 15:49:38,232 INFO [91387908]                Voice.java:257  | S6 MeasureStack#16 Voice #2 too long 3/16
2017-10-06 15:49:38,233 INFO [91387908]           StackTuner.java:92   | S6 MeasureStack#16 no correct rhythm
2017-10-06 15:49:38,235 INFO [91387908]                Voice.java:257  | S6 MeasureStack#17 Voice #1 too long 1/8
2017-10-06 15:49:38,235 INFO [91387908]                Voice.java:257  | S6 MeasureStack#17 Voice #2 too long 3/16
2017-10-06 15:49:38,236 INFO [91387908]           StackTuner.java:92   | S6 MeasureStack#17 no correct rhythm
2017-10-06 15:49:38,239 INFO [91387908]            BasicBook.java:1395 | Stored /book.xml
2017-10-06 15:49:39,299 INFO [91387908]           BasicSheet.java:979  | Stored /sheet#1/sheet#1.xml
2017-10-06 15:49:39,302 INFO [91387908]       StepMonitoring.java:96   | PAGE
2017-10-06 15:49:39,308 INFO [91387908]                 Part.java:275  | Could not right-connect slur#5495
2017-10-06 15:49:39,309 INFO [91387908]                Voice.java:257  | S3 MeasureStack#1 Voice #1 too long 1/2
2017-10-06 15:49:39,309 INFO [91387908]                Voice.java:257  | S3 MeasureStack#1 Voice #2 too long 1/4
2017-10-06 15:49:39,309 INFO [91387908]                Voice.java:257  | S3 MeasureStack#3 Voice #2 too long 1/16
2017-10-06 15:49:39,310 INFO [91387908]                Voice.java:257  | S3 MeasureStack#5 Voice #1 too long 1/2
2017-10-06 15:49:39,310 INFO [91387908]                Voice.java:257  | S3 MeasureStack#5 Voice #2 too long 3/4
2017-10-06 15:49:39,310 INFO [91387908]                Voice.java:257  | S4 MeasureStack#6 Voice #2 too long 1/16
2017-10-06 15:49:39,310 INFO [91387908]                Voice.java:257  | S4 MeasureStack#7 Voice #2 too long 1/16
2017-10-06 15:49:39,310 INFO [91387908]                Voice.java:257  | S4 MeasureStack#8 Voice #2 too long 1/16
2017-10-06 15:49:39,312 INFO [91387908]                Voice.java:257  | S5 MeasureStack#11 Voice #2 too long 1/16
2017-10-06 15:49:39,312 INFO [91387908]                Voice.java:257  | S5 MeasureStack#14 Voice #1 too long 3/8
2017-10-06 15:49:39,312 INFO [91387908]                Voice.java:257  | S5 MeasureStack#14 Voice #2 too long 3/8
2017-10-06 15:49:39,313 INFO [91387908]                Voice.java:257  | S6 MeasureStack#16 Voice #1 too long 1/8
2017-10-06 15:49:39,313 INFO [91387908]                Voice.java:257  | S6 MeasureStack#16 Voice #2 too long 3/16
2017-10-06 15:49:39,314 INFO [91387908]                Voice.java:257  | S6 MeasureStack#17 Voice #1 too long 1/8
2017-10-06 15:49:39,314 INFO [91387908]                Voice.java:257  | S6 MeasureStack#17 Voice #2 too long 3/16
2017-10-06 15:49:39,315 INFO [91387908]            BasicBook.java:1395 | Stored /book.xml
2017-10-06 15:49:40,449 INFO [91387908]           BasicSheet.java:979  | Stored /sheet#1/sheet#1.xml
2017-10-06 15:49:40,452 INFO [91387908]            BasicStub.java:723  | Sheet{91387908} disposed
2017-10-06 15:49:41,617 INFO [91387908]            BasicStub.java:449  | Loaded /sheet#1/sheet#1.xml
2017-10-06 15:49:41,619 INFO [91387908]            BasicBook.java:1133 | Scores built: 2
2017-10-06 15:49:42,692 WARN [91387908]      PartwiseBuilder.java:1379 | Error visiting null
java.lang.NullPointerException: null
	at org.audiveris.omr.score.PartwiseBuilder.processKey(PartwiseBuilder.java:1344)
	at org.audiveris.omr.score.PartwiseBuilder.processKeys(PartwiseBuilder.java:1407)
	at org.audiveris.omr.score.PartwiseBuilder.processMeasure(PartwiseBuilder.java:1575)
	at org.audiveris.omr.score.PartwiseBuilder.processPart(PartwiseBuilder.java:1988)
	at org.audiveris.omr.score.PartwiseBuilder.processSystem(PartwiseBuilder.java:2528)
	at org.audiveris.omr.score.PartwiseBuilder.processLogicalPart(PartwiseBuilder.java:1433)
	at org.audiveris.omr.score.PartwiseBuilder.processStub(PartwiseBuilder.java:2483)
	at org.audiveris.omr.score.PartwiseBuilder.processPartList(PartwiseBuilder.java:2017)
	at org.audiveris.omr.score.PartwiseBuilder.processScore(PartwiseBuilder.java:2195)
	at org.audiveris.omr.score.PartwiseBuilder.build(PartwiseBuilder.java:307)
	at org.audiveris.omr.score.ScoreExporter.export(ScoreExporter.java:117)
	at org.audiveris.omr.score.ScoreExporter.export(ScoreExporter.java:91)
	at org.audiveris.omr.sheet.BasicBook.export(BasicBook.java:589)
	at org.audiveris.omr.CLI$ProcessingTask.processBook(CLI.java:785)
	at org.audiveris.omr.CLI$CliTask.call(CLI.java:344)
	at org.audiveris.omr.Main.runBatchTasks(Main.java:316)
	at org.audiveris.omr.Main.main(Main.java:155)
	at Audiveris.main(Audiveris.java:49)
2017-10-06 15:49:42,751 INFO [91387908]        ScoreExporter.java:93   | Score 91387908.mvt1 exported to /Users/stephenn/Documents/workspace/nlsomr/xml_out/91386487/91387908/91387908.mvt1.mxl
2017-10-06 15:49:42,753 WARN [91387908]      PartwiseBuilder.java:1379 | Error visiting null
java.lang.NullPointerException: null
	at org.audiveris.omr.score.PartwiseBuilder.processKey(PartwiseBuilder.java:1344)
	at org.audiveris.omr.score.PartwiseBuilder.processKeys(PartwiseBuilder.java:1407)
	at org.audiveris.omr.score.PartwiseBuilder.processMeasure(PartwiseBuilder.java:1575)
	at org.audiveris.omr.score.PartwiseBuilder.processPart(PartwiseBuilder.java:1988)
	at org.audiveris.omr.score.PartwiseBuilder.processSystem(PartwiseBuilder.java:2528)
	at org.audiveris.omr.score.PartwiseBuilder.processLogicalPart(PartwiseBuilder.java:1433)
	at org.audiveris.omr.score.PartwiseBuilder.processStub(PartwiseBuilder.java:2483)
	at org.audiveris.omr.score.PartwiseBuilder.processPartList(PartwiseBuilder.java:2017)
	at org.audiveris.omr.score.PartwiseBuilder.processScore(PartwiseBuilder.java:2195)
	at org.audiveris.omr.score.PartwiseBuilder.build(PartwiseBuilder.java:307)
	at org.audiveris.omr.score.ScoreExporter.export(ScoreExporter.java:117)
	at org.audiveris.omr.score.ScoreExporter.export(ScoreExporter.java:91)
	at org.audiveris.omr.sheet.BasicBook.export(BasicBook.java:589)
	at org.audiveris.omr.CLI$ProcessingTask.processBook(CLI.java:785)
	at org.audiveris.omr.CLI$CliTask.call(CLI.java:344)
	at org.audiveris.omr.Main.runBatchTasks(Main.java:316)
	at org.audiveris.omr.Main.main(Main.java:155)
	at Audiveris.main(Audiveris.java:49)
2017-10-06 15:49:42,758 WARN [91387908]      PartwiseBuilder.java:1379 | Error visiting null
java.lang.NullPointerException: null
	at org.audiveris.omr.score.PartwiseBuilder.processKey(PartwiseBuilder.java:1344)
	at org.audiveris.omr.score.PartwiseBuilder.processKeys(PartwiseBuilder.java:1407)
	at org.audiveris.omr.score.PartwiseBuilder.processMeasure(PartwiseBuilder.java:1575)
	at org.audiveris.omr.score.PartwiseBuilder.processPart(PartwiseBuilder.java:1988)
	at org.audiveris.omr.score.PartwiseBuilder.processSystem(PartwiseBuilder.java:2528)
	at org.audiveris.omr.score.PartwiseBuilder.processLogicalPart(PartwiseBuilder.java:1433)
	at org.audiveris.omr.score.PartwiseBuilder.processStub(PartwiseBuilder.java:2483)
	at org.audiveris.omr.score.PartwiseBuilder.processPartList(PartwiseBuilder.java:2017)
	at org.audiveris.omr.score.PartwiseBuilder.processScore(PartwiseBuilder.java:2195)
	at org.audiveris.omr.score.PartwiseBuilder.build(PartwiseBuilder.java:307)
	at org.audiveris.omr.score.ScoreExporter.export(ScoreExporter.java:117)
	at org.audiveris.omr.score.ScoreExporter.export(ScoreExporter.java:91)
	at org.audiveris.omr.sheet.BasicBook.export(BasicBook.java:589)
	at org.audiveris.omr.CLI$ProcessingTask.processBook(CLI.java:785)
	at org.audiveris.omr.CLI$CliTask.call(CLI.java:344)
	at org.audiveris.omr.Main.runBatchTasks(Main.java:316)
	at org.audiveris.omr.Main.main(Main.java:155)
	at Audiveris.main(Audiveris.java:49)
2017-10-06 15:49:42,762 WARN [91387908]      PartwiseBuilder.java:1379 | Error visiting null
java.lang.NullPointerException: null
	at org.audiveris.omr.score.PartwiseBuilder.processKey(PartwiseBuilder.java:1344)
	at org.audiveris.omr.score.PartwiseBuilder.processKeys(PartwiseBuilder.java:1407)
	at org.audiveris.omr.score.PartwiseBuilder.processMeasure(PartwiseBuilder.java:1575)
	at org.audiveris.omr.score.PartwiseBuilder.processPart(PartwiseBuilder.java:1988)
	at org.audiveris.omr.score.PartwiseBuilder.processSystem(PartwiseBuilder.java:2528)
	at org.audiveris.omr.score.PartwiseBuilder.processLogicalPart(PartwiseBuilder.java:1433)
	at org.audiveris.omr.score.PartwiseBuilder.processStub(PartwiseBuilder.java:2483)
	at org.audiveris.omr.score.PartwiseBuilder.processPartList(PartwiseBuilder.java:2017)
	at org.audiveris.omr.score.PartwiseBuilder.processScore(PartwiseBuilder.java:2195)
	at org.audiveris.omr.score.PartwiseBuilder.build(PartwiseBuilder.java:307)
	at org.audiveris.omr.score.ScoreExporter.export(ScoreExporter.java:117)
	at org.audiveris.omr.score.ScoreExporter.export(ScoreExporter.java:91)
	at org.audiveris.omr.sheet.BasicBook.export(BasicBook.java:589)
	at org.audiveris.omr.CLI$ProcessingTask.processBook(CLI.java:785)
	at org.audiveris.omr.CLI$CliTask.call(CLI.java:344)
	at org.audiveris.omr.Main.runBatchTasks(Main.java:316)
	at org.audiveris.omr.Main.main(Main.java:155)
	at Audiveris.main(Audiveris.java:49)
2017-10-06 15:49:42,802 INFO [91387908]        ScoreExporter.java:93   | Score 91387908.mvt2 exported to /Users/stephenn/Documents/workspace/nlsomr/xml_out/91386487/91387908/91387908.mvt2.mxl
2017-10-06 15:49:42,968 INFO [91387908]            BasicBook.java:1395 | Stored /book.xml
2017-10-06 15:49:42,968 INFO [91387908]            BasicBook.java:1355 | Book stored as /Users/stephenn/Documents/workspace/nlsomr/xml_out/91386487/91387908/91387908.omr
