2017-10-06 15:54:25,774 INFO [91387980]            BasicBook.java:427  | 1 sheet in /Users/stephenn/Documents/workspace/nlsomr/working/91387980.jpg
2017-10-06 15:54:25,950 INFO []            BasicBook.java:1395 | Stored /book.xml
2017-10-06 15:54:25,951 INFO []            BasicBook.java:1355 | Book stored as /Users/stephenn/Documents/workspace/nlsomr/xml_out/91386487/91387980/91387980.omr
2017-10-06 15:54:25,959 INFO []            BasicBook.java:996  | Book reaching PAGE on sheets:[#1]
2017-10-06 15:54:25,961 INFO [91387980]       StepMonitoring.java:96   | LOAD
2017-10-06 15:54:26,174 INFO [91387980]            BasicBook.java:911  | Loaded image 1 2000x3056 from /Users/stephenn/Documents/workspace/nlsomr/working/91387980.jpg
2017-10-06 15:54:26,187 INFO [91387980]            ImageUtil.java:82   | Converting max RGB to gray ...
2017-10-06 15:54:26,445 INFO [91387980]            BasicBook.java:1395 | Stored /book.xml
2017-10-06 15:54:26,762 INFO [91387980]           BasicSheet.java:979  | Stored /sheet#1/sheet#1.xml
2017-10-06 15:54:26,763 INFO [91387980]       StepMonitoring.java:96   | BINARY
2017-10-06 15:54:27,341 INFO [91387980]            BasicBook.java:1395 | Stored /book.xml
2017-10-06 15:54:27,652 INFO [91387980]              Picture.java:786  | Stored /sheet#1/BINARY.xml
2017-10-06 15:54:27,654 INFO [91387980]           BasicSheet.java:979  | Stored /sheet#1/sheet#1.xml
2017-10-06 15:54:27,657 INFO [91387980]       StepMonitoring.java:96   | SCALE
2017-10-06 15:54:27,705 INFO [91387980]         ScaleBuilder.java:229  | No beam key found, guessed value 10
2017-10-06 15:54:27,706 INFO [91387980]            ScaleStep.java:87   | Scale{line(4,4,6) interline(16,16,17) beam(10 extra)}
2017-10-06 15:54:27,708 INFO [91387980]            BasicBook.java:1395 | Stored /book.xml
2017-10-06 15:54:27,710 INFO [91387980]           BasicSheet.java:979  | Stored /sheet#1/sheet#1.xml
2017-10-06 15:54:27,713 INFO [91387980]       StepMonitoring.java:96   | GRID
2017-10-06 15:54:28,824 INFO [91387980]       LinesRetriever.java:442  | Global slope: -0.00229
2017-10-06 15:54:28,929 INFO [91387980]    ClustersRetriever.java:241  | Retrieved line clusters: 12 of size: 5 with interline: (16,16,17)
2017-10-06 15:54:29,576 INFO [91387980]            PeakGraph.java:181  | Systems: #1[1, 2] #2[3, 4] #3[5, 6] #4[7, 8] #5[9, 10] #6[11, 12]
2017-10-06 15:54:30,452 INFO [91387980]        SystemManager.java:626  | Indentation detected for system#3
2017-10-06 15:54:30,453 INFO [91387980]        SystemManager.java:671  | 2 pages found in sheet
2017-10-06 15:54:30,453 INFO [91387980]        SystemManager.java:709  | Page #1: 1 part along 2 systems
2017-10-06 15:54:30,453 INFO [91387980]        SystemManager.java:709  | Page #2: 1 part along 4 systems
2017-10-06 15:54:30,458 INFO [91387980]            BasicBook.java:1395 | Stored /book.xml
2017-10-06 15:54:30,734 INFO [91387980]           BasicSheet.java:979  | Stored /sheet#1/sheet#1.xml
2017-10-06 15:54:30,737 INFO [91387980]       StepMonitoring.java:96   | HEADERS
2017-10-06 15:54:31,171 INFO []          Nd4jBackend.java:194  | Loaded [CpuBackend] backend
2017-10-06 15:54:31,240 INFO []      NativeOpsHolder.java:49   | Number of threads used for NativeOps: 2
2017-10-06 15:54:31,763 INFO [] DefaultOpExecutioner.java:544  | Backend used: [CPU]; OS: [Mac OS X]
2017-10-06 15:54:31,763 INFO [] DefaultOpExecutioner.java:545  | Cores: [4]; Memory: [3.6GB];
2017-10-06 15:54:31,764 INFO [] DefaultOpExecutioner.java:546  | Blas vendor: [OPENBLAS]
2017-10-06 15:54:31,809 INFO []   AbstractClassifier.java:332  | Classifier data loaded from default uri jar:file:/Users/stephenn/Documents/workspace/audiveris/build/distributions/Audiveris/lib/audiveris.jar!/res/basic-classifier.zip
2017-10-06 15:54:34,609 WARN [91387980]          ClefBuilder.java:560  | Staff#8 no header clef.
2017-10-06 15:54:34,782 WARN [91387980]          ClefBuilder.java:560  | Staff#10 no header clef.
2017-10-06 15:54:34,925 INFO [91387980]            BasicBook.java:1395 | Stored /book.xml
2017-10-06 15:54:35,226 INFO [91387980]           BasicSheet.java:979  | Stored /sheet#1/sheet#1.xml
2017-10-06 15:54:35,229 INFO [91387980]       StepMonitoring.java:96   | STEM_SEEDS
2017-10-06 15:54:35,351 INFO [91387980]        StemSeedsStep.java:91   | stem(4 max:5)
2017-10-06 15:54:35,483 INFO [91387980]            BasicBook.java:1395 | Stored /book.xml
2017-10-06 15:54:35,573 INFO []   AbstractClassifier.java:332  | Classifier data loaded from default uri jar:file:/Users/stephenn/Documents/workspace/audiveris/build/distributions/Audiveris/lib/audiveris.jar!/res/deep-classifier.zip
2017-10-06 15:54:35,772 INFO [91387980]           BasicSheet.java:979  | Stored /sheet#1/sheet#1.xml
2017-10-06 15:54:35,775 INFO [91387980]       StepMonitoring.java:96   | BEAMS
2017-10-06 15:54:39,871 INFO [91387980]            BeamsStep.java:89   | BeamDistance{count:8 mean:10.71 stdDev:5.54}
2017-10-06 15:54:39,874 INFO [91387980]            BasicBook.java:1395 | Stored /book.xml
2017-10-06 15:54:39,951 INFO [91387980]              Picture.java:786  | Stored /sheet#1/HEAD_SPOTS.xml
2017-10-06 15:54:40,367 INFO [91387980]           BasicSheet.java:979  | Stored /sheet#1/sheet#1.xml
2017-10-06 15:54:40,371 INFO [91387980]       StepMonitoring.java:96   | LEDGERS
2017-10-06 15:54:40,873 INFO [91387980]            BasicBook.java:1395 | Stored /book.xml
2017-10-06 15:54:41,323 INFO [91387980]           BasicSheet.java:979  | Stored /sheet#1/sheet#1.xml
2017-10-06 15:54:41,326 INFO [91387980]       StepMonitoring.java:96   | HEADS
2017-10-06 15:54:44,414 INFO [91387980]            BasicBook.java:1395 | Stored /book.xml
2017-10-06 15:54:45,550 INFO [91387980]           BasicSheet.java:979  | Stored /sheet#1/sheet#1.xml
2017-10-06 15:54:45,553 INFO [91387980]       StepMonitoring.java:96   | STEMS
2017-10-06 15:54:47,908 INFO [91387980]            BasicBook.java:1395 | Stored /book.xml
2017-10-06 15:54:49,324 INFO [91387980]           BasicSheet.java:979  | Stored /sheet#1/sheet#1.xml
2017-10-06 15:54:49,327 INFO [91387980]       StepMonitoring.java:96   | REDUCTION
2017-10-06 15:54:50,226 INFO [91387980]            BasicBook.java:1395 | Stored /book.xml
2017-10-06 15:54:51,143 INFO [91387980]           BasicSheet.java:979  | Stored /sheet#1/sheet#1.xml
2017-10-06 15:54:51,145 INFO [91387980]       StepMonitoring.java:96   | CUE_BEAMS
2017-10-06 15:54:51,149 INFO [91387980]            BasicBook.java:1395 | Stored /book.xml
2017-10-06 15:54:52,001 INFO [91387980]           BasicSheet.java:979  | Stored /sheet#1/sheet#1.xml
2017-10-06 15:54:52,004 INFO [91387980]       StepMonitoring.java:96   | TEXTS
2017-10-06 15:54:53,166 INFO [91387980]            BasicBook.java:1395 | Stored /book.xml
2017-10-06 15:54:54,093 INFO [91387980]           BasicSheet.java:979  | Stored /sheet#1/sheet#1.xml
2017-10-06 15:54:54,096 INFO [91387980]       StepMonitoring.java:96   | MEASURES
2017-10-06 15:54:54,101 INFO [91387980]      MeasuresBuilder.java:316  | S5 partial barline column: s10:G(x:975,y:2245)[#231]
2017-10-06 15:54:54,102 INFO [91387980]      MeasuresBuilder.java:328  | S5 deleting   half column: s10:G(x:975,y:2245)[#231]
2017-10-06 15:54:54,103 INFO [91387980]                 Page.java:210  | 12 raw measures: [6 in system#1, 6 in system#2]
2017-10-06 15:54:54,103 INFO [91387980]                 Page.java:210  | 18 raw measures: [5 in system#3, 4 in system#4, 5 in system#5, 4 in system#6]
2017-10-06 15:54:54,105 INFO [91387980]            BasicBook.java:1395 | Stored /book.xml
2017-10-06 15:54:54,968 INFO [91387980]           BasicSheet.java:979  | Stored /sheet#1/sheet#1.xml
2017-10-06 15:54:54,970 INFO [91387980]       StepMonitoring.java:96   | CHORDS
2017-10-06 15:54:54,996 INFO [91387980]            BasicBook.java:1395 | Stored /book.xml
2017-10-06 15:54:55,901 INFO [91387980]           BasicSheet.java:979  | Stored /sheet#1/sheet#1.xml
2017-10-06 15:54:55,903 INFO [91387980]       StepMonitoring.java:96   | CURVES
2017-10-06 15:54:57,575 INFO [91387980]         SlursBuilder.java:157  | Slurs: 11
2017-10-06 15:54:57,599 INFO [91387980]      SegmentsBuilder.java:113  | Segments: 14
2017-10-06 15:54:57,605 INFO [91387980]            BasicBook.java:1395 | Stored /book.xml
2017-10-06 15:54:58,345 INFO [91387980]           BasicSheet.java:979  | Stored /sheet#1/sheet#1.xml
2017-10-06 15:54:58,348 INFO [91387980]       StepMonitoring.java:96   | SYMBOLS
2017-10-06 15:55:01,797 INFO [91387980]            BasicBook.java:1395 | Stored /book.xml
2017-10-06 15:55:02,747 INFO [91387980]           BasicSheet.java:979  | Stored /sheet#1/sheet#1.xml
2017-10-06 15:55:02,749 INFO [91387980]       StepMonitoring.java:96   | LINKS
2017-10-06 15:55:02,776 INFO [91387980]        SymbolsLinker.java:306  | No measure stack for direction SentenceInter{#6637(0.566) s:5 BS-38 Direction} J [00.
2017-10-06 15:55:02,814 INFO [91387980]            BasicBook.java:1395 | Stored /book.xml
2017-10-06 15:55:04,006 INFO [91387980]           BasicSheet.java:979  | Stored /sheet#1/sheet#1.xml
2017-10-06 15:55:04,012 INFO [91387980]       StepMonitoring.java:96   | RHYTHMS
2017-10-06 15:55:04,043 INFO [91387980]           PageRhythm.java:314  | Range{1-12} Durations avgGuess:3/4 topGuess:5/8 avgValue:0.75 stacks:12 voices:24 Histogram{1/8-17/8 size:10 [1/8=2 1/4=1 3/8=2 1/2=4 9/16=1 5/8=6 7/8=3 1=2 5/4=2 17/8=1]}
2017-10-06 15:55:04,044 INFO [91387980]           PageRhythm.java:221  | S1 Range{1-12 dur:3/4} should update to 3/4-based time sig?
2017-10-06 15:55:04,046 INFO [91387980]         SlotsBuilder.java:427  | S1 MeasureStack#1 Slot{#5 xOffset=267 timeOffset=1/2 incomings=[#6667] SUSPICIOUS}
2017-10-06 15:55:04,047 INFO [91387980]         SlotsBuilder.java:427  | S1 MeasureStack#1 Slot{#7 xOffset=356 timeOffset=3/4 incomings=[#8279] SUSPICIOUS}
2017-10-06 15:55:04,048 INFO [91387980]                Voice.java:257  | S1 MeasureStack#1 Voice #1 too long 1/16
2017-10-06 15:55:04,048 INFO [91387980]                Voice.java:257  | S1 MeasureStack#1 Voice #2 too long 1/8
2017-10-06 15:55:04,049 INFO [91387980]           StackTuner.java:92   | S1 MeasureStack#1 no correct rhythm
2017-10-06 15:55:04,051 INFO [91387980]                Voice.java:257  | S1 MeasureStack#2 Voice #1 too long 1/8
2017-10-06 15:55:04,052 INFO [91387980]                Voice.java:257  | S1 MeasureStack#2 Voice #2 too long 1/8
2017-10-06 15:55:04,052 INFO [91387980]           StackTuner.java:92   | S1 MeasureStack#2 no correct rhythm
2017-10-06 15:55:04,055 INFO [91387980]         SlotsBuilder.java:427  | S1 MeasureStack#5 Slot{#5 xOffset=155 timeOffset=1/2 incomings=[#6674] SUSPICIOUS}
2017-10-06 15:55:04,056 INFO [91387980]         SlotsBuilder.java:427  | S1 MeasureStack#5 Slot{#7 xOffset=220 timeOffset=3/4 incomings=[#6675] SUSPICIOUS}
2017-10-06 15:55:04,056 INFO [91387980]                Voice.java:257  | S1 MeasureStack#5 Voice #1 too long 1/8
2017-10-06 15:55:04,056 INFO [91387980]                Voice.java:257  | S1 MeasureStack#5 Voice #2 too long 1/4
2017-10-06 15:55:04,057 INFO [91387980]           StackTuner.java:92   | S1 MeasureStack#5 no correct rhythm
2017-10-06 15:55:04,058 INFO [91387980]         SlotsBuilder.java:427  | S1 MeasureStack#6 Slot{#5 xOffset=163 timeOffset=1/2 incomings=[#6678] SUSPICIOUS}
2017-10-06 15:55:04,059 INFO [91387980]                Voice.java:257  | S1 MeasureStack#6 Voice #1 too long 3/8
2017-10-06 15:55:04,059 INFO [91387980]                Voice.java:257  | S1 MeasureStack#6 Voice #2 too long 1/8
2017-10-06 15:55:04,060 INFO [91387980]           StackTuner.java:92   | S1 MeasureStack#6 no correct rhythm
2017-10-06 15:55:04,062 INFO [91387980]                Voice.java:257  | S2 MeasureStack#7 Voice #1 too long 1/4
2017-10-06 15:55:04,062 INFO [91387980]                Voice.java:257  | S2 MeasureStack#7 Voice #2 too long 1/4
2017-10-06 15:55:04,063 INFO [91387980]           StackTuner.java:92   | S2 MeasureStack#7 no correct rhythm
2017-10-06 15:55:04,064 INFO [91387980]                Voice.java:257  | S2 MeasureStack#8 Voice #1 too long 11/8
2017-10-06 15:55:04,064 INFO [91387980]           StackTuner.java:92   | S2 MeasureStack#8 no correct rhythm
2017-10-06 15:55:04,067 INFO [91387980]                Voice.java:257  | S2 MeasureStack#9 Voice #1 too long 1/2
2017-10-06 15:55:04,068 INFO [91387980]                Voice.java:257  | S2 MeasureStack#9 Voice #2 too long 1/2
2017-10-06 15:55:04,068 INFO [91387980]           StackTuner.java:92   | S2 MeasureStack#9 no correct rhythm
2017-10-06 15:55:04,070 INFO [91387980]         SlotsBuilder.java:427  | S2 MeasureStack#10 Slot{#5 xOffset=159 timeOffset=1/2 incomings=[#6712] SUSPICIOUS}
2017-10-06 15:55:04,070 INFO [91387980]                Voice.java:257  | S2 MeasureStack#10 Voice #1 too long 3/8
2017-10-06 15:55:04,071 INFO [91387980]                Voice.java:257  | S2 MeasureStack#10 Voice #2 too long 1/8
2017-10-06 15:55:04,071 INFO [91387980]           StackTuner.java:92   | S2 MeasureStack#10 no correct rhythm
2017-10-06 15:55:04,072 INFO [91387980]                Voice.java:257  | S2 MeasureStack#11 Voice #1 too long 1/8
2017-10-06 15:55:04,073 INFO [91387980]           StackTuner.java:92   | S2 MeasureStack#11 no correct rhythm
2017-10-06 15:55:04,105 INFO [91387980]           PageRhythm.java:314  | Range{1-18 ts:4/4} Durations avgGuess:1 topGuess:1 avgValue:0.99 stacks:18 voices:35 Histogram{1/8-5/4 size:6 [1/8=2 1/4=1 3/4=2 7/8=3 1=25 5/4=2]}
2017-10-06 15:55:04,112 INFO [91387980]                Voice.java:257  | S3 MeasureStack#5 Voice #1 too long 1/4
2017-10-06 15:55:04,112 INFO [91387980]           StackTuner.java:92   | S3 MeasureStack#5 no correct rhythm
2017-10-06 15:55:04,125 INFO [91387980]                Voice.java:257  | S5 MeasureStack#14 Voice #1 too long 1/4
2017-10-06 15:55:04,126 INFO [91387980]           StackTuner.java:92   | S5 MeasureStack#14 no correct rhythm
2017-10-06 15:55:04,139 INFO [91387980]            BasicBook.java:1395 | Stored /book.xml
2017-10-06 15:55:05,290 INFO [91387980]           BasicSheet.java:979  | Stored /sheet#1/sheet#1.xml
2017-10-06 15:55:05,294 INFO [91387980]       StepMonitoring.java:96   | PAGE
2017-10-06 15:55:05,298 INFO [91387980]                Voice.java:257  | S1 MeasureStack#1 Voice #1 too long 1/16
2017-10-06 15:55:05,299 INFO [91387980]                Voice.java:257  | S1 MeasureStack#1 Voice #2 too long 1/8
2017-10-06 15:55:05,299 INFO [91387980]                Voice.java:257  | S1 MeasureStack#2 Voice #1 too long 1/8
2017-10-06 15:55:05,299 INFO [91387980]                Voice.java:257  | S1 MeasureStack#2 Voice #2 too long 1/8
2017-10-06 15:55:05,300 INFO [91387980]                Voice.java:257  | S1 MeasureStack#5 Voice #1 too long 1/8
2017-10-06 15:55:05,300 INFO [91387980]                Voice.java:257  | S1 MeasureStack#5 Voice #2 too long 1/4
2017-10-06 15:55:05,300 INFO [91387980]                Voice.java:257  | S1 MeasureStack#6 Voice #1 too long 3/8
2017-10-06 15:55:05,301 INFO [91387980]                Voice.java:257  | S1 MeasureStack#6 Voice #2 too long 1/8
2017-10-06 15:55:05,301 INFO [91387980]                Voice.java:257  | S2 MeasureStack#7 Voice #1 too long 1/4
2017-10-06 15:55:05,301 INFO [91387980]                Voice.java:257  | S2 MeasureStack#7 Voice #2 too long 1/4
2017-10-06 15:55:05,302 INFO [91387980]                Voice.java:257  | S2 MeasureStack#8 Voice #1 too long 11/8
2017-10-06 15:55:05,302 INFO [91387980]                Voice.java:257  | S2 MeasureStack#9 Voice #1 too long 1/2
2017-10-06 15:55:05,302 INFO [91387980]                Voice.java:257  | S2 MeasureStack#9 Voice #2 too long 1/2
2017-10-06 15:55:05,302 INFO [91387980]                Voice.java:257  | S2 MeasureStack#10 Voice #1 too long 3/8
2017-10-06 15:55:05,302 INFO [91387980]                Voice.java:257  | S2 MeasureStack#10 Voice #2 too long 1/8
2017-10-06 15:55:05,303 INFO [91387980]                Voice.java:257  | S2 MeasureStack#11 Voice #1 too long 1/8
2017-10-06 15:55:05,304 INFO [91387980]                Voice.java:257  | S3 MeasureStack#5 Voice #1 too long 1/4
2017-10-06 15:55:05,305 INFO [91387980]                Voice.java:257  | S5 MeasureStack#14 Voice #1 too long 1/4
2017-10-06 15:55:05,307 INFO [91387980]            BasicBook.java:1395 | Stored /book.xml
2017-10-06 15:55:06,331 INFO [91387980]           BasicSheet.java:979  | Stored /sheet#1/sheet#1.xml
2017-10-06 15:55:06,334 INFO [91387980]            BasicStub.java:723  | Sheet{91387980} disposed
2017-10-06 15:55:07,448 INFO [91387980]            BasicStub.java:449  | Loaded /sheet#1/sheet#1.xml
2017-10-06 15:55:07,451 INFO [91387980]            BasicBook.java:1133 | Scores built: 2
2017-10-06 15:55:09,047 INFO [91387980]        ScoreExporter.java:93   | Score 91387980.mvt1 exported to /Users/stephenn/Documents/workspace/nlsomr/xml_out/91386487/91387980/91387980.mvt1.mxl
2017-10-06 15:55:09,057 WARN [91387980]      PartwiseBuilder.java:1379 | Error visiting null
java.lang.NullPointerException: null
	at org.audiveris.omr.score.PartwiseBuilder.processKey(PartwiseBuilder.java:1344)
	at org.audiveris.omr.score.PartwiseBuilder.processKeys(PartwiseBuilder.java:1407)
	at org.audiveris.omr.score.PartwiseBuilder.processMeasure(PartwiseBuilder.java:1575)
	at org.audiveris.omr.score.PartwiseBuilder.processPart(PartwiseBuilder.java:1988)
	at org.audiveris.omr.score.PartwiseBuilder.processSystem(PartwiseBuilder.java:2528)
	at org.audiveris.omr.score.PartwiseBuilder.processLogicalPart(PartwiseBuilder.java:1433)
	at org.audiveris.omr.score.PartwiseBuilder.processStub(PartwiseBuilder.java:2483)
	at org.audiveris.omr.score.PartwiseBuilder.processPartList(PartwiseBuilder.java:2017)
	at org.audiveris.omr.score.PartwiseBuilder.processScore(PartwiseBuilder.java:2195)
	at org.audiveris.omr.score.PartwiseBuilder.build(PartwiseBuilder.java:307)
	at org.audiveris.omr.score.ScoreExporter.export(ScoreExporter.java:117)
	at org.audiveris.omr.score.ScoreExporter.export(ScoreExporter.java:91)
	at org.audiveris.omr.sheet.BasicBook.export(BasicBook.java:589)
	at org.audiveris.omr.CLI$ProcessingTask.processBook(CLI.java:785)
	at org.audiveris.omr.CLI$CliTask.call(CLI.java:344)
	at org.audiveris.omr.Main.runBatchTasks(Main.java:316)
	at org.audiveris.omr.Main.main(Main.java:155)
	at Audiveris.main(Audiveris.java:49)
2017-10-06 15:55:09,063 WARN [91387980]      PartwiseBuilder.java:1379 | Error visiting null
java.lang.NullPointerException: null
	at org.audiveris.omr.score.PartwiseBuilder.processKey(PartwiseBuilder.java:1344)
	at org.audiveris.omr.score.PartwiseBuilder.processKeys(PartwiseBuilder.java:1407)
	at org.audiveris.omr.score.PartwiseBuilder.processMeasure(PartwiseBuilder.java:1575)
	at org.audiveris.omr.score.PartwiseBuilder.processPart(PartwiseBuilder.java:1988)
	at org.audiveris.omr.score.PartwiseBuilder.processSystem(PartwiseBuilder.java:2528)
	at org.audiveris.omr.score.PartwiseBuilder.processLogicalPart(PartwiseBuilder.java:1433)
	at org.audiveris.omr.score.PartwiseBuilder.processStub(PartwiseBuilder.java:2483)
	at org.audiveris.omr.score.PartwiseBuilder.processPartList(PartwiseBuilder.java:2017)
	at org.audiveris.omr.score.PartwiseBuilder.processScore(PartwiseBuilder.java:2195)
	at org.audiveris.omr.score.PartwiseBuilder.build(PartwiseBuilder.java:307)
	at org.audiveris.omr.score.ScoreExporter.export(ScoreExporter.java:117)
	at org.audiveris.omr.score.ScoreExporter.export(ScoreExporter.java:91)
	at org.audiveris.omr.sheet.BasicBook.export(BasicBook.java:589)
	at org.audiveris.omr.CLI$ProcessingTask.processBook(CLI.java:785)
	at org.audiveris.omr.CLI$CliTask.call(CLI.java:344)
	at org.audiveris.omr.Main.runBatchTasks(Main.java:316)
	at org.audiveris.omr.Main.main(Main.java:155)
	at Audiveris.main(Audiveris.java:49)
2017-10-06 15:55:09,105 INFO [91387980]        ScoreExporter.java:93   | Score 91387980.mvt2 exported to /Users/stephenn/Documents/workspace/nlsomr/xml_out/91386487/91387980/91387980.mvt2.mxl
2017-10-06 15:55:09,298 INFO [91387980]            BasicBook.java:1395 | Stored /book.xml
2017-10-06 15:55:09,300 INFO [91387980]            BasicBook.java:1355 | Book stored as /Users/stephenn/Documents/workspace/nlsomr/xml_out/91386487/91387980/91387980.omr
