2017-10-06 14:21:21,638 INFO [91386708]            BasicBook.java:427  | 1 sheet in /Users/stephenn/Documents/workspace/nlsomr/working/91386708.jpg
2017-10-06 14:21:21,775 INFO []            BasicBook.java:1395 | Stored /book.xml
2017-10-06 14:21:21,776 INFO []            BasicBook.java:1355 | Book stored as /Users/stephenn/Documents/workspace/nlsomr/xml_out/91386487/91386708/91386708.omr
2017-10-06 14:21:21,781 INFO []            BasicBook.java:996  | Book reaching PAGE on sheets:[#1]
2017-10-06 14:21:21,783 INFO [91386708]       StepMonitoring.java:96   | LOAD
2017-10-06 14:21:21,937 INFO [91386708]            BasicBook.java:911  | Loaded image 1 2000x3056 from /Users/stephenn/Documents/workspace/nlsomr/working/91386708.jpg
2017-10-06 14:21:21,941 INFO [91386708]            ImageUtil.java:82   | Converting max RGB to gray ...
2017-10-06 14:21:22,172 INFO [91386708]            BasicBook.java:1395 | Stored /book.xml
2017-10-06 14:21:22,521 INFO [91386708]           BasicSheet.java:979  | Stored /sheet#1/sheet#1.xml
2017-10-06 14:21:22,523 INFO [91386708]       StepMonitoring.java:96   | BINARY
2017-10-06 14:21:23,074 INFO [91386708]            BasicBook.java:1395 | Stored /book.xml
2017-10-06 14:21:23,400 INFO [91386708]              Picture.java:786  | Stored /sheet#1/BINARY.xml
2017-10-06 14:21:23,402 INFO [91386708]           BasicSheet.java:979  | Stored /sheet#1/sheet#1.xml
2017-10-06 14:21:23,404 INFO [91386708]       StepMonitoring.java:96   | SCALE
2017-10-06 14:21:23,443 INFO [91386708]            ScaleStep.java:87   | Scale{line(3,4,6) interline(16,16,17) beam(12)}
2017-10-06 14:21:23,445 INFO [91386708]            BasicBook.java:1395 | Stored /book.xml
2017-10-06 14:21:23,447 INFO [91386708]           BasicSheet.java:979  | Stored /sheet#1/sheet#1.xml
2017-10-06 14:21:23,450 INFO [91386708]       StepMonitoring.java:96   | GRID
2017-10-06 14:21:24,300 INFO [91386708]       LinesRetriever.java:442  | Global slope: -0.00296
2017-10-06 14:21:24,383 INFO [91386708]    ClustersRetriever.java:241  | Retrieved line clusters: 12 of size: 5 with interline: (16,16,17)
2017-10-06 14:21:24,839 INFO [91386708]            PeakGraph.java:181  | Systems: #1[1, 2] #2[3, 4] #3[5, 6] #4[7, 8] #5[9, 10] #6[11, 12]
2017-10-06 14:21:25,707 INFO [91386708]        SystemManager.java:626  | Indentation detected for system#1
2017-10-06 14:21:25,708 INFO [91386708]        SystemManager.java:709  | 1 part along 6 systems
2017-10-06 14:21:25,712 INFO [91386708]            BasicBook.java:1395 | Stored /book.xml
2017-10-06 14:21:25,913 INFO [91386708]           BasicSheet.java:979  | Stored /sheet#1/sheet#1.xml
2017-10-06 14:21:25,917 INFO [91386708]       StepMonitoring.java:96   | HEADERS
2017-10-06 14:21:26,265 INFO [91386708]          Nd4jBackend.java:194  | Loaded [CpuBackend] backend
2017-10-06 14:21:26,325 INFO [91386708]      NativeOpsHolder.java:49   | Number of threads used for NativeOps: 2
2017-10-06 14:21:26,741 INFO [91386708] DefaultOpExecutioner.java:544  | Backend used: [CPU]; OS: [Mac OS X]
2017-10-06 14:21:26,741 INFO [91386708] DefaultOpExecutioner.java:545  | Cores: [4]; Memory: [3.6GB];
2017-10-06 14:21:26,741 INFO [91386708] DefaultOpExecutioner.java:546  | Blas vendor: [OPENBLAS]
2017-10-06 14:21:26,783 INFO [91386708]   AbstractClassifier.java:332  | Classifier data loaded from default uri jar:file:/Users/stephenn/Documents/workspace/audiveris/build/distributions/Audiveris/lib/audiveris.jar!/res/basic-classifier.zip
2017-10-06 14:21:29,009 WARN [91386708]          ClefBuilder.java:560  | Staff#6 no header clef.
2017-10-06 14:21:29,643 WARN [91386708]          ClefBuilder.java:560  | Staff#12 no header clef.
2017-10-06 14:21:29,661 INFO [91386708]            BasicBook.java:1395 | Stored /book.xml
2017-10-06 14:21:29,674 INFO []   AbstractClassifier.java:332  | Classifier data loaded from default uri jar:file:/Users/stephenn/Documents/workspace/audiveris/build/distributions/Audiveris/lib/audiveris.jar!/res/deep-classifier.zip
2017-10-06 14:21:29,942 INFO [91386708]           BasicSheet.java:979  | Stored /sheet#1/sheet#1.xml
2017-10-06 14:21:29,944 INFO [91386708]       StepMonitoring.java:96   | STEM_SEEDS
2017-10-06 14:21:30,036 INFO [91386708]        StemSeedsStep.java:91   | stem(4 max:5)
2017-10-06 14:21:30,152 INFO [91386708]            BasicBook.java:1395 | Stored /book.xml
2017-10-06 14:21:30,664 INFO [91386708]           BasicSheet.java:979  | Stored /sheet#1/sheet#1.xml
2017-10-06 14:21:30,666 INFO [91386708]       StepMonitoring.java:96   | BEAMS
2017-10-06 14:21:35,005 INFO [91386708]            BeamsStep.java:89   | BeamDistance{count:79 mean:15.08 stdDev:0.45}
2017-10-06 14:21:35,008 INFO [91386708]            BasicBook.java:1395 | Stored /book.xml
2017-10-06 14:21:35,098 INFO [91386708]              Picture.java:786  | Stored /sheet#1/HEAD_SPOTS.xml
2017-10-06 14:21:35,641 INFO [91386708]           BasicSheet.java:979  | Stored /sheet#1/sheet#1.xml
2017-10-06 14:21:35,643 INFO [91386708]       StepMonitoring.java:96   | LEDGERS
2017-10-06 14:21:36,180 INFO [91386708]            BasicBook.java:1395 | Stored /book.xml
2017-10-06 14:21:36,732 INFO [91386708]           BasicSheet.java:979  | Stored /sheet#1/sheet#1.xml
2017-10-06 14:21:36,735 INFO [91386708]       StepMonitoring.java:96   | HEADS
2017-10-06 14:21:39,312 INFO [91386708]            BasicBook.java:1395 | Stored /book.xml
2017-10-06 14:21:40,113 INFO [91386708]           BasicSheet.java:979  | Stored /sheet#1/sheet#1.xml
2017-10-06 14:21:40,115 INFO [91386708]       StepMonitoring.java:96   | STEMS
2017-10-06 14:21:41,628 INFO [91386708]            BasicBook.java:1395 | Stored /book.xml
2017-10-06 14:21:42,678 INFO [91386708]           BasicSheet.java:979  | Stored /sheet#1/sheet#1.xml
2017-10-06 14:21:42,680 INFO [91386708]       StepMonitoring.java:96   | REDUCTION
2017-10-06 14:21:43,235 INFO [91386708]            BasicBook.java:1395 | Stored /book.xml
2017-10-06 14:21:43,741 INFO [91386708]           BasicSheet.java:979  | Stored /sheet#1/sheet#1.xml
2017-10-06 14:21:43,744 INFO [91386708]       StepMonitoring.java:96   | CUE_BEAMS
2017-10-06 14:21:43,759 INFO [91386708]            BasicBook.java:1395 | Stored /book.xml
2017-10-06 14:21:44,219 INFO [91386708]           BasicSheet.java:979  | Stored /sheet#1/sheet#1.xml
2017-10-06 14:21:44,222 INFO [91386708]       StepMonitoring.java:96   | TEXTS
2017-10-06 14:21:46,055 INFO [91386708]            BasicBook.java:1395 | Stored /book.xml
2017-10-06 14:21:46,564 INFO [91386708]           BasicSheet.java:979  | Stored /sheet#1/sheet#1.xml
2017-10-06 14:21:46,566 INFO [91386708]       StepMonitoring.java:96   | MEASURES
2017-10-06 14:21:46,571 INFO [91386708]                 Page.java:210  | 18 raw measures: [3 in system#1, 3 in system#2, 3 in system#3, 3 in system#4, 3 in system#5, 3 in system#6]
2017-10-06 14:21:46,573 INFO [91386708]            BasicBook.java:1395 | Stored /book.xml
2017-10-06 14:21:47,079 INFO [91386708]           BasicSheet.java:979  | Stored /sheet#1/sheet#1.xml
2017-10-06 14:21:47,083 INFO [91386708]       StepMonitoring.java:96   | CHORDS
2017-10-06 14:21:47,101 INFO [91386708]            BasicBook.java:1395 | Stored /book.xml
2017-10-06 14:21:47,638 INFO [91386708]           BasicSheet.java:979  | Stored /sheet#1/sheet#1.xml
2017-10-06 14:21:47,641 INFO [91386708]       StepMonitoring.java:96   | CURVES
2017-10-06 14:21:49,045 INFO [91386708]         SlursBuilder.java:157  | Slurs: 24
2017-10-06 14:21:49,062 INFO [91386708]      SegmentsBuilder.java:113  | Segments: 20
2017-10-06 14:21:49,070 INFO [91386708]            BasicBook.java:1395 | Stored /book.xml
2017-10-06 14:21:49,835 INFO [91386708]           BasicSheet.java:979  | Stored /sheet#1/sheet#1.xml
2017-10-06 14:21:49,837 INFO [91386708]       StepMonitoring.java:96   | SYMBOLS
2017-10-06 14:21:50,212 INFO [91386708]       SymbolsBuilder.java:340  | Symbol parts shrunk from 9 to 7
2017-10-06 14:21:52,150 INFO [91386708]            BasicBook.java:1395 | Stored /book.xml
2017-10-06 14:21:52,988 INFO [91386708]           BasicSheet.java:979  | Stored /sheet#1/sheet#1.xml
2017-10-06 14:21:52,991 INFO [91386708]       StepMonitoring.java:96   | LINKS
2017-10-06 14:21:53,003 INFO [91386708]        SymbolsLinker.java:323  | No chord above direction SentenceInter{#5352(0.618) s:3 IS-36 Direction} ‘molto legato.
2017-10-06 14:21:53,051 INFO [91386708]            BasicBook.java:1395 | Stored /book.xml
2017-10-06 14:21:54,004 INFO [91386708]           BasicSheet.java:979  | Stored /sheet#1/sheet#1.xml
2017-10-06 14:21:54,007 INFO [91386708]       StepMonitoring.java:96   | RHYTHMS
2017-10-06 14:21:54,028 INFO [91386708]         SlotsBuilder.java:434  | Stack#5 endless loop detected
2017-10-06 14:21:54,041 INFO [91386708]         SlotsBuilder.java:399  | Stack#11 suspicious Slot{#6 xOffset=443 timeOffset=5/16 incomings=[#5500]}
2017-10-06 14:21:54,051 INFO [91386708]         SlotsBuilder.java:399  | Stack#16 suspicious Slot{#7 xOffset=545 timeOffset=3/8 incomings=[#5585]}
2017-10-06 14:21:54,058 INFO [91386708]           PageRhythm.java:314  | Range{1-18} Durations avgGuess:1/2 topGuess:1/2 avgValue:0.50 stacks:18 voices:41 Histogram{1/8-1/2 size:9 [1/8=4 5/32=1 3/16=1 1/4=1 5/16=1 3/8=2 13/32=1 7/16=2 1/2=28]}
2017-10-06 14:21:54,059 INFO [91386708]           PageRhythm.java:221  | S1 Range{1-18 dur:1/2} should update to 1/2-based time sig?
2017-10-06 14:21:54,068 INFO [91386708]         SlotsBuilder.java:434  | Stack#5 endless loop detected
2017-10-06 14:21:54,072 INFO [91386708]         SlotsBuilder.java:427  | S3 MeasureStack#7 Slot{#4 xOffset=303 timeOffset=5/32 incomings=[#5463] SUSPICIOUS}
2017-10-06 14:21:54,072 INFO [91386708]         SlotsBuilder.java:427  | S3 MeasureStack#7 Slot{#6 xOffset=356 timeOffset=7/32 incomings=[#5464] SUSPICIOUS}
2017-10-06 14:21:54,073 INFO [91386708]         SlotsBuilder.java:427  | S3 MeasureStack#7 Slot{#8 xOffset=431 timeOffset=9/32 incomings=[#5465] SUSPICIOUS}
2017-10-06 14:21:54,073 INFO [91386708]         SlotsBuilder.java:427  | S3 MeasureStack#7 Slot{#11 xOffset=551 timeOffset=13/32 incomings=[#6927] SUSPICIOUS}
2017-10-06 14:21:54,074 INFO [91386708]                Voice.java:257  | S3 MeasureStack#7 Voice #2 too long 1/32
2017-10-06 14:21:54,075 INFO [91386708]           StackTuner.java:92   | S3 MeasureStack#7 no correct rhythm
2017-10-06 14:21:54,081 INFO [91386708]         SlotsBuilder.java:427  | S4 MeasureStack#11 Slot{#9 xOffset=525 timeOffset=3/8 incomings=[#5501] SUSPICIOUS}
2017-10-06 14:21:54,081 INFO [91386708]         SlotsBuilder.java:427  | S4 MeasureStack#11 Slot{#11 xOffset=600 timeOffset=7/16 incomings=[#5502] SUSPICIOUS}
2017-10-06 14:21:54,083 INFO [91386708]         SlotsBuilder.java:427  | S4 MeasureStack#12 Slot{#8 xOffset=510 timeOffset=13/32 incomings=[#5509] SUSPICIOUS}
2017-10-06 14:21:54,084 INFO [91386708]                Voice.java:257  | S4 MeasureStack#12 Voice #2 too long 1/32
2017-10-06 14:21:54,084 INFO [91386708]           StackTuner.java:92   | S4 MeasureStack#12 no correct rhythm
2017-10-06 14:21:54,092 INFO [91386708]         SlotsBuilder.java:427  | S6 MeasureStack#16 Slot{#9 xOffset=610 timeOffset=7/16 incomings=[#5586] SUSPICIOUS}
2017-10-06 14:21:54,098 INFO [91386708]            BasicBook.java:1395 | Stored /book.xml
2017-10-06 14:21:55,059 INFO [91386708]           BasicSheet.java:979  | Stored /sheet#1/sheet#1.xml
2017-10-06 14:21:55,062 INFO [91386708]       StepMonitoring.java:96   | PAGE
2017-10-06 14:21:55,065 INFO [91386708]                 Part.java:267  | Could not left-connect slur#5604
2017-10-06 14:21:55,068 INFO [91386708]                Voice.java:257  | S3 MeasureStack#7 Voice #2 too long 1/32
2017-10-06 14:21:55,069 INFO [91386708]                Voice.java:257  | S4 MeasureStack#12 Voice #2 too long 1/32
2017-10-06 14:21:55,071 INFO [91386708]            BasicBook.java:1395 | Stored /book.xml
2017-10-06 14:21:55,822 INFO [91386708]           BasicSheet.java:979  | Stored /sheet#1/sheet#1.xml
2017-10-06 14:21:55,824 INFO [91386708]            BasicStub.java:723  | Sheet{91386708} disposed
2017-10-06 14:21:56,751 INFO [91386708]            BasicStub.java:449  | Loaded /sheet#1/sheet#1.xml
2017-10-06 14:21:56,753 INFO [91386708]            BasicBook.java:1133 | Scores built: 1
2017-10-06 14:21:57,783 WARN [91386708]      PartwiseBuilder.java:1379 | Error visiting null
java.lang.NullPointerException: null
	at org.audiveris.omr.score.PartwiseBuilder.processKey(PartwiseBuilder.java:1344)
	at org.audiveris.omr.score.PartwiseBuilder.processKeys(PartwiseBuilder.java:1407)
	at org.audiveris.omr.score.PartwiseBuilder.processMeasure(PartwiseBuilder.java:1575)
	at org.audiveris.omr.score.PartwiseBuilder.processPart(PartwiseBuilder.java:1988)
	at org.audiveris.omr.score.PartwiseBuilder.processSystem(PartwiseBuilder.java:2528)
	at org.audiveris.omr.score.PartwiseBuilder.processLogicalPart(PartwiseBuilder.java:1433)
	at org.audiveris.omr.score.PartwiseBuilder.processStub(PartwiseBuilder.java:2483)
	at org.audiveris.omr.score.PartwiseBuilder.processPartList(PartwiseBuilder.java:2017)
	at org.audiveris.omr.score.PartwiseBuilder.processScore(PartwiseBuilder.java:2195)
	at org.audiveris.omr.score.PartwiseBuilder.build(PartwiseBuilder.java:307)
	at org.audiveris.omr.score.ScoreExporter.export(ScoreExporter.java:117)
	at org.audiveris.omr.score.ScoreExporter.export(ScoreExporter.java:91)
	at org.audiveris.omr.sheet.BasicBook.export(BasicBook.java:589)
	at org.audiveris.omr.CLI$ProcessingTask.processBook(CLI.java:785)
	at org.audiveris.omr.CLI$CliTask.call(CLI.java:344)
	at org.audiveris.omr.Main.runBatchTasks(Main.java:316)
	at org.audiveris.omr.Main.main(Main.java:155)
	at Audiveris.main(Audiveris.java:49)
2017-10-06 14:21:57,800 WARN [91386708]      PartwiseBuilder.java:1379 | Error visiting null
java.lang.NullPointerException: null
	at org.audiveris.omr.score.PartwiseBuilder.processKey(PartwiseBuilder.java:1344)
	at org.audiveris.omr.score.PartwiseBuilder.processKeys(PartwiseBuilder.java:1407)
	at org.audiveris.omr.score.PartwiseBuilder.processMeasure(PartwiseBuilder.java:1575)
	at org.audiveris.omr.score.PartwiseBuilder.processPart(PartwiseBuilder.java:1988)
	at org.audiveris.omr.score.PartwiseBuilder.processSystem(PartwiseBuilder.java:2528)
	at org.audiveris.omr.score.PartwiseBuilder.processLogicalPart(PartwiseBuilder.java:1433)
	at org.audiveris.omr.score.PartwiseBuilder.processStub(PartwiseBuilder.java:2483)
	at org.audiveris.omr.score.PartwiseBuilder.processPartList(PartwiseBuilder.java:2017)
	at org.audiveris.omr.score.PartwiseBuilder.processScore(PartwiseBuilder.java:2195)
	at org.audiveris.omr.score.PartwiseBuilder.build(PartwiseBuilder.java:307)
	at org.audiveris.omr.score.ScoreExporter.export(ScoreExporter.java:117)
	at org.audiveris.omr.score.ScoreExporter.export(ScoreExporter.java:91)
	at org.audiveris.omr.sheet.BasicBook.export(BasicBook.java:589)
	at org.audiveris.omr.CLI$ProcessingTask.processBook(CLI.java:785)
	at org.audiveris.omr.CLI$CliTask.call(CLI.java:344)
	at org.audiveris.omr.Main.runBatchTasks(Main.java:316)
	at org.audiveris.omr.Main.main(Main.java:155)
	at Audiveris.main(Audiveris.java:49)
2017-10-06 14:21:57,872 INFO [91386708]        ScoreExporter.java:93   | Score 91386708 exported to /Users/stephenn/Documents/workspace/nlsomr/xml_out/91386487/91386708/91386708.mxl
2017-10-06 14:21:58,049 INFO [91386708]            BasicBook.java:1395 | Stored /book.xml
2017-10-06 14:21:58,050 INFO [91386708]            BasicBook.java:1355 | Book stored as /Users/stephenn/Documents/workspace/nlsomr/xml_out/91386487/91386708/91386708.omr
