2017-10-06 15:25:12,437 INFO [91387584]            BasicBook.java:427  | 1 sheet in /Users/stephenn/Documents/workspace/nlsomr/working/91387584.jpg
2017-10-06 15:25:12,593 INFO []            BasicBook.java:1395 | Stored /book.xml
2017-10-06 15:25:12,594 INFO []            BasicBook.java:1355 | Book stored as /Users/stephenn/Documents/workspace/nlsomr/xml_out/91386487/91387584/91387584.omr
2017-10-06 15:25:12,599 INFO []            BasicBook.java:996  | Book reaching PAGE on sheets:[#1]
2017-10-06 15:25:12,600 INFO [91387584]       StepMonitoring.java:96   | LOAD
2017-10-06 15:25:12,750 INFO [91387584]            BasicBook.java:911  | Loaded image 1 2000x3056 from /Users/stephenn/Documents/workspace/nlsomr/working/91387584.jpg
2017-10-06 15:25:12,754 INFO [91387584]            ImageUtil.java:82   | Converting max RGB to gray ...
2017-10-06 15:25:13,006 INFO [91387584]            BasicBook.java:1395 | Stored /book.xml
2017-10-06 15:25:13,310 INFO [91387584]           BasicSheet.java:979  | Stored /sheet#1/sheet#1.xml
2017-10-06 15:25:13,312 INFO [91387584]       StepMonitoring.java:96   | BINARY
2017-10-06 15:25:13,900 INFO [91387584]            BasicBook.java:1395 | Stored /book.xml
2017-10-06 15:25:14,248 INFO [91387584]              Picture.java:786  | Stored /sheet#1/BINARY.xml
2017-10-06 15:25:14,250 INFO [91387584]           BasicSheet.java:979  | Stored /sheet#1/sheet#1.xml
2017-10-06 15:25:14,253 INFO [91387584]       StepMonitoring.java:96   | SCALE
2017-10-06 15:25:14,293 INFO [91387584]         ScaleBuilder.java:229  | No beam key found, guessed value 10
2017-10-06 15:25:14,294 INFO [91387584]            ScaleStep.java:87   | Scale{line(4,5,6) interline(16,17,17) beam(10 extra)}
2017-10-06 15:25:14,296 INFO [91387584]            BasicBook.java:1395 | Stored /book.xml
2017-10-06 15:25:14,299 INFO [91387584]           BasicSheet.java:979  | Stored /sheet#1/sheet#1.xml
2017-10-06 15:25:14,301 INFO [91387584]       StepMonitoring.java:96   | GRID
2017-10-06 15:25:15,394 INFO [91387584]       LinesRetriever.java:442  | Global slope: 0.00021
2017-10-06 15:25:15,496 INFO [91387584]    ClustersRetriever.java:241  | Retrieved line clusters: 12 of size: 5 with interline: (16,17,17)
2017-10-06 15:25:16,251 INFO [91387584]            PeakGraph.java:181  | Systems: #1[1, 2] #2[3, 4] #3[5, 6] #4[7, 8] #5[9, 10] #6[11, 12]
2017-10-06 15:25:17,378 INFO [91387584]        SystemManager.java:626  | Indentation detected for system#1
2017-10-06 15:25:17,379 INFO [91387584]        SystemManager.java:626  | Indentation detected for system#3
2017-10-06 15:25:17,379 INFO [91387584]        SystemManager.java:626  | Indentation detected for system#4
2017-10-06 15:25:17,380 INFO [91387584]        SystemManager.java:671  | 3 pages found in sheet
2017-10-06 15:25:17,380 INFO [91387584]        SystemManager.java:709  | Page #1: 1 part along 2 systems
2017-10-06 15:25:17,380 INFO [91387584]        SystemManager.java:709  | Page #2: 1 part along 1 system
2017-10-06 15:25:17,380 INFO [91387584]        SystemManager.java:709  | Page #3: 1 part along 3 systems
2017-10-06 15:25:17,383 INFO [91387584]            BasicBook.java:1395 | Stored /book.xml
2017-10-06 15:25:17,614 INFO [91387584]           BasicSheet.java:979  | Stored /sheet#1/sheet#1.xml
2017-10-06 15:25:17,616 INFO [91387584]       StepMonitoring.java:96   | HEADERS
2017-10-06 15:25:18,010 INFO []          Nd4jBackend.java:194  | Loaded [CpuBackend] backend
2017-10-06 15:25:18,067 INFO []      NativeOpsHolder.java:49   | Number of threads used for NativeOps: 2
2017-10-06 15:25:18,503 INFO [] DefaultOpExecutioner.java:544  | Backend used: [CPU]; OS: [Mac OS X]
2017-10-06 15:25:18,503 INFO [] DefaultOpExecutioner.java:545  | Cores: [4]; Memory: [3.6GB];
2017-10-06 15:25:18,504 INFO [] DefaultOpExecutioner.java:546  | Blas vendor: [OPENBLAS]
2017-10-06 15:25:18,549 INFO []   AbstractClassifier.java:332  | Classifier data loaded from default uri jar:file:/Users/stephenn/Documents/workspace/audiveris/build/distributions/Audiveris/lib/audiveris.jar!/res/basic-classifier.zip
2017-10-06 15:25:20,048 WARN [91387584]          ClefBuilder.java:560  | Staff#2 no header clef.
2017-10-06 15:25:21,451 INFO [91387584]            BasicBook.java:1395 | Stored /book.xml
2017-10-06 15:25:21,750 INFO []   AbstractClassifier.java:332  | Classifier data loaded from default uri jar:file:/Users/stephenn/Documents/workspace/audiveris/build/distributions/Audiveris/lib/audiveris.jar!/res/deep-classifier.zip
2017-10-06 15:25:21,840 INFO [91387584]           BasicSheet.java:979  | Stored /sheet#1/sheet#1.xml
2017-10-06 15:25:21,843 INFO [91387584]       StepMonitoring.java:96   | STEM_SEEDS
2017-10-06 15:25:21,954 INFO [91387584]        StemSeedsStep.java:91   | stem(4 max:5)
2017-10-06 15:25:22,080 INFO [91387584]            BasicBook.java:1395 | Stored /book.xml
2017-10-06 15:25:22,382 INFO [91387584]           BasicSheet.java:979  | Stored /sheet#1/sheet#1.xml
2017-10-06 15:25:22,384 INFO [91387584]       StepMonitoring.java:96   | BEAMS
2017-10-06 15:25:26,050 INFO [91387584]            BeamsStep.java:89   | BeamDistance{count:3 mean:9.86 stdDev:8.54}
2017-10-06 15:25:26,053 INFO [91387584]            BasicBook.java:1395 | Stored /book.xml
2017-10-06 15:25:26,134 INFO [91387584]              Picture.java:786  | Stored /sheet#1/HEAD_SPOTS.xml
2017-10-06 15:25:26,567 INFO [91387584]           BasicSheet.java:979  | Stored /sheet#1/sheet#1.xml
2017-10-06 15:25:26,570 INFO [91387584]       StepMonitoring.java:96   | LEDGERS
2017-10-06 15:25:27,536 INFO [91387584]            BasicBook.java:1395 | Stored /book.xml
2017-10-06 15:25:27,877 INFO [91387584]           BasicSheet.java:979  | Stored /sheet#1/sheet#1.xml
2017-10-06 15:25:27,881 INFO [91387584]       StepMonitoring.java:96   | HEADS
2017-10-06 15:25:30,715 INFO [91387584]            BasicBook.java:1395 | Stored /book.xml
2017-10-06 15:25:31,780 INFO [91387584]           BasicSheet.java:979  | Stored /sheet#1/sheet#1.xml
2017-10-06 15:25:31,782 INFO [91387584]       StepMonitoring.java:96   | STEMS
2017-10-06 15:25:34,851 INFO [91387584]            BasicBook.java:1395 | Stored /book.xml
2017-10-06 15:25:36,438 INFO [91387584]           BasicSheet.java:979  | Stored /sheet#1/sheet#1.xml
2017-10-06 15:25:36,441 INFO [91387584]       StepMonitoring.java:96   | REDUCTION
2017-10-06 15:25:37,233 INFO [91387584]            BasicBook.java:1395 | Stored /book.xml
2017-10-06 15:25:38,173 INFO [91387584]           BasicSheet.java:979  | Stored /sheet#1/sheet#1.xml
2017-10-06 15:25:38,175 INFO [91387584]       StepMonitoring.java:96   | CUE_BEAMS
2017-10-06 15:25:38,180 INFO [91387584]            BasicBook.java:1395 | Stored /book.xml
2017-10-06 15:25:39,102 INFO [91387584]           BasicSheet.java:979  | Stored /sheet#1/sheet#1.xml
2017-10-06 15:25:39,106 INFO [91387584]       StepMonitoring.java:96   | TEXTS
2017-10-06 15:25:41,283 INFO [91387584]            BasicBook.java:1395 | Stored /book.xml
2017-10-06 15:25:42,505 INFO [91387584]           BasicSheet.java:979  | Stored /sheet#1/sheet#1.xml
2017-10-06 15:25:42,507 INFO [91387584]       StepMonitoring.java:96   | MEASURES
2017-10-06 15:25:42,512 INFO [91387584]                 Page.java:210  | 9 raw measures: [4 in system#1, 5 in system#2]
2017-10-06 15:25:42,512 INFO [91387584]                 Page.java:210  | 4 raw measures: [4 in system#3]
2017-10-06 15:25:42,513 INFO [91387584]                 Page.java:210  | 12 raw measures: [4 in system#4, 4 in system#5, 4 in system#6]
2017-10-06 15:25:42,514 INFO [91387584]            BasicBook.java:1395 | Stored /book.xml
2017-10-06 15:25:43,810 INFO [91387584]           BasicSheet.java:979  | Stored /sheet#1/sheet#1.xml
2017-10-06 15:25:43,813 INFO [91387584]       StepMonitoring.java:96   | CHORDS
2017-10-06 15:25:43,831 INFO [91387584]            BasicBook.java:1395 | Stored /book.xml
2017-10-06 15:25:45,146 INFO [91387584]           BasicSheet.java:979  | Stored /sheet#1/sheet#1.xml
2017-10-06 15:25:45,149 INFO [91387584]       StepMonitoring.java:96   | CURVES
2017-10-06 15:25:46,873 INFO [91387584]         SlursBuilder.java:157  | Slurs: 25
2017-10-06 15:25:46,949 INFO [91387584]      SegmentsBuilder.java:113  | Segments: 32
2017-10-06 15:25:46,955 INFO [91387584]            BasicBook.java:1395 | Stored /book.xml
2017-10-06 15:25:48,553 INFO [91387584]           BasicSheet.java:979  | Stored /sheet#1/sheet#1.xml
2017-10-06 15:25:48,555 INFO [91387584]       StepMonitoring.java:96   | SYMBOLS
2017-10-06 15:25:51,241 INFO [91387584]            BasicBook.java:1395 | Stored /book.xml
2017-10-06 15:25:52,929 INFO [91387584]           BasicSheet.java:979  | Stored /sheet#1/sheet#1.xml
2017-10-06 15:25:52,931 INFO [91387584]       StepMonitoring.java:96   | LINKS
2017-10-06 15:25:52,966 INFO [91387584]        SymbolsLinker.java:306  | No measure stack for direction SentenceInter{#7342(0.572) s:5 BS-41 Direction} J 60
2017-10-06 15:25:52,989 INFO [91387584]        SymbolsLinker.java:306  | No measure stack for direction SentenceInter{#7370(0.686) s:7 B-27 Direction} 168.
2017-10-06 15:25:53,024 INFO [91387584]            BasicBook.java:1395 | Stored /book.xml
2017-10-06 15:25:54,782 INFO [91387584]           BasicSheet.java:979  | Stored /sheet#1/sheet#1.xml
2017-10-06 15:25:54,785 INFO [91387584]       StepMonitoring.java:96   | RHYTHMS
2017-10-06 15:25:54,810 INFO [91387584]           PageRhythm.java:314  | Range{1-9 ts:3/4} Durations avgGuess:3/4 topGuess:3/4 avgValue:0.70 stacks:9 voices:20 Histogram{3/8-13/16 size:5 [3/8=4 7/16=1 1/2=3 3/4=11 13/16=1]}
2017-10-06 15:25:54,821 INFO [91387584]         SlotsBuilder.java:427  | S1 MeasureStack#3 Slot{#3 xOffset=140 timeOffset=3/8 incomings=[#7416] SUSPICIOUS}
2017-10-06 15:25:54,822 INFO [91387584]         SlotsBuilder.java:427  | S1 MeasureStack#3 Slot{#5 xOffset=187 timeOffset=5/8 incomings=[#7417] SUSPICIOUS}
2017-10-06 15:25:54,823 INFO [91387584]         SlotsBuilder.java:427  | S1 MeasureStack#3 Slot{#7 xOffset=235 timeOffset=3/4 incomings=[#7418] SUSPICIOUS}
2017-10-06 15:25:54,823 INFO [91387584]                Voice.java:257  | S1 MeasureStack#3 Voice #2 too long 1/8
2017-10-06 15:25:54,823 INFO [91387584]           StackTuner.java:92   | S1 MeasureStack#3 no correct rhythm
2017-10-06 15:25:54,826 INFO [91387584]         SlotsBuilder.java:427  | S1 MeasureStack#4 Slot{#4 xOffset=180 timeOffset=3/8 incomings=[#7404] SUSPICIOUS}
2017-10-06 15:25:54,827 INFO [91387584]         SlotsBuilder.java:427  | S1 MeasureStack#4 Slot{#6 xOffset=251 timeOffset=1/2 incomings=[#7405] SUSPICIOUS}
2017-10-06 15:25:54,828 INFO [91387584]         SlotsBuilder.java:427  | S1 MeasureStack#4 Slot{#8 xOffset=324 timeOffset=5/8 incomings=[#7406] SUSPICIOUS}
2017-10-06 15:25:54,829 INFO [91387584]         SlotsBuilder.java:427  | S1 MeasureStack#4 Slot{#10 xOffset=382 timeOffset=3/4 incomings=[#7407] SUSPICIOUS}
2017-10-06 15:25:54,830 INFO [91387584]                Voice.java:257  | S1 MeasureStack#4 Voice #1 too long 1/8
2017-10-06 15:25:54,830 INFO [91387584]                Voice.java:257  | S1 MeasureStack#4 Voice #2 too long 1/16
2017-10-06 15:25:54,831 INFO [91387584]           StackTuner.java:92   | S1 MeasureStack#4 no correct rhythm
2017-10-06 15:25:54,835 INFO [91387584]         SlotsBuilder.java:427  | S2 MeasureStack#6 Slot{#6 xOffset=304 timeOffset=3/4 incomings=[#7433] SUSPICIOUS}
2017-10-06 15:25:54,836 INFO [91387584]                Voice.java:257  | S2 MeasureStack#6 Voice #1 too long 1/4
2017-10-06 15:25:54,837 INFO [91387584]           StackTuner.java:92   | S2 MeasureStack#6 no correct rhythm
2017-10-06 15:25:54,843 INFO [91387584]                Voice.java:257  | S2 MeasureStack#8 Voice #2 too long 1/16
2017-10-06 15:25:54,843 INFO [91387584]           StackTuner.java:92   | S2 MeasureStack#8 no correct rhythm
2017-10-06 15:25:54,854 INFO [91387584]           PageRhythm.java:314  | Range{1-4} Durations avgGuess:1 topGuess:1 avgValue:1.00 stacks:4 voices:11 Histogram{1/4-2 size:3 [1/4=2 1=6 2=3]}
2017-10-06 15:25:54,854 INFO [91387584]           PageRhythm.java:221  | S3 Range{1-4 dur:1} should update to 1-based time sig?
2017-10-06 15:25:54,857 INFO [91387584]                Voice.java:257  | S3 MeasureStack#1 Voice #1 too long 1
2017-10-06 15:25:54,858 INFO [91387584]                Voice.java:257  | S3 MeasureStack#1 Voice #2 too long 1
2017-10-06 15:25:54,858 INFO [91387584]                Voice.java:257  | S3 MeasureStack#1 Voice #3 too long 1
2017-10-06 15:25:54,859 INFO [91387584]           StackTuner.java:92   | S3 MeasureStack#1 no correct rhythm
2017-10-06 15:25:54,868 INFO [91387584]         SlotsBuilder.java:427  | S3 MeasureStack#4 Slot{#3 xOffset=81 timeOffset=1/4 incomings=[#7522] SUSPICIOUS}
2017-10-06 15:25:54,869 INFO [91387584]                Voice.java:257  | S3 MeasureStack#4 Voice #1 too long 1/4
2017-10-06 15:25:54,870 INFO [91387584]                Voice.java:257  | S3 MeasureStack#4 Voice #3 too long 1/4
2017-10-06 15:25:54,870 INFO [91387584]           StackTuner.java:92   | S3 MeasureStack#4 no correct rhythm
2017-10-06 15:25:54,886 INFO [91387584]           PageRhythm.java:314  | Range{1-12 ts:4/4} Durations avgGuess:1 topGuess:1 avgValue:0.98 stacks:12 voices:34 Histogram{1/2-3/2 size:8 [1/2=2 5/8=2 3/4=7 7/8=1 1=14 5/4=3 11/8=3 3/2=2]}
2017-10-06 15:25:54,888 INFO [91387584]         SlotsBuilder.java:427  | S4 MeasureStack#1 Slot{#5 xOffset=344 timeOffset=5/8 incomings=[#7528] SUSPICIOUS}
2017-10-06 15:25:54,889 INFO [91387584]                Voice.java:257  | S4 MeasureStack#1 Voice #1 too long 1/8
2017-10-06 15:25:54,890 INFO [91387584]                Voice.java:257  | S4 MeasureStack#1 Voice #2 too long 1/8
2017-10-06 15:25:54,890 INFO [91387584]                Voice.java:257  | S4 MeasureStack#1 Voice #3 too long 1/8
2017-10-06 15:25:54,891 INFO [91387584]           StackTuner.java:92   | S4 MeasureStack#1 no correct rhythm
2017-10-06 15:25:54,893 INFO [91387584]                Voice.java:257  | S4 MeasureStack#3 Voice #1 too long 3/8
2017-10-06 15:25:54,893 INFO [91387584]                Voice.java:257  | S4 MeasureStack#3 Voice #2 too long 3/8
2017-10-06 15:25:54,894 INFO [91387584]                Voice.java:257  | S4 MeasureStack#3 Voice #3 too long 3/8
2017-10-06 15:25:54,894 INFO [91387584]           StackTuner.java:92   | S4 MeasureStack#3 no correct rhythm
2017-10-06 15:25:54,897 INFO [91387584]                Voice.java:257  | S5 MeasureStack#5 Voice #1 too long 1/4
2017-10-06 15:25:54,897 INFO [91387584]                Voice.java:257  | S5 MeasureStack#5 Voice #2 too long 1/4
2017-10-06 15:25:54,898 INFO [91387584]                Voice.java:257  | S5 MeasureStack#5 Voice #3 too long 1/4
2017-10-06 15:25:54,898 INFO [91387584]           StackTuner.java:92   | S5 MeasureStack#5 no correct rhythm
2017-10-06 15:25:54,901 INFO [91387584]         SlotsBuilder.java:427  | S5 MeasureStack#6 Slot{#6 xOffset=259 timeOffset=3/4 incomings=[#7604] SUSPICIOUS}
2017-10-06 15:25:54,903 INFO [91387584]                Voice.java:257  | S5 MeasureStack#7 Voice #1 too long 1/2
2017-10-06 15:25:54,903 INFO [91387584]                Voice.java:257  | S5 MeasureStack#7 Voice #2 too long 1/2
2017-10-06 15:25:54,904 INFO [91387584]           StackTuner.java:92   | S5 MeasureStack#7 no correct rhythm
2017-10-06 15:25:54,912 INFO [91387584]            BasicBook.java:1395 | Stored /book.xml
2017-10-06 15:25:56,692 INFO [91387584]           BasicSheet.java:979  | Stored /sheet#1/sheet#1.xml
2017-10-06 15:25:56,694 INFO [91387584]       StepMonitoring.java:96   | PAGE
2017-10-06 15:25:56,699 INFO [91387584]                Voice.java:257  | S1 MeasureStack#3 Voice #2 too long 1/8
2017-10-06 15:25:56,699 INFO [91387584]                Voice.java:257  | S1 MeasureStack#4 Voice #1 too long 1/8
2017-10-06 15:25:56,699 INFO [91387584]                Voice.java:257  | S1 MeasureStack#4 Voice #2 too long 1/16
2017-10-06 15:25:56,700 INFO [91387584]                Voice.java:257  | S2 MeasureStack#6 Voice #1 too long 1/4
2017-10-06 15:25:56,700 INFO [91387584]                Voice.java:257  | S2 MeasureStack#8 Voice #2 too long 1/16
2017-10-06 15:25:56,700 INFO [91387584]                Voice.java:257  | S3 MeasureStack#1 Voice #1 too long 1
2017-10-06 15:25:56,701 INFO [91387584]                Voice.java:257  | S3 MeasureStack#1 Voice #2 too long 1
2017-10-06 15:25:56,701 INFO [91387584]                Voice.java:257  | S3 MeasureStack#1 Voice #3 too long 1
2017-10-06 15:25:56,701 INFO [91387584]                Voice.java:257  | S3 MeasureStack#4 Voice #1 too long 1/4
2017-10-06 15:25:56,702 INFO [91387584]                Voice.java:257  | S3 MeasureStack#4 Voice #3 too long 1/4
2017-10-06 15:25:56,702 INFO [91387584]                 Part.java:267  | Could not left-connect slur#7764
2017-10-06 15:25:56,702 INFO [91387584]                Voice.java:257  | S4 MeasureStack#1 Voice #1 too long 1/8
2017-10-06 15:25:56,703 INFO [91387584]                Voice.java:257  | S4 MeasureStack#1 Voice #2 too long 1/8
2017-10-06 15:25:56,703 INFO [91387584]                Voice.java:257  | S4 MeasureStack#1 Voice #3 too long 1/8
2017-10-06 15:25:56,703 INFO [91387584]                Voice.java:257  | S4 MeasureStack#3 Voice #1 too long 3/8
2017-10-06 15:25:56,704 INFO [91387584]                Voice.java:257  | S4 MeasureStack#3 Voice #2 too long 3/8
2017-10-06 15:25:56,704 INFO [91387584]                Voice.java:257  | S4 MeasureStack#3 Voice #3 too long 3/8
2017-10-06 15:25:56,704 INFO [91387584]                Voice.java:257  | S5 MeasureStack#5 Voice #1 too long 1/4
2017-10-06 15:25:56,704 INFO [91387584]                Voice.java:257  | S5 MeasureStack#5 Voice #2 too long 1/4
2017-10-06 15:25:56,705 INFO [91387584]                Voice.java:257  | S5 MeasureStack#5 Voice #3 too long 1/4
2017-10-06 15:25:56,705 INFO [91387584]                Voice.java:257  | S5 MeasureStack#7 Voice #1 too long 1/2
2017-10-06 15:25:56,705 INFO [91387584]                Voice.java:257  | S5 MeasureStack#7 Voice #2 too long 1/2
2017-10-06 15:25:56,707 INFO [91387584]            BasicBook.java:1395 | Stored /book.xml
2017-10-06 15:25:58,458 INFO [91387584]           BasicSheet.java:979  | Stored /sheet#1/sheet#1.xml
2017-10-06 15:25:58,460 INFO [91387584]            BasicStub.java:723  | Sheet{91387584} disposed
2017-10-06 15:25:59,693 INFO [91387584]            BasicStub.java:449  | Loaded /sheet#1/sheet#1.xml
2017-10-06 15:25:59,696 INFO [91387584]            BasicBook.java:1133 | Scores built: 3
2017-10-06 15:26:01,196 INFO [91387584]        ScoreExporter.java:93   | Score 91387584.mvt1 exported to /Users/stephenn/Documents/workspace/nlsomr/xml_out/91386487/91387584/91387584.mvt1.mxl
2017-10-06 15:26:01,203 WARN [91387584]      PartwiseBuilder.java:1970 | Error visiting HeadInter{#4951(0.368/0.536) e#7492 s:6 p:-4.00 NOTEHEAD_BLACK_SMALL}
java.lang.NullPointerException: null
	at org.audiveris.omr.sig.inter.AbstractNoteInter.getStep(AbstractNoteInter.java:256)
	at org.audiveris.omr.score.PartwiseBuilder.processNote(PartwiseBuilder.java:1796)
	at org.audiveris.omr.score.PartwiseBuilder.processChord(PartwiseBuilder.java:1056)
	at org.audiveris.omr.score.PartwiseBuilder.processMeasure(PartwiseBuilder.java:1639)
	at org.audiveris.omr.score.PartwiseBuilder.processPart(PartwiseBuilder.java:1988)
	at org.audiveris.omr.score.PartwiseBuilder.processSystem(PartwiseBuilder.java:2528)
	at org.audiveris.omr.score.PartwiseBuilder.processLogicalPart(PartwiseBuilder.java:1433)
	at org.audiveris.omr.score.PartwiseBuilder.processStub(PartwiseBuilder.java:2483)
	at org.audiveris.omr.score.PartwiseBuilder.processPartList(PartwiseBuilder.java:2017)
	at org.audiveris.omr.score.PartwiseBuilder.processScore(PartwiseBuilder.java:2195)
	at org.audiveris.omr.score.PartwiseBuilder.build(PartwiseBuilder.java:307)
	at org.audiveris.omr.score.ScoreExporter.export(ScoreExporter.java:117)
	at org.audiveris.omr.score.ScoreExporter.export(ScoreExporter.java:91)
	at org.audiveris.omr.sheet.BasicBook.export(BasicBook.java:589)
	at org.audiveris.omr.CLI$ProcessingTask.processBook(CLI.java:785)
	at org.audiveris.omr.CLI$CliTask.call(CLI.java:344)
	at org.audiveris.omr.Main.runBatchTasks(Main.java:316)
	at org.audiveris.omr.Main.main(Main.java:155)
	at Audiveris.main(Audiveris.java:49)
2017-10-06 15:26:01,234 INFO [91387584]        ScoreExporter.java:93   | Score 91387584.mvt2 exported to /Users/stephenn/Documents/workspace/nlsomr/xml_out/91386487/91387584/91387584.mvt2.mxl
2017-10-06 15:26:01,279 INFO [91387584]        ScoreExporter.java:93   | Score 91387584.mvt3 exported to /Users/stephenn/Documents/workspace/nlsomr/xml_out/91386487/91387584/91387584.mvt3.mxl
2017-10-06 15:26:01,477 INFO [91387584]            BasicBook.java:1395 | Stored /book.xml
2017-10-06 15:26:01,477 INFO [91387584]            BasicBook.java:1355 | Book stored as /Users/stephenn/Documents/workspace/nlsomr/xml_out/91386487/91387584/91387584.omr
