2017-10-06 15:00:19,574 INFO [91387248]            BasicBook.java:427  | 1 sheet in /Users/stephenn/Documents/workspace/nlsomr/working/91387248.jpg
2017-10-06 15:00:19,717 INFO []            BasicBook.java:1395 | Stored /book.xml
2017-10-06 15:00:19,717 INFO []            BasicBook.java:1355 | Book stored as /Users/stephenn/Documents/workspace/nlsomr/xml_out/91386487/91387248/91387248.omr
2017-10-06 15:00:19,722 INFO []            BasicBook.java:996  | Book reaching PAGE on sheets:[#1]
2017-10-06 15:00:19,723 INFO [91387248]       StepMonitoring.java:96   | LOAD
2017-10-06 15:00:19,876 INFO [91387248]            BasicBook.java:911  | Loaded image 1 2000x3056 from /Users/stephenn/Documents/workspace/nlsomr/working/91387248.jpg
2017-10-06 15:00:19,880 INFO [91387248]            ImageUtil.java:82   | Converting max RGB to gray ...
2017-10-06 15:00:20,178 INFO [91387248]            BasicBook.java:1395 | Stored /book.xml
2017-10-06 15:00:20,508 INFO [91387248]           BasicSheet.java:979  | Stored /sheet#1/sheet#1.xml
2017-10-06 15:00:20,510 INFO [91387248]       StepMonitoring.java:96   | BINARY
2017-10-06 15:00:21,104 INFO [91387248]            BasicBook.java:1395 | Stored /book.xml
2017-10-06 15:00:21,414 INFO [91387248]              Picture.java:786  | Stored /sheet#1/BINARY.xml
2017-10-06 15:00:21,415 INFO [91387248]           BasicSheet.java:979  | Stored /sheet#1/sheet#1.xml
2017-10-06 15:00:21,417 INFO [91387248]       StepMonitoring.java:96   | SCALE
2017-10-06 15:00:21,459 INFO [91387248]            ScaleStep.java:87   | Scale{line(3,5,6) interline(16,17,17) beam(13)}
2017-10-06 15:00:21,461 INFO [91387248]            BasicBook.java:1395 | Stored /book.xml
2017-10-06 15:00:21,463 INFO [91387248]           BasicSheet.java:979  | Stored /sheet#1/sheet#1.xml
2017-10-06 15:00:21,465 INFO [91387248]       StepMonitoring.java:96   | GRID
2017-10-06 15:00:22,500 INFO [91387248]       LinesRetriever.java:442  | Global slope: -0.00052
2017-10-06 15:00:22,588 INFO [91387248]    ClustersRetriever.java:241  | Retrieved line clusters: 12 of size: 5 with interline: (16,17,17)
2017-10-06 15:00:23,320 INFO [91387248]            PeakGraph.java:181  | Systems: #1[1, 2] #2[3, 4] #3[5, 6] #4[7, 8] #5[9, 10] #6[11, 12]
2017-10-06 15:00:24,194 INFO [91387248]        SystemManager.java:626  | Indentation detected for system#1
2017-10-06 15:00:24,195 INFO [91387248]        SystemManager.java:626  | Indentation detected for system#3
2017-10-06 15:00:24,195 INFO [91387248]        SystemManager.java:671  | 2 pages found in sheet
2017-10-06 15:00:24,196 INFO [91387248]        SystemManager.java:709  | Page #1: 1 part along 2 systems
2017-10-06 15:00:24,196 INFO [91387248]        SystemManager.java:709  | Page #2: 1 part along 4 systems
2017-10-06 15:00:24,200 INFO [91387248]            BasicBook.java:1395 | Stored /book.xml
2017-10-06 15:00:24,427 INFO [91387248]           BasicSheet.java:979  | Stored /sheet#1/sheet#1.xml
2017-10-06 15:00:24,430 INFO [91387248]       StepMonitoring.java:96   | HEADERS
2017-10-06 15:00:24,811 INFO []          Nd4jBackend.java:194  | Loaded [CpuBackend] backend
2017-10-06 15:00:24,868 INFO []      NativeOpsHolder.java:49   | Number of threads used for NativeOps: 2
2017-10-06 15:00:25,289 INFO [] DefaultOpExecutioner.java:544  | Backend used: [CPU]; OS: [Mac OS X]
2017-10-06 15:00:25,289 INFO [] DefaultOpExecutioner.java:545  | Cores: [4]; Memory: [3.6GB];
2017-10-06 15:00:25,289 INFO [] DefaultOpExecutioner.java:546  | Blas vendor: [OPENBLAS]
2017-10-06 15:00:25,325 INFO []   AbstractClassifier.java:332  | Classifier data loaded from default uri jar:file:/Users/stephenn/Documents/workspace/audiveris/build/distributions/Audiveris/lib/audiveris.jar!/res/basic-classifier.zip
2017-10-06 15:00:26,775 WARN [91387248]          ClefBuilder.java:560  | Staff#2 no header clef.
2017-10-06 15:00:27,260 WARN [91387248]          ClefBuilder.java:560  | Staff#4 no header clef.
2017-10-06 15:00:27,449 WARN [91387248]          ClefBuilder.java:560  | Staff#6 no header clef.
2017-10-06 15:00:27,755 WARN [91387248]          ClefBuilder.java:560  | Staff#8 no header clef.
2017-10-06 15:00:27,898 WARN [91387248]          ClefBuilder.java:560  | Staff#10 no header clef.
2017-10-06 15:00:28,126 INFO [91387248]            BasicBook.java:1395 | Stored /book.xml
2017-10-06 15:00:28,560 INFO [91387248]           BasicSheet.java:979  | Stored /sheet#1/sheet#1.xml
2017-10-06 15:00:28,563 INFO [91387248]       StepMonitoring.java:96   | STEM_SEEDS
2017-10-06 15:00:28,731 INFO [91387248]        StemSeedsStep.java:91   | stem(4 max:5)
2017-10-06 15:00:28,943 INFO [91387248]            BasicBook.java:1395 | Stored /book.xml
2017-10-06 15:00:28,958 INFO []   AbstractClassifier.java:332  | Classifier data loaded from default uri jar:file:/Users/stephenn/Documents/workspace/audiveris/build/distributions/Audiveris/lib/audiveris.jar!/res/deep-classifier.zip
2017-10-06 15:00:29,565 INFO [91387248]           BasicSheet.java:979  | Stored /sheet#1/sheet#1.xml
2017-10-06 15:00:29,568 INFO [91387248]       StepMonitoring.java:96   | BEAMS
2017-10-06 15:00:35,062 INFO [91387248]            BeamsStep.java:89   | BeamDistance{count:49 mean:14.59 stdDev:3.57}
2017-10-06 15:00:35,065 INFO [91387248]            BasicBook.java:1395 | Stored /book.xml
2017-10-06 15:00:35,168 INFO [91387248]              Picture.java:786  | Stored /sheet#1/HEAD_SPOTS.xml
2017-10-06 15:00:35,774 INFO [91387248]           BasicSheet.java:979  | Stored /sheet#1/sheet#1.xml
2017-10-06 15:00:35,776 INFO [91387248]       StepMonitoring.java:96   | LEDGERS
2017-10-06 15:00:36,841 INFO [91387248]            BasicBook.java:1395 | Stored /book.xml
2017-10-06 15:00:37,453 INFO [91387248]           BasicSheet.java:979  | Stored /sheet#1/sheet#1.xml
2017-10-06 15:00:37,456 INFO [91387248]       StepMonitoring.java:96   | HEADS
2017-10-06 15:00:40,309 INFO [91387248]            BasicBook.java:1395 | Stored /book.xml
2017-10-06 15:00:41,295 INFO [91387248]           BasicSheet.java:979  | Stored /sheet#1/sheet#1.xml
2017-10-06 15:00:41,297 INFO [91387248]       StepMonitoring.java:96   | STEMS
2017-10-06 15:00:44,286 INFO [91387248]            BasicBook.java:1395 | Stored /book.xml
2017-10-06 15:00:45,788 INFO [91387248]           BasicSheet.java:979  | Stored /sheet#1/sheet#1.xml
2017-10-06 15:00:45,791 INFO [91387248]       StepMonitoring.java:96   | REDUCTION
2017-10-06 15:00:46,315 INFO [91387248]            BasicBook.java:1395 | Stored /book.xml
2017-10-06 15:00:47,222 INFO [91387248]           BasicSheet.java:979  | Stored /sheet#1/sheet#1.xml
2017-10-06 15:00:47,225 INFO [91387248]       StepMonitoring.java:96   | CUE_BEAMS
2017-10-06 15:00:47,228 INFO [91387248]            BasicBook.java:1395 | Stored /book.xml
2017-10-06 15:00:48,163 INFO [91387248]           BasicSheet.java:979  | Stored /sheet#1/sheet#1.xml
2017-10-06 15:00:48,165 INFO [91387248]       StepMonitoring.java:96   | TEXTS
2017-10-06 15:00:50,097 INFO [91387248]            BasicBook.java:1395 | Stored /book.xml
2017-10-06 15:00:51,083 INFO [91387248]           BasicSheet.java:979  | Stored /sheet#1/sheet#1.xml
2017-10-06 15:00:51,085 INFO [91387248]       StepMonitoring.java:96   | MEASURES
2017-10-06 15:00:51,089 INFO [91387248]                 Page.java:210  | 9 raw measures: [5 in system#1, 4 in system#2]
2017-10-06 15:00:51,090 INFO [91387248]                 Page.java:210  | 18 raw measures: [5 in system#3, 4 in system#4, 5 in system#5, 4 in system#6]
2017-10-06 15:00:51,091 INFO [91387248]            BasicBook.java:1395 | Stored /book.xml
2017-10-06 15:00:51,980 INFO [91387248]           BasicSheet.java:979  | Stored /sheet#1/sheet#1.xml
2017-10-06 15:00:51,982 INFO [91387248]       StepMonitoring.java:96   | CHORDS
2017-10-06 15:00:52,010 INFO [91387248]            BasicBook.java:1395 | Stored /book.xml
2017-10-06 15:00:52,982 INFO [91387248]           BasicSheet.java:979  | Stored /sheet#1/sheet#1.xml
2017-10-06 15:00:52,984 INFO [91387248]       StepMonitoring.java:96   | CURVES
2017-10-06 15:00:55,023 INFO [91387248]         SlursBuilder.java:762  | RIGHT collision SlurInter{#6610(0.140)} & SlurInter{#6705(0.426)} @ HeadInter{#4298(0.555/0.555) e#6432 s:6 p:-3.00 WHOLE_NOTE}
2017-10-06 15:00:55,024 INFO [91387248]         SlursBuilder.java:762  | RIGHT collision SlurInter{#6705(0.426)} & SlurInter{#6610(0.140)} @ HeadInter{#4298(0.555/0.555) e#6432 s:6 p:-3.00 WHOLE_NOTE}
2017-10-06 15:00:55,025 INFO [91387248]         SlursBuilder.java:157  | Slurs: 13
2017-10-06 15:00:55,061 INFO [91387248]      SegmentsBuilder.java:113  | Segments: 26
2017-10-06 15:00:55,069 INFO [91387248]            BasicBook.java:1395 | Stored /book.xml
2017-10-06 15:00:55,770 INFO [91387248]           BasicSheet.java:979  | Stored /sheet#1/sheet#1.xml
2017-10-06 15:00:55,772 INFO [91387248]       StepMonitoring.java:96   | SYMBOLS
2017-10-06 15:00:56,087 INFO [91387248]       SymbolsBuilder.java:340  | Symbol parts shrunk from 8 to 7
2017-10-06 15:00:56,720 INFO [91387248]       SymbolsBuilder.java:340  | Symbol parts shrunk from 8 to 7
2017-10-06 15:00:57,529 INFO [91387248]       SymbolsBuilder.java:340  | Symbol parts shrunk from 11 to 7
2017-10-06 15:00:58,500 INFO [91387248]            BasicBook.java:1395 | Stored /book.xml
2017-10-06 15:00:59,308 INFO [91387248]           BasicSheet.java:979  | Stored /sheet#1/sheet#1.xml
2017-10-06 15:00:59,310 INFO [91387248]       StepMonitoring.java:96   | LINKS
2017-10-06 15:00:59,333 INFO [91387248]        SymbolsLinker.java:306  | No measure stack for direction SentenceInter{#6260(0.523) s:5 BS-30 Direction} 83.
2017-10-06 15:00:59,373 INFO [91387248]            BasicBook.java:1395 | Stored /book.xml
2017-10-06 15:01:00,196 INFO [91387248]           BasicSheet.java:979  | Stored /sheet#1/sheet#1.xml
2017-10-06 15:01:00,198 INFO [91387248]       StepMonitoring.java:96   | RHYTHMS
2017-10-06 15:01:00,214 INFO [91387248]         SlotsBuilder.java:399  | Stack#4 suspicious Slot{#2 xOffset=76 timeOffset=1/8 incomings=[#6325]}
2017-10-06 15:01:00,230 INFO [91387248]           PageRhythm.java:314  | Range{1-9 ts:3/4} Durations avgGuess:3/4 topGuess:3/4 avgValue:0.70 stacks:9 voices:29 Histogram{1/8-3/4 size:6 [1/8=2 1/4=5 5/16=2 3/8=4 1/2=3 3/4=13]}
2017-10-06 15:01:00,233 INFO [91387248]         SlotsBuilder.java:427  | S1 MeasureStack#2 Slot{#4 xOffset=135 timeOffset=1/4 incomings=[#6319] SUSPICIOUS}
2017-10-06 15:01:00,234 INFO [91387248]         SlotsBuilder.java:427  | S1 MeasureStack#2 Slot{#7 xOffset=220 timeOffset=1/2 incomings=[#6320] SUSPICIOUS}
2017-10-06 15:01:00,238 INFO [91387248]         SlotsBuilder.java:427  | S1 MeasureStack#4 Slot{#5 xOffset=133 timeOffset=1/4 incomings=[#6326] SUSPICIOUS}
2017-10-06 15:01:00,239 INFO [91387248]         SlotsBuilder.java:427  | S1 MeasureStack#4 Slot{#7 xOffset=175 timeOffset=3/8 incomings=[#6327] SUSPICIOUS}
2017-10-06 15:01:00,239 INFO [91387248]         SlotsBuilder.java:427  | S1 MeasureStack#4 Slot{#9 xOffset=213 timeOffset=1/2 incomings=[#6328#6329] SUSPICIOUS}
2017-10-06 15:01:00,240 INFO [91387248]         SlotsBuilder.java:427  | S1 MeasureStack#4 Slot{#11 xOffset=258 timeOffset=5/8 incomings=[#6330] SUSPICIOUS}
2017-10-06 15:01:00,273 INFO [91387248]           PageRhythm.java:314  | Range{1-18} Durations avgGuess:1/2 topGuess:1/2 avgValue:0.56 stacks:18 voices:39 Histogram{1/8-9/8 size:6 [1/8=2 1/4=1 3/8=2 1/2=27 5/8=5 9/8=2]}
2017-10-06 15:01:00,274 INFO [91387248]           PageRhythm.java:221  | S3 Range{1-18 dur:1/2} should update to 1/2-based time sig?
2017-10-06 15:01:00,275 INFO [91387248]                Voice.java:257  | S3 MeasureStack#1 Voice #1 too long 5/8
2017-10-06 15:01:00,275 INFO [91387248]                Voice.java:257  | S3 MeasureStack#1 Voice #2 too long 5/8
2017-10-06 15:01:00,275 INFO [91387248]           StackTuner.java:92   | S3 MeasureStack#1 no correct rhythm
2017-10-06 15:01:00,278 INFO [91387248]                Voice.java:257  | S3 MeasureStack#3 Voice #1 too long 1/8
2017-10-06 15:01:00,278 INFO [91387248]           StackTuner.java:92   | S3 MeasureStack#3 no correct rhythm
2017-10-06 15:01:00,281 INFO [91387248]                Voice.java:257  | S3 MeasureStack#5 Voice #1 too long 1/8
2017-10-06 15:01:00,281 INFO [91387248]                Voice.java:257  | S3 MeasureStack#5 Voice #2 too long 1/8
2017-10-06 15:01:00,281 INFO [91387248]           StackTuner.java:92   | S3 MeasureStack#5 no correct rhythm
2017-10-06 15:01:00,283 INFO [91387248]         SlotsBuilder.java:427  | S4 MeasureStack#7 Slot{#6 xOffset=251 timeOffset=3/8 incomings=[#6460] SUSPICIOUS}
2017-10-06 15:01:00,284 INFO [91387248]         SlotsBuilder.java:434  | Stack#7 endless loop detected
2017-10-06 15:01:00,291 INFO [91387248]                Voice.java:257  | S5 MeasureStack#14 Voice #1 too long 1/8
2017-10-06 15:01:00,291 INFO [91387248]                Voice.java:257  | S5 MeasureStack#14 Voice #2 too long 1/8
2017-10-06 15:01:00,291 INFO [91387248]           StackTuner.java:92   | S5 MeasureStack#14 no correct rhythm
2017-10-06 15:01:00,297 INFO [91387248]            BasicBook.java:1395 | Stored /book.xml
2017-10-06 15:01:01,117 INFO [91387248]           BasicSheet.java:979  | Stored /sheet#1/sheet#1.xml
2017-10-06 15:01:01,120 INFO [91387248]       StepMonitoring.java:96   | PAGE
2017-10-06 15:01:01,125 INFO [91387248]                Voice.java:257  | S3 MeasureStack#1 Voice #1 too long 5/8
2017-10-06 15:01:01,125 INFO [91387248]                Voice.java:257  | S3 MeasureStack#1 Voice #2 too long 5/8
2017-10-06 15:01:01,126 INFO [91387248]                Voice.java:257  | S3 MeasureStack#3 Voice #1 too long 1/8
2017-10-06 15:01:01,126 INFO [91387248]                Voice.java:257  | S3 MeasureStack#5 Voice #1 too long 1/8
2017-10-06 15:01:01,126 INFO [91387248]                Voice.java:257  | S3 MeasureStack#5 Voice #2 too long 1/8
2017-10-06 15:01:01,127 INFO [91387248]                Voice.java:257  | S5 MeasureStack#14 Voice #1 too long 1/8
2017-10-06 15:01:01,127 INFO [91387248]                Voice.java:257  | S5 MeasureStack#14 Voice #2 too long 1/8
2017-10-06 15:01:01,128 INFO [91387248]            BasicBook.java:1395 | Stored /book.xml
2017-10-06 15:01:01,964 INFO [91387248]           BasicSheet.java:979  | Stored /sheet#1/sheet#1.xml
2017-10-06 15:01:01,966 INFO [91387248]            BasicStub.java:723  | Sheet{91387248} disposed
2017-10-06 15:01:03,034 INFO [91387248]            BasicStub.java:449  | Loaded /sheet#1/sheet#1.xml
2017-10-06 15:01:03,035 INFO [91387248]            BasicBook.java:1133 | Scores built: 2
2017-10-06 15:01:04,014 INFO [91387248]        ScoreExporter.java:93   | Score 91387248.mvt1 exported to /Users/stephenn/Documents/workspace/nlsomr/xml_out/91386487/91387248/91387248.mvt1.mxl
2017-10-06 15:01:04,023 WARN [91387248]      PartwiseBuilder.java:1379 | Error visiting null
java.lang.NullPointerException: null
	at org.audiveris.omr.score.PartwiseBuilder.processKey(PartwiseBuilder.java:1344)
	at org.audiveris.omr.score.PartwiseBuilder.processKeys(PartwiseBuilder.java:1407)
	at org.audiveris.omr.score.PartwiseBuilder.processMeasure(PartwiseBuilder.java:1575)
	at org.audiveris.omr.score.PartwiseBuilder.processPart(PartwiseBuilder.java:1988)
	at org.audiveris.omr.score.PartwiseBuilder.processSystem(PartwiseBuilder.java:2528)
	at org.audiveris.omr.score.PartwiseBuilder.processLogicalPart(PartwiseBuilder.java:1433)
	at org.audiveris.omr.score.PartwiseBuilder.processStub(PartwiseBuilder.java:2483)
	at org.audiveris.omr.score.PartwiseBuilder.processPartList(PartwiseBuilder.java:2017)
	at org.audiveris.omr.score.PartwiseBuilder.processScore(PartwiseBuilder.java:2195)
	at org.audiveris.omr.score.PartwiseBuilder.build(PartwiseBuilder.java:307)
	at org.audiveris.omr.score.ScoreExporter.export(ScoreExporter.java:117)
	at org.audiveris.omr.score.ScoreExporter.export(ScoreExporter.java:91)
	at org.audiveris.omr.sheet.BasicBook.export(BasicBook.java:589)
	at org.audiveris.omr.CLI$ProcessingTask.processBook(CLI.java:785)
	at org.audiveris.omr.CLI$CliTask.call(CLI.java:344)
	at org.audiveris.omr.Main.runBatchTasks(Main.java:316)
	at org.audiveris.omr.Main.main(Main.java:155)
	at Audiveris.main(Audiveris.java:49)
2017-10-06 15:01:04,028 WARN [91387248]      PartwiseBuilder.java:1379 | Error visiting null
java.lang.NullPointerException: null
	at org.audiveris.omr.score.PartwiseBuilder.processKey(PartwiseBuilder.java:1344)
	at org.audiveris.omr.score.PartwiseBuilder.processKeys(PartwiseBuilder.java:1407)
	at org.audiveris.omr.score.PartwiseBuilder.processMeasure(PartwiseBuilder.java:1575)
	at org.audiveris.omr.score.PartwiseBuilder.processPart(PartwiseBuilder.java:1988)
	at org.audiveris.omr.score.PartwiseBuilder.processSystem(PartwiseBuilder.java:2528)
	at org.audiveris.omr.score.PartwiseBuilder.processLogicalPart(PartwiseBuilder.java:1433)
	at org.audiveris.omr.score.PartwiseBuilder.processStub(PartwiseBuilder.java:2483)
	at org.audiveris.omr.score.PartwiseBuilder.processPartList(PartwiseBuilder.java:2017)
	at org.audiveris.omr.score.PartwiseBuilder.processScore(PartwiseBuilder.java:2195)
	at org.audiveris.omr.score.PartwiseBuilder.build(PartwiseBuilder.java:307)
	at org.audiveris.omr.score.ScoreExporter.export(ScoreExporter.java:117)
	at org.audiveris.omr.score.ScoreExporter.export(ScoreExporter.java:91)
	at org.audiveris.omr.sheet.BasicBook.export(BasicBook.java:589)
	at org.audiveris.omr.CLI$ProcessingTask.processBook(CLI.java:785)
	at org.audiveris.omr.CLI$CliTask.call(CLI.java:344)
	at org.audiveris.omr.Main.runBatchTasks(Main.java:316)
	at org.audiveris.omr.Main.main(Main.java:155)
	at Audiveris.main(Audiveris.java:49)
2017-10-06 15:01:04,073 INFO [91387248]        ScoreExporter.java:93   | Score 91387248.mvt2 exported to /Users/stephenn/Documents/workspace/nlsomr/xml_out/91386487/91387248/91387248.mvt2.mxl
2017-10-06 15:01:04,236 INFO [91387248]            BasicBook.java:1395 | Stored /book.xml
2017-10-06 15:01:04,236 INFO [91387248]            BasicBook.java:1355 | Book stored as /Users/stephenn/Documents/workspace/nlsomr/xml_out/91386487/91387248/91387248.omr
