2017-10-06 14:47:17,381 INFO [91387068]            BasicBook.java:427  | 1 sheet in /Users/stephenn/Documents/workspace/nlsomr/working/91387068.jpg
2017-10-06 14:47:17,515 INFO []            BasicBook.java:1395 | Stored /book.xml
2017-10-06 14:47:17,516 INFO []            BasicBook.java:1355 | Book stored as /Users/stephenn/Documents/workspace/nlsomr/xml_out/91386487/91387068/91387068.omr
2017-10-06 14:47:17,520 INFO []            BasicBook.java:996  | Book reaching PAGE on sheets:[#1]
2017-10-06 14:47:17,522 INFO [91387068]       StepMonitoring.java:96   | LOAD
2017-10-06 14:47:17,663 INFO [91387068]            BasicBook.java:911  | Loaded image 1 2000x3056 from /Users/stephenn/Documents/workspace/nlsomr/working/91387068.jpg
2017-10-06 14:47:17,671 INFO [91387068]            ImageUtil.java:82   | Converting max RGB to gray ...
2017-10-06 14:47:17,908 INFO [91387068]            BasicBook.java:1395 | Stored /book.xml
2017-10-06 14:47:18,199 INFO [91387068]           BasicSheet.java:979  | Stored /sheet#1/sheet#1.xml
2017-10-06 14:47:18,201 INFO [91387068]       StepMonitoring.java:96   | BINARY
2017-10-06 14:47:18,789 INFO [91387068]            BasicBook.java:1395 | Stored /book.xml
2017-10-06 14:47:19,109 INFO [91387068]              Picture.java:786  | Stored /sheet#1/BINARY.xml
2017-10-06 14:47:19,110 INFO [91387068]           BasicSheet.java:979  | Stored /sheet#1/sheet#1.xml
2017-10-06 14:47:19,112 INFO [91387068]       StepMonitoring.java:96   | SCALE
2017-10-06 14:47:19,150 INFO [91387068]            ScaleStep.java:87   | Scale{line(3,4,5) interline(16,16,17) beam(13)}
2017-10-06 14:47:19,152 INFO [91387068]            BasicBook.java:1395 | Stored /book.xml
2017-10-06 14:47:19,154 INFO [91387068]           BasicSheet.java:979  | Stored /sheet#1/sheet#1.xml
2017-10-06 14:47:19,156 INFO [91387068]       StepMonitoring.java:96   | GRID
2017-10-06 14:47:20,062 INFO [91387068]       LinesRetriever.java:442  | Global slope: -0.00157
2017-10-06 14:47:20,141 INFO [91387068]    ClustersRetriever.java:241  | Retrieved line clusters: 12 of size: 5 with interline: (16,16,17)
2017-10-06 14:47:20,583 INFO [91387068]            PeakGraph.java:181  | Systems: #1[1, 2] #2[3, 4] #3[5, 6] #4[7, 8] #5[9, 10] #6[11, 12]
2017-10-06 14:47:21,463 INFO [91387068]        SystemManager.java:626  | Indentation detected for system#3
2017-10-06 14:47:21,463 INFO [91387068]        SystemManager.java:671  | 2 pages found in sheet
2017-10-06 14:47:21,463 INFO [91387068]        SystemManager.java:709  | Page #1: 1 part along 2 systems
2017-10-06 14:47:21,464 INFO [91387068]        SystemManager.java:709  | Page #2: 1 part along 4 systems
2017-10-06 14:47:21,467 INFO [91387068]            BasicBook.java:1395 | Stored /book.xml
2017-10-06 14:47:21,683 INFO [91387068]           BasicSheet.java:979  | Stored /sheet#1/sheet#1.xml
2017-10-06 14:47:21,686 INFO [91387068]       StepMonitoring.java:96   | HEADERS
2017-10-06 14:47:22,056 INFO []          Nd4jBackend.java:194  | Loaded [CpuBackend] backend
2017-10-06 14:47:22,113 INFO []      NativeOpsHolder.java:49   | Number of threads used for NativeOps: 2
2017-10-06 14:47:22,522 INFO [] DefaultOpExecutioner.java:544  | Backend used: [CPU]; OS: [Mac OS X]
2017-10-06 14:47:22,522 INFO [] DefaultOpExecutioner.java:545  | Cores: [4]; Memory: [3.6GB];
2017-10-06 14:47:22,523 INFO [] DefaultOpExecutioner.java:546  | Blas vendor: [OPENBLAS]
2017-10-06 14:47:22,561 INFO []   AbstractClassifier.java:332  | Classifier data loaded from default uri jar:file:/Users/stephenn/Documents/workspace/audiveris/build/distributions/Audiveris/lib/audiveris.jar!/res/basic-classifier.zip
2017-10-06 14:47:24,314 WARN [91387068]          ClefBuilder.java:560  | Staff#4 no header clef.
2017-10-06 14:47:24,501 WARN [91387068]          ClefBuilder.java:560  | Staff#6 no header clef.
2017-10-06 14:47:24,663 WARN [91387068]          ClefBuilder.java:560  | Staff#8 no header clef.
2017-10-06 14:47:24,808 WARN [91387068]          ClefBuilder.java:560  | Staff#10 no header clef.
2017-10-06 14:47:24,920 INFO [91387068]            BasicBook.java:1395 | Stored /book.xml
2017-10-06 14:47:25,218 INFO [91387068]           BasicSheet.java:979  | Stored /sheet#1/sheet#1.xml
2017-10-06 14:47:25,220 INFO [91387068]       StepMonitoring.java:96   | STEM_SEEDS
2017-10-06 14:47:25,335 INFO [91387068]        StemSeedsStep.java:91   | stem(4 max:5)
2017-10-06 14:47:25,450 INFO [91387068]            BasicBook.java:1395 | Stored /book.xml
2017-10-06 14:47:25,632 INFO []   AbstractClassifier.java:332  | Classifier data loaded from default uri jar:file:/Users/stephenn/Documents/workspace/audiveris/build/distributions/Audiveris/lib/audiveris.jar!/res/deep-classifier.zip
2017-10-06 14:47:25,774 INFO [91387068]           BasicSheet.java:979  | Stored /sheet#1/sheet#1.xml
2017-10-06 14:47:25,776 INFO [91387068]       StepMonitoring.java:96   | BEAMS
2017-10-06 14:47:30,613 INFO [91387068]            BeamsStep.java:89   | BeamDistance{count:3 mean:14.71 stdDev:0.95}
2017-10-06 14:47:30,616 INFO [91387068]            BasicBook.java:1395 | Stored /book.xml
2017-10-06 14:47:30,664 INFO [91387068]              Picture.java:786  | Stored /sheet#1/HEAD_SPOTS.xml
2017-10-06 14:47:30,981 INFO [91387068]           BasicSheet.java:979  | Stored /sheet#1/sheet#1.xml
2017-10-06 14:47:30,985 INFO [91387068]       StepMonitoring.java:96   | LEDGERS
2017-10-06 14:47:31,495 INFO [91387068]            BasicBook.java:1395 | Stored /book.xml
2017-10-06 14:47:31,850 INFO [91387068]           BasicSheet.java:979  | Stored /sheet#1/sheet#1.xml
2017-10-06 14:47:31,852 INFO [91387068]       StepMonitoring.java:96   | HEADS
2017-10-06 14:47:34,313 INFO [91387068]            BasicBook.java:1395 | Stored /book.xml
2017-10-06 14:47:35,096 INFO [91387068]           BasicSheet.java:979  | Stored /sheet#1/sheet#1.xml
2017-10-06 14:47:35,099 INFO [91387068]       StepMonitoring.java:96   | STEMS
2017-10-06 14:47:36,618 INFO [91387068]            BasicBook.java:1395 | Stored /book.xml
2017-10-06 14:47:37,478 INFO [91387068]           BasicSheet.java:979  | Stored /sheet#1/sheet#1.xml
2017-10-06 14:47:37,480 INFO [91387068]       StepMonitoring.java:96   | REDUCTION
2017-10-06 14:47:37,785 INFO [91387068]            BasicBook.java:1395 | Stored /book.xml
2017-10-06 14:47:38,453 INFO [91387068]           BasicSheet.java:979  | Stored /sheet#1/sheet#1.xml
2017-10-06 14:47:38,455 INFO [91387068]       StepMonitoring.java:96   | CUE_BEAMS
2017-10-06 14:47:38,459 INFO [91387068]            BasicBook.java:1395 | Stored /book.xml
2017-10-06 14:47:39,088 INFO [91387068]           BasicSheet.java:979  | Stored /sheet#1/sheet#1.xml
2017-10-06 14:47:39,091 INFO [91387068]       StepMonitoring.java:96   | TEXTS
2017-10-06 14:47:40,549 INFO [91387068]            BasicBook.java:1395 | Stored /book.xml
2017-10-06 14:47:41,202 INFO [91387068]           BasicSheet.java:979  | Stored /sheet#1/sheet#1.xml
2017-10-06 14:47:41,204 INFO [91387068]       StepMonitoring.java:96   | MEASURES
2017-10-06 14:47:41,208 INFO [91387068]      MeasuresBuilder.java:316  | S4 partial barline column: s7:G(x:1338,y:1592)[#161]
2017-10-06 14:47:41,209 INFO [91387068]      MeasuresBuilder.java:328  | S4 deleting   half column: s7:G(x:1338,y:1592)[#161]
2017-10-06 14:47:41,210 INFO [91387068]                 Page.java:210  | 9 raw measures: [5 in system#1, 4 in system#2]
2017-10-06 14:47:41,211 INFO [91387068]                 Page.java:210  | 17 raw measures: [5 in system#3, 4 in system#4, 4 in system#5, 4 in system#6]
2017-10-06 14:47:41,212 INFO [91387068]            BasicBook.java:1395 | Stored /book.xml
2017-10-06 14:47:41,842 INFO [91387068]           BasicSheet.java:979  | Stored /sheet#1/sheet#1.xml
2017-10-06 14:47:41,844 INFO [91387068]       StepMonitoring.java:96   | CHORDS
2017-10-06 14:47:41,856 INFO [91387068]            BasicBook.java:1395 | Stored /book.xml
2017-10-06 14:47:42,513 INFO [91387068]           BasicSheet.java:979  | Stored /sheet#1/sheet#1.xml
2017-10-06 14:47:42,515 INFO [91387068]       StepMonitoring.java:96   | CURVES
2017-10-06 14:47:43,865 INFO [91387068]         SlursBuilder.java:157  | Slurs: 33
2017-10-06 14:47:43,926 INFO [91387068]      SegmentsBuilder.java:113  | Segments: 33
2017-10-06 14:47:43,934 INFO [91387068]            BasicBook.java:1395 | Stored /book.xml
2017-10-06 14:47:44,872 INFO [91387068]           BasicSheet.java:979  | Stored /sheet#1/sheet#1.xml
2017-10-06 14:47:44,874 INFO [91387068]       StepMonitoring.java:96   | SYMBOLS
2017-10-06 14:47:47,519 INFO [91387068]       SymbolsBuilder.java:340  | Symbol parts shrunk from 8 to 7
2017-10-06 14:47:47,971 INFO [91387068]            BasicBook.java:1395 | Stored /book.xml
2017-10-06 14:47:49,284 INFO [91387068]           BasicSheet.java:979  | Stored /sheet#1/sheet#1.xml
2017-10-06 14:47:49,287 INFO [91387068]       StepMonitoring.java:96   | LINKS
2017-10-06 14:47:49,375 INFO [91387068]            BasicBook.java:1395 | Stored /book.xml
2017-10-06 14:47:51,192 INFO [91387068]           BasicSheet.java:979  | Stored /sheet#1/sheet#1.xml
2017-10-06 14:47:51,196 INFO [91387068]       StepMonitoring.java:96   | RHYTHMS
2017-10-06 14:47:51,237 INFO [91387068]           PageRhythm.java:314  | Range{1-9} Durations avgGuess:1 topGuess:1 avgValue:1.02 stacks:9 voices:19 Histogram{1/8-11/8 size:6 [1/8=1 3/4=3 1=10 9/8=2 5/4=2 11/8=1]}
2017-10-06 14:47:51,238 INFO [91387068]           PageRhythm.java:221  | S1 Range{1-9 dur:1} should update to 1-based time sig?
2017-10-06 14:47:51,242 INFO [91387068]                Voice.java:257  | S1 MeasureStack#2 Voice #1 too long 3/8
2017-10-06 14:47:51,243 INFO [91387068]                Voice.java:257  | S1 MeasureStack#2 Voice #2 too long 1/8
2017-10-06 14:47:51,243 INFO [91387068]           StackTuner.java:92   | S1 MeasureStack#2 no correct rhythm
2017-10-06 14:47:51,248 INFO [91387068]                Voice.java:257  | S1 MeasureStack#3 Voice #1 too long 1/8
2017-10-06 14:47:51,249 INFO [91387068]           StackTuner.java:92   | S1 MeasureStack#3 no correct rhythm
2017-10-06 14:47:51,260 INFO [91387068]                Voice.java:257  | S2 MeasureStack#7 Voice #1 too long 1/4
2017-10-06 14:47:51,260 INFO [91387068]           StackTuner.java:92   | S2 MeasureStack#7 no correct rhythm
2017-10-06 14:47:51,263 INFO [91387068]                Voice.java:257  | S2 MeasureStack#8 Voice #1 too long 1/4
2017-10-06 14:47:51,263 INFO [91387068]           StackTuner.java:92   | S2 MeasureStack#8 no correct rhythm
2017-10-06 14:47:51,314 INFO [91387068]           PageRhythm.java:314  | Range{1-17} Durations avgGuess:1 topGuess:1 avgValue:0.94 stacks:17 voices:42 Histogram{3/8-5/4 size:6 [3/8=1 1/2=6 3/4=2 1=28 9/8=1 5/4=4]}
2017-10-06 14:47:51,315 INFO [91387068]           PageRhythm.java:221  | S3 Range{1-17 dur:1} should update to 1-based time sig?
2017-10-06 14:47:51,316 INFO [91387068]                Voice.java:257  | S3 MeasureStack#1 Voice #1 too long 1/4
2017-10-06 14:47:51,317 INFO [91387068]                Voice.java:257  | S3 MeasureStack#1 Voice #2 too long 1/8
2017-10-06 14:47:51,317 INFO [91387068]           StackTuner.java:92   | S3 MeasureStack#1 no correct rhythm
2017-10-06 14:47:51,320 INFO [91387068]                Voice.java:257  | S3 MeasureStack#3 Voice #1 too long 1/4
2017-10-06 14:47:51,321 INFO [91387068]           StackTuner.java:92   | S3 MeasureStack#3 no correct rhythm
2017-10-06 14:47:51,330 INFO [91387068]         SlotsBuilder.java:427  | S4 MeasureStack#6 Slot{#3 xOffset=203 timeOffset=3/8 incomings=[#4674] SUSPICIOUS}
2017-10-06 14:47:51,331 INFO [91387068]         SlotsBuilder.java:427  | S4 MeasureStack#6 Slot{#5 xOffset=293 timeOffset=5/8 incomings=[#4675] SUSPICIOUS}
2017-10-06 14:47:51,347 INFO [91387068]         SlotsBuilder.java:427  | S4 MeasureStack#6 Slot{#7 xOffset=380 timeOffset=7/8 incomings=[#4676] SUSPICIOUS}
2017-10-06 14:47:51,348 INFO [91387068]                Voice.java:257  | S4 MeasureStack#6 Voice #1 too long 1/8
2017-10-06 14:47:51,348 INFO [91387068]           StackTuner.java:92   | S4 MeasureStack#6 no correct rhythm
2017-10-06 14:47:51,361 INFO [91387068]                Voice.java:257  | S5 MeasureStack#13 Voice #2 too long 1/4
2017-10-06 14:47:51,361 INFO [91387068]           StackTuner.java:92   | S5 MeasureStack#13 no correct rhythm
2017-10-06 14:47:51,364 INFO [91387068]                Voice.java:257  | S6 MeasureStack#15 Voice #1 too long 1/4
2017-10-06 14:47:51,365 INFO [91387068]           StackTuner.java:92   | S6 MeasureStack#15 no correct rhythm
2017-10-06 14:47:51,382 INFO [91387068]            BasicBook.java:1395 | Stored /book.xml
2017-10-06 14:47:53,387 INFO [91387068]           BasicSheet.java:979  | Stored /sheet#1/sheet#1.xml
2017-10-06 14:47:53,389 INFO [91387068]       StepMonitoring.java:96   | PAGE
2017-10-06 14:47:53,393 INFO [91387068]                Voice.java:257  | S1 MeasureStack#2 Voice #1 too long 3/8
2017-10-06 14:47:53,394 INFO [91387068]                Voice.java:257  | S1 MeasureStack#2 Voice #2 too long 1/8
2017-10-06 14:47:53,394 INFO [91387068]                Voice.java:257  | S1 MeasureStack#3 Voice #1 too long 1/8
2017-10-06 14:47:53,394 INFO [91387068]                Voice.java:257  | S2 MeasureStack#7 Voice #1 too long 1/4
2017-10-06 14:47:53,395 INFO [91387068]                Voice.java:257  | S2 MeasureStack#8 Voice #1 too long 1/4
2017-10-06 14:47:53,395 INFO [91387068]                 Part.java:267  | Could not left-connect slur#4787
2017-10-06 14:47:53,396 INFO [91387068]                Voice.java:257  | S3 MeasureStack#1 Voice #1 too long 1/4
2017-10-06 14:47:53,396 INFO [91387068]                Voice.java:257  | S3 MeasureStack#1 Voice #2 too long 1/8
2017-10-06 14:47:53,396 INFO [91387068]                Voice.java:257  | S3 MeasureStack#3 Voice #1 too long 1/4
2017-10-06 14:47:53,396 INFO [91387068]                Voice.java:257  | S4 MeasureStack#6 Voice #1 too long 1/8
2017-10-06 14:47:53,397 INFO [91387068]                Voice.java:257  | S5 MeasureStack#13 Voice #2 too long 1/4
2017-10-06 14:47:53,397 INFO [91387068]                Voice.java:257  | S6 MeasureStack#15 Voice #1 too long 1/4
2017-10-06 14:47:53,398 INFO [91387068]            BasicBook.java:1395 | Stored /book.xml
2017-10-06 14:47:55,714 INFO [91387068]           BasicSheet.java:979  | Stored /sheet#1/sheet#1.xml
2017-10-06 14:47:55,717 INFO [91387068]            BasicStub.java:723  | Sheet{91387068} disposed
2017-10-06 14:47:58,319 INFO [91387068]            BasicStub.java:449  | Loaded /sheet#1/sheet#1.xml
2017-10-06 14:47:58,323 INFO [91387068]            BasicBook.java:1133 | Scores built: 2
2017-10-06 14:48:01,344 WARN [91387068]      PartwiseBuilder.java:1379 | Error visiting null
java.lang.NullPointerException: null
	at org.audiveris.omr.score.PartwiseBuilder.processKey(PartwiseBuilder.java:1344)
	at org.audiveris.omr.score.PartwiseBuilder.processKeys(PartwiseBuilder.java:1407)
	at org.audiveris.omr.score.PartwiseBuilder.processMeasure(PartwiseBuilder.java:1575)
	at org.audiveris.omr.score.PartwiseBuilder.processPart(PartwiseBuilder.java:1988)
	at org.audiveris.omr.score.PartwiseBuilder.processSystem(PartwiseBuilder.java:2528)
	at org.audiveris.omr.score.PartwiseBuilder.processLogicalPart(PartwiseBuilder.java:1433)
	at org.audiveris.omr.score.PartwiseBuilder.processStub(PartwiseBuilder.java:2483)
	at org.audiveris.omr.score.PartwiseBuilder.processPartList(PartwiseBuilder.java:2017)
	at org.audiveris.omr.score.PartwiseBuilder.processScore(PartwiseBuilder.java:2195)
	at org.audiveris.omr.score.PartwiseBuilder.build(PartwiseBuilder.java:307)
	at org.audiveris.omr.score.ScoreExporter.export(ScoreExporter.java:117)
	at org.audiveris.omr.score.ScoreExporter.export(ScoreExporter.java:91)
	at org.audiveris.omr.sheet.BasicBook.export(BasicBook.java:589)
	at org.audiveris.omr.CLI$ProcessingTask.processBook(CLI.java:785)
	at org.audiveris.omr.CLI$CliTask.call(CLI.java:344)
	at org.audiveris.omr.Main.runBatchTasks(Main.java:316)
	at org.audiveris.omr.Main.main(Main.java:155)
	at Audiveris.main(Audiveris.java:49)
2017-10-06 14:48:01,409 INFO [91387068]        ScoreExporter.java:93   | Score 91387068.mvt1 exported to /Users/stephenn/Documents/workspace/nlsomr/xml_out/91386487/91387068/91387068.mvt1.mxl
2017-10-06 14:48:01,473 INFO [91387068]        ScoreExporter.java:93   | Score 91387068.mvt2 exported to /Users/stephenn/Documents/workspace/nlsomr/xml_out/91386487/91387068/91387068.mvt2.mxl
2017-10-06 14:48:01,675 INFO [91387068]            BasicBook.java:1395 | Stored /book.xml
2017-10-06 14:48:01,675 INFO [91387068]            BasicBook.java:1355 | Book stored as /Users/stephenn/Documents/workspace/nlsomr/xml_out/91386487/91387068/91387068.omr
