2017-10-06 15:38:20,725 INFO [91387764]            BasicBook.java:427  | 1 sheet in /Users/stephenn/Documents/workspace/nlsomr/working/91387764.jpg
2017-10-06 15:38:20,886 INFO []            BasicBook.java:1395 | Stored /book.xml
2017-10-06 15:38:20,886 INFO []            BasicBook.java:1355 | Book stored as /Users/stephenn/Documents/workspace/nlsomr/xml_out/91386487/91387764/91387764.omr
2017-10-06 15:38:20,891 INFO []            BasicBook.java:996  | Book reaching PAGE on sheets:[#1]
2017-10-06 15:38:20,893 INFO [91387764]       StepMonitoring.java:96   | LOAD
2017-10-06 15:38:21,042 INFO [91387764]            BasicBook.java:911  | Loaded image 1 2000x3056 from /Users/stephenn/Documents/workspace/nlsomr/working/91387764.jpg
2017-10-06 15:38:21,046 INFO [91387764]            ImageUtil.java:82   | Converting max RGB to gray ...
2017-10-06 15:38:21,292 INFO [91387764]            BasicBook.java:1395 | Stored /book.xml
2017-10-06 15:38:21,618 INFO [91387764]           BasicSheet.java:979  | Stored /sheet#1/sheet#1.xml
2017-10-06 15:38:21,620 INFO [91387764]       StepMonitoring.java:96   | BINARY
2017-10-06 15:38:22,260 INFO [91387764]            BasicBook.java:1395 | Stored /book.xml
2017-10-06 15:38:22,551 INFO [91387764]              Picture.java:786  | Stored /sheet#1/BINARY.xml
2017-10-06 15:38:22,552 INFO [91387764]           BasicSheet.java:979  | Stored /sheet#1/sheet#1.xml
2017-10-06 15:38:22,554 INFO [91387764]       StepMonitoring.java:96   | SCALE
2017-10-06 15:38:22,594 INFO [91387764]         ScaleBuilder.java:229  | No beam key found, guessed value 10
2017-10-06 15:38:22,594 INFO [91387764]            ScaleStep.java:87   | Scale{line(4,5,6) interline(16,16,17) beam(10 extra)}
2017-10-06 15:38:22,597 INFO [91387764]            BasicBook.java:1395 | Stored /book.xml
2017-10-06 15:38:22,603 INFO [91387764]           BasicSheet.java:979  | Stored /sheet#1/sheet#1.xml
2017-10-06 15:38:22,609 INFO [91387764]       StepMonitoring.java:96   | GRID
2017-10-06 15:38:23,545 INFO [91387764]       LinesRetriever.java:442  | Global slope: -0.00033
2017-10-06 15:38:23,631 INFO [91387764]    ClustersRetriever.java:241  | Retrieved line clusters: 10 of size: 5 with interline: (16,16,17)
2017-10-06 15:38:24,327 INFO [91387764]            PeakGraph.java:181  | Systems: #1[1, 2] #2[3, 4] #3[5, 6] #4[7, 8] #5[9, 10]
2017-10-06 15:38:25,424 INFO [91387764]        SystemManager.java:626  | Indentation detected for system#4
2017-10-06 15:38:25,425 INFO [91387764]        SystemManager.java:671  | 2 pages found in sheet
2017-10-06 15:38:25,426 INFO [91387764]        SystemManager.java:709  | Page #1: 1 part along 3 systems
2017-10-06 15:38:25,426 INFO [91387764]        SystemManager.java:709  | Page #2: 1 part along 2 systems
2017-10-06 15:38:25,431 INFO [91387764]            BasicBook.java:1395 | Stored /book.xml
2017-10-06 15:38:25,665 INFO [91387764]           BasicSheet.java:979  | Stored /sheet#1/sheet#1.xml
2017-10-06 15:38:25,668 INFO [91387764]       StepMonitoring.java:96   | HEADERS
2017-10-06 15:38:26,069 INFO []          Nd4jBackend.java:194  | Loaded [CpuBackend] backend
2017-10-06 15:38:26,133 INFO []      NativeOpsHolder.java:49   | Number of threads used for NativeOps: 2
2017-10-06 15:38:26,598 INFO [] DefaultOpExecutioner.java:544  | Backend used: [CPU]; OS: [Mac OS X]
2017-10-06 15:38:26,602 INFO [] DefaultOpExecutioner.java:545  | Cores: [4]; Memory: [3.6GB];
2017-10-06 15:38:26,602 INFO [] DefaultOpExecutioner.java:546  | Blas vendor: [OPENBLAS]
2017-10-06 15:38:26,649 INFO []   AbstractClassifier.java:332  | Classifier data loaded from default uri jar:file:/Users/stephenn/Documents/workspace/audiveris/build/distributions/Audiveris/lib/audiveris.jar!/res/basic-classifier.zip
2017-10-06 15:38:28,180 WARN [91387764]          ClefBuilder.java:560  | Staff#2 no header clef.
2017-10-06 15:38:29,320 WARN [91387764]          ClefBuilder.java:560  | Staff#8 no header clef.
2017-10-06 15:38:29,652 INFO [91387764]            BasicBook.java:1395 | Stored /book.xml
2017-10-06 15:38:29,996 INFO [91387764]           BasicSheet.java:979  | Stored /sheet#1/sheet#1.xml
2017-10-06 15:38:30,003 INFO [91387764]       StepMonitoring.java:96   | STEM_SEEDS
2017-10-06 15:38:30,133 INFO [91387764]        StemSeedsStep.java:91   | stem(4 max:5)
2017-10-06 15:38:30,179 INFO []   AbstractClassifier.java:332  | Classifier data loaded from default uri jar:file:/Users/stephenn/Documents/workspace/audiveris/build/distributions/Audiveris/lib/audiveris.jar!/res/deep-classifier.zip
2017-10-06 15:38:30,271 INFO [91387764]            BasicBook.java:1395 | Stored /book.xml
2017-10-06 15:38:30,773 INFO [91387764]           BasicSheet.java:979  | Stored /sheet#1/sheet#1.xml
2017-10-06 15:38:30,775 INFO [91387764]       StepMonitoring.java:96   | BEAMS
2017-10-06 15:38:34,243 INFO [91387764]            BeamsStep.java:89   | BeamDistance{count:25 mean:15.01 stdDev:0.51}
2017-10-06 15:38:34,246 INFO [91387764]            BasicBook.java:1395 | Stored /book.xml
2017-10-06 15:38:34,323 INFO [91387764]              Picture.java:786  | Stored /sheet#1/HEAD_SPOTS.xml
2017-10-06 15:38:34,760 INFO [91387764]           BasicSheet.java:979  | Stored /sheet#1/sheet#1.xml
2017-10-06 15:38:34,764 INFO [91387764]       StepMonitoring.java:96   | LEDGERS
2017-10-06 15:38:35,782 INFO [91387764]            BasicBook.java:1395 | Stored /book.xml
2017-10-06 15:38:36,068 INFO [91387764]           BasicSheet.java:979  | Stored /sheet#1/sheet#1.xml
2017-10-06 15:38:36,072 INFO [91387764]       StepMonitoring.java:96   | HEADS
2017-10-06 15:38:38,794 INFO [91387764]            BasicBook.java:1395 | Stored /book.xml
2017-10-06 15:38:39,855 INFO [91387764]           BasicSheet.java:979  | Stored /sheet#1/sheet#1.xml
2017-10-06 15:38:39,858 INFO [91387764]       StepMonitoring.java:96   | STEMS
2017-10-06 15:38:43,985 INFO [91387764]            BasicBook.java:1395 | Stored /book.xml
2017-10-06 15:38:45,406 INFO [91387764]           BasicSheet.java:979  | Stored /sheet#1/sheet#1.xml
2017-10-06 15:38:45,409 INFO [91387764]       StepMonitoring.java:96   | REDUCTION
2017-10-06 15:38:46,523 INFO [91387764]            BasicBook.java:1395 | Stored /book.xml
2017-10-06 15:38:47,359 INFO [91387764]           BasicSheet.java:979  | Stored /sheet#1/sheet#1.xml
2017-10-06 15:38:47,362 INFO [91387764]       StepMonitoring.java:96   | CUE_BEAMS
2017-10-06 15:38:47,370 INFO [91387764]            BasicBook.java:1395 | Stored /book.xml
2017-10-06 15:38:48,250 INFO [91387764]           BasicSheet.java:979  | Stored /sheet#1/sheet#1.xml
2017-10-06 15:38:48,252 INFO [91387764]       StepMonitoring.java:96   | TEXTS
2017-10-06 15:38:50,848 INFO [91387764]            BasicBook.java:1395 | Stored /book.xml
2017-10-06 15:38:51,438 INFO [91387764]           BasicSheet.java:979  | Stored /sheet#1/sheet#1.xml
2017-10-06 15:38:51,441 INFO [91387764]       StepMonitoring.java:96   | MEASURES
2017-10-06 15:38:51,445 INFO [91387764]                 Page.java:210  | 14 raw measures: [5 in system#1, 5 in system#2, 4 in system#3]
2017-10-06 15:38:51,445 INFO [91387764]                 Page.java:210  | 9 raw measures: [5 in system#4, 4 in system#5]
2017-10-06 15:38:51,447 INFO [91387764]            BasicBook.java:1395 | Stored /book.xml
2017-10-06 15:38:52,026 INFO [91387764]           BasicSheet.java:979  | Stored /sheet#1/sheet#1.xml
2017-10-06 15:38:52,028 INFO [91387764]       StepMonitoring.java:96   | CHORDS
2017-10-06 15:38:52,041 INFO [91387764]            BasicBook.java:1395 | Stored /book.xml
2017-10-06 15:38:52,647 INFO [91387764]           BasicSheet.java:979  | Stored /sheet#1/sheet#1.xml
2017-10-06 15:38:52,649 INFO [91387764]       StepMonitoring.java:96   | CURVES
2017-10-06 15:38:54,132 INFO [91387764]         SlursBuilder.java:762  | RIGHT collision SlurInter{#6968(0.574)} & SlurInter{#7051(0.330)} @ HeadInter{#2497(0.569/0.766) e#6724 s:1 p:6.00 NOTEHEAD_BLACK}
2017-10-06 15:38:54,133 INFO [91387764]         SlursBuilder.java:762  | RIGHT collision SlurInter{#7051(0.330)} & SlurInter{#6968(0.574)} @ HeadInter{#2497(0.569/0.766) e#6724 s:1 p:6.00 NOTEHEAD_BLACK}
2017-10-06 15:38:54,134 INFO [91387764]         SlursBuilder.java:762  | LEFT collision SlurInter{#6977(0.686)} & SlurInter{#7021(0.302)} @ HeadInter{#3635(0.593/0.743) e#6769 s:3 p:2.00 NOTEHEAD_BLACK}
2017-10-06 15:38:54,134 INFO [91387764]         SlursBuilder.java:762  | RIGHT collision SlurInter{#6977(0.686)} & SlurInter{#7021(0.302)} @ HeadInter{#3451(0.587/0.780) e#6771 s:3 p:2.00 NOTEHEAD_BLACK}
2017-10-06 15:38:54,135 INFO [91387764]         SlursBuilder.java:762  | LEFT collision SlurInter{#7021(0.302)} & SlurInter{#6977(0.686)} @ HeadInter{#3635(0.593/0.743) e#6769 s:3 p:2.00 NOTEHEAD_BLACK}
2017-10-06 15:38:54,137 INFO [91387764]         SlursBuilder.java:762  | RIGHT collision SlurInter{#7021(0.302)} & SlurInter{#6977(0.686)} @ HeadInter{#3451(0.587/0.780) e#6771 s:3 p:2.00 NOTEHEAD_BLACK}
2017-10-06 15:38:54,138 INFO [91387764]         SlursBuilder.java:157  | Slurs: 27
2017-10-06 15:38:54,161 INFO [91387764]      SegmentsBuilder.java:113  | Segments: 13
2017-10-06 15:38:54,167 INFO [91387764]            BasicBook.java:1395 | Stored /book.xml
2017-10-06 15:38:54,949 INFO [91387764]           BasicSheet.java:979  | Stored /sheet#1/sheet#1.xml
2017-10-06 15:38:54,951 INFO [91387764]       StepMonitoring.java:96   | SYMBOLS
2017-10-06 15:38:57,337 INFO [91387764]       SymbolsBuilder.java:340  | Symbol parts shrunk from 8 to 7
2017-10-06 15:38:58,772 INFO [91387764]            BasicBook.java:1395 | Stored /book.xml
2017-10-06 15:38:59,810 INFO [91387764]           BasicSheet.java:979  | Stored /sheet#1/sheet#1.xml
2017-10-06 15:38:59,813 INFO [91387764]       StepMonitoring.java:96   | LINKS
2017-10-06 15:38:59,839 INFO [91387764]        SymbolsLinker.java:323  | No chord above direction SentenceInter{#6629(0.649) s:4 BIS-36 Direction} a tempo
2017-10-06 15:38:59,859 INFO [91387764]        SymbolsLinker.java:306  | No measure stack for direction SentenceInter{#6693(0.638) s:7 BS-40 Direction} J :66.
2017-10-06 15:38:59,877 INFO [91387764]            BasicBook.java:1395 | Stored /book.xml
2017-10-06 15:39:00,941 INFO [91387764]           BasicSheet.java:979  | Stored /sheet#1/sheet#1.xml
2017-10-06 15:39:00,943 INFO [91387764]       StepMonitoring.java:96   | RHYTHMS
2017-10-06 15:39:00,956 INFO [91387764]         SlotsBuilder.java:434  | Stack#1 endless loop detected
2017-10-06 15:39:00,961 INFO [91387764]         SlotsBuilder.java:399  | Stack#2 suspicious Slot{#6 xOffset=223 timeOffset=1/2 incomings=[#6722]}
2017-10-06 15:39:00,967 INFO [91387764]         SlotsBuilder.java:399  | Stack#4 suspicious Slot{#2 xOffset=81 timeOffset=1/8 incomings=[#6738#6764]}
2017-10-06 15:39:00,969 INFO [91387764]         SlotsBuilder.java:434  | Stack#7 endless loop detected
2017-10-06 15:39:00,971 INFO [91387764]         SlotsBuilder.java:434  | Stack#8 endless loop detected
2017-10-06 15:39:00,980 INFO [91387764]         SlotsBuilder.java:399  | Stack#11 suspicious Slot{#2 xOffset=233 timeOffset=1/8 incomings=[#6867]}
2017-10-06 15:39:00,982 INFO [91387764]         SlotsBuilder.java:399  | Stack#12 suspicious Slot{#2 xOffset=100 timeOffset=1/8 incomings=[#6877]}
2017-10-06 15:39:00,984 INFO [91387764]         SlotsBuilder.java:399  | Stack#13 suspicious Slot{#2 xOffset=114 timeOffset=1/8 incomings=[#6853]}
2017-10-06 15:39:00,989 INFO [91387764]           PageRhythm.java:314  | Range{1-14} Durations avgGuess:3/4 topGuess:1/4 avgValue:0.66 stacks:14 voices:38 Histogram{1/8-3/4 size:9 [1/8=6 3/16=1 1/4=13 3/8=2 1/2=2 9/16=1 5/8=4 11/16=4 3/4=5]}
2017-10-06 15:39:00,990 INFO [91387764]           PageRhythm.java:221  | S1 Range{1-14 dur:3/4} should update to 3/4-based time sig?
2017-10-06 15:39:00,992 INFO [91387764]         SlotsBuilder.java:434  | Stack#1 endless loop detected
2017-10-06 15:39:00,994 INFO [91387764]         SlotsBuilder.java:427  | S1 MeasureStack#2 Slot{#8 xOffset=260 timeOffset=5/8 incomings=[#6723] SUSPICIOUS}
2017-10-06 15:39:00,995 INFO [91387764]         SlotsBuilder.java:427  | S1 MeasureStack#2 Slot{#10 xOffset=301 timeOffset=7/8 incomings=[#6724] SUSPICIOUS}
2017-10-06 15:39:00,996 INFO [91387764]                Voice.java:257  | S1 MeasureStack#2 Voice #1 too long 3/8
2017-10-06 15:39:00,996 INFO [91387764]           StackTuner.java:92   | S1 MeasureStack#2 no correct rhythm
2017-10-06 15:39:01,002 INFO [91387764]         SlotsBuilder.java:427  | S1 MeasureStack#3 Slot{#8 xOffset=272 timeOffset=3/4 incomings=[#6735] SUSPICIOUS}
2017-10-06 15:39:01,003 INFO [91387764]                Voice.java:257  | S1 MeasureStack#3 Voice #2 too long 1/4
2017-10-06 15:39:01,003 INFO [91387764]           StackTuner.java:92   | S1 MeasureStack#3 no correct rhythm
2017-10-06 15:39:01,005 INFO [91387764]         SlotsBuilder.java:427  | S1 MeasureStack#4 Slot{#5 xOffset=144 timeOffset=1/4 incomings=[#6765] SUSPICIOUS}
2017-10-06 15:39:01,006 INFO [91387764]         SlotsBuilder.java:434  | Stack#4 endless loop detected
2017-10-06 15:39:01,008 INFO [91387764]         SlotsBuilder.java:434  | Stack#7 endless loop detected
2017-10-06 15:39:01,010 INFO [91387764]         SlotsBuilder.java:434  | Stack#8 endless loop detected
2017-10-06 15:39:01,013 INFO [91387764]         SlotsBuilder.java:427  | S2 MeasureStack#9 Slot{#7 xOffset=243 timeOffset=11/16 incomings=[#6824] SUSPICIOUS}
2017-10-06 15:39:01,014 INFO [91387764]                Voice.java:257  | S2 MeasureStack#9 Voice #3 too long 1/16
2017-10-06 15:39:01,014 INFO [91387764]           StackTuner.java:92   | S2 MeasureStack#9 no correct rhythm
2017-10-06 15:39:01,017 INFO [91387764]         SlotsBuilder.java:427  | S2 MeasureStack#10 Slot{#8 xOffset=273 timeOffset=11/16 incomings=[#6830] SUSPICIOUS}
2017-10-06 15:39:01,018 INFO [91387764]                Voice.java:257  | S2 MeasureStack#10 Voice #4 too long 1/16
2017-10-06 15:39:01,018 INFO [91387764]           StackTuner.java:92   | S2 MeasureStack#10 no correct rhythm
2017-10-06 15:39:01,021 INFO [91387764]         SlotsBuilder.java:427  | S3 MeasureStack#11 Slot{#5 xOffset=308 timeOffset=1/4 incomings=[#6835#6868#6870] SUSPICIOUS}
2017-10-06 15:39:01,022 INFO [91387764]         SlotsBuilder.java:427  | S3 MeasureStack#11 Slot{#7 xOffset=361 timeOffset=3/8 incomings=[#6871] SUSPICIOUS}
2017-10-06 15:39:01,023 INFO [91387764]         SlotsBuilder.java:427  | S3 MeasureStack#11 Slot{#10 xOffset=441 timeOffset=1/2 incomings=[#6872#6874] SUSPICIOUS}
2017-10-06 15:39:01,023 INFO [91387764]         SlotsBuilder.java:427  | S3 MeasureStack#11 Slot{#12 xOffset=489 timeOffset=5/8 incomings=[#6875] SUSPICIOUS}
2017-10-06 15:39:01,025 INFO [91387764]         SlotsBuilder.java:427  | S3 MeasureStack#12 Slot{#5 xOffset=178 timeOffset=1/4 incomings=[#6878] SUSPICIOUS}
2017-10-06 15:39:01,026 INFO [91387764]         SlotsBuilder.java:434  | Stack#12 endless loop detected
2017-10-06 15:39:01,027 INFO [91387764]                Voice.java:257  | S3 MeasureStack#12 Voice #1 too long 7/16
2017-10-06 15:39:01,027 INFO [91387764]                Voice.java:257  | S3 MeasureStack#12 Voice #2 too long 3/8
2017-10-06 15:39:01,027 INFO [91387764]                Voice.java:257  | S3 MeasureStack#12 Voice #3 too long 7/16
2017-10-06 15:39:01,028 INFO [91387764]           StackTuner.java:92   | S3 MeasureStack#12 no correct rhythm
2017-10-06 15:39:01,030 INFO [91387764]         SlotsBuilder.java:434  | Stack#13 endless loop detected
2017-10-06 15:39:01,034 INFO [91387764]       TupletsBuilder.java:199  | TupletInter{#8426(0.271/0.271) TUPLET_THREE} null sequence in TUPLET_THREE: 1/4 vs 3/8
2017-10-06 15:39:01,042 INFO [91387764]           PageRhythm.java:314  | Range{1-9 ts:4/4} Durations avgGuess:3/4 topGuess:1 avgValue:0.83 stacks:9 voices:19 Histogram{1/4-21/16 size:6 [1/4=1 1/2=4 9/16=1 3/4=4 1=8 21/16=1]}
2017-10-06 15:39:01,043 INFO [91387764]           PageRhythm.java:221  | S4 Range{1-9 ts:4/4 dur:3/4} should update to 3/4-based time sig?
2017-10-06 15:39:01,045 INFO [91387764]                Voice.java:257  | S4 MeasureStack#2 Voice #1 too long 9/16
2017-10-06 15:39:01,045 INFO [91387764]                Voice.java:257  | S4 MeasureStack#2 Voice #2 too long 1/4
2017-10-06 15:39:01,045 INFO [91387764]                Voice.java:257  | S4 MeasureStack#2 Voice #3 too long 1/4
2017-10-06 15:39:01,046 INFO [91387764]           StackTuner.java:92   | S4 MeasureStack#2 no correct rhythm
2017-10-06 15:39:01,048 INFO [91387764]                Voice.java:257  | S4 MeasureStack#4 Voice #1 too long 1/4
2017-10-06 15:39:01,048 INFO [91387764]                Voice.java:257  | S4 MeasureStack#4 Voice #2 too long 1/4
2017-10-06 15:39:01,051 INFO [91387764]           StackTuner.java:92   | S4 MeasureStack#4 no correct rhythm
2017-10-06 15:39:01,054 INFO [91387764]         SlotsBuilder.java:427  | S5 MeasureStack#6 Slot{#6 xOffset=408 timeOffset=9/16 incomings=[#6920] SUSPICIOUS}
2017-10-06 15:39:01,055 INFO [91387764]                Voice.java:257  | S5 MeasureStack#6 Voice #1 too long 5/16
2017-10-06 15:39:01,055 INFO [91387764]                Voice.java:257  | S5 MeasureStack#6 Voice #2 too long 1/4
2017-10-06 15:39:01,056 INFO [91387764]           StackTuner.java:92   | S5 MeasureStack#6 no correct rhythm
2017-10-06 15:39:01,058 INFO [91387764]                Voice.java:257  | S5 MeasureStack#8 Voice #1 too long 1/4
2017-10-06 15:39:01,058 INFO [91387764]                Voice.java:257  | S5 MeasureStack#8 Voice #2 too long 1/4
2017-10-06 15:39:01,059 INFO [91387764]                Voice.java:257  | S5 MeasureStack#8 Voice #3 too long 1/4
2017-10-06 15:39:01,059 INFO [91387764]           StackTuner.java:92   | S5 MeasureStack#8 no correct rhythm
2017-10-06 15:39:01,061 INFO [91387764]            BasicBook.java:1395 | Stored /book.xml
2017-10-06 15:39:02,115 INFO [91387764]           BasicSheet.java:979  | Stored /sheet#1/sheet#1.xml
2017-10-06 15:39:02,117 INFO [91387764]       StepMonitoring.java:96   | PAGE
2017-10-06 15:39:02,122 INFO [91387764]                Voice.java:257  | S1 MeasureStack#2 Voice #1 too long 3/8
2017-10-06 15:39:02,123 INFO [91387764]                Voice.java:257  | S1 MeasureStack#3 Voice #2 too long 1/4
2017-10-06 15:39:02,123 INFO [91387764]                Voice.java:257  | S2 MeasureStack#9 Voice #3 too long 1/16
2017-10-06 15:39:02,124 INFO [91387764]                Voice.java:257  | S2 MeasureStack#10 Voice #4 too long 1/16
2017-10-06 15:39:02,124 INFO [91387764]                Voice.java:257  | S3 MeasureStack#12 Voice #1 too long 7/16
2017-10-06 15:39:02,124 INFO [91387764]                Voice.java:257  | S3 MeasureStack#12 Voice #2 too long 3/8
2017-10-06 15:39:02,125 INFO [91387764]                Voice.java:257  | S3 MeasureStack#12 Voice #3 too long 7/16
2017-10-06 15:39:02,126 INFO [91387764]                 Part.java:267  | Could not left-connect slur#6951
2017-10-06 15:39:02,126 INFO [91387764]                Voice.java:257  | S4 MeasureStack#2 Voice #1 too long 9/16
2017-10-06 15:39:02,126 INFO [91387764]                Voice.java:257  | S4 MeasureStack#2 Voice #2 too long 1/4
2017-10-06 15:39:02,127 INFO [91387764]                Voice.java:257  | S4 MeasureStack#2 Voice #3 too long 1/4
2017-10-06 15:39:02,127 INFO [91387764]                Voice.java:257  | S4 MeasureStack#4 Voice #1 too long 1/4
2017-10-06 15:39:02,128 INFO [91387764]                Voice.java:257  | S4 MeasureStack#4 Voice #2 too long 1/4
2017-10-06 15:39:02,128 INFO [91387764]                Voice.java:257  | S5 MeasureStack#6 Voice #1 too long 5/16
2017-10-06 15:39:02,128 INFO [91387764]                Voice.java:257  | S5 MeasureStack#6 Voice #2 too long 1/4
2017-10-06 15:39:02,129 INFO [91387764]                Voice.java:257  | S5 MeasureStack#8 Voice #1 too long 1/4
2017-10-06 15:39:02,129 INFO [91387764]                Voice.java:257  | S5 MeasureStack#8 Voice #2 too long 1/4
2017-10-06 15:39:02,129 INFO [91387764]                Voice.java:257  | S5 MeasureStack#8 Voice #3 too long 1/4
2017-10-06 15:39:02,131 INFO [91387764]            BasicBook.java:1395 | Stored /book.xml
2017-10-06 15:39:03,171 INFO [91387764]           BasicSheet.java:979  | Stored /sheet#1/sheet#1.xml
2017-10-06 15:39:03,174 INFO [91387764]            BasicStub.java:723  | Sheet{91387764} disposed
2017-10-06 15:39:04,312 INFO [91387764]            BasicStub.java:449  | Loaded /sheet#1/sheet#1.xml
2017-10-06 15:39:04,314 INFO [91387764]            BasicBook.java:1133 | Scores built: 2
2017-10-06 15:39:05,579 WARN [91387764]      PartwiseBuilder.java:1379 | Error visiting null
java.lang.NullPointerException: null
	at org.audiveris.omr.score.PartwiseBuilder.processKey(PartwiseBuilder.java:1344)
	at org.audiveris.omr.score.PartwiseBuilder.processKeys(PartwiseBuilder.java:1407)
	at org.audiveris.omr.score.PartwiseBuilder.processMeasure(PartwiseBuilder.java:1575)
	at org.audiveris.omr.score.PartwiseBuilder.processPart(PartwiseBuilder.java:1988)
	at org.audiveris.omr.score.PartwiseBuilder.processSystem(PartwiseBuilder.java:2528)
	at org.audiveris.omr.score.PartwiseBuilder.processLogicalPart(PartwiseBuilder.java:1433)
	at org.audiveris.omr.score.PartwiseBuilder.processStub(PartwiseBuilder.java:2483)
	at org.audiveris.omr.score.PartwiseBuilder.processPartList(PartwiseBuilder.java:2017)
	at org.audiveris.omr.score.PartwiseBuilder.processScore(PartwiseBuilder.java:2195)
	at org.audiveris.omr.score.PartwiseBuilder.build(PartwiseBuilder.java:307)
	at org.audiveris.omr.score.ScoreExporter.export(ScoreExporter.java:117)
	at org.audiveris.omr.score.ScoreExporter.export(ScoreExporter.java:91)
	at org.audiveris.omr.sheet.BasicBook.export(BasicBook.java:589)
	at org.audiveris.omr.CLI$ProcessingTask.processBook(CLI.java:785)
	at org.audiveris.omr.CLI$CliTask.call(CLI.java:344)
	at org.audiveris.omr.Main.runBatchTasks(Main.java:316)
	at org.audiveris.omr.Main.main(Main.java:155)
	at Audiveris.main(Audiveris.java:49)
2017-10-06 15:39:05,655 INFO [91387764]        ScoreExporter.java:93   | Score 91387764.mvt1 exported to /Users/stephenn/Documents/workspace/nlsomr/xml_out/91386487/91387764/91387764.mvt1.mxl
2017-10-06 15:39:05,657 WARN [91387764]      PartwiseBuilder.java:1379 | Error visiting null
java.lang.NullPointerException: null
	at org.audiveris.omr.score.PartwiseBuilder.processKey(PartwiseBuilder.java:1344)
	at org.audiveris.omr.score.PartwiseBuilder.processKeys(PartwiseBuilder.java:1407)
	at org.audiveris.omr.score.PartwiseBuilder.processMeasure(PartwiseBuilder.java:1575)
	at org.audiveris.omr.score.PartwiseBuilder.processPart(PartwiseBuilder.java:1988)
	at org.audiveris.omr.score.PartwiseBuilder.processSystem(PartwiseBuilder.java:2528)
	at org.audiveris.omr.score.PartwiseBuilder.processLogicalPart(PartwiseBuilder.java:1433)
	at org.audiveris.omr.score.PartwiseBuilder.processStub(PartwiseBuilder.java:2483)
	at org.audiveris.omr.score.PartwiseBuilder.processPartList(PartwiseBuilder.java:2017)
	at org.audiveris.omr.score.PartwiseBuilder.processScore(PartwiseBuilder.java:2195)
	at org.audiveris.omr.score.PartwiseBuilder.build(PartwiseBuilder.java:307)
	at org.audiveris.omr.score.ScoreExporter.export(ScoreExporter.java:117)
	at org.audiveris.omr.score.ScoreExporter.export(ScoreExporter.java:91)
	at org.audiveris.omr.sheet.BasicBook.export(BasicBook.java:589)
	at org.audiveris.omr.CLI$ProcessingTask.processBook(CLI.java:785)
	at org.audiveris.omr.CLI$CliTask.call(CLI.java:344)
	at org.audiveris.omr.Main.runBatchTasks(Main.java:316)
	at org.audiveris.omr.Main.main(Main.java:155)
	at Audiveris.main(Audiveris.java:49)
2017-10-06 15:39:05,682 INFO [91387764]        ScoreExporter.java:93   | Score 91387764.mvt2 exported to /Users/stephenn/Documents/workspace/nlsomr/xml_out/91386487/91387764/91387764.mvt2.mxl
2017-10-06 15:39:05,852 INFO [91387764]            BasicBook.java:1395 | Stored /book.xml
2017-10-06 15:39:05,853 INFO [91387764]            BasicBook.java:1355 | Book stored as /Users/stephenn/Documents/workspace/nlsomr/xml_out/91386487/91387764/91387764.omr
