2017-10-06 16:16:03,302 INFO [91388256]            BasicBook.java:427  | 1 sheet in /Users/stephenn/Documents/workspace/nlsomr/working/91388256.jpg
2017-10-06 16:16:03,446 INFO []            BasicBook.java:1395 | Stored /book.xml
2017-10-06 16:16:03,447 INFO []            BasicBook.java:1355 | Book stored as /Users/stephenn/Documents/workspace/nlsomr/xml_out/91386487/91388256/91388256.omr
2017-10-06 16:16:03,455 INFO []            BasicBook.java:996  | Book reaching PAGE on sheets:[#1]
2017-10-06 16:16:03,457 INFO [91388256]       StepMonitoring.java:96   | LOAD
2017-10-06 16:16:03,603 INFO [91388256]            BasicBook.java:911  | Loaded image 1 2000x3056 from /Users/stephenn/Documents/workspace/nlsomr/working/91388256.jpg
2017-10-06 16:16:03,607 INFO [91388256]            ImageUtil.java:82   | Converting max RGB to gray ...
2017-10-06 16:16:03,991 INFO [91388256]            BasicBook.java:1395 | Stored /book.xml
2017-10-06 16:16:04,314 INFO [91388256]           BasicSheet.java:979  | Stored /sheet#1/sheet#1.xml
2017-10-06 16:16:04,321 INFO [91388256]       StepMonitoring.java:96   | BINARY
2017-10-06 16:16:04,961 INFO [91388256]            BasicBook.java:1395 | Stored /book.xml
2017-10-06 16:16:05,235 INFO [91388256]              Picture.java:786  | Stored /sheet#1/BINARY.xml
2017-10-06 16:16:05,237 INFO [91388256]           BasicSheet.java:979  | Stored /sheet#1/sheet#1.xml
2017-10-06 16:16:05,241 INFO [91388256]       StepMonitoring.java:96   | SCALE
2017-10-06 16:16:05,282 INFO [91388256]            ScaleStep.java:87   | Scale{line(3,4,5) interline(16,17,17) beam(13)}
2017-10-06 16:16:05,284 INFO [91388256]            BasicBook.java:1395 | Stored /book.xml
2017-10-06 16:16:05,286 INFO [91388256]           BasicSheet.java:979  | Stored /sheet#1/sheet#1.xml
2017-10-06 16:16:05,288 INFO [91388256]       StepMonitoring.java:96   | GRID
2017-10-06 16:16:06,061 INFO [91388256]       LinesRetriever.java:442  | Global slope: 0.00000
2017-10-06 16:16:06,140 INFO [91388256]    ClustersRetriever.java:241  | Retrieved line clusters: 10 of size: 5 with interline: (16,17,17)
2017-10-06 16:16:06,848 INFO [91388256]            PeakGraph.java:181  | Systems: #1[1, 2] #2[3, 4] #3[5, 6] #4[7, 8] #5[9, 10]
2017-10-06 16:16:07,931 INFO [91388256]        SystemManager.java:626  | Indentation detected for system#1
2017-10-06 16:16:07,932 INFO [91388256]        SystemManager.java:626  | Indentation detected for system#4
2017-10-06 16:16:07,934 INFO [91388256]        SystemManager.java:671  | 2 pages found in sheet
2017-10-06 16:16:07,935 INFO [91388256]        SystemManager.java:709  | Page #1: 1 part along 3 systems
2017-10-06 16:16:07,936 INFO [91388256]        SystemManager.java:709  | Page #2: 1 part along 2 systems
2017-10-06 16:16:07,941 INFO [91388256]            BasicBook.java:1395 | Stored /book.xml
2017-10-06 16:16:08,155 INFO [91388256]           BasicSheet.java:979  | Stored /sheet#1/sheet#1.xml
2017-10-06 16:16:08,158 INFO [91388256]       StepMonitoring.java:96   | HEADERS
2017-10-06 16:16:08,580 INFO []          Nd4jBackend.java:194  | Loaded [CpuBackend] backend
2017-10-06 16:16:08,642 INFO []      NativeOpsHolder.java:49   | Number of threads used for NativeOps: 2
2017-10-06 16:16:09,091 INFO [] DefaultOpExecutioner.java:544  | Backend used: [CPU]; OS: [Mac OS X]
2017-10-06 16:16:09,092 INFO [] DefaultOpExecutioner.java:545  | Cores: [4]; Memory: [3.6GB];
2017-10-06 16:16:09,093 INFO [] DefaultOpExecutioner.java:546  | Blas vendor: [OPENBLAS]
2017-10-06 16:16:09,134 INFO []   AbstractClassifier.java:332  | Classifier data loaded from default uri jar:file:/Users/stephenn/Documents/workspace/audiveris/build/distributions/Audiveris/lib/audiveris.jar!/res/basic-classifier.zip
2017-10-06 16:16:11,259 WARN [91388256]          ClefBuilder.java:560  | Staff#4 no header clef.
2017-10-06 16:16:12,074 INFO [91388256]           KeyBuilder.java:746  | Staff#7 key slice#1 pitch adjusted from 1.1 to 0
2017-10-06 16:16:12,322 WARN [91388256]          ClefBuilder.java:560  | Staff#10 no header clef.
2017-10-06 16:16:12,338 INFO [91388256]            BasicBook.java:1395 | Stored /book.xml
2017-10-06 16:16:12,646 INFO [91388256]           BasicSheet.java:979  | Stored /sheet#1/sheet#1.xml
2017-10-06 16:16:12,654 INFO [91388256]       StepMonitoring.java:96   | STEM_SEEDS
2017-10-06 16:16:12,833 INFO [91388256]        StemSeedsStep.java:91   | stem(4 max:6)
2017-10-06 16:16:13,032 INFO []   AbstractClassifier.java:332  | Classifier data loaded from default uri jar:file:/Users/stephenn/Documents/workspace/audiveris/build/distributions/Audiveris/lib/audiveris.jar!/res/deep-classifier.zip
2017-10-06 16:16:13,060 INFO [91388256]            BasicBook.java:1395 | Stored /book.xml
2017-10-06 16:16:13,529 INFO [91388256]           BasicSheet.java:979  | Stored /sheet#1/sheet#1.xml
2017-10-06 16:16:13,531 INFO [91388256]       StepMonitoring.java:96   | BEAMS
2017-10-06 16:16:18,542 INFO [91388256]            BeamsStep.java:89   | BeamDistance{count:22 mean:14.87 stdDev:0.61}
2017-10-06 16:16:18,545 INFO [91388256]            BasicBook.java:1395 | Stored /book.xml
2017-10-06 16:16:18,613 INFO [91388256]              Picture.java:786  | Stored /sheet#1/HEAD_SPOTS.xml
2017-10-06 16:16:18,991 INFO [91388256]           BasicSheet.java:979  | Stored /sheet#1/sheet#1.xml
2017-10-06 16:16:18,994 INFO [91388256]       StepMonitoring.java:96   | LEDGERS
2017-10-06 16:16:19,930 INFO [91388256]            BasicBook.java:1395 | Stored /book.xml
2017-10-06 16:16:20,382 INFO [91388256]           BasicSheet.java:979  | Stored /sheet#1/sheet#1.xml
2017-10-06 16:16:20,385 INFO [91388256]       StepMonitoring.java:96   | HEADS
2017-10-06 16:16:23,270 INFO [91388256]            BasicBook.java:1395 | Stored /book.xml
2017-10-06 16:16:23,966 INFO [91388256]           BasicSheet.java:979  | Stored /sheet#1/sheet#1.xml
2017-10-06 16:16:23,969 INFO [91388256]       StepMonitoring.java:96   | STEMS
2017-10-06 16:16:26,324 INFO [91388256]            BasicBook.java:1395 | Stored /book.xml
2017-10-06 16:16:27,469 INFO [91388256]           BasicSheet.java:979  | Stored /sheet#1/sheet#1.xml
2017-10-06 16:16:27,473 INFO [91388256]       StepMonitoring.java:96   | REDUCTION
2017-10-06 16:16:27,925 INFO [91388256]            BasicBook.java:1395 | Stored /book.xml
2017-10-06 16:16:28,844 INFO [91388256]           BasicSheet.java:979  | Stored /sheet#1/sheet#1.xml
2017-10-06 16:16:28,847 INFO [91388256]       StepMonitoring.java:96   | CUE_BEAMS
2017-10-06 16:16:28,855 INFO [91388256]            BasicBook.java:1395 | Stored /book.xml
2017-10-06 16:16:29,732 INFO [91388256]           BasicSheet.java:979  | Stored /sheet#1/sheet#1.xml
2017-10-06 16:16:29,736 INFO [91388256]       StepMonitoring.java:96   | TEXTS
2017-10-06 16:16:36,203 INFO [91388256]            BasicBook.java:1395 | Stored /book.xml
2017-10-06 16:16:36,993 INFO [91388256]           BasicSheet.java:979  | Stored /sheet#1/sheet#1.xml
2017-10-06 16:16:36,996 INFO [91388256]       StepMonitoring.java:96   | MEASURES
2017-10-06 16:16:37,002 INFO [91388256]                 Page.java:210  | 14 raw measures: [4 in system#1, 5 in system#2, 5 in system#3]
2017-10-06 16:16:37,002 INFO [91388256]                 Page.java:210  | 6 raw measures: [3 in system#4, 3 in system#5]
2017-10-06 16:16:37,004 INFO [91388256]            BasicBook.java:1395 | Stored /book.xml
2017-10-06 16:16:37,662 INFO [91388256]           BasicSheet.java:979  | Stored /sheet#1/sheet#1.xml
2017-10-06 16:16:37,665 INFO [91388256]       StepMonitoring.java:96   | CHORDS
2017-10-06 16:16:37,685 INFO [91388256]            BasicBook.java:1395 | Stored /book.xml
2017-10-06 16:16:38,271 INFO [91388256]           BasicSheet.java:979  | Stored /sheet#1/sheet#1.xml
2017-10-06 16:16:38,274 INFO [91388256]       StepMonitoring.java:96   | CURVES
2017-10-06 16:16:39,824 INFO [91388256]         SlursBuilder.java:157  | Slurs: 6
2017-10-06 16:16:39,834 INFO [91388256]      SegmentsBuilder.java:113  | Segments: 8
2017-10-06 16:16:39,842 INFO [91388256]            BasicBook.java:1395 | Stored /book.xml
2017-10-06 16:16:40,457 INFO [91388256]           BasicSheet.java:979  | Stored /sheet#1/sheet#1.xml
2017-10-06 16:16:40,460 INFO [91388256]       StepMonitoring.java:96   | SYMBOLS
2017-10-06 16:16:42,384 INFO [91388256]            BasicBook.java:1395 | Stored /book.xml
2017-10-06 16:16:43,146 INFO [91388256]           BasicSheet.java:979  | Stored /sheet#1/sheet#1.xml
2017-10-06 16:16:43,153 INFO [91388256]       StepMonitoring.java:96   | LINKS
2017-10-06 16:16:43,196 INFO [91388256]            BasicBook.java:1395 | Stored /book.xml
2017-10-06 16:16:43,946 INFO [91388256]           BasicSheet.java:979  | Stored /sheet#1/sheet#1.xml
2017-10-06 16:16:43,952 INFO [91388256]       StepMonitoring.java:96   | RHYTHMS
2017-10-06 16:16:43,986 INFO [91388256]           PageRhythm.java:314  | Range{1-14 ts:6/8} Durations avgGuess:3/4 topGuess:1 avgValue:0.77 stacks:14 voices:40 Histogram{1/4-1 size:9 [1/4=4 5/16=1 7/16=1 1/2=5 9/16=1 5/8=8 3/4=7 7/8=1 1=12]}
2017-10-06 16:16:43,994 INFO [91388256]                Voice.java:257  | S1 MeasureStack#3 Voice #1 too long 1/4
2017-10-06 16:16:43,995 INFO [91388256]                Voice.java:257  | S1 MeasureStack#3 Voice #2 too long 1/4
2017-10-06 16:16:43,996 INFO [91388256]                Voice.java:257  | S1 MeasureStack#3 Voice #3 too long 1/4
2017-10-06 16:16:43,996 INFO [91388256]           StackTuner.java:92   | S1 MeasureStack#3 no correct rhythm
2017-10-06 16:16:43,997 INFO [91388256]                Voice.java:257  | S1 MeasureStack#4 Voice #1 too long 1/4
2017-10-06 16:16:43,998 INFO [91388256]                Voice.java:257  | S1 MeasureStack#4 Voice #2 too long 1/4
2017-10-06 16:16:43,998 INFO [91388256]                Voice.java:257  | S1 MeasureStack#4 Voice #3 too long 1/4
2017-10-06 16:16:43,998 INFO [91388256]           StackTuner.java:92   | S1 MeasureStack#4 no correct rhythm
2017-10-06 16:16:44,000 INFO [91388256]                Voice.java:257  | S2 MeasureStack#6 Voice #1 too long 1/4
2017-10-06 16:16:44,000 INFO [91388256]                Voice.java:257  | S2 MeasureStack#6 Voice #2 too long 1/4
2017-10-06 16:16:44,000 INFO [91388256]           StackTuner.java:92   | S2 MeasureStack#6 no correct rhythm
2017-10-06 16:16:44,002 INFO [91388256]                Voice.java:257  | S2 MeasureStack#7 Voice #1 too long 1/4
2017-10-06 16:16:44,002 INFO [91388256]                Voice.java:257  | S2 MeasureStack#7 Voice #2 too long 1/4
2017-10-06 16:16:44,003 INFO [91388256]           StackTuner.java:92   | S2 MeasureStack#7 no correct rhythm
2017-10-06 16:16:44,007 INFO [91388256]         SlotsBuilder.java:427  | S2 MeasureStack#9 Slot{#4 xOffset=177 timeOffset=1/4 incomings=[#4172] SUSPICIOUS}
2017-10-06 16:16:44,007 INFO [91388256]         SlotsBuilder.java:427  | S2 MeasureStack#9 Slot{#6 xOffset=243 timeOffset=1/2 incomings=[#4173] SUSPICIOUS}
2017-10-06 16:16:44,008 INFO [91388256]         SlotsBuilder.java:427  | S2 MeasureStack#9 Slot{#8 xOffset=337 timeOffset=3/4 incomings=[#4842] SUSPICIOUS}
2017-10-06 16:16:44,009 INFO [91388256]                Voice.java:257  | S2 MeasureStack#9 Voice #1 too long 1/16
2017-10-06 16:16:44,009 INFO [91388256]                Voice.java:257  | S2 MeasureStack#9 Voice #4 too long 1/8
2017-10-06 16:16:44,009 INFO [91388256]           StackTuner.java:92   | S2 MeasureStack#9 no correct rhythm
2017-10-06 16:16:44,012 INFO [91388256]         SlotsBuilder.java:427  | S3 MeasureStack#11 Slot{#5 xOffset=225 timeOffset=1/2 incomings=[#4200] SUSPICIOUS}
2017-10-06 16:16:44,012 INFO [91388256]         SlotsBuilder.java:427  | S3 MeasureStack#11 Slot{#8 xOffset=341 timeOffset=3/4 incomings=[#4201] SUSPICIOUS}
2017-10-06 16:16:44,013 INFO [91388256]                Voice.java:257  | S3 MeasureStack#11 Voice #3 too long 1/4
2017-10-06 16:16:44,013 INFO [91388256]           StackTuner.java:92   | S3 MeasureStack#11 no correct rhythm
2017-10-06 16:16:44,014 INFO [91388256]                Voice.java:257  | S3 MeasureStack#12 Voice #1 too long 1/4
2017-10-06 16:16:44,014 INFO [91388256]                Voice.java:257  | S3 MeasureStack#12 Voice #2 too long 1/4
2017-10-06 16:16:44,015 INFO [91388256]           StackTuner.java:92   | S3 MeasureStack#12 no correct rhythm
2017-10-06 16:16:44,016 INFO [91388256]                Voice.java:257  | S3 MeasureStack#13 Voice #1 too long 1/8
2017-10-06 16:16:44,016 INFO [91388256]           StackTuner.java:92   | S3 MeasureStack#13 no correct rhythm
2017-10-06 16:16:44,022 INFO [91388256]         SlotsBuilder.java:399  | Stack#2 suspicious Slot{#2 xOffset=94 timeOffset=1/8 incomings=[#4235]}
2017-10-06 16:16:44,025 INFO [91388256]         SlotsBuilder.java:399  | Stack#4 suspicious Slot{#2 xOffset=241 timeOffset=1/8 incomings=[#4271]}
2017-10-06 16:16:44,030 INFO [91388256]           PageRhythm.java:314  | Range{1-6 ts:6/8} Durations avgGuess:3/4 topGuess:3/4 avgValue:0.75 stacks:6 voices:13 Histogram{1/8-3/4 size:3 [1/8=2 1/4=3 3/4=8]}
2017-10-06 16:16:44,034 INFO [91388256]         SlotsBuilder.java:427  | S4 MeasureStack#2 Slot{#5 xOffset=178 timeOffset=1/4 incomings=[#4236] SUSPICIOUS}
2017-10-06 16:16:44,035 INFO [91388256]         SlotsBuilder.java:427  | S4 MeasureStack#2 Slot{#7 xOffset=236 timeOffset=3/8 incomings=[#4237] SUSPICIOUS}
2017-10-06 16:16:44,038 INFO [91388256]         SlotsBuilder.java:434  | Stack#2 endless loop detected
2017-10-06 16:16:44,042 INFO [91388256]         SlotsBuilder.java:427  | S5 MeasureStack#4 Slot{#5 xOffset=337 timeOffset=1/4 incomings=[#4272] SUSPICIOUS}
2017-10-06 16:16:44,043 INFO [91388256]         SlotsBuilder.java:427  | S5 MeasureStack#4 Slot{#7 xOffset=408 timeOffset=3/8 incomings=[#4273] SUSPICIOUS}
2017-10-06 16:16:44,054 INFO [91388256]            BasicBook.java:1395 | Stored /book.xml
2017-10-06 16:16:44,859 INFO [91388256]           BasicSheet.java:979  | Stored /sheet#1/sheet#1.xml
2017-10-06 16:16:44,862 INFO [91388256]       StepMonitoring.java:96   | PAGE
2017-10-06 16:16:44,865 INFO [91388256]                Voice.java:257  | S1 MeasureStack#3 Voice #1 too long 1/4
2017-10-06 16:16:44,866 INFO [91388256]                Voice.java:257  | S1 MeasureStack#3 Voice #2 too long 1/4
2017-10-06 16:16:44,866 INFO [91388256]                Voice.java:257  | S1 MeasureStack#3 Voice #3 too long 1/4
2017-10-06 16:16:44,866 INFO [91388256]                Voice.java:257  | S1 MeasureStack#4 Voice #1 too long 1/4
2017-10-06 16:16:44,866 INFO [91388256]                Voice.java:257  | S1 MeasureStack#4 Voice #2 too long 1/4
2017-10-06 16:16:44,867 INFO [91388256]                Voice.java:257  | S1 MeasureStack#4 Voice #3 too long 1/4
2017-10-06 16:16:44,867 INFO [91388256]                Voice.java:257  | S2 MeasureStack#6 Voice #1 too long 1/4
2017-10-06 16:16:44,867 INFO [91388256]                Voice.java:257  | S2 MeasureStack#6 Voice #2 too long 1/4
2017-10-06 16:16:44,868 INFO [91388256]                Voice.java:257  | S2 MeasureStack#7 Voice #1 too long 1/4
2017-10-06 16:16:44,868 INFO [91388256]                Voice.java:257  | S2 MeasureStack#7 Voice #2 too long 1/4
2017-10-06 16:16:44,868 INFO [91388256]                Voice.java:257  | S2 MeasureStack#9 Voice #1 too long 1/16
2017-10-06 16:16:44,869 INFO [91388256]                Voice.java:257  | S2 MeasureStack#9 Voice #4 too long 1/8
2017-10-06 16:16:44,869 INFO [91388256]                Voice.java:257  | S3 MeasureStack#11 Voice #3 too long 1/4
2017-10-06 16:16:44,870 INFO [91388256]                Voice.java:257  | S3 MeasureStack#12 Voice #1 too long 1/4
2017-10-06 16:16:44,870 INFO [91388256]                Voice.java:257  | S3 MeasureStack#12 Voice #2 too long 1/4
2017-10-06 16:16:44,870 INFO [91388256]                Voice.java:257  | S3 MeasureStack#13 Voice #1 too long 1/8
2017-10-06 16:16:44,873 INFO [91388256]            BasicBook.java:1395 | Stored /book.xml
2017-10-06 16:16:45,641 INFO [91388256]           BasicSheet.java:979  | Stored /sheet#1/sheet#1.xml
2017-10-06 16:16:45,644 INFO [91388256]            BasicStub.java:723  | Sheet{91388256} disposed
2017-10-06 16:16:46,632 INFO [91388256]            BasicStub.java:449  | Loaded /sheet#1/sheet#1.xml
2017-10-06 16:16:46,634 INFO [91388256]            BasicBook.java:1133 | Scores built: 2
2017-10-06 16:16:48,153 WARN [91388256]      PartwiseBuilder.java:1379 | Error visiting null
java.lang.NullPointerException: null
	at org.audiveris.omr.score.PartwiseBuilder.processKey(PartwiseBuilder.java:1344)
	at org.audiveris.omr.score.PartwiseBuilder.processKeys(PartwiseBuilder.java:1407)
	at org.audiveris.omr.score.PartwiseBuilder.processMeasure(PartwiseBuilder.java:1575)
	at org.audiveris.omr.score.PartwiseBuilder.processPart(PartwiseBuilder.java:1988)
	at org.audiveris.omr.score.PartwiseBuilder.processSystem(PartwiseBuilder.java:2528)
	at org.audiveris.omr.score.PartwiseBuilder.processLogicalPart(PartwiseBuilder.java:1433)
	at org.audiveris.omr.score.PartwiseBuilder.processStub(PartwiseBuilder.java:2483)
	at org.audiveris.omr.score.PartwiseBuilder.processPartList(PartwiseBuilder.java:2017)
	at org.audiveris.omr.score.PartwiseBuilder.processScore(PartwiseBuilder.java:2195)
	at org.audiveris.omr.score.PartwiseBuilder.build(PartwiseBuilder.java:307)
	at org.audiveris.omr.score.ScoreExporter.export(ScoreExporter.java:117)
	at org.audiveris.omr.score.ScoreExporter.export(ScoreExporter.java:91)
	at org.audiveris.omr.sheet.BasicBook.export(BasicBook.java:589)
	at org.audiveris.omr.CLI$ProcessingTask.processBook(CLI.java:785)
	at org.audiveris.omr.CLI$CliTask.call(CLI.java:344)
	at org.audiveris.omr.Main.runBatchTasks(Main.java:316)
	at org.audiveris.omr.Main.main(Main.java:155)
	at Audiveris.main(Audiveris.java:49)
2017-10-06 16:16:48,219 INFO [91388256]        ScoreExporter.java:93   | Score 91388256.mvt1 exported to /Users/stephenn/Documents/workspace/nlsomr/xml_out/91386487/91388256/91388256.mvt1.mxl
2017-10-06 16:16:48,247 INFO [91388256]        ScoreExporter.java:93   | Score 91388256.mvt2 exported to /Users/stephenn/Documents/workspace/nlsomr/xml_out/91386487/91388256/91388256.mvt2.mxl
2017-10-06 16:16:48,419 INFO [91388256]            BasicBook.java:1395 | Stored /book.xml
2017-10-06 16:16:48,419 INFO [91388256]            BasicBook.java:1355 | Book stored as /Users/stephenn/Documents/workspace/nlsomr/xml_out/91386487/91388256/91388256.omr
