2017-10-06 15:05:47,625 INFO [91387320]            BasicBook.java:427  | 1 sheet in /Users/stephenn/Documents/workspace/nlsomr/working/91387320.jpg
2017-10-06 15:05:47,776 INFO []            BasicBook.java:1395 | Stored /book.xml
2017-10-06 15:05:47,777 INFO []            BasicBook.java:1355 | Book stored as /Users/stephenn/Documents/workspace/nlsomr/xml_out/91386487/91387320/91387320.omr
2017-10-06 15:05:47,782 INFO []            BasicBook.java:996  | Book reaching PAGE on sheets:[#1]
2017-10-06 15:05:47,784 INFO [91387320]       StepMonitoring.java:96   | LOAD
2017-10-06 15:05:47,937 INFO [91387320]            BasicBook.java:911  | Loaded image 1 2000x3056 from /Users/stephenn/Documents/workspace/nlsomr/working/91387320.jpg
2017-10-06 15:05:47,941 INFO [91387320]            ImageUtil.java:82   | Converting max RGB to gray ...
2017-10-06 15:05:48,197 INFO [91387320]            BasicBook.java:1395 | Stored /book.xml
2017-10-06 15:05:48,502 INFO [91387320]           BasicSheet.java:979  | Stored /sheet#1/sheet#1.xml
2017-10-06 15:05:48,503 INFO [91387320]       StepMonitoring.java:96   | BINARY
2017-10-06 15:05:49,128 INFO [91387320]            BasicBook.java:1395 | Stored /book.xml
2017-10-06 15:05:49,433 INFO [91387320]              Picture.java:786  | Stored /sheet#1/BINARY.xml
2017-10-06 15:05:49,435 INFO [91387320]           BasicSheet.java:979  | Stored /sheet#1/sheet#1.xml
2017-10-06 15:05:49,437 INFO [91387320]       StepMonitoring.java:96   | SCALE
2017-10-06 15:05:49,478 INFO [91387320]            ScaleStep.java:87   | Scale{line(3,4,5) interline(16,17,17) beam(13)}
2017-10-06 15:05:49,480 INFO [91387320]            BasicBook.java:1395 | Stored /book.xml
2017-10-06 15:05:49,483 INFO [91387320]           BasicSheet.java:979  | Stored /sheet#1/sheet#1.xml
2017-10-06 15:05:49,485 INFO [91387320]       StepMonitoring.java:96   | GRID
2017-10-06 15:05:50,334 INFO [91387320]       LinesRetriever.java:442  | Global slope: -0.00246
2017-10-06 15:05:50,414 INFO [91387320]    ClustersRetriever.java:241  | Retrieved line clusters: 10 of size: 5 with interline: (16,17,17)
2017-10-06 15:05:50,839 INFO [91387320]            PeakGraph.java:181  | Systems: #1[1, 2] #2[3, 4] #3[5, 6] #4[7, 8] #5[9, 10]
2017-10-06 15:05:51,760 INFO [91387320]        SystemManager.java:626  | Indentation detected for system#1
2017-10-06 15:05:51,760 INFO [91387320]        SystemManager.java:709  | 1 part along 5 systems
2017-10-06 15:05:51,763 INFO [91387320]            BasicBook.java:1395 | Stored /book.xml
2017-10-06 15:05:51,921 INFO [91387320]           BasicSheet.java:979  | Stored /sheet#1/sheet#1.xml
2017-10-06 15:05:51,924 INFO [91387320]       StepMonitoring.java:96   | HEADERS
2017-10-06 15:05:52,312 INFO []          Nd4jBackend.java:194  | Loaded [CpuBackend] backend
2017-10-06 15:05:52,373 INFO []      NativeOpsHolder.java:49   | Number of threads used for NativeOps: 2
2017-10-06 15:05:52,773 INFO [] DefaultOpExecutioner.java:544  | Backend used: [CPU]; OS: [Mac OS X]
2017-10-06 15:05:52,774 INFO [] DefaultOpExecutioner.java:545  | Cores: [4]; Memory: [3.6GB];
2017-10-06 15:05:52,774 INFO [] DefaultOpExecutioner.java:546  | Blas vendor: [OPENBLAS]
2017-10-06 15:05:52,811 INFO []   AbstractClassifier.java:332  | Classifier data loaded from default uri jar:file:/Users/stephenn/Documents/workspace/audiveris/build/distributions/Audiveris/lib/audiveris.jar!/res/basic-classifier.zip
2017-10-06 15:05:55,018 WARN [91387320]          ClefBuilder.java:560  | Staff#6 no header clef.
2017-10-06 15:05:55,362 WARN [91387320]          ClefBuilder.java:560  | Staff#10 no header clef.
2017-10-06 15:05:55,379 INFO [91387320]            BasicBook.java:1395 | Stored /book.xml
2017-10-06 15:05:55,690 INFO [91387320]           BasicSheet.java:979  | Stored /sheet#1/sheet#1.xml
2017-10-06 15:05:55,693 INFO [91387320]       StepMonitoring.java:96   | STEM_SEEDS
2017-10-06 15:05:55,754 INFO []   AbstractClassifier.java:332  | Classifier data loaded from default uri jar:file:/Users/stephenn/Documents/workspace/audiveris/build/distributions/Audiveris/lib/audiveris.jar!/res/deep-classifier.zip
2017-10-06 15:05:55,822 INFO [91387320]        StemSeedsStep.java:91   | stem(4 max:5)
2017-10-06 15:05:55,921 INFO [91387320]            BasicBook.java:1395 | Stored /book.xml
2017-10-06 15:05:56,379 INFO [91387320]           BasicSheet.java:979  | Stored /sheet#1/sheet#1.xml
2017-10-06 15:05:56,381 INFO [91387320]       StepMonitoring.java:96   | BEAMS
2017-10-06 15:06:00,919 INFO [91387320]            BasicBook.java:1395 | Stored /book.xml
2017-10-06 15:06:00,981 INFO [91387320]              Picture.java:786  | Stored /sheet#1/HEAD_SPOTS.xml
2017-10-06 15:06:01,359 INFO [91387320]           BasicSheet.java:979  | Stored /sheet#1/sheet#1.xml
2017-10-06 15:06:01,361 INFO [91387320]       StepMonitoring.java:96   | LEDGERS
2017-10-06 15:06:02,211 INFO [91387320]            BasicBook.java:1395 | Stored /book.xml
2017-10-06 15:06:02,612 INFO [91387320]           BasicSheet.java:979  | Stored /sheet#1/sheet#1.xml
2017-10-06 15:06:02,614 INFO [91387320]       StepMonitoring.java:96   | HEADS
2017-10-06 15:06:05,153 INFO [91387320]            BasicBook.java:1395 | Stored /book.xml
2017-10-06 15:06:05,989 INFO [91387320]           BasicSheet.java:979  | Stored /sheet#1/sheet#1.xml
2017-10-06 15:06:05,992 INFO [91387320]       StepMonitoring.java:96   | STEMS
2017-10-06 15:06:07,968 INFO [91387320]            BasicBook.java:1395 | Stored /book.xml
2017-10-06 15:06:09,262 INFO [91387320]           BasicSheet.java:979  | Stored /sheet#1/sheet#1.xml
2017-10-06 15:06:09,265 INFO [91387320]       StepMonitoring.java:96   | REDUCTION
2017-10-06 15:06:09,626 INFO [91387320]            BasicBook.java:1395 | Stored /book.xml
2017-10-06 15:06:10,490 INFO [91387320]           BasicSheet.java:979  | Stored /sheet#1/sheet#1.xml
2017-10-06 15:06:10,500 INFO [91387320]       StepMonitoring.java:96   | CUE_BEAMS
2017-10-06 15:06:10,519 INFO [91387320]            BasicBook.java:1395 | Stored /book.xml
2017-10-06 15:06:11,472 INFO [91387320]           BasicSheet.java:979  | Stored /sheet#1/sheet#1.xml
2017-10-06 15:06:11,477 INFO [91387320]       StepMonitoring.java:96   | TEXTS
2017-10-06 15:06:13,937 INFO [91387320]            BasicBook.java:1395 | Stored /book.xml
2017-10-06 15:06:14,615 INFO [91387320]           BasicSheet.java:979  | Stored /sheet#1/sheet#1.xml
2017-10-06 15:06:14,618 INFO [91387320]       StepMonitoring.java:96   | MEASURES
2017-10-06 15:06:14,622 INFO [91387320]                 Page.java:210  | 16 raw measures: [3 in system#1, 3 in system#2, 3 in system#3, 3 in system#4, 4 in system#5]
2017-10-06 15:06:14,623 INFO [91387320]            BasicBook.java:1395 | Stored /book.xml
2017-10-06 15:06:15,329 INFO [91387320]           BasicSheet.java:979  | Stored /sheet#1/sheet#1.xml
2017-10-06 15:06:15,333 INFO [91387320]       StepMonitoring.java:96   | CHORDS
2017-10-06 15:06:15,369 INFO [91387320]            BasicBook.java:1395 | Stored /book.xml
2017-10-06 15:06:16,074 INFO [91387320]           BasicSheet.java:979  | Stored /sheet#1/sheet#1.xml
2017-10-06 15:06:16,076 INFO [91387320]       StepMonitoring.java:96   | CURVES
2017-10-06 15:06:18,137 INFO [91387320]         SlursBuilder.java:762  | RIGHT collision SlurInter{#5125(0.595)} & SlurInter{#5493(0.206)} @ HeadInter{#2679(0.659/0.831) e#4877 s:4 p:-2.00 NOTEHEAD_BLACK}
2017-10-06 15:06:18,138 INFO [91387320]         SlursBuilder.java:762  | RIGHT collision SlurInter{#5493(0.206)} & SlurInter{#5125(0.595)} @ HeadInter{#2679(0.659/0.831) e#4877 s:4 p:-2.00 NOTEHEAD_BLACK}
2017-10-06 15:06:18,139 INFO [91387320]         SlursBuilder.java:157  | Slurs: 23
2017-10-06 15:06:18,188 INFO [91387320]      SegmentsBuilder.java:113  | Segments: 21
2017-10-06 15:06:18,198 INFO [91387320]            BasicBook.java:1395 | Stored /book.xml
2017-10-06 15:06:19,353 INFO [91387320]           BasicSheet.java:979  | Stored /sheet#1/sheet#1.xml
2017-10-06 15:06:19,356 INFO [91387320]       StepMonitoring.java:96   | SYMBOLS
2017-10-06 15:06:19,956 INFO [91387320]       SymbolsBuilder.java:340  | Symbol parts shrunk from 9 to 7
2017-10-06 15:06:21,817 INFO [91387320]       SymbolsBuilder.java:340  | Symbol parts shrunk from 10 to 7
2017-10-06 15:06:21,989 INFO [91387320]       SymbolsBuilder.java:340  | Symbol parts shrunk from 8 to 7
2017-10-06 15:06:22,399 INFO [91387320]       SymbolsBuilder.java:340  | Symbol parts shrunk from 10 to 7
2017-10-06 15:06:22,575 INFO [91387320]       SymbolsBuilder.java:340  | Symbol parts shrunk from 8 to 7
2017-10-06 15:06:23,477 INFO [91387320]            BasicBook.java:1395 | Stored /book.xml
2017-10-06 15:06:24,088 INFO [91387320]           BasicSheet.java:979  | Stored /sheet#1/sheet#1.xml
2017-10-06 15:06:24,091 INFO [91387320]       StepMonitoring.java:96   | LINKS
2017-10-06 15:06:24,103 INFO [91387320]        SymbolsLinker.java:252  | No chord above PedalInter{#6437(0.800) PEDAL_UP_MARK}
2017-10-06 15:06:24,118 INFO [91387320]        SymbolsLinker.java:252  | No chord above PedalInter{#6557(0.800) PEDAL_UP_MARK}
2017-10-06 15:06:24,118 INFO [91387320]        SymbolsLinker.java:252  | No chord above PedalInter{#6565(0.799) PEDAL_UP_MARK}
2017-10-06 15:06:24,150 INFO [91387320]            BasicBook.java:1395 | Stored /book.xml
2017-10-06 15:06:24,780 INFO [91387320]           BasicSheet.java:979  | Stored /sheet#1/sheet#1.xml
2017-10-06 15:06:24,782 INFO [91387320]       StepMonitoring.java:96   | RHYTHMS
2017-10-06 15:06:24,792 INFO [91387320]         SlotsBuilder.java:399  | Stack#1 suspicious Slot{#3 xOffset=314 timeOffset=1/4 incomings=[#4833]}
2017-10-06 15:06:24,794 INFO [91387320]         SlotsBuilder.java:399  | Stack#2 suspicious Slot{#3 xOffset=155 timeOffset=1/4 incomings=[#4832]}
2017-10-06 15:06:24,797 INFO [91387320]         SlotsBuilder.java:399  | Stack#3 suspicious Slot{#3 xOffset=154 timeOffset=1/4 incomings=[#4829#4834]}
2017-10-06 15:06:24,809 INFO [91387320]         SlotsBuilder.java:434  | Stack#7 endless loop detected
2017-10-06 15:06:24,822 INFO [91387320]         SlotsBuilder.java:399  | Stack#13 suspicious Slot{#3 xOffset=257 timeOffset=1/4 incomings=[#5010]}
2017-10-06 15:06:24,823 INFO [91387320]         SlotsBuilder.java:399  | Stack#14 suspicious Slot{#3 xOffset=152 timeOffset=1/4 incomings=[#4996]}
2017-10-06 15:06:24,825 INFO [91387320]         SlotsBuilder.java:399  | Stack#15 suspicious Slot{#3 xOffset=131 timeOffset=1/4 incomings=[#5009]}
2017-10-06 15:06:24,830 INFO [91387320]           PageRhythm.java:314  | Range{1-16 ts:6/8} Durations avgGuess:3/4 topGuess:1/4 avgValue:0.68 stacks:16 voices:54 Histogram{1/4-7/4 size:7 [1/4=16 3/8=1 1/2=8 5/8=12 3/4=12 5/4=2 7/4=3]}
2017-10-06 15:06:24,832 INFO [91387320]         SlotsBuilder.java:427  | S1 MeasureStack#1 Slot{#5 xOffset=368 timeOffset=5/4 incomings=[#4822] SUSPICIOUS}
2017-10-06 15:06:24,833 INFO [91387320]                Voice.java:257  | S1 MeasureStack#1 Voice #1 too long 5/4
2017-10-06 15:06:24,834 INFO [91387320]                Voice.java:257  | S1 MeasureStack#1 Voice #2 too long 9/8
2017-10-06 15:06:24,834 INFO [91387320]                Voice.java:257  | S1 MeasureStack#1 Voice #3 too long 9/8
2017-10-06 15:06:24,834 INFO [91387320]           StackTuner.java:92   | S1 MeasureStack#1 no correct rhythm
2017-10-06 15:06:24,836 INFO [91387320]         SlotsBuilder.java:434  | Stack#2 endless loop detected
2017-10-06 15:06:24,837 INFO [91387320]                Voice.java:257  | S1 MeasureStack#2 Voice #1 too long 1
2017-10-06 15:06:24,837 INFO [91387320]           StackTuner.java:92   | S1 MeasureStack#2 no correct rhythm
2017-10-06 15:06:24,839 INFO [91387320]         SlotsBuilder.java:434  | Stack#3 endless loop detected
2017-10-06 15:06:24,839 INFO [91387320]                Voice.java:257  | S1 MeasureStack#3 Voice #2 too long 1/2
2017-10-06 15:06:24,839 INFO [91387320]           StackTuner.java:92   | S1 MeasureStack#3 no correct rhythm
2017-10-06 15:06:24,845 INFO [91387320]         SlotsBuilder.java:427  | S2 MeasureStack#4 Slot{#5 xOffset=419 timeOffset=1/2 incomings=[#4860] SUSPICIOUS}
2017-10-06 15:06:24,846 INFO [91387320]         SlotsBuilder.java:427  | S2 MeasureStack#4 Slot{#8 xOffset=567 timeOffset=3/4 incomings=[#4861] SUSPICIOUS}
2017-10-06 15:06:24,846 INFO [91387320]                Voice.java:257  | S2 MeasureStack#4 Voice #1 too long 1/4
2017-10-06 15:06:24,846 INFO [91387320]           StackTuner.java:92   | S2 MeasureStack#4 no correct rhythm
2017-10-06 15:06:24,850 INFO [91387320]         SlotsBuilder.java:427  | S2 MeasureStack#6 Slot{#5 xOffset=299 timeOffset=1/2 incomings=[#4873#4874] SUSPICIOUS}
2017-10-06 15:06:24,851 INFO [91387320]         SlotsBuilder.java:427  | S2 MeasureStack#6 Slot{#8 xOffset=463 timeOffset=3/4 incomings=[#4875] SUSPICIOUS}
2017-10-06 15:06:24,851 INFO [91387320]                Voice.java:257  | S2 MeasureStack#6 Voice #1 too long 1/4
2017-10-06 15:06:24,852 INFO [91387320]           StackTuner.java:92   | S2 MeasureStack#6 no correct rhythm
2017-10-06 15:06:24,853 INFO [91387320]         SlotsBuilder.java:434  | Stack#7 endless loop detected
2017-10-06 15:06:24,854 INFO [91387320]         SlotsBuilder.java:427  | S3 MeasureStack#8 Slot{#5 xOffset=298 timeOffset=1/2 incomings=[#4910#4911] SUSPICIOUS}
2017-10-06 15:06:24,855 INFO [91387320]         SlotsBuilder.java:427  | S3 MeasureStack#8 Slot{#8 xOffset=462 timeOffset=3/4 incomings=[#4912] SUSPICIOUS}
2017-10-06 15:06:24,856 INFO [91387320]                Voice.java:257  | S3 MeasureStack#8 Voice #1 too long 1/4
2017-10-06 15:06:24,856 INFO [91387320]           StackTuner.java:92   | S3 MeasureStack#8 no correct rhythm
2017-10-06 15:06:24,860 INFO [91387320]         SlotsBuilder.java:427  | S4 MeasureStack#10 Slot{#6 xOffset=476 timeOffset=5/8 incomings=[#4972] SUSPICIOUS}
2017-10-06 15:06:24,860 INFO [91387320]         SlotsBuilder.java:427  | S4 MeasureStack#10 Slot{#8 xOffset=553 timeOffset=7/8 incomings=[#4973] SUSPICIOUS}
2017-10-06 15:06:24,861 INFO [91387320]                Voice.java:257  | S4 MeasureStack#10 Voice #3 too long 3/8
2017-10-06 15:06:24,861 INFO [91387320]           StackTuner.java:92   | S4 MeasureStack#10 no correct rhythm
2017-10-06 15:06:24,865 INFO [91387320]         SlotsBuilder.java:427  | S4 MeasureStack#12 Slot{#5 xOffset=302 timeOffset=1/2 incomings=[#4964#4965] SUSPICIOUS}
2017-10-06 15:06:24,866 INFO [91387320]         SlotsBuilder.java:427  | S4 MeasureStack#12 Slot{#8 xOffset=458 timeOffset=3/4 incomings=[#4966] SUSPICIOUS}
2017-10-06 15:06:24,867 INFO [91387320]                Voice.java:257  | S4 MeasureStack#12 Voice #1 too long 1/4
2017-10-06 15:06:24,867 INFO [91387320]           StackTuner.java:92   | S4 MeasureStack#12 no correct rhythm
2017-10-06 15:06:24,868 INFO [91387320]         SlotsBuilder.java:427  | S5 MeasureStack#13 Slot{#5 xOffset=312 timeOffset=7/4 incomings=[#4992] SUSPICIOUS}
2017-10-06 15:06:24,869 INFO [91387320]                Voice.java:257  | S5 MeasureStack#13 Voice #1 too long 7/4
2017-10-06 15:06:24,869 INFO [91387320]                Voice.java:257  | S5 MeasureStack#13 Voice #2 too long 13/8
2017-10-06 15:06:24,870 INFO [91387320]                Voice.java:257  | S5 MeasureStack#13 Voice #3 too long 3/2
2017-10-06 15:06:24,870 INFO [91387320]           StackTuner.java:92   | S5 MeasureStack#13 no correct rhythm
2017-10-06 15:06:24,871 INFO [91387320]         SlotsBuilder.java:427  | S5 MeasureStack#14 Slot{#5 xOffset=186 timeOffset=3/4 incomings=[#4997] SUSPICIOUS}
2017-10-06 15:06:24,872 INFO [91387320]                Voice.java:257  | S5 MeasureStack#14 Voice #1 too long 3/4
2017-10-06 15:06:24,872 INFO [91387320]                Voice.java:257  | S5 MeasureStack#14 Voice #2 too long 5/8
2017-10-06 15:06:24,872 INFO [91387320]                Voice.java:257  | S5 MeasureStack#14 Voice #3 too long 1/2
2017-10-06 15:06:24,873 INFO [91387320]           StackTuner.java:92   | S5 MeasureStack#14 no correct rhythm
2017-10-06 15:06:24,874 INFO [91387320]         SlotsBuilder.java:427  | S5 MeasureStack#15 Slot{#5 xOffset=182 timeOffset=7/4 incomings=[#5001] SUSPICIOUS}
2017-10-06 15:06:24,875 INFO [91387320]                Voice.java:257  | S5 MeasureStack#15 Voice #1 too long 7/4
2017-10-06 15:06:24,875 INFO [91387320]                Voice.java:257  | S5 MeasureStack#15 Voice #2 too long 13/8
2017-10-06 15:06:24,875 INFO [91387320]                Voice.java:257  | S5 MeasureStack#15 Voice #3 too long 13/8
2017-10-06 15:06:24,875 INFO [91387320]           StackTuner.java:92   | S5 MeasureStack#15 no correct rhythm
2017-10-06 15:06:24,876 INFO [91387320]         SlotsBuilder.java:427  | S5 MeasureStack#16 Slot{#6 xOffset=322 timeOffset=5/8 incomings=[#5037] SUSPICIOUS}
2017-10-06 15:06:24,877 INFO [91387320]                Voice.java:257  | S5 MeasureStack#16 Voice #3 too long 1/8
2017-10-06 15:06:24,877 INFO [91387320]           StackTuner.java:92   | S5 MeasureStack#16 no correct rhythm
2017-10-06 15:06:24,881 INFO [91387320]            BasicBook.java:1395 | Stored /book.xml
2017-10-06 15:06:25,522 INFO [91387320]           BasicSheet.java:979  | Stored /sheet#1/sheet#1.xml
2017-10-06 15:06:25,525 INFO [91387320]       StepMonitoring.java:96   | PAGE
2017-10-06 15:06:25,529 INFO [91387320]                 Part.java:267  | Could not left-connect slur#5493
2017-10-06 15:06:25,530 INFO [91387320]                 Part.java:267  | Could not left-connect slur#5074
2017-10-06 15:06:25,531 INFO [91387320]                Voice.java:257  | S1 MeasureStack#1 Voice #1 too long 5/4
2017-10-06 15:06:25,531 INFO [91387320]                Voice.java:257  | S1 MeasureStack#1 Voice #2 too long 9/8
2017-10-06 15:06:25,532 INFO [91387320]                Voice.java:257  | S1 MeasureStack#1 Voice #3 too long 9/8
2017-10-06 15:06:25,532 INFO [91387320]                Voice.java:257  | S1 MeasureStack#2 Voice #1 too long 1
2017-10-06 15:06:25,532 INFO [91387320]                Voice.java:257  | S1 MeasureStack#3 Voice #2 too long 1/2
2017-10-06 15:06:25,532 INFO [91387320]                Voice.java:257  | S2 MeasureStack#4 Voice #1 too long 1/4
2017-10-06 15:06:25,533 INFO [91387320]                Voice.java:257  | S2 MeasureStack#6 Voice #1 too long 1/4
2017-10-06 15:06:25,533 INFO [91387320]                Voice.java:257  | S3 MeasureStack#8 Voice #1 too long 1/4
2017-10-06 15:06:25,533 INFO [91387320]                Voice.java:257  | S4 MeasureStack#10 Voice #3 too long 3/8
2017-10-06 15:06:25,533 INFO [91387320]                Voice.java:257  | S4 MeasureStack#12 Voice #1 too long 1/4
2017-10-06 15:06:25,534 INFO [91387320]                Voice.java:257  | S5 MeasureStack#13 Voice #1 too long 7/4
2017-10-06 15:06:25,534 INFO [91387320]                Voice.java:257  | S5 MeasureStack#13 Voice #2 too long 13/8
2017-10-06 15:06:25,534 INFO [91387320]                Voice.java:257  | S5 MeasureStack#13 Voice #3 too long 3/2
2017-10-06 15:06:25,535 INFO [91387320]                Voice.java:257  | S5 MeasureStack#14 Voice #1 too long 3/4
2017-10-06 15:06:25,535 INFO [91387320]                Voice.java:257  | S5 MeasureStack#14 Voice #2 too long 5/8
2017-10-06 15:06:25,535 INFO [91387320]                Voice.java:257  | S5 MeasureStack#14 Voice #3 too long 1/2
2017-10-06 15:06:25,535 INFO [91387320]                Voice.java:257  | S5 MeasureStack#15 Voice #1 too long 7/4
2017-10-06 15:06:25,535 INFO [91387320]                Voice.java:257  | S5 MeasureStack#15 Voice #2 too long 13/8
2017-10-06 15:06:25,535 INFO [91387320]                Voice.java:257  | S5 MeasureStack#15 Voice #3 too long 13/8
2017-10-06 15:06:25,536 INFO [91387320]                Voice.java:257  | S5 MeasureStack#16 Voice #3 too long 1/8
2017-10-06 15:06:25,537 INFO [91387320]            BasicBook.java:1395 | Stored /book.xml
2017-10-06 15:06:26,153 INFO [91387320]           BasicSheet.java:979  | Stored /sheet#1/sheet#1.xml
2017-10-06 15:06:26,155 INFO [91387320]            BasicStub.java:723  | Sheet{91387320} disposed
2017-10-06 15:06:27,084 INFO [91387320]            BasicStub.java:449  | Loaded /sheet#1/sheet#1.xml
2017-10-06 15:06:27,088 INFO [91387320]            BasicBook.java:1133 | Scores built: 1
2017-10-06 15:06:28,113 WARN [91387320]      PartwiseBuilder.java:1379 | Error visiting null
java.lang.NullPointerException: null
	at org.audiveris.omr.score.PartwiseBuilder.processKey(PartwiseBuilder.java:1344)
	at org.audiveris.omr.score.PartwiseBuilder.processKeys(PartwiseBuilder.java:1407)
	at org.audiveris.omr.score.PartwiseBuilder.processMeasure(PartwiseBuilder.java:1575)
	at org.audiveris.omr.score.PartwiseBuilder.processPart(PartwiseBuilder.java:1988)
	at org.audiveris.omr.score.PartwiseBuilder.processSystem(PartwiseBuilder.java:2528)
	at org.audiveris.omr.score.PartwiseBuilder.processLogicalPart(PartwiseBuilder.java:1433)
	at org.audiveris.omr.score.PartwiseBuilder.processStub(PartwiseBuilder.java:2483)
	at org.audiveris.omr.score.PartwiseBuilder.processPartList(PartwiseBuilder.java:2017)
	at org.audiveris.omr.score.PartwiseBuilder.processScore(PartwiseBuilder.java:2195)
	at org.audiveris.omr.score.PartwiseBuilder.build(PartwiseBuilder.java:307)
	at org.audiveris.omr.score.ScoreExporter.export(ScoreExporter.java:117)
	at org.audiveris.omr.score.ScoreExporter.export(ScoreExporter.java:91)
	at org.audiveris.omr.sheet.BasicBook.export(BasicBook.java:589)
	at org.audiveris.omr.CLI$ProcessingTask.processBook(CLI.java:785)
	at org.audiveris.omr.CLI$CliTask.call(CLI.java:344)
	at org.audiveris.omr.Main.runBatchTasks(Main.java:316)
	at org.audiveris.omr.Main.main(Main.java:155)
	at Audiveris.main(Audiveris.java:49)
2017-10-06 15:06:28,124 WARN [91387320]      PartwiseBuilder.java:1379 | Error visiting null
java.lang.NullPointerException: null
	at org.audiveris.omr.score.PartwiseBuilder.processKey(PartwiseBuilder.java:1344)
	at org.audiveris.omr.score.PartwiseBuilder.processKeys(PartwiseBuilder.java:1407)
	at org.audiveris.omr.score.PartwiseBuilder.processMeasure(PartwiseBuilder.java:1575)
	at org.audiveris.omr.score.PartwiseBuilder.processPart(PartwiseBuilder.java:1988)
	at org.audiveris.omr.score.PartwiseBuilder.processSystem(PartwiseBuilder.java:2528)
	at org.audiveris.omr.score.PartwiseBuilder.processLogicalPart(PartwiseBuilder.java:1433)
	at org.audiveris.omr.score.PartwiseBuilder.processStub(PartwiseBuilder.java:2483)
	at org.audiveris.omr.score.PartwiseBuilder.processPartList(PartwiseBuilder.java:2017)
	at org.audiveris.omr.score.PartwiseBuilder.processScore(PartwiseBuilder.java:2195)
	at org.audiveris.omr.score.PartwiseBuilder.build(PartwiseBuilder.java:307)
	at org.audiveris.omr.score.ScoreExporter.export(ScoreExporter.java:117)
	at org.audiveris.omr.score.ScoreExporter.export(ScoreExporter.java:91)
	at org.audiveris.omr.sheet.BasicBook.export(BasicBook.java:589)
	at org.audiveris.omr.CLI$ProcessingTask.processBook(CLI.java:785)
	at org.audiveris.omr.CLI$CliTask.call(CLI.java:344)
	at org.audiveris.omr.Main.runBatchTasks(Main.java:316)
	at org.audiveris.omr.Main.main(Main.java:155)
	at Audiveris.main(Audiveris.java:49)
2017-10-06 15:06:28,196 INFO [91387320]        ScoreExporter.java:93   | Score 91387320 exported to /Users/stephenn/Documents/workspace/nlsomr/xml_out/91386487/91387320/91387320.mxl
2017-10-06 15:06:28,337 INFO [91387320]            BasicBook.java:1395 | Stored /book.xml
2017-10-06 15:06:28,337 INFO [91387320]            BasicBook.java:1355 | Book stored as /Users/stephenn/Documents/workspace/nlsomr/xml_out/91386487/91387320/91387320.omr
