2017-10-06 14:30:33,681 INFO [91386840]            BasicBook.java:427  | 1 sheet in /Users/stephenn/Documents/workspace/nlsomr/working/91386840.jpg
2017-10-06 14:30:33,841 INFO []            BasicBook.java:1395 | Stored /book.xml
2017-10-06 14:30:33,842 INFO []            BasicBook.java:1355 | Book stored as /Users/stephenn/Documents/workspace/nlsomr/xml_out/91386487/91386840/91386840.omr
2017-10-06 14:30:33,847 INFO []            BasicBook.java:996  | Book reaching PAGE on sheets:[#1]
2017-10-06 14:30:33,849 INFO [91386840]       StepMonitoring.java:96   | LOAD
2017-10-06 14:30:33,997 INFO [91386840]            BasicBook.java:911  | Loaded image 1 2000x3056 from /Users/stephenn/Documents/workspace/nlsomr/working/91386840.jpg
2017-10-06 14:30:34,001 INFO [91386840]            ImageUtil.java:82   | Converting max RGB to gray ...
2017-10-06 14:30:34,250 INFO [91386840]            BasicBook.java:1395 | Stored /book.xml
2017-10-06 14:30:34,539 INFO [91386840]           BasicSheet.java:979  | Stored /sheet#1/sheet#1.xml
2017-10-06 14:30:34,541 INFO [91386840]       StepMonitoring.java:96   | BINARY
2017-10-06 14:30:35,122 INFO [91386840]            BasicBook.java:1395 | Stored /book.xml
2017-10-06 14:30:35,464 INFO [91386840]              Picture.java:786  | Stored /sheet#1/BINARY.xml
2017-10-06 14:30:35,466 INFO [91386840]           BasicSheet.java:979  | Stored /sheet#1/sheet#1.xml
2017-10-06 14:30:35,468 INFO [91386840]       StepMonitoring.java:96   | SCALE
2017-10-06 14:30:35,514 INFO [91386840]            ScaleStep.java:87   | Scale{line(3,4,5) interline(16,17,17) beam(13)}
2017-10-06 14:30:35,517 INFO [91386840]            BasicBook.java:1395 | Stored /book.xml
2017-10-06 14:30:35,519 INFO [91386840]           BasicSheet.java:979  | Stored /sheet#1/sheet#1.xml
2017-10-06 14:30:35,522 INFO [91386840]       StepMonitoring.java:96   | GRID
2017-10-06 14:30:36,602 INFO [91386840]       LinesRetriever.java:442  | Global slope: 0.00071
2017-10-06 14:30:36,697 INFO [91386840]    ClustersRetriever.java:241  | Retrieved line clusters: 12 of size: 5 with interline: (16,17,17)
2017-10-06 14:30:37,398 INFO [91386840]            PeakGraph.java:181  | Systems: #1[1, 2] #2[3, 4] #3[5, 6] #4[7, 8] #5[9, 10] #6[11, 12]
2017-10-06 14:30:38,670 INFO [91386840]        SystemManager.java:626  | Indentation detected for system#1
2017-10-06 14:30:38,671 INFO [91386840]        SystemManager.java:626  | Indentation detected for system#5
2017-10-06 14:30:38,671 INFO [91386840]        SystemManager.java:671  | 2 pages found in sheet
2017-10-06 14:30:38,672 INFO [91386840]        SystemManager.java:709  | Page #1: 1 part along 4 systems
2017-10-06 14:30:38,672 INFO [91386840]        SystemManager.java:709  | Page #2: 1 part along 2 systems
2017-10-06 14:30:38,676 INFO [91386840]            BasicBook.java:1395 | Stored /book.xml
2017-10-06 14:30:38,940 INFO [91386840]           BasicSheet.java:979  | Stored /sheet#1/sheet#1.xml
2017-10-06 14:30:38,944 INFO [91386840]       StepMonitoring.java:96   | HEADERS
2017-10-06 14:30:39,347 INFO []          Nd4jBackend.java:194  | Loaded [CpuBackend] backend
2017-10-06 14:30:39,414 INFO []      NativeOpsHolder.java:49   | Number of threads used for NativeOps: 2
2017-10-06 14:30:39,872 INFO [] DefaultOpExecutioner.java:544  | Backend used: [CPU]; OS: [Mac OS X]
2017-10-06 14:30:39,872 INFO [] DefaultOpExecutioner.java:545  | Cores: [4]; Memory: [3.6GB];
2017-10-06 14:30:39,872 INFO [] DefaultOpExecutioner.java:546  | Blas vendor: [OPENBLAS]
2017-10-06 14:30:39,909 INFO []   AbstractClassifier.java:332  | Classifier data loaded from default uri jar:file:/Users/stephenn/Documents/workspace/audiveris/build/distributions/Audiveris/lib/audiveris.jar!/res/basic-classifier.zip
2017-10-06 14:30:42,248 WARN [91386840]          ClefBuilder.java:560  | Staff#10 no header clef.
2017-10-06 14:30:42,455 WARN [91386840]          ClefBuilder.java:560  | Staff#12 no header clef.
2017-10-06 14:30:42,463 INFO [91386840]            BasicBook.java:1395 | Stored /book.xml
2017-10-06 14:30:42,811 INFO [91386840]           BasicSheet.java:979  | Stored /sheet#1/sheet#1.xml
2017-10-06 14:30:42,815 INFO [91386840]       StepMonitoring.java:96   | STEM_SEEDS
2017-10-06 14:30:42,926 INFO [91386840]        StemSeedsStep.java:91   | stem(4 max:4)
2017-10-06 14:30:43,085 INFO [91386840]            BasicBook.java:1395 | Stored /book.xml
2017-10-06 14:30:43,127 INFO []   AbstractClassifier.java:332  | Classifier data loaded from default uri jar:file:/Users/stephenn/Documents/workspace/audiveris/build/distributions/Audiveris/lib/audiveris.jar!/res/deep-classifier.zip
2017-10-06 14:30:43,621 INFO [91386840]           BasicSheet.java:979  | Stored /sheet#1/sheet#1.xml
2017-10-06 14:30:43,623 INFO [91386840]       StepMonitoring.java:96   | BEAMS
2017-10-06 14:30:48,140 INFO [91386840]            BeamsStep.java:89   | BeamDistance{count:15 mean:11.42 stdDev:7.13}
2017-10-06 14:30:48,143 INFO [91386840]            BasicBook.java:1395 | Stored /book.xml
2017-10-06 14:30:48,200 INFO [91386840]              Picture.java:786  | Stored /sheet#1/HEAD_SPOTS.xml
2017-10-06 14:30:48,563 INFO [91386840]           BasicSheet.java:979  | Stored /sheet#1/sheet#1.xml
2017-10-06 14:30:48,565 INFO [91386840]       StepMonitoring.java:96   | LEDGERS
2017-10-06 14:30:49,298 INFO [91386840]            BasicBook.java:1395 | Stored /book.xml
2017-10-06 14:30:49,717 INFO [91386840]           BasicSheet.java:979  | Stored /sheet#1/sheet#1.xml
2017-10-06 14:30:49,719 INFO [91386840]       StepMonitoring.java:96   | HEADS
2017-10-06 14:30:52,653 INFO [91386840]            BasicBook.java:1395 | Stored /book.xml
2017-10-06 14:30:53,468 INFO [91386840]           BasicSheet.java:979  | Stored /sheet#1/sheet#1.xml
2017-10-06 14:30:53,470 INFO [91386840]       StepMonitoring.java:96   | STEMS
2017-10-06 14:30:55,577 INFO [91386840]            BasicBook.java:1395 | Stored /book.xml
2017-10-06 14:30:56,601 INFO [91386840]           BasicSheet.java:979  | Stored /sheet#1/sheet#1.xml
2017-10-06 14:30:56,604 INFO [91386840]       StepMonitoring.java:96   | REDUCTION
2017-10-06 14:30:56,950 INFO [91386840]            BasicBook.java:1395 | Stored /book.xml
2017-10-06 14:30:57,763 INFO [91386840]           BasicSheet.java:979  | Stored /sheet#1/sheet#1.xml
2017-10-06 14:30:57,766 INFO [91386840]       StepMonitoring.java:96   | CUE_BEAMS
2017-10-06 14:30:57,780 INFO [91386840]            BasicBook.java:1395 | Stored /book.xml
2017-10-06 14:30:58,520 INFO [91386840]           BasicSheet.java:979  | Stored /sheet#1/sheet#1.xml
2017-10-06 14:30:58,522 INFO [91386840]       StepMonitoring.java:96   | TEXTS
2017-10-06 14:31:00,272 INFO [91386840]            BasicBook.java:1395 | Stored /book.xml
2017-10-06 14:31:01,095 INFO [91386840]           BasicSheet.java:979  | Stored /sheet#1/sheet#1.xml
2017-10-06 14:31:01,097 INFO [91386840]       StepMonitoring.java:96   | MEASURES
2017-10-06 14:31:01,105 INFO [91386840]                 Page.java:210  | 18 raw measures: [5 in system#1, 4 in system#2, 5 in system#3, 4 in system#4]
2017-10-06 14:31:01,105 INFO [91386840]                 Page.java:210  | 9 raw measures: [5 in system#5, 4 in system#6]
2017-10-06 14:31:01,108 INFO [91386840]            BasicBook.java:1395 | Stored /book.xml
2017-10-06 14:31:01,905 INFO [91386840]           BasicSheet.java:979  | Stored /sheet#1/sheet#1.xml
2017-10-06 14:31:01,907 INFO [91386840]       StepMonitoring.java:96   | CHORDS
2017-10-06 14:31:01,923 INFO [91386840]            BasicBook.java:1395 | Stored /book.xml
2017-10-06 14:31:02,823 INFO [91386840]           BasicSheet.java:979  | Stored /sheet#1/sheet#1.xml
2017-10-06 14:31:02,825 INFO [91386840]       StepMonitoring.java:96   | CURVES
2017-10-06 14:31:04,512 INFO [91386840]         SlursBuilder.java:762  | LEFT collision SlurInter{#6098(0.660)} & SlurInter{#6317(0.207)} @ HeadInter{#4567(0.702/0.851) e#6037 s:10 p:5.00 NOTEHEAD_BLACK}
2017-10-06 14:31:04,514 INFO [91386840]         SlursBuilder.java:762  | LEFT collision SlurInter{#6317(0.207)} & SlurInter{#6098(0.660)} @ HeadInter{#4567(0.702/0.851) e#6037 s:10 p:5.00 NOTEHEAD_BLACK}
2017-10-06 14:31:04,515 INFO [91386840]         SlursBuilder.java:762  | LEFT collision SlurInter{#6126(0.524)} & SlurInter{#6132(0.541)} @ HeadInter{#5309(0.603/0.787) e#6088 s:12 p:4.00 NOTEHEAD_BLACK}
2017-10-06 14:31:04,515 INFO [91386840]         SlursBuilder.java:762  | RIGHT collision SlurInter{#6126(0.524)} & SlurInter{#6132(0.541)} @ HeadInter{#5233(0.720/0.846) e#6089 s:12 p:-3.00 NOTEHEAD_BLACK}
2017-10-06 14:31:04,516 INFO [91386840]         SlursBuilder.java:762  | LEFT collision SlurInter{#6132(0.541)} & SlurInter{#6126(0.524)} @ HeadInter{#5309(0.603/0.787) e#6088 s:12 p:4.00 NOTEHEAD_BLACK}
2017-10-06 14:31:04,516 INFO [91386840]         SlursBuilder.java:762  | RIGHT collision SlurInter{#6132(0.541)} & SlurInter{#6126(0.524)} @ HeadInter{#5233(0.720/0.846) e#6089 s:12 p:-3.00 NOTEHEAD_BLACK}
2017-10-06 14:31:04,524 INFO [91386840]         SlursBuilder.java:762  | RIGHT collision SlurInter{#6222(0.527)} & SlurInter{#6393(0.332)} @ HeadInter{#5335(0.675/0.827) e#6080 s:12 p:7.00 NOTEHEAD_BLACK}
2017-10-06 14:31:04,525 INFO [91386840]         SlursBuilder.java:762  | RIGHT collision SlurInter{#6393(0.332)} & SlurInter{#6222(0.527)} @ HeadInter{#5335(0.675/0.827) e#6080 s:12 p:7.00 NOTEHEAD_BLACK}
2017-10-06 14:31:04,527 INFO [91386840]         SlursBuilder.java:157  | Slurs: 14
2017-10-06 14:31:04,613 INFO [91386840]      SegmentsBuilder.java:113  | Segments: 27
2017-10-06 14:31:04,621 INFO [91386840]            BasicBook.java:1395 | Stored /book.xml
2017-10-06 14:31:05,860 INFO [91386840]           BasicSheet.java:979  | Stored /sheet#1/sheet#1.xml
2017-10-06 14:31:05,862 INFO [91386840]       StepMonitoring.java:96   | SYMBOLS
2017-10-06 14:31:09,153 INFO [91386840]            BasicBook.java:1395 | Stored /book.xml
2017-10-06 14:31:10,666 INFO [91386840]           BasicSheet.java:979  | Stored /sheet#1/sheet#1.xml
2017-10-06 14:31:10,668 INFO [91386840]       StepMonitoring.java:96   | LINKS
2017-10-06 14:31:10,688 INFO [91386840]        SymbolsLinker.java:306  | No measure stack for direction SentenceInter{#5824(0.571) s:9 BS-53 Direction} l: 12.
2017-10-06 14:31:10,718 INFO [91386840]        SymbolsLinker.java:252  | No chord above PedalInter{#7152(0.799) PEDAL_UP_MARK}
2017-10-06 14:31:10,719 INFO [91386840]        SymbolsLinker.java:252  | No chord above PedalInter{#7166(0.799) PEDAL_UP_MARK}
2017-10-06 14:31:10,733 INFO [91386840]            BasicBook.java:1395 | Stored /book.xml
2017-10-06 14:31:12,339 INFO [91386840]           BasicSheet.java:979  | Stored /sheet#1/sheet#1.xml
2017-10-06 14:31:12,341 INFO [91386840]       StepMonitoring.java:96   | RHYTHMS
2017-10-06 14:31:12,395 INFO [91386840]           PageRhythm.java:314  | Range{1-18} Durations avgGuess:1 topGuess:1 avgValue:0.95 stacks:18 voices:38 Histogram{1/4-5/4 size:4 [1/4=2 3/4=8 1=27 5/4=1]}
2017-10-06 14:31:12,396 INFO [91386840]           PageRhythm.java:221  | S1 Range{1-18 dur:1} should update to 1-based time sig?
2017-10-06 14:31:12,417 INFO [91386840]                Voice.java:257  | S4 MeasureStack#15 Voice #1 too long 1/4
2017-10-06 14:31:12,418 INFO [91386840]           StackTuner.java:92   | S4 MeasureStack#15 no correct rhythm
2017-10-06 14:31:12,437 INFO [91386840]           PageRhythm.java:314  | Range{1-9 ts:6/8} Durations avgGuess:1 topGuess:1 avgValue:0.90 stacks:9 voices:26 Histogram{1/4-1 size:6 [1/4=3 1/2=2 9/16=1 3/4=1 7/8=5 1=14]}
2017-10-06 14:31:12,437 INFO [91386840]           PageRhythm.java:221  | S5 Range{1-9 ts:6/8 dur:1} should update to 1-based time sig?
2017-10-06 14:31:12,440 INFO [91386840]         SlotsBuilder.java:427  | S5 MeasureStack#3 Slot{#4 xOffset=171 timeOffset=1/2 incomings=[#6043] SUSPICIOUS}
2017-10-06 14:31:12,441 INFO [91386840]         SlotsBuilder.java:427  | S5 MeasureStack#3 Slot{#7 xOffset=274 timeOffset=3/4 incomings=[#6044] SUSPICIOUS}
2017-10-06 14:31:12,450 INFO [91386840]            BasicBook.java:1395 | Stored /book.xml
2017-10-06 14:31:14,033 INFO [91386840]           BasicSheet.java:979  | Stored /sheet#1/sheet#1.xml
2017-10-06 14:31:14,036 INFO [91386840]       StepMonitoring.java:96   | PAGE
2017-10-06 14:31:14,043 INFO [91386840]                Voice.java:257  | S4 MeasureStack#15 Voice #1 too long 1/4
2017-10-06 14:31:14,048 INFO [91386840]            BasicBook.java:1395 | Stored /book.xml
2017-10-06 14:31:15,564 INFO [91386840]           BasicSheet.java:979  | Stored /sheet#1/sheet#1.xml
2017-10-06 14:31:15,567 INFO [91386840]            BasicStub.java:723  | Sheet{91386840} disposed
2017-10-06 14:31:16,613 INFO [91386840]            BasicStub.java:449  | Loaded /sheet#1/sheet#1.xml
2017-10-06 14:31:16,615 INFO [91386840]            BasicBook.java:1133 | Scores built: 2
2017-10-06 14:31:17,812 INFO [91386840]        ScoreExporter.java:93   | Score 91386840.mvt1 exported to /Users/stephenn/Documents/workspace/nlsomr/xml_out/91386487/91386840/91386840.mvt1.mxl
2017-10-06 14:31:17,816 WARN [91386840]      PartwiseBuilder.java:1379 | Error visiting null
java.lang.NullPointerException: null
	at org.audiveris.omr.score.PartwiseBuilder.processKey(PartwiseBuilder.java:1344)
	at org.audiveris.omr.score.PartwiseBuilder.processKeys(PartwiseBuilder.java:1407)
	at org.audiveris.omr.score.PartwiseBuilder.processMeasure(PartwiseBuilder.java:1575)
	at org.audiveris.omr.score.PartwiseBuilder.processPart(PartwiseBuilder.java:1988)
	at org.audiveris.omr.score.PartwiseBuilder.processSystem(PartwiseBuilder.java:2528)
	at org.audiveris.omr.score.PartwiseBuilder.processLogicalPart(PartwiseBuilder.java:1433)
	at org.audiveris.omr.score.PartwiseBuilder.processStub(PartwiseBuilder.java:2483)
	at org.audiveris.omr.score.PartwiseBuilder.processPartList(PartwiseBuilder.java:2017)
	at org.audiveris.omr.score.PartwiseBuilder.processScore(PartwiseBuilder.java:2195)
	at org.audiveris.omr.score.PartwiseBuilder.build(PartwiseBuilder.java:307)
	at org.audiveris.omr.score.ScoreExporter.export(ScoreExporter.java:117)
	at org.audiveris.omr.score.ScoreExporter.export(ScoreExporter.java:91)
	at org.audiveris.omr.sheet.BasicBook.export(BasicBook.java:589)
	at org.audiveris.omr.CLI$ProcessingTask.processBook(CLI.java:785)
	at org.audiveris.omr.CLI$CliTask.call(CLI.java:344)
	at org.audiveris.omr.Main.runBatchTasks(Main.java:316)
	at org.audiveris.omr.Main.main(Main.java:155)
	at Audiveris.main(Audiveris.java:49)
2017-10-06 14:31:17,843 INFO [91386840]        ScoreExporter.java:93   | Score 91386840.mvt2 exported to /Users/stephenn/Documents/workspace/nlsomr/xml_out/91386487/91386840/91386840.mvt2.mxl
2017-10-06 14:31:18,002 INFO [91386840]            BasicBook.java:1395 | Stored /book.xml
2017-10-06 14:31:18,002 INFO [91386840]            BasicBook.java:1355 | Book stored as /Users/stephenn/Documents/workspace/nlsomr/xml_out/91386487/91386840/91386840.omr
