2017-10-06 15:46:26,281 INFO [91387872]            BasicBook.java:427  | 1 sheet in /Users/stephenn/Documents/workspace/nlsomr/working/91387872.jpg
2017-10-06 15:46:26,438 INFO []            BasicBook.java:1395 | Stored /book.xml
2017-10-06 15:46:26,439 INFO []            BasicBook.java:1355 | Book stored as /Users/stephenn/Documents/workspace/nlsomr/xml_out/91386487/91387872/91387872.omr
2017-10-06 15:46:26,443 INFO []            BasicBook.java:996  | Book reaching PAGE on sheets:[#1]
2017-10-06 15:46:26,445 INFO [91387872]       StepMonitoring.java:96   | LOAD
2017-10-06 15:46:26,600 INFO [91387872]            BasicBook.java:911  | Loaded image 1 2000x3056 from /Users/stephenn/Documents/workspace/nlsomr/working/91387872.jpg
2017-10-06 15:46:26,604 INFO [91387872]            ImageUtil.java:82   | Converting max RGB to gray ...
2017-10-06 15:46:26,847 INFO [91387872]            BasicBook.java:1395 | Stored /book.xml
2017-10-06 15:46:27,171 INFO [91387872]           BasicSheet.java:979  | Stored /sheet#1/sheet#1.xml
2017-10-06 15:46:27,172 INFO [91387872]       StepMonitoring.java:96   | BINARY
2017-10-06 15:46:27,761 INFO [91387872]            BasicBook.java:1395 | Stored /book.xml
2017-10-06 15:46:28,312 INFO [91387872]              Picture.java:786  | Stored /sheet#1/BINARY.xml
2017-10-06 15:46:28,314 INFO [91387872]           BasicSheet.java:979  | Stored /sheet#1/sheet#1.xml
2017-10-06 15:46:28,317 INFO [91387872]       StepMonitoring.java:96   | SCALE
2017-10-06 15:46:28,356 INFO [91387872]         ScaleBuilder.java:229  | No beam key found, guessed value 10
2017-10-06 15:46:28,356 INFO [91387872]            ScaleStep.java:87   | Scale{line(4,5,6) interline(16,17,17) beam(10 extra)}
2017-10-06 15:46:28,358 INFO [91387872]            BasicBook.java:1395 | Stored /book.xml
2017-10-06 15:46:28,361 INFO [91387872]           BasicSheet.java:979  | Stored /sheet#1/sheet#1.xml
2017-10-06 15:46:28,364 INFO [91387872]       StepMonitoring.java:96   | GRID
2017-10-06 15:46:29,345 INFO [91387872]       LinesRetriever.java:442  | Global slope: 0.00067
2017-10-06 15:46:29,435 INFO [91387872]    ClustersRetriever.java:241  | Retrieved line clusters: 12 of size: 5 with interline: (16,17,17)
2017-10-06 15:46:30,091 INFO [91387872]            PeakGraph.java:181  | Systems: #1[1, 2] #2[3, 4] #3[5, 6] #4[7, 8] #5[9, 10] #6[11, 12]
2017-10-06 15:46:31,214 INFO [91387872]        SystemManager.java:626  | Indentation detected for system#1
2017-10-06 15:46:31,215 INFO [91387872]        SystemManager.java:626  | Indentation detected for system#5
2017-10-06 15:46:31,215 INFO [91387872]        SystemManager.java:671  | 2 pages found in sheet
2017-10-06 15:46:31,216 INFO [91387872]        SystemManager.java:709  | Page #1: 1 part along 4 systems
2017-10-06 15:46:31,216 INFO [91387872]        SystemManager.java:709  | Page #2: 1 part along 2 systems
2017-10-06 15:46:31,219 INFO [91387872]            BasicBook.java:1395 | Stored /book.xml
2017-10-06 15:46:31,465 INFO [91387872]           BasicSheet.java:979  | Stored /sheet#1/sheet#1.xml
2017-10-06 15:46:31,468 INFO [91387872]       StepMonitoring.java:96   | HEADERS
2017-10-06 15:46:31,872 INFO [91387872]          Nd4jBackend.java:194  | Loaded [CpuBackend] backend
2017-10-06 15:46:31,954 INFO [91387872]      NativeOpsHolder.java:49   | Number of threads used for NativeOps: 2
2017-10-06 15:46:32,419 INFO [91387872] DefaultOpExecutioner.java:544  | Backend used: [CPU]; OS: [Mac OS X]
2017-10-06 15:46:32,420 INFO [91387872] DefaultOpExecutioner.java:545  | Cores: [4]; Memory: [3.6GB];
2017-10-06 15:46:32,421 INFO [91387872] DefaultOpExecutioner.java:546  | Blas vendor: [OPENBLAS]
2017-10-06 15:46:32,456 INFO [91387872]   AbstractClassifier.java:332  | Classifier data loaded from default uri jar:file:/Users/stephenn/Documents/workspace/audiveris/build/distributions/Audiveris/lib/audiveris.jar!/res/basic-classifier.zip
2017-10-06 15:46:35,304 INFO [91387872]           KeyBuilder.java:746  | Staff#6 key slice#3 pitch adjusted from -3.6 to -3
2017-10-06 15:46:35,599 INFO []   AbstractClassifier.java:332  | Classifier data loaded from default uri jar:file:/Users/stephenn/Documents/workspace/audiveris/build/distributions/Audiveris/lib/audiveris.jar!/res/deep-classifier.zip
2017-10-06 15:46:36,156 INFO [91387872]            BasicBook.java:1395 | Stored /book.xml
2017-10-06 15:46:36,478 INFO [91387872]           BasicSheet.java:979  | Stored /sheet#1/sheet#1.xml
2017-10-06 15:46:36,481 INFO [91387872]       StepMonitoring.java:96   | STEM_SEEDS
2017-10-06 15:46:36,835 INFO [91387872]        StemSeedsStep.java:91   | stem(4 max:5)
2017-10-06 15:46:36,995 INFO [91387872]            BasicBook.java:1395 | Stored /book.xml
2017-10-06 15:46:37,334 INFO [91387872]           BasicSheet.java:979  | Stored /sheet#1/sheet#1.xml
2017-10-06 15:46:37,337 INFO [91387872]       StepMonitoring.java:96   | BEAMS
2017-10-06 15:46:41,195 INFO [91387872]            BeamsStep.java:89   | BeamDistance{count:10 mean:6.22 stdDev:8.04}
2017-10-06 15:46:41,198 INFO [91387872]            BasicBook.java:1395 | Stored /book.xml
2017-10-06 15:46:41,264 INFO [91387872]              Picture.java:786  | Stored /sheet#1/HEAD_SPOTS.xml
2017-10-06 15:46:41,732 INFO [91387872]           BasicSheet.java:979  | Stored /sheet#1/sheet#1.xml
2017-10-06 15:46:41,735 INFO [91387872]       StepMonitoring.java:96   | LEDGERS
2017-10-06 15:46:42,220 INFO [91387872]            BasicBook.java:1395 | Stored /book.xml
2017-10-06 15:46:42,785 INFO [91387872]           BasicSheet.java:979  | Stored /sheet#1/sheet#1.xml
2017-10-06 15:46:42,788 INFO [91387872]       StepMonitoring.java:96   | HEADS
2017-10-06 15:46:46,420 INFO [91387872]            BasicBook.java:1395 | Stored /book.xml
2017-10-06 15:46:47,387 INFO [91387872]           BasicSheet.java:979  | Stored /sheet#1/sheet#1.xml
2017-10-06 15:46:47,393 INFO [91387872]       StepMonitoring.java:96   | STEMS
2017-10-06 15:46:50,121 INFO [91387872]            BasicBook.java:1395 | Stored /book.xml
2017-10-06 15:46:51,546 INFO [91387872]           BasicSheet.java:979  | Stored /sheet#1/sheet#1.xml
2017-10-06 15:46:51,549 INFO [91387872]       StepMonitoring.java:96   | REDUCTION
2017-10-06 15:46:52,056 INFO [91387872]            BasicBook.java:1395 | Stored /book.xml
2017-10-06 15:46:52,863 INFO [91387872]           BasicSheet.java:979  | Stored /sheet#1/sheet#1.xml
2017-10-06 15:46:52,866 INFO [91387872]       StepMonitoring.java:96   | CUE_BEAMS
2017-10-06 15:46:52,880 INFO [91387872]            BasicBook.java:1395 | Stored /book.xml
2017-10-06 15:46:53,698 INFO [91387872]           BasicSheet.java:979  | Stored /sheet#1/sheet#1.xml
2017-10-06 15:46:53,700 INFO [91387872]       StepMonitoring.java:96   | TEXTS
2017-10-06 15:46:55,976 INFO [91387872]            BasicBook.java:1395 | Stored /book.xml
2017-10-06 15:46:56,849 INFO [91387872]           BasicSheet.java:979  | Stored /sheet#1/sheet#1.xml
2017-10-06 15:46:56,851 INFO [91387872]       StepMonitoring.java:96   | MEASURES
2017-10-06 15:46:56,855 INFO [91387872]                 Page.java:210  | 17 raw measures: [5 in system#1, 4 in system#2, 4 in system#3, 4 in system#4]
2017-10-06 15:46:56,856 INFO [91387872]                 Page.java:210  | 9 raw measures: [5 in system#5, 4 in system#6]
2017-10-06 15:46:56,857 INFO [91387872]            BasicBook.java:1395 | Stored /book.xml
2017-10-06 15:46:57,676 INFO [91387872]           BasicSheet.java:979  | Stored /sheet#1/sheet#1.xml
2017-10-06 15:46:57,678 INFO [91387872]       StepMonitoring.java:96   | CHORDS
2017-10-06 15:46:57,681 INFO [91387872]        ChordsBuilder.java:249  | Deleting StemInter{#5753(0.676/0.845)} on LEFT side of HeadInter{#2385(0.534/0.784) s:2 p:-3.00 NOTEHEAD_VOID}
2017-10-06 15:46:57,695 INFO [91387872]            BasicBook.java:1395 | Stored /book.xml
2017-10-06 15:46:58,594 INFO [91387872]           BasicSheet.java:979  | Stored /sheet#1/sheet#1.xml
2017-10-06 15:46:58,596 INFO [91387872]       StepMonitoring.java:96   | CURVES
2017-10-06 15:47:00,520 INFO [91387872]         SlursBuilder.java:762  | RIGHT collision SlurInter{#6508(0.624)} & SlurInter{#6677(0.456)} @ HeadInter{#4948(0.657/0.802) e#6411 s:10 p:-6.00 NOTEHEAD_BLACK}
2017-10-06 15:47:00,521 INFO [91387872]         SlursBuilder.java:762  | LEFT collision SlurInter{#6559(0.088)} & SlurInter{#6648(0.403)} @ HeadInter{#4581(0.685/0.820) e#6391 s:9 p:-1.00 NOTEHEAD_BLACK}
2017-10-06 15:47:00,522 INFO [91387872]         SlursBuilder.java:762  | LEFT collision SlurInter{#6648(0.403)} & SlurInter{#6559(0.088)} @ HeadInter{#4581(0.685/0.820) e#6391 s:9 p:-1.00 NOTEHEAD_BLACK}
2017-10-06 15:47:00,522 INFO [91387872]         SlursBuilder.java:762  | RIGHT collision SlurInter{#6677(0.456)} & SlurInter{#6508(0.624)} @ HeadInter{#4948(0.657/0.802) e#6411 s:10 p:-6.00 NOTEHEAD_BLACK}
2017-10-06 15:47:00,523 INFO [91387872]         SlursBuilder.java:157  | Slurs: 43
2017-10-06 15:47:00,551 INFO [91387872]      SegmentsBuilder.java:113  | Segments: 37
2017-10-06 15:47:00,562 INFO [91387872]            BasicBook.java:1395 | Stored /book.xml
2017-10-06 15:47:01,401 INFO [91387872]           BasicSheet.java:979  | Stored /sheet#1/sheet#1.xml
2017-10-06 15:47:01,404 INFO [91387872]       StepMonitoring.java:96   | SYMBOLS
2017-10-06 15:47:01,565 INFO [91387872]       SymbolsBuilder.java:340  | Symbol parts shrunk from 8 to 7
2017-10-06 15:47:03,053 INFO [91387872]       SymbolsBuilder.java:340  | Symbol parts shrunk from 15 to 7
2017-10-06 15:47:03,728 INFO [91387872]       SymbolsBuilder.java:340  | Symbol parts shrunk from 15 to 7
2017-10-06 15:47:04,284 INFO [91387872]            BasicBook.java:1395 | Stored /book.xml
2017-10-06 15:47:05,214 INFO [91387872]           BasicSheet.java:979  | Stored /sheet#1/sheet#1.xml
2017-10-06 15:47:05,216 INFO [91387872]       StepMonitoring.java:96   | LINKS
2017-10-06 15:47:05,239 INFO [91387872]        SymbolsLinker.java:306  | No measure stack for direction SentenceInter{#6209(0.621) s:9 B-36 Direction} :92.
2017-10-06 15:47:05,267 INFO [91387872]            BasicBook.java:1395 | Stored /book.xml
2017-10-06 15:47:06,245 INFO [91387872]           BasicSheet.java:979  | Stored /sheet#1/sheet#1.xml
2017-10-06 15:47:06,248 INFO [91387872]       StepMonitoring.java:96   | RHYTHMS
2017-10-06 15:47:06,277 INFO [91387872]         SlotsBuilder.java:434  | Stack#15 endless loop detected
2017-10-06 15:47:06,285 INFO [91387872]           PageRhythm.java:314  | Range{1-17 ts:3/4} Durations avgGuess:3/4 topGuess:3/4 avgValue:0.67 stacks:17 voices:56 Histogram{1/4-1 size:6 [1/4=2 3/8=1 1/2=20 5/8=1 3/4=29 1=3]}
2017-10-06 15:47:06,292 INFO [91387872]         SlotsBuilder.java:427  | S1 MeasureStack#2 Slot{#3 xOffset=106 timeOffset=1/2 incomings=[#6253] SUSPICIOUS}
2017-10-06 15:47:06,293 INFO [91387872]                Voice.java:257  | S1 MeasureStack#2 Voice #1 too long 1/2
2017-10-06 15:47:06,293 INFO [91387872]                Voice.java:257  | S1 MeasureStack#2 Voice #2 too long 1/2
2017-10-06 15:47:06,293 INFO [91387872]           StackTuner.java:92   | S1 MeasureStack#2 no correct rhythm
2017-10-06 15:47:06,306 INFO [91387872]                Voice.java:257  | S3 MeasureStack#13 Voice #1 too long 1/4
2017-10-06 15:47:06,307 INFO [91387872]                Voice.java:257  | S3 MeasureStack#13 Voice #2 too long 1/4
2017-10-06 15:47:06,307 INFO [91387872]                Voice.java:257  | S3 MeasureStack#13 Voice #4 too long 1/4
2017-10-06 15:47:06,308 INFO [91387872]           StackTuner.java:92   | S3 MeasureStack#13 no correct rhythm
2017-10-06 15:47:06,311 INFO [91387872]         SlotsBuilder.java:434  | Stack#15 endless loop detected
2017-10-06 15:47:06,320 INFO [91387872]         SlotsBuilder.java:434  | Stack#4 endless loop detected
2017-10-06 15:47:06,330 INFO [91387872]         SlotsBuilder.java:399  | Stack#8 suspicious Slot{#2 xOffset=124 timeOffset=1/8 incomings=[#6462]}
2017-10-06 15:47:06,331 INFO [91387872]           PageRhythm.java:314  | Range{1-9 ts:3/4} Durations avgGuess:1/2 topGuess:1/4 avgValue:0.59 stacks:9 voices:22 Histogram{1/8-3/4 size:7 [1/8=1 3/16=1 1/4=8 3/8=1 1/2=6 5/8=2 3/4=3]}
2017-10-06 15:47:06,332 INFO [91387872]           PageRhythm.java:221  | S5 Range{1-9 ts:3/4 dur:1/2} should update to 1/2-based time sig?
2017-10-06 15:47:06,333 INFO [91387872]         SlotsBuilder.java:427  | S5 MeasureStack#1 Slot{#3 xOffset=214 timeOffset=1/4 incomings=[#6371] SUSPICIOUS}
2017-10-06 15:47:06,334 INFO [91387872]         SlotsBuilder.java:427  | S5 MeasureStack#1 Slot{#5 xOffset=258 timeOffset=3/8 incomings=[#6372] SUSPICIOUS}
2017-10-06 15:47:06,336 INFO [91387872]         SlotsBuilder.java:427  | S5 MeasureStack#2 Slot{#5 xOffset=185 timeOffset=1/2 incomings=[#6375] SUSPICIOUS}
2017-10-06 15:47:06,336 INFO [91387872]         SlotsBuilder.java:434  | Stack#2 endless loop detected
2017-10-06 15:47:06,337 INFO [91387872]                Voice.java:257  | S5 MeasureStack#2 Voice #1 too long 1/4
2017-10-06 15:47:06,337 INFO [91387872]                Voice.java:257  | S5 MeasureStack#2 Voice #2 too long 1/8
2017-10-06 15:47:06,337 INFO [91387872]           StackTuner.java:92   | S5 MeasureStack#2 no correct rhythm
2017-10-06 15:47:06,339 INFO [91387872]         SlotsBuilder.java:427  | S5 MeasureStack#3 Slot{#5 xOffset=171 timeOffset=1/2 incomings=[#6380] SUSPICIOUS}
2017-10-06 15:47:06,339 INFO [91387872]         SlotsBuilder.java:434  | Stack#3 endless loop detected
2017-10-06 15:47:06,340 INFO [91387872]                Voice.java:257  | S5 MeasureStack#3 Voice #1 too long 1/4
2017-10-06 15:47:06,340 INFO [91387872]                Voice.java:257  | S5 MeasureStack#3 Voice #2 too long 1/8
2017-10-06 15:47:06,340 INFO [91387872]           StackTuner.java:92   | S5 MeasureStack#3 no correct rhythm
2017-10-06 15:47:06,341 INFO [91387872]         SlotsBuilder.java:434  | Stack#4 endless loop detected
2017-10-06 15:47:06,342 INFO [91387872]         SlotsBuilder.java:427  | S5 MeasureStack#5 Slot{#6 xOffset=216 timeOffset=5/8 incomings=[#6392] SUSPICIOUS}
2017-10-06 15:47:06,343 INFO [91387872]         SlotsBuilder.java:427  | S5 MeasureStack#5 Slot{#8 xOffset=254 timeOffset=3/4 incomings=[#6393] SUSPICIOUS}
2017-10-06 15:47:06,344 INFO [91387872]                Voice.java:257  | S5 MeasureStack#5 Voice #1 too long 3/8
2017-10-06 15:47:06,344 INFO [91387872]                Voice.java:257  | S5 MeasureStack#5 Voice #2 too long 1/4
2017-10-06 15:47:06,345 INFO [91387872]           StackTuner.java:92   | S5 MeasureStack#5 no correct rhythm
2017-10-06 15:47:06,346 INFO [91387872]         SlotsBuilder.java:427  | S6 MeasureStack#6 Slot{#5 xOffset=302 timeOffset=1/2 incomings=[#6423#6425] SUSPICIOUS}
2017-10-06 15:47:06,347 INFO [91387872]         SlotsBuilder.java:434  | Stack#6 endless loop detected
2017-10-06 15:47:06,347 INFO [91387872]                Voice.java:257  | S6 MeasureStack#6 Voice #1 too long 1/4
2017-10-06 15:47:06,347 INFO [91387872]                Voice.java:257  | S6 MeasureStack#6 Voice #2 too long 1/4
2017-10-06 15:47:06,347 INFO [91387872]                Voice.java:257  | S6 MeasureStack#6 Voice #3 too long 1/8
2017-10-06 15:47:06,347 INFO [91387872]           StackTuner.java:92   | S6 MeasureStack#6 no correct rhythm
2017-10-06 15:47:06,350 INFO [91387872]                Voice.java:257  | S6 MeasureStack#7 Voice #1 too long 1/4
2017-10-06 15:47:06,351 INFO [91387872]                Voice.java:257  | S6 MeasureStack#7 Voice #2 too long 1/4
2017-10-06 15:47:06,351 INFO [91387872]                Voice.java:257  | S6 MeasureStack#7 Voice #3 too long 1/4
2017-10-06 15:47:06,351 INFO [91387872]           StackTuner.java:92   | S6 MeasureStack#7 no correct rhythm
2017-10-06 15:47:06,353 INFO [91387872]         SlotsBuilder.java:427  | S6 MeasureStack#8 Slot{#5 xOffset=218 timeOffset=1/4 incomings=[#6463] SUSPICIOUS}
2017-10-06 15:47:06,354 INFO [91387872]         SlotsBuilder.java:427  | S6 MeasureStack#8 Slot{#8 xOffset=344 timeOffset=3/8 incomings=[#6464] SUSPICIOUS}
2017-10-06 15:47:06,355 INFO [91387872]         SlotsBuilder.java:427  | S6 MeasureStack#8 Slot{#11 xOffset=444 timeOffset=1/2 incomings=[#6465] SUSPICIOUS}
2017-10-06 15:47:06,356 INFO [91387872]         SlotsBuilder.java:427  | S6 MeasureStack#8 Slot{#13 xOffset=506 timeOffset=3/4 incomings=[#6466] SUSPICIOUS}
2017-10-06 15:47:06,356 INFO [91387872]                Voice.java:257  | S6 MeasureStack#8 Voice #2 too long 3/16
2017-10-06 15:47:06,357 INFO [91387872]                Voice.java:257  | S6 MeasureStack#8 Voice #4 too long 1/2
2017-10-06 15:47:06,357 INFO [91387872]           StackTuner.java:92   | S6 MeasureStack#8 no correct rhythm
2017-10-06 15:47:06,360 INFO [91387872]            BasicBook.java:1395 | Stored /book.xml
2017-10-06 15:47:07,392 INFO [91387872]           BasicSheet.java:979  | Stored /sheet#1/sheet#1.xml
2017-10-06 15:47:07,395 INFO [91387872]       StepMonitoring.java:96   | PAGE
2017-10-06 15:47:07,398 INFO [91387872]                 Part.java:275  | Could not right-connect slur#6554
2017-10-06 15:47:07,399 INFO [91387872]                 Part.java:275  | Could not right-connect slur#6549
2017-10-06 15:47:07,402 INFO [91387872]                Voice.java:257  | S1 MeasureStack#2 Voice #1 too long 1/2
2017-10-06 15:47:07,403 INFO [91387872]                Voice.java:257  | S1 MeasureStack#2 Voice #2 too long 1/2
2017-10-06 15:47:07,403 INFO [91387872]                Voice.java:257  | S3 MeasureStack#13 Voice #1 too long 1/4
2017-10-06 15:47:07,403 INFO [91387872]                Voice.java:257  | S3 MeasureStack#13 Voice #2 too long 1/4
2017-10-06 15:47:07,404 INFO [91387872]                Voice.java:257  | S3 MeasureStack#13 Voice #4 too long 1/4
2017-10-06 15:47:07,404 INFO [91387872]                 Part.java:275  | Could not right-connect slur#6648
2017-10-06 15:47:07,405 INFO [91387872]                Voice.java:257  | S5 MeasureStack#2 Voice #1 too long 1/4
2017-10-06 15:47:07,405 INFO [91387872]                Voice.java:257  | S5 MeasureStack#2 Voice #2 too long 1/8
2017-10-06 15:47:07,405 INFO [91387872]                Voice.java:257  | S5 MeasureStack#3 Voice #1 too long 1/4
2017-10-06 15:47:07,405 INFO [91387872]                Voice.java:257  | S5 MeasureStack#3 Voice #2 too long 1/8
2017-10-06 15:47:07,406 INFO [91387872]                Voice.java:257  | S5 MeasureStack#5 Voice #1 too long 3/8
2017-10-06 15:47:07,406 INFO [91387872]                Voice.java:257  | S5 MeasureStack#5 Voice #2 too long 1/4
2017-10-06 15:47:07,406 INFO [91387872]                Voice.java:257  | S6 MeasureStack#6 Voice #1 too long 1/4
2017-10-06 15:47:07,406 INFO [91387872]                Voice.java:257  | S6 MeasureStack#6 Voice #2 too long 1/4
2017-10-06 15:47:07,406 INFO [91387872]                Voice.java:257  | S6 MeasureStack#6 Voice #3 too long 1/8
2017-10-06 15:47:07,407 INFO [91387872]                Voice.java:257  | S6 MeasureStack#7 Voice #1 too long 1/4
2017-10-06 15:47:07,407 INFO [91387872]                Voice.java:257  | S6 MeasureStack#7 Voice #2 too long 1/4
2017-10-06 15:47:07,407 INFO [91387872]                Voice.java:257  | S6 MeasureStack#7 Voice #3 too long 1/4
2017-10-06 15:47:07,408 INFO [91387872]                Voice.java:257  | S6 MeasureStack#8 Voice #2 too long 3/16
2017-10-06 15:47:07,408 INFO [91387872]                Voice.java:257  | S6 MeasureStack#8 Voice #4 too long 1/2
2017-10-06 15:47:07,409 INFO [91387872]            BasicBook.java:1395 | Stored /book.xml
2017-10-06 15:47:08,498 INFO [91387872]           BasicSheet.java:979  | Stored /sheet#1/sheet#1.xml
2017-10-06 15:47:08,502 INFO [91387872]            BasicStub.java:723  | Sheet{91387872} disposed
2017-10-06 15:47:09,748 INFO [91387872]            BasicStub.java:449  | Loaded /sheet#1/sheet#1.xml
2017-10-06 15:47:09,750 INFO [91387872]            BasicBook.java:1133 | Scores built: 2
2017-10-06 15:47:11,065 INFO [91387872]        ScoreExporter.java:93   | Score 91387872.mvt1 exported to /Users/stephenn/Documents/workspace/nlsomr/xml_out/91386487/91387872/91387872.mvt1.mxl
2017-10-06 15:47:11,094 INFO [91387872]        ScoreExporter.java:93   | Score 91387872.mvt2 exported to /Users/stephenn/Documents/workspace/nlsomr/xml_out/91386487/91387872/91387872.mvt2.mxl
2017-10-06 15:47:11,281 INFO [91387872]            BasicBook.java:1395 | Stored /book.xml
2017-10-06 15:47:11,281 INFO [91387872]            BasicBook.java:1355 | Book stored as /Users/stephenn/Documents/workspace/nlsomr/xml_out/91386487/91387872/91387872.omr
