2017-10-06 14:56:11,096 INFO [91387188]            BasicBook.java:427  | 1 sheet in /Users/stephenn/Documents/workspace/nlsomr/working/91387188.jpg
2017-10-06 14:56:11,245 INFO []            BasicBook.java:1395 | Stored /book.xml
2017-10-06 14:56:11,246 INFO []            BasicBook.java:1355 | Book stored as /Users/stephenn/Documents/workspace/nlsomr/xml_out/91386487/91387188/91387188.omr
2017-10-06 14:56:11,251 INFO []            BasicBook.java:996  | Book reaching PAGE on sheets:[#1]
2017-10-06 14:56:11,253 INFO [91387188]       StepMonitoring.java:96   | LOAD
2017-10-06 14:56:11,404 INFO [91387188]            BasicBook.java:911  | Loaded image 1 2000x3056 from /Users/stephenn/Documents/workspace/nlsomr/working/91387188.jpg
2017-10-06 14:56:11,408 INFO [91387188]            ImageUtil.java:82   | Converting max RGB to gray ...
2017-10-06 14:56:11,667 INFO [91387188]            BasicBook.java:1395 | Stored /book.xml
2017-10-06 14:56:11,993 INFO [91387188]           BasicSheet.java:979  | Stored /sheet#1/sheet#1.xml
2017-10-06 14:56:11,994 INFO [91387188]       StepMonitoring.java:96   | BINARY
2017-10-06 14:56:12,624 INFO [91387188]            BasicBook.java:1395 | Stored /book.xml
2017-10-06 14:56:12,948 INFO [91387188]              Picture.java:786  | Stored /sheet#1/BINARY.xml
2017-10-06 14:56:12,950 INFO [91387188]           BasicSheet.java:979  | Stored /sheet#1/sheet#1.xml
2017-10-06 14:56:12,952 INFO [91387188]       StepMonitoring.java:96   | SCALE
2017-10-06 14:56:12,999 INFO [91387188]            ScaleStep.java:87   | Scale{line(3,4,5) interline(16,16,17) beam(13)}
2017-10-06 14:56:13,001 INFO [91387188]            BasicBook.java:1395 | Stored /book.xml
2017-10-06 14:56:13,003 INFO [91387188]           BasicSheet.java:979  | Stored /sheet#1/sheet#1.xml
2017-10-06 14:56:13,005 INFO [91387188]       StepMonitoring.java:96   | GRID
2017-10-06 14:56:13,939 INFO [91387188]       LinesRetriever.java:442  | Global slope: -0.00122
2017-10-06 14:56:14,034 INFO [91387188]    ClustersRetriever.java:241  | Retrieved line clusters: 12 of size: 5 with interline: (16,16,17)
2017-10-06 14:56:14,545 INFO [91387188]            PeakGraph.java:181  | Systems: #1[1, 2] #2[3, 4] #3[5, 6] #4[7, 8] #5[9, 10] #6[11, 12]
2017-10-06 14:56:15,497 INFO [91387188]        SystemManager.java:626  | Indentation detected for system#3
2017-10-06 14:56:15,498 INFO [91387188]        SystemManager.java:671  | 2 pages found in sheet
2017-10-06 14:56:15,499 INFO [91387188]        SystemManager.java:709  | Page #1: 1 part along 2 systems
2017-10-06 14:56:15,499 INFO [91387188]        SystemManager.java:709  | Page #2: 1 part along 4 systems
2017-10-06 14:56:15,502 INFO [91387188]            BasicBook.java:1395 | Stored /book.xml
2017-10-06 14:56:15,714 INFO [91387188]           BasicSheet.java:979  | Stored /sheet#1/sheet#1.xml
2017-10-06 14:56:15,717 INFO [91387188]       StepMonitoring.java:96   | HEADERS
2017-10-06 14:56:16,142 INFO []          Nd4jBackend.java:194  | Loaded [CpuBackend] backend
2017-10-06 14:56:16,223 INFO []      NativeOpsHolder.java:49   | Number of threads used for NativeOps: 2
2017-10-06 14:56:16,664 INFO [] DefaultOpExecutioner.java:544  | Backend used: [CPU]; OS: [Mac OS X]
2017-10-06 14:56:16,664 INFO [] DefaultOpExecutioner.java:545  | Cores: [4]; Memory: [3.6GB];
2017-10-06 14:56:16,664 INFO [] DefaultOpExecutioner.java:546  | Blas vendor: [OPENBLAS]
2017-10-06 14:56:16,701 INFO []   AbstractClassifier.java:332  | Classifier data loaded from default uri jar:file:/Users/stephenn/Documents/workspace/audiveris/build/distributions/Audiveris/lib/audiveris.jar!/res/basic-classifier.zip
2017-10-06 14:56:18,380 WARN [91387188]          ClefBuilder.java:560  | Staff#4 no header clef.
2017-10-06 14:56:18,847 WARN [91387188]          ClefBuilder.java:560  | Staff#8 no header clef.
2017-10-06 14:56:19,228 WARN [91387188]          ClefBuilder.java:560  | Staff#12 no header clef.
2017-10-06 14:56:19,231 INFO [91387188]            BasicBook.java:1395 | Stored /book.xml
2017-10-06 14:56:19,546 INFO [91387188]           BasicSheet.java:979  | Stored /sheet#1/sheet#1.xml
2017-10-06 14:56:19,548 INFO [91387188]       StepMonitoring.java:96   | STEM_SEEDS
2017-10-06 14:56:19,650 INFO [91387188]        StemSeedsStep.java:91   | stem(4 max:4)
2017-10-06 14:56:19,805 INFO [91387188]            BasicBook.java:1395 | Stored /book.xml
2017-10-06 14:56:19,879 INFO []   AbstractClassifier.java:332  | Classifier data loaded from default uri jar:file:/Users/stephenn/Documents/workspace/audiveris/build/distributions/Audiveris/lib/audiveris.jar!/res/deep-classifier.zip
2017-10-06 14:56:20,087 INFO [91387188]           BasicSheet.java:979  | Stored /sheet#1/sheet#1.xml
2017-10-06 14:56:20,090 INFO [91387188]       StepMonitoring.java:96   | BEAMS
2017-10-06 14:56:24,954 INFO [91387188]            BeamsStep.java:89   | BeamDistance{count:18 mean:14.88 stdDev:0.43}
2017-10-06 14:56:24,960 INFO [91387188]            BasicBook.java:1395 | Stored /book.xml
2017-10-06 14:56:25,018 INFO [91387188]              Picture.java:786  | Stored /sheet#1/HEAD_SPOTS.xml
2017-10-06 14:56:25,368 INFO [91387188]           BasicSheet.java:979  | Stored /sheet#1/sheet#1.xml
2017-10-06 14:56:25,370 INFO [91387188]       StepMonitoring.java:96   | LEDGERS
2017-10-06 14:56:25,946 INFO [91387188]            BasicBook.java:1395 | Stored /book.xml
2017-10-06 14:56:26,341 INFO [91387188]           BasicSheet.java:979  | Stored /sheet#1/sheet#1.xml
2017-10-06 14:56:26,343 INFO [91387188]       StepMonitoring.java:96   | HEADS
2017-10-06 14:56:29,037 INFO [91387188]            BasicBook.java:1395 | Stored /book.xml
2017-10-06 14:56:30,012 INFO [91387188]           BasicSheet.java:979  | Stored /sheet#1/sheet#1.xml
2017-10-06 14:56:30,015 INFO [91387188]       StepMonitoring.java:96   | STEMS
2017-10-06 14:56:31,842 INFO [91387188]            BasicBook.java:1395 | Stored /book.xml
2017-10-06 14:56:32,950 INFO [91387188]           BasicSheet.java:979  | Stored /sheet#1/sheet#1.xml
2017-10-06 14:56:32,952 INFO [91387188]       StepMonitoring.java:96   | REDUCTION
2017-10-06 14:56:33,598 INFO [91387188]            BasicBook.java:1395 | Stored /book.xml
2017-10-06 14:56:34,426 INFO [91387188]           BasicSheet.java:979  | Stored /sheet#1/sheet#1.xml
2017-10-06 14:56:34,429 INFO [91387188]       StepMonitoring.java:96   | CUE_BEAMS
2017-10-06 14:56:34,433 INFO [91387188]            BasicBook.java:1395 | Stored /book.xml
2017-10-06 14:56:35,203 INFO [91387188]           BasicSheet.java:979  | Stored /sheet#1/sheet#1.xml
2017-10-06 14:56:35,205 INFO [91387188]       StepMonitoring.java:96   | TEXTS
2017-10-06 14:56:36,730 INFO [91387188]            BasicBook.java:1395 | Stored /book.xml
2017-10-06 14:56:37,549 INFO [91387188]           BasicSheet.java:979  | Stored /sheet#1/sheet#1.xml
2017-10-06 14:56:37,551 INFO [91387188]       StepMonitoring.java:96   | MEASURES
2017-10-06 14:56:37,559 INFO [91387188]                 Page.java:210  | 9 raw measures: [5 in system#1, 4 in system#2]
2017-10-06 14:56:37,560 INFO [91387188]                 Page.java:210  | 18 raw measures: [4 in system#3, 5 in system#4, 5 in system#5, 4 in system#6]
2017-10-06 14:56:37,562 INFO [91387188]            BasicBook.java:1395 | Stored /book.xml
2017-10-06 14:56:38,330 INFO [91387188]           BasicSheet.java:979  | Stored /sheet#1/sheet#1.xml
2017-10-06 14:56:38,333 INFO [91387188]       StepMonitoring.java:96   | CHORDS
2017-10-06 14:56:38,351 INFO [91387188]            BasicBook.java:1395 | Stored /book.xml
2017-10-06 14:56:39,210 INFO [91387188]           BasicSheet.java:979  | Stored /sheet#1/sheet#1.xml
2017-10-06 14:56:39,213 INFO [91387188]       StepMonitoring.java:96   | CURVES
2017-10-06 14:56:40,578 INFO [91387188]         SlursBuilder.java:157  | Slurs: 26
2017-10-06 14:56:40,598 INFO [91387188]      SegmentsBuilder.java:113  | Segments: 23
2017-10-06 14:56:40,606 INFO [91387188]            BasicBook.java:1395 | Stored /book.xml
2017-10-06 14:56:41,430 INFO [91387188]           BasicSheet.java:979  | Stored /sheet#1/sheet#1.xml
2017-10-06 14:56:41,432 INFO [91387188]       StepMonitoring.java:96   | SYMBOLS
2017-10-06 14:56:44,306 INFO [91387188]            BasicBook.java:1395 | Stored /book.xml
2017-10-06 14:56:45,314 INFO [91387188]           BasicSheet.java:979  | Stored /sheet#1/sheet#1.xml
2017-10-06 14:56:45,316 INFO [91387188]       StepMonitoring.java:96   | LINKS
2017-10-06 14:56:45,375 INFO [91387188]            BasicBook.java:1395 | Stored /book.xml
2017-10-06 14:56:46,383 INFO [91387188]           BasicSheet.java:979  | Stored /sheet#1/sheet#1.xml
2017-10-06 14:56:46,385 INFO [91387188]       StepMonitoring.java:96   | RHYTHMS
2017-10-06 14:56:46,428 INFO [91387188]           PageRhythm.java:314  | Range{1-9} Durations avgGuess:1 topGuess:1 avgValue:0.90 stacks:9 voices:27 Histogram{3/16-17/16 size:6 [3/16=1 1/4=6 5/8=1 3/4=7 1=11 17/16=1]}
2017-10-06 14:56:46,429 INFO [91387188]           PageRhythm.java:221  | S1 Range{1-9 dur:1} should update to 1-based time sig?
2017-10-06 14:56:46,434 INFO [91387188]                Voice.java:257  | S1 MeasureStack#3 Voice #1 too long 1/16
2017-10-06 14:56:46,435 INFO [91387188]           StackTuner.java:92   | S1 MeasureStack#3 no correct rhythm
2017-10-06 14:56:46,438 INFO [91387188]         SlotsBuilder.java:427  | S1 MeasureStack#4 Slot{#3 xOffset=75 timeOffset=1/4 incomings=[#5805] SUSPICIOUS}
2017-10-06 14:56:46,440 INFO [91387188]                Voice.java:257  | S1 MeasureStack#4 Voice #1 too long 1/8
2017-10-06 14:56:46,441 INFO [91387188]                Voice.java:257  | S1 MeasureStack#4 Voice #2 too long 1/8
2017-10-06 14:56:46,441 INFO [91387188]                Voice.java:257  | S1 MeasureStack#4 Voice #3 too long 1/8
2017-10-06 14:56:46,441 INFO [91387188]           StackTuner.java:92   | S1 MeasureStack#4 no correct rhythm
2017-10-06 14:56:46,453 INFO [91387188]         SlotsBuilder.java:427  | S2 MeasureStack#8 Slot{#3 xOffset=86 timeOffset=3/16 incomings=[#5873] SUSPICIOUS}
2017-10-06 14:56:46,454 INFO [91387188]         SlotsBuilder.java:427  | S2 MeasureStack#8 Slot{#5 xOffset=131 timeOffset=5/16 incomings=[#5874] SUSPICIOUS}
2017-10-06 14:56:46,459 INFO [91387188]         SlotsBuilder.java:427  | S2 MeasureStack#8 Slot{#8 xOffset=225 timeOffset=9/16 incomings=[#5875#5876] SUSPICIOUS}
2017-10-06 14:56:46,460 INFO [91387188]         SlotsBuilder.java:427  | S2 MeasureStack#8 Slot{#11 xOffset=317 timeOffset=13/16 incomings=[#5877] SUSPICIOUS}
2017-10-06 14:56:46,460 INFO [91387188]         SlotsBuilder.java:427  | S2 MeasureStack#8 Slot{#13 xOffset=366 timeOffset=15/16 incomings=[#5878] SUSPICIOUS}
2017-10-06 14:56:46,460 INFO [91387188]                Voice.java:257  | S2 MeasureStack#8 Voice #3 too long 1/16
2017-10-06 14:56:46,461 INFO [91387188]                Voice.java:257  | S2 MeasureStack#8 Voice #4 too long 1/16
2017-10-06 14:56:46,462 INFO [91387188]           StackTuner.java:92   | S2 MeasureStack#8 no correct rhythm
2017-10-06 14:56:46,491 INFO [91387188]           PageRhythm.java:314  | Range{1-18 ts:6/8} Durations avgGuess:3/4 topGuess:3/4 avgValue:0.75 stacks:18 voices:51 Histogram{1/8-5/4 size:8 [1/8=2 1/4=1 1/2=9 5/8=5 3/4=18 7/8=11 1=4 5/4=1]}
2017-10-06 14:56:46,493 INFO [91387188]                Voice.java:257  | S3 MeasureStack#2 Voice #1 too long 1/4
2017-10-06 14:56:46,494 INFO [91387188]           StackTuner.java:92   | S3 MeasureStack#2 no correct rhythm
2017-10-06 14:56:46,495 INFO [91387188]                Voice.java:257  | S3 MeasureStack#3 Voice #1 too long 1/8
2017-10-06 14:56:46,496 INFO [91387188]                Voice.java:257  | S3 MeasureStack#3 Voice #2 too long 1/8
2017-10-06 14:56:46,496 INFO [91387188]                Voice.java:257  | S3 MeasureStack#3 Voice #3 too long 1/8
2017-10-06 14:56:46,496 INFO [91387188]           StackTuner.java:92   | S3 MeasureStack#3 no correct rhythm
2017-10-06 14:56:46,497 INFO [91387188]                Voice.java:257  | S3 MeasureStack#4 Voice #1 too long 1/2
2017-10-06 14:56:46,498 INFO [91387188]           StackTuner.java:92   | S3 MeasureStack#4 no correct rhythm
2017-10-06 14:56:46,500 INFO [91387188]                Voice.java:257  | S4 MeasureStack#6 Voice #1 too long 1/4
2017-10-06 14:56:46,500 INFO [91387188]           StackTuner.java:92   | S4 MeasureStack#6 no correct rhythm
2017-10-06 14:56:46,502 INFO [91387188]                Voice.java:257  | S4 MeasureStack#7 Voice #1 too long 1/8
2017-10-06 14:56:46,502 INFO [91387188]                Voice.java:257  | S4 MeasureStack#7 Voice #3 too long 1/8
2017-10-06 14:56:46,502 INFO [91387188]           StackTuner.java:92   | S4 MeasureStack#7 no correct rhythm
2017-10-06 14:56:46,504 INFO [91387188]                Voice.java:257  | S4 MeasureStack#8 Voice #1 too long 1/8
2017-10-06 14:56:46,504 INFO [91387188]           StackTuner.java:92   | S4 MeasureStack#8 no correct rhythm
2017-10-06 14:56:46,506 INFO [91387188]                Voice.java:257  | S5 MeasureStack#11 Voice #1 too long 1/8
2017-10-06 14:56:46,507 INFO [91387188]           StackTuner.java:92   | S5 MeasureStack#11 no correct rhythm
2017-10-06 14:56:46,509 INFO [91387188]                Voice.java:257  | S5 MeasureStack#13 Voice #1 too long 1/4
2017-10-06 14:56:46,510 INFO [91387188]           StackTuner.java:92   | S5 MeasureStack#13 no correct rhythm
2017-10-06 14:56:46,512 INFO [91387188]                Voice.java:257  | S6 MeasureStack#15 Voice #1 too long 1/4
2017-10-06 14:56:46,513 INFO [91387188]           StackTuner.java:92   | S6 MeasureStack#15 no correct rhythm
2017-10-06 14:56:46,515 INFO [91387188]                Voice.java:257  | S6 MeasureStack#16 Voice #1 too long 1/8
2017-10-06 14:56:46,515 INFO [91387188]                Voice.java:257  | S6 MeasureStack#16 Voice #2 too long 1/8
2017-10-06 14:56:46,515 INFO [91387188]                Voice.java:257  | S6 MeasureStack#16 Voice #3 too long 1/8
2017-10-06 14:56:46,516 INFO [91387188]           StackTuner.java:92   | S6 MeasureStack#16 no correct rhythm
2017-10-06 14:56:46,517 INFO [91387188]                Voice.java:257  | S6 MeasureStack#17 Voice #1 too long 1/8
2017-10-06 14:56:46,518 INFO [91387188]           StackTuner.java:92   | S6 MeasureStack#17 no correct rhythm
2017-10-06 14:56:46,522 INFO [91387188]            BasicBook.java:1395 | Stored /book.xml
2017-10-06 14:56:47,595 INFO [91387188]           BasicSheet.java:979  | Stored /sheet#1/sheet#1.xml
2017-10-06 14:56:47,597 INFO [91387188]       StepMonitoring.java:96   | PAGE
2017-10-06 14:56:47,601 INFO [91387188]                Voice.java:257  | S1 MeasureStack#3 Voice #1 too long 1/16
2017-10-06 14:56:47,602 INFO [91387188]                Voice.java:257  | S1 MeasureStack#4 Voice #1 too long 1/8
2017-10-06 14:56:47,602 INFO [91387188]                Voice.java:257  | S1 MeasureStack#4 Voice #2 too long 1/8
2017-10-06 14:56:47,602 INFO [91387188]                Voice.java:257  | S1 MeasureStack#4 Voice #3 too long 1/8
2017-10-06 14:56:47,603 INFO [91387188]                Voice.java:257  | S2 MeasureStack#8 Voice #3 too long 1/16
2017-10-06 14:56:47,603 INFO [91387188]                Voice.java:257  | S2 MeasureStack#8 Voice #4 too long 1/16
2017-10-06 14:56:47,604 INFO [91387188]                Voice.java:257  | S3 MeasureStack#2 Voice #1 too long 1/4
2017-10-06 14:56:47,604 INFO [91387188]                Voice.java:257  | S3 MeasureStack#3 Voice #1 too long 1/8
2017-10-06 14:56:47,605 INFO [91387188]                Voice.java:257  | S3 MeasureStack#3 Voice #2 too long 1/8
2017-10-06 14:56:47,605 INFO [91387188]                Voice.java:257  | S3 MeasureStack#3 Voice #3 too long 1/8
2017-10-06 14:56:47,605 INFO [91387188]                Voice.java:257  | S3 MeasureStack#4 Voice #1 too long 1/2
2017-10-06 14:56:47,606 INFO [91387188]                Voice.java:257  | S4 MeasureStack#6 Voice #1 too long 1/4
2017-10-06 14:56:47,606 INFO [91387188]                Voice.java:257  | S4 MeasureStack#7 Voice #1 too long 1/8
2017-10-06 14:56:47,606 INFO [91387188]                Voice.java:257  | S4 MeasureStack#7 Voice #3 too long 1/8
2017-10-06 14:56:47,607 INFO [91387188]                Voice.java:257  | S4 MeasureStack#8 Voice #1 too long 1/8
2017-10-06 14:56:47,608 INFO [91387188]                Voice.java:257  | S5 MeasureStack#11 Voice #1 too long 1/8
2017-10-06 14:56:47,608 INFO [91387188]                Voice.java:257  | S5 MeasureStack#13 Voice #1 too long 1/4
2017-10-06 14:56:47,609 INFO [91387188]                Voice.java:257  | S6 MeasureStack#15 Voice #1 too long 1/4
2017-10-06 14:56:47,609 INFO [91387188]                Voice.java:257  | S6 MeasureStack#16 Voice #1 too long 1/8
2017-10-06 14:56:47,609 INFO [91387188]                Voice.java:257  | S6 MeasureStack#16 Voice #2 too long 1/8
2017-10-06 14:56:47,609 INFO [91387188]                Voice.java:257  | S6 MeasureStack#16 Voice #3 too long 1/8
2017-10-06 14:56:47,610 INFO [91387188]                Voice.java:257  | S6 MeasureStack#17 Voice #1 too long 1/8
2017-10-06 14:56:47,613 INFO [91387188]            BasicBook.java:1395 | Stored /book.xml
2017-10-06 14:56:48,638 INFO [91387188]           BasicSheet.java:979  | Stored /sheet#1/sheet#1.xml
2017-10-06 14:56:48,641 INFO [91387188]            BasicStub.java:723  | Sheet{91387188} disposed
2017-10-06 14:56:49,653 WARN [91387188]              SIGraph.java:192  | Error in class org.audiveris.omr.sig.SIGraph afterReload() java.lang.ClassCastException: org.audiveris.omr.sig.inter.SmallChordInter cannot be cast to org.audiveris.omr.sig.inter.HeadChordInter
java.lang.ClassCastException: org.audiveris.omr.sig.inter.SmallChordInter cannot be cast to org.audiveris.omr.sig.inter.HeadChordInter
	at org.audiveris.omr.sig.inter.ArticulationInter.getStaff(ArticulationInter.java:102)
	at org.audiveris.omr.sheet.Staff$StaffHolder.checkStaffHolder(Staff.java:1804)
	at org.audiveris.omr.sig.SIGraph.afterReload(SIGraph.java:189)
	at org.audiveris.omr.sheet.SystemInfo.afterReload(SystemInfo.java:257)
	at org.audiveris.omr.sheet.BasicSheet.afterReload(BasicSheet.java:327)
	at org.audiveris.omr.sheet.BasicStub.getSheet(BasicStub.java:448)
	at org.audiveris.omr.sheet.BasicStub.getSheet(BasicStub.java:86)
	at org.audiveris.omr.score.Score.getPage(Score.java:608)
	at org.audiveris.omr.score.Score.getPages(Score.java:380)
	at org.audiveris.omr.score.ScoreReduction.<init>(ScoreReduction.java:94)
	at org.audiveris.omr.sheet.BasicBook.reduceScores(BasicBook.java:1109)
	at org.audiveris.omr.sheet.BasicBook.transcribe(BasicBook.java:1448)
	at org.audiveris.omr.sheet.BasicBook.export(BasicBook.java:558)
	at org.audiveris.omr.CLI$ProcessingTask.processBook(CLI.java:785)
	at org.audiveris.omr.CLI$CliTask.call(CLI.java:344)
	at org.audiveris.omr.Main.runBatchTasks(Main.java:316)
	at org.audiveris.omr.Main.main(Main.java:155)
	at Audiveris.main(Audiveris.java:49)
2017-10-06 14:56:49,672 INFO [91387188]            BasicStub.java:449  | Loaded /sheet#1/sheet#1.xml
2017-10-06 14:56:49,674 INFO [91387188]            BasicBook.java:1133 | Scores built: 2
2017-10-06 14:56:50,633 WARN [91387188]      PartwiseBuilder.java:1379 | Error visiting null
java.lang.NullPointerException: null
	at org.audiveris.omr.score.PartwiseBuilder.processKey(PartwiseBuilder.java:1344)
	at org.audiveris.omr.score.PartwiseBuilder.processKeys(PartwiseBuilder.java:1407)
	at org.audiveris.omr.score.PartwiseBuilder.processMeasure(PartwiseBuilder.java:1575)
	at org.audiveris.omr.score.PartwiseBuilder.processPart(PartwiseBuilder.java:1988)
	at org.audiveris.omr.score.PartwiseBuilder.processSystem(PartwiseBuilder.java:2528)
	at org.audiveris.omr.score.PartwiseBuilder.processLogicalPart(PartwiseBuilder.java:1433)
	at org.audiveris.omr.score.PartwiseBuilder.processStub(PartwiseBuilder.java:2483)
	at org.audiveris.omr.score.PartwiseBuilder.processPartList(PartwiseBuilder.java:2017)
	at org.audiveris.omr.score.PartwiseBuilder.processScore(PartwiseBuilder.java:2195)
	at org.audiveris.omr.score.PartwiseBuilder.build(PartwiseBuilder.java:307)
	at org.audiveris.omr.score.ScoreExporter.export(ScoreExporter.java:117)
	at org.audiveris.omr.score.ScoreExporter.export(ScoreExporter.java:91)
	at org.audiveris.omr.sheet.BasicBook.export(BasicBook.java:589)
	at org.audiveris.omr.CLI$ProcessingTask.processBook(CLI.java:785)
	at org.audiveris.omr.CLI$CliTask.call(CLI.java:344)
	at org.audiveris.omr.Main.runBatchTasks(Main.java:316)
	at org.audiveris.omr.Main.main(Main.java:155)
	at Audiveris.main(Audiveris.java:49)
2017-10-06 14:56:50,690 INFO [91387188]        ScoreExporter.java:93   | Score 91387188.mvt1 exported to /Users/stephenn/Documents/workspace/nlsomr/xml_out/91386487/91387188/91387188.mvt1.mxl
2017-10-06 14:56:50,729 INFO [91387188]        ScoreExporter.java:93   | Score 91387188.mvt2 exported to /Users/stephenn/Documents/workspace/nlsomr/xml_out/91386487/91387188/91387188.mvt2.mxl
2017-10-06 14:56:50,888 INFO [91387188]            BasicBook.java:1395 | Stored /book.xml
2017-10-06 14:56:50,889 INFO [91387188]            BasicBook.java:1355 | Book stored as /Users/stephenn/Documents/workspace/nlsomr/xml_out/91386487/91387188/91387188.omr
