2017-10-06 16:00:11,324 INFO [91388052]            BasicBook.java:427  | 1 sheet in /Users/stephenn/Documents/workspace/nlsomr/working/91388052.jpg
2017-10-06 16:00:11,529 INFO []            BasicBook.java:1395 | Stored /book.xml
2017-10-06 16:00:11,529 INFO []            BasicBook.java:1355 | Book stored as /Users/stephenn/Documents/workspace/nlsomr/xml_out/91386487/91388052/91388052.omr
2017-10-06 16:00:11,536 INFO []            BasicBook.java:996  | Book reaching PAGE on sheets:[#1]
2017-10-06 16:00:11,538 INFO [91388052]       StepMonitoring.java:96   | LOAD
2017-10-06 16:00:11,704 INFO [91388052]            BasicBook.java:911  | Loaded image 1 2000x3056 from /Users/stephenn/Documents/workspace/nlsomr/working/91388052.jpg
2017-10-06 16:00:11,708 INFO [91388052]            ImageUtil.java:82   | Converting max RGB to gray ...
2017-10-06 16:00:12,031 INFO [91388052]            BasicBook.java:1395 | Stored /book.xml
2017-10-06 16:00:12,532 INFO [91388052]           BasicSheet.java:979  | Stored /sheet#1/sheet#1.xml
2017-10-06 16:00:12,534 INFO [91388052]       StepMonitoring.java:96   | BINARY
2017-10-06 16:00:13,262 INFO [91388052]            BasicBook.java:1395 | Stored /book.xml
2017-10-06 16:00:13,607 INFO [91388052]              Picture.java:786  | Stored /sheet#1/BINARY.xml
2017-10-06 16:00:13,609 INFO [91388052]           BasicSheet.java:979  | Stored /sheet#1/sheet#1.xml
2017-10-06 16:00:13,611 INFO [91388052]       StepMonitoring.java:96   | SCALE
2017-10-06 16:00:13,650 INFO [91388052]            ScaleStep.java:87   | Scale{line(3,5,6) interline(16,16,17) beam(13)}
2017-10-06 16:00:13,653 INFO [91388052]            BasicBook.java:1395 | Stored /book.xml
2017-10-06 16:00:13,655 INFO [91388052]           BasicSheet.java:979  | Stored /sheet#1/sheet#1.xml
2017-10-06 16:00:13,657 INFO [91388052]       StepMonitoring.java:96   | GRID
2017-10-06 16:00:14,779 INFO [91388052]       LinesRetriever.java:442  | Global slope: -0.00225
2017-10-06 16:00:14,909 INFO [91388052]    ClustersRetriever.java:241  | Retrieved line clusters: 12 of size: 5 with interline: (16,16,17)
2017-10-06 16:00:15,540 INFO [91388052]            PeakGraph.java:181  | Systems: #1[1, 2] #2[3, 4] #3[5, 6] #4[7, 8] #5[9, 10] #6[11, 12]
2017-10-06 16:00:16,514 INFO [91388052]        SystemManager.java:626  | Indentation detected for system#3
2017-10-06 16:00:16,515 INFO [91388052]        SystemManager.java:671  | 2 pages found in sheet
2017-10-06 16:00:16,515 INFO [91388052]        SystemManager.java:709  | Page #1: 1 part along 2 systems
2017-10-06 16:00:16,516 INFO [91388052]        SystemManager.java:709  | Page #2: 1 part along 4 systems
2017-10-06 16:00:16,520 INFO [91388052]            BasicBook.java:1395 | Stored /book.xml
2017-10-06 16:00:16,751 INFO [91388052]           BasicSheet.java:979  | Stored /sheet#1/sheet#1.xml
2017-10-06 16:00:16,755 INFO [91388052]       StepMonitoring.java:96   | HEADERS
2017-10-06 16:00:17,195 INFO []          Nd4jBackend.java:194  | Loaded [CpuBackend] backend
2017-10-06 16:00:17,260 INFO []      NativeOpsHolder.java:49   | Number of threads used for NativeOps: 2
2017-10-06 16:00:17,809 INFO [] DefaultOpExecutioner.java:544  | Backend used: [CPU]; OS: [Mac OS X]
2017-10-06 16:00:17,810 INFO [] DefaultOpExecutioner.java:545  | Cores: [4]; Memory: [3.6GB];
2017-10-06 16:00:17,810 INFO [] DefaultOpExecutioner.java:546  | Blas vendor: [OPENBLAS]
2017-10-06 16:00:17,851 INFO []   AbstractClassifier.java:332  | Classifier data loaded from default uri jar:file:/Users/stephenn/Documents/workspace/audiveris/build/distributions/Audiveris/lib/audiveris.jar!/res/basic-classifier.zip
2017-10-06 16:00:19,249 WARN [91388052]          ClefBuilder.java:560  | Staff#2 no header clef.
2017-10-06 16:00:19,964 WARN [91388052]          ClefBuilder.java:560  | Staff#6 no header clef.
2017-10-06 16:00:20,402 INFO [91388052]           KeyBuilder.java:746  | Staff#8 key slice#2 pitch adjusted from 1.5 to 1
2017-10-06 16:00:20,491 WARN [91388052]          ClefBuilder.java:560  | Staff#10 no header clef.
2017-10-06 16:00:20,688 WARN [91388052]          ClefBuilder.java:560  | Staff#12 no header clef.
2017-10-06 16:00:20,757 INFO [91388052]           KeyBuilder.java:746  | Staff#11 key slice#2 pitch adjusted from -0.5 to -1
2017-10-06 16:00:20,759 INFO [91388052]            BasicBook.java:1395 | Stored /book.xml
2017-10-06 16:00:21,096 INFO [91388052]           BasicSheet.java:979  | Stored /sheet#1/sheet#1.xml
2017-10-06 16:00:21,099 INFO [91388052]       StepMonitoring.java:96   | STEM_SEEDS
2017-10-06 16:00:21,191 INFO []   AbstractClassifier.java:332  | Classifier data loaded from default uri jar:file:/Users/stephenn/Documents/workspace/audiveris/build/distributions/Audiveris/lib/audiveris.jar!/res/deep-classifier.zip
2017-10-06 16:00:21,213 INFO [91388052]        StemSeedsStep.java:91   | stem(4 max:5)
2017-10-06 16:00:21,324 INFO [91388052]            BasicBook.java:1395 | Stored /book.xml
2017-10-06 16:00:21,638 INFO [91388052]           BasicSheet.java:979  | Stored /sheet#1/sheet#1.xml
2017-10-06 16:00:21,641 INFO [91388052]       StepMonitoring.java:96   | BEAMS
2017-10-06 16:00:26,767 INFO [91388052]            BeamsStep.java:89   | BeamDistance{count:12 mean:14.40 stdDev:0.52}
2017-10-06 16:00:26,773 INFO [91388052]            BasicBook.java:1395 | Stored /book.xml
2017-10-06 16:00:26,848 INFO [91388052]              Picture.java:786  | Stored /sheet#1/HEAD_SPOTS.xml
2017-10-06 16:00:27,262 INFO [91388052]           BasicSheet.java:979  | Stored /sheet#1/sheet#1.xml
2017-10-06 16:00:27,264 INFO [91388052]       StepMonitoring.java:96   | LEDGERS
2017-10-06 16:00:27,972 INFO [91388052]            BasicBook.java:1395 | Stored /book.xml
2017-10-06 16:00:28,400 INFO [91388052]           BasicSheet.java:979  | Stored /sheet#1/sheet#1.xml
2017-10-06 16:00:28,402 INFO [91388052]       StepMonitoring.java:96   | HEADS
2017-10-06 16:00:31,165 INFO [91388052]            BasicBook.java:1395 | Stored /book.xml
2017-10-06 16:00:32,277 INFO [91388052]           BasicSheet.java:979  | Stored /sheet#1/sheet#1.xml
2017-10-06 16:00:32,279 INFO [91388052]       StepMonitoring.java:96   | STEMS
2017-10-06 16:00:34,520 INFO [91388052]            BasicBook.java:1395 | Stored /book.xml
2017-10-06 16:00:35,632 INFO [91388052]           BasicSheet.java:979  | Stored /sheet#1/sheet#1.xml
2017-10-06 16:00:35,635 INFO [91388052]       StepMonitoring.java:96   | REDUCTION
2017-10-06 16:00:36,513 INFO [91388052]            BasicBook.java:1395 | Stored /book.xml
2017-10-06 16:00:37,328 INFO [91388052]           BasicSheet.java:979  | Stored /sheet#1/sheet#1.xml
2017-10-06 16:00:37,330 INFO [91388052]       StepMonitoring.java:96   | CUE_BEAMS
2017-10-06 16:00:37,334 INFO [91388052]            BasicBook.java:1395 | Stored /book.xml
2017-10-06 16:00:38,233 INFO [91388052]           BasicSheet.java:979  | Stored /sheet#1/sheet#1.xml
2017-10-06 16:00:38,236 INFO [91388052]       StepMonitoring.java:96   | TEXTS
2017-10-06 16:00:40,054 INFO [91388052]            BasicBook.java:1395 | Stored /book.xml
2017-10-06 16:00:40,860 INFO [91388052]           BasicSheet.java:979  | Stored /sheet#1/sheet#1.xml
2017-10-06 16:00:40,862 INFO [91388052]       StepMonitoring.java:96   | MEASURES
2017-10-06 16:00:40,867 INFO [91388052]                 Page.java:210  | 8 raw measures: [4 in system#1, 4 in system#2]
2017-10-06 16:00:40,867 INFO [91388052]                 Page.java:210  | 17 raw measures: [5 in system#3, 4 in system#4, 4 in system#5, 4 in system#6]
2017-10-06 16:00:40,873 INFO [91388052]            BasicBook.java:1395 | Stored /book.xml
2017-10-06 16:00:41,673 INFO [91388052]           BasicSheet.java:979  | Stored /sheet#1/sheet#1.xml
2017-10-06 16:00:41,675 INFO [91388052]       StepMonitoring.java:96   | CHORDS
2017-10-06 16:00:41,695 INFO [91388052]            BasicBook.java:1395 | Stored /book.xml
2017-10-06 16:00:42,598 INFO [91388052]           BasicSheet.java:979  | Stored /sheet#1/sheet#1.xml
2017-10-06 16:00:42,601 INFO [91388052]       StepMonitoring.java:96   | CURVES
2017-10-06 16:00:44,282 INFO [91388052]         SlursBuilder.java:157  | Slurs: 34
2017-10-06 16:00:44,309 INFO [91388052]      SegmentsBuilder.java:113  | Segments: 15
2017-10-06 16:00:44,318 INFO [91388052]            BasicBook.java:1395 | Stored /book.xml
2017-10-06 16:00:45,738 INFO [91388052]           BasicSheet.java:979  | Stored /sheet#1/sheet#1.xml
2017-10-06 16:00:45,741 INFO [91388052]       StepMonitoring.java:96   | SYMBOLS
2017-10-06 16:00:49,312 INFO [91388052]            BasicBook.java:1395 | Stored /book.xml
2017-10-06 16:00:50,881 INFO [91388052]           BasicSheet.java:979  | Stored /sheet#1/sheet#1.xml
2017-10-06 16:00:50,883 INFO [91388052]       StepMonitoring.java:96   | LINKS
2017-10-06 16:00:50,918 ERROR [91388052]              Measure.java:1210 | Attempt to use removeInter() with SmallChordInter{#5987(0.806/0.656) dur:1/4}
2017-10-06 16:00:50,947 INFO [91388052]            BasicBook.java:1395 | Stored /book.xml
2017-10-06 16:00:52,507 INFO [91388052]           BasicSheet.java:979  | Stored /sheet#1/sheet#1.xml
2017-10-06 16:00:52,510 INFO [91388052]       StepMonitoring.java:96   | RHYTHMS
2017-10-06 16:00:52,528 INFO [91388052]         SlotsBuilder.java:399  | Stack#2 suspicious Slot{#4 xOffset=251 timeOffset=3/8 incomings=[#5815#5840]}
2017-10-06 16:00:52,540 WARN [91388052]   AbstractChordInter.java:1156 | HeadChordInter{#5885(0.893/0.893) mirror#5895 dur:1/8} Attempt to reassign voice from 2 to 3
2017-10-06 16:00:52,545 INFO [91388052]         SlotsBuilder.java:434  | Stack#8 endless loop detected
2017-10-06 16:00:52,549 INFO [91388052]           PageRhythm.java:314  | Range{1-8} Durations avgGuess:1/2 topGuess:1/2 avgValue:0.50 stacks:8 voices:24 Histogram{1/8-1/2 size:4 [1/8=1 1/4=2 3/8=1 1/2=20]}
2017-10-06 16:00:52,550 INFO [91388052]           PageRhythm.java:221  | S1 Range{1-8 dur:1/2} should update to 1/2-based time sig?
2017-10-06 16:00:52,552 INFO [91388052]         SlotsBuilder.java:427  | S1 MeasureStack#1 Slot{#7 xOffset=471 timeOffset=1/2 incomings=[#5836] SUSPICIOUS}
2017-10-06 16:00:52,553 INFO [91388052]                Voice.java:257  | S1 MeasureStack#1 Voice #3 too long 1/4
2017-10-06 16:00:52,553 INFO [91388052]           StackTuner.java:92   | S1 MeasureStack#1 no correct rhythm
2017-10-06 16:00:52,563 WARN [91388052]   AbstractChordInter.java:1156 | HeadChordInter{#5885(0.893/0.893) mirror#5895 dur:1/8} Attempt to reassign voice from 2 to 3
2017-10-06 16:00:52,573 INFO [91388052]         SlotsBuilder.java:434  | Stack#8 endless loop detected
2017-10-06 16:00:52,590 INFO [91388052]         SlotsBuilder.java:399  | Stack#10 suspicious Slot{#3 xOffset=303 timeOffset=1/4 incomings=[#5994]}
2017-10-06 16:00:52,600 INFO [91388052]           PageRhythm.java:314  | Range{1-17 ts:3/4} Durations avgGuess:3/4 topGuess:1/2 avgValue:0.63 stacks:17 voices:53 Histogram{1/4-33/32 size:9 [1/4=2 7/16=2 1/2=21 9/16=1 5/8=6 3/4=17 13/16=2 7/8=1 33/32=1]}
2017-10-06 16:00:52,604 INFO [91388052]         SlotsBuilder.java:427  | S3 MeasureStack#2 Slot{#5 xOffset=173 timeOffset=7/16 incomings=[#5929] SUSPICIOUS}
2017-10-06 16:00:52,606 INFO [91388052]         SlotsBuilder.java:427  | S3 MeasureStack#3 Slot{#5 xOffset=168 timeOffset=7/16 incomings=[#5936] SUSPICIOUS}
2017-10-06 16:00:52,607 INFO [91388052]         SlotsBuilder.java:427  | S3 MeasureStack#3 Slot{#7 xOffset=208 timeOffset=9/16 incomings=[#5937] SUSPICIOUS}
2017-10-06 16:00:52,608 INFO [91388052]                Voice.java:257  | S3 MeasureStack#3 Voice #4 too long 1/16
2017-10-06 16:00:52,608 INFO [91388052]           StackTuner.java:92   | S3 MeasureStack#3 no correct rhythm
2017-10-06 16:00:52,610 INFO [91388052]         SlotsBuilder.java:427  | S3 MeasureStack#4 Slot{#6 xOffset=183 timeOffset=9/16 incomings=[#5944] SUSPICIOUS}
2017-10-06 16:00:52,611 INFO [91388052]                Voice.java:257  | S3 MeasureStack#4 Voice #4 too long 1/16
2017-10-06 16:00:52,611 INFO [91388052]           StackTuner.java:92   | S3 MeasureStack#4 no correct rhythm
2017-10-06 16:00:52,618 INFO [91388052]                Voice.java:257  | S4 MeasureStack#9 Voice #1 too long 1/16
2017-10-06 16:00:52,618 INFO [91388052]           StackTuner.java:92   | S4 MeasureStack#9 no correct rhythm
2017-10-06 16:00:52,620 INFO [91388052]         SlotsBuilder.java:427  | S5 MeasureStack#10 Slot{#6 xOffset=404 timeOffset=5/8 incomings=[#5995] SUSPICIOUS}
2017-10-06 16:00:52,620 INFO [91388052]                Voice.java:257  | S5 MeasureStack#10 Voice #1 too long 1/8
2017-10-06 16:00:52,621 INFO [91388052]           StackTuner.java:92   | S5 MeasureStack#10 no correct rhythm
2017-10-06 16:00:52,622 INFO [91388052]                Voice.java:257  | S5 MeasureStack#11 Voice #1 too long 9/32
2017-10-06 16:00:52,623 INFO [91388052]           StackTuner.java:92   | S5 MeasureStack#11 no correct rhythm
2017-10-06 16:00:52,624 INFO [91388052]                Voice.java:257  | S5 MeasureStack#12 Voice #1 too long 1/8
2017-10-06 16:00:52,625 INFO [91388052]           StackTuner.java:92   | S5 MeasureStack#12 no correct rhythm
2017-10-06 16:00:52,626 INFO [91388052]                Voice.java:257  | S5 MeasureStack#13 Voice #2 too long 1/16
2017-10-06 16:00:52,627 INFO [91388052]           StackTuner.java:92   | S5 MeasureStack#13 no correct rhythm
2017-10-06 16:00:52,638 INFO [91388052]         SlotsBuilder.java:427  | S6 MeasureStack#14 Slot{#6 xOffset=445 timeOffset=5/8 incomings=[#6035] SUSPICIOUS}
2017-10-06 16:00:52,639 INFO [91388052]         SlotsBuilder.java:427  | S6 MeasureStack#14 Slot{#8 xOffset=507 timeOffset=3/4 incomings=[#6036] SUSPICIOUS}
2017-10-06 16:00:52,639 INFO [91388052]                Voice.java:257  | S6 MeasureStack#14 Voice #1 too long 1/8
2017-10-06 16:00:52,640 INFO [91388052]           StackTuner.java:92   | S6 MeasureStack#14 no correct rhythm
2017-10-06 16:00:52,645 INFO [91388052]            BasicBook.java:1395 | Stored /book.xml
2017-10-06 16:00:54,230 INFO [91388052]           BasicSheet.java:979  | Stored /sheet#1/sheet#1.xml
2017-10-06 16:00:54,233 INFO [91388052]       StepMonitoring.java:96   | PAGE
2017-10-06 16:00:54,238 INFO [91388052]                Voice.java:257  | S1 MeasureStack#1 Voice #3 too long 1/4
2017-10-06 16:00:54,240 INFO [91388052]                Voice.java:257  | S3 MeasureStack#3 Voice #4 too long 1/16
2017-10-06 16:00:54,241 INFO [91388052]                Voice.java:257  | S3 MeasureStack#4 Voice #4 too long 1/16
2017-10-06 16:00:54,241 INFO [91388052]                Voice.java:257  | S4 MeasureStack#9 Voice #1 too long 1/16
2017-10-06 16:00:54,242 INFO [91388052]                Voice.java:257  | S5 MeasureStack#10 Voice #1 too long 1/8
2017-10-06 16:00:54,242 INFO [91388052]                Voice.java:257  | S5 MeasureStack#11 Voice #1 too long 9/32
2017-10-06 16:00:54,242 INFO [91388052]                Voice.java:257  | S5 MeasureStack#12 Voice #1 too long 1/8
2017-10-06 16:00:54,243 INFO [91388052]                Voice.java:257  | S5 MeasureStack#13 Voice #2 too long 1/16
2017-10-06 16:00:54,243 INFO [91388052]                Voice.java:257  | S6 MeasureStack#14 Voice #1 too long 1/8
2017-10-06 16:00:54,245 INFO [91388052]            BasicBook.java:1395 | Stored /book.xml
2017-10-06 16:00:55,829 INFO [91388052]           BasicSheet.java:979  | Stored /sheet#1/sheet#1.xml
2017-10-06 16:00:55,832 INFO [91388052]            BasicStub.java:723  | Sheet{91388052} disposed
2017-10-06 16:00:56,923 INFO [91388052]            BasicStub.java:449  | Loaded /sheet#1/sheet#1.xml
2017-10-06 16:00:56,925 INFO [91388052]            BasicBook.java:1133 | Scores built: 2
2017-10-06 16:00:57,907 WARN [91388052]      PartwiseBuilder.java:1379 | Error visiting null
java.lang.NullPointerException: null
	at org.audiveris.omr.score.PartwiseBuilder.processKey(PartwiseBuilder.java:1344)
	at org.audiveris.omr.score.PartwiseBuilder.processKeys(PartwiseBuilder.java:1407)
	at org.audiveris.omr.score.PartwiseBuilder.processMeasure(PartwiseBuilder.java:1575)
	at org.audiveris.omr.score.PartwiseBuilder.processPart(PartwiseBuilder.java:1988)
	at org.audiveris.omr.score.PartwiseBuilder.processSystem(PartwiseBuilder.java:2528)
	at org.audiveris.omr.score.PartwiseBuilder.processLogicalPart(PartwiseBuilder.java:1433)
	at org.audiveris.omr.score.PartwiseBuilder.processStub(PartwiseBuilder.java:2483)
	at org.audiveris.omr.score.PartwiseBuilder.processPartList(PartwiseBuilder.java:2017)
	at org.audiveris.omr.score.PartwiseBuilder.processScore(PartwiseBuilder.java:2195)
	at org.audiveris.omr.score.PartwiseBuilder.build(PartwiseBuilder.java:307)
	at org.audiveris.omr.score.ScoreExporter.export(ScoreExporter.java:117)
	at org.audiveris.omr.score.ScoreExporter.export(ScoreExporter.java:91)
	at org.audiveris.omr.sheet.BasicBook.export(BasicBook.java:589)
	at org.audiveris.omr.CLI$ProcessingTask.processBook(CLI.java:785)
	at org.audiveris.omr.CLI$CliTask.call(CLI.java:344)
	at org.audiveris.omr.Main.runBatchTasks(Main.java:316)
	at org.audiveris.omr.Main.main(Main.java:155)
	at Audiveris.main(Audiveris.java:49)
2017-10-06 16:00:57,974 INFO [91388052]        ScoreExporter.java:93   | Score 91388052.mvt1 exported to /Users/stephenn/Documents/workspace/nlsomr/xml_out/91386487/91388052/91388052.mvt1.mxl
2017-10-06 16:00:57,976 WARN [91388052]      PartwiseBuilder.java:1379 | Error visiting null
java.lang.NullPointerException: null
	at org.audiveris.omr.score.PartwiseBuilder.processKey(PartwiseBuilder.java:1344)
	at org.audiveris.omr.score.PartwiseBuilder.processKeys(PartwiseBuilder.java:1407)
	at org.audiveris.omr.score.PartwiseBuilder.processMeasure(PartwiseBuilder.java:1575)
	at org.audiveris.omr.score.PartwiseBuilder.processPart(PartwiseBuilder.java:1988)
	at org.audiveris.omr.score.PartwiseBuilder.processSystem(PartwiseBuilder.java:2528)
	at org.audiveris.omr.score.PartwiseBuilder.processLogicalPart(PartwiseBuilder.java:1433)
	at org.audiveris.omr.score.PartwiseBuilder.processStub(PartwiseBuilder.java:2483)
	at org.audiveris.omr.score.PartwiseBuilder.processPartList(PartwiseBuilder.java:2017)
	at org.audiveris.omr.score.PartwiseBuilder.processScore(PartwiseBuilder.java:2195)
	at org.audiveris.omr.score.PartwiseBuilder.build(PartwiseBuilder.java:307)
	at org.audiveris.omr.score.ScoreExporter.export(ScoreExporter.java:117)
	at org.audiveris.omr.score.ScoreExporter.export(ScoreExporter.java:91)
	at org.audiveris.omr.sheet.BasicBook.export(BasicBook.java:589)
	at org.audiveris.omr.CLI$ProcessingTask.processBook(CLI.java:785)
	at org.audiveris.omr.CLI$CliTask.call(CLI.java:344)
	at org.audiveris.omr.Main.runBatchTasks(Main.java:316)
	at org.audiveris.omr.Main.main(Main.java:155)
	at Audiveris.main(Audiveris.java:49)
2017-10-06 16:00:57,988 WARN [91388052]      PartwiseBuilder.java:1379 | Error visiting null
java.lang.NullPointerException: null
	at org.audiveris.omr.score.PartwiseBuilder.processKey(PartwiseBuilder.java:1344)
	at org.audiveris.omr.score.PartwiseBuilder.processKeys(PartwiseBuilder.java:1407)
	at org.audiveris.omr.score.PartwiseBuilder.processMeasure(PartwiseBuilder.java:1575)
	at org.audiveris.omr.score.PartwiseBuilder.processPart(PartwiseBuilder.java:1988)
	at org.audiveris.omr.score.PartwiseBuilder.processSystem(PartwiseBuilder.java:2528)
	at org.audiveris.omr.score.PartwiseBuilder.processLogicalPart(PartwiseBuilder.java:1433)
	at org.audiveris.omr.score.PartwiseBuilder.processStub(PartwiseBuilder.java:2483)
	at org.audiveris.omr.score.PartwiseBuilder.processPartList(PartwiseBuilder.java:2017)
	at org.audiveris.omr.score.PartwiseBuilder.processScore(PartwiseBuilder.java:2195)
	at org.audiveris.omr.score.PartwiseBuilder.build(PartwiseBuilder.java:307)
	at org.audiveris.omr.score.ScoreExporter.export(ScoreExporter.java:117)
	at org.audiveris.omr.score.ScoreExporter.export(ScoreExporter.java:91)
	at org.audiveris.omr.sheet.BasicBook.export(BasicBook.java:589)
	at org.audiveris.omr.CLI$ProcessingTask.processBook(CLI.java:785)
	at org.audiveris.omr.CLI$CliTask.call(CLI.java:344)
	at org.audiveris.omr.Main.runBatchTasks(Main.java:316)
	at org.audiveris.omr.Main.main(Main.java:155)
	at Audiveris.main(Audiveris.java:49)
2017-10-06 16:00:57,992 WARN [91388052]      PartwiseBuilder.java:1970 | Error visiting HeadInter{#4601(0.415/0.557) e#6004 s:9 p:0.00 NOTEHEAD_BLACK_SMALL}
java.lang.NullPointerException: null
	at org.audiveris.omr.sig.inter.AbstractNoteInter.getStep(AbstractNoteInter.java:256)
	at org.audiveris.omr.score.PartwiseBuilder.processNote(PartwiseBuilder.java:1796)
	at org.audiveris.omr.score.PartwiseBuilder.processChord(PartwiseBuilder.java:1056)
	at org.audiveris.omr.score.PartwiseBuilder.processMeasure(PartwiseBuilder.java:1639)
	at org.audiveris.omr.score.PartwiseBuilder.processPart(PartwiseBuilder.java:1988)
	at org.audiveris.omr.score.PartwiseBuilder.processSystem(PartwiseBuilder.java:2528)
	at org.audiveris.omr.score.PartwiseBuilder.processLogicalPart(PartwiseBuilder.java:1433)
	at org.audiveris.omr.score.PartwiseBuilder.processStub(PartwiseBuilder.java:2483)
	at org.audiveris.omr.score.PartwiseBuilder.processPartList(PartwiseBuilder.java:2017)
	at org.audiveris.omr.score.PartwiseBuilder.processScore(PartwiseBuilder.java:2195)
	at org.audiveris.omr.score.PartwiseBuilder.build(PartwiseBuilder.java:307)
	at org.audiveris.omr.score.ScoreExporter.export(ScoreExporter.java:117)
	at org.audiveris.omr.score.ScoreExporter.export(ScoreExporter.java:91)
	at org.audiveris.omr.sheet.BasicBook.export(BasicBook.java:589)
	at org.audiveris.omr.CLI$ProcessingTask.processBook(CLI.java:785)
	at org.audiveris.omr.CLI$CliTask.call(CLI.java:344)
	at org.audiveris.omr.Main.runBatchTasks(Main.java:316)
	at org.audiveris.omr.Main.main(Main.java:155)
	at Audiveris.main(Audiveris.java:49)
2017-10-06 16:00:57,993 WARN [91388052]      PartwiseBuilder.java:1970 | Error visiting HeadInter{#4603(0.626/0.826) e#6005 s:9 p:0.00 NOTEHEAD_BLACK}
java.lang.NullPointerException: null
	at org.audiveris.omr.sig.inter.HeadInter.getAlter(HeadInter.java:231)
	at org.audiveris.omr.sig.inter.HeadInter.getAlter(HeadInter.java:271)
	at org.audiveris.omr.score.PartwiseBuilder.processNote(PartwiseBuilder.java:1803)
	at org.audiveris.omr.score.PartwiseBuilder.processChord(PartwiseBuilder.java:1056)
	at org.audiveris.omr.score.PartwiseBuilder.processMeasure(PartwiseBuilder.java:1644)
	at org.audiveris.omr.score.PartwiseBuilder.processPart(PartwiseBuilder.java:1988)
	at org.audiveris.omr.score.PartwiseBuilder.processSystem(PartwiseBuilder.java:2528)
	at org.audiveris.omr.score.PartwiseBuilder.processLogicalPart(PartwiseBuilder.java:1433)
	at org.audiveris.omr.score.PartwiseBuilder.processStub(PartwiseBuilder.java:2483)
	at org.audiveris.omr.score.PartwiseBuilder.processPartList(PartwiseBuilder.java:2017)
	at org.audiveris.omr.score.PartwiseBuilder.processScore(PartwiseBuilder.java:2195)
	at org.audiveris.omr.score.PartwiseBuilder.build(PartwiseBuilder.java:307)
	at org.audiveris.omr.score.ScoreExporter.export(ScoreExporter.java:117)
	at org.audiveris.omr.score.ScoreExporter.export(ScoreExporter.java:91)
	at org.audiveris.omr.sheet.BasicBook.export(BasicBook.java:589)
	at org.audiveris.omr.CLI$ProcessingTask.processBook(CLI.java:785)
	at org.audiveris.omr.CLI$CliTask.call(CLI.java:344)
	at org.audiveris.omr.Main.runBatchTasks(Main.java:316)
	at org.audiveris.omr.Main.main(Main.java:155)
	at Audiveris.main(Audiveris.java:49)
2017-10-06 16:00:57,996 WARN [91388052]      PartwiseBuilder.java:1379 | Error visiting null
java.lang.NullPointerException: null
	at org.audiveris.omr.score.PartwiseBuilder.processKey(PartwiseBuilder.java:1344)
	at org.audiveris.omr.score.PartwiseBuilder.processKeys(PartwiseBuilder.java:1407)
	at org.audiveris.omr.score.PartwiseBuilder.processMeasure(PartwiseBuilder.java:1575)
	at org.audiveris.omr.score.PartwiseBuilder.processPart(PartwiseBuilder.java:1988)
	at org.audiveris.omr.score.PartwiseBuilder.processSystem(PartwiseBuilder.java:2528)
	at org.audiveris.omr.score.PartwiseBuilder.processLogicalPart(PartwiseBuilder.java:1433)
	at org.audiveris.omr.score.PartwiseBuilder.processStub(PartwiseBuilder.java:2483)
	at org.audiveris.omr.score.PartwiseBuilder.processPartList(PartwiseBuilder.java:2017)
	at org.audiveris.omr.score.PartwiseBuilder.processScore(PartwiseBuilder.java:2195)
	at org.audiveris.omr.score.PartwiseBuilder.build(PartwiseBuilder.java:307)
	at org.audiveris.omr.score.ScoreExporter.export(ScoreExporter.java:117)
	at org.audiveris.omr.score.ScoreExporter.export(ScoreExporter.java:91)
	at org.audiveris.omr.sheet.BasicBook.export(BasicBook.java:589)
	at org.audiveris.omr.CLI$ProcessingTask.processBook(CLI.java:785)
	at org.audiveris.omr.CLI$CliTask.call(CLI.java:344)
	at org.audiveris.omr.Main.runBatchTasks(Main.java:316)
	at org.audiveris.omr.Main.main(Main.java:155)
	at Audiveris.main(Audiveris.java:49)
2017-10-06 16:00:58,027 INFO [91388052]        ScoreExporter.java:93   | Score 91388052.mvt2 exported to /Users/stephenn/Documents/workspace/nlsomr/xml_out/91386487/91388052/91388052.mvt2.mxl
2017-10-06 16:00:58,198 INFO [91388052]            BasicBook.java:1395 | Stored /book.xml
2017-10-06 16:00:58,198 INFO [91388052]            BasicBook.java:1355 | Book stored as /Users/stephenn/Documents/workspace/nlsomr/xml_out/91386487/91388052/91388052.omr
