2017-10-06 14:23:46,292 INFO [91386744]            BasicBook.java:427  | 1 sheet in /Users/stephenn/Documents/workspace/nlsomr/working/91386744.jpg
2017-10-06 14:23:46,447 INFO []            BasicBook.java:1395 | Stored /book.xml
2017-10-06 14:23:46,447 INFO []            BasicBook.java:1355 | Book stored as /Users/stephenn/Documents/workspace/nlsomr/xml_out/91386487/91386744/91386744.omr
2017-10-06 14:23:46,452 INFO []            BasicBook.java:996  | Book reaching PAGE on sheets:[#1]
2017-10-06 14:23:46,454 INFO [91386744]       StepMonitoring.java:96   | LOAD
2017-10-06 14:23:46,604 INFO [91386744]            BasicBook.java:911  | Loaded image 1 2000x3056 from /Users/stephenn/Documents/workspace/nlsomr/working/91386744.jpg
2017-10-06 14:23:46,608 INFO [91386744]            ImageUtil.java:82   | Converting max RGB to gray ...
2017-10-06 14:23:46,848 INFO [91386744]            BasicBook.java:1395 | Stored /book.xml
2017-10-06 14:23:47,268 INFO [91386744]           BasicSheet.java:979  | Stored /sheet#1/sheet#1.xml
2017-10-06 14:23:47,270 INFO [91386744]       StepMonitoring.java:96   | BINARY
2017-10-06 14:23:47,840 INFO [91386744]            BasicBook.java:1395 | Stored /book.xml
2017-10-06 14:23:48,382 INFO [91386744]              Picture.java:786  | Stored /sheet#1/BINARY.xml
2017-10-06 14:23:48,384 INFO [91386744]           BasicSheet.java:979  | Stored /sheet#1/sheet#1.xml
2017-10-06 14:23:48,386 INFO [91386744]       StepMonitoring.java:96   | SCALE
2017-10-06 14:23:48,431 INFO [91386744]            ScaleStep.java:87   | Scale{line(3,4,5) interline(16,17,17) beam(13)}
2017-10-06 14:23:48,433 INFO [91386744]            BasicBook.java:1395 | Stored /book.xml
2017-10-06 14:23:48,437 INFO [91386744]           BasicSheet.java:979  | Stored /sheet#1/sheet#1.xml
2017-10-06 14:23:48,443 INFO [91386744]       StepMonitoring.java:96   | GRID
2017-10-06 14:23:49,437 INFO [91386744]       LinesRetriever.java:442  | Global slope: -0.00125
2017-10-06 14:23:49,523 INFO [91386744]    ClustersRetriever.java:241  | Retrieved line clusters: 12 of size: 5 with interline: (16,17,17)
2017-10-06 14:23:50,130 INFO [91386744]            PeakGraph.java:181  | Systems: #1[1, 2] #2[3, 4] #3[5, 6] #4[7, 8] #5[9, 10] #6[11, 12]
2017-10-06 14:23:50,931 INFO [91386744]        SystemManager.java:626  | Indentation detected for system#1
2017-10-06 14:23:50,931 INFO [91386744]        SystemManager.java:626  | Indentation detected for system#5
2017-10-06 14:23:50,932 INFO [91386744]        SystemManager.java:671  | 2 pages found in sheet
2017-10-06 14:23:50,932 INFO [91386744]        SystemManager.java:709  | Page #1: 1 part along 4 systems
2017-10-06 14:23:50,932 INFO [91386744]        SystemManager.java:709  | Page #2: 1 part along 2 systems
2017-10-06 14:23:50,936 INFO [91386744]            BasicBook.java:1395 | Stored /book.xml
2017-10-06 14:23:51,161 INFO [91386744]           BasicSheet.java:979  | Stored /sheet#1/sheet#1.xml
2017-10-06 14:23:51,165 INFO [91386744]       StepMonitoring.java:96   | HEADERS
2017-10-06 14:23:51,564 INFO []          Nd4jBackend.java:194  | Loaded [CpuBackend] backend
2017-10-06 14:23:51,624 INFO []      NativeOpsHolder.java:49   | Number of threads used for NativeOps: 2
2017-10-06 14:23:52,054 INFO [] DefaultOpExecutioner.java:544  | Backend used: [CPU]; OS: [Mac OS X]
2017-10-06 14:23:52,055 INFO [] DefaultOpExecutioner.java:545  | Cores: [4]; Memory: [3.6GB];
2017-10-06 14:23:52,055 INFO [] DefaultOpExecutioner.java:546  | Blas vendor: [OPENBLAS]
2017-10-06 14:23:52,092 INFO []   AbstractClassifier.java:332  | Classifier data loaded from default uri jar:file:/Users/stephenn/Documents/workspace/audiveris/build/distributions/Audiveris/lib/audiveris.jar!/res/basic-classifier.zip
2017-10-06 14:23:54,825 WARN [91386744]          ClefBuilder.java:560  | Staff#6 no header clef.
2017-10-06 14:23:55,545 WARN [91386744]          ClefBuilder.java:560  | Staff#10 no header clef.
2017-10-06 14:23:55,982 INFO [91386744]           KeyBuilder.java:746  | Staff#11 key slice#1 pitch adjusted from 0.6 to 0
2017-10-06 14:23:55,996 INFO [91386744]            BasicBook.java:1395 | Stored /book.xml
2017-10-06 14:23:56,110 INFO []   AbstractClassifier.java:332  | Classifier data loaded from default uri jar:file:/Users/stephenn/Documents/workspace/audiveris/build/distributions/Audiveris/lib/audiveris.jar!/res/deep-classifier.zip
2017-10-06 14:23:56,480 INFO [91386744]           BasicSheet.java:979  | Stored /sheet#1/sheet#1.xml
2017-10-06 14:23:56,483 INFO [91386744]       StepMonitoring.java:96   | STEM_SEEDS
2017-10-06 14:23:56,614 INFO [91386744]        StemSeedsStep.java:91   | stem(4 max:5)
2017-10-06 14:23:56,980 INFO [91386744]            BasicBook.java:1395 | Stored /book.xml
2017-10-06 14:23:57,410 INFO [91386744]           BasicSheet.java:979  | Stored /sheet#1/sheet#1.xml
2017-10-06 14:23:57,412 INFO [91386744]       StepMonitoring.java:96   | BEAMS
2017-10-06 14:24:02,962 INFO [91386744]            BeamsStep.java:89   | BeamDistance{count:3 mean:15.07 stdDev:0.22}
2017-10-06 14:24:02,965 INFO [91386744]            BasicBook.java:1395 | Stored /book.xml
2017-10-06 14:24:03,026 INFO [91386744]              Picture.java:786  | Stored /sheet#1/HEAD_SPOTS.xml
2017-10-06 14:24:03,478 INFO [91386744]           BasicSheet.java:979  | Stored /sheet#1/sheet#1.xml
2017-10-06 14:24:03,481 INFO [91386744]       StepMonitoring.java:96   | LEDGERS
2017-10-06 14:24:04,069 INFO [91386744]            BasicBook.java:1395 | Stored /book.xml
2017-10-06 14:24:04,494 INFO [91386744]           BasicSheet.java:979  | Stored /sheet#1/sheet#1.xml
2017-10-06 14:24:04,496 INFO [91386744]       StepMonitoring.java:96   | HEADS
2017-10-06 14:24:07,208 INFO [91386744]            BasicBook.java:1395 | Stored /book.xml
2017-10-06 14:24:07,972 INFO [91386744]           BasicSheet.java:979  | Stored /sheet#1/sheet#1.xml
2017-10-06 14:24:07,974 INFO [91386744]       StepMonitoring.java:96   | STEMS
2017-10-06 14:24:09,216 INFO [91386744]            BasicBook.java:1395 | Stored /book.xml
2017-10-06 14:24:10,276 INFO [91386744]           BasicSheet.java:979  | Stored /sheet#1/sheet#1.xml
2017-10-06 14:24:10,279 INFO [91386744]       StepMonitoring.java:96   | REDUCTION
2017-10-06 14:24:10,640 INFO [91386744]            BasicBook.java:1395 | Stored /book.xml
2017-10-06 14:24:11,422 INFO [91386744]           BasicSheet.java:979  | Stored /sheet#1/sheet#1.xml
2017-10-06 14:24:11,425 INFO [91386744]       StepMonitoring.java:96   | CUE_BEAMS
2017-10-06 14:24:11,428 INFO [91386744]            BasicBook.java:1395 | Stored /book.xml
2017-10-06 14:24:12,237 INFO [91386744]           BasicSheet.java:979  | Stored /sheet#1/sheet#1.xml
2017-10-06 14:24:12,239 INFO [91386744]       StepMonitoring.java:96   | TEXTS
2017-10-06 14:24:14,189 INFO [91386744]            BasicBook.java:1395 | Stored /book.xml
2017-10-06 14:24:14,864 INFO [91386744]           BasicSheet.java:979  | Stored /sheet#1/sheet#1.xml
2017-10-06 14:24:14,866 INFO [91386744]       StepMonitoring.java:96   | MEASURES
2017-10-06 14:24:14,870 INFO [91386744]                 Page.java:210  | 18 raw measures: [5 in system#1, 4 in system#2, 5 in system#3, 4 in system#4]
2017-10-06 14:24:14,871 INFO [91386744]                 Page.java:210  | 10 raw measures: [5 in system#5, 5 in system#6]
2017-10-06 14:24:14,872 INFO [91386744]            BasicBook.java:1395 | Stored /book.xml
2017-10-06 14:24:15,604 INFO [91386744]           BasicSheet.java:979  | Stored /sheet#1/sheet#1.xml
2017-10-06 14:24:15,607 INFO [91386744]       StepMonitoring.java:96   | CHORDS
2017-10-06 14:24:15,621 INFO [91386744]            BasicBook.java:1395 | Stored /book.xml
2017-10-06 14:24:16,601 INFO [91386744]           BasicSheet.java:979  | Stored /sheet#1/sheet#1.xml
2017-10-06 14:24:16,604 INFO [91386744]       StepMonitoring.java:96   | CURVES
2017-10-06 14:24:18,085 INFO [91386744]         SlursBuilder.java:157  | Slurs: 19
2017-10-06 14:24:18,109 INFO [91386744]      SegmentsBuilder.java:113  | Segments: 26
2017-10-06 14:24:18,117 INFO [91386744]            BasicBook.java:1395 | Stored /book.xml
2017-10-06 14:24:19,423 INFO [91386744]           BasicSheet.java:979  | Stored /sheet#1/sheet#1.xml
2017-10-06 14:24:19,425 INFO [91386744]       StepMonitoring.java:96   | SYMBOLS
2017-10-06 14:24:20,995 INFO [91386744]            BasicBook.java:1395 | Stored /book.xml
2017-10-06 14:24:22,255 INFO [91386744]           BasicSheet.java:979  | Stored /sheet#1/sheet#1.xml
2017-10-06 14:24:22,258 INFO [91386744]       StepMonitoring.java:96   | LINKS
2017-10-06 14:24:22,282 INFO [91386744]        SymbolsLinker.java:306  | No measure stack for direction SentenceInter{#4554(0.585) s:9 BSC-40 Direction} J-: 48.
2017-10-06 14:24:22,309 INFO [91386744]            BasicBook.java:1395 | Stored /book.xml
2017-10-06 14:24:23,703 INFO [91386744]           BasicSheet.java:979  | Stored /sheet#1/sheet#1.xml
2017-10-06 14:24:23,706 INFO [91386744]       StepMonitoring.java:96   | RHYTHMS
2017-10-06 14:24:23,744 INFO [91386744]           PageRhythm.java:314  | Range{1-18} Durations avgGuess:1 topGuess:1 avgValue:0.95 stacks:18 voices:35 Histogram{1/4-5/4 size:5 [1/4=1 1/2=2 3/4=4 1=27 5/4=1]}
2017-10-06 14:24:23,745 INFO [91386744]           PageRhythm.java:221  | S1 Range{1-18 dur:1} should update to 1-based time sig?
2017-10-06 14:24:23,746 INFO [91386744]                Voice.java:257  | S1 MeasureStack#1 Voice #1 too long 1/4
2017-10-06 14:24:23,747 INFO [91386744]           StackTuner.java:92   | S1 MeasureStack#1 no correct rhythm
2017-10-06 14:24:23,773 INFO [91386744]           PageRhythm.java:314  | Range{1-10 ts:3/8} Durations avgGuess:1/2 topGuess:3/8 avgValue:0.50 stacks:10 voices:21 Histogram{1/8-1/2 size:4 [1/8=1 1/4=4 3/8=10 1/2=6]}
2017-10-06 14:24:23,774 INFO [91386744]           PageRhythm.java:221  | S5 Range{1-10 ts:3/8 dur:1/2} should update to 1/2-based time sig?
2017-10-06 14:24:23,782 INFO [91386744]            BasicBook.java:1395 | Stored /book.xml
2017-10-06 14:24:25,022 INFO [91386744]           BasicSheet.java:979  | Stored /sheet#1/sheet#1.xml
2017-10-06 14:24:25,024 INFO [91386744]       StepMonitoring.java:96   | PAGE
2017-10-06 14:24:25,029 INFO [91386744]                Voice.java:257  | S1 MeasureStack#1 Voice #1 too long 1/4
2017-10-06 14:24:25,033 INFO [91386744]            BasicBook.java:1395 | Stored /book.xml
2017-10-06 14:24:26,267 INFO [91386744]           BasicSheet.java:979  | Stored /sheet#1/sheet#1.xml
2017-10-06 14:24:26,269 INFO [91386744]            BasicStub.java:723  | Sheet{91386744} disposed
2017-10-06 14:24:27,261 INFO [91386744]            BasicStub.java:449  | Loaded /sheet#1/sheet#1.xml
2017-10-06 14:24:27,263 INFO [91386744]            BasicBook.java:1133 | Scores built: 2
2017-10-06 14:24:28,219 WARN [91386744]      PartwiseBuilder.java:1379 | Error visiting null
java.lang.NullPointerException: null
	at org.audiveris.omr.score.PartwiseBuilder.processKey(PartwiseBuilder.java:1344)
	at org.audiveris.omr.score.PartwiseBuilder.processKeys(PartwiseBuilder.java:1407)
	at org.audiveris.omr.score.PartwiseBuilder.processMeasure(PartwiseBuilder.java:1575)
	at org.audiveris.omr.score.PartwiseBuilder.processPart(PartwiseBuilder.java:1988)
	at org.audiveris.omr.score.PartwiseBuilder.processSystem(PartwiseBuilder.java:2528)
	at org.audiveris.omr.score.PartwiseBuilder.processLogicalPart(PartwiseBuilder.java:1433)
	at org.audiveris.omr.score.PartwiseBuilder.processStub(PartwiseBuilder.java:2483)
	at org.audiveris.omr.score.PartwiseBuilder.processPartList(PartwiseBuilder.java:2017)
	at org.audiveris.omr.score.PartwiseBuilder.processScore(PartwiseBuilder.java:2195)
	at org.audiveris.omr.score.PartwiseBuilder.build(PartwiseBuilder.java:307)
	at org.audiveris.omr.score.ScoreExporter.export(ScoreExporter.java:117)
	at org.audiveris.omr.score.ScoreExporter.export(ScoreExporter.java:91)
	at org.audiveris.omr.sheet.BasicBook.export(BasicBook.java:589)
	at org.audiveris.omr.CLI$ProcessingTask.processBook(CLI.java:785)
	at org.audiveris.omr.CLI$CliTask.call(CLI.java:344)
	at org.audiveris.omr.Main.runBatchTasks(Main.java:316)
	at org.audiveris.omr.Main.main(Main.java:155)
	at Audiveris.main(Audiveris.java:49)
2017-10-06 14:24:28,275 INFO [91386744]        ScoreExporter.java:93   | Score 91386744.mvt1 exported to /Users/stephenn/Documents/workspace/nlsomr/xml_out/91386487/91386744/91386744.mvt1.mxl
2017-10-06 14:24:28,276 WARN [91386744]      PartwiseBuilder.java:1379 | Error visiting null
java.lang.NullPointerException: null
	at org.audiveris.omr.score.PartwiseBuilder.processKey(PartwiseBuilder.java:1344)
	at org.audiveris.omr.score.PartwiseBuilder.processKeys(PartwiseBuilder.java:1407)
	at org.audiveris.omr.score.PartwiseBuilder.processMeasure(PartwiseBuilder.java:1575)
	at org.audiveris.omr.score.PartwiseBuilder.processPart(PartwiseBuilder.java:1988)
	at org.audiveris.omr.score.PartwiseBuilder.processSystem(PartwiseBuilder.java:2528)
	at org.audiveris.omr.score.PartwiseBuilder.processLogicalPart(PartwiseBuilder.java:1433)
	at org.audiveris.omr.score.PartwiseBuilder.processStub(PartwiseBuilder.java:2483)
	at org.audiveris.omr.score.PartwiseBuilder.processPartList(PartwiseBuilder.java:2017)
	at org.audiveris.omr.score.PartwiseBuilder.processScore(PartwiseBuilder.java:2195)
	at org.audiveris.omr.score.PartwiseBuilder.build(PartwiseBuilder.java:307)
	at org.audiveris.omr.score.ScoreExporter.export(ScoreExporter.java:117)
	at org.audiveris.omr.score.ScoreExporter.export(ScoreExporter.java:91)
	at org.audiveris.omr.sheet.BasicBook.export(BasicBook.java:589)
	at org.audiveris.omr.CLI$ProcessingTask.processBook(CLI.java:785)
	at org.audiveris.omr.CLI$CliTask.call(CLI.java:344)
	at org.audiveris.omr.Main.runBatchTasks(Main.java:316)
	at org.audiveris.omr.Main.main(Main.java:155)
	at Audiveris.main(Audiveris.java:49)
2017-10-06 14:24:28,296 INFO [91386744]        ScoreExporter.java:93   | Score 91386744.mvt2 exported to /Users/stephenn/Documents/workspace/nlsomr/xml_out/91386487/91386744/91386744.mvt2.mxl
2017-10-06 14:24:28,497 INFO [91386744]            BasicBook.java:1395 | Stored /book.xml
2017-10-06 14:24:28,501 INFO [91386744]            BasicBook.java:1355 | Book stored as /Users/stephenn/Documents/workspace/nlsomr/xml_out/91386487/91386744/91386744.omr
