2017-10-06 15:02:11,114 INFO [91387272]            BasicBook.java:427  | 1 sheet in /Users/stephenn/Documents/workspace/nlsomr/working/91387272.jpg
2017-10-06 15:02:11,265 INFO []            BasicBook.java:1395 | Stored /book.xml
2017-10-06 15:02:11,266 INFO []            BasicBook.java:1355 | Book stored as /Users/stephenn/Documents/workspace/nlsomr/xml_out/91386487/91387272/91387272.omr
2017-10-06 15:02:11,271 INFO []            BasicBook.java:996  | Book reaching PAGE on sheets:[#1]
2017-10-06 15:02:11,273 INFO [91387272]       StepMonitoring.java:96   | LOAD
2017-10-06 15:02:11,421 INFO [91387272]            BasicBook.java:911  | Loaded image 1 2000x3056 from /Users/stephenn/Documents/workspace/nlsomr/working/91387272.jpg
2017-10-06 15:02:11,425 INFO [91387272]            ImageUtil.java:82   | Converting max RGB to gray ...
2017-10-06 15:02:11,685 INFO [91387272]            BasicBook.java:1395 | Stored /book.xml
2017-10-06 15:02:11,976 INFO [91387272]           BasicSheet.java:979  | Stored /sheet#1/sheet#1.xml
2017-10-06 15:02:11,979 INFO [91387272]       StepMonitoring.java:96   | BINARY
2017-10-06 15:02:12,568 INFO [91387272]            BasicBook.java:1395 | Stored /book.xml
2017-10-06 15:02:12,874 INFO [91387272]              Picture.java:786  | Stored /sheet#1/BINARY.xml
2017-10-06 15:02:12,876 INFO [91387272]           BasicSheet.java:979  | Stored /sheet#1/sheet#1.xml
2017-10-06 15:02:12,878 INFO [91387272]       StepMonitoring.java:96   | SCALE
2017-10-06 15:02:12,917 INFO [91387272]            ScaleStep.java:87   | Scale{line(3,4,5) interline(16,16,17) beam(13)}
2017-10-06 15:02:12,919 INFO [91387272]            BasicBook.java:1395 | Stored /book.xml
2017-10-06 15:02:12,922 INFO [91387272]           BasicSheet.java:979  | Stored /sheet#1/sheet#1.xml
2017-10-06 15:02:12,924 INFO [91387272]       StepMonitoring.java:96   | GRID
2017-10-06 15:02:13,734 INFO [91387272]       LinesRetriever.java:442  | Global slope: 0.00031
2017-10-06 15:02:13,857 INFO [91387272]    ClustersRetriever.java:241  | Retrieved line clusters: 12 of size: 5 with interline: (16,16,17)
2017-10-06 15:02:14,330 INFO [91387272]            PeakGraph.java:181  | Systems: #1[1, 2] #2[3, 4] #3[5, 6] #4[7, 8] #5[9, 10] #6[11, 12]
2017-10-06 15:02:15,095 INFO [91387272]        SystemManager.java:626  | Indentation detected for system#1
2017-10-06 15:02:15,096 INFO [91387272]        SystemManager.java:626  | Indentation detected for system#5
2017-10-06 15:02:15,097 INFO [91387272]        SystemManager.java:671  | 2 pages found in sheet
2017-10-06 15:02:15,097 INFO [91387272]        SystemManager.java:709  | Page #1: 1 part along 4 systems
2017-10-06 15:02:15,097 INFO [91387272]        SystemManager.java:709  | Page #2: 1 part along 2 systems
2017-10-06 15:02:15,100 INFO [91387272]            BasicBook.java:1395 | Stored /book.xml
2017-10-06 15:02:15,325 INFO [91387272]           BasicSheet.java:979  | Stored /sheet#1/sheet#1.xml
2017-10-06 15:02:15,328 INFO [91387272]       StepMonitoring.java:96   | HEADERS
2017-10-06 15:02:15,718 INFO []          Nd4jBackend.java:194  | Loaded [CpuBackend] backend
2017-10-06 15:02:15,776 INFO []      NativeOpsHolder.java:49   | Number of threads used for NativeOps: 2
2017-10-06 15:02:16,183 INFO [] DefaultOpExecutioner.java:544  | Backend used: [CPU]; OS: [Mac OS X]
2017-10-06 15:02:16,184 INFO [] DefaultOpExecutioner.java:545  | Cores: [4]; Memory: [3.6GB];
2017-10-06 15:02:16,184 INFO [] DefaultOpExecutioner.java:546  | Blas vendor: [OPENBLAS]
2017-10-06 15:02:16,219 INFO []   AbstractClassifier.java:332  | Classifier data loaded from default uri jar:file:/Users/stephenn/Documents/workspace/audiveris/build/distributions/Audiveris/lib/audiveris.jar!/res/basic-classifier.zip
2017-10-06 15:02:18,267 WARN [91387272]          ClefBuilder.java:560  | Staff#4 no header clef.
2017-10-06 15:02:19,429 WARN [91387272]          ClefBuilder.java:560  | Staff#12 no header clef.
2017-10-06 15:02:19,466 INFO [91387272]            BasicBook.java:1395 | Stored /book.xml
2017-10-06 15:02:19,519 INFO []   AbstractClassifier.java:332  | Classifier data loaded from default uri jar:file:/Users/stephenn/Documents/workspace/audiveris/build/distributions/Audiveris/lib/audiveris.jar!/res/deep-classifier.zip
2017-10-06 15:02:19,955 INFO [91387272]           BasicSheet.java:979  | Stored /sheet#1/sheet#1.xml
2017-10-06 15:02:19,960 INFO [91387272]       StepMonitoring.java:96   | STEM_SEEDS
2017-10-06 15:02:20,068 INFO [91387272]        StemSeedsStep.java:91   | stem(4 max:5)
2017-10-06 15:02:20,196 INFO [91387272]            BasicBook.java:1395 | Stored /book.xml
2017-10-06 15:02:20,596 INFO [91387272]           BasicSheet.java:979  | Stored /sheet#1/sheet#1.xml
2017-10-06 15:02:20,598 INFO [91387272]       StepMonitoring.java:96   | BEAMS
2017-10-06 15:02:25,582 INFO [91387272]            BeamsStep.java:89   | BeamDistance{count:2 mean:15.20 stdDev:0.10}
2017-10-06 15:02:25,585 INFO [91387272]            BasicBook.java:1395 | Stored /book.xml
2017-10-06 15:02:25,644 INFO [91387272]              Picture.java:786  | Stored /sheet#1/HEAD_SPOTS.xml
2017-10-06 15:02:26,108 INFO [91387272]           BasicSheet.java:979  | Stored /sheet#1/sheet#1.xml
2017-10-06 15:02:26,111 INFO [91387272]       StepMonitoring.java:96   | LEDGERS
2017-10-06 15:02:26,461 INFO [91387272]            BasicBook.java:1395 | Stored /book.xml
2017-10-06 15:02:26,940 INFO [91387272]           BasicSheet.java:979  | Stored /sheet#1/sheet#1.xml
2017-10-06 15:02:26,943 INFO [91387272]       StepMonitoring.java:96   | HEADS
2017-10-06 15:02:29,567 INFO [91387272]            BasicBook.java:1395 | Stored /book.xml
2017-10-06 15:02:30,801 INFO [91387272]           BasicSheet.java:979  | Stored /sheet#1/sheet#1.xml
2017-10-06 15:02:30,803 INFO [91387272]       StepMonitoring.java:96   | STEMS
2017-10-06 15:02:32,571 INFO [91387272]            BasicBook.java:1395 | Stored /book.xml
2017-10-06 15:02:33,985 INFO [91387272]           BasicSheet.java:979  | Stored /sheet#1/sheet#1.xml
2017-10-06 15:02:33,987 INFO [91387272]       StepMonitoring.java:96   | REDUCTION
2017-10-06 15:02:34,402 INFO [91387272]            BasicBook.java:1395 | Stored /book.xml
2017-10-06 15:02:35,400 INFO [91387272]           BasicSheet.java:979  | Stored /sheet#1/sheet#1.xml
2017-10-06 15:02:35,403 INFO [91387272]       StepMonitoring.java:96   | CUE_BEAMS
2017-10-06 15:02:35,407 INFO [91387272]            BasicBook.java:1395 | Stored /book.xml
2017-10-06 15:02:36,432 INFO [91387272]           BasicSheet.java:979  | Stored /sheet#1/sheet#1.xml
2017-10-06 15:02:36,435 INFO [91387272]       StepMonitoring.java:96   | TEXTS
2017-10-06 15:02:39,367 INFO [91387272]            BasicBook.java:1395 | Stored /book.xml
2017-10-06 15:02:40,628 INFO [91387272]           BasicSheet.java:979  | Stored /sheet#1/sheet#1.xml
2017-10-06 15:02:40,630 INFO [91387272]       StepMonitoring.java:96   | MEASURES
2017-10-06 15:02:40,634 INFO [91387272]      MeasuresBuilder.java:316  | S2 partial barline column: s3:G(x:382,y:725)[#58]
2017-10-06 15:02:40,635 INFO [91387272]      MeasuresBuilder.java:328  | S2 deleting   half column: s3:G(x:382,y:725)[#58]
2017-10-06 15:02:40,637 INFO [91387272]                 Page.java:210  | 18 raw measures: [5 in system#1, 4 in system#2, 5 in system#3, 4 in system#4]
2017-10-06 15:02:40,637 INFO [91387272]                 Page.java:210  | 9 raw measures: [5 in system#5, 4 in system#6]
2017-10-06 15:02:40,639 INFO [91387272]            BasicBook.java:1395 | Stored /book.xml
2017-10-06 15:02:41,607 INFO [91387272]           BasicSheet.java:979  | Stored /sheet#1/sheet#1.xml
2017-10-06 15:02:41,609 INFO [91387272]       StepMonitoring.java:96   | CHORDS
2017-10-06 15:02:41,620 INFO [91387272]            BasicBook.java:1395 | Stored /book.xml
2017-10-06 15:02:42,612 INFO [91387272]           BasicSheet.java:979  | Stored /sheet#1/sheet#1.xml
2017-10-06 15:02:42,614 INFO [91387272]       StepMonitoring.java:96   | CURVES
2017-10-06 15:02:44,096 INFO [91387272]         SlursBuilder.java:157  | Slurs: 38
2017-10-06 15:02:44,121 INFO [91387272]      SegmentsBuilder.java:113  | Segments: 17
2017-10-06 15:02:44,128 INFO [91387272]            BasicBook.java:1395 | Stored /book.xml
2017-10-06 15:02:45,319 INFO [91387272]           BasicSheet.java:979  | Stored /sheet#1/sheet#1.xml
2017-10-06 15:02:45,321 INFO [91387272]       StepMonitoring.java:96   | SYMBOLS
2017-10-06 15:02:45,513 INFO [91387272]       SymbolsBuilder.java:340  | Symbol parts shrunk from 8 to 7
2017-10-06 15:02:47,733 INFO [91387272]       SymbolsBuilder.java:340  | Symbol parts shrunk from 12 to 7
2017-10-06 15:02:48,116 INFO [91387272]       SymbolsBuilder.java:340  | Symbol parts shrunk from 12 to 7
2017-10-06 15:02:48,455 INFO [91387272]            BasicBook.java:1395 | Stored /book.xml
2017-10-06 15:02:49,965 INFO [91387272]           BasicSheet.java:979  | Stored /sheet#1/sheet#1.xml
2017-10-06 15:02:49,968 INFO [91387272]       StepMonitoring.java:96   | LINKS
2017-10-06 15:02:49,985 INFO [91387272]        SymbolsLinker.java:323  | No chord above direction SentenceInter{#5117(0.600) s:8 BIS-36 Direction} Malia legato.
2017-10-06 15:02:49,990 INFO [91387272]        SymbolsLinker.java:323  | No chord above direction SentenceInter{#5130(0.600) s:9 BIS-36 Direction} Malia legato.
2017-10-06 15:02:49,990 INFO [91387272]        SymbolsLinker.java:306  | No measure stack for direction SentenceInter{#5135(0.696) s:9 BS-33 Direction} : 96.
2017-10-06 15:02:50,007 INFO [91387272]            BasicBook.java:1395 | Stored /book.xml
2017-10-06 15:02:51,401 INFO [91387272]           BasicSheet.java:979  | Stored /sheet#1/sheet#1.xml
2017-10-06 15:02:51,404 INFO [91387272]       StepMonitoring.java:96   | RHYTHMS
2017-10-06 15:02:51,429 INFO [91387272]           PageRhythm.java:314  | Range{1-18 ts:6/8} Durations avgGuess:3/4 topGuess:3/4 avgValue:0.75 stacks:18 voices:41 Histogram{1/8-9/8 size:9 [1/8=2 1/4=6 3/8=2 1/2=6 5/8=5 3/4=10 7/8=3 1=6 9/8=1]}
2017-10-06 15:02:51,432 INFO [91387272]                Voice.java:257  | S1 MeasureStack#2 Voice #1 too long 3/8
2017-10-06 15:02:51,432 INFO [91387272]                Voice.java:257  | S1 MeasureStack#2 Voice #3 too long 1/8
2017-10-06 15:02:51,432 INFO [91387272]           StackTuner.java:92   | S1 MeasureStack#2 no correct rhythm
2017-10-06 15:02:51,434 INFO [91387272]         SlotsBuilder.java:427  | S1 MeasureStack#3 Slot{#4 xOffset=173 timeOffset=5/8 incomings=[#5148] SUSPICIOUS}
2017-10-06 15:02:51,434 INFO [91387272]                Voice.java:257  | S1 MeasureStack#3 Voice #1 too long 3/8
2017-10-06 15:02:51,435 INFO [91387272]           StackTuner.java:92   | S1 MeasureStack#3 no correct rhythm
2017-10-06 15:02:51,436 INFO [91387272]                Voice.java:257  | S1 MeasureStack#4 Voice #1 too long 1/4
2017-10-06 15:02:51,436 INFO [91387272]           StackTuner.java:92   | S1 MeasureStack#4 no correct rhythm
2017-10-06 15:02:51,439 INFO [91387272]                Voice.java:257  | S2 MeasureStack#6 Voice #1 too long 1/4
2017-10-06 15:02:51,440 INFO [91387272]           StackTuner.java:92   | S2 MeasureStack#6 no correct rhythm
2017-10-06 15:02:51,441 INFO [91387272]                Voice.java:257  | S2 MeasureStack#7 Voice #1 too long 1/4
2017-10-06 15:02:51,441 INFO [91387272]           StackTuner.java:92   | S2 MeasureStack#7 no correct rhythm
2017-10-06 15:02:51,443 INFO [91387272]                Voice.java:257  | S2 MeasureStack#8 Voice #1 too long 1/8
2017-10-06 15:02:51,444 INFO [91387272]           StackTuner.java:92   | S2 MeasureStack#8 no correct rhythm
2017-10-06 15:02:51,449 INFO [91387272]         SlotsBuilder.java:427  | S3 MeasureStack#11 Slot{#4 xOffset=204 timeOffset=5/8 incomings=[#5196] SUSPICIOUS}
2017-10-06 15:02:51,450 INFO [91387272]                Voice.java:257  | S3 MeasureStack#11 Voice #1 too long 3/8
2017-10-06 15:02:51,451 INFO [91387272]           StackTuner.java:92   | S3 MeasureStack#11 no correct rhythm
2017-10-06 15:02:51,452 INFO [91387272]                Voice.java:257  | S3 MeasureStack#12 Voice #1 too long 1/4
2017-10-06 15:02:51,452 INFO [91387272]           StackTuner.java:92   | S3 MeasureStack#12 no correct rhythm
2017-10-06 15:02:51,453 INFO [91387272]                Voice.java:257  | S3 MeasureStack#13 Voice #1 too long 1/4
2017-10-06 15:02:51,454 INFO [91387272]           StackTuner.java:92   | S3 MeasureStack#13 no correct rhythm
2017-10-06 15:02:51,455 INFO [91387272]                Voice.java:257  | S3 MeasureStack#14 Voice #1 too long 1/8
2017-10-06 15:02:51,455 INFO [91387272]           StackTuner.java:92   | S3 MeasureStack#14 no correct rhythm
2017-10-06 15:02:51,456 INFO [91387272]                Voice.java:257  | S4 MeasureStack#15 Voice #1 too long 1/4
2017-10-06 15:02:51,457 INFO [91387272]           StackTuner.java:92   | S4 MeasureStack#15 no correct rhythm
2017-10-06 15:02:51,458 INFO [91387272]         SlotsBuilder.java:427  | S4 MeasureStack#16 Slot{#4 xOffset=231 timeOffset=3/8 incomings=[#5242] SUSPICIOUS}
2017-10-06 15:02:51,459 INFO [91387272]                Voice.java:257  | S4 MeasureStack#16 Voice #1 too long 3/8
2017-10-06 15:02:51,459 INFO [91387272]                Voice.java:257  | S4 MeasureStack#16 Voice #2 too long 3/8
2017-10-06 15:02:51,459 INFO [91387272]                Voice.java:257  | S4 MeasureStack#16 Voice #3 too long 3/8
2017-10-06 15:02:51,460 INFO [91387272]           StackTuner.java:92   | S4 MeasureStack#16 no correct rhythm
2017-10-06 15:02:51,461 INFO [91387272]         SlotsBuilder.java:427  | S4 MeasureStack#17 Slot{#4 xOffset=245 timeOffset=1/2 incomings=[#5235] SUSPICIOUS}
2017-10-06 15:02:51,461 INFO [91387272]                Voice.java:257  | S4 MeasureStack#17 Voice #1 too long 1/4
2017-10-06 15:02:51,461 INFO [91387272]           StackTuner.java:92   | S4 MeasureStack#17 no correct rhythm
2017-10-06 15:02:51,465 INFO [91387272]         SlotsBuilder.java:434  | Stack#2 endless loop detected
2017-10-06 15:02:51,467 INFO [91387272]         SlotsBuilder.java:434  | Stack#4 endless loop detected
2017-10-06 15:02:51,469 INFO [91387272]         SlotsBuilder.java:434  | Stack#6 endless loop detected
2017-10-06 15:02:51,471 INFO [91387272]         SlotsBuilder.java:434  | Stack#8 endless loop detected
2017-10-06 15:02:51,472 INFO [91387272]           PageRhythm.java:314  | Range{1-9 ts:3/4} Durations avgGuess:1/2 topGuess:1/2 avgValue:0.63 stacks:9 voices:26 Histogram{1/4-5/4 size:4 [1/4=2 3/8=6 1/2=15 5/4=3]}
2017-10-06 15:02:51,473 INFO [91387272]           PageRhythm.java:221  | S5 Range{1-9 ts:3/4 dur:1/2} should update to 1/2-based time sig?
2017-10-06 15:02:51,475 INFO [91387272]         SlotsBuilder.java:434  | Stack#2 endless loop detected
2017-10-06 15:02:51,476 INFO [91387272]         SlotsBuilder.java:427  | S5 MeasureStack#3 Slot{#3 xOffset=126 timeOffset=1/2 incomings=[#5285] SUSPICIOUS}
2017-10-06 15:02:51,477 INFO [91387272]                Voice.java:257  | S5 MeasureStack#3 Voice #1 too long 1/2
2017-10-06 15:02:51,477 INFO [91387272]                Voice.java:257  | S5 MeasureStack#3 Voice #3 too long 1/2
2017-10-06 15:02:51,477 INFO [91387272]           StackTuner.java:92   | S5 MeasureStack#3 no correct rhythm
2017-10-06 15:02:51,478 INFO [91387272]         SlotsBuilder.java:434  | Stack#4 endless loop detected
2017-10-06 15:02:51,479 INFO [91387272]                Voice.java:257  | S5 MeasureStack#5 Voice #1 too long 3/4
2017-10-06 15:02:51,479 INFO [91387272]                Voice.java:257  | S5 MeasureStack#5 Voice #2 too long 3/4
2017-10-06 15:02:51,480 INFO [91387272]                Voice.java:257  | S5 MeasureStack#5 Voice #3 too long 3/4
2017-10-06 15:02:51,480 INFO [91387272]           StackTuner.java:92   | S5 MeasureStack#5 no correct rhythm
2017-10-06 15:02:51,482 INFO [91387272]         SlotsBuilder.java:434  | Stack#6 endless loop detected
2017-10-06 15:02:51,483 INFO [91387272]         SlotsBuilder.java:427  | S6 MeasureStack#7 Slot{#3 xOffset=176 timeOffset=1/2 incomings=[#5324] SUSPICIOUS}
2017-10-06 15:02:51,483 INFO [91387272]                Voice.java:257  | S6 MeasureStack#7 Voice #1 too long 1/2
2017-10-06 15:02:51,484 INFO [91387272]                Voice.java:257  | S6 MeasureStack#7 Voice #2 too long 1/2
2017-10-06 15:02:51,484 INFO [91387272]                Voice.java:257  | S6 MeasureStack#7 Voice #3 too long 1/2
2017-10-06 15:02:51,484 INFO [91387272]           StackTuner.java:92   | S6 MeasureStack#7 no correct rhythm
2017-10-06 15:02:51,485 INFO [91387272]         SlotsBuilder.java:434  | Stack#8 endless loop detected
2017-10-06 15:02:51,488 INFO [91387272]            BasicBook.java:1395 | Stored /book.xml
2017-10-06 15:02:52,856 INFO [91387272]           BasicSheet.java:979  | Stored /sheet#1/sheet#1.xml
2017-10-06 15:02:52,858 INFO [91387272]       StepMonitoring.java:96   | PAGE
2017-10-06 15:02:52,862 INFO [91387272]                 Part.java:275  | Could not right-connect slur#5420
2017-10-06 15:02:52,864 INFO [91387272]                Voice.java:257  | S1 MeasureStack#2 Voice #1 too long 3/8
2017-10-06 15:02:52,864 INFO [91387272]                Voice.java:257  | S1 MeasureStack#2 Voice #3 too long 1/8
2017-10-06 15:02:52,864 INFO [91387272]                Voice.java:257  | S1 MeasureStack#3 Voice #1 too long 3/8
2017-10-06 15:02:52,864 INFO [91387272]                Voice.java:257  | S1 MeasureStack#4 Voice #1 too long 1/4
2017-10-06 15:02:52,865 INFO [91387272]                Voice.java:257  | S2 MeasureStack#6 Voice #1 too long 1/4
2017-10-06 15:02:52,865 INFO [91387272]                Voice.java:257  | S2 MeasureStack#7 Voice #1 too long 1/4
2017-10-06 15:02:52,865 INFO [91387272]                Voice.java:257  | S2 MeasureStack#8 Voice #1 too long 1/8
2017-10-06 15:02:52,867 INFO [91387272]                Voice.java:257  | S3 MeasureStack#11 Voice #1 too long 3/8
2017-10-06 15:02:52,868 INFO [91387272]                Voice.java:257  | S3 MeasureStack#12 Voice #1 too long 1/4
2017-10-06 15:02:52,868 INFO [91387272]                Voice.java:257  | S3 MeasureStack#13 Voice #1 too long 1/4
2017-10-06 15:02:52,869 INFO [91387272]                Voice.java:257  | S3 MeasureStack#14 Voice #1 too long 1/8
2017-10-06 15:02:52,869 INFO [91387272]                Voice.java:257  | S4 MeasureStack#15 Voice #1 too long 1/4
2017-10-06 15:02:52,870 INFO [91387272]                Voice.java:257  | S4 MeasureStack#16 Voice #1 too long 3/8
2017-10-06 15:02:52,870 INFO [91387272]                Voice.java:257  | S4 MeasureStack#16 Voice #2 too long 3/8
2017-10-06 15:02:52,870 INFO [91387272]                Voice.java:257  | S4 MeasureStack#16 Voice #3 too long 3/8
2017-10-06 15:02:52,871 INFO [91387272]                Voice.java:257  | S4 MeasureStack#17 Voice #1 too long 1/4
2017-10-06 15:02:52,871 INFO [91387272]                Voice.java:257  | S5 MeasureStack#3 Voice #1 too long 1/2
2017-10-06 15:02:52,872 INFO [91387272]                Voice.java:257  | S5 MeasureStack#3 Voice #3 too long 1/2
2017-10-06 15:02:52,872 INFO [91387272]                Voice.java:257  | S5 MeasureStack#5 Voice #1 too long 3/4
2017-10-06 15:02:52,872 INFO [91387272]                Voice.java:257  | S5 MeasureStack#5 Voice #2 too long 3/4
2017-10-06 15:02:52,873 INFO [91387272]                Voice.java:257  | S5 MeasureStack#5 Voice #3 too long 3/4
2017-10-06 15:02:52,873 INFO [91387272]                Voice.java:257  | S6 MeasureStack#7 Voice #1 too long 1/2
2017-10-06 15:02:52,873 INFO [91387272]                Voice.java:257  | S6 MeasureStack#7 Voice #2 too long 1/2
2017-10-06 15:02:52,873 INFO [91387272]                Voice.java:257  | S6 MeasureStack#7 Voice #3 too long 1/2
2017-10-06 15:02:52,876 INFO [91387272]            BasicBook.java:1395 | Stored /book.xml
2017-10-06 15:02:54,286 INFO [91387272]           BasicSheet.java:979  | Stored /sheet#1/sheet#1.xml
2017-10-06 15:02:54,289 INFO [91387272]            BasicStub.java:723  | Sheet{91387272} disposed
2017-10-06 15:02:55,258 INFO [91387272]            BasicStub.java:449  | Loaded /sheet#1/sheet#1.xml
2017-10-06 15:02:55,260 INFO [91387272]            BasicBook.java:1133 | Scores built: 2
2017-10-06 15:02:56,262 WARN [91387272]      PartwiseBuilder.java:1379 | Error visiting null
java.lang.NullPointerException: null
	at org.audiveris.omr.score.PartwiseBuilder.processKey(PartwiseBuilder.java:1344)
	at org.audiveris.omr.score.PartwiseBuilder.processKeys(PartwiseBuilder.java:1407)
	at org.audiveris.omr.score.PartwiseBuilder.processMeasure(PartwiseBuilder.java:1575)
	at org.audiveris.omr.score.PartwiseBuilder.processPart(PartwiseBuilder.java:1988)
	at org.audiveris.omr.score.PartwiseBuilder.processSystem(PartwiseBuilder.java:2528)
	at org.audiveris.omr.score.PartwiseBuilder.processLogicalPart(PartwiseBuilder.java:1433)
	at org.audiveris.omr.score.PartwiseBuilder.processStub(PartwiseBuilder.java:2483)
	at org.audiveris.omr.score.PartwiseBuilder.processPartList(PartwiseBuilder.java:2017)
	at org.audiveris.omr.score.PartwiseBuilder.processScore(PartwiseBuilder.java:2195)
	at org.audiveris.omr.score.PartwiseBuilder.build(PartwiseBuilder.java:307)
	at org.audiveris.omr.score.ScoreExporter.export(ScoreExporter.java:117)
	at org.audiveris.omr.score.ScoreExporter.export(ScoreExporter.java:91)
	at org.audiveris.omr.sheet.BasicBook.export(BasicBook.java:589)
	at org.audiveris.omr.CLI$ProcessingTask.processBook(CLI.java:785)
	at org.audiveris.omr.CLI$CliTask.call(CLI.java:344)
	at org.audiveris.omr.Main.runBatchTasks(Main.java:316)
	at org.audiveris.omr.Main.main(Main.java:155)
	at Audiveris.main(Audiveris.java:49)
2017-10-06 15:02:56,326 INFO [91387272]        ScoreExporter.java:93   | Score 91387272.mvt1 exported to /Users/stephenn/Documents/workspace/nlsomr/xml_out/91386487/91387272/91387272.mvt1.mxl
2017-10-06 15:02:56,330 WARN [91387272]      PartwiseBuilder.java:1379 | Error visiting null
java.lang.NullPointerException: null
	at org.audiveris.omr.score.PartwiseBuilder.processKey(PartwiseBuilder.java:1344)
	at org.audiveris.omr.score.PartwiseBuilder.processKeys(PartwiseBuilder.java:1407)
	at org.audiveris.omr.score.PartwiseBuilder.processMeasure(PartwiseBuilder.java:1575)
	at org.audiveris.omr.score.PartwiseBuilder.processPart(PartwiseBuilder.java:1988)
	at org.audiveris.omr.score.PartwiseBuilder.processSystem(PartwiseBuilder.java:2528)
	at org.audiveris.omr.score.PartwiseBuilder.processLogicalPart(PartwiseBuilder.java:1433)
	at org.audiveris.omr.score.PartwiseBuilder.processStub(PartwiseBuilder.java:2483)
	at org.audiveris.omr.score.PartwiseBuilder.processPartList(PartwiseBuilder.java:2017)
	at org.audiveris.omr.score.PartwiseBuilder.processScore(PartwiseBuilder.java:2195)
	at org.audiveris.omr.score.PartwiseBuilder.build(PartwiseBuilder.java:307)
	at org.audiveris.omr.score.ScoreExporter.export(ScoreExporter.java:117)
	at org.audiveris.omr.score.ScoreExporter.export(ScoreExporter.java:91)
	at org.audiveris.omr.sheet.BasicBook.export(BasicBook.java:589)
	at org.audiveris.omr.CLI$ProcessingTask.processBook(CLI.java:785)
	at org.audiveris.omr.CLI$CliTask.call(CLI.java:344)
	at org.audiveris.omr.Main.runBatchTasks(Main.java:316)
	at org.audiveris.omr.Main.main(Main.java:155)
	at Audiveris.main(Audiveris.java:49)
2017-10-06 15:02:56,345 INFO [91387272]        ScoreExporter.java:93   | Score 91387272.mvt2 exported to /Users/stephenn/Documents/workspace/nlsomr/xml_out/91386487/91387272/91387272.mvt2.mxl
2017-10-06 15:02:56,496 INFO [91387272]            BasicBook.java:1395 | Stored /book.xml
2017-10-06 15:02:56,496 INFO [91387272]            BasicBook.java:1355 | Book stored as /Users/stephenn/Documents/workspace/nlsomr/xml_out/91386487/91387272/91387272.omr
