2017-10-06 14:41:45,708 INFO [91386996]            BasicBook.java:427  | 1 sheet in /Users/stephenn/Documents/workspace/nlsomr/working/91386996.jpg
2017-10-06 14:41:45,849 INFO []            BasicBook.java:1395 | Stored /book.xml
2017-10-06 14:41:45,849 INFO []            BasicBook.java:1355 | Book stored as /Users/stephenn/Documents/workspace/nlsomr/xml_out/91386487/91386996/91386996.omr
2017-10-06 14:41:45,855 INFO []            BasicBook.java:996  | Book reaching PAGE on sheets:[#1]
2017-10-06 14:41:45,857 INFO [91386996]       StepMonitoring.java:96   | LOAD
2017-10-06 14:41:46,009 INFO [91386996]            BasicBook.java:911  | Loaded image 1 2000x3056 from /Users/stephenn/Documents/workspace/nlsomr/working/91386996.jpg
2017-10-06 14:41:46,013 INFO [91386996]            ImageUtil.java:82   | Converting max RGB to gray ...
2017-10-06 14:41:46,251 INFO [91386996]            BasicBook.java:1395 | Stored /book.xml
2017-10-06 14:41:46,567 INFO [91386996]           BasicSheet.java:979  | Stored /sheet#1/sheet#1.xml
2017-10-06 14:41:46,568 INFO [91386996]       StepMonitoring.java:96   | BINARY
2017-10-06 14:41:47,209 INFO [91386996]            BasicBook.java:1395 | Stored /book.xml
2017-10-06 14:41:47,579 INFO [91386996]              Picture.java:786  | Stored /sheet#1/BINARY.xml
2017-10-06 14:41:47,581 INFO [91386996]           BasicSheet.java:979  | Stored /sheet#1/sheet#1.xml
2017-10-06 14:41:47,583 INFO [91386996]       StepMonitoring.java:96   | SCALE
2017-10-06 14:41:47,643 INFO [91386996]            ScaleStep.java:87   | Scale{line(3,4,5) interline(16,16,17) beam(13)}
2017-10-06 14:41:47,647 INFO [91386996]            BasicBook.java:1395 | Stored /book.xml
2017-10-06 14:41:47,649 INFO [91386996]           BasicSheet.java:979  | Stored /sheet#1/sheet#1.xml
2017-10-06 14:41:47,651 INFO [91386996]       StepMonitoring.java:96   | GRID
2017-10-06 14:41:48,571 INFO [91386996]       LinesRetriever.java:442  | Global slope: -0.00208
2017-10-06 14:41:48,666 INFO [91386996]    ClustersRetriever.java:241  | Retrieved line clusters: 12 of size: 5 with interline: (16,16,17)
2017-10-06 14:41:49,342 INFO [91386996]            PeakGraph.java:181  | Systems: #1[1, 2] #2[3, 4] #3[5, 6] #4[7, 8] #5[9, 10] #6[11, 12]
2017-10-06 14:41:50,519 INFO [91386996]        SystemManager.java:626  | Indentation detected for system#3
2017-10-06 14:41:50,520 INFO [91386996]        SystemManager.java:671  | 2 pages found in sheet
2017-10-06 14:41:50,521 INFO [91386996]        SystemManager.java:709  | Page #1: 1 part along 2 systems
2017-10-06 14:41:50,521 INFO [91386996]        SystemManager.java:709  | Page #2: 1 part along 4 systems
2017-10-06 14:41:50,526 INFO [91386996]            BasicBook.java:1395 | Stored /book.xml
2017-10-06 14:41:50,802 INFO [91386996]           BasicSheet.java:979  | Stored /sheet#1/sheet#1.xml
2017-10-06 14:41:50,805 INFO [91386996]       StepMonitoring.java:96   | HEADERS
2017-10-06 14:41:51,212 INFO []          Nd4jBackend.java:194  | Loaded [CpuBackend] backend
2017-10-06 14:41:51,270 INFO []      NativeOpsHolder.java:49   | Number of threads used for NativeOps: 2
2017-10-06 14:41:51,761 INFO [] DefaultOpExecutioner.java:544  | Backend used: [CPU]; OS: [Mac OS X]
2017-10-06 14:41:51,762 INFO [] DefaultOpExecutioner.java:545  | Cores: [4]; Memory: [3.6GB];
2017-10-06 14:41:51,762 INFO [] DefaultOpExecutioner.java:546  | Blas vendor: [OPENBLAS]
2017-10-06 14:41:51,805 INFO []   AbstractClassifier.java:332  | Classifier data loaded from default uri jar:file:/Users/stephenn/Documents/workspace/audiveris/build/distributions/Audiveris/lib/audiveris.jar!/res/basic-classifier.zip
2017-10-06 14:41:53,617 WARN [91386996]          ClefBuilder.java:560  | Staff#4 no header clef.
2017-10-06 14:41:54,282 WARN [91386996]          ClefBuilder.java:560  | Staff#10 no header clef.
2017-10-06 14:41:54,433 INFO [91386996]            BasicBook.java:1395 | Stored /book.xml
2017-10-06 14:41:54,823 INFO [91386996]           BasicSheet.java:979  | Stored /sheet#1/sheet#1.xml
2017-10-06 14:41:54,826 INFO [91386996]       StepMonitoring.java:96   | STEM_SEEDS
2017-10-06 14:41:54,932 INFO []   AbstractClassifier.java:332  | Classifier data loaded from default uri jar:file:/Users/stephenn/Documents/workspace/audiveris/build/distributions/Audiveris/lib/audiveris.jar!/res/deep-classifier.zip
2017-10-06 14:41:54,960 INFO [91386996]        StemSeedsStep.java:91   | stem(4 max:5)
2017-10-06 14:41:55,084 INFO [91386996]            BasicBook.java:1395 | Stored /book.xml
2017-10-06 14:41:55,457 INFO [91386996]           BasicSheet.java:979  | Stored /sheet#1/sheet#1.xml
2017-10-06 14:41:55,459 INFO [91386996]       StepMonitoring.java:96   | BEAMS
2017-10-06 14:42:00,562 INFO [91386996]            BeamsStep.java:89   | BeamDistance{count:23 mean:15.48 stdDev:0.47}
2017-10-06 14:42:00,566 INFO [91386996]            BasicBook.java:1395 | Stored /book.xml
2017-10-06 14:42:00,662 INFO [91386996]              Picture.java:786  | Stored /sheet#1/HEAD_SPOTS.xml
2017-10-06 14:42:01,313 INFO [91386996]           BasicSheet.java:979  | Stored /sheet#1/sheet#1.xml
2017-10-06 14:42:01,315 INFO [91386996]       StepMonitoring.java:96   | LEDGERS
2017-10-06 14:42:02,054 INFO [91386996]            BasicBook.java:1395 | Stored /book.xml
2017-10-06 14:42:02,778 INFO [91386996]           BasicSheet.java:979  | Stored /sheet#1/sheet#1.xml
2017-10-06 14:42:02,781 INFO [91386996]       StepMonitoring.java:96   | HEADS
2017-10-06 14:42:05,745 INFO [91386996]            BasicBook.java:1395 | Stored /book.xml
2017-10-06 14:42:07,089 INFO [91386996]           BasicSheet.java:979  | Stored /sheet#1/sheet#1.xml
2017-10-06 14:42:07,092 INFO [91386996]       StepMonitoring.java:96   | STEMS
2017-10-06 14:42:09,758 INFO [91386996]            BasicBook.java:1395 | Stored /book.xml
2017-10-06 14:42:11,697 INFO [91386996]           BasicSheet.java:979  | Stored /sheet#1/sheet#1.xml
2017-10-06 14:42:11,699 INFO [91386996]       StepMonitoring.java:96   | REDUCTION
2017-10-06 14:42:12,439 INFO [91386996]            BasicBook.java:1395 | Stored /book.xml
2017-10-06 14:42:13,758 INFO [91386996]           BasicSheet.java:979  | Stored /sheet#1/sheet#1.xml
2017-10-06 14:42:13,760 INFO [91386996]       StepMonitoring.java:96   | CUE_BEAMS
2017-10-06 14:42:13,764 INFO [91386996]            BasicBook.java:1395 | Stored /book.xml
2017-10-06 14:42:14,991 INFO [91386996]           BasicSheet.java:979  | Stored /sheet#1/sheet#1.xml
2017-10-06 14:42:14,994 INFO [91386996]       StepMonitoring.java:96   | TEXTS
2017-10-06 14:42:16,548 INFO [91386996]            BasicBook.java:1395 | Stored /book.xml
2017-10-06 14:42:17,795 INFO [91386996]           BasicSheet.java:979  | Stored /sheet#1/sheet#1.xml
2017-10-06 14:42:17,798 INFO [91386996]       StepMonitoring.java:96   | MEASURES
2017-10-06 14:42:17,802 INFO [91386996]                 Page.java:210  | 9 raw measures: [5 in system#1, 4 in system#2]
2017-10-06 14:42:17,803 INFO [91386996]                 Page.java:210  | 18 raw measures: [4 in system#3, 5 in system#4, 5 in system#5, 4 in system#6]
2017-10-06 14:42:17,804 INFO [91386996]            BasicBook.java:1395 | Stored /book.xml
2017-10-06 14:42:19,121 INFO [91386996]           BasicSheet.java:979  | Stored /sheet#1/sheet#1.xml
2017-10-06 14:42:19,123 INFO [91386996]       StepMonitoring.java:96   | CHORDS
2017-10-06 14:42:19,140 INFO [91386996]            BasicBook.java:1395 | Stored /book.xml
2017-10-06 14:42:20,580 INFO [91386996]           BasicSheet.java:979  | Stored /sheet#1/sheet#1.xml
2017-10-06 14:42:20,582 INFO [91386996]       StepMonitoring.java:96   | CURVES
2017-10-06 14:42:22,184 INFO [91386996]         SlursBuilder.java:157  | Slurs: 34
2017-10-06 14:42:22,247 INFO [91386996]      SegmentsBuilder.java:113  | Segments: 25
2017-10-06 14:42:22,256 INFO [91386996]            BasicBook.java:1395 | Stored /book.xml
2017-10-06 14:42:23,849 INFO [91386996]           BasicSheet.java:979  | Stored /sheet#1/sheet#1.xml
2017-10-06 14:42:23,851 INFO [91386996]       StepMonitoring.java:96   | SYMBOLS
2017-10-06 14:42:26,984 INFO [91386996]            BasicBook.java:1395 | Stored /book.xml
2017-10-06 14:42:28,820 INFO [91386996]           BasicSheet.java:979  | Stored /sheet#1/sheet#1.xml
2017-10-06 14:42:28,822 INFO [91386996]       StepMonitoring.java:96   | LINKS
2017-10-06 14:42:28,896 INFO [91386996]            BasicBook.java:1395 | Stored /book.xml
2017-10-06 14:42:30,893 INFO [91386996]           BasicSheet.java:979  | Stored /sheet#1/sheet#1.xml
2017-10-06 14:42:30,895 INFO [91386996]       StepMonitoring.java:96   | RHYTHMS
2017-10-06 14:42:30,908 WARN [91386996]           StackTuner.java:95   | Error java.lang.IllegalArgumentException: no such vertex in graph: HeadChordInter{#7257 DELETED(0.658/0.658) mirror#7202 s:1 dur:1/8} checkConfig 
java.lang.IllegalArgumentException: no such vertex in graph: HeadChordInter{#7257 DELETED(0.658/0.658) mirror#7202 s:1 dur:1/8}
	at org.jgrapht.graph.AbstractGraph.assertVertexExist(AbstractGraph.java:132)
	at org.jgrapht.graph.AbstractBaseGraph.addEdge(AbstractBaseGraph.java:209)
	at org.audiveris.omr.sheet.rhythm.SlotsBuilder.setRel(SlotsBuilder.java:1162)
	at org.audiveris.omr.sheet.rhythm.SlotsBuilder.inspectBeams(SlotsBuilder.java:866)
	at org.audiveris.omr.sheet.rhythm.SlotsBuilder.buildRelationships(SlotsBuilder.java:346)
	at org.audiveris.omr.sheet.rhythm.SlotsBuilder.process(SlotsBuilder.java:234)
	at org.audiveris.omr.sheet.rhythm.StackTuner.checkSlots(StackTuner.java:146)
	at org.audiveris.omr.sheet.rhythm.StackTuner.check(StackTuner.java:110)
	at org.audiveris.omr.sheet.rhythm.StackTuner.process(StackTuner.java:91)
	at org.audiveris.omr.sheet.rhythm.PageRhythm.retrieveRangeDurations(PageRhythm.java:346)
	at org.audiveris.omr.sheet.rhythm.PageRhythm.process(PageRhythm.java:125)
	at org.audiveris.omr.sheet.rhythm.RhythmsStep.doit(RhythmsStep.java:61)
	at org.audiveris.omr.step.Step.doit(Step.java:168)
	at org.audiveris.omr.sheet.BasicStub$3.call(BasicStub.java:814)
	at org.audiveris.omr.sheet.BasicStub$3.call(BasicStub.java:802)
	at java.util.concurrent.FutureTask.run(FutureTask.java:266)
	at java.util.concurrent.ThreadPoolExecutor.runWorker(ThreadPoolExecutor.java:1149)
	at java.util.concurrent.ThreadPoolExecutor$Worker.run(ThreadPoolExecutor.java:624)
	at java.lang.Thread.run(Thread.java:748)
2017-10-06 14:42:30,986 INFO [91386996]           PageRhythm.java:314  | Range{1-9} Durations avgGuess:3/4 topGuess:3/4 avgValue:0.69 stacks:9 voices:28 Histogram{1/8-7/8 size:8 [1/8=1 1/4=2 5/16=1 3/8=3 1/2=1 5/8=9 3/4=10 7/8=1]}
2017-10-06 14:42:30,988 INFO [91386996]           PageRhythm.java:221  | S1 Range{1-9 dur:3/4} should update to 3/4-based time sig?
2017-10-06 14:42:30,990 WARN [91386996]           StackTuner.java:95   | Error java.lang.IllegalArgumentException: no such vertex in graph: HeadChordInter{#7257 DELETED(0.658/0.658) mirror#7202 s:1 dur:1/8} checkConfig 
java.lang.IllegalArgumentException: no such vertex in graph: HeadChordInter{#7257 DELETED(0.658/0.658) mirror#7202 s:1 dur:1/8}
	at org.jgrapht.graph.AbstractGraph.assertVertexExist(AbstractGraph.java:132)
	at org.jgrapht.graph.AbstractBaseGraph.addEdge(AbstractBaseGraph.java:209)
	at org.audiveris.omr.sheet.rhythm.SlotsBuilder.setRel(SlotsBuilder.java:1162)
	at org.audiveris.omr.sheet.rhythm.SlotsBuilder.inspectBeams(SlotsBuilder.java:866)
	at org.audiveris.omr.sheet.rhythm.SlotsBuilder.buildRelationships(SlotsBuilder.java:346)
	at org.audiveris.omr.sheet.rhythm.SlotsBuilder.process(SlotsBuilder.java:234)
	at org.audiveris.omr.sheet.rhythm.StackTuner.checkSlots(StackTuner.java:146)
	at org.audiveris.omr.sheet.rhythm.StackTuner.check(StackTuner.java:110)
	at org.audiveris.omr.sheet.rhythm.StackTuner.process(StackTuner.java:91)
	at org.audiveris.omr.sheet.rhythm.PageRhythm.processRanges(PageRhythm.java:231)
	at org.audiveris.omr.sheet.rhythm.PageRhythm.process(PageRhythm.java:128)
	at org.audiveris.omr.sheet.rhythm.RhythmsStep.doit(RhythmsStep.java:61)
	at org.audiveris.omr.step.Step.doit(Step.java:168)
	at org.audiveris.omr.sheet.BasicStub$3.call(BasicStub.java:814)
	at org.audiveris.omr.sheet.BasicStub$3.call(BasicStub.java:802)
	at java.util.concurrent.FutureTask.run(FutureTask.java:266)
	at java.util.concurrent.ThreadPoolExecutor.runWorker(ThreadPoolExecutor.java:1149)
	at java.util.concurrent.ThreadPoolExecutor$Worker.run(ThreadPoolExecutor.java:624)
	at java.lang.Thread.run(Thread.java:748)
2017-10-06 14:42:30,995 INFO [91386996]         SlotsBuilder.java:427  | S1 MeasureStack#3 Slot{#4 xOffset=154 timeOffset=5/16 incomings=[#7208] SUSPICIOUS}
2017-10-06 14:42:30,997 INFO [91386996]         SlotsBuilder.java:427  | S1 MeasureStack#3 Slot{#6 xOffset=207 timeOffset=7/16 incomings=[#7209] SUSPICIOUS}
2017-10-06 14:42:31,002 INFO [91386996]         SlotsBuilder.java:427  | S1 MeasureStack#3 Slot{#8 xOffset=259 timeOffset=9/16 incomings=[#7210] SUSPICIOUS}
2017-10-06 14:42:31,003 INFO [91386996]         SlotsBuilder.java:427  | S1 MeasureStack#3 Slot{#10 xOffset=318 timeOffset=11/16 incomings=[#7261] SUSPICIOUS}
2017-10-06 14:42:31,004 INFO [91386996]         SlotsBuilder.java:427  | S1 MeasureStack#3 Slot{#11 xOffset=318 timeOffset=3/4 incomings=[#7211] SUSPICIOUS}
2017-10-06 14:42:31,005 INFO [91386996]                Voice.java:257  | S1 MeasureStack#3 Voice #1 too long 1/16
2017-10-06 14:42:31,005 INFO [91386996]                Voice.java:257  | S1 MeasureStack#3 Voice #2 too long 1/8
2017-10-06 14:42:31,006 INFO [91386996]           StackTuner.java:92   | S1 MeasureStack#3 no correct rhythm
2017-10-06 14:42:31,012 INFO [91386996]                Voice.java:257  | S1 MeasureStack#5 Voice #1 too long 1/8
2017-10-06 14:42:31,013 INFO [91386996]           StackTuner.java:92   | S1 MeasureStack#5 no correct rhythm
2017-10-06 14:42:31,023 INFO [91386996]         SlotsBuilder.java:427  | S2 MeasureStack#9 Slot{#5 xOffset=217 timeOffset=1/2 incomings=[#7320#7321] SUSPICIOUS}
2017-10-06 14:42:31,028 INFO [91386996]         SlotsBuilder.java:399  | Stack#2 suspicious Slot{#4 xOffset=184 timeOffset=3/8 incomings=[#7354]}
2017-10-06 14:42:31,053 INFO [91386996]         SlotsBuilder.java:399  | Stack#16 suspicious Slot{#4 xOffset=219 timeOffset=3/8 incomings=[#7544]}
2017-10-06 14:42:31,058 INFO [91386996]           PageRhythm.java:314  | Range{1-18 ts:3/4} Durations avgGuess:3/4 topGuess:3/4 avgValue:0.66 stacks:18 voices:49 Histogram{1/8-3/4 size:9 [1/8=1 1/4=6 5/16=1 3/8=3 7/16=1 1/2=10 9/16=1 5/8=5 3/4=21]}
2017-10-06 14:42:31,061 INFO [91386996]         SlotsBuilder.java:427  | S3 MeasureStack#2 Slot{#7 xOffset=254 timeOffset=1/2 incomings=[#7355#7356] SUSPICIOUS}
2017-10-06 14:42:31,063 INFO [91386996]         SlotsBuilder.java:427  | S3 MeasureStack#2 Slot{#9 xOffset=295 timeOffset=5/8 incomings=[#7357] SUSPICIOUS}
2017-10-06 14:42:31,069 INFO [91386996]         SlotsBuilder.java:427  | S4 MeasureStack#5 Slot{#6 xOffset=259 timeOffset=5/8 incomings=[#7379] SUSPICIOUS}
2017-10-06 14:42:31,072 INFO [91386996]                Voice.java:257  | S4 MeasureStack#5 Voice #1 too long 1/8
2017-10-06 14:42:31,072 INFO [91386996]           StackTuner.java:92   | S4 MeasureStack#5 no correct rhythm
2017-10-06 14:42:31,075 INFO [91386996]         SlotsBuilder.java:427  | S4 MeasureStack#6 Slot{#4 xOffset=115 timeOffset=5/16 incomings=[#7423] SUSPICIOUS}
2017-10-06 14:42:31,083 INFO [91386996]         SlotsBuilder.java:427  | S5 MeasureStack#10 Slot{#3 xOffset=142 timeOffset=1/4 incomings=[#7446] SUSPICIOUS}
2017-10-06 14:42:31,084 INFO [91386996]         SlotsBuilder.java:427  | S5 MeasureStack#10 Slot{#5 xOffset=188 timeOffset=3/8 incomings=[#7447] SUSPICIOUS}
2017-10-06 14:42:31,085 INFO [91386996]         SlotsBuilder.java:427  | S5 MeasureStack#11 Slot{#6 xOffset=227 timeOffset=9/16 incomings=[#7478] SUSPICIOUS}
2017-10-06 14:42:31,086 INFO [91386996]         SlotsBuilder.java:427  | S5 MeasureStack#11 Slot{#8 xOffset=272 timeOffset=11/16 incomings=[#7479] SUSPICIOUS}
2017-10-06 14:42:31,095 INFO [91386996]                Voice.java:257  | S5 MeasureStack#11 Voice #2 too long 1/16
2017-10-06 14:42:31,096 INFO [91386996]           StackTuner.java:92   | S5 MeasureStack#11 no correct rhythm
2017-10-06 14:42:31,101 INFO [91386996]         SlotsBuilder.java:427  | S5 MeasureStack#14 Slot{#6 xOffset=236 timeOffset=5/8 incomings=[#7469] SUSPICIOUS}
2017-10-06 14:42:31,101 INFO [91386996]         SlotsBuilder.java:427  | S5 MeasureStack#14 Slot{#8 xOffset=306 timeOffset=3/4 incomings=[#7470] SUSPICIOUS}
2017-10-06 14:42:31,102 INFO [91386996]                Voice.java:257  | S5 MeasureStack#14 Voice #1 too long 1/8
2017-10-06 14:42:31,102 INFO [91386996]           StackTuner.java:92   | S5 MeasureStack#14 no correct rhythm
2017-10-06 14:42:31,111 INFO [91386996]            BasicBook.java:1395 | Stored /book.xml
2017-10-06 14:42:33,031 INFO [91386996]           BasicSheet.java:979  | Stored /sheet#1/sheet#1.xml
2017-10-06 14:42:33,036 INFO [91386996]       StepMonitoring.java:96   | PAGE
2017-10-06 14:42:33,040 INFO [91386996]                Voice.java:257  | S1 MeasureStack#3 Voice #1 too long 1/16
2017-10-06 14:42:33,041 INFO [91386996]                Voice.java:257  | S1 MeasureStack#3 Voice #2 too long 1/8
2017-10-06 14:42:33,041 INFO [91386996]                Voice.java:257  | S1 MeasureStack#5 Voice #1 too long 1/8
2017-10-06 14:42:33,042 INFO [91386996]                Voice.java:257  | S4 MeasureStack#5 Voice #1 too long 1/8
2017-10-06 14:42:33,043 INFO [91386996]                Voice.java:257  | S5 MeasureStack#11 Voice #2 too long 1/16
2017-10-06 14:42:33,044 INFO [91386996]                Voice.java:257  | S5 MeasureStack#14 Voice #1 too long 1/8
2017-10-06 14:42:33,046 INFO [91386996]            BasicBook.java:1395 | Stored /book.xml
2017-10-06 14:42:35,171 INFO [91386996]           BasicSheet.java:979  | Stored /sheet#1/sheet#1.xml
2017-10-06 14:42:35,177 INFO [91386996]            BasicStub.java:723  | Sheet{91386996} disposed
2017-10-06 14:42:36,313 INFO [91386996]            BasicStub.java:449  | Loaded /sheet#1/sheet#1.xml
2017-10-06 14:42:36,315 INFO [91386996]            BasicBook.java:1133 | Scores built: 2
2017-10-06 14:42:37,269 WARN [91386996]      PartwiseBuilder.java:1379 | Error visiting null
java.lang.NullPointerException: null
	at org.audiveris.omr.score.PartwiseBuilder.processKey(PartwiseBuilder.java:1344)
	at org.audiveris.omr.score.PartwiseBuilder.processKeys(PartwiseBuilder.java:1407)
	at org.audiveris.omr.score.PartwiseBuilder.processMeasure(PartwiseBuilder.java:1575)
	at org.audiveris.omr.score.PartwiseBuilder.processPart(PartwiseBuilder.java:1988)
	at org.audiveris.omr.score.PartwiseBuilder.processSystem(PartwiseBuilder.java:2528)
	at org.audiveris.omr.score.PartwiseBuilder.processLogicalPart(PartwiseBuilder.java:1433)
	at org.audiveris.omr.score.PartwiseBuilder.processStub(PartwiseBuilder.java:2483)
	at org.audiveris.omr.score.PartwiseBuilder.processPartList(PartwiseBuilder.java:2017)
	at org.audiveris.omr.score.PartwiseBuilder.processScore(PartwiseBuilder.java:2195)
	at org.audiveris.omr.score.PartwiseBuilder.build(PartwiseBuilder.java:307)
	at org.audiveris.omr.score.ScoreExporter.export(ScoreExporter.java:117)
	at org.audiveris.omr.score.ScoreExporter.export(ScoreExporter.java:91)
	at org.audiveris.omr.sheet.BasicBook.export(BasicBook.java:589)
	at org.audiveris.omr.CLI$ProcessingTask.processBook(CLI.java:785)
	at org.audiveris.omr.CLI$CliTask.call(CLI.java:344)
	at org.audiveris.omr.Main.runBatchTasks(Main.java:316)
	at org.audiveris.omr.Main.main(Main.java:155)
	at Audiveris.main(Audiveris.java:49)
2017-10-06 14:42:37,322 INFO [91386996]        ScoreExporter.java:93   | Score 91386996.mvt1 exported to /Users/stephenn/Documents/workspace/nlsomr/xml_out/91386487/91386996/91386996.mvt1.mxl
2017-10-06 14:42:37,379 INFO [91386996]        ScoreExporter.java:93   | Score 91386996.mvt2 exported to /Users/stephenn/Documents/workspace/nlsomr/xml_out/91386487/91386996/91386996.mvt2.mxl
2017-10-06 14:42:37,553 INFO [91386996]            BasicBook.java:1395 | Stored /book.xml
2017-10-06 14:42:37,553 INFO [91386996]            BasicBook.java:1355 | Book stored as /Users/stephenn/Documents/workspace/nlsomr/xml_out/91386487/91386996/91386996.omr
