2017-10-06 16:02:05,982 INFO [91388076]            BasicBook.java:427  | 1 sheet in /Users/stephenn/Documents/workspace/nlsomr/working/91388076.jpg
2017-10-06 16:02:06,162 INFO []            BasicBook.java:1395 | Stored /book.xml
2017-10-06 16:02:06,162 INFO []            BasicBook.java:1355 | Book stored as /Users/stephenn/Documents/workspace/nlsomr/xml_out/91386487/91388076/91388076.omr
2017-10-06 16:02:06,170 INFO []            BasicBook.java:996  | Book reaching PAGE on sheets:[#1]
2017-10-06 16:02:06,172 INFO [91388076]       StepMonitoring.java:96   | LOAD
2017-10-06 16:02:06,325 INFO [91388076]            BasicBook.java:911  | Loaded image 1 2000x3056 from /Users/stephenn/Documents/workspace/nlsomr/working/91388076.jpg
2017-10-06 16:02:06,328 INFO [91388076]            ImageUtil.java:82   | Converting max RGB to gray ...
2017-10-06 16:02:06,579 INFO [91388076]            BasicBook.java:1395 | Stored /book.xml
2017-10-06 16:02:06,922 INFO [91388076]           BasicSheet.java:979  | Stored /sheet#1/sheet#1.xml
2017-10-06 16:02:06,924 INFO [91388076]       StepMonitoring.java:96   | BINARY
2017-10-06 16:02:07,556 INFO [91388076]            BasicBook.java:1395 | Stored /book.xml
2017-10-06 16:02:07,898 INFO [91388076]              Picture.java:786  | Stored /sheet#1/BINARY.xml
2017-10-06 16:02:07,900 INFO [91388076]           BasicSheet.java:979  | Stored /sheet#1/sheet#1.xml
2017-10-06 16:02:07,902 INFO [91388076]       StepMonitoring.java:96   | SCALE
2017-10-06 16:02:07,943 INFO [91388076]            ScaleStep.java:87   | Scale{line(3,5,6) interline(16,16,17) beam(13)}
2017-10-06 16:02:07,946 INFO [91388076]            BasicBook.java:1395 | Stored /book.xml
2017-10-06 16:02:07,948 INFO [91388076]           BasicSheet.java:979  | Stored /sheet#1/sheet#1.xml
2017-10-06 16:02:07,951 INFO [91388076]       StepMonitoring.java:96   | GRID
2017-10-06 16:02:08,932 INFO [91388076]       LinesRetriever.java:442  | Global slope: 0.00205
2017-10-06 16:02:09,046 INFO [91388076]    ClustersRetriever.java:241  | Retrieved line clusters: 12 of size: 5 with interline: (16,16,17)
2017-10-06 16:02:09,947 INFO [91388076]            PeakGraph.java:181  | Systems: #1[1, 2] #2[3, 4] #3[5, 6] #4[7, 8] #5[9, 10] #6[11, 12]
2017-10-06 16:02:11,034 INFO [91388076]        SystemManager.java:626  | Indentation detected for system#1
2017-10-06 16:02:11,035 INFO [91388076]        SystemManager.java:626  | Indentation detected for system#3
2017-10-06 16:02:11,035 INFO [91388076]        SystemManager.java:671  | 2 pages found in sheet
2017-10-06 16:02:11,036 INFO [91388076]        SystemManager.java:709  | Page #1: 1 part along 2 systems
2017-10-06 16:02:11,036 INFO [91388076]        SystemManager.java:709  | Page #2: 1 part along 4 systems
2017-10-06 16:02:11,039 INFO [91388076]            BasicBook.java:1395 | Stored /book.xml
2017-10-06 16:02:11,272 INFO [91388076]           BasicSheet.java:979  | Stored /sheet#1/sheet#1.xml
2017-10-06 16:02:11,276 INFO [91388076]       StepMonitoring.java:96   | HEADERS
2017-10-06 16:02:11,671 INFO []          Nd4jBackend.java:194  | Loaded [CpuBackend] backend
2017-10-06 16:02:11,736 INFO []      NativeOpsHolder.java:49   | Number of threads used for NativeOps: 2
2017-10-06 16:02:12,173 INFO [] DefaultOpExecutioner.java:544  | Backend used: [CPU]; OS: [Mac OS X]
2017-10-06 16:02:12,174 INFO [] DefaultOpExecutioner.java:545  | Cores: [4]; Memory: [3.6GB];
2017-10-06 16:02:12,174 INFO [] DefaultOpExecutioner.java:546  | Blas vendor: [OPENBLAS]
2017-10-06 16:02:12,217 INFO []   AbstractClassifier.java:332  | Classifier data loaded from default uri jar:file:/Users/stephenn/Documents/workspace/audiveris/build/distributions/Audiveris/lib/audiveris.jar!/res/basic-classifier.zip
2017-10-06 16:02:13,630 WARN [91388076]          ClefBuilder.java:560  | Staff#2 no header clef.
2017-10-06 16:02:14,037 INFO [91388076]           KeyBuilder.java:746  | Staff#4 key slice#1 pitch adjusted from 2.4 to 1
2017-10-06 16:02:14,431 WARN [91388076]          ClefBuilder.java:560  | Staff#6 no header clef.
2017-10-06 16:02:14,854 WARN [91388076]          ClefBuilder.java:560  | Staff#8 no header clef.
2017-10-06 16:02:15,051 INFO [91388076]           KeyBuilder.java:746  | Staff#9 key slice#1 pitch adjusted from 1.1 to 0
2017-10-06 16:02:15,190 WARN [91388076]          ClefBuilder.java:560  | Staff#12 no header clef.
2017-10-06 16:02:15,218 INFO [91388076]            BasicBook.java:1395 | Stored /book.xml
2017-10-06 16:02:15,576 INFO [91388076]           BasicSheet.java:979  | Stored /sheet#1/sheet#1.xml
2017-10-06 16:02:15,578 INFO [91388076]       StepMonitoring.java:96   | STEM_SEEDS
2017-10-06 16:02:15,716 INFO [91388076]        StemSeedsStep.java:91   | stem(4 max:5)
2017-10-06 16:02:15,806 INFO []   AbstractClassifier.java:332  | Classifier data loaded from default uri jar:file:/Users/stephenn/Documents/workspace/audiveris/build/distributions/Audiveris/lib/audiveris.jar!/res/deep-classifier.zip
2017-10-06 16:02:15,855 INFO [91388076]            BasicBook.java:1395 | Stored /book.xml
2017-10-06 16:02:16,147 INFO [91388076]           BasicSheet.java:979  | Stored /sheet#1/sheet#1.xml
2017-10-06 16:02:16,149 INFO [91388076]       StepMonitoring.java:96   | BEAMS
2017-10-06 16:02:21,254 INFO [91388076]            BeamsStep.java:89   | BeamDistance{count:10 mean:15.02 stdDev:0.72}
2017-10-06 16:02:21,258 INFO [91388076]            BasicBook.java:1395 | Stored /book.xml
2017-10-06 16:02:21,315 INFO [91388076]              Picture.java:786  | Stored /sheet#1/HEAD_SPOTS.xml
2017-10-06 16:02:21,672 INFO [91388076]           BasicSheet.java:979  | Stored /sheet#1/sheet#1.xml
2017-10-06 16:02:21,674 INFO [91388076]       StepMonitoring.java:96   | LEDGERS
2017-10-06 16:02:22,326 INFO [91388076]            BasicBook.java:1395 | Stored /book.xml
2017-10-06 16:02:22,704 INFO [91388076]           BasicSheet.java:979  | Stored /sheet#1/sheet#1.xml
2017-10-06 16:02:22,706 INFO [91388076]       StepMonitoring.java:96   | HEADS
2017-10-06 16:02:25,306 INFO [91388076]            BasicBook.java:1395 | Stored /book.xml
2017-10-06 16:02:26,312 INFO [91388076]           BasicSheet.java:979  | Stored /sheet#1/sheet#1.xml
2017-10-06 16:02:26,314 INFO [91388076]       StepMonitoring.java:96   | STEMS
2017-10-06 16:02:28,076 INFO [91388076]            BasicBook.java:1395 | Stored /book.xml
2017-10-06 16:02:29,220 INFO [91388076]           BasicSheet.java:979  | Stored /sheet#1/sheet#1.xml
2017-10-06 16:02:29,222 INFO [91388076]       StepMonitoring.java:96   | REDUCTION
2017-10-06 16:02:29,795 INFO [91388076]            BasicBook.java:1395 | Stored /book.xml
2017-10-06 16:02:30,662 INFO [91388076]           BasicSheet.java:979  | Stored /sheet#1/sheet#1.xml
2017-10-06 16:02:30,664 INFO [91388076]       StepMonitoring.java:96   | CUE_BEAMS
2017-10-06 16:02:30,672 INFO [91388076]            BasicBook.java:1395 | Stored /book.xml
2017-10-06 16:02:31,428 INFO [91388076]           BasicSheet.java:979  | Stored /sheet#1/sheet#1.xml
2017-10-06 16:02:31,431 INFO [91388076]       StepMonitoring.java:96   | TEXTS
2017-10-06 16:02:33,586 INFO [91388076]            BasicBook.java:1395 | Stored /book.xml
2017-10-06 16:02:34,384 INFO [91388076]           BasicSheet.java:979  | Stored /sheet#1/sheet#1.xml
2017-10-06 16:02:34,387 INFO [91388076]       StepMonitoring.java:96   | MEASURES
2017-10-06 16:02:34,394 INFO [91388076]                 Page.java:210  | 9 raw measures: [5 in system#1, 4 in system#2]
2017-10-06 16:02:34,394 INFO [91388076]                 Page.java:210  | 18 raw measures: [5 in system#3, 4 in system#4, 5 in system#5, 4 in system#6]
2017-10-06 16:02:34,396 INFO [91388076]            BasicBook.java:1395 | Stored /book.xml
2017-10-06 16:02:35,214 INFO [91388076]           BasicSheet.java:979  | Stored /sheet#1/sheet#1.xml
2017-10-06 16:02:35,216 INFO [91388076]       StepMonitoring.java:96   | CHORDS
2017-10-06 16:02:35,229 INFO [91388076]            BasicBook.java:1395 | Stored /book.xml
2017-10-06 16:02:36,044 INFO [91388076]           BasicSheet.java:979  | Stored /sheet#1/sheet#1.xml
2017-10-06 16:02:36,047 INFO [91388076]       StepMonitoring.java:96   | CURVES
2017-10-06 16:02:38,356 INFO [91388076]         SlursBuilder.java:157  | Slurs: 23
2017-10-06 16:02:38,478 INFO [91388076]      SegmentsBuilder.java:113  | Segments: 34
2017-10-06 16:02:38,489 INFO [91388076]            BasicBook.java:1395 | Stored /book.xml
2017-10-06 16:02:39,477 INFO [91388076]           BasicSheet.java:979  | Stored /sheet#1/sheet#1.xml
2017-10-06 16:02:39,480 INFO [91388076]       StepMonitoring.java:96   | SYMBOLS
2017-10-06 16:02:42,544 INFO [91388076]       SymbolsBuilder.java:340  | Symbol parts shrunk from 11 to 7
2017-10-06 16:02:43,021 INFO [91388076]            BasicBook.java:1395 | Stored /book.xml
2017-10-06 16:02:44,146 INFO [91388076]           BasicSheet.java:979  | Stored /sheet#1/sheet#1.xml
2017-10-06 16:02:44,148 INFO [91388076]       StepMonitoring.java:96   | LINKS
2017-10-06 16:02:44,163 INFO [91388076]        SymbolsLinker.java:306  | No measure stack for direction SentenceInter{#5594(0.641) s:5 BS-37 Direction} J 120.
2017-10-06 16:02:44,206 INFO [91388076]            BasicBook.java:1395 | Stored /book.xml
2017-10-06 16:02:45,399 INFO [91388076]           BasicSheet.java:979  | Stored /sheet#1/sheet#1.xml
2017-10-06 16:02:45,402 INFO [91388076]       StepMonitoring.java:96   | RHYTHMS
2017-10-06 16:02:45,438 INFO [91388076]           PageRhythm.java:314  | Range{1-9 ts:6/8} Durations avgGuess:3/4 topGuess:3/4 avgValue:0.72 stacks:9 voices:26 Histogram{1/8-7/8 size:8 [1/8=1 1/4=1 3/8=2 1/2=2 5/8=4 11/16=3 3/4=8 7/8=5]}
2017-10-06 16:02:45,442 INFO [91388076]         SlotsBuilder.java:427  | S1 MeasureStack#2 Slot{#7 xOffset=234 timeOffset=11/16 incomings=[#5651] SUSPICIOUS}
2017-10-06 16:02:45,442 INFO [91388076]                Voice.java:257  | S1 MeasureStack#2 Voice #3 too long 1/16
2017-10-06 16:02:45,443 INFO [91388076]           StackTuner.java:92   | S1 MeasureStack#2 no correct rhythm
2017-10-06 16:02:45,446 INFO [91388076]         SlotsBuilder.java:427  | S1 MeasureStack#3 Slot{#7 xOffset=228 timeOffset=11/16 incomings=[#5657] SUSPICIOUS}
2017-10-06 16:02:45,446 INFO [91388076]                Voice.java:257  | S1 MeasureStack#3 Voice #3 too long 1/16
2017-10-06 16:02:45,447 INFO [91388076]           StackTuner.java:92   | S1 MeasureStack#3 no correct rhythm
2017-10-06 16:02:45,452 INFO [91388076]         SlotsBuilder.java:427  | S1 MeasureStack#5 Slot{#4 xOffset=128 timeOffset=3/8 incomings=[#5665] SUSPICIOUS}
2017-10-06 16:02:45,452 INFO [91388076]         SlotsBuilder.java:427  | S1 MeasureStack#5 Slot{#6 xOffset=169 timeOffset=5/8 incomings=[#5666] SUSPICIOUS}
2017-10-06 16:02:45,453 INFO [91388076]         SlotsBuilder.java:427  | S1 MeasureStack#5 Slot{#8 xOffset=229 timeOffset=7/8 incomings=[#5667] SUSPICIOUS}
2017-10-06 16:02:45,454 INFO [91388076]                Voice.java:257  | S1 MeasureStack#5 Voice #1 too long 1/4
2017-10-06 16:02:45,454 INFO [91388076]                Voice.java:257  | S1 MeasureStack#5 Voice #2 too long 1/4
2017-10-06 16:02:45,454 INFO [91388076]                Voice.java:257  | S1 MeasureStack#5 Voice #3 too long 3/8
2017-10-06 16:02:45,454 INFO [91388076]           StackTuner.java:92   | S1 MeasureStack#5 no correct rhythm
2017-10-06 16:02:45,458 INFO [91388076]                Voice.java:257  | S2 MeasureStack#6 Voice #1 too long 1/8
2017-10-06 16:02:45,459 INFO [91388076]                Voice.java:257  | S2 MeasureStack#6 Voice #4 too long 1/8
2017-10-06 16:02:45,459 INFO [91388076]           StackTuner.java:92   | S2 MeasureStack#6 no correct rhythm
2017-10-06 16:02:45,460 INFO [91388076]                Voice.java:257  | S2 MeasureStack#7 Voice #2 too long 1/8
2017-10-06 16:02:45,461 INFO [91388076]           StackTuner.java:92   | S2 MeasureStack#7 no correct rhythm
2017-10-06 16:02:45,463 INFO [91388076]                Voice.java:257  | S2 MeasureStack#8 Voice #1 too long 1/8
2017-10-06 16:02:45,464 INFO [91388076]                Voice.java:257  | S2 MeasureStack#8 Voice #3 too long 1/8
2017-10-06 16:02:45,465 INFO [91388076]           StackTuner.java:92   | S2 MeasureStack#8 no correct rhythm
2017-10-06 16:02:45,484 INFO [91388076]         SlotsBuilder.java:434  | Stack#15 endless loop detected
2017-10-06 16:02:45,487 INFO [91388076]           PageRhythm.java:314  | Range{1-18 ts:3/4} Durations avgGuess:3/4 topGuess:3/4 avgValue:0.66 stacks:18 voices:49 Histogram{1/4-3/4 size:6 [1/4=7 9/32=1 3/8=3 1/2=13 11/16=2 3/4=23]}
2017-10-06 16:02:45,500 INFO [91388076]         SlotsBuilder.java:434  | Stack#15 endless loop detected
2017-10-06 16:02:45,505 INFO [91388076]            BasicBook.java:1395 | Stored /book.xml
2017-10-06 16:02:46,755 INFO [91388076]           BasicSheet.java:979  | Stored /sheet#1/sheet#1.xml
2017-10-06 16:02:46,757 INFO [91388076]       StepMonitoring.java:96   | PAGE
2017-10-06 16:02:46,763 INFO [91388076]                Voice.java:257  | S1 MeasureStack#2 Voice #3 too long 1/16
2017-10-06 16:02:46,763 INFO [91388076]                Voice.java:257  | S1 MeasureStack#3 Voice #3 too long 1/16
2017-10-06 16:02:46,764 INFO [91388076]                Voice.java:257  | S1 MeasureStack#5 Voice #1 too long 1/4
2017-10-06 16:02:46,764 INFO [91388076]                Voice.java:257  | S1 MeasureStack#5 Voice #2 too long 1/4
2017-10-06 16:02:46,764 INFO [91388076]                Voice.java:257  | S1 MeasureStack#5 Voice #3 too long 3/8
2017-10-06 16:02:46,764 INFO [91388076]                Voice.java:257  | S2 MeasureStack#6 Voice #1 too long 1/8
2017-10-06 16:02:46,765 INFO [91388076]                Voice.java:257  | S2 MeasureStack#6 Voice #4 too long 1/8
2017-10-06 16:02:46,765 INFO [91388076]                Voice.java:257  | S2 MeasureStack#7 Voice #2 too long 1/8
2017-10-06 16:02:46,765 INFO [91388076]                Voice.java:257  | S2 MeasureStack#8 Voice #1 too long 1/8
2017-10-06 16:02:46,765 INFO [91388076]                Voice.java:257  | S2 MeasureStack#8 Voice #3 too long 1/8
2017-10-06 16:02:46,766 INFO [91388076]                 Part.java:267  | Could not left-connect slur#5920
2017-10-06 16:02:46,773 INFO [91388076]            BasicBook.java:1395 | Stored /book.xml
2017-10-06 16:02:48,039 INFO [91388076]           BasicSheet.java:979  | Stored /sheet#1/sheet#1.xml
2017-10-06 16:02:48,042 INFO [91388076]            BasicStub.java:723  | Sheet{91388076} disposed
2017-10-06 16:02:49,093 INFO [91388076]            BasicStub.java:449  | Loaded /sheet#1/sheet#1.xml
2017-10-06 16:02:49,095 INFO [91388076]            BasicBook.java:1133 | Scores built: 2
2017-10-06 16:02:50,166 WARN [91388076]      PartwiseBuilder.java:1379 | Error visiting null
java.lang.NullPointerException: null
	at org.audiveris.omr.score.PartwiseBuilder.processKey(PartwiseBuilder.java:1344)
	at org.audiveris.omr.score.PartwiseBuilder.processKeys(PartwiseBuilder.java:1407)
	at org.audiveris.omr.score.PartwiseBuilder.processMeasure(PartwiseBuilder.java:1575)
	at org.audiveris.omr.score.PartwiseBuilder.processPart(PartwiseBuilder.java:1988)
	at org.audiveris.omr.score.PartwiseBuilder.processSystem(PartwiseBuilder.java:2528)
	at org.audiveris.omr.score.PartwiseBuilder.processLogicalPart(PartwiseBuilder.java:1433)
	at org.audiveris.omr.score.PartwiseBuilder.processStub(PartwiseBuilder.java:2483)
	at org.audiveris.omr.score.PartwiseBuilder.processPartList(PartwiseBuilder.java:2017)
	at org.audiveris.omr.score.PartwiseBuilder.processScore(PartwiseBuilder.java:2195)
	at org.audiveris.omr.score.PartwiseBuilder.build(PartwiseBuilder.java:307)
	at org.audiveris.omr.score.ScoreExporter.export(ScoreExporter.java:117)
	at org.audiveris.omr.score.ScoreExporter.export(ScoreExporter.java:91)
	at org.audiveris.omr.sheet.BasicBook.export(BasicBook.java:589)
	at org.audiveris.omr.CLI$ProcessingTask.processBook(CLI.java:785)
	at org.audiveris.omr.CLI$CliTask.call(CLI.java:344)
	at org.audiveris.omr.Main.runBatchTasks(Main.java:316)
	at org.audiveris.omr.Main.main(Main.java:155)
	at Audiveris.main(Audiveris.java:49)
2017-10-06 16:02:50,242 INFO [91388076]        ScoreExporter.java:93   | Score 91388076.mvt1 exported to /Users/stephenn/Documents/workspace/nlsomr/xml_out/91386487/91388076/91388076.mvt1.mxl
2017-10-06 16:02:50,244 WARN [91388076]      PartwiseBuilder.java:1379 | Error visiting null
java.lang.NullPointerException: null
	at org.audiveris.omr.score.PartwiseBuilder.processKey(PartwiseBuilder.java:1344)
	at org.audiveris.omr.score.PartwiseBuilder.processKeys(PartwiseBuilder.java:1407)
	at org.audiveris.omr.score.PartwiseBuilder.processMeasure(PartwiseBuilder.java:1575)
	at org.audiveris.omr.score.PartwiseBuilder.processPart(PartwiseBuilder.java:1988)
	at org.audiveris.omr.score.PartwiseBuilder.processSystem(PartwiseBuilder.java:2528)
	at org.audiveris.omr.score.PartwiseBuilder.processLogicalPart(PartwiseBuilder.java:1433)
	at org.audiveris.omr.score.PartwiseBuilder.processStub(PartwiseBuilder.java:2483)
	at org.audiveris.omr.score.PartwiseBuilder.processPartList(PartwiseBuilder.java:2017)
	at org.audiveris.omr.score.PartwiseBuilder.processScore(PartwiseBuilder.java:2195)
	at org.audiveris.omr.score.PartwiseBuilder.build(PartwiseBuilder.java:307)
	at org.audiveris.omr.score.ScoreExporter.export(ScoreExporter.java:117)
	at org.audiveris.omr.score.ScoreExporter.export(ScoreExporter.java:91)
	at org.audiveris.omr.sheet.BasicBook.export(BasicBook.java:589)
	at org.audiveris.omr.CLI$ProcessingTask.processBook(CLI.java:785)
	at org.audiveris.omr.CLI$CliTask.call(CLI.java:344)
	at org.audiveris.omr.Main.runBatchTasks(Main.java:316)
	at org.audiveris.omr.Main.main(Main.java:155)
	at Audiveris.main(Audiveris.java:49)
2017-10-06 16:02:50,283 INFO [91388076]        ScoreExporter.java:93   | Score 91388076.mvt2 exported to /Users/stephenn/Documents/workspace/nlsomr/xml_out/91386487/91388076/91388076.mvt2.mxl
2017-10-06 16:02:50,450 INFO [91388076]            BasicBook.java:1395 | Stored /book.xml
2017-10-06 16:02:50,451 INFO [91388076]            BasicBook.java:1355 | Book stored as /Users/stephenn/Documents/workspace/nlsomr/xml_out/91386487/91388076/91388076.omr
