2017-10-06 15:22:40,629 INFO [91387548]            BasicBook.java:427  | 1 sheet in /Users/stephenn/Documents/workspace/nlsomr/working/91387548.jpg
2017-10-06 15:22:40,782 INFO []            BasicBook.java:1395 | Stored /book.xml
2017-10-06 15:22:40,783 INFO []            BasicBook.java:1355 | Book stored as /Users/stephenn/Documents/workspace/nlsomr/xml_out/91386487/91387548/91387548.omr
2017-10-06 15:22:40,788 INFO []            BasicBook.java:996  | Book reaching PAGE on sheets:[#1]
2017-10-06 15:22:40,790 INFO [91387548]       StepMonitoring.java:96   | LOAD
2017-10-06 15:22:40,941 INFO [91387548]            BasicBook.java:911  | Loaded image 1 2000x3056 from /Users/stephenn/Documents/workspace/nlsomr/working/91387548.jpg
2017-10-06 15:22:40,946 INFO [91387548]            ImageUtil.java:82   | Converting max RGB to gray ...
2017-10-06 15:22:41,181 INFO [91387548]            BasicBook.java:1395 | Stored /book.xml
2017-10-06 15:22:41,533 INFO [91387548]           BasicSheet.java:979  | Stored /sheet#1/sheet#1.xml
2017-10-06 15:22:41,534 INFO [91387548]       StepMonitoring.java:96   | BINARY
2017-10-06 15:22:42,159 INFO [91387548]            BasicBook.java:1395 | Stored /book.xml
2017-10-06 15:22:42,554 INFO [91387548]              Picture.java:786  | Stored /sheet#1/BINARY.xml
2017-10-06 15:22:42,558 INFO [91387548]           BasicSheet.java:979  | Stored /sheet#1/sheet#1.xml
2017-10-06 15:22:42,561 INFO [91387548]       StepMonitoring.java:96   | SCALE
2017-10-06 15:22:42,615 INFO [91387548]         ScaleBuilder.java:229  | No beam key found, guessed value 10
2017-10-06 15:22:42,616 INFO [91387548]            ScaleStep.java:87   | Scale{line(4,5,6) interline(16,16,17) beam(10 extra)}
2017-10-06 15:22:42,620 INFO [91387548]            BasicBook.java:1395 | Stored /book.xml
2017-10-06 15:22:42,626 INFO [91387548]           BasicSheet.java:979  | Stored /sheet#1/sheet#1.xml
2017-10-06 15:22:42,628 INFO [91387548]       StepMonitoring.java:96   | GRID
2017-10-06 15:22:43,567 INFO [91387548]       LinesRetriever.java:442  | Global slope: 0.00071
2017-10-06 15:22:43,717 INFO [91387548]    ClustersRetriever.java:241  | Retrieved line clusters: 10 of size: 5 with interline: (16,16,17)
2017-10-06 15:22:44,230 INFO [91387548]            PeakGraph.java:181  | Systems: #1[1, 2] #2[3, 4] #3[5, 6] #4[7, 8] #5[9, 10]
2017-10-06 15:22:44,885 INFO [91387548]        SystemManager.java:626  | Indentation detected for system#2
2017-10-06 15:22:44,886 INFO [91387548]        SystemManager.java:671  | 2 pages found in sheet
2017-10-06 15:22:44,887 INFO [91387548]        SystemManager.java:709  | Page #1: 1 part along 1 system
2017-10-06 15:22:44,887 INFO [91387548]        SystemManager.java:709  | Page #2: 1 part along 4 systems
2017-10-06 15:22:44,891 INFO [91387548]            BasicBook.java:1395 | Stored /book.xml
2017-10-06 15:22:45,076 INFO [91387548]           BasicSheet.java:979  | Stored /sheet#1/sheet#1.xml
2017-10-06 15:22:45,078 INFO [91387548]       StepMonitoring.java:96   | HEADERS
2017-10-06 15:22:45,465 INFO []          Nd4jBackend.java:194  | Loaded [CpuBackend] backend
2017-10-06 15:22:45,529 INFO []      NativeOpsHolder.java:49   | Number of threads used for NativeOps: 2
2017-10-06 15:22:46,070 INFO [] DefaultOpExecutioner.java:544  | Backend used: [CPU]; OS: [Mac OS X]
2017-10-06 15:22:46,071 INFO [] DefaultOpExecutioner.java:545  | Cores: [4]; Memory: [3.6GB];
2017-10-06 15:22:46,071 INFO [] DefaultOpExecutioner.java:546  | Blas vendor: [OPENBLAS]
2017-10-06 15:22:46,110 INFO []   AbstractClassifier.java:332  | Classifier data loaded from default uri jar:file:/Users/stephenn/Documents/workspace/audiveris/build/distributions/Audiveris/lib/audiveris.jar!/res/basic-classifier.zip
2017-10-06 15:22:47,949 INFO [91387548]           KeyBuilder.java:916  | Staff#1 key replication failed.
2017-10-06 15:22:48,796 WARN [91387548]          ClefBuilder.java:560  | Staff#8 no header clef.
2017-10-06 15:22:48,965 WARN [91387548]          ClefBuilder.java:560  | Staff#10 no header clef.
2017-10-06 15:22:48,994 INFO [91387548]            BasicBook.java:1395 | Stored /book.xml
2017-10-06 15:22:49,299 INFO [91387548]           BasicSheet.java:979  | Stored /sheet#1/sheet#1.xml
2017-10-06 15:22:49,301 INFO [91387548]       StepMonitoring.java:96   | STEM_SEEDS
2017-10-06 15:22:49,413 INFO [91387548]        StemSeedsStep.java:91   | stem(4 max:5)
2017-10-06 15:22:49,560 INFO [91387548]            BasicBook.java:1395 | Stored /book.xml
2017-10-06 15:22:49,647 INFO []   AbstractClassifier.java:332  | Classifier data loaded from default uri jar:file:/Users/stephenn/Documents/workspace/audiveris/build/distributions/Audiveris/lib/audiveris.jar!/res/deep-classifier.zip
2017-10-06 15:22:49,850 INFO [91387548]           BasicSheet.java:979  | Stored /sheet#1/sheet#1.xml
2017-10-06 15:22:49,853 INFO [91387548]       StepMonitoring.java:96   | BEAMS
2017-10-06 15:22:53,306 INFO [91387548]            BeamsStep.java:89   | BeamDistance{count:3 mean:15.13 stdDev:0.46}
2017-10-06 15:22:53,309 INFO [91387548]            BasicBook.java:1395 | Stored /book.xml
2017-10-06 15:22:53,375 INFO [91387548]              Picture.java:786  | Stored /sheet#1/HEAD_SPOTS.xml
2017-10-06 15:22:53,774 INFO [91387548]           BasicSheet.java:979  | Stored /sheet#1/sheet#1.xml
2017-10-06 15:22:53,777 INFO [91387548]       StepMonitoring.java:96   | LEDGERS
2017-10-06 15:22:54,160 INFO [91387548]            BasicBook.java:1395 | Stored /book.xml
2017-10-06 15:22:54,589 INFO [91387548]           BasicSheet.java:979  | Stored /sheet#1/sheet#1.xml
2017-10-06 15:22:54,591 INFO [91387548]       StepMonitoring.java:96   | HEADS
2017-10-06 15:22:56,919 INFO [91387548]            BasicBook.java:1395 | Stored /book.xml
2017-10-06 15:22:57,979 INFO [91387548]           BasicSheet.java:979  | Stored /sheet#1/sheet#1.xml
2017-10-06 15:22:57,982 INFO [91387548]       StepMonitoring.java:96   | STEMS
2017-10-06 15:22:59,671 INFO [91387548]            BasicBook.java:1395 | Stored /book.xml
2017-10-06 15:23:00,857 INFO [91387548]           BasicSheet.java:979  | Stored /sheet#1/sheet#1.xml
2017-10-06 15:23:00,859 INFO [91387548]       StepMonitoring.java:96   | REDUCTION
2017-10-06 15:23:01,371 INFO [91387548]            BasicBook.java:1395 | Stored /book.xml
2017-10-06 15:23:02,183 INFO [91387548]           BasicSheet.java:979  | Stored /sheet#1/sheet#1.xml
2017-10-06 15:23:02,186 INFO [91387548]       StepMonitoring.java:96   | CUE_BEAMS
2017-10-06 15:23:02,189 INFO [91387548]            BasicBook.java:1395 | Stored /book.xml
2017-10-06 15:23:02,958 INFO [91387548]           BasicSheet.java:979  | Stored /sheet#1/sheet#1.xml
2017-10-06 15:23:02,960 INFO [91387548]       StepMonitoring.java:96   | TEXTS
2017-10-06 15:23:04,445 INFO [91387548]            BasicBook.java:1395 | Stored /book.xml
2017-10-06 15:23:05,218 INFO [91387548]           BasicSheet.java:979  | Stored /sheet#1/sheet#1.xml
2017-10-06 15:23:05,223 INFO [91387548]       StepMonitoring.java:96   | MEASURES
2017-10-06 15:23:05,228 INFO [91387548]                 Page.java:210  | 3 raw measures: [3 in system#1]
2017-10-06 15:23:05,228 INFO [91387548]                 Page.java:210  | 18 raw measures: [5 in system#2, 4 in system#3, 5 in system#4, 4 in system#5]
2017-10-06 15:23:05,229 INFO [91387548]            BasicBook.java:1395 | Stored /book.xml
2017-10-06 15:23:06,033 INFO [91387548]           BasicSheet.java:979  | Stored /sheet#1/sheet#1.xml
2017-10-06 15:23:06,035 INFO [91387548]       StepMonitoring.java:96   | CHORDS
2017-10-06 15:23:06,052 INFO [91387548]            BasicBook.java:1395 | Stored /book.xml
2017-10-06 15:23:06,901 INFO [91387548]           BasicSheet.java:979  | Stored /sheet#1/sheet#1.xml
2017-10-06 15:23:06,903 INFO [91387548]       StepMonitoring.java:96   | CURVES
2017-10-06 15:23:08,047 INFO [91387548]         SlursBuilder.java:157  | Slurs: 6
2017-10-06 15:23:08,063 INFO [91387548]      SegmentsBuilder.java:113  | Segments: 8
2017-10-06 15:23:08,070 INFO [91387548]            BasicBook.java:1395 | Stored /book.xml
2017-10-06 15:23:09,026 INFO [91387548]           BasicSheet.java:979  | Stored /sheet#1/sheet#1.xml
2017-10-06 15:23:09,028 INFO [91387548]       StepMonitoring.java:96   | SYMBOLS
2017-10-06 15:23:11,401 INFO [91387548]            BasicBook.java:1395 | Stored /book.xml
2017-10-06 15:23:12,458 INFO [91387548]           BasicSheet.java:979  | Stored /sheet#1/sheet#1.xml
2017-10-06 15:23:12,461 INFO [91387548]       StepMonitoring.java:96   | LINKS
2017-10-06 15:23:12,463 INFO [91387548]        SymbolsLinker.java:323  | No chord above direction SentenceInter{#4478(0.680) s:2 BIS-33 Direction} 116
2017-10-06 15:23:12,476 INFO [91387548]        SymbolsLinker.java:306  | No measure stack for direction SentenceInter{#4496(0.570) s:3 S-35 Direction} 108.
2017-10-06 15:23:12,511 INFO [91387548]            BasicBook.java:1395 | Stored /book.xml
2017-10-06 15:23:13,601 INFO [91387548]           BasicSheet.java:979  | Stored /sheet#1/sheet#1.xml
2017-10-06 15:23:13,604 INFO [91387548]       StepMonitoring.java:96   | RHYTHMS
2017-10-06 15:23:13,630 INFO [91387548]           PageRhythm.java:314  | Range{1-3} Durations avgGuess:1 topGuess:1/4 avgValue:0.91 stacks:3 voices:8 Histogram{1/4-15/16 size:5 [1/4=3 3/8=2 7/16=1 7/8=1 15/16=1]}
2017-10-06 15:23:13,631 INFO [91387548]           PageRhythm.java:221  | S1 Range{1-3 dur:1} should update to 1-based time sig?
2017-10-06 15:23:13,638 INFO [91387548]         SlotsBuilder.java:427  | S1 MeasureStack#2 Slot{#4 xOffset=230 timeOffset=1/4 incomings=[#4547] SUSPICIOUS}
2017-10-06 15:23:13,639 INFO [91387548]         SlotsBuilder.java:427  | S1 MeasureStack#2 Slot{#9 xOffset=484 timeOffset=1/2 incomings=[#4548] SUSPICIOUS}
2017-10-06 15:23:13,662 INFO [91387548]           PageRhythm.java:314  | Range{1-18 ts:6/8} Durations avgGuess:3/4 topGuess:5/8 avgValue:0.71 stacks:18 voices:52 Histogram{1/8-1 size:6 [1/8=1 1/4=3 5/8=25 3/4=16 7/8=3 1=4]}
2017-10-06 15:23:13,664 INFO [91387548]                Voice.java:257  | S2 MeasureStack#2 Voice #1 too long 1/4
2017-10-06 15:23:13,665 INFO [91387548]           StackTuner.java:92   | S2 MeasureStack#2 no correct rhythm
2017-10-06 15:23:13,670 INFO [91387548]                Voice.java:257  | S2 MeasureStack#5 Voice #1 too long 1/8
2017-10-06 15:23:13,670 INFO [91387548]           StackTuner.java:92   | S2 MeasureStack#5 no correct rhythm
2017-10-06 15:23:13,672 INFO [91387548]                Voice.java:257  | S3 MeasureStack#6 Voice #1 too long 1/4
2017-10-06 15:23:13,672 INFO [91387548]                Voice.java:257  | S3 MeasureStack#6 Voice #2 too long 1/8
2017-10-06 15:23:13,672 INFO [91387548]           StackTuner.java:92   | S3 MeasureStack#6 no correct rhythm
2017-10-06 15:23:13,675 INFO [91387548]                Voice.java:257  | S3 MeasureStack#8 Voice #1 too long 1/4
2017-10-06 15:23:13,675 INFO [91387548]           StackTuner.java:92   | S3 MeasureStack#8 no correct rhythm
2017-10-06 15:23:13,683 INFO [91387548]                Voice.java:257  | S4 MeasureStack#14 Voice #1 too long 1/8
2017-10-06 15:23:13,683 INFO [91387548]           StackTuner.java:92   | S4 MeasureStack#14 no correct rhythm
2017-10-06 15:23:13,687 INFO [91387548]                Voice.java:257  | S5 MeasureStack#17 Voice #1 too long 1/4
2017-10-06 15:23:13,688 INFO [91387548]           StackTuner.java:92   | S5 MeasureStack#17 no correct rhythm
2017-10-06 15:23:13,691 INFO [91387548]            BasicBook.java:1395 | Stored /book.xml
2017-10-06 15:23:14,839 INFO [91387548]           BasicSheet.java:979  | Stored /sheet#1/sheet#1.xml
2017-10-06 15:23:14,841 INFO [91387548]       StepMonitoring.java:96   | PAGE
2017-10-06 15:23:14,845 INFO [91387548]                Voice.java:257  | S2 MeasureStack#2 Voice #1 too long 1/4
2017-10-06 15:23:14,846 INFO [91387548]                Voice.java:257  | S2 MeasureStack#5 Voice #1 too long 1/8
2017-10-06 15:23:14,846 INFO [91387548]                Voice.java:257  | S3 MeasureStack#6 Voice #1 too long 1/4
2017-10-06 15:23:14,846 INFO [91387548]                Voice.java:257  | S3 MeasureStack#6 Voice #2 too long 1/8
2017-10-06 15:23:14,847 INFO [91387548]                Voice.java:257  | S3 MeasureStack#8 Voice #1 too long 1/4
2017-10-06 15:23:14,848 INFO [91387548]                Voice.java:257  | S4 MeasureStack#14 Voice #1 too long 1/8
2017-10-06 15:23:14,849 INFO [91387548]                Voice.java:257  | S5 MeasureStack#17 Voice #1 too long 1/4
2017-10-06 15:23:14,851 INFO [91387548]            BasicBook.java:1395 | Stored /book.xml
2017-10-06 15:23:15,969 INFO [91387548]           BasicSheet.java:979  | Stored /sheet#1/sheet#1.xml
2017-10-06 15:23:15,971 INFO [91387548]            BasicStub.java:723  | Sheet{91387548} disposed
2017-10-06 15:23:16,826 INFO [91387548]            BasicStub.java:449  | Loaded /sheet#1/sheet#1.xml
2017-10-06 15:23:16,827 INFO [91387548]            BasicBook.java:1133 | Scores built: 2
2017-10-06 15:23:18,010 WARN [91387548]      PartwiseBuilder.java:1379 | Error visiting null
java.lang.NullPointerException: null
	at org.audiveris.omr.score.PartwiseBuilder.processKey(PartwiseBuilder.java:1344)
	at org.audiveris.omr.score.PartwiseBuilder.processKeys(PartwiseBuilder.java:1407)
	at org.audiveris.omr.score.PartwiseBuilder.processMeasure(PartwiseBuilder.java:1575)
	at org.audiveris.omr.score.PartwiseBuilder.processPart(PartwiseBuilder.java:1988)
	at org.audiveris.omr.score.PartwiseBuilder.processSystem(PartwiseBuilder.java:2528)
	at org.audiveris.omr.score.PartwiseBuilder.processLogicalPart(PartwiseBuilder.java:1433)
	at org.audiveris.omr.score.PartwiseBuilder.processStub(PartwiseBuilder.java:2483)
	at org.audiveris.omr.score.PartwiseBuilder.processPartList(PartwiseBuilder.java:2017)
	at org.audiveris.omr.score.PartwiseBuilder.processScore(PartwiseBuilder.java:2195)
	at org.audiveris.omr.score.PartwiseBuilder.build(PartwiseBuilder.java:307)
	at org.audiveris.omr.score.ScoreExporter.export(ScoreExporter.java:117)
	at org.audiveris.omr.score.ScoreExporter.export(ScoreExporter.java:91)
	at org.audiveris.omr.sheet.BasicBook.export(BasicBook.java:589)
	at org.audiveris.omr.CLI$ProcessingTask.processBook(CLI.java:785)
	at org.audiveris.omr.CLI$CliTask.call(CLI.java:344)
	at org.audiveris.omr.Main.runBatchTasks(Main.java:316)
	at org.audiveris.omr.Main.main(Main.java:155)
	at Audiveris.main(Audiveris.java:49)
2017-10-06 15:23:18,057 INFO [91387548]        ScoreExporter.java:93   | Score 91387548.mvt1 exported to /Users/stephenn/Documents/workspace/nlsomr/xml_out/91386487/91387548/91387548.mvt1.mxl
2017-10-06 15:23:18,068 WARN [91387548]      PartwiseBuilder.java:1379 | Error visiting null
java.lang.NullPointerException: null
	at org.audiveris.omr.score.PartwiseBuilder.processKey(PartwiseBuilder.java:1344)
	at org.audiveris.omr.score.PartwiseBuilder.processKeys(PartwiseBuilder.java:1407)
	at org.audiveris.omr.score.PartwiseBuilder.processMeasure(PartwiseBuilder.java:1575)
	at org.audiveris.omr.score.PartwiseBuilder.processPart(PartwiseBuilder.java:1988)
	at org.audiveris.omr.score.PartwiseBuilder.processSystem(PartwiseBuilder.java:2528)
	at org.audiveris.omr.score.PartwiseBuilder.processLogicalPart(PartwiseBuilder.java:1433)
	at org.audiveris.omr.score.PartwiseBuilder.processStub(PartwiseBuilder.java:2483)
	at org.audiveris.omr.score.PartwiseBuilder.processPartList(PartwiseBuilder.java:2017)
	at org.audiveris.omr.score.PartwiseBuilder.processScore(PartwiseBuilder.java:2195)
	at org.audiveris.omr.score.PartwiseBuilder.build(PartwiseBuilder.java:307)
	at org.audiveris.omr.score.ScoreExporter.export(ScoreExporter.java:117)
	at org.audiveris.omr.score.ScoreExporter.export(ScoreExporter.java:91)
	at org.audiveris.omr.sheet.BasicBook.export(BasicBook.java:589)
	at org.audiveris.omr.CLI$ProcessingTask.processBook(CLI.java:785)
	at org.audiveris.omr.CLI$CliTask.call(CLI.java:344)
	at org.audiveris.omr.Main.runBatchTasks(Main.java:316)
	at org.audiveris.omr.Main.main(Main.java:155)
	at Audiveris.main(Audiveris.java:49)
2017-10-06 15:23:18,076 WARN [91387548]      PartwiseBuilder.java:1379 | Error visiting null
java.lang.NullPointerException: null
	at org.audiveris.omr.score.PartwiseBuilder.processKey(PartwiseBuilder.java:1344)
	at org.audiveris.omr.score.PartwiseBuilder.processKeys(PartwiseBuilder.java:1407)
	at org.audiveris.omr.score.PartwiseBuilder.processMeasure(PartwiseBuilder.java:1575)
	at org.audiveris.omr.score.PartwiseBuilder.processPart(PartwiseBuilder.java:1988)
	at org.audiveris.omr.score.PartwiseBuilder.processSystem(PartwiseBuilder.java:2528)
	at org.audiveris.omr.score.PartwiseBuilder.processLogicalPart(PartwiseBuilder.java:1433)
	at org.audiveris.omr.score.PartwiseBuilder.processStub(PartwiseBuilder.java:2483)
	at org.audiveris.omr.score.PartwiseBuilder.processPartList(PartwiseBuilder.java:2017)
	at org.audiveris.omr.score.PartwiseBuilder.processScore(PartwiseBuilder.java:2195)
	at org.audiveris.omr.score.PartwiseBuilder.build(PartwiseBuilder.java:307)
	at org.audiveris.omr.score.ScoreExporter.export(ScoreExporter.java:117)
	at org.audiveris.omr.score.ScoreExporter.export(ScoreExporter.java:91)
	at org.audiveris.omr.sheet.BasicBook.export(BasicBook.java:589)
	at org.audiveris.omr.CLI$ProcessingTask.processBook(CLI.java:785)
	at org.audiveris.omr.CLI$CliTask.call(CLI.java:344)
	at org.audiveris.omr.Main.runBatchTasks(Main.java:316)
	at org.audiveris.omr.Main.main(Main.java:155)
	at Audiveris.main(Audiveris.java:49)
2017-10-06 15:23:18,110 INFO [91387548]        ScoreExporter.java:93   | Score 91387548.mvt2 exported to /Users/stephenn/Documents/workspace/nlsomr/xml_out/91386487/91387548/91387548.mvt2.mxl
2017-10-06 15:23:18,328 INFO [91387548]            BasicBook.java:1395 | Stored /book.xml
2017-10-06 15:23:18,328 INFO [91387548]            BasicBook.java:1355 | Book stored as /Users/stephenn/Documents/workspace/nlsomr/xml_out/91386487/91387548/91387548.omr
