2017-10-06 14:51:46,247 INFO [91387128]            BasicBook.java:427  | 1 sheet in /Users/stephenn/Documents/workspace/nlsomr/working/91387128.jpg
2017-10-06 14:51:46,425 INFO []            BasicBook.java:1395 | Stored /book.xml
2017-10-06 14:51:46,426 INFO []            BasicBook.java:1355 | Book stored as /Users/stephenn/Documents/workspace/nlsomr/xml_out/91386487/91387128/91387128.omr
2017-10-06 14:51:46,430 INFO []            BasicBook.java:996  | Book reaching PAGE on sheets:[#1]
2017-10-06 14:51:46,434 INFO [91387128]       StepMonitoring.java:96   | LOAD
2017-10-06 14:51:46,592 INFO [91387128]            BasicBook.java:911  | Loaded image 1 2000x3056 from /Users/stephenn/Documents/workspace/nlsomr/working/91387128.jpg
2017-10-06 14:51:46,596 INFO [91387128]            ImageUtil.java:82   | Converting max RGB to gray ...
2017-10-06 14:51:46,835 INFO [91387128]            BasicBook.java:1395 | Stored /book.xml
2017-10-06 14:51:47,174 INFO [91387128]           BasicSheet.java:979  | Stored /sheet#1/sheet#1.xml
2017-10-06 14:51:47,176 INFO [91387128]       StepMonitoring.java:96   | BINARY
2017-10-06 14:51:47,740 INFO [91387128]            BasicBook.java:1395 | Stored /book.xml
2017-10-06 14:51:48,018 INFO [91387128]              Picture.java:786  | Stored /sheet#1/BINARY.xml
2017-10-06 14:51:48,020 INFO [91387128]           BasicSheet.java:979  | Stored /sheet#1/sheet#1.xml
2017-10-06 14:51:48,022 INFO [91387128]       StepMonitoring.java:96   | SCALE
2017-10-06 14:51:48,067 INFO [91387128]            ScaleStep.java:87   | Scale{line(3,4,5) interline(16,16,17) beam(12)}
2017-10-06 14:51:48,069 INFO [91387128]            BasicBook.java:1395 | Stored /book.xml
2017-10-06 14:51:48,072 INFO [91387128]           BasicSheet.java:979  | Stored /sheet#1/sheet#1.xml
2017-10-06 14:51:48,074 INFO [91387128]       StepMonitoring.java:96   | GRID
2017-10-06 14:51:48,852 INFO [91387128]       LinesRetriever.java:442  | Global slope: 0.00023
2017-10-06 14:51:48,947 INFO [91387128]    ClustersRetriever.java:241  | Retrieved line clusters: 10 of size: 5 with interline: (16,16,17)
2017-10-06 14:51:49,570 INFO [91387128]            PeakGraph.java:181  | Systems: #1[1, 2] #2[3, 4] #3[5, 6] #4[7, 8] #5[9, 10]
2017-10-06 14:51:50,493 INFO [91387128]        SystemManager.java:626  | Indentation detected for system#1
2017-10-06 14:51:50,494 INFO [91387128]        SystemManager.java:709  | 1 part along 5 systems
2017-10-06 14:51:50,498 INFO [91387128]            BasicBook.java:1395 | Stored /book.xml
2017-10-06 14:51:50,739 INFO [91387128]           BasicSheet.java:979  | Stored /sheet#1/sheet#1.xml
2017-10-06 14:51:50,743 INFO [91387128]       StepMonitoring.java:96   | HEADERS
2017-10-06 14:51:51,126 INFO [91387128]          Nd4jBackend.java:194  | Loaded [CpuBackend] backend
2017-10-06 14:51:51,187 INFO [91387128]      NativeOpsHolder.java:49   | Number of threads used for NativeOps: 2
2017-10-06 14:51:51,621 INFO [91387128] DefaultOpExecutioner.java:544  | Backend used: [CPU]; OS: [Mac OS X]
2017-10-06 14:51:51,621 INFO [91387128] DefaultOpExecutioner.java:545  | Cores: [4]; Memory: [3.6GB];
2017-10-06 14:51:51,622 INFO [91387128] DefaultOpExecutioner.java:546  | Blas vendor: [OPENBLAS]
2017-10-06 14:51:51,658 INFO [91387128]   AbstractClassifier.java:332  | Classifier data loaded from default uri jar:file:/Users/stephenn/Documents/workspace/audiveris/build/distributions/Audiveris/lib/audiveris.jar!/res/basic-classifier.zip
2017-10-06 14:51:53,352 WARN [91387128]          ClefBuilder.java:560  | Staff#4 no header clef.
2017-10-06 14:51:53,505 WARN [91387128]          ClefBuilder.java:560  | Staff#6 no header clef.
2017-10-06 14:51:53,914 INFO [91387128]            BasicBook.java:1395 | Stored /book.xml
2017-10-06 14:51:54,296 INFO [91387128]           BasicSheet.java:979  | Stored /sheet#1/sheet#1.xml
2017-10-06 14:51:54,300 INFO [91387128]       StepMonitoring.java:96   | STEM_SEEDS
2017-10-06 14:51:54,486 INFO [91387128]        StemSeedsStep.java:91   | stem(4 max:4)
2017-10-06 14:51:54,674 INFO [91387128]            BasicBook.java:1395 | Stored /book.xml
2017-10-06 14:51:55,024 INFO [91387128]           BasicSheet.java:979  | Stored /sheet#1/sheet#1.xml
2017-10-06 14:51:55,027 INFO [91387128]       StepMonitoring.java:96   | BEAMS
2017-10-06 14:51:55,285 INFO []   AbstractClassifier.java:332  | Classifier data loaded from default uri jar:file:/Users/stephenn/Documents/workspace/audiveris/build/distributions/Audiveris/lib/audiveris.jar!/res/deep-classifier.zip
2017-10-06 14:51:59,777 INFO [91387128]            BeamsStep.java:89   | BeamDistance{count:26 mean:15.13 stdDev:0.58}
2017-10-06 14:51:59,780 INFO [91387128]            BasicBook.java:1395 | Stored /book.xml
2017-10-06 14:51:59,908 INFO [91387128]              Picture.java:786  | Stored /sheet#1/HEAD_SPOTS.xml
2017-10-06 14:52:00,586 INFO [91387128]           BasicSheet.java:979  | Stored /sheet#1/sheet#1.xml
2017-10-06 14:52:00,589 INFO [91387128]       StepMonitoring.java:96   | LEDGERS
2017-10-06 14:52:01,472 INFO [91387128]            BasicBook.java:1395 | Stored /book.xml
2017-10-06 14:52:02,088 INFO [91387128]           BasicSheet.java:979  | Stored /sheet#1/sheet#1.xml
2017-10-06 14:52:02,090 INFO [91387128]       StepMonitoring.java:96   | HEADS
2017-10-06 14:52:05,073 INFO [91387128]            BasicBook.java:1395 | Stored /book.xml
2017-10-06 14:52:06,204 INFO [91387128]           BasicSheet.java:979  | Stored /sheet#1/sheet#1.xml
2017-10-06 14:52:06,207 INFO [91387128]       StepMonitoring.java:96   | STEMS
2017-10-06 14:52:08,329 INFO [91387128]            BasicBook.java:1395 | Stored /book.xml
2017-10-06 14:52:09,974 INFO [91387128]           BasicSheet.java:979  | Stored /sheet#1/sheet#1.xml
2017-10-06 14:52:09,978 INFO [91387128]       StepMonitoring.java:96   | REDUCTION
2017-10-06 14:52:10,847 INFO [91387128]            BasicBook.java:1395 | Stored /book.xml
2017-10-06 14:52:11,851 INFO [91387128]           BasicSheet.java:979  | Stored /sheet#1/sheet#1.xml
2017-10-06 14:52:11,855 INFO [91387128]       StepMonitoring.java:96   | CUE_BEAMS
2017-10-06 14:52:11,874 INFO [91387128]         BeamsBuilder.java:2012 | Mixed or unknown direction in cue area CueAggregate{S4A1 bounds:java.awt.Rectangle[x=1074,y=2055,width=20,height=100] HeadInter{#4574(0.556/0.813) s:8 p:-3.00 NOTEHEAD_BLACK_SMALL}+StemInter{#5604(0.770/0.942)} HeadInter{#4587(0.607/0.840) s:8 p:-1.00 NOTEHEAD_BLACK_SMALL}+StemInter{#5604(0.770/0.942)}}
2017-10-06 14:52:11,877 INFO [91387128]            BasicBook.java:1395 | Stored /book.xml
2017-10-06 14:52:12,939 INFO [91387128]           BasicSheet.java:979  | Stored /sheet#1/sheet#1.xml
2017-10-06 14:52:12,942 INFO [91387128]       StepMonitoring.java:96   | TEXTS
2017-10-06 14:52:14,511 INFO [91387128]            BasicBook.java:1395 | Stored /book.xml
2017-10-06 14:52:15,559 INFO [91387128]           BasicSheet.java:979  | Stored /sheet#1/sheet#1.xml
2017-10-06 14:52:15,565 INFO [91387128]       StepMonitoring.java:96   | MEASURES
2017-10-06 14:52:15,570 INFO [91387128]                 Page.java:210  | 27 raw measures: [6 in system#1, 5 in system#2, 5 in system#3, 6 in system#4, 5 in system#5]
2017-10-06 14:52:15,571 INFO [91387128]            BasicBook.java:1395 | Stored /book.xml
2017-10-06 14:52:16,546 INFO [91387128]           BasicSheet.java:979  | Stored /sheet#1/sheet#1.xml
2017-10-06 14:52:16,548 INFO [91387128]       StepMonitoring.java:96   | CHORDS
2017-10-06 14:52:16,554 INFO [91387128]        ChordsBuilder.java:249  | Deleting StemInter{#5464(0.612/0.785)} on LEFT side of HeadInter{#2931(0.608/0.799) s:4 p:-5.00 NOTEHEAD_BLACK_SMALL}
2017-10-06 14:52:16,567 INFO [91387128]            BasicBook.java:1395 | Stored /book.xml
2017-10-06 14:52:17,653 INFO [91387128]           BasicSheet.java:979  | Stored /sheet#1/sheet#1.xml
2017-10-06 14:52:17,655 INFO [91387128]       StepMonitoring.java:96   | CURVES
2017-10-06 14:52:19,008 INFO [91387128]         SlursBuilder.java:157  | Slurs: 9
2017-10-06 14:52:19,015 INFO [91387128]      SegmentsBuilder.java:113  | Segments: 2
2017-10-06 14:52:19,022 INFO [91387128]            BasicBook.java:1395 | Stored /book.xml
2017-10-06 14:52:20,131 INFO [91387128]           BasicSheet.java:979  | Stored /sheet#1/sheet#1.xml
2017-10-06 14:52:20,133 INFO [91387128]       StepMonitoring.java:96   | SYMBOLS
2017-10-06 14:52:20,758 INFO [91387128]       SymbolsBuilder.java:340  | Symbol parts shrunk from 10 to 7
2017-10-06 14:52:22,734 INFO [91387128]            BasicBook.java:1395 | Stored /book.xml
2017-10-06 14:52:23,922 INFO [91387128]           BasicSheet.java:979  | Stored /sheet#1/sheet#1.xml
2017-10-06 14:52:23,924 INFO [91387128]       StepMonitoring.java:96   | LINKS
2017-10-06 14:52:23,986 INFO [91387128]            BasicBook.java:1395 | Stored /book.xml
2017-10-06 14:52:25,174 INFO [91387128]           BasicSheet.java:979  | Stored /sheet#1/sheet#1.xml
2017-10-06 14:52:25,176 INFO [91387128]       StepMonitoring.java:96   | RHYTHMS
2017-10-06 14:52:25,224 INFO [91387128]           PageRhythm.java:314  | Range{1-27} Durations avgGuess:1/2 topGuess:1/2 avgValue:0.55 stacks:27 voices:57 Histogram{1/8-5/4 size:10 [1/8=2 1/4=4 9/32=1 5/16=2 3/8=3 1/2=38 5/8=4 11/16=1 9/8=1 5/4=1]}
2017-10-06 14:52:25,225 INFO [91387128]           PageRhythm.java:221  | S1 Range{1-27 dur:1/2} should update to 1/2-based time sig?
2017-10-06 14:52:25,226 INFO [91387128]                Voice.java:257  | S1 MeasureStack#1 Voice #1 too long 3/4
2017-10-06 14:52:25,226 INFO [91387128]                Voice.java:257  | S1 MeasureStack#1 Voice #2 too long 5/8
2017-10-06 14:52:25,227 INFO [91387128]           StackTuner.java:92   | S1 MeasureStack#1 no correct rhythm
2017-10-06 14:52:25,227 INFO [91387128]         SlotsBuilder.java:427  | S1 MeasureStack#2 Slot{#3 xOffset=104 timeOffset=3/8 incomings=[#5737] SUSPICIOUS}
2017-10-06 14:52:25,228 INFO [91387128]                Voice.java:257  | S1 MeasureStack#2 Voice #1 too long 1/8
2017-10-06 14:52:25,228 INFO [91387128]           StackTuner.java:92   | S1 MeasureStack#2 no correct rhythm
2017-10-06 14:52:25,232 INFO [91387128]                Voice.java:257  | S1 MeasureStack#6 Voice #2 too long 1/8
2017-10-06 14:52:25,233 INFO [91387128]           StackTuner.java:92   | S1 MeasureStack#6 no correct rhythm
2017-10-06 14:52:25,236 INFO [91387128]                Voice.java:257  | S2 MeasureStack#9 Voice #1 too long 3/16
2017-10-06 14:52:25,237 INFO [91387128]                Voice.java:257  | S2 MeasureStack#9 Voice #2 too long 1/8
2017-10-06 14:52:25,237 INFO [91387128]           StackTuner.java:92   | S2 MeasureStack#9 no correct rhythm
2017-10-06 14:52:25,239 INFO [91387128]         SlotsBuilder.java:427  | S2 MeasureStack#11 Slot{#4 xOffset=170 timeOffset=5/16 incomings=[#5791] SUSPICIOUS}
2017-10-06 14:52:25,239 INFO [91387128]                Voice.java:257  | S2 MeasureStack#11 Voice #1 too long 1/16
2017-10-06 14:52:25,239 INFO [91387128]           StackTuner.java:92   | S2 MeasureStack#11 no correct rhythm
2017-10-06 14:52:25,247 INFO [91387128]         SlotsBuilder.java:427  | S4 MeasureStack#19 Slot{#6 xOffset=187 timeOffset=5/16 incomings=[#5872] SUSPICIOUS}
2017-10-06 14:52:25,247 INFO [91387128]                Voice.java:257  | S4 MeasureStack#19 Voice #2 too long 1/16
2017-10-06 14:52:25,249 INFO [91387128]           StackTuner.java:92   | S4 MeasureStack#19 no correct rhythm
2017-10-06 14:52:25,264 INFO [91387128]         SlotsBuilder.java:427  | S5 MeasureStack#25 Slot{#5 xOffset=176 timeOffset=9/32 incomings=[#5899] SUSPICIOUS}
2017-10-06 14:52:25,265 INFO [91387128]         SlotsBuilder.java:427  | S5 MeasureStack#25 Slot{#7 xOffset=236 timeOffset=13/32 incomings=[#5900] SUSPICIOUS}
2017-10-06 14:52:25,266 INFO [91387128]                Voice.java:257  | S5 MeasureStack#25 Voice #1 too long 1/32
2017-10-06 14:52:25,266 INFO [91387128]           StackTuner.java:92   | S5 MeasureStack#25 no correct rhythm
2017-10-06 14:52:25,267 INFO [91387128]                Voice.java:257  | S5 MeasureStack#26 Voice #1 too long 1/8
2017-10-06 14:52:25,268 INFO [91387128]                Voice.java:257  | S5 MeasureStack#26 Voice #2 too long 1/8
2017-10-06 14:52:25,268 INFO [91387128]           StackTuner.java:92   | S5 MeasureStack#26 no correct rhythm
2017-10-06 14:52:25,272 INFO [91387128]            BasicBook.java:1395 | Stored /book.xml
2017-10-06 14:52:26,477 INFO [91387128]           BasicSheet.java:979  | Stored /sheet#1/sheet#1.xml
2017-10-06 14:52:26,479 INFO [91387128]       StepMonitoring.java:96   | PAGE
2017-10-06 14:52:26,483 INFO [91387128]                Voice.java:257  | S1 MeasureStack#1 Voice #1 too long 3/4
2017-10-06 14:52:26,484 INFO [91387128]                Voice.java:257  | S1 MeasureStack#1 Voice #2 too long 5/8
2017-10-06 14:52:26,484 INFO [91387128]                Voice.java:257  | S1 MeasureStack#2 Voice #1 too long 1/8
2017-10-06 14:52:26,485 INFO [91387128]                Voice.java:257  | S1 MeasureStack#6 Voice #2 too long 1/8
2017-10-06 14:52:26,485 INFO [91387128]                Voice.java:257  | S2 MeasureStack#9 Voice #1 too long 3/16
2017-10-06 14:52:26,485 INFO [91387128]                Voice.java:257  | S2 MeasureStack#9 Voice #2 too long 1/8
2017-10-06 14:52:26,486 INFO [91387128]                Voice.java:257  | S2 MeasureStack#11 Voice #1 too long 1/16
2017-10-06 14:52:26,486 INFO [91387128]                Voice.java:257  | S4 MeasureStack#19 Voice #2 too long 1/16
2017-10-06 14:52:26,487 INFO [91387128]                Voice.java:257  | S5 MeasureStack#25 Voice #1 too long 1/32
2017-10-06 14:52:26,487 INFO [91387128]                Voice.java:257  | S5 MeasureStack#26 Voice #1 too long 1/8
2017-10-06 14:52:26,487 INFO [91387128]                Voice.java:257  | S5 MeasureStack#26 Voice #2 too long 1/8
2017-10-06 14:52:26,489 INFO [91387128]            BasicBook.java:1395 | Stored /book.xml
2017-10-06 14:52:27,657 INFO [91387128]           BasicSheet.java:979  | Stored /sheet#1/sheet#1.xml
2017-10-06 14:52:27,663 INFO [91387128]            BasicStub.java:723  | Sheet{91387128} disposed
2017-10-06 14:52:28,594 INFO [91387128]            BasicStub.java:449  | Loaded /sheet#1/sheet#1.xml
2017-10-06 14:52:28,595 INFO [91387128]            BasicBook.java:1133 | Scores built: 1
2017-10-06 14:52:29,576 WARN [91387128]      PartwiseBuilder.java:1379 | Error visiting null
java.lang.NullPointerException: null
	at org.audiveris.omr.score.PartwiseBuilder.processKey(PartwiseBuilder.java:1344)
	at org.audiveris.omr.score.PartwiseBuilder.processKeys(PartwiseBuilder.java:1407)
	at org.audiveris.omr.score.PartwiseBuilder.processMeasure(PartwiseBuilder.java:1575)
	at org.audiveris.omr.score.PartwiseBuilder.processPart(PartwiseBuilder.java:1988)
	at org.audiveris.omr.score.PartwiseBuilder.processSystem(PartwiseBuilder.java:2528)
	at org.audiveris.omr.score.PartwiseBuilder.processLogicalPart(PartwiseBuilder.java:1433)
	at org.audiveris.omr.score.PartwiseBuilder.processStub(PartwiseBuilder.java:2483)
	at org.audiveris.omr.score.PartwiseBuilder.processPartList(PartwiseBuilder.java:2017)
	at org.audiveris.omr.score.PartwiseBuilder.processScore(PartwiseBuilder.java:2195)
	at org.audiveris.omr.score.PartwiseBuilder.build(PartwiseBuilder.java:307)
	at org.audiveris.omr.score.ScoreExporter.export(ScoreExporter.java:117)
	at org.audiveris.omr.score.ScoreExporter.export(ScoreExporter.java:91)
	at org.audiveris.omr.sheet.BasicBook.export(BasicBook.java:589)
	at org.audiveris.omr.CLI$ProcessingTask.processBook(CLI.java:785)
	at org.audiveris.omr.CLI$CliTask.call(CLI.java:344)
	at org.audiveris.omr.Main.runBatchTasks(Main.java:316)
	at org.audiveris.omr.Main.main(Main.java:155)
	at Audiveris.main(Audiveris.java:49)
2017-10-06 14:52:29,583 WARN [91387128]      PartwiseBuilder.java:1379 | Error visiting null
java.lang.NullPointerException: null
	at org.audiveris.omr.score.PartwiseBuilder.processKey(PartwiseBuilder.java:1344)
	at org.audiveris.omr.score.PartwiseBuilder.processKeys(PartwiseBuilder.java:1407)
	at org.audiveris.omr.score.PartwiseBuilder.processMeasure(PartwiseBuilder.java:1575)
	at org.audiveris.omr.score.PartwiseBuilder.processPart(PartwiseBuilder.java:1988)
	at org.audiveris.omr.score.PartwiseBuilder.processSystem(PartwiseBuilder.java:2528)
	at org.audiveris.omr.score.PartwiseBuilder.processLogicalPart(PartwiseBuilder.java:1433)
	at org.audiveris.omr.score.PartwiseBuilder.processStub(PartwiseBuilder.java:2483)
	at org.audiveris.omr.score.PartwiseBuilder.processPartList(PartwiseBuilder.java:2017)
	at org.audiveris.omr.score.PartwiseBuilder.processScore(PartwiseBuilder.java:2195)
	at org.audiveris.omr.score.PartwiseBuilder.build(PartwiseBuilder.java:307)
	at org.audiveris.omr.score.ScoreExporter.export(ScoreExporter.java:117)
	at org.audiveris.omr.score.ScoreExporter.export(ScoreExporter.java:91)
	at org.audiveris.omr.sheet.BasicBook.export(BasicBook.java:589)
	at org.audiveris.omr.CLI$ProcessingTask.processBook(CLI.java:785)
	at org.audiveris.omr.CLI$CliTask.call(CLI.java:344)
	at org.audiveris.omr.Main.runBatchTasks(Main.java:316)
	at org.audiveris.omr.Main.main(Main.java:155)
	at Audiveris.main(Audiveris.java:49)
2017-10-06 14:52:29,650 INFO [91387128]        ScoreExporter.java:93   | Score 91387128 exported to /Users/stephenn/Documents/workspace/nlsomr/xml_out/91386487/91387128/91387128.mxl
2017-10-06 14:52:29,822 INFO [91387128]            BasicBook.java:1395 | Stored /book.xml
2017-10-06 14:52:29,823 INFO [91387128]            BasicBook.java:1355 | Book stored as /Users/stephenn/Documents/workspace/nlsomr/xml_out/91386487/91387128/91387128.omr
