2017-10-06 14:34:17,032 INFO [91386888]            BasicBook.java:427  | 1 sheet in /Users/stephenn/Documents/workspace/nlsomr/working/91386888.jpg
2017-10-06 14:34:17,197 INFO []            BasicBook.java:1395 | Stored /book.xml
2017-10-06 14:34:17,198 INFO []            BasicBook.java:1355 | Book stored as /Users/stephenn/Documents/workspace/nlsomr/xml_out/91386487/91386888/91386888.omr
2017-10-06 14:34:17,205 INFO []            BasicBook.java:996  | Book reaching PAGE on sheets:[#1]
2017-10-06 14:34:17,207 INFO [91386888]       StepMonitoring.java:96   | LOAD
2017-10-06 14:34:17,362 INFO [91386888]            BasicBook.java:911  | Loaded image 1 2000x3056 from /Users/stephenn/Documents/workspace/nlsomr/working/91386888.jpg
2017-10-06 14:34:17,366 INFO [91386888]            ImageUtil.java:82   | Converting max RGB to gray ...
2017-10-06 14:34:17,672 INFO [91386888]            BasicBook.java:1395 | Stored /book.xml
2017-10-06 14:34:18,042 INFO [91386888]           BasicSheet.java:979  | Stored /sheet#1/sheet#1.xml
2017-10-06 14:34:18,044 INFO [91386888]       StepMonitoring.java:96   | BINARY
2017-10-06 14:34:18,648 INFO [91386888]            BasicBook.java:1395 | Stored /book.xml
2017-10-06 14:34:18,961 INFO [91386888]              Picture.java:786  | Stored /sheet#1/BINARY.xml
2017-10-06 14:34:18,963 INFO [91386888]           BasicSheet.java:979  | Stored /sheet#1/sheet#1.xml
2017-10-06 14:34:18,965 INFO [91386888]       StepMonitoring.java:96   | SCALE
2017-10-06 14:34:19,007 INFO [91386888]            ScaleStep.java:87   | Scale{line(2,4,5) interline(16,16,17) beam(13)}
2017-10-06 14:34:19,009 INFO [91386888]            BasicBook.java:1395 | Stored /book.xml
2017-10-06 14:34:19,011 INFO [91386888]           BasicSheet.java:979  | Stored /sheet#1/sheet#1.xml
2017-10-06 14:34:19,015 INFO [91386888]       StepMonitoring.java:96   | GRID
2017-10-06 14:34:19,929 INFO [91386888]       LinesRetriever.java:442  | Global slope: 0.00000
2017-10-06 14:34:20,044 INFO [91386888]    ClustersRetriever.java:241  | Retrieved line clusters: 12 of size: 5 with interline: (16,16,17)
2017-10-06 14:34:20,838 INFO [91386888]            PeakGraph.java:181  | Systems: #1[1, 2] #2[3, 4] #3[5, 6] #4[7, 8] #5[9, 10] #6[11, 12]
2017-10-06 14:34:21,915 INFO [91386888]        SystemManager.java:626  | Indentation detected for system#1
2017-10-06 14:34:21,916 INFO [91386888]        SystemManager.java:626  | Indentation detected for system#3
2017-10-06 14:34:21,916 INFO [91386888]        SystemManager.java:671  | 2 pages found in sheet
2017-10-06 14:34:21,917 INFO [91386888]        SystemManager.java:709  | Page #1: 1 part along 2 systems
2017-10-06 14:34:21,917 INFO [91386888]        SystemManager.java:709  | Page #2: 1 part along 4 systems
2017-10-06 14:34:21,921 INFO [91386888]            BasicBook.java:1395 | Stored /book.xml
2017-10-06 14:34:22,159 INFO [91386888]           BasicSheet.java:979  | Stored /sheet#1/sheet#1.xml
2017-10-06 14:34:22,162 INFO [91386888]       StepMonitoring.java:96   | HEADERS
2017-10-06 14:34:22,522 INFO [91386888]          Nd4jBackend.java:194  | Loaded [CpuBackend] backend
2017-10-06 14:34:22,576 INFO [91386888]      NativeOpsHolder.java:49   | Number of threads used for NativeOps: 2
2017-10-06 14:34:23,078 INFO [91386888] DefaultOpExecutioner.java:544  | Backend used: [CPU]; OS: [Mac OS X]
2017-10-06 14:34:23,079 INFO [91386888] DefaultOpExecutioner.java:545  | Cores: [4]; Memory: [3.6GB];
2017-10-06 14:34:23,079 INFO [91386888] DefaultOpExecutioner.java:546  | Blas vendor: [OPENBLAS]
2017-10-06 14:34:23,118 INFO [91386888]   AbstractClassifier.java:332  | Classifier data loaded from default uri jar:file:/Users/stephenn/Documents/workspace/audiveris/build/distributions/Audiveris/lib/audiveris.jar!/res/basic-classifier.zip
2017-10-06 14:34:25,096 WARN [91386888]          ClefBuilder.java:560  | Staff#4 no header clef.
2017-10-06 14:34:25,547 WARN [91386888]          ClefBuilder.java:560  | Staff#8 no header clef.
2017-10-06 14:34:25,641 WARN [91386888]          ClefBuilder.java:560  | Staff#10 no header clef.
2017-10-06 14:34:25,828 INFO [91386888]            BasicBook.java:1395 | Stored /book.xml
2017-10-06 14:34:26,245 INFO []   AbstractClassifier.java:332  | Classifier data loaded from default uri jar:file:/Users/stephenn/Documents/workspace/audiveris/build/distributions/Audiveris/lib/audiveris.jar!/res/deep-classifier.zip
2017-10-06 14:34:26,265 INFO [91386888]           BasicSheet.java:979  | Stored /sheet#1/sheet#1.xml
2017-10-06 14:34:26,267 INFO [91386888]       StepMonitoring.java:96   | STEM_SEEDS
2017-10-06 14:34:26,360 INFO [91386888]        StemSeedsStep.java:91   | stem(3 max:4)
2017-10-06 14:34:26,516 INFO [91386888]            BasicBook.java:1395 | Stored /book.xml
2017-10-06 14:34:26,826 INFO [91386888]           BasicSheet.java:979  | Stored /sheet#1/sheet#1.xml
2017-10-06 14:34:26,829 INFO [91386888]       StepMonitoring.java:96   | BEAMS
2017-10-06 14:34:31,660 INFO [91386888]            BeamsStep.java:89   | BeamDistance{count:30 mean:14.80 stdDev:0.55}
2017-10-06 14:34:31,663 INFO [91386888]            BasicBook.java:1395 | Stored /book.xml
2017-10-06 14:34:31,748 INFO [91386888]              Picture.java:786  | Stored /sheet#1/HEAD_SPOTS.xml
2017-10-06 14:34:32,246 INFO [91386888]           BasicSheet.java:979  | Stored /sheet#1/sheet#1.xml
2017-10-06 14:34:32,248 INFO [91386888]       StepMonitoring.java:96   | LEDGERS
2017-10-06 14:34:32,844 INFO [91386888]            BasicBook.java:1395 | Stored /book.xml
2017-10-06 14:34:33,372 INFO [91386888]           BasicSheet.java:979  | Stored /sheet#1/sheet#1.xml
2017-10-06 14:34:33,375 INFO [91386888]       StepMonitoring.java:96   | HEADS
2017-10-06 14:34:36,012 INFO [91386888]            BasicBook.java:1395 | Stored /book.xml
2017-10-06 14:34:37,130 INFO [91386888]           BasicSheet.java:979  | Stored /sheet#1/sheet#1.xml
2017-10-06 14:34:37,133 INFO [91386888]       StepMonitoring.java:96   | STEMS
2017-10-06 14:34:39,782 INFO [91386888]            BasicBook.java:1395 | Stored /book.xml
2017-10-06 14:34:41,129 INFO [91386888]           BasicSheet.java:979  | Stored /sheet#1/sheet#1.xml
2017-10-06 14:34:41,132 INFO [91386888]       StepMonitoring.java:96   | REDUCTION
2017-10-06 14:34:41,727 INFO [91386888]            BasicBook.java:1395 | Stored /book.xml
2017-10-06 14:34:42,678 INFO [91386888]           BasicSheet.java:979  | Stored /sheet#1/sheet#1.xml
2017-10-06 14:34:42,680 INFO [91386888]       StepMonitoring.java:96   | CUE_BEAMS
2017-10-06 14:34:42,684 INFO [91386888]            BasicBook.java:1395 | Stored /book.xml
2017-10-06 14:34:43,579 INFO [91386888]           BasicSheet.java:979  | Stored /sheet#1/sheet#1.xml
2017-10-06 14:34:43,582 INFO [91386888]       StepMonitoring.java:96   | TEXTS
2017-10-06 14:34:45,452 INFO [91386888]            BasicBook.java:1395 | Stored /book.xml
2017-10-06 14:34:46,412 INFO [91386888]           BasicSheet.java:979  | Stored /sheet#1/sheet#1.xml
2017-10-06 14:34:46,414 INFO [91386888]       StepMonitoring.java:96   | MEASURES
2017-10-06 14:34:46,418 INFO [91386888]                 Page.java:210  | 10 raw measures: [5 in system#1, 5 in system#2]
2017-10-06 14:34:46,418 INFO [91386888]                 Page.java:210  | 18 raw measures: [4 in system#3, 4 in system#4, 5 in system#5, 5 in system#6]
2017-10-06 14:34:46,420 INFO [91386888]            BasicBook.java:1395 | Stored /book.xml
2017-10-06 14:34:47,336 INFO [91386888]           BasicSheet.java:979  | Stored /sheet#1/sheet#1.xml
2017-10-06 14:34:47,338 INFO [91386888]       StepMonitoring.java:96   | CHORDS
2017-10-06 14:34:47,348 INFO [91386888]        ChordsBuilder.java:249  | Deleting StemInter{#6115(0.771/0.880)} on RIGHT side of HeadInter{#3858(0.640/0.832) s:5 p:2.00 NOTEHEAD_BLACK}
2017-10-06 14:34:47,356 INFO [91386888]            BasicBook.java:1395 | Stored /book.xml
2017-10-06 14:34:48,053 INFO [91386888]           BasicSheet.java:979  | Stored /sheet#1/sheet#1.xml
2017-10-06 14:34:48,056 INFO [91386888]       StepMonitoring.java:96   | CURVES
2017-10-06 14:34:49,494 INFO [91386888]         SlursBuilder.java:157  | Slurs: 14
2017-10-06 14:34:49,507 INFO [91386888]      SegmentsBuilder.java:113  | Segments: 16
2017-10-06 14:34:49,513 INFO [91386888]            BasicBook.java:1395 | Stored /book.xml
2017-10-06 14:34:50,340 INFO [91386888]           BasicSheet.java:979  | Stored /sheet#1/sheet#1.xml
2017-10-06 14:34:50,342 INFO [91386888]       StepMonitoring.java:96   | SYMBOLS
2017-10-06 14:34:50,578 INFO [91386888]       SymbolsBuilder.java:340  | Symbol parts shrunk from 14 to 7
2017-10-06 14:34:51,934 INFO [91386888]       SymbolsBuilder.java:340  | Symbol parts shrunk from 22 to 7
2017-10-06 14:34:52,597 INFO [91386888]       SymbolsBuilder.java:340  | Symbol parts shrunk from 22 to 7
2017-10-06 14:34:53,938 INFO [91386888]            BasicBook.java:1395 | Stored /book.xml
2017-10-06 14:34:55,064 INFO [91386888]           BasicSheet.java:979  | Stored /sheet#1/sheet#1.xml
2017-10-06 14:34:55,066 INFO [91386888]       StepMonitoring.java:96   | LINKS
2017-10-06 14:34:55,093 INFO [91386888]        SymbolsLinker.java:323  | No chord above direction SentenceInter{#6384(0.612) s:4 IS-38 Direction} 31
2017-10-06 14:34:55,154 INFO [91386888]            BasicBook.java:1395 | Stored /book.xml
2017-10-06 14:34:56,313 INFO [91386888]           BasicSheet.java:979  | Stored /sheet#1/sheet#1.xml
2017-10-06 14:34:56,316 INFO [91386888]       StepMonitoring.java:96   | RHYTHMS
2017-10-06 14:34:56,356 INFO [91386888]           PageRhythm.java:314  | Range{1-10 ts:3/4} Durations avgGuess:3/4 topGuess:3/4 avgValue:0.70 stacks:10 voices:26 Histogram{1/8-3/4 size:8 [1/8=1 5/16=1 3/8=6 7/16=2 1/2=2 9/16=1 5/8=1 3/4=12]}
2017-10-06 14:34:56,360 INFO [91386888]         SlotsBuilder.java:427  | S1 MeasureStack#2 Slot{#7 xOffset=227 timeOffset=9/16 incomings=[#6448] SUSPICIOUS}
2017-10-06 14:34:56,361 INFO [91386888]         SlotsBuilder.java:427  | S1 MeasureStack#2 Slot{#9 xOffset=276 timeOffset=11/16 incomings=[#6449] SUSPICIOUS}
2017-10-06 14:34:56,361 INFO [91386888]                Voice.java:257  | S1 MeasureStack#2 Voice #2 too long 1/16
2017-10-06 14:34:56,361 INFO [91386888]           StackTuner.java:92   | S1 MeasureStack#2 no correct rhythm
2017-10-06 14:34:56,376 INFO [91386888]         SlotsBuilder.java:427  | S2 MeasureStack#8 Slot{#11 xOffset=309 timeOffset=7/16 incomings=[#6492] SUSPICIOUS}
2017-10-06 14:34:56,378 INFO [91386888]         SlotsBuilder.java:427  | S2 MeasureStack#8 Slot{#16 xOffset=454 timeOffset=11/16 incomings=[#6499] SUSPICIOUS}
2017-10-06 14:34:56,378 INFO [91386888]                Voice.java:257  | S2 MeasureStack#8 Voice #3 too long 1/16
2017-10-06 14:34:56,379 INFO [91386888]           StackTuner.java:92   | S2 MeasureStack#8 no correct rhythm
2017-10-06 14:34:56,399 INFO [91386888]         SlotsBuilder.java:399  | Stack#6 suspicious Slot{#2 xOffset=112 timeOffset=1/8 incomings=[#6581#6603]}
2017-10-06 14:34:56,413 INFO [91386888]           PageRhythm.java:314  | Range{1-18 ts:6/8} Durations avgGuess:3/4 topGuess:3/4 avgValue:0.72 stacks:18 voices:37 Histogram{1/4-7/8 size:8 [1/4=5 5/16=1 3/8=2 1/2=3 5/8=4 3/4=19 13/16=2 7/8=1]}
2017-10-06 14:34:56,416 INFO [91386888]                Voice.java:257  | S3 MeasureStack#1 Voice #2 too long 1/16
2017-10-06 14:34:56,416 INFO [91386888]           StackTuner.java:92   | S3 MeasureStack#1 no correct rhythm
2017-10-06 14:34:56,417 INFO [91386888]         SlotsBuilder.java:427  | S3 MeasureStack#2 Slot{#3 xOffset=87 timeOffset=1/4 incomings=[#6536] SUSPICIOUS}
2017-10-06 14:34:56,418 INFO [91386888]         SlotsBuilder.java:427  | S3 MeasureStack#2 Slot{#6 xOffset=176 timeOffset=1/2 incomings=[#6537] SUSPICIOUS}
2017-10-06 14:34:56,418 INFO [91386888]         SlotsBuilder.java:427  | S3 MeasureStack#2 Slot{#9 xOffset=268 timeOffset=3/4 incomings=[#6538] SUSPICIOUS}
2017-10-06 14:34:56,419 INFO [91386888]                Voice.java:257  | S3 MeasureStack#2 Voice #1 too long 1/4
2017-10-06 14:34:56,419 INFO [91386888]           StackTuner.java:92   | S3 MeasureStack#2 no correct rhythm
2017-10-06 14:34:56,421 INFO [91386888]                Voice.java:257  | S3 MeasureStack#4 Voice #1 too long 1/8
2017-10-06 14:34:56,422 INFO [91386888]           StackTuner.java:92   | S3 MeasureStack#4 no correct rhythm
2017-10-06 14:34:56,424 INFO [91386888]         SlotsBuilder.java:434  | Stack#6 endless loop detected
2017-10-06 14:34:56,430 INFO [91386888]         SlotsBuilder.java:427  | S5 MeasureStack#10 Slot{#3 xOffset=78 timeOffset=1/4 incomings=[#6653] SUSPICIOUS}
2017-10-06 14:34:56,430 INFO [91386888]         SlotsBuilder.java:427  | S5 MeasureStack#10 Slot{#5 xOffset=118 timeOffset=1/2 incomings=[#6654] SUSPICIOUS}
2017-10-06 14:34:56,431 INFO [91386888]                Voice.java:257  | S5 MeasureStack#10 Voice #1 too long 1/2
2017-10-06 14:34:56,431 INFO [91386888]                Voice.java:257  | S5 MeasureStack#10 Voice #2 too long 3/8
2017-10-06 14:34:56,431 INFO [91386888]           StackTuner.java:92   | S5 MeasureStack#10 no correct rhythm
2017-10-06 14:34:56,434 INFO [91386888]                Voice.java:257  | S5 MeasureStack#11 Voice #1 too long 1/16
2017-10-06 14:34:56,434 INFO [91386888]           StackTuner.java:92   | S5 MeasureStack#11 no correct rhythm
2017-10-06 14:34:56,436 INFO [91386888]         SlotsBuilder.java:427  | S5 MeasureStack#12 Slot{#6 xOffset=235 timeOffset=3/4 incomings=[#6638] SUSPICIOUS}
2017-10-06 14:34:56,436 INFO [91386888]                Voice.java:257  | S5 MeasureStack#12 Voice #1 too long 1/8
2017-10-06 14:34:56,437 INFO [91386888]           StackTuner.java:92   | S5 MeasureStack#12 no correct rhythm
2017-10-06 14:34:56,439 INFO [91386888]         SlotsBuilder.java:427  | S6 MeasureStack#14 Slot{#4 xOffset=299 timeOffset=5/16 incomings=[#6676] SUSPICIOUS}
2017-10-06 14:34:56,439 INFO [91386888]         SlotsBuilder.java:427  | S6 MeasureStack#14 Slot{#6 xOffset=341 timeOffset=7/16 incomings=[#6677] SUSPICIOUS}
2017-10-06 14:34:56,440 INFO [91386888]         SlotsBuilder.java:427  | S6 MeasureStack#14 Slot{#9 xOffset=432 timeOffset=11/16 incomings=[#6678] SUSPICIOUS}
2017-10-06 14:34:56,440 INFO [91386888]                Voice.java:257  | S6 MeasureStack#14 Voice #1 too long 3/16
2017-10-06 14:34:56,441 INFO [91386888]           StackTuner.java:92   | S6 MeasureStack#14 no correct rhythm
2017-10-06 14:34:56,444 INFO [91386888]         SlotsBuilder.java:427  | S6 MeasureStack#17 Slot{#5 xOffset=188 timeOffset=1/2 incomings=[#6718] SUSPICIOUS}
2017-10-06 14:34:56,445 INFO [91386888]         SlotsBuilder.java:427  | S6 MeasureStack#17 Slot{#8 xOffset=273 timeOffset=3/4 incomings=[#6719] SUSPICIOUS}
2017-10-06 14:34:56,445 INFO [91386888]                Voice.java:257  | S6 MeasureStack#17 Voice #2 too long 1/4
2017-10-06 14:34:56,445 INFO [91386888]           StackTuner.java:92   | S6 MeasureStack#17 no correct rhythm
2017-10-06 14:34:56,447 INFO [91386888]         SlotsBuilder.java:427  | S6 MeasureStack#18 Slot{#5 xOffset=178 timeOffset=1/2 incomings=[#6722] SUSPICIOUS}
2017-10-06 14:34:56,449 INFO [91386888]            BasicBook.java:1395 | Stored /book.xml
2017-10-06 14:34:57,625 INFO [91386888]           BasicSheet.java:979  | Stored /sheet#1/sheet#1.xml
2017-10-06 14:34:57,627 INFO [91386888]       StepMonitoring.java:96   | PAGE
2017-10-06 14:34:57,631 INFO [91386888]                Voice.java:257  | S1 MeasureStack#2 Voice #2 too long 1/16
2017-10-06 14:34:57,632 INFO [91386888]                Voice.java:257  | S2 MeasureStack#8 Voice #3 too long 1/16
2017-10-06 14:34:57,633 INFO [91386888]                Voice.java:257  | S3 MeasureStack#1 Voice #2 too long 1/16
2017-10-06 14:34:57,633 INFO [91386888]                Voice.java:257  | S3 MeasureStack#2 Voice #1 too long 1/4
2017-10-06 14:34:57,633 INFO [91386888]                Voice.java:257  | S3 MeasureStack#4 Voice #1 too long 1/8
2017-10-06 14:34:57,634 INFO [91386888]                Voice.java:257  | S5 MeasureStack#10 Voice #1 too long 1/2
2017-10-06 14:34:57,634 INFO [91386888]                Voice.java:257  | S5 MeasureStack#10 Voice #2 too long 3/8
2017-10-06 14:34:57,634 INFO [91386888]                Voice.java:257  | S5 MeasureStack#11 Voice #1 too long 1/16
2017-10-06 14:34:57,635 INFO [91386888]                Voice.java:257  | S5 MeasureStack#12 Voice #1 too long 1/8
2017-10-06 14:34:57,635 INFO [91386888]                Voice.java:257  | S6 MeasureStack#14 Voice #1 too long 3/16
2017-10-06 14:34:57,636 INFO [91386888]                Voice.java:257  | S6 MeasureStack#17 Voice #2 too long 1/4
2017-10-06 14:34:57,637 INFO [91386888]            BasicBook.java:1395 | Stored /book.xml
2017-10-06 14:34:58,788 INFO [91386888]           BasicSheet.java:979  | Stored /sheet#1/sheet#1.xml
2017-10-06 14:34:58,791 INFO [91386888]            BasicStub.java:723  | Sheet{91386888} disposed
2017-10-06 14:34:59,861 INFO [91386888]            BasicStub.java:449  | Loaded /sheet#1/sheet#1.xml
2017-10-06 14:34:59,863 INFO [91386888]            BasicBook.java:1133 | Scores built: 2
2017-10-06 14:35:00,796 WARN [91386888]      PartwiseBuilder.java:1379 | Error visiting null
java.lang.NullPointerException: null
	at org.audiveris.omr.score.PartwiseBuilder.processKey(PartwiseBuilder.java:1344)
	at org.audiveris.omr.score.PartwiseBuilder.processKeys(PartwiseBuilder.java:1407)
	at org.audiveris.omr.score.PartwiseBuilder.processMeasure(PartwiseBuilder.java:1575)
	at org.audiveris.omr.score.PartwiseBuilder.processPart(PartwiseBuilder.java:1988)
	at org.audiveris.omr.score.PartwiseBuilder.processSystem(PartwiseBuilder.java:2528)
	at org.audiveris.omr.score.PartwiseBuilder.processLogicalPart(PartwiseBuilder.java:1433)
	at org.audiveris.omr.score.PartwiseBuilder.processStub(PartwiseBuilder.java:2483)
	at org.audiveris.omr.score.PartwiseBuilder.processPartList(PartwiseBuilder.java:2017)
	at org.audiveris.omr.score.PartwiseBuilder.processScore(PartwiseBuilder.java:2195)
	at org.audiveris.omr.score.PartwiseBuilder.build(PartwiseBuilder.java:307)
	at org.audiveris.omr.score.ScoreExporter.export(ScoreExporter.java:117)
	at org.audiveris.omr.score.ScoreExporter.export(ScoreExporter.java:91)
	at org.audiveris.omr.sheet.BasicBook.export(BasicBook.java:589)
	at org.audiveris.omr.CLI$ProcessingTask.processBook(CLI.java:785)
	at org.audiveris.omr.CLI$CliTask.call(CLI.java:344)
	at org.audiveris.omr.Main.runBatchTasks(Main.java:316)
	at org.audiveris.omr.Main.main(Main.java:155)
	at Audiveris.main(Audiveris.java:49)
2017-10-06 14:35:00,855 INFO [91386888]        ScoreExporter.java:93   | Score 91386888.mvt1 exported to /Users/stephenn/Documents/workspace/nlsomr/xml_out/91386487/91386888/91386888.mvt1.mxl
2017-10-06 14:35:00,860 WARN [91386888]      PartwiseBuilder.java:1379 | Error visiting null
java.lang.NullPointerException: null
	at org.audiveris.omr.score.PartwiseBuilder.processKey(PartwiseBuilder.java:1344)
	at org.audiveris.omr.score.PartwiseBuilder.processKeys(PartwiseBuilder.java:1407)
	at org.audiveris.omr.score.PartwiseBuilder.processMeasure(PartwiseBuilder.java:1575)
	at org.audiveris.omr.score.PartwiseBuilder.processPart(PartwiseBuilder.java:1988)
	at org.audiveris.omr.score.PartwiseBuilder.processSystem(PartwiseBuilder.java:2528)
	at org.audiveris.omr.score.PartwiseBuilder.processLogicalPart(PartwiseBuilder.java:1433)
	at org.audiveris.omr.score.PartwiseBuilder.processStub(PartwiseBuilder.java:2483)
	at org.audiveris.omr.score.PartwiseBuilder.processPartList(PartwiseBuilder.java:2017)
	at org.audiveris.omr.score.PartwiseBuilder.processScore(PartwiseBuilder.java:2195)
	at org.audiveris.omr.score.PartwiseBuilder.build(PartwiseBuilder.java:307)
	at org.audiveris.omr.score.ScoreExporter.export(ScoreExporter.java:117)
	at org.audiveris.omr.score.ScoreExporter.export(ScoreExporter.java:91)
	at org.audiveris.omr.sheet.BasicBook.export(BasicBook.java:589)
	at org.audiveris.omr.CLI$ProcessingTask.processBook(CLI.java:785)
	at org.audiveris.omr.CLI$CliTask.call(CLI.java:344)
	at org.audiveris.omr.Main.runBatchTasks(Main.java:316)
	at org.audiveris.omr.Main.main(Main.java:155)
	at Audiveris.main(Audiveris.java:49)
2017-10-06 14:35:00,865 WARN [91386888]      PartwiseBuilder.java:1379 | Error visiting null
java.lang.NullPointerException: null
	at org.audiveris.omr.score.PartwiseBuilder.processKey(PartwiseBuilder.java:1344)
	at org.audiveris.omr.score.PartwiseBuilder.processKeys(PartwiseBuilder.java:1407)
	at org.audiveris.omr.score.PartwiseBuilder.processMeasure(PartwiseBuilder.java:1575)
	at org.audiveris.omr.score.PartwiseBuilder.processPart(PartwiseBuilder.java:1988)
	at org.audiveris.omr.score.PartwiseBuilder.processSystem(PartwiseBuilder.java:2528)
	at org.audiveris.omr.score.PartwiseBuilder.processLogicalPart(PartwiseBuilder.java:1433)
	at org.audiveris.omr.score.PartwiseBuilder.processStub(PartwiseBuilder.java:2483)
	at org.audiveris.omr.score.PartwiseBuilder.processPartList(PartwiseBuilder.java:2017)
	at org.audiveris.omr.score.PartwiseBuilder.processScore(PartwiseBuilder.java:2195)
	at org.audiveris.omr.score.PartwiseBuilder.build(PartwiseBuilder.java:307)
	at org.audiveris.omr.score.ScoreExporter.export(ScoreExporter.java:117)
	at org.audiveris.omr.score.ScoreExporter.export(ScoreExporter.java:91)
	at org.audiveris.omr.sheet.BasicBook.export(BasicBook.java:589)
	at org.audiveris.omr.CLI$ProcessingTask.processBook(CLI.java:785)
	at org.audiveris.omr.CLI$CliTask.call(CLI.java:344)
	at org.audiveris.omr.Main.runBatchTasks(Main.java:316)
	at org.audiveris.omr.Main.main(Main.java:155)
	at Audiveris.main(Audiveris.java:49)
2017-10-06 14:35:00,908 INFO [91386888]        ScoreExporter.java:93   | Score 91386888.mvt2 exported to /Users/stephenn/Documents/workspace/nlsomr/xml_out/91386487/91386888/91386888.mvt2.mxl
2017-10-06 14:35:01,063 INFO [91386888]            BasicBook.java:1395 | Stored /book.xml
2017-10-06 14:35:01,063 INFO [91386888]            BasicBook.java:1355 | Book stored as /Users/stephenn/Documents/workspace/nlsomr/xml_out/91386487/91386888/91386888.omr
