2017-10-06 16:04:43,414 INFO [91388112]            BasicBook.java:427  | 1 sheet in /Users/stephenn/Documents/workspace/nlsomr/working/91388112.jpg
2017-10-06 16:04:43,571 INFO []            BasicBook.java:1395 | Stored /book.xml
2017-10-06 16:04:43,572 INFO []            BasicBook.java:1355 | Book stored as /Users/stephenn/Documents/workspace/nlsomr/xml_out/91386487/91388112/91388112.omr
2017-10-06 16:04:43,577 INFO []            BasicBook.java:996  | Book reaching PAGE on sheets:[#1]
2017-10-06 16:04:43,579 INFO [91388112]       StepMonitoring.java:96   | LOAD
2017-10-06 16:04:43,733 INFO [91388112]            BasicBook.java:911  | Loaded image 1 2000x3056 from /Users/stephenn/Documents/workspace/nlsomr/working/91388112.jpg
2017-10-06 16:04:43,737 INFO [91388112]            ImageUtil.java:82   | Converting max RGB to gray ...
2017-10-06 16:04:43,991 INFO [91388112]            BasicBook.java:1395 | Stored /book.xml
2017-10-06 16:04:44,322 INFO [91388112]           BasicSheet.java:979  | Stored /sheet#1/sheet#1.xml
2017-10-06 16:04:44,323 INFO [91388112]       StepMonitoring.java:96   | BINARY
2017-10-06 16:04:44,926 INFO [91388112]            BasicBook.java:1395 | Stored /book.xml
2017-10-06 16:04:45,255 INFO [91388112]              Picture.java:786  | Stored /sheet#1/BINARY.xml
2017-10-06 16:04:45,257 INFO [91388112]           BasicSheet.java:979  | Stored /sheet#1/sheet#1.xml
2017-10-06 16:04:45,259 INFO [91388112]       StepMonitoring.java:96   | SCALE
2017-10-06 16:04:45,306 INFO [91388112]         ScaleBuilder.java:229  | No beam key found, guessed value 10
2017-10-06 16:04:45,307 INFO [91388112]            ScaleStep.java:87   | Scale{line(4,5,6) interline(16,16,17) beam(10 extra)}
2017-10-06 16:04:45,310 INFO [91388112]            BasicBook.java:1395 | Stored /book.xml
2017-10-06 16:04:45,313 INFO [91388112]           BasicSheet.java:979  | Stored /sheet#1/sheet#1.xml
2017-10-06 16:04:45,316 INFO [91388112]       StepMonitoring.java:96   | GRID
2017-10-06 16:04:46,361 INFO [91388112]       LinesRetriever.java:442  | Global slope: -0.00036
2017-10-06 16:04:46,470 INFO [91388112]    ClustersRetriever.java:241  | Retrieved line clusters: 12 of size: 5 with interline: (16,16,17)
2017-10-06 16:04:47,306 INFO [91388112]            PeakGraph.java:181  | Systems: #1[1, 2] #2[3, 4] #3[5, 6] #4[7, 8] #5[9, 10] #6[11, 12]
2017-10-06 16:04:48,436 INFO [91388112]        SystemManager.java:626  | Indentation detected for system#1
2017-10-06 16:04:48,437 INFO [91388112]        SystemManager.java:626  | Indentation detected for system#4
2017-10-06 16:04:48,437 INFO [91388112]        SystemManager.java:671  | 2 pages found in sheet
2017-10-06 16:04:48,438 INFO [91388112]        SystemManager.java:709  | Page #1: 1 part along 3 systems
2017-10-06 16:04:48,438 INFO [91388112]        SystemManager.java:709  | Page #2: 1 part along 3 systems
2017-10-06 16:04:48,442 INFO [91388112]            BasicBook.java:1395 | Stored /book.xml
2017-10-06 16:04:48,680 INFO [91388112]           BasicSheet.java:979  | Stored /sheet#1/sheet#1.xml
2017-10-06 16:04:48,683 INFO [91388112]       StepMonitoring.java:96   | HEADERS
2017-10-06 16:04:49,082 INFO []          Nd4jBackend.java:194  | Loaded [CpuBackend] backend
2017-10-06 16:04:49,144 INFO []      NativeOpsHolder.java:49   | Number of threads used for NativeOps: 2
2017-10-06 16:04:49,748 INFO [] DefaultOpExecutioner.java:544  | Backend used: [CPU]; OS: [Mac OS X]
2017-10-06 16:04:49,748 INFO [] DefaultOpExecutioner.java:545  | Cores: [4]; Memory: [3.6GB];
2017-10-06 16:04:49,748 INFO [] DefaultOpExecutioner.java:546  | Blas vendor: [OPENBLAS]
2017-10-06 16:04:49,794 INFO []   AbstractClassifier.java:332  | Classifier data loaded from default uri jar:file:/Users/stephenn/Documents/workspace/audiveris/build/distributions/Audiveris/lib/audiveris.jar!/res/basic-classifier.zip
2017-10-06 16:04:51,345 WARN [91388112]          ClefBuilder.java:560  | Staff#2 no header clef.
2017-10-06 16:04:51,894 WARN [91388112]          ClefBuilder.java:560  | Staff#4 no header clef.
2017-10-06 16:04:52,622 WARN [91388112]          ClefBuilder.java:560  | Staff#10 no header clef.
2017-10-06 16:04:52,884 INFO [91388112]            BasicBook.java:1395 | Stored /book.xml
2017-10-06 16:04:53,074 INFO []   AbstractClassifier.java:332  | Classifier data loaded from default uri jar:file:/Users/stephenn/Documents/workspace/audiveris/build/distributions/Audiveris/lib/audiveris.jar!/res/deep-classifier.zip
2017-10-06 16:04:53,218 INFO [91388112]           BasicSheet.java:979  | Stored /sheet#1/sheet#1.xml
2017-10-06 16:04:53,221 INFO [91388112]       StepMonitoring.java:96   | STEM_SEEDS
2017-10-06 16:04:53,326 INFO [91388112]        StemSeedsStep.java:91   | stem(4 max:5)
2017-10-06 16:04:53,469 INFO [91388112]            BasicBook.java:1395 | Stored /book.xml
2017-10-06 16:04:53,994 INFO [91388112]           BasicSheet.java:979  | Stored /sheet#1/sheet#1.xml
2017-10-06 16:04:53,996 INFO [91388112]       StepMonitoring.java:96   | BEAMS
2017-10-06 16:04:57,555 INFO [91388112]            BeamsStep.java:89   | BeamDistance{count:23 mean:13.80 stdDev:4.41}
2017-10-06 16:04:57,558 INFO [91388112]            BasicBook.java:1395 | Stored /book.xml
2017-10-06 16:04:57,655 INFO [91388112]              Picture.java:786  | Stored /sheet#1/HEAD_SPOTS.xml
2017-10-06 16:04:58,316 INFO [91388112]           BasicSheet.java:979  | Stored /sheet#1/sheet#1.xml
2017-10-06 16:04:58,320 INFO [91388112]       StepMonitoring.java:96   | LEDGERS
2017-10-06 16:04:59,520 INFO [91388112]            BasicBook.java:1395 | Stored /book.xml
2017-10-06 16:04:59,857 INFO [91388112]           BasicSheet.java:979  | Stored /sheet#1/sheet#1.xml
2017-10-06 16:04:59,859 INFO [91388112]       StepMonitoring.java:96   | HEADS
2017-10-06 16:05:03,261 INFO [91388112]            BasicBook.java:1395 | Stored /book.xml
2017-10-06 16:05:04,420 INFO [91388112]           BasicSheet.java:979  | Stored /sheet#1/sheet#1.xml
2017-10-06 16:05:04,423 INFO [91388112]       StepMonitoring.java:96   | STEMS
2017-10-06 16:05:08,726 INFO [91388112]            BasicBook.java:1395 | Stored /book.xml
2017-10-06 16:05:10,539 INFO [91388112]           BasicSheet.java:979  | Stored /sheet#1/sheet#1.xml
2017-10-06 16:05:10,542 INFO [91388112]       StepMonitoring.java:96   | REDUCTION
2017-10-06 16:05:11,354 INFO [91388112]            BasicBook.java:1395 | Stored /book.xml
2017-10-06 16:05:12,397 INFO [91388112]           BasicSheet.java:979  | Stored /sheet#1/sheet#1.xml
2017-10-06 16:05:12,400 INFO [91388112]       StepMonitoring.java:96   | CUE_BEAMS
2017-10-06 16:05:12,404 INFO [91388112]            BasicBook.java:1395 | Stored /book.xml
2017-10-06 16:05:13,376 INFO [91388112]           BasicSheet.java:979  | Stored /sheet#1/sheet#1.xml
2017-10-06 16:05:13,378 INFO [91388112]       StepMonitoring.java:96   | TEXTS
2017-10-06 16:05:15,437 INFO [91388112]            BasicBook.java:1395 | Stored /book.xml
2017-10-06 16:05:15,927 INFO [91388112]           BasicSheet.java:979  | Stored /sheet#1/sheet#1.xml
2017-10-06 16:05:15,929 INFO [91388112]       StepMonitoring.java:96   | MEASURES
2017-10-06 16:05:15,934 INFO [91388112]                 Page.java:210  | 13 raw measures: [5 in system#1, 4 in system#2, 4 in system#3]
2017-10-06 16:05:15,934 INFO [91388112]                 Page.java:210  | 17 raw measures: [6 in system#4, 5 in system#5, 6 in system#6]
2017-10-06 16:05:15,935 INFO [91388112]            BasicBook.java:1395 | Stored /book.xml
2017-10-06 16:05:16,440 INFO [91388112]           BasicSheet.java:979  | Stored /sheet#1/sheet#1.xml
2017-10-06 16:05:16,443 INFO [91388112]       StepMonitoring.java:96   | CHORDS
2017-10-06 16:05:16,461 INFO [91388112]            BasicBook.java:1395 | Stored /book.xml
2017-10-06 16:05:17,076 INFO [91388112]           BasicSheet.java:979  | Stored /sheet#1/sheet#1.xml
2017-10-06 16:05:17,079 INFO [91388112]       StepMonitoring.java:96   | CURVES
2017-10-06 16:05:18,985 INFO [91388112]         SlursBuilder.java:762  | RIGHT collision SlurInter{#7881(0.614)} & SlurInter{#7957(0.491)} @ HeadInter{#5167(0.589/0.782) e#7695 s:7 p:4.00 NOTEHEAD_BLACK}
2017-10-06 16:05:18,986 INFO [91388112]         SlursBuilder.java:762  | LEFT collision SlurInter{#7901(0.429)} & SlurInter{#8179(0.418)} @ HeadInter{#5297(0.615/0.783) e#7684 s:7 p:2.00 NOTEHEAD_BLACK}
2017-10-06 16:05:18,986 INFO [91388112]         SlursBuilder.java:762  | RIGHT collision SlurInter{#7901(0.429)} & SlurInter{#8179(0.418)} @ HeadInter{#5033(0.634/0.805) e#7685 s:7 p:0.00 NOTEHEAD_BLACK}
2017-10-06 16:05:18,988 INFO [91388112]         SlursBuilder.java:762  | RIGHT collision SlurInter{#7957(0.491)} & SlurInter{#7881(0.614)} @ HeadInter{#5167(0.589/0.782) e#7695 s:7 p:4.00 NOTEHEAD_BLACK}
2017-10-06 16:05:18,989 INFO [91388112]         SlursBuilder.java:762  | LEFT collision SlurInter{#8179(0.418)} & SlurInter{#7901(0.429)} @ HeadInter{#5297(0.615/0.783) e#7684 s:7 p:2.00 NOTEHEAD_BLACK}
2017-10-06 16:05:18,990 INFO [91388112]         SlursBuilder.java:762  | RIGHT collision SlurInter{#8179(0.418)} & SlurInter{#7901(0.429)} @ HeadInter{#5033(0.634/0.805) e#7685 s:7 p:0.00 NOTEHEAD_BLACK}
2017-10-06 16:05:18,991 INFO [91388112]         SlursBuilder.java:762  | RIGHT collision SlurInter{#7831(0.653)} & SlurInter{#7898(0.381)} @ HeadInter{#5889(0.578/0.763) e#7746 s:9 p:4.00 NOTEHEAD_BLACK}
2017-10-06 16:05:18,992 INFO [91388112]         SlursBuilder.java:762  | RIGHT collision SlurInter{#7866(0.519)} & SlurInter{#7968(0.324)} @ HeadInter{#5643(0.566/0.764) e#7734 s:9 p:-2.00 NOTEHEAD_BLACK}
2017-10-06 16:05:18,993 INFO [91388112]         SlursBuilder.java:762  | RIGHT collision SlurInter{#7898(0.381)} & SlurInter{#7831(0.653)} @ HeadInter{#5889(0.578/0.763) e#7746 s:9 p:4.00 NOTEHEAD_BLACK}
2017-10-06 16:05:18,993 INFO [91388112]         SlursBuilder.java:762  | RIGHT collision SlurInter{#7968(0.324)} & SlurInter{#7866(0.519)} @ HeadInter{#5643(0.566/0.764) e#7734 s:9 p:-2.00 NOTEHEAD_BLACK}
2017-10-06 16:05:18,994 INFO [91388112]         SlursBuilder.java:762  | RIGHT collision SlurInter{#7886(0.623)} & SlurInter{#7891(0.577)} @ HeadInter{#6526(0.585/0.779) e#7785 s:11 p:4.00 NOTEHEAD_BLACK}
2017-10-06 16:05:18,994 INFO [91388112]         SlursBuilder.java:762  | RIGHT collision SlurInter{#7891(0.577)} & SlurInter{#7886(0.623)} @ HeadInter{#6526(0.585/0.779) e#7785 s:11 p:4.00 NOTEHEAD_BLACK}
2017-10-06 16:05:18,995 INFO [91388112]         SlursBuilder.java:157  | Slurs: 48
2017-10-06 16:05:19,161 INFO [91388112]      SegmentsBuilder.java:113  | Segments: 41
2017-10-06 16:05:19,173 INFO [91388112]            BasicBook.java:1395 | Stored /book.xml
2017-10-06 16:05:19,996 INFO [91388112]           BasicSheet.java:979  | Stored /sheet#1/sheet#1.xml
2017-10-06 16:05:19,998 INFO [91388112]       StepMonitoring.java:96   | SYMBOLS
2017-10-06 16:05:21,769 INFO [91388112]       SymbolsBuilder.java:340  | Symbol parts shrunk from 9 to 7
2017-10-06 16:05:22,641 INFO [91388112]       SymbolsBuilder.java:340  | Symbol parts shrunk from 9 to 7
2017-10-06 16:05:24,105 INFO [91388112]            BasicBook.java:1395 | Stored /book.xml
2017-10-06 16:05:25,190 INFO [91388112]           BasicSheet.java:979  | Stored /sheet#1/sheet#1.xml
2017-10-06 16:05:25,193 INFO [91388112]       StepMonitoring.java:96   | LINKS
2017-10-06 16:05:25,195 INFO [91388112]        SymbolsLinker.java:323  | No chord above direction SentenceInter{#7447(0.579) s:2 BIS-41 Direction} ml! molto
2017-10-06 16:05:25,226 INFO [91388112]        SymbolsLinker.java:306  | No measure stack for direction SentenceInter{#7479(0.578) s:7 BS-65 Direction} le32
2017-10-06 16:05:25,253 INFO [91388112]            BasicBook.java:1395 | Stored /book.xml
2017-10-06 16:05:26,301 INFO [91388112]           BasicSheet.java:979  | Stored /sheet#1/sheet#1.xml
2017-10-06 16:05:26,304 INFO [91388112]       StepMonitoring.java:96   | RHYTHMS
2017-10-06 16:05:26,355 INFO [91388112]           PageRhythm.java:314  | Range{1-13 ts:6/8} Durations avgGuess:1/2 topGuess:1/2 avgValue:0.60 stacks:13 voices:42 Histogram{1/8-7/8 size:9 [1/8=2 3/16=1 1/4=5 3/8=2 1/2=17 5/8=7 11/16=1 3/4=5 7/8=2]}
2017-10-06 16:05:26,356 INFO [91388112]           PageRhythm.java:221  | S1 Range{1-13 ts:6/8 dur:1/2} should update to 1/2-based time sig?
2017-10-06 16:05:26,360 INFO [91388112]         SlotsBuilder.java:427  | S1 MeasureStack#2 Slot{#7 xOffset=203 timeOffset=11/16 incomings=[#7523] SUSPICIOUS}
2017-10-06 16:05:26,361 INFO [91388112]                Voice.java:257  | S1 MeasureStack#2 Voice #1 too long 3/8
2017-10-06 16:05:26,361 INFO [91388112]                Voice.java:257  | S1 MeasureStack#2 Voice #3 too long 3/8
2017-10-06 16:05:26,361 INFO [91388112]                Voice.java:257  | S1 MeasureStack#2 Voice #4 too long 5/16
2017-10-06 16:05:26,362 INFO [91388112]           StackTuner.java:92   | S1 MeasureStack#2 no correct rhythm
2017-10-06 16:05:26,368 INFO [91388112]         SlotsBuilder.java:427  | S1 MeasureStack#3 Slot{#5 xOffset=151 timeOffset=1/2 incomings=[#7499] SUSPICIOUS}
2017-10-06 16:05:26,370 INFO [91388112]         SlotsBuilder.java:434  | Stack#3 endless loop detected
2017-10-06 16:05:26,371 INFO [91388112]                Voice.java:257  | S1 MeasureStack#3 Voice #1 too long 1/4
2017-10-06 16:05:26,371 INFO [91388112]                Voice.java:257  | S1 MeasureStack#3 Voice #3 too long 3/16
2017-10-06 16:05:26,372 INFO [91388112]                Voice.java:257  | S1 MeasureStack#3 Voice #4 too long 3/16
2017-10-06 16:05:26,373 INFO [91388112]           StackTuner.java:92   | S1 MeasureStack#3 no correct rhythm
2017-10-06 16:05:26,375 INFO [91388112]         SlotsBuilder.java:427  | S1 MeasureStack#4 Slot{#5 xOffset=145 timeOffset=1/2 incomings=[#7504] SUSPICIOUS}
2017-10-06 16:05:26,376 INFO [91388112]         SlotsBuilder.java:434  | Stack#4 endless loop detected
2017-10-06 16:05:26,377 INFO [91388112]                Voice.java:257  | S1 MeasureStack#4 Voice #1 too long 3/16
2017-10-06 16:05:26,377 INFO [91388112]                Voice.java:257  | S1 MeasureStack#4 Voice #3 too long 1/8
2017-10-06 16:05:26,378 INFO [91388112]                Voice.java:257  | S1 MeasureStack#4 Voice #4 too long 1/8
2017-10-06 16:05:26,379 INFO [91388112]           StackTuner.java:92   | S1 MeasureStack#4 no correct rhythm
2017-10-06 16:05:26,382 INFO [91388112]                Voice.java:257  | S1 MeasureStack#5 Voice #1 too long 1/4
2017-10-06 16:05:26,383 INFO [91388112]                Voice.java:257  | S1 MeasureStack#5 Voice #2 too long 1/4
2017-10-06 16:05:26,384 INFO [91388112]           StackTuner.java:92   | S1 MeasureStack#5 no correct rhythm
2017-10-06 16:05:26,389 INFO [91388112]         SlotsBuilder.java:427  | S2 MeasureStack#6 Slot{#3 xOffset=215 timeOffset=3/16 incomings=[#7561] SUSPICIOUS}
2017-10-06 16:05:26,390 INFO [91388112]         SlotsBuilder.java:427  | S2 MeasureStack#6 Slot{#5 xOffset=271 timeOffset=5/16 incomings=[#7562] SUSPICIOUS}
2017-10-06 16:05:26,391 INFO [91388112]         SlotsBuilder.java:427  | S2 MeasureStack#6 Slot{#7 xOffset=331 timeOffset=7/16 incomings=[#7563] SUSPICIOUS}
2017-10-06 16:05:26,392 INFO [91388112]         SlotsBuilder.java:434  | Stack#6 endless loop detected
2017-10-06 16:05:26,393 INFO [91388112]                Voice.java:257  | S2 MeasureStack#6 Voice #1 too long 1/16
2017-10-06 16:05:26,393 INFO [91388112]                Voice.java:257  | S2 MeasureStack#6 Voice #2 too long 1/4
2017-10-06 16:05:26,394 INFO [91388112]           StackTuner.java:92   | S2 MeasureStack#6 no correct rhythm
2017-10-06 16:05:26,396 INFO [91388112]         SlotsBuilder.java:427  | S2 MeasureStack#7 Slot{#3 xOffset=91 timeOffset=1/4 incomings=[#7587] SUSPICIOUS}
2017-10-06 16:05:26,399 INFO [91388112]         SlotsBuilder.java:427  | S2 MeasureStack#7 Slot{#5 xOffset=180 timeOffset=1/2 incomings=[#7588#7589] SUSPICIOUS}
2017-10-06 16:05:26,402 INFO [91388112]         SlotsBuilder.java:427  | S2 MeasureStack#7 Slot{#7 xOffset=235 timeOffset=5/8 incomings=[#7590] SUSPICIOUS}
2017-10-06 16:05:26,403 INFO [91388112]                Voice.java:257  | S2 MeasureStack#7 Voice #1 too long 1/2
2017-10-06 16:05:26,404 INFO [91388112]                Voice.java:257  | S2 MeasureStack#7 Voice #2 too long 3/8
2017-10-06 16:05:26,406 INFO [91388112]                Voice.java:257  | S2 MeasureStack#7 Voice #3 too long 3/8
2017-10-06 16:05:26,407 INFO [91388112]                Voice.java:257  | S2 MeasureStack#7 Voice #4 too long 1/4
2017-10-06 16:05:26,407 INFO [91388112]           StackTuner.java:92   | S2 MeasureStack#7 no correct rhythm
2017-10-06 16:05:26,409 INFO [91388112]         SlotsBuilder.java:427  | S2 MeasureStack#8 Slot{#5 xOffset=205 timeOffset=1/2 incomings=[#7574] SUSPICIOUS}
2017-10-06 16:05:26,411 INFO [91388112]         SlotsBuilder.java:427  | S2 MeasureStack#8 Slot{#8 xOffset=314 timeOffset=3/4 incomings=[#7575] SUSPICIOUS}
2017-10-06 16:05:26,411 INFO [91388112]                Voice.java:257  | S2 MeasureStack#8 Voice #1 too long 1/2
2017-10-06 16:05:26,411 INFO [91388112]                Voice.java:257  | S2 MeasureStack#8 Voice #2 too long 3/8
2017-10-06 16:05:26,412 INFO [91388112]                Voice.java:257  | S2 MeasureStack#8 Voice #3 too long 1/4
2017-10-06 16:05:26,412 INFO [91388112]           StackTuner.java:92   | S2 MeasureStack#8 no correct rhythm
2017-10-06 16:05:26,415 INFO [91388112]         SlotsBuilder.java:427  | S2 MeasureStack#9 Slot{#5 xOffset=224 timeOffset=1/2 incomings=[#7578] SUSPICIOUS}
2017-10-06 16:05:26,416 INFO [91388112]         SlotsBuilder.java:427  | S2 MeasureStack#9 Slot{#9 xOffset=375 timeOffset=3/4 incomings=[#7579] SUSPICIOUS}
2017-10-06 16:05:26,417 INFO [91388112]                Voice.java:257  | S2 MeasureStack#9 Voice #1 too long 1/2
2017-10-06 16:05:26,417 INFO [91388112]                Voice.java:257  | S2 MeasureStack#9 Voice #3 too long 1/4
2017-10-06 16:05:26,418 INFO [91388112]                Voice.java:257  | S2 MeasureStack#9 Voice #4 too long 1/4
2017-10-06 16:05:26,418 INFO [91388112]           StackTuner.java:92   | S2 MeasureStack#9 no correct rhythm
2017-10-06 16:05:26,421 INFO [91388112]         SlotsBuilder.java:427  | S3 MeasureStack#10 Slot{#5 xOffset=322 timeOffset=1/2 incomings=[#7624#7625] SUSPICIOUS}
2017-10-06 16:05:26,422 INFO [91388112]         SlotsBuilder.java:434  | Stack#10 endless loop detected
2017-10-06 16:05:26,423 INFO [91388112]                Voice.java:257  | S3 MeasureStack#10 Voice #1 too long 1/8
2017-10-06 16:05:26,423 INFO [91388112]                Voice.java:257  | S3 MeasureStack#10 Voice #2 too long 1/4
2017-10-06 16:05:26,424 INFO [91388112]                Voice.java:257  | S3 MeasureStack#10 Voice #3 too long 1/4
2017-10-06 16:05:26,424 INFO [91388112]                Voice.java:257  | S3 MeasureStack#10 Voice #4 too long 1/16
2017-10-06 16:05:26,424 INFO [91388112]                Voice.java:257  | S3 MeasureStack#10 Voice #5 too long 1/8
2017-10-06 16:05:26,425 INFO [91388112]           StackTuner.java:92   | S3 MeasureStack#10 no correct rhythm
2017-10-06 16:05:26,430 INFO [91388112]                Voice.java:257  | S3 MeasureStack#11 Voice #1 too long 1/4
2017-10-06 16:05:26,431 INFO [91388112]                Voice.java:257  | S3 MeasureStack#11 Voice #2 too long 1/4
2017-10-06 16:05:26,431 INFO [91388112]                Voice.java:257  | S3 MeasureStack#11 Voice #3 too long 1/8
2017-10-06 16:05:26,432 INFO [91388112]                Voice.java:257  | S3 MeasureStack#11 Voice #4 too long 1/4
2017-10-06 16:05:26,432 INFO [91388112]           StackTuner.java:92   | S3 MeasureStack#11 no correct rhythm
2017-10-06 16:05:26,434 INFO [91388112]         SlotsBuilder.java:427  | S3 MeasureStack#12 Slot{#6 xOffset=265 timeOffset=5/8 incomings=[#7677] SUSPICIOUS}
2017-10-06 16:05:26,435 INFO [91388112]                Voice.java:257  | S3 MeasureStack#12 Voice #1 too long 1/4
2017-10-06 16:05:26,435 INFO [91388112]                Voice.java:257  | S3 MeasureStack#12 Voice #2 too long 3/8
2017-10-06 16:05:26,435 INFO [91388112]                Voice.java:257  | S3 MeasureStack#12 Voice #3 too long 3/8
2017-10-06 16:05:26,436 INFO [91388112]           StackTuner.java:92   | S3 MeasureStack#12 no correct rhythm
2017-10-06 16:05:26,437 INFO [91388112]         SlotsBuilder.java:427  | S3 MeasureStack#13 Slot{#3 xOffset=95 timeOffset=1/4 incomings=[#7680] SUSPICIOUS}
2017-10-06 16:05:26,438 INFO [91388112]         SlotsBuilder.java:427  | S3 MeasureStack#13 Slot{#5 xOffset=182 timeOffset=1/2 incomings=[#7681#7682] SUSPICIOUS}
2017-10-06 16:05:26,438 INFO [91388112]         SlotsBuilder.java:427  | S3 MeasureStack#13 Slot{#7 xOffset=234 timeOffset=5/8 incomings=[#7683] SUSPICIOUS}
2017-10-06 16:05:26,439 INFO [91388112]                Voice.java:257  | S3 MeasureStack#13 Voice #1 too long 1/8
2017-10-06 16:05:26,439 INFO [91388112]                Voice.java:257  | S3 MeasureStack#13 Voice #2 too long 1/8
2017-10-06 16:05:26,440 INFO [91388112]                Voice.java:257  | S3 MeasureStack#13 Voice #3 too long 1/4
2017-10-06 16:05:26,440 INFO [91388112]                Voice.java:257  | S3 MeasureStack#13 Voice #4 too long 1/4
2017-10-06 16:05:26,440 INFO [91388112]           StackTuner.java:92   | S3 MeasureStack#13 no correct rhythm
2017-10-06 16:05:26,454 INFO [91388112]           PageRhythm.java:314  | Range{1-17 ts:3/4} Durations avgGuess:3/4 topGuess:3/4 avgValue:0.74 stacks:17 voices:43 Histogram{1/4-5/4 size:7 [1/4=2 1/3=1 3/8=3 1/2=11 3/4=20 1=2 5/4=4]}
2017-10-06 16:05:26,457 INFO [91388112]                Voice.java:257  | S4 MeasureStack#3 Voice #1 too long 1/4
2017-10-06 16:05:26,458 INFO [91388112]                Voice.java:257  | S4 MeasureStack#3 Voice #3 too long 1/4
2017-10-06 16:05:26,458 INFO [91388112]           StackTuner.java:92   | S4 MeasureStack#3 no correct rhythm
2017-10-06 16:05:26,459 INFO [91388112]                Voice.java:257  | S4 MeasureStack#5 Voice #1 too long 1/2
2017-10-06 16:05:26,459 INFO [91388112]           StackTuner.java:92   | S4 MeasureStack#5 no correct rhythm
2017-10-06 16:05:26,471 INFO [91388112]                Voice.java:257  | S5 MeasureStack#9 Voice #1 too long 1/2
2017-10-06 16:05:26,472 INFO [91388112]           StackTuner.java:92   | S5 MeasureStack#9 no correct rhythm
2017-10-06 16:05:26,474 INFO [91388112]         SlotsBuilder.java:427  | S5 MeasureStack#11 Slot{#3 xOffset=123 timeOffset=1/4 incomings=[#7743] SUSPICIOUS}
2017-10-06 16:05:26,475 INFO [91388112]                Voice.java:257  | S5 MeasureStack#11 Voice #1 too long 1/2
2017-10-06 16:05:26,476 INFO [91388112]                Voice.java:257  | S5 MeasureStack#11 Voice #3 too long 1/2
2017-10-06 16:05:26,476 INFO [91388112]           StackTuner.java:92   | S5 MeasureStack#11 no correct rhythm
2017-10-06 16:05:26,481 INFO [91388112]                Voice.java:257  | S6 MeasureStack#14 Voice #1 too long 1/2
2017-10-06 16:05:26,482 INFO [91388112]                Voice.java:257  | S6 MeasureStack#14 Voice #2 too long 1/2
2017-10-06 16:05:26,482 INFO [91388112]           StackTuner.java:92   | S6 MeasureStack#14 no correct rhythm
2017-10-06 16:05:26,483 INFO [91388112]         SlotsBuilder.java:427  | S6 MeasureStack#15 Slot{#3 xOffset=118 timeOffset=3/8 incomings=[#7780] SUSPICIOUS}
2017-10-06 16:05:26,484 INFO [91388112]                Voice.java:257  | S6 MeasureStack#15 Voice #1 too long 5/8
2017-10-06 16:05:26,484 INFO [91388112]                Voice.java:257  | S6 MeasureStack#15 Voice #3 too long 1/4
2017-10-06 16:05:26,484 INFO [91388112]           StackTuner.java:92   | S6 MeasureStack#15 no correct rhythm
2017-10-06 16:05:26,488 INFO [91388112]            BasicBook.java:1395 | Stored /book.xml
2017-10-06 16:05:27,596 INFO [91388112]           BasicSheet.java:979  | Stored /sheet#1/sheet#1.xml
2017-10-06 16:05:27,598 INFO [91388112]       StepMonitoring.java:96   | PAGE
2017-10-06 16:05:27,602 INFO [91388112]                Voice.java:257  | S1 MeasureStack#2 Voice #1 too long 3/8
2017-10-06 16:05:27,603 INFO [91388112]                Voice.java:257  | S1 MeasureStack#2 Voice #3 too long 3/8
2017-10-06 16:05:27,603 INFO [91388112]                Voice.java:257  | S1 MeasureStack#2 Voice #4 too long 5/16
2017-10-06 16:05:27,603 INFO [91388112]                Voice.java:257  | S1 MeasureStack#3 Voice #1 too long 1/4
2017-10-06 16:05:27,603 INFO [91388112]                Voice.java:257  | S1 MeasureStack#3 Voice #3 too long 3/16
2017-10-06 16:05:27,603 INFO [91388112]                Voice.java:257  | S1 MeasureStack#3 Voice #4 too long 3/16
2017-10-06 16:05:27,604 INFO [91388112]                Voice.java:257  | S1 MeasureStack#4 Voice #1 too long 3/16
2017-10-06 16:05:27,604 INFO [91388112]                Voice.java:257  | S1 MeasureStack#4 Voice #3 too long 1/8
2017-10-06 16:05:27,604 INFO [91388112]                Voice.java:257  | S1 MeasureStack#4 Voice #4 too long 1/8
2017-10-06 16:05:27,604 INFO [91388112]                Voice.java:257  | S1 MeasureStack#5 Voice #1 too long 1/4
2017-10-06 16:05:27,604 INFO [91388112]                Voice.java:257  | S1 MeasureStack#5 Voice #2 too long 1/4
2017-10-06 16:05:27,605 INFO [91388112]                Voice.java:257  | S2 MeasureStack#6 Voice #1 too long 1/16
2017-10-06 16:05:27,605 INFO [91388112]                Voice.java:257  | S2 MeasureStack#6 Voice #2 too long 1/4
2017-10-06 16:05:27,605 INFO [91388112]                Voice.java:257  | S2 MeasureStack#7 Voice #1 too long 1/2
2017-10-06 16:05:27,605 INFO [91388112]                Voice.java:257  | S2 MeasureStack#7 Voice #2 too long 3/8
2017-10-06 16:05:27,605 INFO [91388112]                Voice.java:257  | S2 MeasureStack#7 Voice #3 too long 3/8
2017-10-06 16:05:27,606 INFO [91388112]                Voice.java:257  | S2 MeasureStack#7 Voice #4 too long 1/4
2017-10-06 16:05:27,606 INFO [91388112]                Voice.java:257  | S2 MeasureStack#8 Voice #1 too long 1/2
2017-10-06 16:05:27,606 INFO [91388112]                Voice.java:257  | S2 MeasureStack#8 Voice #2 too long 3/8
2017-10-06 16:05:27,606 INFO [91388112]                Voice.java:257  | S2 MeasureStack#8 Voice #3 too long 1/4
2017-10-06 16:05:27,606 INFO [91388112]                Voice.java:257  | S2 MeasureStack#9 Voice #1 too long 1/2
2017-10-06 16:05:27,606 INFO [91388112]                Voice.java:257  | S2 MeasureStack#9 Voice #3 too long 1/4
2017-10-06 16:05:27,607 INFO [91388112]                Voice.java:257  | S2 MeasureStack#9 Voice #4 too long 1/4
2017-10-06 16:05:27,607 INFO [91388112]                Voice.java:257  | S3 MeasureStack#10 Voice #1 too long 1/8
2017-10-06 16:05:27,607 INFO [91388112]                Voice.java:257  | S3 MeasureStack#10 Voice #2 too long 1/4
2017-10-06 16:05:27,607 INFO [91388112]                Voice.java:257  | S3 MeasureStack#10 Voice #3 too long 1/4
2017-10-06 16:05:27,607 INFO [91388112]                Voice.java:257  | S3 MeasureStack#10 Voice #4 too long 1/16
2017-10-06 16:05:27,608 INFO [91388112]                Voice.java:257  | S3 MeasureStack#10 Voice #5 too long 1/8
2017-10-06 16:05:27,608 INFO [91388112]                Voice.java:257  | S3 MeasureStack#11 Voice #1 too long 1/4
2017-10-06 16:05:27,608 INFO [91388112]                Voice.java:257  | S3 MeasureStack#11 Voice #2 too long 1/4
2017-10-06 16:05:27,608 INFO [91388112]                Voice.java:257  | S3 MeasureStack#11 Voice #3 too long 1/8
2017-10-06 16:05:27,608 INFO [91388112]                Voice.java:257  | S3 MeasureStack#11 Voice #4 too long 1/4
2017-10-06 16:05:27,609 INFO [91388112]                Voice.java:257  | S3 MeasureStack#12 Voice #1 too long 1/4
2017-10-06 16:05:27,609 INFO [91388112]                Voice.java:257  | S3 MeasureStack#12 Voice #2 too long 3/8
2017-10-06 16:05:27,609 INFO [91388112]                Voice.java:257  | S3 MeasureStack#12 Voice #3 too long 3/8
2017-10-06 16:05:27,609 INFO [91388112]                Voice.java:257  | S3 MeasureStack#13 Voice #1 too long 1/8
2017-10-06 16:05:27,610 INFO [91388112]                Voice.java:257  | S3 MeasureStack#13 Voice #2 too long 1/8
2017-10-06 16:05:27,610 INFO [91388112]                Voice.java:257  | S3 MeasureStack#13 Voice #3 too long 1/4
2017-10-06 16:05:27,610 INFO [91388112]                Voice.java:257  | S3 MeasureStack#13 Voice #4 too long 1/4
2017-10-06 16:05:27,613 INFO [91388112]                Voice.java:257  | S4 MeasureStack#3 Voice #1 too long 1/4
2017-10-06 16:05:27,613 INFO [91388112]                Voice.java:257  | S4 MeasureStack#3 Voice #3 too long 1/4
2017-10-06 16:05:27,614 INFO [91388112]                Voice.java:257  | S4 MeasureStack#5 Voice #1 too long 1/2
2017-10-06 16:05:27,614 INFO [91388112]                Voice.java:257  | S5 MeasureStack#9 Voice #1 too long 1/2
2017-10-06 16:05:27,614 INFO [91388112]                Voice.java:257  | S5 MeasureStack#11 Voice #1 too long 1/2
2017-10-06 16:05:27,615 INFO [91388112]                Voice.java:257  | S5 MeasureStack#11 Voice #3 too long 1/2
2017-10-06 16:05:27,615 INFO [91388112]                Voice.java:257  | S6 MeasureStack#14 Voice #1 too long 1/2
2017-10-06 16:05:27,615 INFO [91388112]                Voice.java:257  | S6 MeasureStack#14 Voice #2 too long 1/2
2017-10-06 16:05:27,615 INFO [91388112]                Voice.java:257  | S6 MeasureStack#15 Voice #1 too long 5/8
2017-10-06 16:05:27,616 INFO [91388112]                Voice.java:257  | S6 MeasureStack#15 Voice #3 too long 1/4
2017-10-06 16:05:27,617 INFO [91388112]            BasicBook.java:1395 | Stored /book.xml
2017-10-06 16:05:28,724 INFO [91388112]           BasicSheet.java:979  | Stored /sheet#1/sheet#1.xml
2017-10-06 16:05:28,728 INFO [91388112]            BasicStub.java:723  | Sheet{91388112} disposed
2017-10-06 16:05:30,046 INFO [91388112]            BasicStub.java:449  | Loaded /sheet#1/sheet#1.xml
2017-10-06 16:05:30,048 INFO [91388112]            BasicBook.java:1133 | Scores built: 2
2017-10-06 16:05:31,119 WARN [91388112]      PartwiseBuilder.java:1379 | Error visiting null
java.lang.NullPointerException: null
	at org.audiveris.omr.score.PartwiseBuilder.processKey(PartwiseBuilder.java:1344)
	at org.audiveris.omr.score.PartwiseBuilder.processKeys(PartwiseBuilder.java:1407)
	at org.audiveris.omr.score.PartwiseBuilder.processMeasure(PartwiseBuilder.java:1575)
	at org.audiveris.omr.score.PartwiseBuilder.processPart(PartwiseBuilder.java:1988)
	at org.audiveris.omr.score.PartwiseBuilder.processSystem(PartwiseBuilder.java:2528)
	at org.audiveris.omr.score.PartwiseBuilder.processLogicalPart(PartwiseBuilder.java:1433)
	at org.audiveris.omr.score.PartwiseBuilder.processStub(PartwiseBuilder.java:2483)
	at org.audiveris.omr.score.PartwiseBuilder.processPartList(PartwiseBuilder.java:2017)
	at org.audiveris.omr.score.PartwiseBuilder.processScore(PartwiseBuilder.java:2195)
	at org.audiveris.omr.score.PartwiseBuilder.build(PartwiseBuilder.java:307)
	at org.audiveris.omr.score.ScoreExporter.export(ScoreExporter.java:117)
	at org.audiveris.omr.score.ScoreExporter.export(ScoreExporter.java:91)
	at org.audiveris.omr.sheet.BasicBook.export(BasicBook.java:589)
	at org.audiveris.omr.CLI$ProcessingTask.processBook(CLI.java:785)
	at org.audiveris.omr.CLI$CliTask.call(CLI.java:344)
	at org.audiveris.omr.Main.runBatchTasks(Main.java:316)
	at org.audiveris.omr.Main.main(Main.java:155)
	at Audiveris.main(Audiveris.java:49)
2017-10-06 16:05:31,131 WARN [91388112]      PartwiseBuilder.java:1379 | Error visiting null
java.lang.NullPointerException: null
	at org.audiveris.omr.score.PartwiseBuilder.processKey(PartwiseBuilder.java:1344)
	at org.audiveris.omr.score.PartwiseBuilder.processKeys(PartwiseBuilder.java:1407)
	at org.audiveris.omr.score.PartwiseBuilder.processMeasure(PartwiseBuilder.java:1575)
	at org.audiveris.omr.score.PartwiseBuilder.processPart(PartwiseBuilder.java:1988)
	at org.audiveris.omr.score.PartwiseBuilder.processSystem(PartwiseBuilder.java:2528)
	at org.audiveris.omr.score.PartwiseBuilder.processLogicalPart(PartwiseBuilder.java:1433)
	at org.audiveris.omr.score.PartwiseBuilder.processStub(PartwiseBuilder.java:2483)
	at org.audiveris.omr.score.PartwiseBuilder.processPartList(PartwiseBuilder.java:2017)
	at org.audiveris.omr.score.PartwiseBuilder.processScore(PartwiseBuilder.java:2195)
	at org.audiveris.omr.score.PartwiseBuilder.build(PartwiseBuilder.java:307)
	at org.audiveris.omr.score.ScoreExporter.export(ScoreExporter.java:117)
	at org.audiveris.omr.score.ScoreExporter.export(ScoreExporter.java:91)
	at org.audiveris.omr.sheet.BasicBook.export(BasicBook.java:589)
	at org.audiveris.omr.CLI$ProcessingTask.processBook(CLI.java:785)
	at org.audiveris.omr.CLI$CliTask.call(CLI.java:344)
	at org.audiveris.omr.Main.runBatchTasks(Main.java:316)
	at org.audiveris.omr.Main.main(Main.java:155)
	at Audiveris.main(Audiveris.java:49)
2017-10-06 16:05:31,210 INFO [91388112]        ScoreExporter.java:93   | Score 91388112.mvt1 exported to /Users/stephenn/Documents/workspace/nlsomr/xml_out/91386487/91388112/91388112.mvt1.mxl
2017-10-06 16:05:31,216 WARN [91388112]      PartwiseBuilder.java:1379 | Error visiting null
java.lang.NullPointerException: null
	at org.audiveris.omr.score.PartwiseBuilder.processKey(PartwiseBuilder.java:1344)
	at org.audiveris.omr.score.PartwiseBuilder.processKeys(PartwiseBuilder.java:1407)
	at org.audiveris.omr.score.PartwiseBuilder.processMeasure(PartwiseBuilder.java:1575)
	at org.audiveris.omr.score.PartwiseBuilder.processPart(PartwiseBuilder.java:1988)
	at org.audiveris.omr.score.PartwiseBuilder.processSystem(PartwiseBuilder.java:2528)
	at org.audiveris.omr.score.PartwiseBuilder.processLogicalPart(PartwiseBuilder.java:1433)
	at org.audiveris.omr.score.PartwiseBuilder.processStub(PartwiseBuilder.java:2483)
	at org.audiveris.omr.score.PartwiseBuilder.processPartList(PartwiseBuilder.java:2017)
	at org.audiveris.omr.score.PartwiseBuilder.processScore(PartwiseBuilder.java:2195)
	at org.audiveris.omr.score.PartwiseBuilder.build(PartwiseBuilder.java:307)
	at org.audiveris.omr.score.ScoreExporter.export(ScoreExporter.java:117)
	at org.audiveris.omr.score.ScoreExporter.export(ScoreExporter.java:91)
	at org.audiveris.omr.sheet.BasicBook.export(BasicBook.java:589)
	at org.audiveris.omr.CLI$ProcessingTask.processBook(CLI.java:785)
	at org.audiveris.omr.CLI$CliTask.call(CLI.java:344)
	at org.audiveris.omr.Main.runBatchTasks(Main.java:316)
	at org.audiveris.omr.Main.main(Main.java:155)
	at Audiveris.main(Audiveris.java:49)
2017-10-06 16:05:31,254 INFO [91388112]        ScoreExporter.java:93   | Score 91388112.mvt2 exported to /Users/stephenn/Documents/workspace/nlsomr/xml_out/91386487/91388112/91388112.mvt2.mxl
2017-10-06 16:05:31,427 INFO [91388112]            BasicBook.java:1395 | Stored /book.xml
2017-10-06 16:05:31,428 INFO [91388112]            BasicBook.java:1355 | Book stored as /Users/stephenn/Documents/workspace/nlsomr/xml_out/91386487/91388112/91388112.omr
