2017-10-06 14:40:53,514 INFO [91386984]            BasicBook.java:427  | 1 sheet in /Users/stephenn/Documents/workspace/nlsomr/working/91386984.jpg
2017-10-06 14:40:53,656 INFO []            BasicBook.java:1395 | Stored /book.xml
2017-10-06 14:40:53,657 INFO []            BasicBook.java:1355 | Book stored as /Users/stephenn/Documents/workspace/nlsomr/xml_out/91386487/91386984/91386984.omr
2017-10-06 14:40:53,662 INFO []            BasicBook.java:996  | Book reaching PAGE on sheets:[#1]
2017-10-06 14:40:53,663 INFO [91386984]       StepMonitoring.java:96   | LOAD
2017-10-06 14:40:53,816 INFO [91386984]            BasicBook.java:911  | Loaded image 1 2000x3056 from /Users/stephenn/Documents/workspace/nlsomr/working/91386984.jpg
2017-10-06 14:40:53,820 INFO [91386984]            ImageUtil.java:82   | Converting max RGB to gray ...
2017-10-06 14:40:54,064 INFO [91386984]            BasicBook.java:1395 | Stored /book.xml
2017-10-06 14:40:54,348 INFO [91386984]           BasicSheet.java:979  | Stored /sheet#1/sheet#1.xml
2017-10-06 14:40:54,351 INFO [91386984]       StepMonitoring.java:96   | BINARY
2017-10-06 14:40:54,939 INFO [91386984]            BasicBook.java:1395 | Stored /book.xml
2017-10-06 14:40:55,301 INFO [91386984]              Picture.java:786  | Stored /sheet#1/BINARY.xml
2017-10-06 14:40:55,303 INFO [91386984]           BasicSheet.java:979  | Stored /sheet#1/sheet#1.xml
2017-10-06 14:40:55,305 INFO [91386984]       StepMonitoring.java:96   | SCALE
2017-10-06 14:40:55,344 INFO [91386984]            ScaleStep.java:87   | Scale{line(3,4,5) interline(16,17,17) beam(13)}
2017-10-06 14:40:55,347 INFO [91386984]            BasicBook.java:1395 | Stored /book.xml
2017-10-06 14:40:55,358 INFO [91386984]           BasicSheet.java:979  | Stored /sheet#1/sheet#1.xml
2017-10-06 14:40:55,361 INFO [91386984]       StepMonitoring.java:96   | GRID
2017-10-06 14:40:56,345 INFO [91386984]       LinesRetriever.java:442  | Global slope: -0.00308
2017-10-06 14:40:56,434 INFO [91386984]    ClustersRetriever.java:241  | Retrieved line clusters: 12 of size: 5 with interline: (16,17,17)
2017-10-06 14:40:56,948 INFO [91386984]            PeakGraph.java:181  | Systems: #1[1, 2] #2[3, 4] #3[5, 6] #4[7, 8] #5[9, 10] #6[11, 12]
2017-10-06 14:40:58,049 INFO [91386984]        SystemManager.java:626  | Indentation detected for system#1
2017-10-06 14:40:58,050 INFO [91386984]        SystemManager.java:626  | Indentation detected for system#5
2017-10-06 14:40:58,051 INFO [91386984]        SystemManager.java:671  | 2 pages found in sheet
2017-10-06 14:40:58,051 INFO [91386984]        SystemManager.java:709  | Page #1: 1 part along 4 systems
2017-10-06 14:40:58,052 INFO [91386984]        SystemManager.java:709  | Page #2: 1 part along 2 systems
2017-10-06 14:40:58,056 INFO [91386984]            BasicBook.java:1395 | Stored /book.xml
2017-10-06 14:40:58,315 INFO [91386984]           BasicSheet.java:979  | Stored /sheet#1/sheet#1.xml
2017-10-06 14:40:58,318 INFO [91386984]       StepMonitoring.java:96   | HEADERS
2017-10-06 14:40:58,700 INFO []          Nd4jBackend.java:194  | Loaded [CpuBackend] backend
2017-10-06 14:40:58,754 INFO []      NativeOpsHolder.java:49   | Number of threads used for NativeOps: 2
2017-10-06 14:40:59,164 INFO [] DefaultOpExecutioner.java:544  | Backend used: [CPU]; OS: [Mac OS X]
2017-10-06 14:40:59,164 INFO [] DefaultOpExecutioner.java:545  | Cores: [4]; Memory: [3.6GB];
2017-10-06 14:40:59,165 INFO [] DefaultOpExecutioner.java:546  | Blas vendor: [OPENBLAS]
2017-10-06 14:40:59,206 INFO []   AbstractClassifier.java:332  | Classifier data loaded from default uri jar:file:/Users/stephenn/Documents/workspace/audiveris/build/distributions/Audiveris/lib/audiveris.jar!/res/basic-classifier.zip
2017-10-06 14:41:00,973 WARN [91386984]          ClefBuilder.java:560  | Staff#2 no header clef.
2017-10-06 14:41:01,148 WARN [91386984]          ClefBuilder.java:560  | Staff#4 no header clef.
2017-10-06 14:41:01,371 WARN [91386984]          ClefBuilder.java:560  | Staff#6 no header clef.
2017-10-06 14:41:01,753 WARN [91386984]          ClefBuilder.java:560  | Staff#8 no header clef.
2017-10-06 14:41:01,934 WARN [91386984]          ClefBuilder.java:560  | Staff#10 no header clef.
2017-10-06 14:41:02,091 WARN [91386984]          ClefBuilder.java:560  | Staff#12 no header clef.
2017-10-06 14:41:02,103 INFO [91386984]            BasicBook.java:1395 | Stored /book.xml
2017-10-06 14:41:02,402 INFO [91386984]           BasicSheet.java:979  | Stored /sheet#1/sheet#1.xml
2017-10-06 14:41:02,405 INFO [91386984]       StepMonitoring.java:96   | STEM_SEEDS
2017-10-06 14:41:02,515 INFO [91386984]        StemSeedsStep.java:91   | stem(4 max:4)
2017-10-06 14:41:02,632 INFO [91386984]            BasicBook.java:1395 | Stored /book.xml
2017-10-06 14:41:02,934 INFO [91386984]           BasicSheet.java:979  | Stored /sheet#1/sheet#1.xml
2017-10-06 14:41:02,937 INFO [91386984]       StepMonitoring.java:96   | BEAMS
2017-10-06 14:41:03,043 INFO []   AbstractClassifier.java:332  | Classifier data loaded from default uri jar:file:/Users/stephenn/Documents/workspace/audiveris/build/distributions/Audiveris/lib/audiveris.jar!/res/deep-classifier.zip
2017-10-06 14:41:07,819 INFO [91386984]            BeamsStep.java:89   | BeamDistance{count:11 mean:14.93 stdDev:0.43}
2017-10-06 14:41:07,822 INFO [91386984]            BasicBook.java:1395 | Stored /book.xml
2017-10-06 14:41:07,888 INFO [91386984]              Picture.java:786  | Stored /sheet#1/HEAD_SPOTS.xml
2017-10-06 14:41:08,297 INFO [91386984]           BasicSheet.java:979  | Stored /sheet#1/sheet#1.xml
2017-10-06 14:41:08,299 INFO [91386984]       StepMonitoring.java:96   | LEDGERS
2017-10-06 14:41:08,930 INFO [91386984]            BasicBook.java:1395 | Stored /book.xml
2017-10-06 14:41:09,473 INFO [91386984]           BasicSheet.java:979  | Stored /sheet#1/sheet#1.xml
2017-10-06 14:41:09,480 INFO [91386984]       StepMonitoring.java:96   | HEADS
2017-10-06 14:41:12,138 INFO [91386984]            BasicBook.java:1395 | Stored /book.xml
2017-10-06 14:41:13,243 INFO [91386984]           BasicSheet.java:979  | Stored /sheet#1/sheet#1.xml
2017-10-06 14:41:13,246 INFO [91386984]       StepMonitoring.java:96   | STEMS
2017-10-06 14:41:15,597 INFO [91386984]            BasicBook.java:1395 | Stored /book.xml
2017-10-06 14:41:16,821 INFO [91386984]           BasicSheet.java:979  | Stored /sheet#1/sheet#1.xml
2017-10-06 14:41:16,824 INFO [91386984]       StepMonitoring.java:96   | REDUCTION
2017-10-06 14:41:17,210 INFO [91386984]            BasicBook.java:1395 | Stored /book.xml
2017-10-06 14:41:18,050 INFO [91386984]           BasicSheet.java:979  | Stored /sheet#1/sheet#1.xml
2017-10-06 14:41:18,052 INFO [91386984]       StepMonitoring.java:96   | CUE_BEAMS
2017-10-06 14:41:18,056 INFO [91386984]            BasicBook.java:1395 | Stored /book.xml
2017-10-06 14:41:18,858 INFO [91386984]           BasicSheet.java:979  | Stored /sheet#1/sheet#1.xml
2017-10-06 14:41:18,861 INFO [91386984]       StepMonitoring.java:96   | TEXTS
2017-10-06 14:41:20,769 INFO [91386984]            BasicBook.java:1395 | Stored /book.xml
2017-10-06 14:41:21,633 INFO [91386984]           BasicSheet.java:979  | Stored /sheet#1/sheet#1.xml
2017-10-06 14:41:21,635 INFO [91386984]       StepMonitoring.java:96   | MEASURES
2017-10-06 14:41:21,640 INFO [91386984]                 Page.java:210  | 17 raw measures: [5 in system#1, 4 in system#2, 4 in system#3, 4 in system#4]
2017-10-06 14:41:21,640 INFO [91386984]                 Page.java:210  | 9 raw measures: [5 in system#5, 4 in system#6]
2017-10-06 14:41:21,641 INFO [91386984]            BasicBook.java:1395 | Stored /book.xml
2017-10-06 14:41:22,504 INFO [91386984]           BasicSheet.java:979  | Stored /sheet#1/sheet#1.xml
2017-10-06 14:41:22,506 INFO [91386984]       StepMonitoring.java:96   | CHORDS
2017-10-06 14:41:22,527 INFO [91386984]            BasicBook.java:1395 | Stored /book.xml
2017-10-06 14:41:23,645 INFO [91386984]           BasicSheet.java:979  | Stored /sheet#1/sheet#1.xml
2017-10-06 14:41:23,648 INFO [91386984]       StepMonitoring.java:96   | CURVES
2017-10-06 14:41:25,236 INFO [91386984]         SlursBuilder.java:762  | LEFT collision SlurInter{#6776(0.332)} & SlurInter{#6784(0.273)} @ HeadInter{#4602(0.639/0.786) e#6586 s:9 p:1.00 NOTEHEAD_BLACK}
2017-10-06 14:41:25,237 INFO [91386984]         SlursBuilder.java:762  | LEFT collision SlurInter{#6784(0.273)} & SlurInter{#6776(0.332)} @ HeadInter{#4602(0.639/0.786) e#6586 s:9 p:1.00 NOTEHEAD_BLACK}
2017-10-06 14:41:25,239 INFO [91386984]         SlursBuilder.java:157  | Slurs: 29
2017-10-06 14:41:25,297 INFO [91386984]      SegmentsBuilder.java:113  | Segments: 26
2017-10-06 14:41:25,304 INFO [91386984]            BasicBook.java:1395 | Stored /book.xml
2017-10-06 14:41:26,219 INFO [91386984]           BasicSheet.java:979  | Stored /sheet#1/sheet#1.xml
2017-10-06 14:41:26,222 INFO [91386984]       StepMonitoring.java:96   | SYMBOLS
2017-10-06 14:41:27,438 INFO [91386984]       SymbolsBuilder.java:340  | Symbol parts shrunk from 10 to 7
2017-10-06 14:41:27,905 INFO [91386984]       SymbolsBuilder.java:340  | Symbol parts shrunk from 10 to 7
2017-10-06 14:41:28,329 INFO [91386984]       SymbolsBuilder.java:340  | Symbol parts shrunk from 8 to 7
2017-10-06 14:41:28,756 INFO [91386984]       SymbolsBuilder.java:340  | Symbol parts shrunk from 10 to 7
2017-10-06 14:41:29,292 INFO [91386984]            BasicBook.java:1395 | Stored /book.xml
2017-10-06 14:41:30,386 INFO [91386984]           BasicSheet.java:979  | Stored /sheet#1/sheet#1.xml
2017-10-06 14:41:30,388 INFO [91386984]       StepMonitoring.java:96   | LINKS
2017-10-06 14:41:30,423 INFO [91386984]        SymbolsLinker.java:306  | No measure stack for direction SentenceInter{#6355(0.648) s:9 BS-38 Direction} 92.
2017-10-06 14:41:30,442 INFO [91386984]            BasicBook.java:1395 | Stored /book.xml
2017-10-06 14:41:31,584 INFO [91386984]           BasicSheet.java:979  | Stored /sheet#1/sheet#1.xml
2017-10-06 14:41:31,587 INFO [91386984]       StepMonitoring.java:96   | RHYTHMS
2017-10-06 14:41:31,608 INFO [91386984]         SlotsBuilder.java:399  | Stack#6 suspicious Slot{#2 xOffset=212 timeOffset=1/8 incomings=[#6429]}
2017-10-06 14:41:31,613 INFO [91386984]         SlotsBuilder.java:434  | Stack#8 endless loop detected
2017-10-06 14:41:31,625 INFO [91386984]         SlotsBuilder.java:399  | Stack#12 suspicious Slot{#2 xOffset=96 timeOffset=1/8 incomings=[#6505]}
2017-10-06 14:41:31,630 INFO [91386984]         SlotsBuilder.java:399  | Stack#14 suspicious Slot{#2 xOffset=226 timeOffset=1/8 incomings=[#6535]}
2017-10-06 14:41:31,633 INFO [91386984]         SlotsBuilder.java:434  | Stack#16 endless loop detected
2017-10-06 14:41:31,638 INFO [91386984]           PageRhythm.java:314  | Range{1-17 ts:6/8} Durations avgGuess:3/4 topGuess:3/4 avgValue:0.75 stacks:17 voices:49 Histogram{1/8-9/8 size:9 [1/8=7 3/16=1 1/4=8 3/8=2 1/2=2 5/8=6 3/4=15 7/8=7 9/8=1]}
2017-10-06 14:41:31,644 INFO [91386984]                Voice.java:257  | S1 MeasureStack#3 Voice #1 too long 1/8
2017-10-06 14:41:31,644 INFO [91386984]           StackTuner.java:92   | S1 MeasureStack#3 no correct rhythm
2017-10-06 14:41:31,646 INFO [91386984]                Voice.java:257  | S1 MeasureStack#4 Voice #1 too long 3/8
2017-10-06 14:41:31,646 INFO [91386984]                Voice.java:257  | S1 MeasureStack#4 Voice #2 too long 1/8
2017-10-06 14:41:31,649 INFO [91386984]           StackTuner.java:92   | S1 MeasureStack#4 no correct rhythm
2017-10-06 14:41:31,651 INFO [91386984]                Voice.java:257  | S1 MeasureStack#5 Voice #1 too long 1/8
2017-10-06 14:41:31,651 INFO [91386984]           StackTuner.java:92   | S1 MeasureStack#5 no correct rhythm
2017-10-06 14:41:31,656 INFO [91386984]                Voice.java:257  | S2 MeasureStack#7 Voice #1 too long 1/8
2017-10-06 14:41:31,657 INFO [91386984]                Voice.java:257  | S2 MeasureStack#7 Voice #2 too long 1/8
2017-10-06 14:41:31,657 INFO [91386984]           StackTuner.java:92   | S2 MeasureStack#7 no correct rhythm
2017-10-06 14:41:31,659 INFO [91386984]         SlotsBuilder.java:434  | Stack#8 endless loop detected
2017-10-06 14:41:31,661 INFO [91386984]                Voice.java:257  | S2 MeasureStack#9 Voice #1 too long 1/8
2017-10-06 14:41:31,661 INFO [91386984]           StackTuner.java:92   | S2 MeasureStack#9 no correct rhythm
2017-10-06 14:41:31,666 INFO [91386984]         SlotsBuilder.java:427  | S3 MeasureStack#11 Slot{#6 xOffset=319 timeOffset=5/8 incomings=[#6471#6472#6502] SUSPICIOUS}
2017-10-06 14:41:31,666 INFO [91386984]                Voice.java:257  | S3 MeasureStack#11 Voice #1 too long 1/8
2017-10-06 14:41:31,667 INFO [91386984]           StackTuner.java:92   | S3 MeasureStack#11 no correct rhythm
2017-10-06 14:41:31,669 INFO [91386984]         SlotsBuilder.java:427  | S3 MeasureStack#12 Slot{#5 xOffset=172 timeOffset=1/4 incomings=[#6506] SUSPICIOUS}
2017-10-06 14:41:31,670 INFO [91386984]         SlotsBuilder.java:427  | S3 MeasureStack#12 Slot{#7 xOffset=225 timeOffset=3/8 incomings=[#6507] SUSPICIOUS}
2017-10-06 14:41:31,674 INFO [91386984]         SlotsBuilder.java:427  | S4 MeasureStack#14 Slot{#5 xOffset=317 timeOffset=1/4 incomings=[#6536] SUSPICIOUS}
2017-10-06 14:41:31,674 INFO [91386984]         SlotsBuilder.java:427  | S4 MeasureStack#14 Slot{#7 xOffset=374 timeOffset=3/8 incomings=[#6537#6538] SUSPICIOUS}
2017-10-06 14:41:31,679 INFO [91386984]         SlotsBuilder.java:427  | S4 MeasureStack#14 Slot{#9 xOffset=433 timeOffset=1/2 incomings=[#6539] SUSPICIOUS}
2017-10-06 14:41:31,679 INFO [91386984]         SlotsBuilder.java:427  | S4 MeasureStack#14 Slot{#11 xOffset=490 timeOffset=5/8 incomings=[#6540] SUSPICIOUS}
2017-10-06 14:41:31,681 INFO [91386984]                Voice.java:257  | S4 MeasureStack#15 Voice #1 too long 1/8
2017-10-06 14:41:31,681 INFO [91386984]           StackTuner.java:92   | S4 MeasureStack#15 no correct rhythm
2017-10-06 14:41:31,683 INFO [91386984]         SlotsBuilder.java:434  | Stack#16 endless loop detected
2017-10-06 14:41:31,705 INFO [91386984]           PageRhythm.java:314  | Range{1-9 ts:6/8} Durations avgGuess:3/4 topGuess:3/4 avgValue:0.71 stacks:9 voices:33 Histogram{1/8-7/8 size:7 [1/8=1 1/4=2 3/8=1 1/2=1 5/8=9 3/4=18 7/8=1]}
2017-10-06 14:41:31,715 INFO [91386984]                Voice.java:257  | S5 MeasureStack#5 Voice #1 too long 1/8
2017-10-06 14:41:31,715 INFO [91386984]           StackTuner.java:92   | S5 MeasureStack#5 no correct rhythm
2017-10-06 14:41:31,722 INFO [91386984]         SlotsBuilder.java:427  | S6 MeasureStack#9 Slot{#5 xOffset=231 timeOffset=1/2 incomings=[#6672#6673] SUSPICIOUS}
2017-10-06 14:41:31,725 INFO [91386984]            BasicBook.java:1395 | Stored /book.xml
2017-10-06 14:41:32,934 INFO [91386984]           BasicSheet.java:979  | Stored /sheet#1/sheet#1.xml
2017-10-06 14:41:32,937 INFO [91386984]       StepMonitoring.java:96   | PAGE
2017-10-06 14:41:32,941 INFO [91386984]                Voice.java:257  | S1 MeasureStack#3 Voice #1 too long 1/8
2017-10-06 14:41:32,942 INFO [91386984]                Voice.java:257  | S1 MeasureStack#4 Voice #1 too long 3/8
2017-10-06 14:41:32,942 INFO [91386984]                Voice.java:257  | S1 MeasureStack#4 Voice #2 too long 1/8
2017-10-06 14:41:32,943 INFO [91386984]                Voice.java:257  | S1 MeasureStack#5 Voice #1 too long 1/8
2017-10-06 14:41:32,943 INFO [91386984]                Voice.java:257  | S2 MeasureStack#7 Voice #1 too long 1/8
2017-10-06 14:41:32,944 INFO [91386984]                Voice.java:257  | S2 MeasureStack#7 Voice #2 too long 1/8
2017-10-06 14:41:32,945 INFO [91386984]                Voice.java:257  | S2 MeasureStack#9 Voice #1 too long 1/8
2017-10-06 14:41:32,945 INFO [91386984]                Voice.java:257  | S3 MeasureStack#11 Voice #1 too long 1/8
2017-10-06 14:41:32,946 INFO [91386984]                Voice.java:257  | S4 MeasureStack#15 Voice #1 too long 1/8
2017-10-06 14:41:32,947 INFO [91386984]                 Part.java:275  | Could not right-connect slur#6776
2017-10-06 14:41:32,948 INFO [91386984]                 Part.java:275  | Could not right-connect slur#6784
2017-10-06 14:41:32,949 INFO [91386984]                Voice.java:257  | S5 MeasureStack#5 Voice #1 too long 1/8
2017-10-06 14:41:32,951 INFO [91386984]            BasicBook.java:1395 | Stored /book.xml
2017-10-06 14:41:34,046 INFO [91386984]           BasicSheet.java:979  | Stored /sheet#1/sheet#1.xml
2017-10-06 14:41:34,049 INFO [91386984]            BasicStub.java:723  | Sheet{91386984} disposed
2017-10-06 14:41:35,015 INFO [91386984]            BasicStub.java:449  | Loaded /sheet#1/sheet#1.xml
2017-10-06 14:41:35,017 INFO [91386984]            BasicBook.java:1133 | Scores built: 2
2017-10-06 14:41:35,949 WARN [91386984]      PartwiseBuilder.java:1379 | Error visiting null
java.lang.NullPointerException: null
	at org.audiveris.omr.score.PartwiseBuilder.processKey(PartwiseBuilder.java:1344)
	at org.audiveris.omr.score.PartwiseBuilder.processKeys(PartwiseBuilder.java:1407)
	at org.audiveris.omr.score.PartwiseBuilder.processMeasure(PartwiseBuilder.java:1575)
	at org.audiveris.omr.score.PartwiseBuilder.processPart(PartwiseBuilder.java:1988)
	at org.audiveris.omr.score.PartwiseBuilder.processSystem(PartwiseBuilder.java:2528)
	at org.audiveris.omr.score.PartwiseBuilder.processLogicalPart(PartwiseBuilder.java:1433)
	at org.audiveris.omr.score.PartwiseBuilder.processStub(PartwiseBuilder.java:2483)
	at org.audiveris.omr.score.PartwiseBuilder.processPartList(PartwiseBuilder.java:2017)
	at org.audiveris.omr.score.PartwiseBuilder.processScore(PartwiseBuilder.java:2195)
	at org.audiveris.omr.score.PartwiseBuilder.build(PartwiseBuilder.java:307)
	at org.audiveris.omr.score.ScoreExporter.export(ScoreExporter.java:117)
	at org.audiveris.omr.score.ScoreExporter.export(ScoreExporter.java:91)
	at org.audiveris.omr.sheet.BasicBook.export(BasicBook.java:589)
	at org.audiveris.omr.CLI$ProcessingTask.processBook(CLI.java:785)
	at org.audiveris.omr.CLI$CliTask.call(CLI.java:344)
	at org.audiveris.omr.Main.runBatchTasks(Main.java:316)
	at org.audiveris.omr.Main.main(Main.java:155)
	at Audiveris.main(Audiveris.java:49)
2017-10-06 14:41:35,962 WARN [91386984]      PartwiseBuilder.java:1379 | Error visiting null
java.lang.NullPointerException: null
	at org.audiveris.omr.score.PartwiseBuilder.processKey(PartwiseBuilder.java:1344)
	at org.audiveris.omr.score.PartwiseBuilder.processKeys(PartwiseBuilder.java:1407)
	at org.audiveris.omr.score.PartwiseBuilder.processMeasure(PartwiseBuilder.java:1575)
	at org.audiveris.omr.score.PartwiseBuilder.processPart(PartwiseBuilder.java:1988)
	at org.audiveris.omr.score.PartwiseBuilder.processSystem(PartwiseBuilder.java:2528)
	at org.audiveris.omr.score.PartwiseBuilder.processLogicalPart(PartwiseBuilder.java:1433)
	at org.audiveris.omr.score.PartwiseBuilder.processStub(PartwiseBuilder.java:2483)
	at org.audiveris.omr.score.PartwiseBuilder.processPartList(PartwiseBuilder.java:2017)
	at org.audiveris.omr.score.PartwiseBuilder.processScore(PartwiseBuilder.java:2195)
	at org.audiveris.omr.score.PartwiseBuilder.build(PartwiseBuilder.java:307)
	at org.audiveris.omr.score.ScoreExporter.export(ScoreExporter.java:117)
	at org.audiveris.omr.score.ScoreExporter.export(ScoreExporter.java:91)
	at org.audiveris.omr.sheet.BasicBook.export(BasicBook.java:589)
	at org.audiveris.omr.CLI$ProcessingTask.processBook(CLI.java:785)
	at org.audiveris.omr.CLI$CliTask.call(CLI.java:344)
	at org.audiveris.omr.Main.runBatchTasks(Main.java:316)
	at org.audiveris.omr.Main.main(Main.java:155)
	at Audiveris.main(Audiveris.java:49)
2017-10-06 14:41:35,967 WARN [91386984]      PartwiseBuilder.java:1379 | Error visiting null
java.lang.NullPointerException: null
	at org.audiveris.omr.score.PartwiseBuilder.processKey(PartwiseBuilder.java:1344)
	at org.audiveris.omr.score.PartwiseBuilder.processKeys(PartwiseBuilder.java:1407)
	at org.audiveris.omr.score.PartwiseBuilder.processMeasure(PartwiseBuilder.java:1575)
	at org.audiveris.omr.score.PartwiseBuilder.processPart(PartwiseBuilder.java:1988)
	at org.audiveris.omr.score.PartwiseBuilder.processSystem(PartwiseBuilder.java:2528)
	at org.audiveris.omr.score.PartwiseBuilder.processLogicalPart(PartwiseBuilder.java:1433)
	at org.audiveris.omr.score.PartwiseBuilder.processStub(PartwiseBuilder.java:2483)
	at org.audiveris.omr.score.PartwiseBuilder.processPartList(PartwiseBuilder.java:2017)
	at org.audiveris.omr.score.PartwiseBuilder.processScore(PartwiseBuilder.java:2195)
	at org.audiveris.omr.score.PartwiseBuilder.build(PartwiseBuilder.java:307)
	at org.audiveris.omr.score.ScoreExporter.export(ScoreExporter.java:117)
	at org.audiveris.omr.score.ScoreExporter.export(ScoreExporter.java:91)
	at org.audiveris.omr.sheet.BasicBook.export(BasicBook.java:589)
	at org.audiveris.omr.CLI$ProcessingTask.processBook(CLI.java:785)
	at org.audiveris.omr.CLI$CliTask.call(CLI.java:344)
	at org.audiveris.omr.Main.runBatchTasks(Main.java:316)
	at org.audiveris.omr.Main.main(Main.java:155)
	at Audiveris.main(Audiveris.java:49)
2017-10-06 14:41:35,973 WARN [91386984]      PartwiseBuilder.java:1379 | Error visiting null
java.lang.NullPointerException: null
	at org.audiveris.omr.score.PartwiseBuilder.processKey(PartwiseBuilder.java:1344)
	at org.audiveris.omr.score.PartwiseBuilder.processKeys(PartwiseBuilder.java:1407)
	at org.audiveris.omr.score.PartwiseBuilder.processMeasure(PartwiseBuilder.java:1575)
	at org.audiveris.omr.score.PartwiseBuilder.processPart(PartwiseBuilder.java:1988)
	at org.audiveris.omr.score.PartwiseBuilder.processSystem(PartwiseBuilder.java:2528)
	at org.audiveris.omr.score.PartwiseBuilder.processLogicalPart(PartwiseBuilder.java:1433)
	at org.audiveris.omr.score.PartwiseBuilder.processStub(PartwiseBuilder.java:2483)
	at org.audiveris.omr.score.PartwiseBuilder.processPartList(PartwiseBuilder.java:2017)
	at org.audiveris.omr.score.PartwiseBuilder.processScore(PartwiseBuilder.java:2195)
	at org.audiveris.omr.score.PartwiseBuilder.build(PartwiseBuilder.java:307)
	at org.audiveris.omr.score.ScoreExporter.export(ScoreExporter.java:117)
	at org.audiveris.omr.score.ScoreExporter.export(ScoreExporter.java:91)
	at org.audiveris.omr.sheet.BasicBook.export(BasicBook.java:589)
	at org.audiveris.omr.CLI$ProcessingTask.processBook(CLI.java:785)
	at org.audiveris.omr.CLI$CliTask.call(CLI.java:344)
	at org.audiveris.omr.Main.runBatchTasks(Main.java:316)
	at org.audiveris.omr.Main.main(Main.java:155)
	at Audiveris.main(Audiveris.java:49)
2017-10-06 14:41:36,031 INFO [91386984]        ScoreExporter.java:93   | Score 91386984.mvt1 exported to /Users/stephenn/Documents/workspace/nlsomr/xml_out/91386487/91386984/91386984.mvt1.mxl
2017-10-06 14:41:36,033 WARN [91386984]      PartwiseBuilder.java:1379 | Error visiting null
java.lang.NullPointerException: null
	at org.audiveris.omr.score.PartwiseBuilder.processKey(PartwiseBuilder.java:1344)
	at org.audiveris.omr.score.PartwiseBuilder.processKeys(PartwiseBuilder.java:1407)
	at org.audiveris.omr.score.PartwiseBuilder.processMeasure(PartwiseBuilder.java:1575)
	at org.audiveris.omr.score.PartwiseBuilder.processPart(PartwiseBuilder.java:1988)
	at org.audiveris.omr.score.PartwiseBuilder.processSystem(PartwiseBuilder.java:2528)
	at org.audiveris.omr.score.PartwiseBuilder.processLogicalPart(PartwiseBuilder.java:1433)
	at org.audiveris.omr.score.PartwiseBuilder.processStub(PartwiseBuilder.java:2483)
	at org.audiveris.omr.score.PartwiseBuilder.processPartList(PartwiseBuilder.java:2017)
	at org.audiveris.omr.score.PartwiseBuilder.processScore(PartwiseBuilder.java:2195)
	at org.audiveris.omr.score.PartwiseBuilder.build(PartwiseBuilder.java:307)
	at org.audiveris.omr.score.ScoreExporter.export(ScoreExporter.java:117)
	at org.audiveris.omr.score.ScoreExporter.export(ScoreExporter.java:91)
	at org.audiveris.omr.sheet.BasicBook.export(BasicBook.java:589)
	at org.audiveris.omr.CLI$ProcessingTask.processBook(CLI.java:785)
	at org.audiveris.omr.CLI$CliTask.call(CLI.java:344)
	at org.audiveris.omr.Main.runBatchTasks(Main.java:316)
	at org.audiveris.omr.Main.main(Main.java:155)
	at Audiveris.main(Audiveris.java:49)
2017-10-06 14:41:36,040 WARN [91386984]      PartwiseBuilder.java:1379 | Error visiting null
java.lang.NullPointerException: null
	at org.audiveris.omr.score.PartwiseBuilder.processKey(PartwiseBuilder.java:1344)
	at org.audiveris.omr.score.PartwiseBuilder.processKeys(PartwiseBuilder.java:1407)
	at org.audiveris.omr.score.PartwiseBuilder.processMeasure(PartwiseBuilder.java:1575)
	at org.audiveris.omr.score.PartwiseBuilder.processPart(PartwiseBuilder.java:1988)
	at org.audiveris.omr.score.PartwiseBuilder.processSystem(PartwiseBuilder.java:2528)
	at org.audiveris.omr.score.PartwiseBuilder.processLogicalPart(PartwiseBuilder.java:1433)
	at org.audiveris.omr.score.PartwiseBuilder.processStub(PartwiseBuilder.java:2483)
	at org.audiveris.omr.score.PartwiseBuilder.processPartList(PartwiseBuilder.java:2017)
	at org.audiveris.omr.score.PartwiseBuilder.processScore(PartwiseBuilder.java:2195)
	at org.audiveris.omr.score.PartwiseBuilder.build(PartwiseBuilder.java:307)
	at org.audiveris.omr.score.ScoreExporter.export(ScoreExporter.java:117)
	at org.audiveris.omr.score.ScoreExporter.export(ScoreExporter.java:91)
	at org.audiveris.omr.sheet.BasicBook.export(BasicBook.java:589)
	at org.audiveris.omr.CLI$ProcessingTask.processBook(CLI.java:785)
	at org.audiveris.omr.CLI$CliTask.call(CLI.java:344)
	at org.audiveris.omr.Main.runBatchTasks(Main.java:316)
	at org.audiveris.omr.Main.main(Main.java:155)
	at Audiveris.main(Audiveris.java:49)
2017-10-06 14:41:36,063 INFO [91386984]        ScoreExporter.java:93   | Score 91386984.mvt2 exported to /Users/stephenn/Documents/workspace/nlsomr/xml_out/91386487/91386984/91386984.mvt2.mxl
2017-10-06 14:41:36,227 INFO [91386984]            BasicBook.java:1395 | Stored /book.xml
2017-10-06 14:41:36,228 INFO [91386984]            BasicBook.java:1355 | Book stored as /Users/stephenn/Documents/workspace/nlsomr/xml_out/91386487/91386984/91386984.omr
