2017-10-06 15:30:27,488 INFO [91387656]            BasicBook.java:427  | 1 sheet in /Users/stephenn/Documents/workspace/nlsomr/working/91387656.jpg
2017-10-06 15:30:27,640 INFO []            BasicBook.java:1395 | Stored /book.xml
2017-10-06 15:30:27,640 INFO []            BasicBook.java:1355 | Book stored as /Users/stephenn/Documents/workspace/nlsomr/xml_out/91386487/91387656/91387656.omr
2017-10-06 15:30:27,645 INFO []            BasicBook.java:996  | Book reaching PAGE on sheets:[#1]
2017-10-06 15:30:27,647 INFO [91387656]       StepMonitoring.java:96   | LOAD
2017-10-06 15:30:27,795 INFO [91387656]            BasicBook.java:911  | Loaded image 1 2000x3056 from /Users/stephenn/Documents/workspace/nlsomr/working/91387656.jpg
2017-10-06 15:30:27,798 INFO [91387656]            ImageUtil.java:82   | Converting max RGB to gray ...
2017-10-06 15:30:28,044 INFO [91387656]            BasicBook.java:1395 | Stored /book.xml
2017-10-06 15:30:28,350 INFO [91387656]           BasicSheet.java:979  | Stored /sheet#1/sheet#1.xml
2017-10-06 15:30:28,352 INFO [91387656]       StepMonitoring.java:96   | BINARY
2017-10-06 15:30:28,925 INFO [91387656]            BasicBook.java:1395 | Stored /book.xml
2017-10-06 15:30:29,227 INFO [91387656]              Picture.java:786  | Stored /sheet#1/BINARY.xml
2017-10-06 15:30:29,229 INFO [91387656]           BasicSheet.java:979  | Stored /sheet#1/sheet#1.xml
2017-10-06 15:30:29,230 INFO [91387656]       StepMonitoring.java:96   | SCALE
2017-10-06 15:30:29,270 INFO [91387656]         ScaleBuilder.java:229  | No beam key found, guessed value 10
2017-10-06 15:30:29,270 INFO [91387656]            ScaleStep.java:87   | Scale{line(4,5,6) interline(16,17,17) beam(10 extra)}
2017-10-06 15:30:29,273 INFO [91387656]            BasicBook.java:1395 | Stored /book.xml
2017-10-06 15:30:29,275 INFO [91387656]           BasicSheet.java:979  | Stored /sheet#1/sheet#1.xml
2017-10-06 15:30:29,277 INFO [91387656]       StepMonitoring.java:96   | GRID
2017-10-06 15:30:30,182 INFO [91387656]       LinesRetriever.java:442  | Global slope: 0.00029
2017-10-06 15:30:30,265 INFO [91387656]    ClustersRetriever.java:819  | Pairing clusters CC49 & CC54
2017-10-06 15:30:30,270 INFO [91387656]    ClustersRetriever.java:241  | Retrieved line clusters: 12 of size: 5 with interline: (16,17,17)
2017-10-06 15:30:31,039 INFO [91387656]            PeakGraph.java:181  | Systems: #1[1, 2] #2[3, 4] #3[5, 6] #4[7, 8] #5[9, 10] #6[11, 12]
2017-10-06 15:30:31,988 INFO [91387656]        SystemManager.java:626  | Indentation detected for system#1
2017-10-06 15:30:31,989 INFO [91387656]        SystemManager.java:626  | Indentation detected for system#5
2017-10-06 15:30:31,990 INFO [91387656]        SystemManager.java:671  | 2 pages found in sheet
2017-10-06 15:30:31,991 INFO [91387656]        SystemManager.java:709  | Page #1: 1 part along 4 systems
2017-10-06 15:30:31,991 INFO [91387656]        SystemManager.java:709  | Page #2: 1 part along 2 systems
2017-10-06 15:30:31,996 INFO [91387656]            BasicBook.java:1395 | Stored /book.xml
2017-10-06 15:30:32,269 INFO [91387656]           BasicSheet.java:979  | Stored /sheet#1/sheet#1.xml
2017-10-06 15:30:32,272 INFO [91387656]       StepMonitoring.java:96   | HEADERS
2017-10-06 15:30:32,638 INFO [91387656]          Nd4jBackend.java:194  | Loaded [CpuBackend] backend
2017-10-06 15:30:32,702 INFO [91387656]      NativeOpsHolder.java:49   | Number of threads used for NativeOps: 2
2017-10-06 15:30:33,160 INFO [91387656] DefaultOpExecutioner.java:544  | Backend used: [CPU]; OS: [Mac OS X]
2017-10-06 15:30:33,161 INFO [91387656] DefaultOpExecutioner.java:545  | Cores: [4]; Memory: [3.6GB];
2017-10-06 15:30:33,161 INFO [91387656] DefaultOpExecutioner.java:546  | Blas vendor: [OPENBLAS]
2017-10-06 15:30:33,199 INFO [91387656]   AbstractClassifier.java:332  | Classifier data loaded from default uri jar:file:/Users/stephenn/Documents/workspace/audiveris/build/distributions/Audiveris/lib/audiveris.jar!/res/basic-classifier.zip
2017-10-06 15:30:34,877 WARN [91387656]          ClefBuilder.java:560  | Staff#2 no header clef.
2017-10-06 15:30:35,391 WARN [91387656]          ClefBuilder.java:560  | Staff#4 no header clef.
2017-10-06 15:30:35,779 INFO [91387656]           KeyBuilder.java:746  | Staff#5 key slice#3 pitch adjusted from 0.5 to 1
2017-10-06 15:30:36,370 INFO []   AbstractClassifier.java:332  | Classifier data loaded from default uri jar:file:/Users/stephenn/Documents/workspace/audiveris/build/distributions/Audiveris/lib/audiveris.jar!/res/deep-classifier.zip
2017-10-06 15:30:36,538 WARN [91387656]          ClefBuilder.java:560  | Staff#10 no header clef.
2017-10-06 15:30:36,923 INFO [91387656]            BasicBook.java:1395 | Stored /book.xml
2017-10-06 15:30:37,341 INFO [91387656]           BasicSheet.java:979  | Stored /sheet#1/sheet#1.xml
2017-10-06 15:30:37,343 INFO [91387656]       StepMonitoring.java:96   | STEM_SEEDS
2017-10-06 15:30:37,448 INFO [91387656]        StemSeedsStep.java:91   | stem(4 max:5)
2017-10-06 15:30:37,567 INFO [91387656]            BasicBook.java:1395 | Stored /book.xml
2017-10-06 15:30:38,144 INFO [91387656]           BasicSheet.java:979  | Stored /sheet#1/sheet#1.xml
2017-10-06 15:30:38,147 INFO [91387656]       StepMonitoring.java:96   | BEAMS
2017-10-06 15:30:41,487 INFO [91387656]            BeamsStep.java:89   | BeamDistance{count:18 mean:11.56 stdDev:6.37}
2017-10-06 15:30:41,490 INFO [91387656]            BasicBook.java:1395 | Stored /book.xml
2017-10-06 15:30:41,560 INFO [91387656]              Picture.java:786  | Stored /sheet#1/HEAD_SPOTS.xml
2017-10-06 15:30:42,077 INFO [91387656]           BasicSheet.java:979  | Stored /sheet#1/sheet#1.xml
2017-10-06 15:30:42,082 INFO [91387656]       StepMonitoring.java:96   | LEDGERS
2017-10-06 15:30:42,685 INFO [91387656]            BasicBook.java:1395 | Stored /book.xml
2017-10-06 15:30:43,253 INFO [91387656]           BasicSheet.java:979  | Stored /sheet#1/sheet#1.xml
2017-10-06 15:30:43,255 INFO [91387656]       StepMonitoring.java:96   | HEADS
2017-10-06 15:30:46,080 INFO [91387656]            BasicBook.java:1395 | Stored /book.xml
2017-10-06 15:30:47,094 INFO [91387656]           BasicSheet.java:979  | Stored /sheet#1/sheet#1.xml
2017-10-06 15:30:47,098 INFO [91387656]       StepMonitoring.java:96   | STEMS
2017-10-06 15:30:49,343 INFO [91387656]            BasicBook.java:1395 | Stored /book.xml
2017-10-06 15:30:50,642 INFO [91387656]           BasicSheet.java:979  | Stored /sheet#1/sheet#1.xml
2017-10-06 15:30:50,645 INFO [91387656]       StepMonitoring.java:96   | REDUCTION
2017-10-06 15:30:51,047 INFO [91387656]            BasicBook.java:1395 | Stored /book.xml
2017-10-06 15:30:51,936 INFO [91387656]           BasicSheet.java:979  | Stored /sheet#1/sheet#1.xml
2017-10-06 15:30:51,939 INFO [91387656]       StepMonitoring.java:96   | CUE_BEAMS
2017-10-06 15:30:51,953 INFO [91387656]            BasicBook.java:1395 | Stored /book.xml
2017-10-06 15:30:52,872 INFO [91387656]           BasicSheet.java:979  | Stored /sheet#1/sheet#1.xml
2017-10-06 15:30:52,874 INFO [91387656]       StepMonitoring.java:96   | TEXTS
2017-10-06 15:30:54,307 INFO [91387656]            BasicBook.java:1395 | Stored /book.xml
2017-10-06 15:30:55,331 INFO [91387656]           BasicSheet.java:979  | Stored /sheet#1/sheet#1.xml
2017-10-06 15:30:55,334 INFO [91387656]       StepMonitoring.java:96   | MEASURES
2017-10-06 15:30:55,340 INFO [91387656]                 Page.java:210  | 18 raw measures: [5 in system#1, 4 in system#2, 5 in system#3, 4 in system#4]
2017-10-06 15:30:55,341 INFO [91387656]                 Page.java:210  | 9 raw measures: [5 in system#5, 4 in system#6]
2017-10-06 15:30:55,343 INFO [91387656]            BasicBook.java:1395 | Stored /book.xml
2017-10-06 15:30:56,269 INFO [91387656]           BasicSheet.java:979  | Stored /sheet#1/sheet#1.xml
2017-10-06 15:30:56,271 INFO [91387656]       StepMonitoring.java:96   | CHORDS
2017-10-06 15:30:56,285 INFO [91387656]            BasicBook.java:1395 | Stored /book.xml
2017-10-06 15:30:57,213 INFO [91387656]           BasicSheet.java:979  | Stored /sheet#1/sheet#1.xml
2017-10-06 15:30:57,215 INFO [91387656]       StepMonitoring.java:96   | CURVES
2017-10-06 15:30:59,185 INFO [91387656]         SlursBuilder.java:762  | RIGHT collision SlurInter{#6596(0.662)} & SlurInter{#6649(0.604)} @ HeadInter{#6384(0.631/0.766) mirror#3284 e#6385 s:3 p:4.00 NOTEHEAD_BLACK}
2017-10-06 15:30:59,186 INFO [91387656]         SlursBuilder.java:762  | LEFT collision SlurInter{#6635(0.633)} & SlurInter{#6658(0.346)} @ HeadInter{#3050(0.654/0.813) e#6378 s:3 p:2.00 NOTEHEAD_BLACK}
2017-10-06 15:30:59,187 INFO [91387656]         SlursBuilder.java:762  | RIGHT collision SlurInter{#6635(0.633)} & SlurInter{#6658(0.346)} @ HeadInter{#3154(0.641/0.806) e#6379 s:3 p:4.00 NOTEHEAD_BLACK}
2017-10-06 15:30:59,188 INFO [91387656]         SlursBuilder.java:762  | RIGHT collision SlurInter{#6649(0.604)} & SlurInter{#6596(0.662)} @ HeadInter{#6384(0.631/0.766) mirror#3284 e#6385 s:3 p:4.00 NOTEHEAD_BLACK}
2017-10-06 15:30:59,189 INFO [91387656]         SlursBuilder.java:762  | LEFT collision SlurInter{#6658(0.346)} & SlurInter{#6635(0.633)} @ HeadInter{#3050(0.654/0.813) e#6378 s:3 p:2.00 NOTEHEAD_BLACK}
2017-10-06 15:30:59,190 INFO [91387656]         SlursBuilder.java:762  | RIGHT collision SlurInter{#6658(0.346)} & SlurInter{#6635(0.633)} @ HeadInter{#3154(0.641/0.806) e#6379 s:3 p:4.00 NOTEHEAD_BLACK}
2017-10-06 15:30:59,191 INFO [91387656]         SlursBuilder.java:762  | LEFT collision SlurInter{#6627(0.681)} & SlurInter{#6647(0.232)} @ HeadInter{#4498(0.662/0.816) e#6478 s:7 p:2.00 NOTEHEAD_BLACK}
2017-10-06 15:30:59,192 INFO [91387656]         SlursBuilder.java:762  | RIGHT collision SlurInter{#6627(0.681)} & SlurInter{#6647(0.232)} @ HeadInter{#4680(0.641/0.760) e#6479 s:7 p:4.00 NOTEHEAD_BLACK}
2017-10-06 15:30:59,192 INFO [91387656]         SlursBuilder.java:762  | LEFT collision SlurInter{#6647(0.232)} & SlurInter{#6627(0.681)} @ HeadInter{#4498(0.662/0.816) e#6478 s:7 p:2.00 NOTEHEAD_BLACK}
2017-10-06 15:30:59,193 INFO [91387656]         SlursBuilder.java:762  | RIGHT collision SlurInter{#6647(0.232)} & SlurInter{#6627(0.681)} @ HeadInter{#4680(0.641/0.760) e#6479 s:7 p:4.00 NOTEHEAD_BLACK}
2017-10-06 15:30:59,194 INFO [91387656]         SlursBuilder.java:157  | Slurs: 30
2017-10-06 15:30:59,228 INFO [91387656]      SegmentsBuilder.java:113  | Segments: 16
2017-10-06 15:30:59,237 INFO [91387656]            BasicBook.java:1395 | Stored /book.xml
2017-10-06 15:31:00,743 INFO [91387656]           BasicSheet.java:979  | Stored /sheet#1/sheet#1.xml
2017-10-06 15:31:00,745 INFO [91387656]       StepMonitoring.java:96   | SYMBOLS
2017-10-06 15:31:03,568 INFO [91387656]       SymbolsBuilder.java:340  | Symbol parts shrunk from 9 to 7
2017-10-06 15:31:04,046 INFO [91387656]            BasicBook.java:1395 | Stored /book.xml
2017-10-06 15:31:05,774 INFO [91387656]           BasicSheet.java:979  | Stored /sheet#1/sheet#1.xml
2017-10-06 15:31:05,776 INFO [91387656]       StepMonitoring.java:96   | LINKS
2017-10-06 15:31:05,828 INFO [91387656]        SymbolsLinker.java:306  | No measure stack for direction SentenceInter{#6298(0.589) s:9 S-37 Direction} 180.
2017-10-06 15:31:05,853 INFO [91387656]            BasicBook.java:1395 | Stored /book.xml
2017-10-06 15:31:08,003 INFO [91387656]           BasicSheet.java:979  | Stored /sheet#1/sheet#1.xml
2017-10-06 15:31:08,006 INFO [91387656]       StepMonitoring.java:96   | RHYTHMS
2017-10-06 15:31:08,024 INFO [91387656]         SlotsBuilder.java:399  | Stack#2 suspicious Slot{#4 xOffset=128 timeOffset=1/2 incomings=[#6341]}
2017-10-06 15:31:08,028 INFO [91387656]         SlotsBuilder.java:434  | Stack#3 endless loop detected
2017-10-06 15:31:08,135 INFO [91387656]           PageRhythm.java:314  | Range{1-18 ts:4/4} Durations avgGuess:3/4 topGuess:1 avgValue:0.84 stacks:18 voices:53 Histogram{1/8-5/4 size:11 [1/8=1 1/4=5 5/16=1 3/8=2 7/16=1 1/2=5 5/8=1 3/4=16 7/8=2 1=18 5/4=1]}
2017-10-06 15:31:08,138 INFO [91387656]           PageRhythm.java:221  | S1 Range{1-18 ts:4/4 dur:3/4} should update to 3/4-based time sig?
2017-10-06 15:31:08,141 INFO [91387656]         SlotsBuilder.java:427  | S1 MeasureStack#2 Slot{#7 xOffset=174 timeOffset=3/4 incomings=[#6342] SUSPICIOUS}
2017-10-06 15:31:08,143 INFO [91387656]                Voice.java:257  | S1 MeasureStack#2 Voice #1 too long 1/8
2017-10-06 15:31:08,144 INFO [91387656]                Voice.java:257  | S1 MeasureStack#2 Voice #3 too long 1/4
2017-10-06 15:31:08,144 INFO [91387656]           StackTuner.java:92   | S1 MeasureStack#2 no correct rhythm
2017-10-06 15:31:08,146 INFO [91387656]         SlotsBuilder.java:434  | Stack#3 endless loop detected
2017-10-06 15:31:08,169 INFO [91387656]                Voice.java:257  | S1 MeasureStack#4 Voice #1 too long 1/8
2017-10-06 15:31:08,185 INFO [91387656]                Voice.java:257  | S1 MeasureStack#4 Voice #4 too long 1/8
2017-10-06 15:31:08,189 INFO [91387656]           StackTuner.java:92   | S1 MeasureStack#4 no correct rhythm
2017-10-06 15:31:08,192 INFO [91387656]                Voice.java:257  | S1 MeasureStack#5 Voice #1 too long 1/4
2017-10-06 15:31:08,193 INFO [91387656]           StackTuner.java:92   | S1 MeasureStack#5 no correct rhythm
2017-10-06 15:31:08,205 INFO [91387656]         SlotsBuilder.java:427  | S2 MeasureStack#6 Slot{#2 xOffset=179 timeOffset=1/8 incomings=[#6387] SUSPICIOUS}
2017-10-06 15:31:08,207 INFO [91387656]                Voice.java:257  | S2 MeasureStack#6 Voice #1 too long 1/2
2017-10-06 15:31:08,208 INFO [91387656]                Voice.java:257  | S2 MeasureStack#6 Voice #2 too long 1/2
2017-10-06 15:31:08,208 INFO [91387656]                Voice.java:257  | S2 MeasureStack#6 Voice #3 too long 1/2
2017-10-06 15:31:08,213 INFO [91387656]           StackTuner.java:92   | S2 MeasureStack#6 no correct rhythm
2017-10-06 15:31:08,215 INFO [91387656]         SlotsBuilder.java:427  | S2 MeasureStack#7 Slot{#4 xOffset=163 timeOffset=1/4 incomings=[#6393] SUSPICIOUS}
2017-10-06 15:31:08,217 INFO [91387656]         SlotsBuilder.java:427  | S2 MeasureStack#7 Slot{#7 xOffset=293 timeOffset=1/2 incomings=[#6394] SUSPICIOUS}
2017-10-06 15:31:08,223 INFO [91387656]         SlotsBuilder.java:427  | S2 MeasureStack#7 Slot{#9 xOffset=368 timeOffset=3/4 incomings=[#6395] SUSPICIOUS}
2017-10-06 15:31:08,226 INFO [91387656]                Voice.java:257  | S2 MeasureStack#7 Voice #1 too long 3/16
2017-10-06 15:31:08,231 INFO [91387656]                Voice.java:257  | S2 MeasureStack#7 Voice #3 too long 1/8
2017-10-06 15:31:08,232 INFO [91387656]                Voice.java:257  | S2 MeasureStack#7 Voice #5 too long 1/4
2017-10-06 15:31:08,232 INFO [91387656]           StackTuner.java:92   | S2 MeasureStack#7 no correct rhythm
2017-10-06 15:31:08,234 INFO [91387656]                Voice.java:257  | S2 MeasureStack#8 Voice #1 too long 1/2
2017-10-06 15:31:08,235 INFO [91387656]                Voice.java:257  | S2 MeasureStack#8 Voice #2 too long 1/4
2017-10-06 15:31:08,236 INFO [91387656]                Voice.java:257  | S2 MeasureStack#8 Voice #3 too long 1/4
2017-10-06 15:31:08,236 INFO [91387656]                Voice.java:257  | S2 MeasureStack#8 Voice #4 too long 1/4
2017-10-06 15:31:08,237 INFO [91387656]           StackTuner.java:92   | S2 MeasureStack#8 no correct rhythm
2017-10-06 15:31:08,240 INFO [91387656]                Voice.java:257  | S3 MeasureStack#11 Voice #1 too long 1/4
2017-10-06 15:31:08,241 INFO [91387656]                Voice.java:257  | S3 MeasureStack#11 Voice #3 too long 1/4
2017-10-06 15:31:08,241 INFO [91387656]           StackTuner.java:92   | S3 MeasureStack#11 no correct rhythm
2017-10-06 15:31:08,242 INFO [91387656]                Voice.java:257  | S3 MeasureStack#12 Voice #1 too long 1/4
2017-10-06 15:31:08,243 INFO [91387656]           StackTuner.java:92   | S3 MeasureStack#12 no correct rhythm
2017-10-06 15:31:08,245 INFO [91387656]                Voice.java:257  | S3 MeasureStack#13 Voice #1 too long 1/4
2017-10-06 15:31:08,246 INFO [91387656]                Voice.java:257  | S3 MeasureStack#13 Voice #3 too long 1/4
2017-10-06 15:31:08,246 INFO [91387656]           StackTuner.java:92   | S3 MeasureStack#13 no correct rhythm
2017-10-06 15:31:08,249 INFO [91387656]                Voice.java:257  | S3 MeasureStack#14 Voice #1 too long 1/4
2017-10-06 15:31:08,249 INFO [91387656]           StackTuner.java:92   | S3 MeasureStack#14 no correct rhythm
2017-10-06 15:31:08,253 INFO [91387656]                Voice.java:257  | S4 MeasureStack#15 Voice #1 too long 1/4
2017-10-06 15:31:08,253 INFO [91387656]                Voice.java:257  | S4 MeasureStack#15 Voice #2 too long 1/4
2017-10-06 15:31:08,254 INFO [91387656]                Voice.java:257  | S4 MeasureStack#15 Voice #3 too long 1/4
2017-10-06 15:31:08,254 INFO [91387656]           StackTuner.java:92   | S4 MeasureStack#15 no correct rhythm
2017-10-06 15:31:08,256 INFO [91387656]                Voice.java:257  | S4 MeasureStack#16 Voice #1 too long 1/4
2017-10-06 15:31:08,256 INFO [91387656]                Voice.java:257  | S4 MeasureStack#16 Voice #2 too long 1/4
2017-10-06 15:31:08,257 INFO [91387656]                Voice.java:257  | S4 MeasureStack#16 Voice #3 too long 1/4
2017-10-06 15:31:08,257 INFO [91387656]           StackTuner.java:92   | S4 MeasureStack#16 no correct rhythm
2017-10-06 15:31:08,263 INFO [91387656]         SlotsBuilder.java:427  | S4 MeasureStack#17 Slot{#6 xOffset=283 timeOffset=1 incomings=[#6492] SUSPICIOUS}
2017-10-06 15:31:08,263 INFO [91387656]                Voice.java:257  | S4 MeasureStack#17 Voice #1 too long 3/4
2017-10-06 15:31:08,264 INFO [91387656]                Voice.java:257  | S4 MeasureStack#17 Voice #4 too long 1/2
2017-10-06 15:31:08,265 INFO [91387656]           StackTuner.java:92   | S4 MeasureStack#17 no correct rhythm
2017-10-06 15:31:08,276 INFO [91387656]           PageRhythm.java:314  | Range{1-9 ts:6/8} Durations avgGuess:3/4 topGuess:5/8 avgValue:0.63 stacks:9 voices:18 Histogram{1/8-3/4 size:4 [1/8=2 1/2=4 5/8=7 3/4=5]}
2017-10-06 15:31:08,277 INFO [91387656]         SlotsBuilder.java:427  | S5 MeasureStack#2 Slot{#4 xOffset=148 timeOffset=1/2 incomings=[#6502] SUSPICIOUS}
2017-10-06 15:31:08,279 INFO [91387656]                Voice.java:257  | S5 MeasureStack#2 Voice #1 too long 1/8
2017-10-06 15:31:08,279 INFO [91387656]           StackTuner.java:92   | S5 MeasureStack#2 no correct rhythm
2017-10-06 15:31:08,283 INFO [91387656]         SlotsBuilder.java:427  | S5 MeasureStack#4 Slot{#4 xOffset=147 timeOffset=1/2 incomings=[#6513] SUSPICIOUS}
2017-10-06 15:31:08,284 INFO [91387656]                Voice.java:257  | S5 MeasureStack#4 Voice #1 too long 1/8
2017-10-06 15:31:08,285 INFO [91387656]           StackTuner.java:92   | S5 MeasureStack#4 no correct rhythm
2017-10-06 15:31:08,295 INFO [91387656]            BasicBook.java:1395 | Stored /book.xml
2017-10-06 15:31:10,727 INFO [91387656]           BasicSheet.java:979  | Stored /sheet#1/sheet#1.xml
2017-10-06 15:31:10,731 INFO [91387656]       StepMonitoring.java:96   | PAGE
2017-10-06 15:31:10,735 INFO [91387656]                 Part.java:275  | Could not right-connect slur#6644
2017-10-06 15:31:10,738 INFO [91387656]                Voice.java:257  | S1 MeasureStack#2 Voice #1 too long 1/8
2017-10-06 15:31:10,738 INFO [91387656]                Voice.java:257  | S1 MeasureStack#2 Voice #3 too long 1/4
2017-10-06 15:31:10,739 INFO [91387656]                Voice.java:257  | S1 MeasureStack#4 Voice #1 too long 1/8
2017-10-06 15:31:10,739 INFO [91387656]                Voice.java:257  | S1 MeasureStack#4 Voice #4 too long 1/8
2017-10-06 15:31:10,739 INFO [91387656]                Voice.java:257  | S1 MeasureStack#5 Voice #1 too long 1/4
2017-10-06 15:31:10,740 INFO [91387656]                Voice.java:257  | S2 MeasureStack#6 Voice #1 too long 1/2
2017-10-06 15:31:10,740 INFO [91387656]                Voice.java:257  | S2 MeasureStack#6 Voice #2 too long 1/2
2017-10-06 15:31:10,741 INFO [91387656]                Voice.java:257  | S2 MeasureStack#6 Voice #3 too long 1/2
2017-10-06 15:31:10,741 INFO [91387656]                Voice.java:257  | S2 MeasureStack#7 Voice #1 too long 3/16
2017-10-06 15:31:10,742 INFO [91387656]                Voice.java:257  | S2 MeasureStack#7 Voice #3 too long 1/8
2017-10-06 15:31:10,742 INFO [91387656]                Voice.java:257  | S2 MeasureStack#7 Voice #5 too long 1/4
2017-10-06 15:31:10,742 INFO [91387656]                Voice.java:257  | S2 MeasureStack#8 Voice #1 too long 1/2
2017-10-06 15:31:10,743 INFO [91387656]                Voice.java:257  | S2 MeasureStack#8 Voice #3 too long 1/4
2017-10-06 15:31:10,743 INFO [91387656]                Voice.java:257  | S2 MeasureStack#8 Voice #2 too long 1/4
2017-10-06 15:31:10,743 INFO [91387656]                Voice.java:257  | S2 MeasureStack#8 Voice #4 too long 1/4
2017-10-06 15:31:10,744 INFO [91387656]                Voice.java:257  | S3 MeasureStack#11 Voice #1 too long 1/4
2017-10-06 15:31:10,744 INFO [91387656]                Voice.java:257  | S3 MeasureStack#11 Voice #3 too long 1/4
2017-10-06 15:31:10,744 INFO [91387656]                Voice.java:257  | S3 MeasureStack#12 Voice #1 too long 1/4
2017-10-06 15:31:10,745 INFO [91387656]                Voice.java:257  | S3 MeasureStack#13 Voice #1 too long 1/4
2017-10-06 15:31:10,745 INFO [91387656]                Voice.java:257  | S3 MeasureStack#13 Voice #3 too long 1/4
2017-10-06 15:31:10,745 INFO [91387656]                Voice.java:257  | S3 MeasureStack#14 Voice #1 too long 1/4
2017-10-06 15:31:10,745 INFO [91387656]                Voice.java:257  | S4 MeasureStack#15 Voice #1 too long 1/4
2017-10-06 15:31:10,746 INFO [91387656]                Voice.java:257  | S4 MeasureStack#15 Voice #2 too long 1/4
2017-10-06 15:31:10,746 INFO [91387656]                Voice.java:257  | S4 MeasureStack#15 Voice #3 too long 1/4
2017-10-06 15:31:10,746 INFO [91387656]                Voice.java:257  | S4 MeasureStack#16 Voice #1 too long 1/4
2017-10-06 15:31:10,747 INFO [91387656]                Voice.java:257  | S4 MeasureStack#16 Voice #2 too long 1/4
2017-10-06 15:31:10,747 INFO [91387656]                Voice.java:257  | S4 MeasureStack#16 Voice #3 too long 1/4
2017-10-06 15:31:10,747 INFO [91387656]                Voice.java:257  | S4 MeasureStack#17 Voice #1 too long 3/4
2017-10-06 15:31:10,747 INFO [91387656]                Voice.java:257  | S4 MeasureStack#17 Voice #4 too long 1/2
2017-10-06 15:31:10,749 INFO [91387656]                Voice.java:257  | S5 MeasureStack#2 Voice #1 too long 1/8
2017-10-06 15:31:10,750 INFO [91387656]                Voice.java:257  | S5 MeasureStack#4 Voice #1 too long 1/8
2017-10-06 15:31:10,752 INFO [91387656]            BasicBook.java:1395 | Stored /book.xml
2017-10-06 15:31:12,543 INFO [91387656]           BasicSheet.java:979  | Stored /sheet#1/sheet#1.xml
2017-10-06 15:31:12,547 INFO [91387656]            BasicStub.java:723  | Sheet{91387656} disposed
2017-10-06 15:31:14,080 INFO [91387656]            BasicStub.java:449  | Loaded /sheet#1/sheet#1.xml
2017-10-06 15:31:14,083 INFO [91387656]            BasicBook.java:1133 | Scores built: 2
2017-10-06 15:31:15,190 WARN [91387656]      PartwiseBuilder.java:1379 | Error visiting null
java.lang.NullPointerException: null
	at org.audiveris.omr.score.PartwiseBuilder.processKey(PartwiseBuilder.java:1344)
	at org.audiveris.omr.score.PartwiseBuilder.processKeys(PartwiseBuilder.java:1407)
	at org.audiveris.omr.score.PartwiseBuilder.processMeasure(PartwiseBuilder.java:1575)
	at org.audiveris.omr.score.PartwiseBuilder.processPart(PartwiseBuilder.java:1988)
	at org.audiveris.omr.score.PartwiseBuilder.processSystem(PartwiseBuilder.java:2528)
	at org.audiveris.omr.score.PartwiseBuilder.processLogicalPart(PartwiseBuilder.java:1433)
	at org.audiveris.omr.score.PartwiseBuilder.processStub(PartwiseBuilder.java:2483)
	at org.audiveris.omr.score.PartwiseBuilder.processPartList(PartwiseBuilder.java:2017)
	at org.audiveris.omr.score.PartwiseBuilder.processScore(PartwiseBuilder.java:2195)
	at org.audiveris.omr.score.PartwiseBuilder.build(PartwiseBuilder.java:307)
	at org.audiveris.omr.score.ScoreExporter.export(ScoreExporter.java:117)
	at org.audiveris.omr.score.ScoreExporter.export(ScoreExporter.java:91)
	at org.audiveris.omr.sheet.BasicBook.export(BasicBook.java:589)
	at org.audiveris.omr.CLI$ProcessingTask.processBook(CLI.java:785)
	at org.audiveris.omr.CLI$CliTask.call(CLI.java:344)
	at org.audiveris.omr.Main.runBatchTasks(Main.java:316)
	at org.audiveris.omr.Main.main(Main.java:155)
	at Audiveris.main(Audiveris.java:49)
2017-10-06 15:31:15,204 WARN [91387656]      PartwiseBuilder.java:1379 | Error visiting null
java.lang.NullPointerException: null
	at org.audiveris.omr.score.PartwiseBuilder.processKey(PartwiseBuilder.java:1344)
	at org.audiveris.omr.score.PartwiseBuilder.processKeys(PartwiseBuilder.java:1407)
	at org.audiveris.omr.score.PartwiseBuilder.processMeasure(PartwiseBuilder.java:1575)
	at org.audiveris.omr.score.PartwiseBuilder.processPart(PartwiseBuilder.java:1988)
	at org.audiveris.omr.score.PartwiseBuilder.processSystem(PartwiseBuilder.java:2528)
	at org.audiveris.omr.score.PartwiseBuilder.processLogicalPart(PartwiseBuilder.java:1433)
	at org.audiveris.omr.score.PartwiseBuilder.processStub(PartwiseBuilder.java:2483)
	at org.audiveris.omr.score.PartwiseBuilder.processPartList(PartwiseBuilder.java:2017)
	at org.audiveris.omr.score.PartwiseBuilder.processScore(PartwiseBuilder.java:2195)
	at org.audiveris.omr.score.PartwiseBuilder.build(PartwiseBuilder.java:307)
	at org.audiveris.omr.score.ScoreExporter.export(ScoreExporter.java:117)
	at org.audiveris.omr.score.ScoreExporter.export(ScoreExporter.java:91)
	at org.audiveris.omr.sheet.BasicBook.export(BasicBook.java:589)
	at org.audiveris.omr.CLI$ProcessingTask.processBook(CLI.java:785)
	at org.audiveris.omr.CLI$CliTask.call(CLI.java:344)
	at org.audiveris.omr.Main.runBatchTasks(Main.java:316)
	at org.audiveris.omr.Main.main(Main.java:155)
	at Audiveris.main(Audiveris.java:49)
2017-10-06 15:31:15,292 INFO [91387656]        ScoreExporter.java:93   | Score 91387656.mvt1 exported to /Users/stephenn/Documents/workspace/nlsomr/xml_out/91386487/91387656/91387656.mvt1.mxl
2017-10-06 15:31:15,294 WARN [91387656]      PartwiseBuilder.java:1379 | Error visiting null
java.lang.NullPointerException: null
	at org.audiveris.omr.score.PartwiseBuilder.processKey(PartwiseBuilder.java:1344)
	at org.audiveris.omr.score.PartwiseBuilder.processKeys(PartwiseBuilder.java:1407)
	at org.audiveris.omr.score.PartwiseBuilder.processMeasure(PartwiseBuilder.java:1575)
	at org.audiveris.omr.score.PartwiseBuilder.processPart(PartwiseBuilder.java:1988)
	at org.audiveris.omr.score.PartwiseBuilder.processSystem(PartwiseBuilder.java:2528)
	at org.audiveris.omr.score.PartwiseBuilder.processLogicalPart(PartwiseBuilder.java:1433)
	at org.audiveris.omr.score.PartwiseBuilder.processStub(PartwiseBuilder.java:2483)
	at org.audiveris.omr.score.PartwiseBuilder.processPartList(PartwiseBuilder.java:2017)
	at org.audiveris.omr.score.PartwiseBuilder.processScore(PartwiseBuilder.java:2195)
	at org.audiveris.omr.score.PartwiseBuilder.build(PartwiseBuilder.java:307)
	at org.audiveris.omr.score.ScoreExporter.export(ScoreExporter.java:117)
	at org.audiveris.omr.score.ScoreExporter.export(ScoreExporter.java:91)
	at org.audiveris.omr.sheet.BasicBook.export(BasicBook.java:589)
	at org.audiveris.omr.CLI$ProcessingTask.processBook(CLI.java:785)
	at org.audiveris.omr.CLI$CliTask.call(CLI.java:344)
	at org.audiveris.omr.Main.runBatchTasks(Main.java:316)
	at org.audiveris.omr.Main.main(Main.java:155)
	at Audiveris.main(Audiveris.java:49)
2017-10-06 15:31:15,319 INFO [91387656]        ScoreExporter.java:93   | Score 91387656.mvt2 exported to /Users/stephenn/Documents/workspace/nlsomr/xml_out/91386487/91387656/91387656.mvt2.mxl
2017-10-06 15:31:15,500 INFO [91387656]            BasicBook.java:1395 | Stored /book.xml
2017-10-06 15:31:15,501 INFO [91387656]            BasicBook.java:1355 | Book stored as /Users/stephenn/Documents/workspace/nlsomr/xml_out/91386487/91387656/91387656.omr
