2017-10-06 15:10:11,628 INFO [91387380]            BasicBook.java:427  | 1 sheet in /Users/stephenn/Documents/workspace/nlsomr/working/91387380.jpg
2017-10-06 15:10:11,789 INFO []            BasicBook.java:1395 | Stored /book.xml
2017-10-06 15:10:11,790 INFO []            BasicBook.java:1355 | Book stored as /Users/stephenn/Documents/workspace/nlsomr/xml_out/91386487/91387380/91387380.omr
2017-10-06 15:10:11,796 INFO []            BasicBook.java:996  | Book reaching PAGE on sheets:[#1]
2017-10-06 15:10:11,797 INFO [91387380]       StepMonitoring.java:96   | LOAD
2017-10-06 15:10:11,945 INFO [91387380]            BasicBook.java:911  | Loaded image 1 2000x3056 from /Users/stephenn/Documents/workspace/nlsomr/working/91387380.jpg
2017-10-06 15:10:11,949 INFO [91387380]            ImageUtil.java:82   | Converting max RGB to gray ...
2017-10-06 15:10:12,201 INFO [91387380]            BasicBook.java:1395 | Stored /book.xml
2017-10-06 15:10:12,534 INFO [91387380]           BasicSheet.java:979  | Stored /sheet#1/sheet#1.xml
2017-10-06 15:10:12,540 INFO [91387380]       StepMonitoring.java:96   | BINARY
2017-10-06 15:10:13,159 INFO [91387380]            BasicBook.java:1395 | Stored /book.xml
2017-10-06 15:10:13,422 INFO [91387380]              Picture.java:786  | Stored /sheet#1/BINARY.xml
2017-10-06 15:10:13,423 INFO [91387380]           BasicSheet.java:979  | Stored /sheet#1/sheet#1.xml
2017-10-06 15:10:13,425 INFO [91387380]       StepMonitoring.java:96   | SCALE
2017-10-06 15:10:13,465 INFO [91387380]            ScaleStep.java:87   | Scale{line(3,4,5) interline(16,16,17) beam(13)}
2017-10-06 15:10:13,467 INFO [91387380]            BasicBook.java:1395 | Stored /book.xml
2017-10-06 15:10:13,469 INFO [91387380]           BasicSheet.java:979  | Stored /sheet#1/sheet#1.xml
2017-10-06 15:10:13,471 INFO [91387380]       StepMonitoring.java:96   | GRID
2017-10-06 15:10:14,160 INFO [91387380]       LinesRetriever.java:442  | Global slope: -0.00351
2017-10-06 15:10:14,248 INFO [91387380]    ClustersRetriever.java:241  | Retrieved line clusters: 10 of size: 5 with interline: (16,16,17)
2017-10-06 15:10:14,788 INFO [91387380]            PeakGraph.java:181  | Systems: #1[1, 2] #2[3, 4] #3[5, 6] #4[7, 8] #5[9, 10]
2017-10-06 15:10:15,608 INFO [91387380]        SystemManager.java:626  | Indentation detected for system#2
2017-10-06 15:10:15,609 INFO [91387380]        SystemManager.java:671  | 2 pages found in sheet
2017-10-06 15:10:15,610 INFO [91387380]        SystemManager.java:709  | Page #1: 1 part along 1 system
2017-10-06 15:10:15,610 INFO [91387380]        SystemManager.java:709  | Page #2: 1 part along 4 systems
2017-10-06 15:10:15,615 INFO [91387380]            BasicBook.java:1395 | Stored /book.xml
2017-10-06 15:10:15,843 INFO [91387380]           BasicSheet.java:979  | Stored /sheet#1/sheet#1.xml
2017-10-06 15:10:15,846 INFO [91387380]       StepMonitoring.java:96   | HEADERS
2017-10-06 15:10:16,263 INFO []          Nd4jBackend.java:194  | Loaded [CpuBackend] backend
2017-10-06 15:10:16,325 INFO []      NativeOpsHolder.java:49   | Number of threads used for NativeOps: 2
2017-10-06 15:10:16,784 INFO [] DefaultOpExecutioner.java:544  | Backend used: [CPU]; OS: [Mac OS X]
2017-10-06 15:10:16,784 INFO [] DefaultOpExecutioner.java:545  | Cores: [4]; Memory: [3.6GB];
2017-10-06 15:10:16,784 INFO [] DefaultOpExecutioner.java:546  | Blas vendor: [OPENBLAS]
2017-10-06 15:10:16,819 INFO []   AbstractClassifier.java:332  | Classifier data loaded from default uri jar:file:/Users/stephenn/Documents/workspace/audiveris/build/distributions/Audiveris/lib/audiveris.jar!/res/basic-classifier.zip
2017-10-06 15:10:18,606 WARN [91387380]          ClefBuilder.java:560  | Staff#4 no header clef.
2017-10-06 15:10:18,907 WARN [91387380]          ClefBuilder.java:560  | Staff#6 no header clef.
2017-10-06 15:10:19,494 INFO [91387380]           KeyBuilder.java:746  | Staff#10 key slice#1 pitch adjusted from 2.1 to 0
2017-10-06 15:10:19,498 INFO [91387380]           KeyBuilder.java:746  | Staff#10 key slice#4 pitch adjusted from 0.3 to -2
2017-10-06 15:10:19,500 INFO [91387380]            BasicBook.java:1395 | Stored /book.xml
2017-10-06 15:10:19,903 INFO [91387380]           BasicSheet.java:979  | Stored /sheet#1/sheet#1.xml
2017-10-06 15:10:19,906 INFO [91387380]       StepMonitoring.java:96   | STEM_SEEDS
2017-10-06 15:10:19,934 INFO []   AbstractClassifier.java:332  | Classifier data loaded from default uri jar:file:/Users/stephenn/Documents/workspace/audiveris/build/distributions/Audiveris/lib/audiveris.jar!/res/deep-classifier.zip
2017-10-06 15:10:20,012 INFO [91387380]        StemSeedsStep.java:91   | stem(4 max:5)
2017-10-06 15:10:20,115 INFO [91387380]            BasicBook.java:1395 | Stored /book.xml
2017-10-06 15:10:20,451 INFO [91387380]           BasicSheet.java:979  | Stored /sheet#1/sheet#1.xml
2017-10-06 15:10:20,453 INFO [91387380]       StepMonitoring.java:96   | BEAMS
2017-10-06 15:10:25,326 INFO [91387380]            BeamsStep.java:89   | BeamDistance{count:1 mean:16.39}
2017-10-06 15:10:25,328 INFO [91387380]            BasicBook.java:1395 | Stored /book.xml
2017-10-06 15:10:25,393 INFO [91387380]              Picture.java:786  | Stored /sheet#1/HEAD_SPOTS.xml
2017-10-06 15:10:25,844 INFO [91387380]           BasicSheet.java:979  | Stored /sheet#1/sheet#1.xml
2017-10-06 15:10:25,847 INFO [91387380]       StepMonitoring.java:96   | LEDGERS
2017-10-06 15:10:26,277 INFO [91387380]            BasicBook.java:1395 | Stored /book.xml
2017-10-06 15:10:26,792 INFO [91387380]           BasicSheet.java:979  | Stored /sheet#1/sheet#1.xml
2017-10-06 15:10:26,794 INFO [91387380]       StepMonitoring.java:96   | HEADS
2017-10-06 15:10:29,160 INFO [91387380]            BasicBook.java:1395 | Stored /book.xml
2017-10-06 15:10:30,283 INFO [91387380]           BasicSheet.java:979  | Stored /sheet#1/sheet#1.xml
2017-10-06 15:10:30,285 INFO [91387380]       StepMonitoring.java:96   | STEMS
2017-10-06 15:10:33,162 INFO [91387380]            BasicBook.java:1395 | Stored /book.xml
2017-10-06 15:10:34,450 INFO [91387380]           BasicSheet.java:979  | Stored /sheet#1/sheet#1.xml
2017-10-06 15:10:34,452 INFO [91387380]       StepMonitoring.java:96   | REDUCTION
2017-10-06 15:10:34,918 INFO [91387380]            BasicBook.java:1395 | Stored /book.xml
2017-10-06 15:10:35,774 INFO [91387380]           BasicSheet.java:979  | Stored /sheet#1/sheet#1.xml
2017-10-06 15:10:35,776 INFO [91387380]       StepMonitoring.java:96   | CUE_BEAMS
2017-10-06 15:10:35,780 INFO [91387380]            BasicBook.java:1395 | Stored /book.xml
2017-10-06 15:10:36,641 INFO [91387380]           BasicSheet.java:979  | Stored /sheet#1/sheet#1.xml
2017-10-06 15:10:36,644 INFO [91387380]       StepMonitoring.java:96   | TEXTS
2017-10-06 15:10:38,504 INFO [91387380]            BasicBook.java:1395 | Stored /book.xml
2017-10-06 15:10:39,409 INFO [91387380]           BasicSheet.java:979  | Stored /sheet#1/sheet#1.xml
2017-10-06 15:10:39,412 INFO [91387380]       StepMonitoring.java:96   | MEASURES
2017-10-06 15:10:39,416 INFO [91387380]                 Page.java:210  | 4 raw measures: [4 in system#1]
2017-10-06 15:10:39,416 INFO [91387380]                 Page.java:210  | 18 raw measures: [4 in system#2, 5 in system#3, 5 in system#4, 4 in system#5]
2017-10-06 15:10:39,417 INFO [91387380]            BasicBook.java:1395 | Stored /book.xml
2017-10-06 15:10:40,293 INFO [91387380]           BasicSheet.java:979  | Stored /sheet#1/sheet#1.xml
2017-10-06 15:10:40,296 INFO [91387380]       StepMonitoring.java:96   | CHORDS
2017-10-06 15:10:40,313 INFO [91387380]            BasicBook.java:1395 | Stored /book.xml
2017-10-06 15:10:41,255 INFO [91387380]           BasicSheet.java:979  | Stored /sheet#1/sheet#1.xml
2017-10-06 15:10:41,257 INFO [91387380]       StepMonitoring.java:96   | CURVES
2017-10-06 15:10:42,676 INFO [91387380]         SlursBuilder.java:157  | Slurs: 24
2017-10-06 15:10:42,703 INFO [91387380]      SegmentsBuilder.java:113  | Segments: 29
2017-10-06 15:10:42,713 INFO [91387380]            BasicBook.java:1395 | Stored /book.xml
2017-10-06 15:10:43,806 INFO [91387380]           BasicSheet.java:979  | Stored /sheet#1/sheet#1.xml
2017-10-06 15:10:43,808 INFO [91387380]       StepMonitoring.java:96   | SYMBOLS
2017-10-06 15:10:46,508 INFO [91387380]            BasicBook.java:1395 | Stored /book.xml
2017-10-06 15:10:47,829 INFO [91387380]           BasicSheet.java:979  | Stored /sheet#1/sheet#1.xml
2017-10-06 15:10:47,831 INFO [91387380]       StepMonitoring.java:96   | LINKS
2017-10-06 15:10:47,843 INFO [91387380]        SymbolsLinker.java:323  | No chord above direction SentenceInter{#4685(0.657) s:3 BS-56 Direction} B1ddy Im not Jestmg.
2017-10-06 15:10:47,844 INFO [91387380]        SymbolsLinker.java:306  | No measure stack for direction SentenceInter{#4689(0.596) s:3 S-33 Direction} 138.
2017-10-06 15:10:47,877 INFO [91387380]            BasicBook.java:1395 | Stored /book.xml
2017-10-06 15:10:49,114 INFO [91387380]           BasicSheet.java:979  | Stored /sheet#1/sheet#1.xml
2017-10-06 15:10:49,117 INFO [91387380]       StepMonitoring.java:96   | RHYTHMS
2017-10-06 15:10:49,134 INFO [91387380]         SlotsBuilder.java:399  | Stack#3 suspicious Slot{#5 xOffset=287 timeOffset=1/2 incomings=[#4768]}
2017-10-06 15:10:49,142 INFO [91387380]           PageRhythm.java:314  | Range{1-4} Durations avgGuess:1/2 topGuess:1/2 avgValue:0.61 stacks:4 voices:8 Histogram{1/2-13/16 size:5 [1/2=3 9/16=1 5/8=2 3/4=1 13/16=1]}
2017-10-06 15:10:49,142 INFO [91387380]           PageRhythm.java:221  | S1 Range{1-4 dur:1/2} should update to 1/2-based time sig?
2017-10-06 15:10:49,144 INFO [91387380]         SlotsBuilder.java:427  | S1 MeasureStack#1 Slot{#5 xOffset=369 timeOffset=1/2 incomings=[#4739] SUSPICIOUS}
2017-10-06 15:10:49,145 INFO [91387380]                Voice.java:257  | S1 MeasureStack#1 Voice #1 too long 1/2
2017-10-06 15:10:49,146 INFO [91387380]                Voice.java:257  | S1 MeasureStack#1 Voice #2 too long 5/16
2017-10-06 15:10:49,146 INFO [91387380]           StackTuner.java:92   | S1 MeasureStack#1 no correct rhythm
2017-10-06 15:10:49,148 INFO [91387380]         SlotsBuilder.java:427  | S1 MeasureStack#2 Slot{#7 xOffset=348 timeOffset=3/4 incomings=[#4743] SUSPICIOUS}
2017-10-06 15:10:49,148 INFO [91387380]                Voice.java:257  | S1 MeasureStack#2 Voice #1 too long 1/2
2017-10-06 15:10:49,149 INFO [91387380]                Voice.java:257  | S1 MeasureStack#2 Voice #2 too long 5/16
2017-10-06 15:10:49,149 INFO [91387380]           StackTuner.java:92   | S1 MeasureStack#2 no correct rhythm
2017-10-06 15:10:49,151 INFO [91387380]         SlotsBuilder.java:427  | S1 MeasureStack#3 Slot{#8 xOffset=365 timeOffset=5/8 incomings=[#4769] SUSPICIOUS}
2017-10-06 15:10:49,152 INFO [91387380]                Voice.java:257  | S1 MeasureStack#3 Voice #1 too long 3/16
2017-10-06 15:10:49,152 INFO [91387380]                Voice.java:257  | S1 MeasureStack#3 Voice #2 too long 1/4
2017-10-06 15:10:49,152 INFO [91387380]           StackTuner.java:92   | S1 MeasureStack#3 no correct rhythm
2017-10-06 15:10:49,153 INFO [91387380]                Voice.java:257  | S1 MeasureStack#4 Voice #1 too long 1/8
2017-10-06 15:10:49,153 INFO [91387380]           StackTuner.java:92   | S1 MeasureStack#4 no correct rhythm
2017-10-06 15:10:49,164 INFO [91387380]         SlotsBuilder.java:399  | Stack#6 suspicious Slot{#2 xOffset=81 timeOffset=1/8 incomings=[#4821]}
2017-10-06 15:10:49,181 INFO [91387380]           PageRhythm.java:314  | Range{1-18} Durations avgGuess:1 topGuess:1 avgValue:0.97 stacks:18 voices:47 Histogram{1/4-11/8 size:10 [1/4=2 3/8=1 1/2=2 5/8=2 3/4=5 7/8=4 1=23 9/8=1 5/4=6 11/8=1]}
2017-10-06 15:10:49,182 INFO [91387380]           PageRhythm.java:221  | S2 Range{1-18 dur:1} should update to 1-based time sig?
2017-10-06 15:10:49,182 INFO [91387380]                Voice.java:257  | S2 MeasureStack#1 Voice #1 too long 1/4
2017-10-06 15:10:49,183 INFO [91387380]           StackTuner.java:92   | S2 MeasureStack#1 no correct rhythm
2017-10-06 15:10:49,190 INFO [91387380]                Voice.java:257  | S3 MeasureStack#5 Voice #1 too long 1/4
2017-10-06 15:10:49,190 INFO [91387380]           StackTuner.java:92   | S3 MeasureStack#5 no correct rhythm
2017-10-06 15:10:49,192 INFO [91387380]         SlotsBuilder.java:434  | Stack#6 endless loop detected
2017-10-06 15:10:49,198 INFO [91387380]                Voice.java:257  | S3 MeasureStack#8 Voice #1 too long 3/8
2017-10-06 15:10:49,198 INFO [91387380]                Voice.java:257  | S3 MeasureStack#8 Voice #2 too long 1/4
2017-10-06 15:10:49,198 INFO [91387380]                Voice.java:257  | S3 MeasureStack#8 Voice #3 too long 1/4
2017-10-06 15:10:49,204 INFO [91387380]                Voice.java:257  | S3 MeasureStack#8 Voice #4 too long 1/4
2017-10-06 15:10:49,204 INFO [91387380]           StackTuner.java:92   | S3 MeasureStack#8 no correct rhythm
2017-10-06 15:10:49,206 INFO [91387380]         SlotsBuilder.java:427  | S4 MeasureStack#11 Slot{#7 xOffset=266 timeOffset=1 incomings=[#4900] SUSPICIOUS}
2017-10-06 15:10:49,207 INFO [91387380]                Voice.java:257  | S4 MeasureStack#11 Voice #1 too long 1/8
2017-10-06 15:10:49,207 INFO [91387380]                Voice.java:257  | S4 MeasureStack#11 Voice #2 too long 1/4
2017-10-06 15:10:49,207 INFO [91387380]           StackTuner.java:92   | S4 MeasureStack#11 no correct rhythm
2017-10-06 15:10:49,210 INFO [91387380]         SlotsBuilder.java:427  | S4 MeasureStack#13 Slot{#6 xOffset=213 timeOffset=5/8 incomings=[#4907] SUSPICIOUS}
2017-10-06 15:10:49,210 INFO [91387380]         SlotsBuilder.java:427  | S4 MeasureStack#13 Slot{#9 xOffset=298 timeOffset=7/8 incomings=[#4908] SUSPICIOUS}
2017-10-06 15:10:49,211 INFO [91387380]                Voice.java:257  | S4 MeasureStack#13 Voice #2 too long 1/8
2017-10-06 15:10:49,211 INFO [91387380]           StackTuner.java:92   | S4 MeasureStack#13 no correct rhythm
2017-10-06 15:10:49,216 INFO [91387380]                Voice.java:257  | S4 MeasureStack#14 Voice #1 too long 1/4
2017-10-06 15:10:49,216 INFO [91387380]           StackTuner.java:92   | S4 MeasureStack#14 no correct rhythm
2017-10-06 15:10:49,218 INFO [91387380]         SlotsBuilder.java:427  | S5 MeasureStack#15 Slot{#7 xOffset=486 timeOffset=7/8 incomings=[#4944] SUSPICIOUS}
2017-10-06 15:10:49,218 INFO [91387380]         SlotsBuilder.java:427  | S5 MeasureStack#15 Slot{#9 xOffset=534 timeOffset=1 incomings=[#4945] SUSPICIOUS}
2017-10-06 15:10:49,219 INFO [91387380]                Voice.java:257  | S5 MeasureStack#15 Voice #3 too long 1/8
2017-10-06 15:10:49,219 INFO [91387380]           StackTuner.java:92   | S5 MeasureStack#15 no correct rhythm
2017-10-06 15:10:49,220 INFO [91387380]         SlotsBuilder.java:427  | S5 MeasureStack#16 Slot{#7 xOffset=302 timeOffset=7/8 incomings=[#4949] SUSPICIOUS}
2017-10-06 15:10:49,221 INFO [91387380]                Voice.java:257  | S5 MeasureStack#16 Voice #3 too long 1/8
2017-10-06 15:10:49,221 INFO [91387380]           StackTuner.java:92   | S5 MeasureStack#16 no correct rhythm
2017-10-06 15:10:49,229 INFO [91387380]            BasicBook.java:1395 | Stored /book.xml
2017-10-06 15:10:50,533 INFO [91387380]           BasicSheet.java:979  | Stored /sheet#1/sheet#1.xml
2017-10-06 15:10:50,535 INFO [91387380]       StepMonitoring.java:96   | PAGE
2017-10-06 15:10:50,542 INFO [91387380]                Voice.java:257  | S1 MeasureStack#1 Voice #1 too long 1/2
2017-10-06 15:10:50,542 INFO [91387380]                Voice.java:257  | S1 MeasureStack#1 Voice #2 too long 5/16
2017-10-06 15:10:50,542 INFO [91387380]                Voice.java:257  | S1 MeasureStack#2 Voice #1 too long 1/2
2017-10-06 15:10:50,543 INFO [91387380]                Voice.java:257  | S1 MeasureStack#2 Voice #2 too long 5/16
2017-10-06 15:10:50,543 INFO [91387380]                Voice.java:257  | S1 MeasureStack#3 Voice #1 too long 3/16
2017-10-06 15:10:50,543 INFO [91387380]                Voice.java:257  | S1 MeasureStack#3 Voice #2 too long 1/4
2017-10-06 15:10:50,543 INFO [91387380]                Voice.java:257  | S1 MeasureStack#4 Voice #1 too long 1/8
2017-10-06 15:10:50,544 INFO [91387380]                Voice.java:257  | S2 MeasureStack#1 Voice #1 too long 1/4
2017-10-06 15:10:50,544 INFO [91387380]                Voice.java:257  | S3 MeasureStack#5 Voice #1 too long 1/4
2017-10-06 15:10:50,545 INFO [91387380]                Voice.java:257  | S3 MeasureStack#8 Voice #1 too long 3/8
2017-10-06 15:10:50,545 INFO [91387380]                Voice.java:257  | S3 MeasureStack#8 Voice #2 too long 1/4
2017-10-06 15:10:50,545 INFO [91387380]                Voice.java:257  | S3 MeasureStack#8 Voice #3 too long 1/4
2017-10-06 15:10:50,545 INFO [91387380]                Voice.java:257  | S3 MeasureStack#8 Voice #4 too long 1/4
2017-10-06 15:10:50,546 INFO [91387380]                Voice.java:257  | S4 MeasureStack#11 Voice #1 too long 1/8
2017-10-06 15:10:50,547 INFO [91387380]                Voice.java:257  | S4 MeasureStack#11 Voice #2 too long 1/4
2017-10-06 15:10:50,547 INFO [91387380]                Voice.java:257  | S4 MeasureStack#13 Voice #2 too long 1/8
2017-10-06 15:10:50,547 INFO [91387380]                Voice.java:257  | S4 MeasureStack#14 Voice #1 too long 1/4
2017-10-06 15:10:50,547 INFO [91387380]                Voice.java:257  | S5 MeasureStack#15 Voice #3 too long 1/8
2017-10-06 15:10:50,547 INFO [91387380]                Voice.java:257  | S5 MeasureStack#16 Voice #3 too long 1/8
2017-10-06 15:10:50,549 INFO [91387380]            BasicBook.java:1395 | Stored /book.xml
2017-10-06 15:10:51,892 INFO [91387380]           BasicSheet.java:979  | Stored /sheet#1/sheet#1.xml
2017-10-06 15:10:51,894 INFO [91387380]            BasicStub.java:723  | Sheet{91387380} disposed
2017-10-06 15:10:52,899 INFO [91387380]            BasicStub.java:449  | Loaded /sheet#1/sheet#1.xml
2017-10-06 15:10:52,901 INFO [91387380]            BasicBook.java:1133 | Scores built: 2
2017-10-06 15:10:53,973 INFO [91387380]        ScoreExporter.java:93   | Score 91387380.mvt1 exported to /Users/stephenn/Documents/workspace/nlsomr/xml_out/91386487/91387380/91387380.mvt1.mxl
2017-10-06 15:10:53,976 WARN [91387380]      PartwiseBuilder.java:1379 | Error visiting null
java.lang.NullPointerException: null
	at org.audiveris.omr.score.PartwiseBuilder.processKey(PartwiseBuilder.java:1344)
	at org.audiveris.omr.score.PartwiseBuilder.processKeys(PartwiseBuilder.java:1407)
	at org.audiveris.omr.score.PartwiseBuilder.processMeasure(PartwiseBuilder.java:1575)
	at org.audiveris.omr.score.PartwiseBuilder.processPart(PartwiseBuilder.java:1988)
	at org.audiveris.omr.score.PartwiseBuilder.processSystem(PartwiseBuilder.java:2528)
	at org.audiveris.omr.score.PartwiseBuilder.processLogicalPart(PartwiseBuilder.java:1433)
	at org.audiveris.omr.score.PartwiseBuilder.processStub(PartwiseBuilder.java:2483)
	at org.audiveris.omr.score.PartwiseBuilder.processPartList(PartwiseBuilder.java:2017)
	at org.audiveris.omr.score.PartwiseBuilder.processScore(PartwiseBuilder.java:2195)
	at org.audiveris.omr.score.PartwiseBuilder.build(PartwiseBuilder.java:307)
	at org.audiveris.omr.score.ScoreExporter.export(ScoreExporter.java:117)
	at org.audiveris.omr.score.ScoreExporter.export(ScoreExporter.java:91)
	at org.audiveris.omr.sheet.BasicBook.export(BasicBook.java:589)
	at org.audiveris.omr.CLI$ProcessingTask.processBook(CLI.java:785)
	at org.audiveris.omr.CLI$CliTask.call(CLI.java:344)
	at org.audiveris.omr.Main.runBatchTasks(Main.java:316)
	at org.audiveris.omr.Main.main(Main.java:155)
	at Audiveris.main(Audiveris.java:49)
2017-10-06 15:10:53,983 WARN [91387380]      PartwiseBuilder.java:1379 | Error visiting null
java.lang.NullPointerException: null
	at org.audiveris.omr.score.PartwiseBuilder.processKey(PartwiseBuilder.java:1344)
	at org.audiveris.omr.score.PartwiseBuilder.processKeys(PartwiseBuilder.java:1407)
	at org.audiveris.omr.score.PartwiseBuilder.processMeasure(PartwiseBuilder.java:1575)
	at org.audiveris.omr.score.PartwiseBuilder.processPart(PartwiseBuilder.java:1988)
	at org.audiveris.omr.score.PartwiseBuilder.processSystem(PartwiseBuilder.java:2528)
	at org.audiveris.omr.score.PartwiseBuilder.processLogicalPart(PartwiseBuilder.java:1433)
	at org.audiveris.omr.score.PartwiseBuilder.processStub(PartwiseBuilder.java:2483)
	at org.audiveris.omr.score.PartwiseBuilder.processPartList(PartwiseBuilder.java:2017)
	at org.audiveris.omr.score.PartwiseBuilder.processScore(PartwiseBuilder.java:2195)
	at org.audiveris.omr.score.PartwiseBuilder.build(PartwiseBuilder.java:307)
	at org.audiveris.omr.score.ScoreExporter.export(ScoreExporter.java:117)
	at org.audiveris.omr.score.ScoreExporter.export(ScoreExporter.java:91)
	at org.audiveris.omr.sheet.BasicBook.export(BasicBook.java:589)
	at org.audiveris.omr.CLI$ProcessingTask.processBook(CLI.java:785)
	at org.audiveris.omr.CLI$CliTask.call(CLI.java:344)
	at org.audiveris.omr.Main.runBatchTasks(Main.java:316)
	at org.audiveris.omr.Main.main(Main.java:155)
	at Audiveris.main(Audiveris.java:49)
2017-10-06 15:10:54,032 INFO [91387380]        ScoreExporter.java:93   | Score 91387380.mvt2 exported to /Users/stephenn/Documents/workspace/nlsomr/xml_out/91386487/91387380/91387380.mvt2.mxl
2017-10-06 15:10:54,189 INFO [91387380]            BasicBook.java:1395 | Stored /book.xml
2017-10-06 15:10:54,189 INFO [91387380]            BasicBook.java:1355 | Book stored as /Users/stephenn/Documents/workspace/nlsomr/xml_out/91386487/91387380/91387380.omr
