2017-10-06 14:52:39,528 INFO [91387140]            BasicBook.java:427  | 1 sheet in /Users/stephenn/Documents/workspace/nlsomr/working/91387140.jpg
2017-10-06 14:52:39,714 INFO []            BasicBook.java:1395 | Stored /book.xml
2017-10-06 14:52:39,715 INFO []            BasicBook.java:1355 | Book stored as /Users/stephenn/Documents/workspace/nlsomr/xml_out/91386487/91387140/91387140.omr
2017-10-06 14:52:39,721 INFO []            BasicBook.java:996  | Book reaching PAGE on sheets:[#1]
2017-10-06 14:52:39,723 INFO [91387140]       StepMonitoring.java:96   | LOAD
2017-10-06 14:52:39,873 INFO [91387140]            BasicBook.java:911  | Loaded image 1 2000x3056 from /Users/stephenn/Documents/workspace/nlsomr/working/91387140.jpg
2017-10-06 14:52:39,876 INFO [91387140]            ImageUtil.java:82   | Converting max RGB to gray ...
2017-10-06 14:52:40,118 INFO [91387140]            BasicBook.java:1395 | Stored /book.xml
2017-10-06 14:52:40,479 INFO [91387140]           BasicSheet.java:979  | Stored /sheet#1/sheet#1.xml
2017-10-06 14:52:40,481 INFO [91387140]       StepMonitoring.java:96   | BINARY
2017-10-06 14:52:41,086 INFO [91387140]            BasicBook.java:1395 | Stored /book.xml
2017-10-06 14:52:41,452 INFO [91387140]              Picture.java:786  | Stored /sheet#1/BINARY.xml
2017-10-06 14:52:41,454 INFO [91387140]           BasicSheet.java:979  | Stored /sheet#1/sheet#1.xml
2017-10-06 14:52:41,456 INFO [91387140]       StepMonitoring.java:96   | SCALE
2017-10-06 14:52:41,500 INFO [91387140]            ScaleStep.java:87   | Scale{line(3,4,5) interline(16,16,17) beam(12)}
2017-10-06 14:52:41,502 INFO [91387140]            BasicBook.java:1395 | Stored /book.xml
2017-10-06 14:52:41,504 INFO [91387140]           BasicSheet.java:979  | Stored /sheet#1/sheet#1.xml
2017-10-06 14:52:41,506 INFO [91387140]       StepMonitoring.java:96   | GRID
2017-10-06 14:52:42,306 INFO [91387140]       LinesRetriever.java:442  | Global slope: 0.00277
2017-10-06 14:52:42,391 INFO [91387140]    ClustersRetriever.java:819  | Pairing clusters CC452 & CC531
2017-10-06 14:52:42,398 INFO [91387140]    ClustersRetriever.java:241  | Retrieved line clusters: 10 of size: 5 with interline: (16,16,17)
2017-10-06 14:52:42,890 INFO [91387140]            PeakGraph.java:181  | Systems: #1[1, 2] #2[3, 4] #3[5, 6] #4[7, 8] #5[9, 10]
2017-10-06 14:52:43,766 INFO [91387140]        SystemManager.java:626  | Indentation detected for system#4
2017-10-06 14:52:43,766 INFO [91387140]        SystemManager.java:671  | 2 pages found in sheet
2017-10-06 14:52:43,767 INFO [91387140]        SystemManager.java:709  | Page #1: 1 part along 3 systems
2017-10-06 14:52:43,767 INFO [91387140]        SystemManager.java:709  | Page #2: 1 part along 2 systems
2017-10-06 14:52:43,771 INFO [91387140]            BasicBook.java:1395 | Stored /book.xml
2017-10-06 14:52:43,987 INFO [91387140]           BasicSheet.java:979  | Stored /sheet#1/sheet#1.xml
2017-10-06 14:52:43,990 INFO [91387140]       StepMonitoring.java:96   | HEADERS
2017-10-06 14:52:44,434 INFO [91387140]          Nd4jBackend.java:194  | Loaded [CpuBackend] backend
2017-10-06 14:52:44,499 INFO [91387140]      NativeOpsHolder.java:49   | Number of threads used for NativeOps: 2
2017-10-06 14:52:44,996 INFO [91387140] DefaultOpExecutioner.java:544  | Backend used: [CPU]; OS: [Mac OS X]
2017-10-06 14:52:44,996 INFO [91387140] DefaultOpExecutioner.java:545  | Cores: [4]; Memory: [3.6GB];
2017-10-06 14:52:44,996 INFO [91387140] DefaultOpExecutioner.java:546  | Blas vendor: [OPENBLAS]
2017-10-06 14:52:45,077 INFO [91387140]   AbstractClassifier.java:332  | Classifier data loaded from default uri jar:file:/Users/stephenn/Documents/workspace/audiveris/build/distributions/Audiveris/lib/audiveris.jar!/res/basic-classifier.zip
2017-10-06 14:52:46,747 WARN [91387140]          ClefBuilder.java:560  | Staff#2 no header clef.
2017-10-06 14:52:47,005 WARN [91387140]          ClefBuilder.java:560  | Staff#4 no header clef.
2017-10-06 14:52:47,158 WARN [91387140]          ClefBuilder.java:560  | Staff#6 no header clef.
2017-10-06 14:52:47,319 WARN [91387140]          ClefBuilder.java:560  | Staff#8 no header clef.
2017-10-06 14:52:47,584 WARN [91387140]          ClefBuilder.java:560  | Staff#10 no header clef.
2017-10-06 14:52:47,592 INFO [91387140]            BasicBook.java:1395 | Stored /book.xml
2017-10-06 14:52:47,864 INFO [91387140]           BasicSheet.java:979  | Stored /sheet#1/sheet#1.xml
2017-10-06 14:52:47,867 INFO [91387140]       StepMonitoring.java:96   | STEM_SEEDS
2017-10-06 14:52:47,987 INFO [91387140]        StemSeedsStep.java:91   | stem(4 max:4)
2017-10-06 14:52:48,142 INFO [91387140]            BasicBook.java:1395 | Stored /book.xml
2017-10-06 14:52:48,351 INFO []   AbstractClassifier.java:332  | Classifier data loaded from default uri jar:file:/Users/stephenn/Documents/workspace/audiveris/build/distributions/Audiveris/lib/audiveris.jar!/res/deep-classifier.zip
2017-10-06 14:52:48,424 INFO [91387140]           BasicSheet.java:979  | Stored /sheet#1/sheet#1.xml
2017-10-06 14:52:48,427 INFO [91387140]       StepMonitoring.java:96   | BEAMS
2017-10-06 14:52:52,911 INFO [91387140]            BeamsStep.java:89   | BeamDistance{count:39 mean:13.95 stdDev:3.31}
2017-10-06 14:52:52,914 INFO [91387140]            BasicBook.java:1395 | Stored /book.xml
2017-10-06 14:52:52,990 INFO [91387140]              Picture.java:786  | Stored /sheet#1/HEAD_SPOTS.xml
2017-10-06 14:52:53,365 INFO [91387140]           BasicSheet.java:979  | Stored /sheet#1/sheet#1.xml
2017-10-06 14:52:53,367 INFO [91387140]       StepMonitoring.java:96   | LEDGERS
2017-10-06 14:52:53,902 INFO [91387140]            BasicBook.java:1395 | Stored /book.xml
2017-10-06 14:52:54,318 INFO [91387140]           BasicSheet.java:979  | Stored /sheet#1/sheet#1.xml
2017-10-06 14:52:54,321 INFO [91387140]       StepMonitoring.java:96   | HEADS
2017-10-06 14:52:56,815 INFO [91387140]            BasicBook.java:1395 | Stored /book.xml
2017-10-06 14:52:57,658 INFO [91387140]           BasicSheet.java:979  | Stored /sheet#1/sheet#1.xml
2017-10-06 14:52:57,664 INFO [91387140]       StepMonitoring.java:96   | STEMS
2017-10-06 14:52:59,739 INFO [91387140]            BasicBook.java:1395 | Stored /book.xml
2017-10-06 14:53:01,107 INFO [91387140]           BasicSheet.java:979  | Stored /sheet#1/sheet#1.xml
2017-10-06 14:53:01,110 INFO [91387140]       StepMonitoring.java:96   | REDUCTION
2017-10-06 14:53:02,238 INFO [91387140]            BasicBook.java:1395 | Stored /book.xml
2017-10-06 14:53:03,005 INFO [91387140]           BasicSheet.java:979  | Stored /sheet#1/sheet#1.xml
2017-10-06 14:53:03,007 INFO [91387140]       StepMonitoring.java:96   | CUE_BEAMS
2017-10-06 14:53:03,018 INFO [91387140]         BeamsBuilder.java:2012 | Mixed or unknown direction in cue area CueAggregate{S1A1 bounds:java.awt.Rectangle[x=423,y=440,width=20,height=98] HeadInter{#2649(0.523/0.792) s:2 p:-3.00 NOTEHEAD_BLACK_SMALL}+StemInter{#5572(0.770/0.941)} HeadInter{#2655(0.519/0.791) s:2 p:-1.00 NOTEHEAD_BLACK_SMALL}+StemInter{#5572(0.770/0.941)}}
2017-10-06 14:53:03,020 INFO [91387140]            BasicBook.java:1395 | Stored /book.xml
2017-10-06 14:53:03,755 INFO [91387140]           BasicSheet.java:979  | Stored /sheet#1/sheet#1.xml
2017-10-06 14:53:03,757 INFO [91387140]       StepMonitoring.java:96   | TEXTS
2017-10-06 14:53:05,298 INFO [91387140]            BasicBook.java:1395 | Stored /book.xml
2017-10-06 14:53:06,110 INFO [91387140]           BasicSheet.java:979  | Stored /sheet#1/sheet#1.xml
2017-10-06 14:53:06,113 INFO [91387140]       StepMonitoring.java:96   | MEASURES
2017-10-06 14:53:06,118 INFO [91387140]                 Page.java:210  | 15 raw measures: [5 in system#1, 5 in system#2, 5 in system#3]
2017-10-06 14:53:06,119 INFO [91387140]                 Page.java:210  | 9 raw measures: [5 in system#4, 4 in system#5]
2017-10-06 14:53:06,121 INFO [91387140]            BasicBook.java:1395 | Stored /book.xml
2017-10-06 14:53:06,881 INFO [91387140]           BasicSheet.java:979  | Stored /sheet#1/sheet#1.xml
2017-10-06 14:53:06,885 INFO [91387140]       StepMonitoring.java:96   | CHORDS
2017-10-06 14:53:06,889 INFO [91387140]        ChordsBuilder.java:249  | Deleting StemInter{#5590(0.551/0.737)} on RIGHT side of HeadInter{#2611(0.642/0.870) s:2 p:-9.00 NOTEHEAD_BLACK}
2017-10-06 14:53:06,893 INFO [91387140]        ChordsBuilder.java:249  | Deleting StemInter{#5673(0.636/0.799)} on RIGHT side of HeadInter{#2761(0.641/0.879) s:3 p:-4.00 NOTEHEAD_BLACK}
2017-10-06 14:53:06,903 INFO [91387140]            BasicBook.java:1395 | Stored /book.xml
2017-10-06 14:53:07,726 INFO [91387140]           BasicSheet.java:979  | Stored /sheet#1/sheet#1.xml
2017-10-06 14:53:07,728 INFO [91387140]       StepMonitoring.java:96   | CURVES
2017-10-06 14:53:09,371 INFO [91387140]         SlursBuilder.java:157  | Slurs: 18
2017-10-06 14:53:09,390 INFO [91387140]      SegmentsBuilder.java:113  | Segments: 19
2017-10-06 14:53:09,397 INFO [91387140]            BasicBook.java:1395 | Stored /book.xml
2017-10-06 14:53:10,192 INFO [91387140]           BasicSheet.java:979  | Stored /sheet#1/sheet#1.xml
2017-10-06 14:53:10,195 INFO [91387140]       StepMonitoring.java:96   | SYMBOLS
2017-10-06 14:53:12,567 INFO [91387140]            BasicBook.java:1395 | Stored /book.xml
2017-10-06 14:53:13,388 INFO [91387140]           BasicSheet.java:979  | Stored /sheet#1/sheet#1.xml
2017-10-06 14:53:13,390 INFO [91387140]       StepMonitoring.java:96   | LINKS
2017-10-06 14:53:13,411 INFO [91387140]        SymbolsLinker.java:306  | No measure stack for direction SentenceInter{#5973(0.660) s:7 S-36 Direction} J 60-
2017-10-06 14:53:13,411 INFO [91387140]        SymbolsLinker.java:306  | No measure stack for direction SentenceInter{#5991(0.608) s:8 BI-27 Direction} espress.
2017-10-06 14:53:13,440 INFO [91387140]            BasicBook.java:1395 | Stored /book.xml
2017-10-06 14:53:14,273 INFO [91387140]           BasicSheet.java:979  | Stored /sheet#1/sheet#1.xml
2017-10-06 14:53:14,275 INFO [91387140]       StepMonitoring.java:96   | RHYTHMS
2017-10-06 14:53:14,308 INFO [91387140]           PageRhythm.java:314  | Range{1-15} Durations avgGuess:1/2 topGuess:1/2 avgValue:0.53 stacks:15 voices:31 Histogram{1/4-23/32 size:8 [1/4=2 5/16=1 7/16=1 1/2=21 17/32=1 9/16=1 5/8=3 23/32=1]}
2017-10-06 14:53:14,309 INFO [91387140]           PageRhythm.java:221  | S1 Range{1-15 dur:1/2} should update to 1/2-based time sig?
2017-10-06 14:53:14,318 INFO [91387140]                Voice.java:257  | S1 MeasureStack#5 Voice #2 too long 1/8
2017-10-06 14:53:14,318 INFO [91387140]           StackTuner.java:92   | S1 MeasureStack#5 no correct rhythm
2017-10-06 14:53:14,322 INFO [91387140]                Voice.java:257  | S2 MeasureStack#7 Voice #1 too long 7/32
2017-10-06 14:53:14,322 INFO [91387140]                Voice.java:257  | S2 MeasureStack#7 Voice #2 too long 1/8
2017-10-06 14:53:14,322 INFO [91387140]           StackTuner.java:92   | S2 MeasureStack#7 no correct rhythm
2017-10-06 14:53:14,323 INFO [91387140]                Voice.java:257  | S2 MeasureStack#8 Voice #1 too long 1/32
2017-10-06 14:53:14,323 INFO [91387140]           StackTuner.java:92   | S2 MeasureStack#8 no correct rhythm
2017-10-06 14:53:14,324 INFO [91387140]         SlotsBuilder.java:427  | S2 MeasureStack#9 Slot{#4 xOffset=166 timeOffset=5/16 incomings=[#6071] SUSPICIOUS}
2017-10-06 14:53:14,325 INFO [91387140]                Voice.java:257  | S2 MeasureStack#9 Voice #1 too long 1/16
2017-10-06 14:53:14,325 INFO [91387140]                Voice.java:257  | S2 MeasureStack#9 Voice #2 too long 1/8
2017-10-06 14:53:14,326 INFO [91387140]           StackTuner.java:92   | S2 MeasureStack#9 no correct rhythm
2017-10-06 14:53:14,329 INFO [91387140]                Voice.java:257  | S3 MeasureStack#13 Voice #1 too long 1/16
2017-10-06 14:53:14,330 INFO [91387140]           StackTuner.java:92   | S3 MeasureStack#13 no correct rhythm
2017-10-06 14:53:14,336 INFO [91387140]         SlotsBuilder.java:399  | Stack#2 suspicious Slot{#2 xOffset=71 timeOffset=3/16 incomings=[#6155]}
2017-10-06 14:53:14,341 INFO [91387140]         SlotsBuilder.java:434  | Stack#5 endless loop detected
2017-10-06 14:53:14,345 INFO [91387140]         SlotsBuilder.java:399  | Stack#8 suspicious Slot{#2 xOffset=113 timeOffset=1/8 incomings=[#6216]}
2017-10-06 14:53:14,346 INFO [91387140]           PageRhythm.java:314  | Range{1-9 ts:3/4} Durations avgGuess:3/4 topGuess:3/4 avgValue:0.69 stacks:9 voices:24 Histogram{1/8-3/4 size:8 [1/8=1 3/16=1 1/4=5 5/16=2 3/8=4 1/2=2 5/8=1 3/4=8]}
2017-10-06 14:53:14,349 INFO [91387140]         SlotsBuilder.java:427  | S4 MeasureStack#2 Slot{#5 xOffset=132 timeOffset=5/16 incomings=[#6156] SUSPICIOUS}
2017-10-06 14:53:14,350 INFO [91387140]         SlotsBuilder.java:427  | S4 MeasureStack#2 Slot{#8 xOffset=195 timeOffset=7/16 incomings=[#6157] SUSPICIOUS}
2017-10-06 14:53:14,351 INFO [91387140]         SlotsBuilder.java:427  | S4 MeasureStack#2 Slot{#11 xOffset=256 timeOffset=9/16 incomings=[#6158] SUSPICIOUS}
2017-10-06 14:53:14,351 INFO [91387140]         SlotsBuilder.java:427  | S4 MeasureStack#2 Slot{#13 xOffset=303 timeOffset=11/16 incomings=[#6159] SUSPICIOUS}
2017-10-06 14:53:14,351 INFO [91387140]                Voice.java:257  | S4 MeasureStack#2 Voice #2 too long 1/16
2017-10-06 14:53:14,352 INFO [91387140]           StackTuner.java:92   | S4 MeasureStack#2 no correct rhythm
2017-10-06 14:53:14,356 INFO [91387140]         SlotsBuilder.java:434  | Stack#5 endless loop detected
2017-10-06 14:53:14,366 INFO [91387140]         SlotsBuilder.java:427  | S5 MeasureStack#8 Slot{#5 xOffset=209 timeOffset=1/4 incomings=[#6217] SUSPICIOUS}
2017-10-06 14:53:14,368 INFO [91387140]         SlotsBuilder.java:427  | S5 MeasureStack#8 Slot{#7 xOffset=282 timeOffset=3/8 incomings=[#6218] SUSPICIOUS}
2017-10-06 14:53:14,369 INFO [91387140]         SlotsBuilder.java:427  | S5 MeasureStack#8 Slot{#10 xOffset=379 timeOffset=9/16 incomings=[#6219] SUSPICIOUS}
2017-10-06 14:53:14,369 INFO [91387140]         SlotsBuilder.java:427  | S5 MeasureStack#8 Slot{#12 xOffset=453 timeOffset=11/16 incomings=[#6220] SUSPICIOUS}
2017-10-06 14:53:14,370 INFO [91387140]                Voice.java:257  | S5 MeasureStack#8 Voice #4 too long 1/16
2017-10-06 14:53:14,370 INFO [91387140]           StackTuner.java:92   | S5 MeasureStack#8 no correct rhythm
2017-10-06 14:53:14,373 INFO [91387140]            BasicBook.java:1395 | Stored /book.xml
2017-10-06 14:53:15,275 INFO [91387140]           BasicSheet.java:979  | Stored /sheet#1/sheet#1.xml
2017-10-06 14:53:15,278 INFO [91387140]       StepMonitoring.java:96   | PAGE
2017-10-06 14:53:15,282 INFO [91387140]                Voice.java:257  | S1 MeasureStack#5 Voice #2 too long 1/8
2017-10-06 14:53:15,283 INFO [91387140]                Voice.java:257  | S2 MeasureStack#7 Voice #1 too long 7/32
2017-10-06 14:53:15,283 INFO [91387140]                Voice.java:257  | S2 MeasureStack#7 Voice #2 too long 1/8
2017-10-06 14:53:15,284 INFO [91387140]                Voice.java:257  | S2 MeasureStack#8 Voice #1 too long 1/32
2017-10-06 14:53:15,284 INFO [91387140]                Voice.java:257  | S2 MeasureStack#9 Voice #1 too long 1/16
2017-10-06 14:53:15,284 INFO [91387140]                Voice.java:257  | S2 MeasureStack#9 Voice #2 too long 1/8
2017-10-06 14:53:15,285 INFO [91387140]                Voice.java:257  | S3 MeasureStack#13 Voice #1 too long 1/16
2017-10-06 14:53:15,285 INFO [91387140]                Voice.java:257  | S4 MeasureStack#2 Voice #2 too long 1/16
2017-10-06 14:53:15,286 INFO [91387140]                Voice.java:257  | S5 MeasureStack#8 Voice #4 too long 1/16
2017-10-06 14:53:15,288 INFO [91387140]            BasicBook.java:1395 | Stored /book.xml
2017-10-06 14:53:16,203 INFO [91387140]           BasicSheet.java:979  | Stored /sheet#1/sheet#1.xml
2017-10-06 14:53:16,206 INFO [91387140]            BasicStub.java:723  | Sheet{91387140} disposed
2017-10-06 14:53:17,166 INFO [91387140]            BasicStub.java:449  | Loaded /sheet#1/sheet#1.xml
2017-10-06 14:53:17,168 INFO [91387140]            BasicBook.java:1133 | Scores built: 2
2017-10-06 14:53:18,114 WARN [91387140]      PartwiseBuilder.java:1379 | Error visiting null
java.lang.NullPointerException: null
	at org.audiveris.omr.score.PartwiseBuilder.processKey(PartwiseBuilder.java:1344)
	at org.audiveris.omr.score.PartwiseBuilder.processKeys(PartwiseBuilder.java:1407)
	at org.audiveris.omr.score.PartwiseBuilder.processMeasure(PartwiseBuilder.java:1575)
	at org.audiveris.omr.score.PartwiseBuilder.processPart(PartwiseBuilder.java:1988)
	at org.audiveris.omr.score.PartwiseBuilder.processSystem(PartwiseBuilder.java:2528)
	at org.audiveris.omr.score.PartwiseBuilder.processLogicalPart(PartwiseBuilder.java:1433)
	at org.audiveris.omr.score.PartwiseBuilder.processStub(PartwiseBuilder.java:2483)
	at org.audiveris.omr.score.PartwiseBuilder.processPartList(PartwiseBuilder.java:2017)
	at org.audiveris.omr.score.PartwiseBuilder.processScore(PartwiseBuilder.java:2195)
	at org.audiveris.omr.score.PartwiseBuilder.build(PartwiseBuilder.java:307)
	at org.audiveris.omr.score.ScoreExporter.export(ScoreExporter.java:117)
	at org.audiveris.omr.score.ScoreExporter.export(ScoreExporter.java:91)
	at org.audiveris.omr.sheet.BasicBook.export(BasicBook.java:589)
	at org.audiveris.omr.CLI$ProcessingTask.processBook(CLI.java:785)
	at org.audiveris.omr.CLI$CliTask.call(CLI.java:344)
	at org.audiveris.omr.Main.runBatchTasks(Main.java:316)
	at org.audiveris.omr.Main.main(Main.java:155)
	at Audiveris.main(Audiveris.java:49)
2017-10-06 14:53:18,125 WARN [91387140]      PartwiseBuilder.java:1379 | Error visiting null
java.lang.NullPointerException: null
	at org.audiveris.omr.score.PartwiseBuilder.processKey(PartwiseBuilder.java:1344)
	at org.audiveris.omr.score.PartwiseBuilder.processKeys(PartwiseBuilder.java:1407)
	at org.audiveris.omr.score.PartwiseBuilder.processMeasure(PartwiseBuilder.java:1575)
	at org.audiveris.omr.score.PartwiseBuilder.processPart(PartwiseBuilder.java:1988)
	at org.audiveris.omr.score.PartwiseBuilder.processSystem(PartwiseBuilder.java:2528)
	at org.audiveris.omr.score.PartwiseBuilder.processLogicalPart(PartwiseBuilder.java:1433)
	at org.audiveris.omr.score.PartwiseBuilder.processStub(PartwiseBuilder.java:2483)
	at org.audiveris.omr.score.PartwiseBuilder.processPartList(PartwiseBuilder.java:2017)
	at org.audiveris.omr.score.PartwiseBuilder.processScore(PartwiseBuilder.java:2195)
	at org.audiveris.omr.score.PartwiseBuilder.build(PartwiseBuilder.java:307)
	at org.audiveris.omr.score.ScoreExporter.export(ScoreExporter.java:117)
	at org.audiveris.omr.score.ScoreExporter.export(ScoreExporter.java:91)
	at org.audiveris.omr.sheet.BasicBook.export(BasicBook.java:589)
	at org.audiveris.omr.CLI$ProcessingTask.processBook(CLI.java:785)
	at org.audiveris.omr.CLI$CliTask.call(CLI.java:344)
	at org.audiveris.omr.Main.runBatchTasks(Main.java:316)
	at org.audiveris.omr.Main.main(Main.java:155)
	at Audiveris.main(Audiveris.java:49)
2017-10-06 14:53:18,131 WARN [91387140]      PartwiseBuilder.java:1379 | Error visiting null
java.lang.NullPointerException: null
	at org.audiveris.omr.score.PartwiseBuilder.processKey(PartwiseBuilder.java:1344)
	at org.audiveris.omr.score.PartwiseBuilder.processKeys(PartwiseBuilder.java:1407)
	at org.audiveris.omr.score.PartwiseBuilder.processMeasure(PartwiseBuilder.java:1575)
	at org.audiveris.omr.score.PartwiseBuilder.processPart(PartwiseBuilder.java:1988)
	at org.audiveris.omr.score.PartwiseBuilder.processSystem(PartwiseBuilder.java:2528)
	at org.audiveris.omr.score.PartwiseBuilder.processLogicalPart(PartwiseBuilder.java:1433)
	at org.audiveris.omr.score.PartwiseBuilder.processStub(PartwiseBuilder.java:2483)
	at org.audiveris.omr.score.PartwiseBuilder.processPartList(PartwiseBuilder.java:2017)
	at org.audiveris.omr.score.PartwiseBuilder.processScore(PartwiseBuilder.java:2195)
	at org.audiveris.omr.score.PartwiseBuilder.build(PartwiseBuilder.java:307)
	at org.audiveris.omr.score.ScoreExporter.export(ScoreExporter.java:117)
	at org.audiveris.omr.score.ScoreExporter.export(ScoreExporter.java:91)
	at org.audiveris.omr.sheet.BasicBook.export(BasicBook.java:589)
	at org.audiveris.omr.CLI$ProcessingTask.processBook(CLI.java:785)
	at org.audiveris.omr.CLI$CliTask.call(CLI.java:344)
	at org.audiveris.omr.Main.runBatchTasks(Main.java:316)
	at org.audiveris.omr.Main.main(Main.java:155)
	at Audiveris.main(Audiveris.java:49)
2017-10-06 14:53:18,190 INFO [91387140]        ScoreExporter.java:93   | Score 91387140.mvt1 exported to /Users/stephenn/Documents/workspace/nlsomr/xml_out/91386487/91387140/91387140.mvt1.mxl
2017-10-06 14:53:18,191 WARN [91387140]      PartwiseBuilder.java:1379 | Error visiting null
java.lang.NullPointerException: null
	at org.audiveris.omr.score.PartwiseBuilder.processKey(PartwiseBuilder.java:1344)
	at org.audiveris.omr.score.PartwiseBuilder.processKeys(PartwiseBuilder.java:1407)
	at org.audiveris.omr.score.PartwiseBuilder.processMeasure(PartwiseBuilder.java:1575)
	at org.audiveris.omr.score.PartwiseBuilder.processPart(PartwiseBuilder.java:1988)
	at org.audiveris.omr.score.PartwiseBuilder.processSystem(PartwiseBuilder.java:2528)
	at org.audiveris.omr.score.PartwiseBuilder.processLogicalPart(PartwiseBuilder.java:1433)
	at org.audiveris.omr.score.PartwiseBuilder.processStub(PartwiseBuilder.java:2483)
	at org.audiveris.omr.score.PartwiseBuilder.processPartList(PartwiseBuilder.java:2017)
	at org.audiveris.omr.score.PartwiseBuilder.processScore(PartwiseBuilder.java:2195)
	at org.audiveris.omr.score.PartwiseBuilder.build(PartwiseBuilder.java:307)
	at org.audiveris.omr.score.ScoreExporter.export(ScoreExporter.java:117)
	at org.audiveris.omr.score.ScoreExporter.export(ScoreExporter.java:91)
	at org.audiveris.omr.sheet.BasicBook.export(BasicBook.java:589)
	at org.audiveris.omr.CLI$ProcessingTask.processBook(CLI.java:785)
	at org.audiveris.omr.CLI$CliTask.call(CLI.java:344)
	at org.audiveris.omr.Main.runBatchTasks(Main.java:316)
	at org.audiveris.omr.Main.main(Main.java:155)
	at Audiveris.main(Audiveris.java:49)
2017-10-06 14:53:18,215 INFO [91387140]        ScoreExporter.java:93   | Score 91387140.mvt2 exported to /Users/stephenn/Documents/workspace/nlsomr/xml_out/91386487/91387140/91387140.mvt2.mxl
2017-10-06 14:53:18,356 INFO [91387140]            BasicBook.java:1395 | Stored /book.xml
2017-10-06 14:53:18,357 INFO [91387140]            BasicBook.java:1355 | Book stored as /Users/stephenn/Documents/workspace/nlsomr/xml_out/91386487/91387140/91387140.omr
