2017-10-06 15:12:58,365 INFO [91387416]            BasicBook.java:427  | 1 sheet in /Users/stephenn/Documents/workspace/nlsomr/working/91387416.jpg
2017-10-06 15:12:58,510 INFO []            BasicBook.java:1395 | Stored /book.xml
2017-10-06 15:12:58,511 INFO []            BasicBook.java:1355 | Book stored as /Users/stephenn/Documents/workspace/nlsomr/xml_out/91386487/91387416/91387416.omr
2017-10-06 15:12:58,516 INFO []            BasicBook.java:996  | Book reaching PAGE on sheets:[#1]
2017-10-06 15:12:58,518 INFO [91387416]       StepMonitoring.java:96   | LOAD
2017-10-06 15:12:58,668 INFO [91387416]            BasicBook.java:911  | Loaded image 1 2000x3056 from /Users/stephenn/Documents/workspace/nlsomr/working/91387416.jpg
2017-10-06 15:12:58,672 INFO [91387416]            ImageUtil.java:82   | Converting max RGB to gray ...
2017-10-06 15:12:58,924 INFO [91387416]            BasicBook.java:1395 | Stored /book.xml
2017-10-06 15:12:59,240 INFO [91387416]           BasicSheet.java:979  | Stored /sheet#1/sheet#1.xml
2017-10-06 15:12:59,242 INFO [91387416]       StepMonitoring.java:96   | BINARY
2017-10-06 15:12:59,825 INFO [91387416]            BasicBook.java:1395 | Stored /book.xml
2017-10-06 15:13:00,130 INFO [91387416]              Picture.java:786  | Stored /sheet#1/BINARY.xml
2017-10-06 15:13:00,131 INFO [91387416]           BasicSheet.java:979  | Stored /sheet#1/sheet#1.xml
2017-10-06 15:13:00,137 INFO [91387416]       StepMonitoring.java:96   | SCALE
2017-10-06 15:13:00,176 INFO [91387416]         ScaleBuilder.java:229  | No beam key found, guessed value 10
2017-10-06 15:13:00,177 INFO [91387416]            ScaleStep.java:87   | Scale{line(4,5,6) interline(16,17,17) beam(10 extra)}
2017-10-06 15:13:00,180 INFO [91387416]            BasicBook.java:1395 | Stored /book.xml
2017-10-06 15:13:00,182 INFO [91387416]           BasicSheet.java:979  | Stored /sheet#1/sheet#1.xml
2017-10-06 15:13:00,185 INFO [91387416]       StepMonitoring.java:96   | GRID
2017-10-06 15:13:01,016 INFO [91387416]       LinesRetriever.java:442  | Global slope: 0.00057
2017-10-06 15:13:01,105 INFO [91387416]    ClustersRetriever.java:241  | Retrieved line clusters: 12 of size: 5 with interline: (16,17,17)
2017-10-06 15:13:01,637 INFO [91387416]            PeakGraph.java:181  | Systems: #1[1, 2] #2[3, 4] #3[5, 6] #4[7, 8] #5[9, 10] #6[11, 12]
2017-10-06 15:13:02,608 INFO [91387416]        SystemManager.java:626  | Indentation detected for system#1
2017-10-06 15:13:02,609 INFO [91387416]        SystemManager.java:626  | Indentation detected for system#5
2017-10-06 15:13:02,610 INFO [91387416]        SystemManager.java:671  | 2 pages found in sheet
2017-10-06 15:13:02,611 INFO [91387416]        SystemManager.java:709  | Page #1: 1 part along 4 systems
2017-10-06 15:13:02,611 INFO [91387416]        SystemManager.java:709  | Page #2: 1 part along 2 systems
2017-10-06 15:13:02,615 INFO [91387416]            BasicBook.java:1395 | Stored /book.xml
2017-10-06 15:13:02,855 INFO [91387416]           BasicSheet.java:979  | Stored /sheet#1/sheet#1.xml
2017-10-06 15:13:02,858 INFO [91387416]       StepMonitoring.java:96   | HEADERS
2017-10-06 15:13:03,248 INFO [91387416]          Nd4jBackend.java:194  | Loaded [CpuBackend] backend
2017-10-06 15:13:03,308 INFO [91387416]      NativeOpsHolder.java:49   | Number of threads used for NativeOps: 2
2017-10-06 15:13:03,755 INFO [91387416] DefaultOpExecutioner.java:544  | Backend used: [CPU]; OS: [Mac OS X]
2017-10-06 15:13:03,755 INFO [91387416] DefaultOpExecutioner.java:545  | Cores: [4]; Memory: [3.6GB];
2017-10-06 15:13:03,755 INFO [91387416] DefaultOpExecutioner.java:546  | Blas vendor: [OPENBLAS]
2017-10-06 15:13:03,794 INFO [91387416]   AbstractClassifier.java:332  | Classifier data loaded from default uri jar:file:/Users/stephenn/Documents/workspace/audiveris/build/distributions/Audiveris/lib/audiveris.jar!/res/basic-classifier.zip
2017-10-06 15:13:06,826 WARN [91387416]          ClefBuilder.java:560  | Staff#10 no header clef.
2017-10-06 15:13:07,116 INFO []   AbstractClassifier.java:332  | Classifier data loaded from default uri jar:file:/Users/stephenn/Documents/workspace/audiveris/build/distributions/Audiveris/lib/audiveris.jar!/res/deep-classifier.zip
2017-10-06 15:13:07,139 INFO [91387416]            BasicBook.java:1395 | Stored /book.xml
2017-10-06 15:13:07,438 INFO [91387416]           BasicSheet.java:979  | Stored /sheet#1/sheet#1.xml
2017-10-06 15:13:07,440 INFO [91387416]       StepMonitoring.java:96   | STEM_SEEDS
2017-10-06 15:13:07,530 INFO [91387416]        StemSeedsStep.java:91   | stem(4 max:5)
2017-10-06 15:13:07,647 INFO [91387416]            BasicBook.java:1395 | Stored /book.xml
2017-10-06 15:13:08,149 INFO [91387416]           BasicSheet.java:979  | Stored /sheet#1/sheet#1.xml
2017-10-06 15:13:08,151 INFO [91387416]       StepMonitoring.java:96   | BEAMS
2017-10-06 15:13:11,912 INFO [91387416]            BeamsStep.java:89   | BeamDistance{count:5 mean:12.77 stdDev:7.15}
2017-10-06 15:13:11,914 INFO [91387416]            BasicBook.java:1395 | Stored /book.xml
2017-10-06 15:13:11,988 INFO [91387416]              Picture.java:786  | Stored /sheet#1/HEAD_SPOTS.xml
2017-10-06 15:13:12,479 INFO [91387416]           BasicSheet.java:979  | Stored /sheet#1/sheet#1.xml
2017-10-06 15:13:12,483 INFO [91387416]       StepMonitoring.java:96   | LEDGERS
2017-10-06 15:13:13,292 INFO [91387416]            BasicBook.java:1395 | Stored /book.xml
2017-10-06 15:13:13,853 INFO [91387416]           BasicSheet.java:979  | Stored /sheet#1/sheet#1.xml
2017-10-06 15:13:13,856 INFO [91387416]       StepMonitoring.java:96   | HEADS
2017-10-06 15:13:17,245 INFO [91387416]            BasicBook.java:1395 | Stored /book.xml
2017-10-06 15:13:17,993 INFO [91387416]           BasicSheet.java:979  | Stored /sheet#1/sheet#1.xml
2017-10-06 15:13:17,995 INFO [91387416]       StepMonitoring.java:96   | STEMS
2017-10-06 15:13:19,510 INFO [91387416]            BasicBook.java:1395 | Stored /book.xml
2017-10-06 15:13:20,824 INFO [91387416]           BasicSheet.java:979  | Stored /sheet#1/sheet#1.xml
2017-10-06 15:13:20,826 INFO [91387416]       StepMonitoring.java:96   | REDUCTION
2017-10-06 15:13:21,212 INFO [91387416]            BasicBook.java:1395 | Stored /book.xml
2017-10-06 15:13:22,069 INFO [91387416]           BasicSheet.java:979  | Stored /sheet#1/sheet#1.xml
2017-10-06 15:13:22,072 INFO [91387416]       StepMonitoring.java:96   | CUE_BEAMS
2017-10-06 15:13:22,077 INFO [91387416]            BasicBook.java:1395 | Stored /book.xml
2017-10-06 15:13:22,813 INFO [91387416]           BasicSheet.java:979  | Stored /sheet#1/sheet#1.xml
2017-10-06 15:13:22,815 INFO [91387416]       StepMonitoring.java:96   | TEXTS
2017-10-06 15:13:24,777 INFO [91387416]            BasicBook.java:1395 | Stored /book.xml
2017-10-06 15:13:25,201 INFO [91387416]           BasicSheet.java:979  | Stored /sheet#1/sheet#1.xml
2017-10-06 15:13:25,204 INFO [91387416]       StepMonitoring.java:96   | MEASURES
2017-10-06 15:13:25,209 INFO [91387416]                 Page.java:210  | 18 raw measures: [5 in system#1, 4 in system#2, 5 in system#3, 4 in system#4]
2017-10-06 15:13:25,209 INFO [91387416]                 Page.java:210  | 9 raw measures: [5 in system#5, 4 in system#6]
2017-10-06 15:13:25,211 INFO [91387416]            BasicBook.java:1395 | Stored /book.xml
2017-10-06 15:13:25,599 INFO [91387416]           BasicSheet.java:979  | Stored /sheet#1/sheet#1.xml
2017-10-06 15:13:25,601 INFO [91387416]       StepMonitoring.java:96   | CHORDS
2017-10-06 15:13:25,613 INFO [91387416]            BasicBook.java:1395 | Stored /book.xml
2017-10-06 15:13:26,030 INFO [91387416]           BasicSheet.java:979  | Stored /sheet#1/sheet#1.xml
2017-10-06 15:13:26,036 INFO [91387416]       StepMonitoring.java:96   | CURVES
2017-10-06 15:13:27,500 INFO [91387416]         SlursBuilder.java:762  | RIGHT collision SlurInter{#5284(0.664)} & SlurInter{#5325(0.534)} @ HeadInter{#3917(0.695/0.834) e#5188 s:9 p:3.00 NOTEHEAD_BLACK}
2017-10-06 15:13:27,502 INFO [91387416]         SlursBuilder.java:762  | RIGHT collision SlurInter{#5325(0.534)} & SlurInter{#5284(0.664)} @ HeadInter{#3917(0.695/0.834) e#5188 s:9 p:3.00 NOTEHEAD_BLACK}
2017-10-06 15:13:27,503 INFO [91387416]         SlursBuilder.java:157  | Slurs: 26
2017-10-06 15:13:27,547 INFO [91387416]      SegmentsBuilder.java:113  | Segments: 25
2017-10-06 15:13:27,560 INFO [91387416]            BasicBook.java:1395 | Stored /book.xml
2017-10-06 15:13:28,147 INFO [91387416]           BasicSheet.java:979  | Stored /sheet#1/sheet#1.xml
2017-10-06 15:13:28,149 INFO [91387416]       StepMonitoring.java:96   | SYMBOLS
2017-10-06 15:13:29,301 INFO [91387416]       SymbolsBuilder.java:340  | Symbol parts shrunk from 8 to 7
2017-10-06 15:13:30,857 INFO [91387416]            BasicBook.java:1395 | Stored /book.xml
2017-10-06 15:13:31,563 INFO [91387416]           BasicSheet.java:979  | Stored /sheet#1/sheet#1.xml
2017-10-06 15:13:31,565 INFO [91387416]       StepMonitoring.java:96   | LINKS
2017-10-06 15:13:31,601 INFO [91387416]        SymbolsLinker.java:306  | No measure stack for direction SentenceInter{#5017(0.659) s:9 BS-39 Direction} 104.
2017-10-06 15:13:31,621 INFO [91387416]            BasicBook.java:1395 | Stored /book.xml
2017-10-06 15:13:32,345 INFO [91387416]           BasicSheet.java:979  | Stored /sheet#1/sheet#1.xml
2017-10-06 15:13:32,347 INFO [91387416]       StepMonitoring.java:96   | RHYTHMS
2017-10-06 15:13:32,387 INFO [91387416]           PageRhythm.java:314  | Range{1-18 ts:6/8} Durations avgGuess:3/4 topGuess:3/4 avgValue:0.75 stacks:18 voices:46 Histogram{3/16-9/8 size:8 [3/16=1 1/4=4 1/2=8 5/8=9 3/4=10 7/8=5 1=8 9/8=1]}
2017-10-06 15:13:32,391 INFO [91387416]         SlotsBuilder.java:427  | S1 MeasureStack#2 Slot{#4 xOffset=154 timeOffset=1/2 incomings=[#5033] SUSPICIOUS}
2017-10-06 15:13:32,392 INFO [91387416]                Voice.java:257  | S1 MeasureStack#2 Voice #1 too long 1/4
2017-10-06 15:13:32,392 INFO [91387416]           StackTuner.java:92   | S1 MeasureStack#2 no correct rhythm
2017-10-06 15:13:32,394 INFO [91387416]                Voice.java:257  | S1 MeasureStack#3 Voice #1 too long 1/8
2017-10-06 15:13:32,394 INFO [91387416]           StackTuner.java:92   | S1 MeasureStack#3 no correct rhythm
2017-10-06 15:13:32,396 INFO [91387416]                Voice.java:257  | S1 MeasureStack#4 Voice #2 too long 1/8
2017-10-06 15:13:32,397 INFO [91387416]           StackTuner.java:92   | S1 MeasureStack#4 no correct rhythm
2017-10-06 15:13:32,398 INFO [91387416]                Voice.java:257  | S1 MeasureStack#5 Voice #1 too long 1/4
2017-10-06 15:13:32,398 INFO [91387416]                Voice.java:257  | S1 MeasureStack#5 Voice #2 too long 1/8
2017-10-06 15:13:32,399 INFO [91387416]           StackTuner.java:92   | S1 MeasureStack#5 no correct rhythm
2017-10-06 15:13:32,402 INFO [91387416]         SlotsBuilder.java:427  | S2 MeasureStack#7 Slot{#5 xOffset=248 timeOffset=1/2 incomings=[#5091] SUSPICIOUS}
2017-10-06 15:13:32,403 INFO [91387416]         SlotsBuilder.java:427  | S2 MeasureStack#7 Slot{#7 xOffset=338 timeOffset=3/4 incomings=[#6211] SUSPICIOUS}
2017-10-06 15:13:32,404 INFO [91387416]                Voice.java:257  | S2 MeasureStack#7 Voice #1 too long 1/8
2017-10-06 15:13:32,404 INFO [91387416]                Voice.java:257  | S2 MeasureStack#7 Voice #2 too long 1/8
2017-10-06 15:13:32,404 INFO [91387416]           StackTuner.java:92   | S2 MeasureStack#7 no correct rhythm
2017-10-06 15:13:32,406 INFO [91387416]                Voice.java:257  | S2 MeasureStack#8 Voice #2 too long 1/8
2017-10-06 15:13:32,406 INFO [91387416]           StackTuner.java:92   | S2 MeasureStack#8 no correct rhythm
2017-10-06 15:13:32,409 INFO [91387416]                Voice.java:257  | S3 MeasureStack#11 Voice #1 too long 1/4
2017-10-06 15:13:32,409 INFO [91387416]                Voice.java:257  | S3 MeasureStack#11 Voice #3 too long 1/4
2017-10-06 15:13:32,409 INFO [91387416]           StackTuner.java:92   | S3 MeasureStack#11 no correct rhythm
2017-10-06 15:13:32,411 INFO [91387416]         SlotsBuilder.java:427  | S3 MeasureStack#12 Slot{#4 xOffset=185 timeOffset=1/2 incomings=[#5133] SUSPICIOUS}
2017-10-06 15:13:32,411 INFO [91387416]         SlotsBuilder.java:427  | S3 MeasureStack#12 Slot{#7 xOffset=312 timeOffset=3/4 incomings=[#5134] SUSPICIOUS}
2017-10-06 15:13:32,412 INFO [91387416]                Voice.java:257  | S3 MeasureStack#12 Voice #4 too long 1/4
2017-10-06 15:13:32,412 INFO [91387416]           StackTuner.java:92   | S3 MeasureStack#12 no correct rhythm
2017-10-06 15:13:32,414 INFO [91387416]                Voice.java:257  | S3 MeasureStack#13 Voice #1 too long 1/4
2017-10-06 15:13:32,414 INFO [91387416]                Voice.java:257  | S3 MeasureStack#13 Voice #3 too long 1/4
2017-10-06 15:13:32,414 INFO [91387416]           StackTuner.java:92   | S3 MeasureStack#13 no correct rhythm
2017-10-06 15:13:32,415 INFO [91387416]                Voice.java:257  | S3 MeasureStack#14 Voice #1 too long 1/8
2017-10-06 15:13:32,416 INFO [91387416]                Voice.java:257  | S3 MeasureStack#14 Voice #2 too long 1/4
2017-10-06 15:13:32,416 INFO [91387416]                Voice.java:257  | S3 MeasureStack#14 Voice #3 too long 1/4
2017-10-06 15:13:32,416 INFO [91387416]           StackTuner.java:92   | S3 MeasureStack#14 no correct rhythm
2017-10-06 15:13:32,418 INFO [91387416]                Voice.java:257  | S4 MeasureStack#15 Voice #1 too long 3/8
2017-10-06 15:13:32,418 INFO [91387416]                Voice.java:257  | S4 MeasureStack#15 Voice #2 too long 1/4
2017-10-06 15:13:32,418 INFO [91387416]           StackTuner.java:92   | S4 MeasureStack#15 no correct rhythm
2017-10-06 15:13:32,420 INFO [91387416]         SlotsBuilder.java:427  | S4 MeasureStack#16 Slot{#5 xOffset=238 timeOffset=1/2 incomings=[#5168] SUSPICIOUS}
2017-10-06 15:13:32,420 INFO [91387416]         SlotsBuilder.java:427  | S4 MeasureStack#16 Slot{#7 xOffset=328 timeOffset=3/4 incomings=[#6228] SUSPICIOUS}
2017-10-06 15:13:32,421 INFO [91387416]                Voice.java:257  | S4 MeasureStack#16 Voice #1 too long 1/8
2017-10-06 15:13:32,421 INFO [91387416]                Voice.java:257  | S4 MeasureStack#16 Voice #2 too long 1/8
2017-10-06 15:13:32,421 INFO [91387416]           StackTuner.java:92   | S4 MeasureStack#16 no correct rhythm
2017-10-06 15:13:32,423 INFO [91387416]         SlotsBuilder.java:427  | S4 MeasureStack#17 Slot{#5 xOffset=251 timeOffset=1/2 incomings=[#5171] SUSPICIOUS}
2017-10-06 15:13:32,424 INFO [91387416]         SlotsBuilder.java:427  | S4 MeasureStack#17 Slot{#8 xOffset=375 timeOffset=3/4 incomings=[#5172] SUSPICIOUS}
2017-10-06 15:13:32,426 INFO [91387416]                Voice.java:257  | S4 MeasureStack#17 Voice #2 too long 1/4
2017-10-06 15:13:32,426 INFO [91387416]           StackTuner.java:92   | S4 MeasureStack#17 no correct rhythm
2017-10-06 15:13:32,437 INFO [91387416]           PageRhythm.java:314  | Range{1-9 ts:3/4} Durations avgGuess:3/4 topGuess:3/4 avgValue:0.66 stacks:9 voices:26 Histogram{1/4-7/8 size:4 [1/4=2 1/2=9 3/4=14 7/8=1]}
2017-10-06 15:13:32,440 INFO [91387416]                Voice.java:257  | S5 MeasureStack#3 Voice #1 too long 1/8
2017-10-06 15:13:32,441 INFO [91387416]           StackTuner.java:92   | S5 MeasureStack#3 no correct rhythm
2017-10-06 15:13:32,445 INFO [91387416]         SlotsBuilder.java:427  | S6 MeasureStack#8 Slot{#4 xOffset=267 timeOffset=3/4 incomings=[#5234] SUSPICIOUS}
2017-10-06 15:13:32,446 INFO [91387416]                Voice.java:257  | S6 MeasureStack#8 Voice #4 too long 1/4
2017-10-06 15:13:32,446 INFO [91387416]           StackTuner.java:92   | S6 MeasureStack#8 no correct rhythm
2017-10-06 15:13:32,449 INFO [91387416]            BasicBook.java:1395 | Stored /book.xml
2017-10-06 15:13:33,227 INFO [91387416]           BasicSheet.java:979  | Stored /sheet#1/sheet#1.xml
2017-10-06 15:13:33,229 INFO [91387416]       StepMonitoring.java:96   | PAGE
2017-10-06 15:13:33,236 INFO [91387416]                 Part.java:267  | Could not left-connect slur#5534
2017-10-06 15:13:33,238 INFO [91387416]                Voice.java:257  | S1 MeasureStack#2 Voice #1 too long 1/4
2017-10-06 15:13:33,239 INFO [91387416]                Voice.java:257  | S1 MeasureStack#3 Voice #1 too long 1/8
2017-10-06 15:13:33,239 INFO [91387416]                Voice.java:257  | S1 MeasureStack#4 Voice #2 too long 1/8
2017-10-06 15:13:33,240 INFO [91387416]                Voice.java:257  | S1 MeasureStack#5 Voice #1 too long 1/4
2017-10-06 15:13:33,240 INFO [91387416]                Voice.java:257  | S1 MeasureStack#5 Voice #2 too long 1/8
2017-10-06 15:13:33,240 INFO [91387416]                Voice.java:257  | S2 MeasureStack#7 Voice #1 too long 1/8
2017-10-06 15:13:33,240 INFO [91387416]                Voice.java:257  | S2 MeasureStack#7 Voice #2 too long 1/8
2017-10-06 15:13:33,241 INFO [91387416]                Voice.java:257  | S2 MeasureStack#8 Voice #2 too long 1/8
2017-10-06 15:13:33,241 INFO [91387416]                Voice.java:257  | S3 MeasureStack#11 Voice #1 too long 1/4
2017-10-06 15:13:33,241 INFO [91387416]                Voice.java:257  | S3 MeasureStack#11 Voice #3 too long 1/4
2017-10-06 15:13:33,242 INFO [91387416]                Voice.java:257  | S3 MeasureStack#12 Voice #4 too long 1/4
2017-10-06 15:13:33,242 INFO [91387416]                Voice.java:257  | S3 MeasureStack#13 Voice #1 too long 1/4
2017-10-06 15:13:33,242 INFO [91387416]                Voice.java:257  | S3 MeasureStack#13 Voice #3 too long 1/4
2017-10-06 15:13:33,242 INFO [91387416]                Voice.java:257  | S3 MeasureStack#14 Voice #1 too long 1/8
2017-10-06 15:13:33,242 INFO [91387416]                Voice.java:257  | S3 MeasureStack#14 Voice #2 too long 1/4
2017-10-06 15:13:33,242 INFO [91387416]                Voice.java:257  | S3 MeasureStack#14 Voice #3 too long 1/4
2017-10-06 15:13:33,243 INFO [91387416]                Voice.java:257  | S4 MeasureStack#15 Voice #1 too long 3/8
2017-10-06 15:13:33,243 INFO [91387416]                Voice.java:257  | S4 MeasureStack#15 Voice #2 too long 1/4
2017-10-06 15:13:33,243 INFO [91387416]                Voice.java:257  | S4 MeasureStack#16 Voice #1 too long 1/8
2017-10-06 15:13:33,243 INFO [91387416]                Voice.java:257  | S4 MeasureStack#16 Voice #2 too long 1/8
2017-10-06 15:13:33,244 INFO [91387416]                Voice.java:257  | S4 MeasureStack#17 Voice #2 too long 1/4
2017-10-06 15:13:33,244 INFO [91387416]                Voice.java:257  | S5 MeasureStack#3 Voice #1 too long 1/8
2017-10-06 15:13:33,244 INFO [91387416]                Voice.java:257  | S6 MeasureStack#8 Voice #4 too long 1/4
2017-10-06 15:13:33,246 INFO [91387416]            BasicBook.java:1395 | Stored /book.xml
2017-10-06 15:13:34,024 INFO [91387416]           BasicSheet.java:979  | Stored /sheet#1/sheet#1.xml
2017-10-06 15:13:34,028 INFO [91387416]            BasicStub.java:723  | Sheet{91387416} disposed
2017-10-06 15:13:34,964 INFO [91387416]            BasicStub.java:449  | Loaded /sheet#1/sheet#1.xml
2017-10-06 15:13:34,966 INFO [91387416]            BasicBook.java:1133 | Scores built: 2
2017-10-06 15:13:36,024 INFO [91387416]        ScoreExporter.java:93   | Score 91387416.mvt1 exported to /Users/stephenn/Documents/workspace/nlsomr/xml_out/91386487/91387416/91387416.mvt1.mxl
2017-10-06 15:13:36,027 WARN [91387416]      PartwiseBuilder.java:1379 | Error visiting null
java.lang.NullPointerException: null
	at org.audiveris.omr.score.PartwiseBuilder.processKey(PartwiseBuilder.java:1344)
	at org.audiveris.omr.score.PartwiseBuilder.processKeys(PartwiseBuilder.java:1407)
	at org.audiveris.omr.score.PartwiseBuilder.processMeasure(PartwiseBuilder.java:1575)
	at org.audiveris.omr.score.PartwiseBuilder.processPart(PartwiseBuilder.java:1988)
	at org.audiveris.omr.score.PartwiseBuilder.processSystem(PartwiseBuilder.java:2528)
	at org.audiveris.omr.score.PartwiseBuilder.processLogicalPart(PartwiseBuilder.java:1433)
	at org.audiveris.omr.score.PartwiseBuilder.processStub(PartwiseBuilder.java:2483)
	at org.audiveris.omr.score.PartwiseBuilder.processPartList(PartwiseBuilder.java:2017)
	at org.audiveris.omr.score.PartwiseBuilder.processScore(PartwiseBuilder.java:2195)
	at org.audiveris.omr.score.PartwiseBuilder.build(PartwiseBuilder.java:307)
	at org.audiveris.omr.score.ScoreExporter.export(ScoreExporter.java:117)
	at org.audiveris.omr.score.ScoreExporter.export(ScoreExporter.java:91)
	at org.audiveris.omr.sheet.BasicBook.export(BasicBook.java:589)
	at org.audiveris.omr.CLI$ProcessingTask.processBook(CLI.java:785)
	at org.audiveris.omr.CLI$CliTask.call(CLI.java:344)
	at org.audiveris.omr.Main.runBatchTasks(Main.java:316)
	at org.audiveris.omr.Main.main(Main.java:155)
	at Audiveris.main(Audiveris.java:49)
2017-10-06 15:13:36,050 INFO [91387416]        ScoreExporter.java:93   | Score 91387416.mvt2 exported to /Users/stephenn/Documents/workspace/nlsomr/xml_out/91386487/91387416/91387416.mvt2.mxl
2017-10-06 15:13:36,242 INFO [91387416]            BasicBook.java:1395 | Stored /book.xml
2017-10-06 15:13:36,242 INFO [91387416]            BasicBook.java:1355 | Book stored as /Users/stephenn/Documents/workspace/nlsomr/xml_out/91386487/91387416/91387416.omr
