2017-10-06 16:01:08,042 INFO [91388064]            BasicBook.java:427  | 1 sheet in /Users/stephenn/Documents/workspace/nlsomr/working/91388064.jpg
2017-10-06 16:01:08,198 INFO []            BasicBook.java:1395 | Stored /book.xml
2017-10-06 16:01:08,199 INFO []            BasicBook.java:1355 | Book stored as /Users/stephenn/Documents/workspace/nlsomr/xml_out/91386487/91388064/91388064.omr
2017-10-06 16:01:08,204 INFO []            BasicBook.java:996  | Book reaching PAGE on sheets:[#1]
2017-10-06 16:01:08,206 INFO [91388064]       StepMonitoring.java:96   | LOAD
2017-10-06 16:01:08,368 INFO [91388064]            BasicBook.java:911  | Loaded image 1 2000x3056 from /Users/stephenn/Documents/workspace/nlsomr/working/91388064.jpg
2017-10-06 16:01:08,377 INFO [91388064]            ImageUtil.java:82   | Converting max RGB to gray ...
2017-10-06 16:01:08,681 INFO [91388064]            BasicBook.java:1395 | Stored /book.xml
2017-10-06 16:01:08,992 INFO [91388064]           BasicSheet.java:979  | Stored /sheet#1/sheet#1.xml
2017-10-06 16:01:08,995 INFO [91388064]       StepMonitoring.java:96   | BINARY
2017-10-06 16:01:09,581 INFO [91388064]            BasicBook.java:1395 | Stored /book.xml
2017-10-06 16:01:09,925 INFO [91388064]              Picture.java:786  | Stored /sheet#1/BINARY.xml
2017-10-06 16:01:09,927 INFO [91388064]           BasicSheet.java:979  | Stored /sheet#1/sheet#1.xml
2017-10-06 16:01:09,929 INFO [91388064]       StepMonitoring.java:96   | SCALE
2017-10-06 16:01:09,977 INFO [91388064]         ScaleBuilder.java:229  | No beam key found, guessed value 10
2017-10-06 16:01:09,978 INFO [91388064]            ScaleStep.java:87   | Scale{line(4,5,6) interline(16,16,17) beam(10 extra)}
2017-10-06 16:01:09,980 INFO [91388064]            BasicBook.java:1395 | Stored /book.xml
2017-10-06 16:01:09,983 INFO [91388064]           BasicSheet.java:979  | Stored /sheet#1/sheet#1.xml
2017-10-06 16:01:09,985 INFO [91388064]       StepMonitoring.java:96   | GRID
2017-10-06 16:01:11,075 INFO [91388064]       LinesRetriever.java:442  | Global slope: 0.00063
2017-10-06 16:01:11,181 INFO [91388064]    ClustersRetriever.java:241  | Retrieved line clusters: 12 of size: 5 with interline: (16,16,17)
2017-10-06 16:01:11,860 INFO [91388064]            PeakGraph.java:181  | Systems: #1[1, 2] #2[3, 4] #3[5, 6] #4[7, 8] #5[9, 10] #6[11, 12]
2017-10-06 16:01:12,601 INFO [91388064]        SystemManager.java:626  | Indentation detected for system#1
2017-10-06 16:01:12,602 INFO [91388064]        SystemManager.java:709  | 1 part along 6 systems
2017-10-06 16:01:12,608 INFO [91388064]            BasicBook.java:1395 | Stored /book.xml
2017-10-06 16:01:12,848 INFO [91388064]           BasicSheet.java:979  | Stored /sheet#1/sheet#1.xml
2017-10-06 16:01:12,852 INFO [91388064]       StepMonitoring.java:96   | HEADERS
2017-10-06 16:01:13,265 INFO []          Nd4jBackend.java:194  | Loaded [CpuBackend] backend
2017-10-06 16:01:13,330 INFO []      NativeOpsHolder.java:49   | Number of threads used for NativeOps: 2
2017-10-06 16:01:13,825 INFO [] DefaultOpExecutioner.java:544  | Backend used: [CPU]; OS: [Mac OS X]
2017-10-06 16:01:13,826 INFO [] DefaultOpExecutioner.java:545  | Cores: [4]; Memory: [3.6GB];
2017-10-06 16:01:13,827 INFO [] DefaultOpExecutioner.java:546  | Blas vendor: [OPENBLAS]
2017-10-06 16:01:13,874 INFO []   AbstractClassifier.java:332  | Classifier data loaded from default uri jar:file:/Users/stephenn/Documents/workspace/audiveris/build/distributions/Audiveris/lib/audiveris.jar!/res/basic-classifier.zip
2017-10-06 16:01:16,690 INFO [91388064]           KeyBuilder.java:746  | Staff#7 key slice#1 pitch adjusted from 1.2 to 0
2017-10-06 16:01:16,979 WARN [91388064]          ClefBuilder.java:560  | Staff#12 no header clef.
2017-10-06 16:01:16,990 INFO [91388064]            BasicBook.java:1395 | Stored /book.xml
2017-10-06 16:01:17,390 INFO [91388064]           BasicSheet.java:979  | Stored /sheet#1/sheet#1.xml
2017-10-06 16:01:17,398 INFO [91388064]       StepMonitoring.java:96   | STEM_SEEDS
2017-10-06 16:01:17,552 INFO [91388064]        StemSeedsStep.java:91   | stem(4 max:5)
2017-10-06 16:01:17,721 INFO []   AbstractClassifier.java:332  | Classifier data loaded from default uri jar:file:/Users/stephenn/Documents/workspace/audiveris/build/distributions/Audiveris/lib/audiveris.jar!/res/deep-classifier.zip
2017-10-06 16:01:17,783 INFO [91388064]            BasicBook.java:1395 | Stored /book.xml
2017-10-06 16:01:18,139 INFO [91388064]           BasicSheet.java:979  | Stored /sheet#1/sheet#1.xml
2017-10-06 16:01:18,142 INFO [91388064]       StepMonitoring.java:96   | BEAMS
2017-10-06 16:01:22,227 INFO [91388064]            BeamsStep.java:89   | BeamDistance{count:17 mean:15.69 stdDev:0.77}
2017-10-06 16:01:22,232 INFO [91388064]            BasicBook.java:1395 | Stored /book.xml
2017-10-06 16:01:22,326 INFO [91388064]              Picture.java:786  | Stored /sheet#1/HEAD_SPOTS.xml
2017-10-06 16:01:22,900 INFO [91388064]           BasicSheet.java:979  | Stored /sheet#1/sheet#1.xml
2017-10-06 16:01:22,903 INFO [91388064]       StepMonitoring.java:96   | LEDGERS
2017-10-06 16:01:23,589 INFO [91388064]            BasicBook.java:1395 | Stored /book.xml
2017-10-06 16:01:24,207 INFO [91388064]           BasicSheet.java:979  | Stored /sheet#1/sheet#1.xml
2017-10-06 16:01:24,211 INFO [91388064]       StepMonitoring.java:96   | HEADS
2017-10-06 16:01:27,181 INFO [91388064]            BasicBook.java:1395 | Stored /book.xml
2017-10-06 16:01:28,694 INFO [91388064]           BasicSheet.java:979  | Stored /sheet#1/sheet#1.xml
2017-10-06 16:01:28,708 INFO [91388064]       StepMonitoring.java:96   | STEMS
2017-10-06 16:01:30,612 INFO [91388064]            BasicBook.java:1395 | Stored /book.xml
2017-10-06 16:01:32,542 INFO [91388064]           BasicSheet.java:979  | Stored /sheet#1/sheet#1.xml
2017-10-06 16:01:32,546 INFO [91388064]       StepMonitoring.java:96   | REDUCTION
2017-10-06 16:01:33,281 INFO [91388064]            BasicBook.java:1395 | Stored /book.xml
2017-10-06 16:01:34,701 INFO [91388064]           BasicSheet.java:979  | Stored /sheet#1/sheet#1.xml
2017-10-06 16:01:34,703 INFO [91388064]       StepMonitoring.java:96   | CUE_BEAMS
2017-10-06 16:01:34,707 INFO [91388064]            BasicBook.java:1395 | Stored /book.xml
2017-10-06 16:01:35,841 INFO [91388064]           BasicSheet.java:979  | Stored /sheet#1/sheet#1.xml
2017-10-06 16:01:35,843 INFO [91388064]       StepMonitoring.java:96   | TEXTS
2017-10-06 16:01:37,520 INFO [91388064]            BasicBook.java:1395 | Stored /book.xml
2017-10-06 16:01:38,911 INFO [91388064]           BasicSheet.java:979  | Stored /sheet#1/sheet#1.xml
2017-10-06 16:01:38,914 INFO [91388064]       StepMonitoring.java:96   | MEASURES
2017-10-06 16:01:38,918 INFO [91388064]      MeasuresBuilder.java:316  | S3 partial barline column: s6:G(x:965,y:1377)[#112]
2017-10-06 16:01:38,919 INFO [91388064]      MeasuresBuilder.java:328  | S3 deleting   half column: s6:G(x:965,y:1377)[#112]
2017-10-06 16:01:38,920 INFO [91388064]                 Page.java:210  | 25 raw measures: [5 in system#1, 4 in system#2, 4 in system#3, 4 in system#4, 4 in system#5, 4 in system#6]
2017-10-06 16:01:38,922 INFO [91388064]            BasicBook.java:1395 | Stored /book.xml
2017-10-06 16:01:40,237 INFO [91388064]           BasicSheet.java:979  | Stored /sheet#1/sheet#1.xml
2017-10-06 16:01:40,239 INFO [91388064]       StepMonitoring.java:96   | CHORDS
2017-10-06 16:01:40,251 INFO [91388064]            BasicBook.java:1395 | Stored /book.xml
2017-10-06 16:01:41,446 INFO [91388064]           BasicSheet.java:979  | Stored /sheet#1/sheet#1.xml
2017-10-06 16:01:41,449 INFO [91388064]       StepMonitoring.java:96   | CURVES
2017-10-06 16:01:43,101 INFO [91388064]         SlursBuilder.java:762  | LEFT collision SlurInter{#5140(0.691)} & SlurInter{#5170(0.411)} @ HeadInter{#2689(0.665/0.837) e#5011 s:5 p:1.00 NOTEHEAD_BLACK}
2017-10-06 16:01:43,102 INFO [91388064]         SlursBuilder.java:762  | LEFT collision SlurInter{#5170(0.411)} & SlurInter{#5140(0.691)} @ HeadInter{#2689(0.665/0.837) e#5011 s:5 p:1.00 NOTEHEAD_BLACK}
2017-10-06 16:01:43,104 INFO [91388064]         SlursBuilder.java:157  | Slurs: 18
2017-10-06 16:01:43,128 INFO [91388064]      SegmentsBuilder.java:113  | Segments: 18
2017-10-06 16:01:43,135 INFO [91388064]            BasicBook.java:1395 | Stored /book.xml
2017-10-06 16:01:44,593 INFO [91388064]           BasicSheet.java:979  | Stored /sheet#1/sheet#1.xml
2017-10-06 16:01:44,596 INFO [91388064]       StepMonitoring.java:96   | SYMBOLS
2017-10-06 16:01:44,763 INFO [91388064]       SymbolsBuilder.java:340  | Symbol parts shrunk from 11 to 7
2017-10-06 16:01:47,455 INFO [91388064]            BasicBook.java:1395 | Stored /book.xml
2017-10-06 16:01:49,106 INFO [91388064]           BasicSheet.java:979  | Stored /sheet#1/sheet#1.xml
2017-10-06 16:01:49,108 INFO [91388064]       StepMonitoring.java:96   | LINKS
2017-10-06 16:01:49,155 INFO [91388064]            BasicBook.java:1395 | Stored /book.xml
2017-10-06 16:01:50,810 INFO [91388064]           BasicSheet.java:979  | Stored /sheet#1/sheet#1.xml
2017-10-06 16:01:50,813 INFO [91388064]       StepMonitoring.java:96   | RHYTHMS
2017-10-06 16:01:50,826 INFO [91388064]         SlotsBuilder.java:399  | Stack#2 suspicious Slot{#3 xOffset=140 timeOffset=1/4 incomings=[#4955]}
2017-10-06 16:01:50,832 INFO [91388064]         SlotsBuilder.java:399  | Stack#6 suspicious Slot{#2 xOffset=234 timeOffset=1/8 incomings=[#4997]}
2017-10-06 16:01:50,841 INFO [91388064]         SlotsBuilder.java:434  | Stack#13 endless loop detected
2017-10-06 16:01:50,843 INFO [91388064]         SlotsBuilder.java:399  | Stack#15 suspicious Slot{#2 xOffset=147 timeOffset=1/8 incomings=[#5061]}
2017-10-06 16:01:50,846 INFO [91388064]         SlotsBuilder.java:399  | Stack#18 suspicious Slot{#2 xOffset=258 timeOffset=1/8 incomings=[#5091]}
2017-10-06 16:01:50,853 INFO [91388064]         SlotsBuilder.java:434  | Stack#21 endless loop detected
2017-10-06 16:01:50,855 INFO [91388064]         SlotsBuilder.java:399  | Stack#23 suspicious Slot{#2 xOffset=153 timeOffset=1/8 incomings=[#5124]}
2017-10-06 16:01:50,860 INFO [91388064]           PageRhythm.java:314  | Range{1-25 ts:2/4} Durations avgGuess:1/2 topGuess:1/2 avgValue:0.57 stacks:25 voices:53 Histogram{1/8-1 size:11 [1/8=5 1/4=12 5/16=1 3/8=7 7/16=2 1/2=19 9/16=1 5/8=2 3/4=1 7/8=2 1=1]}
2017-10-06 16:01:50,863 INFO [91388064]         SlotsBuilder.java:427  | S1 MeasureStack#2 Slot{#5 xOffset=183 timeOffset=3/8 incomings=[#4956] SUSPICIOUS}
2017-10-06 16:01:50,863 INFO [91388064]         SlotsBuilder.java:427  | S1 MeasureStack#2 Slot{#7 xOffset=233 timeOffset=1/2 incomings=[#4957] SUSPICIOUS}
2017-10-06 16:01:50,864 INFO [91388064]                Voice.java:257  | S1 MeasureStack#2 Voice #1 too long 1/8
2017-10-06 16:01:50,864 INFO [91388064]           StackTuner.java:92   | S1 MeasureStack#2 no correct rhythm
2017-10-06 16:01:50,867 INFO [91388064]                Voice.java:257  | S1 MeasureStack#5 Voice #1 too long 1/8
2017-10-06 16:01:50,871 INFO [91388064]           StackTuner.java:92   | S1 MeasureStack#5 no correct rhythm
2017-10-06 16:01:50,873 INFO [91388064]         SlotsBuilder.java:434  | Stack#6 endless loop detected
2017-10-06 16:01:50,874 INFO [91388064]                Voice.java:257  | S2 MeasureStack#7 Voice #2 too long 1/16
2017-10-06 16:01:50,875 INFO [91388064]           StackTuner.java:92   | S2 MeasureStack#7 no correct rhythm
2017-10-06 16:01:50,876 INFO [91388064]         SlotsBuilder.java:427  | S2 MeasureStack#8 Slot{#6 xOffset=339 timeOffset=7/16 incomings=[#5007] SUSPICIOUS}
2017-10-06 16:01:50,877 INFO [91388064]                Voice.java:257  | S2 MeasureStack#8 Voice #2 too long 1/16
2017-10-06 16:01:50,877 INFO [91388064]           StackTuner.java:92   | S2 MeasureStack#8 no correct rhythm
2017-10-06 16:01:50,878 INFO [91388064]         SlotsBuilder.java:427  | S2 MeasureStack#9 Slot{#5 xOffset=312 timeOffset=1/2 incomings=[#4995] SUSPICIOUS}
2017-10-06 16:01:50,879 INFO [91388064]                Voice.java:257  | S2 MeasureStack#9 Voice #1 too long 1/8
2017-10-06 16:01:50,879 INFO [91388064]           StackTuner.java:92   | S2 MeasureStack#9 no correct rhythm
2017-10-06 16:01:50,881 INFO [91388064]         SlotsBuilder.java:427  | S3 MeasureStack#10 Slot{#6 xOffset=422 timeOffset=7/8 incomings=[#5029] SUSPICIOUS}
2017-10-06 16:01:50,881 INFO [91388064]                Voice.java:257  | S3 MeasureStack#10 Voice #1 too long 3/8
2017-10-06 16:01:50,881 INFO [91388064]                Voice.java:257  | S3 MeasureStack#10 Voice #2 too long 5/8
2017-10-06 16:01:50,882 INFO [91388064]           StackTuner.java:92   | S3 MeasureStack#10 no correct rhythm
2017-10-06 16:01:50,883 INFO [91388064]                Voice.java:257  | S3 MeasureStack#11 Voice #1 too long 1/2
2017-10-06 16:01:50,883 INFO [91388064]                Voice.java:257  | S3 MeasureStack#11 Voice #2 too long 1/4
2017-10-06 16:01:50,883 INFO [91388064]           StackTuner.java:92   | S3 MeasureStack#11 no correct rhythm
2017-10-06 16:01:50,884 INFO [91388064]         SlotsBuilder.java:427  | S3 MeasureStack#12 Slot{#4 xOffset=240 timeOffset=5/16 incomings=[#5020] SUSPICIOUS}
2017-10-06 16:01:50,885 INFO [91388064]         SlotsBuilder.java:427  | S3 MeasureStack#12 Slot{#6 xOffset=331 timeOffset=9/16 incomings=[#5021] SUSPICIOUS}
2017-10-06 16:01:50,885 INFO [91388064]                Voice.java:257  | S3 MeasureStack#12 Voice #1 too long 5/16
2017-10-06 16:01:50,886 INFO [91388064]           StackTuner.java:92   | S3 MeasureStack#12 no correct rhythm
2017-10-06 16:01:50,887 INFO [91388064]         SlotsBuilder.java:434  | Stack#13 endless loop detected
2017-10-06 16:01:50,888 INFO [91388064]         SlotsBuilder.java:427  | S4 MeasureStack#14 Slot{#3 xOffset=250 timeOffset=1/4 incomings=[#5057] SUSPICIOUS}
2017-10-06 16:01:50,888 INFO [91388064]                Voice.java:257  | S4 MeasureStack#14 Voice #1 too long 7/8
2017-10-06 16:01:50,889 INFO [91388064]                Voice.java:257  | S4 MeasureStack#14 Voice #2 too long 7/8
2017-10-06 16:01:50,889 INFO [91388064]           StackTuner.java:92   | S4 MeasureStack#14 no correct rhythm
2017-10-06 16:01:50,893 INFO [91388064]         SlotsBuilder.java:427  | S5 MeasureStack#18 Slot{#5 xOffset=366 timeOffset=1/4 incomings=[#5092] SUSPICIOUS}
2017-10-06 16:01:50,894 INFO [91388064]         SlotsBuilder.java:427  | S5 MeasureStack#18 Slot{#7 xOffset=453 timeOffset=3/8 incomings=[#5093] SUSPICIOUS}
2017-10-06 16:01:50,897 INFO [91388064]                Voice.java:257  | S5 MeasureStack#20 Voice #2 too long 1/8
2017-10-06 16:01:50,898 INFO [91388064]           StackTuner.java:92   | S5 MeasureStack#20 no correct rhythm
2017-10-06 16:01:50,898 INFO [91388064]         SlotsBuilder.java:434  | Stack#21 endless loop detected
2017-10-06 16:01:50,900 INFO [91388064]         SlotsBuilder.java:427  | S6 MeasureStack#22 Slot{#5 xOffset=470 timeOffset=7/16 incomings=[#5107] SUSPICIOUS}
2017-10-06 16:01:50,900 INFO [91388064]                Voice.java:257  | S6 MeasureStack#22 Voice #1 too long 1/16
2017-10-06 16:01:50,900 INFO [91388064]           StackTuner.java:92   | S6 MeasureStack#22 no correct rhythm
2017-10-06 16:01:50,902 INFO [91388064]         SlotsBuilder.java:427  | S6 MeasureStack#23 Slot{#5 xOffset=278 timeOffset=1/4 incomings=[#5125] SUSPICIOUS}
2017-10-06 16:01:50,903 INFO [91388064]         SlotsBuilder.java:427  | S6 MeasureStack#23 Slot{#7 xOffset=366 timeOffset=7/16 incomings=[#5126] SUSPICIOUS}
2017-10-06 16:01:50,903 INFO [91388064]                Voice.java:257  | S6 MeasureStack#23 Voice #2 too long 1/16
2017-10-06 16:01:50,904 INFO [91388064]           StackTuner.java:92   | S6 MeasureStack#23 no correct rhythm
2017-10-06 16:01:50,909 INFO [91388064]            BasicBook.java:1395 | Stored /book.xml
2017-10-06 16:01:52,525 INFO [91388064]           BasicSheet.java:979  | Stored /sheet#1/sheet#1.xml
2017-10-06 16:01:52,528 INFO [91388064]       StepMonitoring.java:96   | PAGE
2017-10-06 16:01:52,531 INFO [91388064]                 Part.java:275  | Could not right-connect slur#5187
2017-10-06 16:01:52,533 INFO [91388064]                Voice.java:257  | S1 MeasureStack#2 Voice #1 too long 1/8
2017-10-06 16:01:52,533 INFO [91388064]                Voice.java:257  | S1 MeasureStack#5 Voice #1 too long 1/8
2017-10-06 16:01:52,534 INFO [91388064]                Voice.java:257  | S2 MeasureStack#7 Voice #2 too long 1/16
2017-10-06 16:01:52,534 INFO [91388064]                Voice.java:257  | S2 MeasureStack#8 Voice #2 too long 1/16
2017-10-06 16:01:52,534 INFO [91388064]                Voice.java:257  | S2 MeasureStack#9 Voice #1 too long 1/8
2017-10-06 16:01:52,535 INFO [91388064]                Voice.java:257  | S3 MeasureStack#10 Voice #1 too long 3/8
2017-10-06 16:01:52,535 INFO [91388064]                Voice.java:257  | S3 MeasureStack#10 Voice #2 too long 5/8
2017-10-06 16:01:52,535 INFO [91388064]                Voice.java:257  | S3 MeasureStack#11 Voice #1 too long 1/2
2017-10-06 16:01:52,535 INFO [91388064]                Voice.java:257  | S3 MeasureStack#11 Voice #2 too long 1/4
2017-10-06 16:01:52,536 INFO [91388064]                Voice.java:257  | S3 MeasureStack#12 Voice #1 too long 5/16
2017-10-06 16:01:52,536 INFO [91388064]                Voice.java:257  | S4 MeasureStack#14 Voice #1 too long 7/8
2017-10-06 16:01:52,536 INFO [91388064]                Voice.java:257  | S4 MeasureStack#14 Voice #2 too long 7/8
2017-10-06 16:01:52,538 INFO [91388064]                Voice.java:257  | S5 MeasureStack#20 Voice #2 too long 1/8
2017-10-06 16:01:52,538 INFO [91388064]                Voice.java:257  | S6 MeasureStack#22 Voice #1 too long 1/16
2017-10-06 16:01:52,539 INFO [91388064]                Voice.java:257  | S6 MeasureStack#23 Voice #2 too long 1/16
2017-10-06 16:01:52,543 INFO [91388064]            BasicBook.java:1395 | Stored /book.xml
2017-10-06 16:01:54,206 INFO [91388064]           BasicSheet.java:979  | Stored /sheet#1/sheet#1.xml
2017-10-06 16:01:54,209 INFO [91388064]            BasicStub.java:723  | Sheet{91388064} disposed
2017-10-06 16:01:55,283 INFO [91388064]            BasicStub.java:449  | Loaded /sheet#1/sheet#1.xml
2017-10-06 16:01:55,285 INFO [91388064]            BasicBook.java:1133 | Scores built: 1
2017-10-06 16:01:56,355 WARN [91388064]      PartwiseBuilder.java:1379 | Error visiting null
java.lang.NullPointerException: null
	at org.audiveris.omr.score.PartwiseBuilder.processKey(PartwiseBuilder.java:1344)
	at org.audiveris.omr.score.PartwiseBuilder.processKeys(PartwiseBuilder.java:1407)
	at org.audiveris.omr.score.PartwiseBuilder.processMeasure(PartwiseBuilder.java:1575)
	at org.audiveris.omr.score.PartwiseBuilder.processPart(PartwiseBuilder.java:1988)
	at org.audiveris.omr.score.PartwiseBuilder.processSystem(PartwiseBuilder.java:2528)
	at org.audiveris.omr.score.PartwiseBuilder.processLogicalPart(PartwiseBuilder.java:1433)
	at org.audiveris.omr.score.PartwiseBuilder.processStub(PartwiseBuilder.java:2483)
	at org.audiveris.omr.score.PartwiseBuilder.processPartList(PartwiseBuilder.java:2017)
	at org.audiveris.omr.score.PartwiseBuilder.processScore(PartwiseBuilder.java:2195)
	at org.audiveris.omr.score.PartwiseBuilder.build(PartwiseBuilder.java:307)
	at org.audiveris.omr.score.ScoreExporter.export(ScoreExporter.java:117)
	at org.audiveris.omr.score.ScoreExporter.export(ScoreExporter.java:91)
	at org.audiveris.omr.sheet.BasicBook.export(BasicBook.java:589)
	at org.audiveris.omr.CLI$ProcessingTask.processBook(CLI.java:785)
	at org.audiveris.omr.CLI$CliTask.call(CLI.java:344)
	at org.audiveris.omr.Main.runBatchTasks(Main.java:316)
	at org.audiveris.omr.Main.main(Main.java:155)
	at Audiveris.main(Audiveris.java:49)
2017-10-06 16:01:56,422 INFO [91388064]        ScoreExporter.java:93   | Score 91388064 exported to /Users/stephenn/Documents/workspace/nlsomr/xml_out/91386487/91388064/91388064.mxl
2017-10-06 16:01:56,579 INFO [91388064]            BasicBook.java:1395 | Stored /book.xml
2017-10-06 16:01:56,580 INFO [91388064]            BasicBook.java:1355 | Book stored as /Users/stephenn/Documents/workspace/nlsomr/xml_out/91386487/91388064/91388064.omr
