2017-10-06 16:03:50,526 INFO [91388100]            BasicBook.java:427  | 1 sheet in /Users/stephenn/Documents/workspace/nlsomr/working/91388100.jpg
2017-10-06 16:03:50,690 INFO []            BasicBook.java:1395 | Stored /book.xml
2017-10-06 16:03:50,690 INFO []            BasicBook.java:1355 | Book stored as /Users/stephenn/Documents/workspace/nlsomr/xml_out/91386487/91388100/91388100.omr
2017-10-06 16:03:50,697 INFO []            BasicBook.java:996  | Book reaching PAGE on sheets:[#1]
2017-10-06 16:03:50,699 INFO [91388100]       StepMonitoring.java:96   | LOAD
2017-10-06 16:03:50,852 INFO [91388100]            BasicBook.java:911  | Loaded image 1 2000x3056 from /Users/stephenn/Documents/workspace/nlsomr/working/91388100.jpg
2017-10-06 16:03:50,855 INFO [91388100]            ImageUtil.java:82   | Converting max RGB to gray ...
2017-10-06 16:03:51,123 INFO [91388100]            BasicBook.java:1395 | Stored /book.xml
2017-10-06 16:03:51,434 INFO [91388100]           BasicSheet.java:979  | Stored /sheet#1/sheet#1.xml
2017-10-06 16:03:51,435 INFO [91388100]       StepMonitoring.java:96   | BINARY
2017-10-06 16:03:51,998 INFO [91388100]            BasicBook.java:1395 | Stored /book.xml
2017-10-06 16:03:52,294 INFO [91388100]              Picture.java:786  | Stored /sheet#1/BINARY.xml
2017-10-06 16:03:52,296 INFO [91388100]           BasicSheet.java:979  | Stored /sheet#1/sheet#1.xml
2017-10-06 16:03:52,298 INFO [91388100]       StepMonitoring.java:96   | SCALE
2017-10-06 16:03:52,336 INFO [91388100]            ScaleStep.java:87   | Scale{line(3,4,6) interline(16,16,17) beam(13)}
2017-10-06 16:03:52,338 INFO [91388100]            BasicBook.java:1395 | Stored /book.xml
2017-10-06 16:03:52,341 INFO [91388100]           BasicSheet.java:979  | Stored /sheet#1/sheet#1.xml
2017-10-06 16:03:52,343 INFO [91388100]       StepMonitoring.java:96   | GRID
2017-10-06 16:03:53,145 INFO [91388100]       LinesRetriever.java:442  | Global slope: -0.00100
2017-10-06 16:03:53,232 INFO [91388100]    ClustersRetriever.java:241  | Retrieved line clusters: 10 of size: 5 with interline: (16,16,17)
2017-10-06 16:03:53,854 INFO [91388100]            PeakGraph.java:181  | Systems: #1[1, 2] #2[3, 4] #3[5, 6] #4[7, 8] #5[9, 10]
2017-10-06 16:03:54,763 INFO [91388100]        SystemManager.java:626  | Indentation detected for system#4
2017-10-06 16:03:54,764 INFO [91388100]        SystemManager.java:671  | 2 pages found in sheet
2017-10-06 16:03:54,764 INFO [91388100]        SystemManager.java:709  | Page #1: 1 part along 3 systems
2017-10-06 16:03:54,765 INFO [91388100]        SystemManager.java:709  | Page #2: 1 part along 2 systems
2017-10-06 16:03:54,773 INFO [91388100]            BasicBook.java:1395 | Stored /book.xml
2017-10-06 16:03:54,994 INFO [91388100]           BasicSheet.java:979  | Stored /sheet#1/sheet#1.xml
2017-10-06 16:03:54,997 INFO [91388100]       StepMonitoring.java:96   | HEADERS
2017-10-06 16:03:55,431 INFO []          Nd4jBackend.java:194  | Loaded [CpuBackend] backend
2017-10-06 16:03:55,495 INFO []      NativeOpsHolder.java:49   | Number of threads used for NativeOps: 2
2017-10-06 16:03:56,035 INFO [] DefaultOpExecutioner.java:544  | Backend used: [CPU]; OS: [Mac OS X]
2017-10-06 16:03:56,035 INFO [] DefaultOpExecutioner.java:545  | Cores: [4]; Memory: [3.6GB];
2017-10-06 16:03:56,035 INFO [] DefaultOpExecutioner.java:546  | Blas vendor: [OPENBLAS]
2017-10-06 16:03:56,080 INFO []   AbstractClassifier.java:332  | Classifier data loaded from default uri jar:file:/Users/stephenn/Documents/workspace/audiveris/build/distributions/Audiveris/lib/audiveris.jar!/res/basic-classifier.zip
2017-10-06 16:03:57,850 INFO [91388100]           KeyBuilder.java:746  | Staff#1 key slice#4 pitch adjusted from -1.1 to -2
2017-10-06 16:03:58,119 WARN [91388100]          ClefBuilder.java:560  | Staff#4 no header clef.
2017-10-06 16:03:58,213 INFO [91388100]           KeyBuilder.java:746  | Staff#3 key slice#1 pitch adjusted from 0.6 to 0
2017-10-06 16:03:58,213 INFO [91388100]           KeyBuilder.java:746  | Staff#3 key slice#5 pitch adjusted from 2.5 to 2
2017-10-06 16:03:58,491 INFO [91388100]           KeyBuilder.java:746  | Staff#5 key slice#1 pitch adjusted from 0.6 to 0
2017-10-06 16:03:58,695 WARN [91388100]          ClefBuilder.java:560  | Staff#8 no header clef.
2017-10-06 16:03:58,994 INFO [91388100]            BasicBook.java:1395 | Stored /book.xml
2017-10-06 16:03:59,373 INFO [91388100]           BasicSheet.java:979  | Stored /sheet#1/sheet#1.xml
2017-10-06 16:03:59,376 INFO [91388100]       StepMonitoring.java:96   | STEM_SEEDS
2017-10-06 16:03:59,510 INFO [91388100]        StemSeedsStep.java:91   | stem(4 max:5)
2017-10-06 16:03:59,652 INFO [91388100]            BasicBook.java:1395 | Stored /book.xml
2017-10-06 16:04:00,183 INFO []   AbstractClassifier.java:332  | Classifier data loaded from default uri jar:file:/Users/stephenn/Documents/workspace/audiveris/build/distributions/Audiveris/lib/audiveris.jar!/res/deep-classifier.zip
2017-10-06 16:04:00,238 INFO [91388100]           BasicSheet.java:979  | Stored /sheet#1/sheet#1.xml
2017-10-06 16:04:00,240 INFO [91388100]       StepMonitoring.java:96   | BEAMS
2017-10-06 16:04:05,001 INFO [91388100]            BeamsStep.java:89   | BeamDistance{count:16 mean:14.57 stdDev:0.96}
2017-10-06 16:04:05,004 INFO [91388100]            BasicBook.java:1395 | Stored /book.xml
2017-10-06 16:04:05,074 INFO [91388100]              Picture.java:786  | Stored /sheet#1/HEAD_SPOTS.xml
2017-10-06 16:04:05,490 INFO [91388100]           BasicSheet.java:979  | Stored /sheet#1/sheet#1.xml
2017-10-06 16:04:05,493 INFO [91388100]       StepMonitoring.java:96   | LEDGERS
2017-10-06 16:04:06,071 INFO [91388100]            BasicBook.java:1395 | Stored /book.xml
2017-10-06 16:04:06,486 INFO [91388100]           BasicSheet.java:979  | Stored /sheet#1/sheet#1.xml
2017-10-06 16:04:06,488 INFO [91388100]       StepMonitoring.java:96   | HEADS
2017-10-06 16:04:08,930 INFO [91388100]            BasicBook.java:1395 | Stored /book.xml
2017-10-06 16:04:10,126 INFO [91388100]           BasicSheet.java:979  | Stored /sheet#1/sheet#1.xml
2017-10-06 16:04:10,128 INFO [91388100]       StepMonitoring.java:96   | STEMS
2017-10-06 16:04:13,123 INFO [91388100]            BasicBook.java:1395 | Stored /book.xml
2017-10-06 16:04:14,545 INFO [91388100]           BasicSheet.java:979  | Stored /sheet#1/sheet#1.xml
2017-10-06 16:04:14,547 INFO [91388100]       StepMonitoring.java:96   | REDUCTION
2017-10-06 16:04:15,233 INFO [91388100]            BasicBook.java:1395 | Stored /book.xml
2017-10-06 16:04:16,076 INFO [91388100]           BasicSheet.java:979  | Stored /sheet#1/sheet#1.xml
2017-10-06 16:04:16,079 INFO [91388100]       StepMonitoring.java:96   | CUE_BEAMS
2017-10-06 16:04:16,092 INFO [91388100]            BasicBook.java:1395 | Stored /book.xml
2017-10-06 16:04:16,914 INFO [91388100]           BasicSheet.java:979  | Stored /sheet#1/sheet#1.xml
2017-10-06 16:04:16,916 INFO [91388100]       StepMonitoring.java:96   | TEXTS
2017-10-06 16:04:18,754 INFO [91388100]            BasicBook.java:1395 | Stored /book.xml
2017-10-06 16:04:19,652 INFO [91388100]           BasicSheet.java:979  | Stored /sheet#1/sheet#1.xml
2017-10-06 16:04:19,655 INFO [91388100]       StepMonitoring.java:96   | MEASURES
2017-10-06 16:04:19,660 INFO [91388100]                 Page.java:210  | 14 raw measures: [5 in system#1, 5 in system#2, 4 in system#3]
2017-10-06 16:04:19,661 INFO [91388100]                 Page.java:210  | 8 raw measures: [4 in system#4, 4 in system#5]
2017-10-06 16:04:19,662 INFO [91388100]            BasicBook.java:1395 | Stored /book.xml
2017-10-06 16:04:20,518 INFO [91388100]           BasicSheet.java:979  | Stored /sheet#1/sheet#1.xml
2017-10-06 16:04:20,521 INFO [91388100]       StepMonitoring.java:96   | CHORDS
2017-10-06 16:04:20,537 INFO [91388100]            BasicBook.java:1395 | Stored /book.xml
2017-10-06 16:04:21,426 INFO [91388100]           BasicSheet.java:979  | Stored /sheet#1/sheet#1.xml
2017-10-06 16:04:21,428 INFO [91388100]       StepMonitoring.java:96   | CURVES
2017-10-06 16:04:23,023 INFO [91388100]         SlursBuilder.java:157  | Slurs: 27
2017-10-06 16:04:23,070 INFO [91388100]      SegmentsBuilder.java:113  | Segments: 21
2017-10-06 16:04:23,078 INFO [91388100]            BasicBook.java:1395 | Stored /book.xml
2017-10-06 16:04:24,021 INFO [91388100]           BasicSheet.java:979  | Stored /sheet#1/sheet#1.xml
2017-10-06 16:04:24,025 INFO [91388100]       StepMonitoring.java:96   | SYMBOLS
2017-10-06 16:04:26,391 INFO [91388100]            BasicBook.java:1395 | Stored /book.xml
2017-10-06 16:04:27,433 INFO [91388100]           BasicSheet.java:979  | Stored /sheet#1/sheet#1.xml
2017-10-06 16:04:27,435 INFO [91388100]       StepMonitoring.java:96   | LINKS
2017-10-06 16:04:27,489 INFO [91388100]            BasicBook.java:1395 | Stored /book.xml
2017-10-06 16:04:28,540 INFO [91388100]           BasicSheet.java:979  | Stored /sheet#1/sheet#1.xml
2017-10-06 16:04:28,543 INFO [91388100]       StepMonitoring.java:96   | RHYTHMS
2017-10-06 16:04:28,599 INFO [91388100]         SlotsBuilder.java:399  | Stack#13 suspicious Slot{#6 xOffset=344 timeOffset=5/8 incomings=[#6370#6389]}
2017-10-06 16:04:28,603 INFO [91388100]           PageRhythm.java:314  | Range{1-14} Durations avgGuess:3/4 topGuess:3/4 avgValue:0.75 stacks:14 voices:39 Histogram{1/4-1 size:6 [1/4=1 1/2=2 5/8=1 3/4=30 7/8=4 1=1]}
2017-10-06 16:04:28,603 INFO [91388100]           PageRhythm.java:221  | S1 Range{1-14 dur:3/4} should update to 3/4-based time sig?
2017-10-06 16:04:28,611 INFO [91388100]                Voice.java:257  | S1 MeasureStack#4 Voice #1 too long 1/8
2017-10-06 16:04:28,611 INFO [91388100]                Voice.java:257  | S1 MeasureStack#4 Voice #2 too long 1/8
2017-10-06 16:04:28,612 INFO [91388100]                Voice.java:257  | S1 MeasureStack#4 Voice #3 too long 1/8
2017-10-06 16:04:28,612 INFO [91388100]                Voice.java:257  | S1 MeasureStack#4 Voice #4 too long 1/4
2017-10-06 16:04:28,612 INFO [91388100]           StackTuner.java:92   | S1 MeasureStack#4 no correct rhythm
2017-10-06 16:04:28,618 INFO [91388100]                Voice.java:257  | S2 MeasureStack#8 Voice #1 too long 1/8
2017-10-06 16:04:28,618 INFO [91388100]           StackTuner.java:92   | S2 MeasureStack#8 no correct rhythm
2017-10-06 16:04:28,640 INFO [91388100]           PageRhythm.java:314  | Range{1-8} Durations avgGuess:1 topGuess:1 avgValue:1.01 stacks:8 voices:19 Histogram{3/8-2 size:7 [3/8=2 1/2=1 7/8=1 1=9 9/8=2 5/4=2 2=2]}
2017-10-06 16:04:28,641 INFO [91388100]           PageRhythm.java:221  | S4 Range{1-8 dur:1} should update to 1-based time sig?
2017-10-06 16:04:28,642 INFO [91388100]                Voice.java:257  | S4 MeasureStack#1 Voice #1 too long 1
2017-10-06 16:04:28,643 INFO [91388100]                Voice.java:257  | S4 MeasureStack#1 Voice #2 too long 1
2017-10-06 16:04:28,644 INFO [91388100]           StackTuner.java:92   | S4 MeasureStack#1 no correct rhythm
2017-10-06 16:04:28,646 INFO [91388100]                Voice.java:257  | S4 MeasureStack#2 Voice #1 too long 1/8
2017-10-06 16:04:28,647 INFO [91388100]           StackTuner.java:92   | S4 MeasureStack#2 no correct rhythm
2017-10-06 16:04:28,650 INFO [91388100]         SlotsBuilder.java:427  | S4 MeasureStack#4 Slot{#3 xOffset=93 timeOffset=3/8 incomings=[#6434] SUSPICIOUS}
2017-10-06 16:04:28,651 INFO [91388100]         SlotsBuilder.java:427  | S4 MeasureStack#4 Slot{#6 xOffset=171 timeOffset=5/8 incomings=[#6435] SUSPICIOUS}
2017-10-06 16:04:28,652 INFO [91388100]         SlotsBuilder.java:427  | S4 MeasureStack#4 Slot{#8 xOffset=226 timeOffset=7/8 incomings=[#6436] SUSPICIOUS}
2017-10-06 16:04:28,652 INFO [91388100]                Voice.java:257  | S4 MeasureStack#4 Voice #3 too long 1/8
2017-10-06 16:04:28,653 INFO [91388100]           StackTuner.java:92   | S4 MeasureStack#4 no correct rhythm
2017-10-06 16:04:28,656 INFO [91388100]                Voice.java:257  | S5 MeasureStack#6 Voice #1 too long 1/8
2017-10-06 16:04:28,656 INFO [91388100]           StackTuner.java:92   | S5 MeasureStack#6 no correct rhythm
2017-10-06 16:04:28,657 INFO [91388100]                Voice.java:257  | S5 MeasureStack#7 Voice #1 too long 1/4
2017-10-06 16:04:28,658 INFO [91388100]                Voice.java:257  | S5 MeasureStack#7 Voice #2 too long 1/4
2017-10-06 16:04:28,658 INFO [91388100]           StackTuner.java:92   | S5 MeasureStack#7 no correct rhythm
2017-10-06 16:04:28,660 INFO [91388100]            BasicBook.java:1395 | Stored /book.xml
2017-10-06 16:04:29,792 INFO [91388100]           BasicSheet.java:979  | Stored /sheet#1/sheet#1.xml
2017-10-06 16:04:29,795 INFO [91388100]       StepMonitoring.java:96   | PAGE
2017-10-06 16:04:29,800 INFO [91388100]                Voice.java:257  | S1 MeasureStack#4 Voice #1 too long 1/8
2017-10-06 16:04:29,801 INFO [91388100]                Voice.java:257  | S1 MeasureStack#4 Voice #2 too long 1/8
2017-10-06 16:04:29,801 INFO [91388100]                Voice.java:257  | S1 MeasureStack#4 Voice #3 too long 1/8
2017-10-06 16:04:29,802 INFO [91388100]                Voice.java:257  | S1 MeasureStack#4 Voice #4 too long 1/4
2017-10-06 16:04:29,803 INFO [91388100]                Voice.java:257  | S2 MeasureStack#8 Voice #1 too long 1/8
2017-10-06 16:04:29,804 INFO [91388100]                 Part.java:275  | Could not right-connect slur#6543
2017-10-06 16:04:29,804 INFO [91388100]                Voice.java:257  | S4 MeasureStack#1 Voice #1 too long 1
2017-10-06 16:04:29,804 INFO [91388100]                Voice.java:257  | S4 MeasureStack#1 Voice #2 too long 1
2017-10-06 16:04:29,805 INFO [91388100]                Voice.java:257  | S4 MeasureStack#2 Voice #1 too long 1/8
2017-10-06 16:04:29,805 INFO [91388100]                Voice.java:257  | S4 MeasureStack#4 Voice #3 too long 1/8
2017-10-06 16:04:29,805 INFO [91388100]                Voice.java:257  | S5 MeasureStack#6 Voice #1 too long 1/8
2017-10-06 16:04:29,806 INFO [91388100]                Voice.java:257  | S5 MeasureStack#7 Voice #1 too long 1/4
2017-10-06 16:04:29,806 INFO [91388100]                Voice.java:257  | S5 MeasureStack#7 Voice #2 too long 1/4
2017-10-06 16:04:29,807 INFO [91388100]            BasicBook.java:1395 | Stored /book.xml
2017-10-06 16:04:30,910 INFO [91388100]           BasicSheet.java:979  | Stored /sheet#1/sheet#1.xml
2017-10-06 16:04:30,914 INFO [91388100]            BasicStub.java:723  | Sheet{91388100} disposed
2017-10-06 16:04:31,904 INFO [91388100]            BasicStub.java:449  | Loaded /sheet#1/sheet#1.xml
2017-10-06 16:04:31,906 INFO [91388100]            BasicBook.java:1133 | Scores built: 2
2017-10-06 16:04:32,942 WARN [91388100]      PartwiseBuilder.java:1379 | Error visiting null
java.lang.NullPointerException: null
	at org.audiveris.omr.score.PartwiseBuilder.processKey(PartwiseBuilder.java:1344)
	at org.audiveris.omr.score.PartwiseBuilder.processKeys(PartwiseBuilder.java:1407)
	at org.audiveris.omr.score.PartwiseBuilder.processMeasure(PartwiseBuilder.java:1575)
	at org.audiveris.omr.score.PartwiseBuilder.processPart(PartwiseBuilder.java:1988)
	at org.audiveris.omr.score.PartwiseBuilder.processSystem(PartwiseBuilder.java:2528)
	at org.audiveris.omr.score.PartwiseBuilder.processLogicalPart(PartwiseBuilder.java:1433)
	at org.audiveris.omr.score.PartwiseBuilder.processStub(PartwiseBuilder.java:2483)
	at org.audiveris.omr.score.PartwiseBuilder.processPartList(PartwiseBuilder.java:2017)
	at org.audiveris.omr.score.PartwiseBuilder.processScore(PartwiseBuilder.java:2195)
	at org.audiveris.omr.score.PartwiseBuilder.build(PartwiseBuilder.java:307)
	at org.audiveris.omr.score.ScoreExporter.export(ScoreExporter.java:117)
	at org.audiveris.omr.score.ScoreExporter.export(ScoreExporter.java:91)
	at org.audiveris.omr.sheet.BasicBook.export(BasicBook.java:589)
	at org.audiveris.omr.CLI$ProcessingTask.processBook(CLI.java:785)
	at org.audiveris.omr.CLI$CliTask.call(CLI.java:344)
	at org.audiveris.omr.Main.runBatchTasks(Main.java:316)
	at org.audiveris.omr.Main.main(Main.java:155)
	at Audiveris.main(Audiveris.java:49)
2017-10-06 16:04:33,014 INFO [91388100]        ScoreExporter.java:93   | Score 91388100.mvt1 exported to /Users/stephenn/Documents/workspace/nlsomr/xml_out/91386487/91388100/91388100.mvt1.mxl
2017-10-06 16:04:33,015 WARN [91388100]      PartwiseBuilder.java:1379 | Error visiting null
java.lang.NullPointerException: null
	at org.audiveris.omr.score.PartwiseBuilder.processKey(PartwiseBuilder.java:1344)
	at org.audiveris.omr.score.PartwiseBuilder.processKeys(PartwiseBuilder.java:1407)
	at org.audiveris.omr.score.PartwiseBuilder.processMeasure(PartwiseBuilder.java:1575)
	at org.audiveris.omr.score.PartwiseBuilder.processPart(PartwiseBuilder.java:1988)
	at org.audiveris.omr.score.PartwiseBuilder.processSystem(PartwiseBuilder.java:2528)
	at org.audiveris.omr.score.PartwiseBuilder.processLogicalPart(PartwiseBuilder.java:1433)
	at org.audiveris.omr.score.PartwiseBuilder.processStub(PartwiseBuilder.java:2483)
	at org.audiveris.omr.score.PartwiseBuilder.processPartList(PartwiseBuilder.java:2017)
	at org.audiveris.omr.score.PartwiseBuilder.processScore(PartwiseBuilder.java:2195)
	at org.audiveris.omr.score.PartwiseBuilder.build(PartwiseBuilder.java:307)
	at org.audiveris.omr.score.ScoreExporter.export(ScoreExporter.java:117)
	at org.audiveris.omr.score.ScoreExporter.export(ScoreExporter.java:91)
	at org.audiveris.omr.sheet.BasicBook.export(BasicBook.java:589)
	at org.audiveris.omr.CLI$ProcessingTask.processBook(CLI.java:785)
	at org.audiveris.omr.CLI$CliTask.call(CLI.java:344)
	at org.audiveris.omr.Main.runBatchTasks(Main.java:316)
	at org.audiveris.omr.Main.main(Main.java:155)
	at Audiveris.main(Audiveris.java:49)
2017-10-06 16:04:33,039 INFO [91388100]        ScoreExporter.java:93   | Score 91388100.mvt2 exported to /Users/stephenn/Documents/workspace/nlsomr/xml_out/91386487/91388100/91388100.mvt2.mxl
2017-10-06 16:04:33,191 INFO [91388100]            BasicBook.java:1395 | Stored /book.xml
2017-10-06 16:04:33,192 INFO [91388100]            BasicBook.java:1355 | Book stored as /Users/stephenn/Documents/workspace/nlsomr/xml_out/91386487/91388100/91388100.omr
