2017-10-06 15:04:53,761 INFO [91387308]            BasicBook.java:427  | 1 sheet in /Users/stephenn/Documents/workspace/nlsomr/working/91387308.jpg
2017-10-06 15:04:53,903 INFO []            BasicBook.java:1395 | Stored /book.xml
2017-10-06 15:04:53,904 INFO []            BasicBook.java:1355 | Book stored as /Users/stephenn/Documents/workspace/nlsomr/xml_out/91386487/91387308/91387308.omr
2017-10-06 15:04:53,909 INFO []            BasicBook.java:996  | Book reaching PAGE on sheets:[#1]
2017-10-06 15:04:53,911 INFO [91387308]       StepMonitoring.java:96   | LOAD
2017-10-06 15:04:54,059 INFO [91387308]            BasicBook.java:911  | Loaded image 1 2000x3056 from /Users/stephenn/Documents/workspace/nlsomr/working/91387308.jpg
2017-10-06 15:04:54,063 INFO [91387308]            ImageUtil.java:82   | Converting max RGB to gray ...
2017-10-06 15:04:54,294 INFO [91387308]            BasicBook.java:1395 | Stored /book.xml
2017-10-06 15:04:54,612 INFO [91387308]           BasicSheet.java:979  | Stored /sheet#1/sheet#1.xml
2017-10-06 15:04:54,614 INFO [91387308]       StepMonitoring.java:96   | BINARY
2017-10-06 15:04:55,259 INFO [91387308]            BasicBook.java:1395 | Stored /book.xml
2017-10-06 15:04:55,525 INFO [91387308]              Picture.java:786  | Stored /sheet#1/BINARY.xml
2017-10-06 15:04:55,527 INFO [91387308]           BasicSheet.java:979  | Stored /sheet#1/sheet#1.xml
2017-10-06 15:04:55,529 INFO [91387308]       StepMonitoring.java:96   | SCALE
2017-10-06 15:04:55,570 INFO [91387308]            ScaleStep.java:87   | Scale{line(3,4,5) interline(16,16,17) beam(13)}
2017-10-06 15:04:55,573 INFO [91387308]            BasicBook.java:1395 | Stored /book.xml
2017-10-06 15:04:55,575 INFO [91387308]           BasicSheet.java:979  | Stored /sheet#1/sheet#1.xml
2017-10-06 15:04:55,576 INFO [91387308]       StepMonitoring.java:96   | GRID
2017-10-06 15:04:56,424 INFO [91387308]       LinesRetriever.java:442  | Global slope: -0.00363
2017-10-06 15:04:56,564 INFO [91387308]    ClustersRetriever.java:241  | Retrieved line clusters: 10 of size: 5 with interline: (16,16,17)
2017-10-06 15:04:57,028 INFO [91387308]            PeakGraph.java:181  | Systems: #1[1, 2] #2[3, 4] #3[5, 6] #4[7, 8] #5[9, 10]
2017-10-06 15:04:57,737 INFO [91387308]        SystemManager.java:626  | Indentation detected for system#1
2017-10-06 15:04:57,738 INFO [91387308]        SystemManager.java:626  | Indentation detected for system#4
2017-10-06 15:04:57,738 INFO [91387308]        SystemManager.java:671  | 2 pages found in sheet
2017-10-06 15:04:57,738 INFO [91387308]        SystemManager.java:709  | Page #1: 1 part along 3 systems
2017-10-06 15:04:57,739 INFO [91387308]        SystemManager.java:709  | Page #2: 1 part along 2 systems
2017-10-06 15:04:57,742 INFO [91387308]            BasicBook.java:1395 | Stored /book.xml
2017-10-06 15:04:57,937 INFO [91387308]           BasicSheet.java:979  | Stored /sheet#1/sheet#1.xml
2017-10-06 15:04:57,940 INFO [91387308]       StepMonitoring.java:96   | HEADERS
2017-10-06 15:04:58,311 INFO [91387308]          Nd4jBackend.java:194  | Loaded [CpuBackend] backend
2017-10-06 15:04:58,368 INFO [91387308]      NativeOpsHolder.java:49   | Number of threads used for NativeOps: 2
2017-10-06 15:04:58,764 INFO [91387308] DefaultOpExecutioner.java:544  | Backend used: [CPU]; OS: [Mac OS X]
2017-10-06 15:04:58,764 INFO [91387308] DefaultOpExecutioner.java:545  | Cores: [4]; Memory: [3.6GB];
2017-10-06 15:04:58,765 INFO [91387308] DefaultOpExecutioner.java:546  | Blas vendor: [OPENBLAS]
2017-10-06 15:04:58,800 INFO [91387308]   AbstractClassifier.java:332  | Classifier data loaded from default uri jar:file:/Users/stephenn/Documents/workspace/audiveris/build/distributions/Audiveris/lib/audiveris.jar!/res/basic-classifier.zip
2017-10-06 15:05:00,325 WARN [91387308]          ClefBuilder.java:560  | Staff#2 no header clef.
2017-10-06 15:05:00,424 INFO [91387308]           KeyBuilder.java:746  | Staff#1 key slice#2 pitch adjusted from -3.7 to -3
2017-10-06 15:05:01,037 WARN [91387308]          ClefBuilder.java:560  | Staff#4 no header clef.
2017-10-06 15:05:01,097 INFO [91387308]           KeyBuilder.java:746  | Staff#3 key slice#2 pitch adjusted from -3.7 to -3
2017-10-06 15:05:01,810 INFO [91387308]            BasicBook.java:1395 | Stored /book.xml
2017-10-06 15:05:01,837 INFO []   AbstractClassifier.java:332  | Classifier data loaded from default uri jar:file:/Users/stephenn/Documents/workspace/audiveris/build/distributions/Audiveris/lib/audiveris.jar!/res/deep-classifier.zip
2017-10-06 15:05:02,140 INFO [91387308]           BasicSheet.java:979  | Stored /sheet#1/sheet#1.xml
2017-10-06 15:05:02,142 INFO [91387308]       StepMonitoring.java:96   | STEM_SEEDS
2017-10-06 15:05:02,243 INFO [91387308]        StemSeedsStep.java:91   | stem(4 max:5)
2017-10-06 15:05:02,369 INFO [91387308]            BasicBook.java:1395 | Stored /book.xml
2017-10-06 15:05:02,733 INFO [91387308]           BasicSheet.java:979  | Stored /sheet#1/sheet#1.xml
2017-10-06 15:05:02,735 INFO [91387308]       StepMonitoring.java:96   | BEAMS
2017-10-06 15:05:07,479 INFO [91387308]            BeamsStep.java:89   | BeamDistance{count:18 mean:15.32 stdDev:0.63}
2017-10-06 15:05:07,482 INFO [91387308]            BasicBook.java:1395 | Stored /book.xml
2017-10-06 15:05:07,555 INFO [91387308]              Picture.java:786  | Stored /sheet#1/HEAD_SPOTS.xml
2017-10-06 15:05:08,084 INFO [91387308]           BasicSheet.java:979  | Stored /sheet#1/sheet#1.xml
2017-10-06 15:05:08,086 INFO [91387308]       StepMonitoring.java:96   | LEDGERS
2017-10-06 15:05:08,489 INFO [91387308]            BasicBook.java:1395 | Stored /book.xml
2017-10-06 15:05:09,061 INFO [91387308]           BasicSheet.java:979  | Stored /sheet#1/sheet#1.xml
2017-10-06 15:05:09,064 INFO [91387308]       StepMonitoring.java:96   | HEADS
2017-10-06 15:05:11,421 INFO [91387308]            BasicBook.java:1395 | Stored /book.xml
2017-10-06 15:05:12,559 INFO [91387308]           BasicSheet.java:979  | Stored /sheet#1/sheet#1.xml
2017-10-06 15:05:12,562 INFO [91387308]       StepMonitoring.java:96   | STEMS
2017-10-06 15:05:14,472 INFO [91387308]            BasicBook.java:1395 | Stored /book.xml
2017-10-06 15:05:16,001 INFO [91387308]           BasicSheet.java:979  | Stored /sheet#1/sheet#1.xml
2017-10-06 15:05:16,004 INFO [91387308]       StepMonitoring.java:96   | REDUCTION
2017-10-06 15:05:16,414 INFO [91387308]            BasicBook.java:1395 | Stored /book.xml
2017-10-06 15:05:17,484 INFO [91387308]           BasicSheet.java:979  | Stored /sheet#1/sheet#1.xml
2017-10-06 15:05:17,487 INFO [91387308]       StepMonitoring.java:96   | CUE_BEAMS
2017-10-06 15:05:17,502 INFO [91387308]            BasicBook.java:1395 | Stored /book.xml
2017-10-06 15:05:18,557 INFO [91387308]           BasicSheet.java:979  | Stored /sheet#1/sheet#1.xml
2017-10-06 15:05:18,559 INFO [91387308]       StepMonitoring.java:96   | TEXTS
2017-10-06 15:05:20,049 INFO [91387308]            BasicBook.java:1395 | Stored /book.xml
2017-10-06 15:05:21,125 INFO [91387308]           BasicSheet.java:979  | Stored /sheet#1/sheet#1.xml
2017-10-06 15:05:21,127 INFO [91387308]       StepMonitoring.java:96   | MEASURES
2017-10-06 15:05:21,131 INFO [91387308]                 Page.java:210  | 10 raw measures: [3 in system#1, 4 in system#2, 3 in system#3]
2017-10-06 15:05:21,131 INFO [91387308]                 Page.java:210  | 11 raw measures: [6 in system#4, 5 in system#5]
2017-10-06 15:05:21,133 INFO [91387308]            BasicBook.java:1395 | Stored /book.xml
2017-10-06 15:05:22,219 INFO [91387308]           BasicSheet.java:979  | Stored /sheet#1/sheet#1.xml
2017-10-06 15:05:22,221 INFO [91387308]       StepMonitoring.java:96   | CHORDS
2017-10-06 15:05:22,233 INFO [91387308]            BasicBook.java:1395 | Stored /book.xml
2017-10-06 15:05:23,338 INFO [91387308]           BasicSheet.java:979  | Stored /sheet#1/sheet#1.xml
2017-10-06 15:05:23,340 INFO [91387308]       StepMonitoring.java:96   | CURVES
2017-10-06 15:05:24,822 INFO [91387308]         SlursBuilder.java:157  | Slurs: 9
2017-10-06 15:05:24,851 INFO [91387308]      SegmentsBuilder.java:113  | Segments: 18
2017-10-06 15:05:24,858 INFO [91387308]            BasicBook.java:1395 | Stored /book.xml
2017-10-06 15:05:26,199 INFO [91387308]           BasicSheet.java:979  | Stored /sheet#1/sheet#1.xml
2017-10-06 15:05:26,202 INFO [91387308]       StepMonitoring.java:96   | SYMBOLS
2017-10-06 15:05:29,025 INFO [91387308]            BasicBook.java:1395 | Stored /book.xml
2017-10-06 15:05:30,504 INFO [91387308]           BasicSheet.java:979  | Stored /sheet#1/sheet#1.xml
2017-10-06 15:05:30,507 INFO [91387308]       StepMonitoring.java:96   | LINKS
2017-10-06 15:05:30,531 INFO [91387308]        SymbolsLinker.java:306  | No measure stack for direction SentenceInter{#5657(0.687) s:7 S-34 Direction} 72.
2017-10-06 15:05:30,556 INFO [91387308]            BasicBook.java:1395 | Stored /book.xml
2017-10-06 15:05:32,023 INFO [91387308]           BasicSheet.java:979  | Stored /sheet#1/sheet#1.xml
2017-10-06 15:05:32,025 INFO [91387308]       StepMonitoring.java:96   | RHYTHMS
2017-10-06 15:05:32,059 WARN [91387308]            BeamGroup.java:226  | HeadChordInter{#5755(0.870/0.870) s:5 dur:1/8} Cannot compute chord time based on previous chord
2017-10-06 15:05:32,060 WARN [91387308]   AbstractChordInter.java:1156 | RestChordInter{#7155(0.632/0.632) s:5 dur:1} Attempt to reassign voice from 1 to 2
2017-10-06 15:05:32,063 INFO [91387308]         SlotsBuilder.java:399  | Stack#9 suspicious Slot{#2 xOffset=77 timeOffset=3/16 incomings=[#5784]}
2017-10-06 15:05:32,069 INFO [91387308]           PageRhythm.java:314  | Range{1-10 ts:3/2} Durations avgGuess:1 topGuess:1 avgValue:1.01 stacks:10 voices:22 Histogram{3/16-9/4 size:13 [3/16=1 1/4=3 5/16=2 1/2=2 1=4 5/4=1 21/16=1 3/2=1 25/16=1 13/8=3 7/4=1 17/8=1 9/4=1]}
2017-10-06 15:05:32,070 INFO [91387308]           PageRhythm.java:221  | S1 Range{1-10 ts:3/2 dur:1} should update to 1-based time sig?
2017-10-06 15:05:32,074 INFO [91387308]                Voice.java:257  | S1 MeasureStack#2 Voice #1 too long 5/8
2017-10-06 15:05:32,074 INFO [91387308]                Voice.java:257  | S1 MeasureStack#2 Voice #2 too long 5/4
2017-10-06 15:05:32,075 INFO [91387308]                Voice.java:257  | S1 MeasureStack#2 Voice #3 too long 9/8
2017-10-06 15:05:32,075 INFO [91387308]           StackTuner.java:92   | S1 MeasureStack#2 no correct rhythm
2017-10-06 15:05:32,078 INFO [91387308]                Voice.java:257  | S1 MeasureStack#3 Voice #2 too long 3/4
2017-10-06 15:05:32,079 INFO [91387308]           StackTuner.java:92   | S1 MeasureStack#3 no correct rhythm
2017-10-06 15:05:32,081 INFO [91387308]                Voice.java:257  | S2 MeasureStack#4 Voice #1 too long 5/8
2017-10-06 15:05:32,082 INFO [91387308]                Voice.java:257  | S2 MeasureStack#4 Voice #2 too long 1/2
2017-10-06 15:05:32,082 INFO [91387308]           StackTuner.java:92   | S2 MeasureStack#4 no correct rhythm
2017-10-06 15:05:32,084 INFO [91387308]                Voice.java:257  | S2 MeasureStack#5 Voice #2 too long 1/4
2017-10-06 15:05:32,085 INFO [91387308]           StackTuner.java:92   | S2 MeasureStack#5 no correct rhythm
2017-10-06 15:05:32,088 INFO [91387308]                Voice.java:257  | S2 MeasureStack#7 Voice #1 too long 5/8
2017-10-06 15:05:32,089 INFO [91387308]                Voice.java:257  | S2 MeasureStack#7 Voice #2 too long 9/16
2017-10-06 15:05:32,089 INFO [91387308]           StackTuner.java:92   | S2 MeasureStack#7 no correct rhythm
2017-10-06 15:05:32,091 WARN [91387308]            BeamGroup.java:226  | HeadChordInter{#5755(0.870/0.870) s:5 dur:1/8} Cannot compute chord time based on previous chord
2017-10-06 15:05:32,092 WARN [91387308]   AbstractChordInter.java:1156 | RestChordInter{#7155(0.632/0.632) s:5 dur:1} Attempt to reassign voice from 1 to 2
2017-10-06 15:05:32,092 INFO [91387308]         SlotsBuilder.java:427  | S3 MeasureStack#8 Slot{#4 xOffset=278 timeOffset=1/4 incomings=[#5773] SUSPICIOUS}
2017-10-06 15:05:32,093 INFO [91387308]         SlotsBuilder.java:427  | S3 MeasureStack#8 Slot{#6 xOffset=316 timeOffset=3/8 incomings=[#5774] SUSPICIOUS}
2017-10-06 15:05:32,093 INFO [91387308]         SlotsBuilder.java:427  | S3 MeasureStack#8 Slot{#8 xOffset=355 timeOffset=1/2 incomings=[#5775] SUSPICIOUS}
2017-10-06 15:05:32,094 INFO [91387308]                Voice.java:257  | S3 MeasureStack#8 Voice #1 too long 5/8
2017-10-06 15:05:32,095 INFO [91387308]                Voice.java:257  | S3 MeasureStack#8 Voice #3 too long 5/8
2017-10-06 15:05:32,095 INFO [91387308]           StackTuner.java:92   | S3 MeasureStack#8 no correct rhythm
2017-10-06 15:05:32,097 INFO [91387308]         SlotsBuilder.java:434  | Stack#9 endless loop detected
2017-10-06 15:05:32,100 INFO [91387308]                Voice.java:257  | S3 MeasureStack#10 Voice #2 too long 5/16
2017-10-06 15:05:32,101 INFO [91387308]           StackTuner.java:92   | S3 MeasureStack#10 no correct rhythm
2017-10-06 15:05:32,114 INFO [91387308]           PageRhythm.java:314  | Range{1-11 ts:2/4} Durations avgGuess:1/2 topGuess:1/2 avgValue:0.54 stacks:11 voices:34 Histogram{1/8-7/8 size:8 [1/8=1 1/4=5 5/16=1 3/8=1 7/16=3 1/2=19 5/8=2 7/8=2]}
2017-10-06 15:05:32,118 INFO [91387308]                Voice.java:257  | S4 MeasureStack#3 Voice #2 too long 3/8
2017-10-06 15:05:32,119 INFO [91387308]           StackTuner.java:92   | S4 MeasureStack#3 no correct rhythm
2017-10-06 15:05:32,121 INFO [91387308]         SlotsBuilder.java:427  | S4 MeasureStack#4 Slot{#7 xOffset=220 timeOffset=7/16 incomings=[#5848] SUSPICIOUS}
2017-10-06 15:05:32,121 INFO [91387308]                Voice.java:257  | S4 MeasureStack#4 Voice #4 too long 1/16
2017-10-06 15:05:32,122 INFO [91387308]           StackTuner.java:92   | S4 MeasureStack#4 no correct rhythm
2017-10-06 15:05:32,123 INFO [91387308]                Voice.java:257  | S4 MeasureStack#5 Voice #2 too long 1/8
2017-10-06 15:05:32,123 INFO [91387308]           StackTuner.java:92   | S4 MeasureStack#5 no correct rhythm
2017-10-06 15:05:32,125 INFO [91387308]         SlotsBuilder.java:427  | S4 MeasureStack#6 Slot{#6 xOffset=196 timeOffset=7/16 incomings=[#5856] SUSPICIOUS}
2017-10-06 15:05:32,125 INFO [91387308]                Voice.java:257  | S4 MeasureStack#6 Voice #3 too long 1/16
2017-10-06 15:05:32,126 INFO [91387308]           StackTuner.java:92   | S4 MeasureStack#6 no correct rhythm
2017-10-06 15:05:32,130 INFO [91387308]                Voice.java:257  | S5 MeasureStack#9 Voice #2 too long 3/8
2017-10-06 15:05:32,130 INFO [91387308]                Voice.java:257  | S5 MeasureStack#9 Voice #3 too long 1/8
2017-10-06 15:05:32,130 INFO [91387308]           StackTuner.java:92   | S5 MeasureStack#9 no correct rhythm
2017-10-06 15:05:32,136 INFO [91387308]            BasicBook.java:1395 | Stored /book.xml
2017-10-06 15:05:33,652 INFO [91387308]           BasicSheet.java:979  | Stored /sheet#1/sheet#1.xml
2017-10-06 15:05:33,654 INFO [91387308]       StepMonitoring.java:96   | PAGE
2017-10-06 15:05:33,657 INFO [91387308]                 Part.java:275  | Could not right-connect slur#5926
2017-10-06 15:05:33,658 INFO [91387308]                 Part.java:267  | Could not left-connect slur#5920
2017-10-06 15:05:33,659 INFO [91387308]                Voice.java:257  | S1 MeasureStack#2 Voice #1 too long 5/8
2017-10-06 15:05:33,659 INFO [91387308]                Voice.java:257  | S1 MeasureStack#2 Voice #2 too long 5/4
2017-10-06 15:05:33,659 INFO [91387308]                Voice.java:257  | S1 MeasureStack#2 Voice #3 too long 9/8
2017-10-06 15:05:33,660 INFO [91387308]                Voice.java:257  | S1 MeasureStack#3 Voice #2 too long 3/4
2017-10-06 15:05:33,660 INFO [91387308]                Voice.java:257  | S2 MeasureStack#4 Voice #1 too long 5/8
2017-10-06 15:05:33,660 INFO [91387308]                Voice.java:257  | S2 MeasureStack#4 Voice #2 too long 1/2
2017-10-06 15:05:33,661 INFO [91387308]                Voice.java:257  | S2 MeasureStack#5 Voice #2 too long 1/4
2017-10-06 15:05:33,661 INFO [91387308]                Voice.java:257  | S2 MeasureStack#7 Voice #1 too long 5/8
2017-10-06 15:05:33,661 INFO [91387308]                Voice.java:257  | S2 MeasureStack#7 Voice #2 too long 9/16
2017-10-06 15:05:33,661 INFO [91387308]                Voice.java:257  | S3 MeasureStack#8 Voice #1 too long 5/8
2017-10-06 15:05:33,662 INFO [91387308]                Voice.java:257  | S3 MeasureStack#8 Voice #3 too long 5/8
2017-10-06 15:05:33,662 INFO [91387308]                Voice.java:257  | S3 MeasureStack#10 Voice #2 too long 5/16
2017-10-06 15:05:33,662 INFO [91387308]                Voice.java:257  | S4 MeasureStack#3 Voice #2 too long 3/8
2017-10-06 15:05:33,663 INFO [91387308]                Voice.java:257  | S4 MeasureStack#4 Voice #4 too long 1/16
2017-10-06 15:05:33,663 INFO [91387308]                Voice.java:257  | S4 MeasureStack#5 Voice #2 too long 1/8
2017-10-06 15:05:33,663 INFO [91387308]                Voice.java:257  | S4 MeasureStack#6 Voice #3 too long 1/16
2017-10-06 15:05:33,664 INFO [91387308]                Voice.java:257  | S5 MeasureStack#9 Voice #2 too long 3/8
2017-10-06 15:05:33,664 INFO [91387308]                Voice.java:257  | S5 MeasureStack#9 Voice #3 too long 1/8
2017-10-06 15:05:33,666 INFO [91387308]            BasicBook.java:1395 | Stored /book.xml
2017-10-06 15:05:35,173 INFO [91387308]           BasicSheet.java:979  | Stored /sheet#1/sheet#1.xml
2017-10-06 15:05:35,176 INFO [91387308]            BasicStub.java:723  | Sheet{91387308} disposed
2017-10-06 15:05:36,210 INFO [91387308]            BasicStub.java:449  | Loaded /sheet#1/sheet#1.xml
2017-10-06 15:05:36,212 INFO [91387308]            BasicBook.java:1133 | Scores built: 2
2017-10-06 15:05:37,217 WARN [91387308]      PartwiseBuilder.java:1379 | Error visiting null
java.lang.NullPointerException: null
	at org.audiveris.omr.score.PartwiseBuilder.processKey(PartwiseBuilder.java:1344)
	at org.audiveris.omr.score.PartwiseBuilder.processKeys(PartwiseBuilder.java:1407)
	at org.audiveris.omr.score.PartwiseBuilder.processMeasure(PartwiseBuilder.java:1575)
	at org.audiveris.omr.score.PartwiseBuilder.processPart(PartwiseBuilder.java:1988)
	at org.audiveris.omr.score.PartwiseBuilder.processSystem(PartwiseBuilder.java:2528)
	at org.audiveris.omr.score.PartwiseBuilder.processLogicalPart(PartwiseBuilder.java:1433)
	at org.audiveris.omr.score.PartwiseBuilder.processStub(PartwiseBuilder.java:2483)
	at org.audiveris.omr.score.PartwiseBuilder.processPartList(PartwiseBuilder.java:2017)
	at org.audiveris.omr.score.PartwiseBuilder.processScore(PartwiseBuilder.java:2195)
	at org.audiveris.omr.score.PartwiseBuilder.build(PartwiseBuilder.java:307)
	at org.audiveris.omr.score.ScoreExporter.export(ScoreExporter.java:117)
	at org.audiveris.omr.score.ScoreExporter.export(ScoreExporter.java:91)
	at org.audiveris.omr.sheet.BasicBook.export(BasicBook.java:589)
	at org.audiveris.omr.CLI$ProcessingTask.processBook(CLI.java:785)
	at org.audiveris.omr.CLI$CliTask.call(CLI.java:344)
	at org.audiveris.omr.Main.runBatchTasks(Main.java:316)
	at org.audiveris.omr.Main.main(Main.java:155)
	at Audiveris.main(Audiveris.java:49)
2017-10-06 15:05:37,228 WARN [91387308]      PartwiseBuilder.java:1379 | Error visiting null
java.lang.NullPointerException: null
	at org.audiveris.omr.score.PartwiseBuilder.processKey(PartwiseBuilder.java:1344)
	at org.audiveris.omr.score.PartwiseBuilder.processKeys(PartwiseBuilder.java:1407)
	at org.audiveris.omr.score.PartwiseBuilder.processMeasure(PartwiseBuilder.java:1575)
	at org.audiveris.omr.score.PartwiseBuilder.processPart(PartwiseBuilder.java:1988)
	at org.audiveris.omr.score.PartwiseBuilder.processSystem(PartwiseBuilder.java:2528)
	at org.audiveris.omr.score.PartwiseBuilder.processLogicalPart(PartwiseBuilder.java:1433)
	at org.audiveris.omr.score.PartwiseBuilder.processStub(PartwiseBuilder.java:2483)
	at org.audiveris.omr.score.PartwiseBuilder.processPartList(PartwiseBuilder.java:2017)
	at org.audiveris.omr.score.PartwiseBuilder.processScore(PartwiseBuilder.java:2195)
	at org.audiveris.omr.score.PartwiseBuilder.build(PartwiseBuilder.java:307)
	at org.audiveris.omr.score.ScoreExporter.export(ScoreExporter.java:117)
	at org.audiveris.omr.score.ScoreExporter.export(ScoreExporter.java:91)
	at org.audiveris.omr.sheet.BasicBook.export(BasicBook.java:589)
	at org.audiveris.omr.CLI$ProcessingTask.processBook(CLI.java:785)
	at org.audiveris.omr.CLI$CliTask.call(CLI.java:344)
	at org.audiveris.omr.Main.runBatchTasks(Main.java:316)
	at org.audiveris.omr.Main.main(Main.java:155)
	at Audiveris.main(Audiveris.java:49)
2017-10-06 15:05:37,286 INFO [91387308]        ScoreExporter.java:93   | Score 91387308.mvt1 exported to /Users/stephenn/Documents/workspace/nlsomr/xml_out/91386487/91387308/91387308.mvt1.mxl
2017-10-06 15:05:37,330 INFO [91387308]        ScoreExporter.java:93   | Score 91387308.mvt2 exported to /Users/stephenn/Documents/workspace/nlsomr/xml_out/91386487/91387308/91387308.mvt2.mxl
2017-10-06 15:05:37,481 INFO [91387308]            BasicBook.java:1395 | Stored /book.xml
2017-10-06 15:05:37,482 INFO [91387308]            BasicBook.java:1355 | Book stored as /Users/stephenn/Documents/workspace/nlsomr/xml_out/91386487/91387308/91387308.omr
