2017-10-06 15:59:09,733 INFO [91388040]            BasicBook.java:427  | 1 sheet in /Users/stephenn/Documents/workspace/nlsomr/working/91388040.jpg
2017-10-06 15:59:09,899 INFO []            BasicBook.java:1395 | Stored /book.xml
2017-10-06 15:59:09,900 INFO []            BasicBook.java:1355 | Book stored as /Users/stephenn/Documents/workspace/nlsomr/xml_out/91386487/91388040/91388040.omr
2017-10-06 15:59:09,906 INFO []            BasicBook.java:996  | Book reaching PAGE on sheets:[#1]
2017-10-06 15:59:09,908 INFO [91388040]       StepMonitoring.java:96   | LOAD
2017-10-06 15:59:10,104 INFO [91388040]            BasicBook.java:911  | Loaded image 1 2000x3056 from /Users/stephenn/Documents/workspace/nlsomr/working/91388040.jpg
2017-10-06 15:59:10,108 INFO [91388040]            ImageUtil.java:82   | Converting max RGB to gray ...
2017-10-06 15:59:10,368 INFO [91388040]            BasicBook.java:1395 | Stored /book.xml
2017-10-06 15:59:10,691 INFO [91388040]           BasicSheet.java:979  | Stored /sheet#1/sheet#1.xml
2017-10-06 15:59:10,692 INFO [91388040]       StepMonitoring.java:96   | BINARY
2017-10-06 15:59:11,295 INFO [91388040]            BasicBook.java:1395 | Stored /book.xml
2017-10-06 15:59:11,628 INFO [91388040]              Picture.java:786  | Stored /sheet#1/BINARY.xml
2017-10-06 15:59:11,630 INFO [91388040]           BasicSheet.java:979  | Stored /sheet#1/sheet#1.xml
2017-10-06 15:59:11,633 INFO [91388040]       StepMonitoring.java:96   | SCALE
2017-10-06 15:59:11,676 INFO [91388040]         ScaleBuilder.java:229  | No beam key found, guessed value 10
2017-10-06 15:59:11,677 INFO [91388040]            ScaleStep.java:87   | Scale{line(3,5,6) interline(16,16,17) beam(10 extra)}
2017-10-06 15:59:11,679 INFO [91388040]            BasicBook.java:1395 | Stored /book.xml
2017-10-06 15:59:11,681 INFO [91388040]           BasicSheet.java:979  | Stored /sheet#1/sheet#1.xml
2017-10-06 15:59:11,684 INFO [91388040]       StepMonitoring.java:96   | GRID
2017-10-06 15:59:12,883 INFO [91388040]       LinesRetriever.java:442  | Global slope: -0.00118
2017-10-06 15:59:13,017 INFO [91388040]    ClustersRetriever.java:241  | Retrieved line clusters: 12 of size: 5 with interline: (16,16,17)
2017-10-06 15:59:14,227 INFO [91388040]            PeakGraph.java:181  | Systems: #1[1, 2] #2[3, 4] #3[5, 6] #4[7, 8] #5[9, 10] #6[11, 12]
2017-10-06 15:59:15,389 INFO [91388040]        SystemManager.java:626  | Indentation detected for system#1
2017-10-06 15:59:15,389 INFO [91388040]        SystemManager.java:626  | Indentation detected for system#6
2017-10-06 15:59:15,390 INFO [91388040]        SystemManager.java:671  | 2 pages found in sheet
2017-10-06 15:59:15,390 INFO [91388040]        SystemManager.java:709  | Page #1: 1 part along 5 systems
2017-10-06 15:59:15,390 INFO [91388040]        SystemManager.java:709  | Page #2: 1 part along 1 system
2017-10-06 15:59:15,394 INFO [91388040]            BasicBook.java:1395 | Stored /book.xml
2017-10-06 15:59:15,633 INFO [91388040]           BasicSheet.java:979  | Stored /sheet#1/sheet#1.xml
2017-10-06 15:59:15,636 INFO [91388040]       StepMonitoring.java:96   | HEADERS
2017-10-06 15:59:16,030 INFO []          Nd4jBackend.java:194  | Loaded [CpuBackend] backend
2017-10-06 15:59:16,092 INFO []      NativeOpsHolder.java:49   | Number of threads used for NativeOps: 2
2017-10-06 15:59:16,567 INFO [] DefaultOpExecutioner.java:544  | Backend used: [CPU]; OS: [Mac OS X]
2017-10-06 15:59:16,567 INFO [] DefaultOpExecutioner.java:545  | Cores: [4]; Memory: [3.6GB];
2017-10-06 15:59:16,568 INFO [] DefaultOpExecutioner.java:546  | Blas vendor: [OPENBLAS]
2017-10-06 15:59:16,608 INFO []   AbstractClassifier.java:332  | Classifier data loaded from default uri jar:file:/Users/stephenn/Documents/workspace/audiveris/build/distributions/Audiveris/lib/audiveris.jar!/res/basic-classifier.zip
2017-10-06 15:59:18,277 WARN [91388040]          ClefBuilder.java:560  | Staff#2 no header clef.
2017-10-06 15:59:18,961 INFO [91388040]           KeyBuilder.java:746  | Staff#3 key slice#2 pitch adjusted from -0.4 to -1
2017-10-06 15:59:19,315 INFO [91388040]           KeyBuilder.java:746  | Staff#5 key slice#3 pitch adjusted from -5.5 to -5
2017-10-06 15:59:19,599 WARN [91388040]          ClefBuilder.java:560  | Staff#10 no header clef.
2017-10-06 15:59:19,824 INFO []   AbstractClassifier.java:332  | Classifier data loaded from default uri jar:file:/Users/stephenn/Documents/workspace/audiveris/build/distributions/Audiveris/lib/audiveris.jar!/res/deep-classifier.zip
2017-10-06 15:59:19,952 INFO [91388040]            BasicBook.java:1395 | Stored /book.xml
2017-10-06 15:59:20,281 INFO [91388040]           BasicSheet.java:979  | Stored /sheet#1/sheet#1.xml
2017-10-06 15:59:20,283 INFO [91388040]       StepMonitoring.java:96   | STEM_SEEDS
2017-10-06 15:59:20,380 INFO [91388040]        StemSeedsStep.java:91   | stem(4 max:5)
2017-10-06 15:59:20,542 INFO [91388040]            BasicBook.java:1395 | Stored /book.xml
2017-10-06 15:59:20,868 INFO [91388040]           BasicSheet.java:979  | Stored /sheet#1/sheet#1.xml
2017-10-06 15:59:20,870 INFO [91388040]       StepMonitoring.java:96   | BEAMS
2017-10-06 15:59:24,901 INFO [91388040]            BeamsStep.java:89   | BeamDistance{count:7 mean:6.14 stdDev:7.66}
2017-10-06 15:59:24,904 INFO [91388040]            BasicBook.java:1395 | Stored /book.xml
2017-10-06 15:59:24,992 INFO [91388040]              Picture.java:786  | Stored /sheet#1/HEAD_SPOTS.xml
2017-10-06 15:59:25,470 INFO [91388040]           BasicSheet.java:979  | Stored /sheet#1/sheet#1.xml
2017-10-06 15:59:25,476 INFO [91388040]       StepMonitoring.java:96   | LEDGERS
2017-10-06 15:59:27,001 INFO [91388040]            BasicBook.java:1395 | Stored /book.xml
2017-10-06 15:59:27,639 INFO [91388040]           BasicSheet.java:979  | Stored /sheet#1/sheet#1.xml
2017-10-06 15:59:27,642 INFO [91388040]       StepMonitoring.java:96   | HEADS
2017-10-06 15:59:31,032 INFO [91388040]            BasicBook.java:1395 | Stored /book.xml
2017-10-06 15:59:32,183 INFO [91388040]           BasicSheet.java:979  | Stored /sheet#1/sheet#1.xml
2017-10-06 15:59:32,186 INFO [91388040]       StepMonitoring.java:96   | STEMS
2017-10-06 15:59:36,152 INFO [91388040]            BasicBook.java:1395 | Stored /book.xml
2017-10-06 15:59:37,590 INFO [91388040]           BasicSheet.java:979  | Stored /sheet#1/sheet#1.xml
2017-10-06 15:59:37,594 INFO [91388040]       StepMonitoring.java:96   | REDUCTION
2017-10-06 15:59:39,246 INFO [91388040]            BasicBook.java:1395 | Stored /book.xml
2017-10-06 15:59:40,205 INFO [91388040]           BasicSheet.java:979  | Stored /sheet#1/sheet#1.xml
2017-10-06 15:59:40,208 INFO [91388040]       StepMonitoring.java:96   | CUE_BEAMS
2017-10-06 15:59:40,212 INFO [91388040]            BasicBook.java:1395 | Stored /book.xml
2017-10-06 15:59:41,158 INFO [91388040]           BasicSheet.java:979  | Stored /sheet#1/sheet#1.xml
2017-10-06 15:59:41,160 INFO [91388040]       StepMonitoring.java:96   | TEXTS
2017-10-06 15:59:43,777 INFO [91388040]            BasicBook.java:1395 | Stored /book.xml
2017-10-06 15:59:44,294 INFO [91388040]           BasicSheet.java:979  | Stored /sheet#1/sheet#1.xml
2017-10-06 15:59:44,297 INFO [91388040]       StepMonitoring.java:96   | MEASURES
2017-10-06 15:59:44,303 INFO [91388040]                 Page.java:210  | 20 raw measures: [4 in system#1, 4 in system#2, 4 in system#3, 4 in system#4, 4 in system#5]
2017-10-06 15:59:44,303 INFO [91388040]                 Page.java:210  | 5 raw measures: [5 in system#6]
2017-10-06 15:59:44,305 INFO [91388040]            BasicBook.java:1395 | Stored /book.xml
2017-10-06 15:59:44,794 INFO [91388040]           BasicSheet.java:979  | Stored /sheet#1/sheet#1.xml
2017-10-06 15:59:44,796 INFO [91388040]       StepMonitoring.java:96   | CHORDS
2017-10-06 15:59:44,808 INFO [91388040]            BasicBook.java:1395 | Stored /book.xml
2017-10-06 15:59:45,320 INFO [91388040]           BasicSheet.java:979  | Stored /sheet#1/sheet#1.xml
2017-10-06 15:59:45,322 INFO [91388040]       StepMonitoring.java:96   | CURVES
2017-10-06 15:59:47,320 INFO [91388040]         SlursBuilder.java:762  | LEFT collision SlurInter{#8194(0.612)} & SlurInter{#8292(0.322)} @ HeadInter{#3307(0.674/0.818) e#7981 s:4 p:-1.00 NOTEHEAD_BLACK}
2017-10-06 15:59:47,321 INFO [91388040]         SlursBuilder.java:762  | RIGHT collision SlurInter{#8194(0.612)} & SlurInter{#8292(0.322)} @ HeadInter{#3353(0.589/0.780) e#7983 s:4 p:2.00 NOTEHEAD_BLACK}
2017-10-06 15:59:47,322 INFO [91388040]         SlursBuilder.java:762  | LEFT collision SlurInter{#8292(0.322)} & SlurInter{#8194(0.612)} @ HeadInter{#3307(0.674/0.818) e#7981 s:4 p:-1.00 NOTEHEAD_BLACK}
2017-10-06 15:59:47,323 INFO [91388040]         SlursBuilder.java:762  | RIGHT collision SlurInter{#8292(0.322)} & SlurInter{#8194(0.612)} @ HeadInter{#3353(0.589/0.780) e#7983 s:4 p:2.00 NOTEHEAD_BLACK}
2017-10-06 15:59:47,324 INFO [91388040]         SlursBuilder.java:762  | RIGHT collision SlurInter{#8157(0.689)} & SlurInter{#8222(0.395)} @ HeadInter{#6600(0.688/0.844) e#8102 s:11 p:0.00 NOTEHEAD_BLACK}
2017-10-06 15:59:47,325 INFO [91388040]         SlursBuilder.java:762  | RIGHT collision SlurInter{#8222(0.395)} & SlurInter{#8157(0.689)} @ HeadInter{#6600(0.688/0.844) e#8102 s:11 p:0.00 NOTEHEAD_BLACK}
2017-10-06 15:59:47,330 INFO [91388040]         SlursBuilder.java:157  | Slurs: 56
2017-10-06 15:59:47,429 INFO [91388040]      SegmentsBuilder.java:113  | Segments: 31
2017-10-06 15:59:47,442 INFO [91388040]            BasicBook.java:1395 | Stored /book.xml
2017-10-06 15:59:48,281 INFO [91388040]           BasicSheet.java:979  | Stored /sheet#1/sheet#1.xml
2017-10-06 15:59:48,284 INFO [91388040]       StepMonitoring.java:96   | SYMBOLS
2017-10-06 15:59:48,486 INFO [91388040]       SymbolsBuilder.java:340  | Symbol parts shrunk from 10 to 7
2017-10-06 15:59:52,099 INFO [91388040]       SymbolsBuilder.java:340  | Symbol parts shrunk from 18 to 7
2017-10-06 15:59:54,057 INFO [91388040]            BasicBook.java:1395 | Stored /book.xml
2017-10-06 15:59:55,177 INFO [91388040]           BasicSheet.java:979  | Stored /sheet#1/sheet#1.xml
2017-10-06 15:59:55,184 INFO [91388040]       StepMonitoring.java:96   | LINKS
2017-10-06 15:59:55,191 INFO [91388040]        SymbolsLinker.java:323  | No chord above direction SentenceInter{#7845(0.621) s:4 BIS-40 Direction} motto legato
2017-10-06 15:59:55,200 INFO [91388040]        SymbolsLinker.java:252  | No chord above PedalInter{#10466(0.799) PEDAL_UP_MARK}
2017-10-06 15:59:55,217 INFO [91388040]        SymbolsLinker.java:323  | No chord above direction SentenceInter{#7876(0.532) s:9 BS-46 Direction} Ta)
2017-10-06 15:59:55,218 INFO [91388040]        SymbolsLinker.java:252  | No chord above PedalInter{#10519(0.800) PEDAL_UP_MARK}
2017-10-06 15:59:55,223 INFO [91388040]        SymbolsLinker.java:306  | No measure stack for direction SentenceInter{#7911(0.611) s:11 B-30 Direction} J 100.
2017-10-06 15:59:55,242 INFO [91388040]            BasicBook.java:1395 | Stored /book.xml
2017-10-06 15:59:56,313 INFO [91388040]           BasicSheet.java:979  | Stored /sheet#1/sheet#1.xml
2017-10-06 15:59:56,318 INFO [91388040]       StepMonitoring.java:96   | RHYTHMS
2017-10-06 15:59:56,350 WARN [91388040]   AbstractChordInter.java:1156 | HeadChordInter{#8031(0.886/0.886) s:7 dur:1/4} Attempt to reassign voice from 2 to 3
2017-10-06 15:59:56,367 INFO [91388040]           PageRhythm.java:314  | Range{1-20 ts:6/8} Durations avgGuess:3/4 topGuess:1/4 avgValue:0.85 stacks:20 voices:39 Histogram{3/16-2 size:17 [3/16=1 1/4=7 5/16=1 3/8=1 1/2=5 5/8=2 11/16=2 3/4=3 13/16=1 7/8=4 1=2 9/8=2 5/4=3 3/2=1 13/8=2 15/8=1 2=1]}
2017-10-06 15:59:56,374 INFO [91388040]                Voice.java:257  | S1 MeasureStack#1 Voice #2 too long 1/16
2017-10-06 15:59:56,376 INFO [91388040]           StackTuner.java:92   | S1 MeasureStack#1 no correct rhythm
2017-10-06 15:59:56,377 INFO [91388040]                Voice.java:257  | S1 MeasureStack#2 Voice #2 too long 1/2
2017-10-06 15:59:56,378 INFO [91388040]           StackTuner.java:92   | S1 MeasureStack#2 no correct rhythm
2017-10-06 15:59:56,379 INFO [91388040]                Voice.java:257  | S1 MeasureStack#3 Voice #1 too long 7/8
2017-10-06 15:59:56,380 INFO [91388040]                Voice.java:257  | S1 MeasureStack#3 Voice #2 too long 7/8
2017-10-06 15:59:56,380 INFO [91388040]           StackTuner.java:92   | S1 MeasureStack#3 no correct rhythm
2017-10-06 15:59:56,381 INFO [91388040]         SlotsBuilder.java:427  | S1 MeasureStack#4 Slot{#3 xOffset=86 timeOffset=3/16 incomings=[#7943] SUSPICIOUS}
2017-10-06 15:59:56,382 INFO [91388040]         SlotsBuilder.java:427  | S1 MeasureStack#4 Slot{#5 xOffset=127 timeOffset=5/16 incomings=[#7944] SUSPICIOUS}
2017-10-06 15:59:56,382 INFO [91388040]         SlotsBuilder.java:427  | S1 MeasureStack#4 Slot{#7 xOffset=164 timeOffset=7/16 incomings=[#7945] SUSPICIOUS}
2017-10-06 15:59:56,385 INFO [91388040]         SlotsBuilder.java:427  | S1 MeasureStack#4 Slot{#10 xOffset=253 timeOffset=11/16 incomings=[#7947] SUSPICIOUS}
2017-10-06 15:59:56,386 INFO [91388040]                Voice.java:257  | S1 MeasureStack#4 Voice #1 too long 1/8
2017-10-06 15:59:56,386 INFO [91388040]                Voice.java:257  | S1 MeasureStack#4 Voice #2 too long 1/16
2017-10-06 15:59:56,386 INFO [91388040]           StackTuner.java:92   | S1 MeasureStack#4 no correct rhythm
2017-10-06 15:59:56,388 INFO [91388040]         SlotsBuilder.java:427  | S2 MeasureStack#5 Slot{#3 xOffset=265 timeOffset=1/4 incomings=[#7967] SUSPICIOUS}
2017-10-06 15:59:56,389 INFO [91388040]         SlotsBuilder.java:427  | S2 MeasureStack#5 Slot{#5 xOffset=319 timeOffset=1/2 incomings=[#7968] SUSPICIOUS}
2017-10-06 15:59:56,389 INFO [91388040]                Voice.java:257  | S2 MeasureStack#5 Voice #1 too long 1/2
2017-10-06 15:59:56,390 INFO [91388040]                Voice.java:257  | S2 MeasureStack#5 Voice #2 too long 7/16
2017-10-06 15:59:56,390 INFO [91388040]           StackTuner.java:92   | S2 MeasureStack#5 no correct rhythm
2017-10-06 15:59:56,391 INFO [91388040]         SlotsBuilder.java:427  | S2 MeasureStack#6 Slot{#5 xOffset=228 timeOffset=1/2 incomings=[#7955] SUSPICIOUS}
2017-10-06 15:59:56,392 INFO [91388040]         SlotsBuilder.java:427  | S2 MeasureStack#6 Slot{#8 xOffset=336 timeOffset=7/8 incomings=[#7977] SUSPICIOUS}
2017-10-06 15:59:56,392 INFO [91388040]                Voice.java:257  | S2 MeasureStack#6 Voice #1 too long 1/4
2017-10-06 15:59:56,408 INFO [91388040]                Voice.java:257  | S2 MeasureStack#6 Voice #2 too long 3/8
2017-10-06 15:59:56,410 INFO [91388040]           StackTuner.java:92   | S2 MeasureStack#6 no correct rhythm
2017-10-06 15:59:56,413 INFO [91388040]         SlotsBuilder.java:427  | S2 MeasureStack#7 Slot{#5 xOffset=211 timeOffset=1/2 incomings=[#7959] SUSPICIOUS}
2017-10-06 15:59:56,416 INFO [91388040]         SlotsBuilder.java:427  | S2 MeasureStack#7 Slot{#8 xOffset=311 timeOffset=15/16 incomings=[#7983] SUSPICIOUS}
2017-10-06 15:59:56,416 INFO [91388040]                Voice.java:257  | S2 MeasureStack#7 Voice #1 too long 1/4
2017-10-06 15:59:56,416 INFO [91388040]                Voice.java:257  | S2 MeasureStack#7 Voice #2 too long 7/16
2017-10-06 15:59:56,417 INFO [91388040]           StackTuner.java:92   | S2 MeasureStack#7 no correct rhythm
2017-10-06 15:59:56,420 INFO [91388040]         SlotsBuilder.java:427  | S2 MeasureStack#8 Slot{#7 xOffset=309 timeOffset=11/16 incomings=[#7989] SUSPICIOUS}
2017-10-06 15:59:56,421 INFO [91388040]                Voice.java:257  | S2 MeasureStack#8 Voice #1 too long 1/8
2017-10-06 15:59:56,421 INFO [91388040]                Voice.java:257  | S2 MeasureStack#8 Voice #2 too long 1/16
2017-10-06 15:59:56,421 INFO [91388040]           StackTuner.java:92   | S2 MeasureStack#8 no correct rhythm
2017-10-06 15:59:56,423 INFO [91388040]         SlotsBuilder.java:427  | S3 MeasureStack#9 Slot{#4 xOffset=311 timeOffset=5/16 incomings=[#8013] SUSPICIOUS}
2017-10-06 15:59:56,424 INFO [91388040]         SlotsBuilder.java:427  | S3 MeasureStack#9 Slot{#6 xOffset=368 timeOffset=1/2 incomings=[#7992] SUSPICIOUS}
2017-10-06 15:59:56,424 INFO [91388040]                Voice.java:257  | S3 MeasureStack#9 Voice #1 too long 1/4
2017-10-06 15:59:56,425 INFO [91388040]                Voice.java:257  | S3 MeasureStack#9 Voice #2 too long 1/8
2017-10-06 15:59:56,425 INFO [91388040]           StackTuner.java:92   | S3 MeasureStack#9 no correct rhythm
2017-10-06 15:59:56,429 INFO [91388040]         SlotsBuilder.java:427  | S3 MeasureStack#11 Slot{#4 xOffset=158 timeOffset=1/2 incomings=[#7997] SUSPICIOUS}
2017-10-06 15:59:56,431 INFO [91388040]                Voice.java:257  | S3 MeasureStack#11 Voice #1 too long 1/4
2017-10-06 15:59:56,431 INFO [91388040]                Voice.java:257  | S3 MeasureStack#11 Voice #3 too long 1/8
2017-10-06 15:59:56,431 INFO [91388040]           StackTuner.java:92   | S3 MeasureStack#11 no correct rhythm
2017-10-06 15:59:56,435 INFO [91388040]         SlotsBuilder.java:427  | S3 MeasureStack#12 Slot{#3 xOffset=97 timeOffset=1/4 incomings=[#8027] SUSPICIOUS}
2017-10-06 15:59:56,436 INFO [91388040]         SlotsBuilder.java:434  | Stack#12 endless loop detected
2017-10-06 15:59:56,438 WARN [91388040]   AbstractChordInter.java:1156 | HeadChordInter{#8031(0.886/0.886) s:7 dur:1/4} Attempt to reassign voice from 2 to 3
2017-10-06 15:59:56,439 INFO [91388040]                Voice.java:257  | S4 MeasureStack#13 Voice #1 too long 5/4
2017-10-06 15:59:56,440 INFO [91388040]                Voice.java:257  | S4 MeasureStack#13 Voice #2 too long 9/8
2017-10-06 15:59:56,440 INFO [91388040]                Voice.java:257  | S4 MeasureStack#13 Voice #3 too long 1/2
2017-10-06 15:59:56,440 INFO [91388040]           StackTuner.java:92   | S4 MeasureStack#13 no correct rhythm
2017-10-06 15:59:56,442 INFO [91388040]                Voice.java:257  | S4 MeasureStack#14 Voice #1 too long 3/8
2017-10-06 15:59:56,442 INFO [91388040]                Voice.java:257  | S4 MeasureStack#14 Voice #2 too long 1/8
2017-10-06 15:59:56,442 INFO [91388040]           StackTuner.java:92   | S4 MeasureStack#14 no correct rhythm
2017-10-06 15:59:56,444 INFO [91388040]                Voice.java:257  | S4 MeasureStack#15 Voice #1 too long 1/4
2017-10-06 15:59:56,444 INFO [91388040]                Voice.java:257  | S4 MeasureStack#15 Voice #2 too long 1/8
2017-10-06 15:59:56,445 INFO [91388040]           StackTuner.java:92   | S4 MeasureStack#15 no correct rhythm
2017-10-06 15:59:56,447 INFO [91388040]                Voice.java:257  | S4 MeasureStack#16 Voice #1 too long 1/8
2017-10-06 15:59:56,447 INFO [91388040]           StackTuner.java:92   | S4 MeasureStack#16 no correct rhythm
2017-10-06 15:59:56,449 INFO [91388040]                Voice.java:257  | S5 MeasureStack#17 Voice #1 too long 1/2
2017-10-06 15:59:56,449 INFO [91388040]                Voice.java:257  | S5 MeasureStack#17 Voice #2 too long 3/8
2017-10-06 15:59:56,450 INFO [91388040]           StackTuner.java:92   | S5 MeasureStack#17 no correct rhythm
2017-10-06 15:59:56,451 INFO [91388040]                Voice.java:257  | S5 MeasureStack#18 Voice #1 too long 1/4
2017-10-06 15:59:56,451 INFO [91388040]                Voice.java:257  | S5 MeasureStack#18 Voice #2 too long 3/4
2017-10-06 15:59:56,451 INFO [91388040]           StackTuner.java:92   | S5 MeasureStack#18 no correct rhythm
2017-10-06 15:59:56,463 INFO [91388040]           PageRhythm.java:314  | Range{1-5 ts:2/4} Durations avgGuess:1/2 topGuess:1/2 avgValue:0.61 stacks:5 voices:15 Histogram{1/4-1 size:6 [1/4=1 3/8=2 1/2=8 9/16=1 3/4=1 1=2]}
2017-10-06 15:59:56,482 INFO [91388040]         SlotsBuilder.java:427  | S6 MeasureStack#2 Slot{#6 xOffset=232 timeOffset=1/2 incomings=[#8102#8103] SUSPICIOUS}
2017-10-06 15:59:56,486 INFO [91388040]                Voice.java:257  | S6 MeasureStack#2 Voice #1 too long 1/4
2017-10-06 15:59:56,486 INFO [91388040]                Voice.java:257  | S6 MeasureStack#2 Voice #2 too long 1/4
2017-10-06 15:59:56,486 INFO [91388040]                Voice.java:257  | S6 MeasureStack#2 Voice #3 too long 1/16
2017-10-06 15:59:56,490 INFO [91388040]           StackTuner.java:92   | S6 MeasureStack#2 no correct rhythm
2017-10-06 15:59:56,497 INFO [91388040]                Voice.java:257  | S6 MeasureStack#5 Voice #1 too long 1/2
2017-10-06 15:59:56,498 INFO [91388040]                Voice.java:257  | S6 MeasureStack#5 Voice #3 too long 1/2
2017-10-06 15:59:56,498 INFO [91388040]                Voice.java:257  | S6 MeasureStack#5 Voice #4 too long 1/4
2017-10-06 15:59:56,498 INFO [91388040]           StackTuner.java:92   | S6 MeasureStack#5 no correct rhythm
2017-10-06 15:59:56,500 INFO [91388040]            BasicBook.java:1395 | Stored /book.xml
2017-10-06 15:59:57,656 INFO [91388040]           BasicSheet.java:979  | Stored /sheet#1/sheet#1.xml
2017-10-06 15:59:57,658 INFO [91388040]       StepMonitoring.java:96   | PAGE
2017-10-06 15:59:57,661 INFO [91388040]                 Part.java:275  | Could not right-connect slur#8198
2017-10-06 15:59:57,662 INFO [91388040]                 Part.java:267  | Could not left-connect slur#8151
2017-10-06 15:59:57,663 INFO [91388040]                 Part.java:267  | Could not left-connect slur#8653
2017-10-06 15:59:57,664 INFO [91388040]                 Part.java:267  | Could not left-connect slur#8237
2017-10-06 15:59:57,664 INFO [91388040]                 Part.java:267  | Could not left-connect slur#8263
2017-10-06 15:59:57,664 INFO [91388040]                 Part.java:267  | Could not left-connect slur#8664
2017-10-06 15:59:57,666 INFO [91388040]                Voice.java:257  | S1 MeasureStack#1 Voice #2 too long 1/16
2017-10-06 15:59:57,666 INFO [91388040]                Voice.java:257  | S1 MeasureStack#2 Voice #2 too long 1/2
2017-10-06 15:59:57,666 INFO [91388040]                Voice.java:257  | S1 MeasureStack#3 Voice #1 too long 7/8
2017-10-06 15:59:57,666 INFO [91388040]                Voice.java:257  | S1 MeasureStack#3 Voice #2 too long 7/8
2017-10-06 15:59:57,667 INFO [91388040]                Voice.java:257  | S1 MeasureStack#4 Voice #1 too long 1/8
2017-10-06 15:59:57,667 INFO [91388040]                Voice.java:257  | S1 MeasureStack#4 Voice #2 too long 1/16
2017-10-06 15:59:57,667 INFO [91388040]                Voice.java:257  | S2 MeasureStack#5 Voice #1 too long 1/2
2017-10-06 15:59:57,668 INFO [91388040]                Voice.java:257  | S2 MeasureStack#5 Voice #2 too long 7/16
2017-10-06 15:59:57,668 INFO [91388040]                Voice.java:257  | S2 MeasureStack#6 Voice #1 too long 1/4
2017-10-06 15:59:57,669 INFO [91388040]                Voice.java:257  | S2 MeasureStack#6 Voice #2 too long 3/8
2017-10-06 15:59:57,669 INFO [91388040]                Voice.java:257  | S2 MeasureStack#7 Voice #1 too long 1/4
2017-10-06 15:59:57,669 INFO [91388040]                Voice.java:257  | S2 MeasureStack#7 Voice #2 too long 7/16
2017-10-06 15:59:57,669 INFO [91388040]                Voice.java:257  | S2 MeasureStack#8 Voice #1 too long 1/8
2017-10-06 15:59:57,673 INFO [91388040]                Voice.java:257  | S2 MeasureStack#8 Voice #2 too long 1/16
2017-10-06 15:59:57,674 INFO [91388040]                Voice.java:257  | S3 MeasureStack#9 Voice #1 too long 1/4
2017-10-06 15:59:57,674 INFO [91388040]                Voice.java:257  | S3 MeasureStack#9 Voice #2 too long 1/8
2017-10-06 15:59:57,674 INFO [91388040]                Voice.java:257  | S3 MeasureStack#11 Voice #1 too long 1/4
2017-10-06 15:59:57,674 INFO [91388040]                Voice.java:257  | S3 MeasureStack#11 Voice #3 too long 1/8
2017-10-06 15:59:57,675 INFO [91388040]                Voice.java:257  | S4 MeasureStack#13 Voice #1 too long 5/4
2017-10-06 15:59:57,675 INFO [91388040]                Voice.java:257  | S4 MeasureStack#13 Voice #2 too long 9/8
2017-10-06 15:59:57,675 INFO [91388040]                Voice.java:257  | S4 MeasureStack#13 Voice #3 too long 1/2
2017-10-06 15:59:57,676 INFO [91388040]                Voice.java:257  | S4 MeasureStack#14 Voice #1 too long 3/8
2017-10-06 15:59:57,676 INFO [91388040]                Voice.java:257  | S4 MeasureStack#14 Voice #2 too long 1/8
2017-10-06 15:59:57,676 INFO [91388040]                Voice.java:257  | S4 MeasureStack#15 Voice #1 too long 1/4
2017-10-06 15:59:57,676 INFO [91388040]                Voice.java:257  | S4 MeasureStack#15 Voice #2 too long 1/8
2017-10-06 15:59:57,677 INFO [91388040]                Voice.java:257  | S4 MeasureStack#16 Voice #1 too long 1/8
2017-10-06 15:59:57,677 INFO [91388040]                Voice.java:257  | S5 MeasureStack#17 Voice #1 too long 1/2
2017-10-06 15:59:57,677 INFO [91388040]                Voice.java:257  | S5 MeasureStack#17 Voice #2 too long 3/8
2017-10-06 15:59:57,677 INFO [91388040]                Voice.java:257  | S5 MeasureStack#18 Voice #1 too long 1/4
2017-10-06 15:59:57,678 INFO [91388040]                Voice.java:257  | S5 MeasureStack#18 Voice #2 too long 3/4
2017-10-06 15:59:57,678 INFO [91388040]                Voice.java:257  | S6 MeasureStack#2 Voice #1 too long 1/4
2017-10-06 15:59:57,679 INFO [91388040]                Voice.java:257  | S6 MeasureStack#2 Voice #2 too long 1/4
2017-10-06 15:59:57,679 INFO [91388040]                Voice.java:257  | S6 MeasureStack#2 Voice #3 too long 1/16
2017-10-06 15:59:57,679 INFO [91388040]                Voice.java:257  | S6 MeasureStack#5 Voice #1 too long 1/2
2017-10-06 15:59:57,680 INFO [91388040]                Voice.java:257  | S6 MeasureStack#5 Voice #3 too long 1/2
2017-10-06 15:59:57,680 INFO [91388040]                Voice.java:257  | S6 MeasureStack#5 Voice #4 too long 1/4
2017-10-06 15:59:57,682 INFO [91388040]            BasicBook.java:1395 | Stored /book.xml
2017-10-06 15:59:58,826 INFO [91388040]           BasicSheet.java:979  | Stored /sheet#1/sheet#1.xml
2017-10-06 15:59:58,830 INFO [91388040]            BasicStub.java:723  | Sheet{91388040} disposed
2017-10-06 16:00:00,202 INFO [91388040]            BasicStub.java:449  | Loaded /sheet#1/sheet#1.xml
2017-10-06 16:00:00,204 INFO [91388040]            BasicBook.java:1133 | Scores built: 2
2017-10-06 16:00:01,242 WARN [91388040]      PartwiseBuilder.java:1379 | Error visiting null
java.lang.NullPointerException: null
	at org.audiveris.omr.score.PartwiseBuilder.processKey(PartwiseBuilder.java:1344)
	at org.audiveris.omr.score.PartwiseBuilder.processKeys(PartwiseBuilder.java:1407)
	at org.audiveris.omr.score.PartwiseBuilder.processMeasure(PartwiseBuilder.java:1575)
	at org.audiveris.omr.score.PartwiseBuilder.processPart(PartwiseBuilder.java:1988)
	at org.audiveris.omr.score.PartwiseBuilder.processSystem(PartwiseBuilder.java:2528)
	at org.audiveris.omr.score.PartwiseBuilder.processLogicalPart(PartwiseBuilder.java:1433)
	at org.audiveris.omr.score.PartwiseBuilder.processStub(PartwiseBuilder.java:2483)
	at org.audiveris.omr.score.PartwiseBuilder.processPartList(PartwiseBuilder.java:2017)
	at org.audiveris.omr.score.PartwiseBuilder.processScore(PartwiseBuilder.java:2195)
	at org.audiveris.omr.score.PartwiseBuilder.build(PartwiseBuilder.java:307)
	at org.audiveris.omr.score.ScoreExporter.export(ScoreExporter.java:117)
	at org.audiveris.omr.score.ScoreExporter.export(ScoreExporter.java:91)
	at org.audiveris.omr.sheet.BasicBook.export(BasicBook.java:589)
	at org.audiveris.omr.CLI$ProcessingTask.processBook(CLI.java:785)
	at org.audiveris.omr.CLI$CliTask.call(CLI.java:344)
	at org.audiveris.omr.Main.runBatchTasks(Main.java:316)
	at org.audiveris.omr.Main.main(Main.java:155)
	at Audiveris.main(Audiveris.java:49)
2017-10-06 16:00:01,268 WARN [91388040]      PartwiseBuilder.java:1379 | Error visiting null
java.lang.NullPointerException: null
	at org.audiveris.omr.score.PartwiseBuilder.processKey(PartwiseBuilder.java:1344)
	at org.audiveris.omr.score.PartwiseBuilder.processKeys(PartwiseBuilder.java:1407)
	at org.audiveris.omr.score.PartwiseBuilder.processMeasure(PartwiseBuilder.java:1575)
	at org.audiveris.omr.score.PartwiseBuilder.processPart(PartwiseBuilder.java:1988)
	at org.audiveris.omr.score.PartwiseBuilder.processSystem(PartwiseBuilder.java:2528)
	at org.audiveris.omr.score.PartwiseBuilder.processLogicalPart(PartwiseBuilder.java:1433)
	at org.audiveris.omr.score.PartwiseBuilder.processStub(PartwiseBuilder.java:2483)
	at org.audiveris.omr.score.PartwiseBuilder.processPartList(PartwiseBuilder.java:2017)
	at org.audiveris.omr.score.PartwiseBuilder.processScore(PartwiseBuilder.java:2195)
	at org.audiveris.omr.score.PartwiseBuilder.build(PartwiseBuilder.java:307)
	at org.audiveris.omr.score.ScoreExporter.export(ScoreExporter.java:117)
	at org.audiveris.omr.score.ScoreExporter.export(ScoreExporter.java:91)
	at org.audiveris.omr.sheet.BasicBook.export(BasicBook.java:589)
	at org.audiveris.omr.CLI$ProcessingTask.processBook(CLI.java:785)
	at org.audiveris.omr.CLI$CliTask.call(CLI.java:344)
	at org.audiveris.omr.Main.runBatchTasks(Main.java:316)
	at org.audiveris.omr.Main.main(Main.java:155)
	at Audiveris.main(Audiveris.java:49)
2017-10-06 16:00:01,346 INFO [91388040]        ScoreExporter.java:93   | Score 91388040.mvt1 exported to /Users/stephenn/Documents/workspace/nlsomr/xml_out/91386487/91388040/91388040.mvt1.mxl
2017-10-06 16:00:01,361 INFO [91388040]        ScoreExporter.java:93   | Score 91388040.mvt2 exported to /Users/stephenn/Documents/workspace/nlsomr/xml_out/91386487/91388040/91388040.mvt2.mxl
2017-10-06 16:00:01,533 INFO [91388040]            BasicBook.java:1395 | Stored /book.xml
2017-10-06 16:00:01,534 INFO [91388040]            BasicBook.java:1355 | Book stored as /Users/stephenn/Documents/workspace/nlsomr/xml_out/91386487/91388040/91388040.omr
