2017-10-06 14:33:08,408 INFO [91386876]            BasicBook.java:427  | 1 sheet in /Users/stephenn/Documents/workspace/nlsomr/working/91386876.jpg
2017-10-06 14:33:08,546 INFO []            BasicBook.java:1395 | Stored /book.xml
2017-10-06 14:33:08,546 INFO []            BasicBook.java:1355 | Book stored as /Users/stephenn/Documents/workspace/nlsomr/xml_out/91386487/91386876/91386876.omr
2017-10-06 14:33:08,553 INFO []            BasicBook.java:996  | Book reaching PAGE on sheets:[#1]
2017-10-06 14:33:08,555 INFO [91386876]       StepMonitoring.java:96   | LOAD
2017-10-06 14:33:08,763 INFO [91386876]            BasicBook.java:911  | Loaded image 1 2000x3056 from /Users/stephenn/Documents/workspace/nlsomr/working/91386876.jpg
2017-10-06 14:33:08,769 INFO [91386876]            ImageUtil.java:82   | Converting max RGB to gray ...
2017-10-06 14:33:09,063 INFO [91386876]            BasicBook.java:1395 | Stored /book.xml
2017-10-06 14:33:09,437 INFO [91386876]           BasicSheet.java:979  | Stored /sheet#1/sheet#1.xml
2017-10-06 14:33:09,440 INFO [91386876]       StepMonitoring.java:96   | BINARY
2017-10-06 14:33:10,070 INFO [91386876]            BasicBook.java:1395 | Stored /book.xml
2017-10-06 14:33:10,411 INFO [91386876]              Picture.java:786  | Stored /sheet#1/BINARY.xml
2017-10-06 14:33:10,413 INFO [91386876]           BasicSheet.java:979  | Stored /sheet#1/sheet#1.xml
2017-10-06 14:33:10,415 INFO [91386876]       StepMonitoring.java:96   | SCALE
2017-10-06 14:33:10,455 INFO [91386876]         ScaleBuilder.java:229  | No beam key found, guessed value 10
2017-10-06 14:33:10,456 INFO [91386876]            ScaleStep.java:87   | Scale{line(3,4,6) interline(16,16,17) beam(10 extra)}
2017-10-06 14:33:10,458 INFO [91386876]            BasicBook.java:1395 | Stored /book.xml
2017-10-06 14:33:10,460 INFO [91386876]           BasicSheet.java:979  | Stored /sheet#1/sheet#1.xml
2017-10-06 14:33:10,463 INFO [91386876]       StepMonitoring.java:96   | GRID
2017-10-06 14:33:11,468 INFO [91386876]       LinesRetriever.java:442  | Global slope: -0.00436
2017-10-06 14:33:11,580 INFO [91386876]    ClustersRetriever.java:241  | Retrieved line clusters: 12 of size: 5 with interline: (16,16,17)
2017-10-06 14:33:12,272 INFO [91386876]            PeakGraph.java:181  | Systems: #1[1, 2] #2[3, 4] #3[5, 6] #4[7, 8] #5[9, 10] #6[11, 12]
2017-10-06 14:33:13,181 INFO [91386876]        SystemManager.java:626  | Indentation detected for system#3
2017-10-06 14:33:13,182 INFO [91386876]        SystemManager.java:671  | 2 pages found in sheet
2017-10-06 14:33:13,183 INFO [91386876]        SystemManager.java:709  | Page #1: 1 part along 2 systems
2017-10-06 14:33:13,183 INFO [91386876]        SystemManager.java:709  | Page #2: 1 part along 4 systems
2017-10-06 14:33:13,191 INFO [91386876]            BasicBook.java:1395 | Stored /book.xml
2017-10-06 14:33:13,427 INFO [91386876]           BasicSheet.java:979  | Stored /sheet#1/sheet#1.xml
2017-10-06 14:33:13,430 INFO [91386876]       StepMonitoring.java:96   | HEADERS
2017-10-06 14:33:13,835 INFO []          Nd4jBackend.java:194  | Loaded [CpuBackend] backend
2017-10-06 14:33:13,901 INFO []      NativeOpsHolder.java:49   | Number of threads used for NativeOps: 2
2017-10-06 14:33:14,443 INFO [] DefaultOpExecutioner.java:544  | Backend used: [CPU]; OS: [Mac OS X]
2017-10-06 14:33:14,444 INFO [] DefaultOpExecutioner.java:545  | Cores: [4]; Memory: [3.6GB];
2017-10-06 14:33:14,444 INFO [] DefaultOpExecutioner.java:546  | Blas vendor: [OPENBLAS]
2017-10-06 14:33:14,493 INFO []   AbstractClassifier.java:332  | Classifier data loaded from default uri jar:file:/Users/stephenn/Documents/workspace/audiveris/build/distributions/Audiveris/lib/audiveris.jar!/res/basic-classifier.zip
2017-10-06 14:33:16,373 INFO [91386876]           KeyBuilder.java:746  | Staff#2 key slice#1 pitch adjusted from 2.5 to 2
2017-10-06 14:33:16,376 INFO [91386876]           KeyBuilder.java:746  | Staff#2 key slice#4 pitch adjusted from 1.0 to 0
2017-10-06 14:33:16,713 INFO [91386876]           KeyBuilder.java:746  | Staff#3 key slice#4 pitch adjusted from -1.4 to -2
2017-10-06 14:33:17,613 WARN [91386876]          ClefBuilder.java:560  | Staff#10 no header clef.
2017-10-06 14:33:17,775 INFO []   AbstractClassifier.java:332  | Classifier data loaded from default uri jar:file:/Users/stephenn/Documents/workspace/audiveris/build/distributions/Audiveris/lib/audiveris.jar!/res/deep-classifier.zip
2017-10-06 14:33:17,870 INFO [91386876]            BasicBook.java:1395 | Stored /book.xml
2017-10-06 14:33:18,303 INFO [91386876]           BasicSheet.java:979  | Stored /sheet#1/sheet#1.xml
2017-10-06 14:33:18,305 INFO [91386876]       StepMonitoring.java:96   | STEM_SEEDS
2017-10-06 14:33:18,396 INFO [91386876]        StemSeedsStep.java:91   | stem(4 max:5)
2017-10-06 14:33:18,521 INFO [91386876]            BasicBook.java:1395 | Stored /book.xml
2017-10-06 14:33:18,965 INFO [91386876]           BasicSheet.java:979  | Stored /sheet#1/sheet#1.xml
2017-10-06 14:33:18,968 INFO [91386876]       StepMonitoring.java:96   | BEAMS
2017-10-06 14:33:23,102 INFO [91386876]            BeamsStep.java:89   | BeamDistance{count:5 mean:13.31 stdDev:7.73}
2017-10-06 14:33:23,106 INFO [91386876]            BasicBook.java:1395 | Stored /book.xml
2017-10-06 14:33:23,213 INFO [91386876]              Picture.java:786  | Stored /sheet#1/HEAD_SPOTS.xml
2017-10-06 14:33:23,916 INFO [91386876]           BasicSheet.java:979  | Stored /sheet#1/sheet#1.xml
2017-10-06 14:33:23,919 INFO [91386876]       StepMonitoring.java:96   | LEDGERS
2017-10-06 14:33:25,037 INFO [91386876]            BasicBook.java:1395 | Stored /book.xml
2017-10-06 14:33:25,770 INFO [91386876]           BasicSheet.java:979  | Stored /sheet#1/sheet#1.xml
2017-10-06 14:33:25,773 INFO [91386876]       StepMonitoring.java:96   | HEADS
2017-10-06 14:33:28,677 INFO [91386876]            BasicBook.java:1395 | Stored /book.xml
2017-10-06 14:33:30,327 INFO [91386876]           BasicSheet.java:979  | Stored /sheet#1/sheet#1.xml
2017-10-06 14:33:30,330 INFO [91386876]       StepMonitoring.java:96   | STEMS
2017-10-06 14:33:33,281 INFO [91386876]            BasicBook.java:1395 | Stored /book.xml
2017-10-06 14:33:35,415 INFO [91386876]           BasicSheet.java:979  | Stored /sheet#1/sheet#1.xml
2017-10-06 14:33:35,418 INFO [91386876]       StepMonitoring.java:96   | REDUCTION
2017-10-06 14:33:36,175 INFO [91386876]            BasicBook.java:1395 | Stored /book.xml
2017-10-06 14:33:37,707 INFO [91386876]           BasicSheet.java:979  | Stored /sheet#1/sheet#1.xml
2017-10-06 14:33:37,710 INFO [91386876]       StepMonitoring.java:96   | CUE_BEAMS
2017-10-06 14:33:37,714 INFO [91386876]            BasicBook.java:1395 | Stored /book.xml
2017-10-06 14:33:39,205 INFO [91386876]           BasicSheet.java:979  | Stored /sheet#1/sheet#1.xml
2017-10-06 14:33:39,209 INFO [91386876]       StepMonitoring.java:96   | TEXTS
2017-10-06 14:33:41,350 INFO [91386876]            BasicBook.java:1395 | Stored /book.xml
2017-10-06 14:33:42,856 INFO [91386876]           BasicSheet.java:979  | Stored /sheet#1/sheet#1.xml
2017-10-06 14:33:42,858 INFO [91386876]       StepMonitoring.java:96   | MEASURES
2017-10-06 14:33:42,863 INFO [91386876]                 Page.java:210  | 8 raw measures: [4 in system#1, 4 in system#2]
2017-10-06 14:33:42,864 INFO [91386876]                 Page.java:210  | 17 raw measures: [4 in system#3, 4 in system#4, 5 in system#5, 4 in system#6]
2017-10-06 14:33:42,865 INFO [91386876]            BasicBook.java:1395 | Stored /book.xml
2017-10-06 14:33:44,407 INFO [91386876]           BasicSheet.java:979  | Stored /sheet#1/sheet#1.xml
2017-10-06 14:33:44,410 INFO [91386876]       StepMonitoring.java:96   | CHORDS
2017-10-06 14:33:44,420 INFO [91386876]        ChordsBuilder.java:249  | Deleting StemInter{#6913(0.592/0.764)} on RIGHT side of HeadInter{#4579(0.690/0.894) s:7 p:5.00 NOTEHEAD_BLACK}
2017-10-06 14:33:44,428 INFO [91386876]            BasicBook.java:1395 | Stored /book.xml
2017-10-06 14:33:46,051 INFO [91386876]           BasicSheet.java:979  | Stored /sheet#1/sheet#1.xml
2017-10-06 14:33:46,053 INFO [91386876]       StepMonitoring.java:96   | CURVES
2017-10-06 14:33:48,073 INFO [91386876]         SlursBuilder.java:762  | RIGHT collision SlurInter{#7455(0.662)} & SlurInter{#7621(0.356)} @ HeadInter{#4157(0.591/0.777) e#7254 s:6 p:-6.00 NOTEHEAD_BLACK}
2017-10-06 14:33:48,074 INFO [91386876]         SlursBuilder.java:762  | RIGHT collision SlurInter{#7475(0.665)} & SlurInter{#7626(0.333)} @ HeadInter{#4205(0.596/0.783) e#7282 s:6 p:-6.00 NOTEHEAD_BLACK}
2017-10-06 14:33:48,075 INFO [91386876]         SlursBuilder.java:762  | RIGHT collision SlurInter{#7477(0.683)} & SlurInter{#7634(0.401)} @ HeadInter{#4191(0.616/0.792) e#7272 s:6 p:-6.00 NOTEHEAD_BLACK}
2017-10-06 14:33:48,075 INFO [91386876]         SlursBuilder.java:762  | RIGHT collision SlurInter{#7483(0.676)} & SlurInter{#7595(0.379)} @ HeadInter{#4199(0.624/0.797) e#7277 s:6 p:-7.00 NOTEHEAD_BLACK}
2017-10-06 14:33:48,076 INFO [91386876]         SlursBuilder.java:762  | RIGHT collision SlurInter{#7595(0.379)} & SlurInter{#7483(0.676)} @ HeadInter{#4199(0.624/0.797) e#7277 s:6 p:-7.00 NOTEHEAD_BLACK}
2017-10-06 14:33:48,077 INFO [91386876]         SlursBuilder.java:762  | RIGHT collision SlurInter{#7621(0.356)} & SlurInter{#7455(0.662)} @ HeadInter{#4157(0.591/0.777) e#7254 s:6 p:-6.00 NOTEHEAD_BLACK}
2017-10-06 14:33:48,078 INFO [91386876]         SlursBuilder.java:762  | RIGHT collision SlurInter{#7626(0.333)} & SlurInter{#7475(0.665)} @ HeadInter{#4205(0.596/0.783) e#7282 s:6 p:-6.00 NOTEHEAD_BLACK}
2017-10-06 14:33:48,078 INFO [91386876]         SlursBuilder.java:762  | RIGHT collision SlurInter{#7634(0.401)} & SlurInter{#7477(0.683)} @ HeadInter{#4191(0.616/0.792) e#7272 s:6 p:-6.00 NOTEHEAD_BLACK}
2017-10-06 14:33:48,079 INFO [91386876]         SlursBuilder.java:762  | LEFT collision SlurInter{#7521(0.443)} & SlurInter{#7578(0.324)} @ HeadInter{#6499(0.539/0.740) e#7406 s:12 p:6.00 NOTEHEAD_BLACK}
2017-10-06 14:33:48,079 INFO [91386876]         SlursBuilder.java:762  | LEFT collision SlurInter{#7578(0.324)} & SlurInter{#7521(0.443)} @ HeadInter{#6499(0.539/0.740) e#7406 s:12 p:6.00 NOTEHEAD_BLACK}
2017-10-06 14:33:48,080 INFO [91386876]         SlursBuilder.java:157  | Slurs: 57
2017-10-06 14:33:48,192 INFO [91386876]      SegmentsBuilder.java:113  | Segments: 40
2017-10-06 14:33:48,200 INFO [91386876]            BasicBook.java:1395 | Stored /book.xml
2017-10-06 14:33:50,228 INFO [91386876]           BasicSheet.java:979  | Stored /sheet#1/sheet#1.xml
2017-10-06 14:33:50,231 INFO [91386876]       StepMonitoring.java:96   | SYMBOLS
2017-10-06 14:33:51,383 INFO [91386876]       SymbolsBuilder.java:340  | Symbol parts shrunk from 11 to 7
2017-10-06 14:33:53,431 INFO [91386876]       SymbolsBuilder.java:340  | Symbol parts shrunk from 9 to 7
2017-10-06 14:33:54,571 INFO [91386876]       SymbolsBuilder.java:340  | Symbol parts shrunk from 12 to 7
2017-10-06 14:33:54,889 INFO [91386876]       SymbolsBuilder.java:340  | Symbol parts shrunk from 9 to 7
2017-10-06 14:33:55,100 INFO [91386876]            BasicBook.java:1395 | Stored /book.xml
2017-10-06 14:33:57,476 INFO [91386876]           BasicSheet.java:979  | Stored /sheet#1/sheet#1.xml
2017-10-06 14:33:57,478 INFO [91386876]       StepMonitoring.java:96   | LINKS
2017-10-06 14:33:57,534 INFO [91386876]            BasicBook.java:1395 | Stored /book.xml
2017-10-06 14:34:00,052 INFO [91386876]           BasicSheet.java:979  | Stored /sheet#1/sheet#1.xml
2017-10-06 14:34:00,055 INFO [91386876]       StepMonitoring.java:96   | RHYTHMS
2017-10-06 14:34:00,070 WARN [91386876]   AbstractChordInter.java:1156 | HeadChordInter{#7181(0.721/0.721) dur:1/4} Attempt to reassign voice from 2 to 3
2017-10-06 14:34:00,085 INFO [91386876]           PageRhythm.java:314  | Range{1-8} Durations avgGuess:3/4 topGuess:3/4 avgValue:0.65 stacks:8 voices:28 Histogram{1/4-3/4 size:3 [1/4=5 1/2=9 3/4=14]}
2017-10-06 14:34:00,090 INFO [91386876]           PageRhythm.java:221  | S1 Range{1-8 dur:3/4} should update to 3/4-based time sig?
2017-10-06 14:34:00,094 WARN [91386876]   AbstractChordInter.java:1156 | HeadChordInter{#7181(0.721/0.721) dur:1/4} Attempt to reassign voice from 2 to 3
2017-10-06 14:34:00,099 INFO [91386876]         SlotsBuilder.java:427  | S1 MeasureStack#4 Slot{#3 xOffset=197 timeOffset=1/4 incomings=[#7166#7167#7190#7194] SUSPICIOUS}
2017-10-06 14:34:00,100 INFO [91386876]         SlotsBuilder.java:427  | S1 MeasureStack#4 Slot{#4 xOffset=248 timeOffset=3/8 incomings=[#7168] SUSPICIOUS}
2017-10-06 14:34:00,101 INFO [91386876]         SlotsBuilder.java:427  | S1 MeasureStack#4 Slot{#5 xOffset=250 timeOffset=9/16 incomings=[#7191] SUSPICIOUS}
2017-10-06 14:34:00,101 INFO [91386876]         SlotsBuilder.java:427  | S1 MeasureStack#4 Slot{#6 xOffset=305 timeOffset=11/16 incomings=[#7169#7170#7192] SUSPICIOUS}
2017-10-06 14:34:00,102 INFO [91386876]         SlotsBuilder.java:427  | S1 MeasureStack#4 Slot{#8 xOffset=359 timeOffset=1 incomings=[#7193] SUSPICIOUS}
2017-10-06 14:34:00,109 INFO [91386876]                Voice.java:257  | S1 MeasureStack#4 Voice #1 too long 3/16
2017-10-06 14:34:00,110 INFO [91386876]                Voice.java:257  | S1 MeasureStack#4 Voice #2 too long 3/8
2017-10-06 14:34:00,110 INFO [91386876]                Voice.java:257  | S1 MeasureStack#4 Voice #3 too long 5/16
2017-10-06 14:34:00,110 INFO [91386876]           StackTuner.java:92   | S1 MeasureStack#4 no correct rhythm
2017-10-06 14:34:00,112 INFO [91386876]         SlotsBuilder.java:427  | S2 MeasureStack#5 Slot{#3 xOffset=301 timeOffset=1/2 incomings=[#7221] SUSPICIOUS}
2017-10-06 14:34:00,114 INFO [91386876]                Voice.java:257  | S2 MeasureStack#5 Voice #1 too long 1/4
2017-10-06 14:34:00,114 INFO [91386876]                Voice.java:257  | S2 MeasureStack#5 Voice #2 too long 1/4
2017-10-06 14:34:00,114 INFO [91386876]                Voice.java:257  | S2 MeasureStack#5 Voice #3 too long 1/4
2017-10-06 14:34:00,114 INFO [91386876]                Voice.java:257  | S2 MeasureStack#5 Voice #4 too long 1/4
2017-10-06 14:34:00,114 INFO [91386876]           StackTuner.java:92   | S2 MeasureStack#5 no correct rhythm
2017-10-06 14:34:00,169 INFO [91386876]           PageRhythm.java:314  | Range{1-17 ts:6/8} Durations avgGuess:3/4 topGuess:1/4 avgValue:0.72 stacks:17 voices:46 Histogram{1/8-9/8 size:14 [1/8=3 1/6=1 1/4=13 3/8=4 7/16=2 1/2=6 5/8=5 2/3=1 11/16=1 3/4=3 13/16=1 7/8=2 15/16=1 9/8=3]}
2017-10-06 14:34:00,172 INFO [91386876]         SlotsBuilder.java:427  | S3 MeasureStack#1 Slot{#5 xOffset=401 timeOffset=5/8 incomings=[#7235] SUSPICIOUS}
2017-10-06 14:34:00,173 INFO [91386876]                Voice.java:257  | S3 MeasureStack#1 Voice #1 too long 3/8
2017-10-06 14:34:00,173 INFO [91386876]                Voice.java:257  | S3 MeasureStack#1 Voice #2 too long 1/4
2017-10-06 14:34:00,173 INFO [91386876]                Voice.java:257  | S3 MeasureStack#1 Voice #3 too long 3/8
2017-10-06 14:34:00,173 INFO [91386876]           StackTuner.java:92   | S3 MeasureStack#1 no correct rhythm
2017-10-06 14:34:00,175 INFO [91386876]         SlotsBuilder.java:427  | S3 MeasureStack#2 Slot{#5 xOffset=180 timeOffset=1/2 incomings=[#7239] SUSPICIOUS}
2017-10-06 14:34:00,176 INFO [91386876]         SlotsBuilder.java:427  | S3 MeasureStack#2 Slot{#8 xOffset=276 timeOffset=3/4 incomings=[#7240] SUSPICIOUS}
2017-10-06 14:34:00,176 INFO [91386876]                Voice.java:257  | S3 MeasureStack#2 Voice #1 too long 1/4
2017-10-06 14:34:00,178 INFO [91386876]           StackTuner.java:92   | S3 MeasureStack#2 no correct rhythm
2017-10-06 14:34:00,180 INFO [91386876]         SlotsBuilder.java:427  | S3 MeasureStack#3 Slot{#5 xOffset=178 timeOffset=5/8 incomings=[#7243] SUSPICIOUS}
2017-10-06 14:34:00,181 INFO [91386876]         SlotsBuilder.java:427  | S3 MeasureStack#3 Slot{#7 xOffset=227 timeOffset=3/4 incomings=[#7244] SUSPICIOUS}
2017-10-06 14:34:00,182 INFO [91386876]         SlotsBuilder.java:427  | S3 MeasureStack#3 Slot{#9 xOffset=271 timeOffset=7/8 incomings=[#7245] SUSPICIOUS}
2017-10-06 14:34:00,182 INFO [91386876]                Voice.java:257  | S3 MeasureStack#3 Voice #1 too long 1/4
2017-10-06 14:34:00,183 INFO [91386876]                Voice.java:257  | S3 MeasureStack#3 Voice #2 too long 1/4
2017-10-06 14:34:00,183 INFO [91386876]                Voice.java:257  | S3 MeasureStack#3 Voice #3 too long 1/8
2017-10-06 14:34:00,183 INFO [91386876]           StackTuner.java:92   | S3 MeasureStack#3 no correct rhythm
2017-10-06 14:34:00,184 INFO [91386876]         SlotsBuilder.java:427  | S3 MeasureStack#4 Slot{#3 xOffset=91 timeOffset=1/4 incomings=[#7281] SUSPICIOUS}
2017-10-06 14:34:00,184 INFO [91386876]         SlotsBuilder.java:427  | S3 MeasureStack#4 Slot{#5 xOffset=134 timeOffset=3/8 incomings=[#7282] SUSPICIOUS}
2017-10-06 14:34:00,190 INFO [91386876]         SlotsBuilder.java:427  | S4 MeasureStack#5 Slot{#5 xOffset=386 timeOffset=1/2 incomings=[#7286] SUSPICIOUS}
2017-10-06 14:34:00,190 INFO [91386876]         SlotsBuilder.java:427  | S4 MeasureStack#5 Slot{#8 xOffset=504 timeOffset=7/8 incomings=[#7287] SUSPICIOUS}
2017-10-06 14:34:00,191 INFO [91386876]                Voice.java:257  | S4 MeasureStack#5 Voice #1 too long 3/8
2017-10-06 14:34:00,191 INFO [91386876]                Voice.java:257  | S4 MeasureStack#5 Voice #2 too long 3/16
2017-10-06 14:34:00,191 INFO [91386876]                Voice.java:257  | S4 MeasureStack#5 Voice #3 too long 5/16
2017-10-06 14:34:00,191 INFO [91386876]           StackTuner.java:92   | S4 MeasureStack#5 no correct rhythm
2017-10-06 14:34:00,193 INFO [91386876]         SlotsBuilder.java:427  | S4 MeasureStack#6 Slot{#5 xOffset=222 timeOffset=1/2 incomings=[#7290] SUSPICIOUS}
2017-10-06 14:34:00,194 INFO [91386876]         SlotsBuilder.java:427  | S4 MeasureStack#6 Slot{#8 xOffset=337 timeOffset=3/4 incomings=[#7291] SUSPICIOUS}
2017-10-06 14:34:00,194 INFO [91386876]                Voice.java:257  | S4 MeasureStack#6 Voice #1 too long 1/4
2017-10-06 14:34:00,194 INFO [91386876]           StackTuner.java:92   | S4 MeasureStack#6 no correct rhythm
2017-10-06 14:34:00,196 INFO [91386876]         SlotsBuilder.java:427  | S4 MeasureStack#7 Slot{#3 xOffset=111 timeOffset=1/4 incomings=[#7325] SUSPICIOUS}
2017-10-06 14:34:00,196 INFO [91386876]         SlotsBuilder.java:427  | S4 MeasureStack#7 Slot{#5 xOffset=161 timeOffset=1/2 incomings=[#7326] SUSPICIOUS}
2017-10-06 14:34:00,197 INFO [91386876]         SlotsBuilder.java:427  | S4 MeasureStack#7 Slot{#8 xOffset=270 timeOffset=1 incomings=[#7328] SUSPICIOUS}
2017-10-06 14:34:00,198 INFO [91386876]         SlotsBuilder.java:427  | S4 MeasureStack#7 Slot{#10 xOffset=326 timeOffset=5/4 incomings=[#7329] SUSPICIOUS}
2017-10-06 14:34:00,199 INFO [91386876]                Voice.java:257  | S4 MeasureStack#7 Voice #1 too long 3/8
2017-10-06 14:34:00,200 INFO [91386876]                Voice.java:257  | S4 MeasureStack#7 Voice #2 too long 3/4
2017-10-06 14:34:00,200 INFO [91386876]           StackTuner.java:92   | S4 MeasureStack#7 no correct rhythm
2017-10-06 14:34:00,201 INFO [91386876]         SlotsBuilder.java:427  | S4 MeasureStack#8 Slot{#3 xOffset=109 timeOffset=1/4 incomings=[#7333] SUSPICIOUS}
2017-10-06 14:34:00,201 INFO [91386876]         SlotsBuilder.java:427  | S4 MeasureStack#8 Slot{#5 xOffset=150 timeOffset=1/2 incomings=[#7334] SUSPICIOUS}
2017-10-06 14:34:00,201 INFO [91386876]                Voice.java:257  | S4 MeasureStack#8 Voice #1 too long 1/4
2017-10-06 14:34:00,202 INFO [91386876]                Voice.java:257  | S4 MeasureStack#8 Voice #3 too long 1/4
2017-10-06 14:34:00,202 INFO [91386876]           StackTuner.java:92   | S4 MeasureStack#8 no correct rhythm
2017-10-06 14:34:00,204 INFO [91386876]                Voice.java:257  | S5 MeasureStack#10 Voice #1 too long 3/8
2017-10-06 14:34:00,205 INFO [91386876]                Voice.java:257  | S5 MeasureStack#10 Voice #2 too long 3/16
2017-10-06 14:34:00,205 INFO [91386876]           StackTuner.java:92   | S5 MeasureStack#10 no correct rhythm
2017-10-06 14:34:00,206 INFO [91386876]         SlotsBuilder.java:427  | S5 MeasureStack#11 Slot{#3 xOffset=90 timeOffset=1/8 incomings=[#7364] SUSPICIOUS}
2017-10-06 14:34:00,207 INFO [91386876]         SlotsBuilder.java:427  | S5 MeasureStack#11 Slot{#5 xOffset=138 timeOffset=1/4 incomings=[#7365] SUSPICIOUS}
2017-10-06 14:34:00,208 INFO [91386876]                Voice.java:257  | S5 MeasureStack#11 Voice #1 too long 3/16
2017-10-06 14:34:00,209 INFO [91386876]                Voice.java:257  | S5 MeasureStack#11 Voice #2 too long 1/16
2017-10-06 14:34:00,209 INFO [91386876]           StackTuner.java:92   | S5 MeasureStack#11 no correct rhythm
2017-10-06 14:34:00,210 INFO [91386876]                Voice.java:257  | S5 MeasureStack#12 Voice #1 too long 3/8
2017-10-06 14:34:00,211 INFO [91386876]                Voice.java:257  | S5 MeasureStack#12 Voice #2 too long 3/8
2017-10-06 14:34:00,211 INFO [91386876]           StackTuner.java:92   | S5 MeasureStack#12 no correct rhythm
2017-10-06 14:34:00,213 INFO [91386876]         SlotsBuilder.java:427  | S5 MeasureStack#13 Slot{#5 xOffset=201 timeOffset=7/16 incomings=[#7378] SUSPICIOUS}
2017-10-06 14:34:00,218 INFO [91386876]         SlotsBuilder.java:427  | S5 MeasureStack#13 Slot{#7 xOffset=270 timeOffset=11/16 incomings=[#9608] SUSPICIOUS}
2017-10-06 14:34:00,218 INFO [91386876]                Voice.java:257  | S5 MeasureStack#13 Voice #2 too long 1/16
2017-10-06 14:34:00,218 INFO [91386876]           StackTuner.java:92   | S5 MeasureStack#13 no correct rhythm
2017-10-06 14:34:00,219 INFO [91386876]         SlotsBuilder.java:427  | S6 MeasureStack#14 Slot{#5 xOffset=385 timeOffset=1/2 incomings=[#7381] SUSPICIOUS}
2017-10-06 14:34:00,221 INFO [91386876]                Voice.java:257  | S6 MeasureStack#14 Voice #1 too long 5/8
2017-10-06 14:34:00,221 INFO [91386876]                Voice.java:257  | S6 MeasureStack#14 Voice #2 too long 1/2
2017-10-06 14:34:00,221 INFO [91386876]           StackTuner.java:92   | S6 MeasureStack#14 no correct rhythm
2017-10-06 14:34:00,222 INFO [91386876]         SlotsBuilder.java:427  | S6 MeasureStack#15 Slot{#3 xOffset=101 timeOffset=1/4 incomings=[#7403] SUSPICIOUS}
2017-10-06 14:34:00,223 INFO [91386876]         SlotsBuilder.java:434  | Stack#15 endless loop detected
2017-10-06 14:34:00,227 INFO [91386876]         SlotsBuilder.java:427  | S6 MeasureStack#16 Slot{#3 xOffset=110 timeOffset=1/4 incomings=[#7407] SUSPICIOUS}
2017-10-06 14:34:00,230 INFO [91386876]         SlotsBuilder.java:427  | S6 MeasureStack#16 Slot{#5 xOffset=163 timeOffset=1/2 incomings=[#7408] SUSPICIOUS}
2017-10-06 14:34:00,231 INFO [91386876]         SlotsBuilder.java:427  | S6 MeasureStack#16 Slot{#8 xOffset=271 timeOffset=1 incomings=[#7410] SUSPICIOUS}
2017-10-06 14:34:00,232 INFO [91386876]                Voice.java:257  | S6 MeasureStack#16 Voice #1 too long 3/8
2017-10-06 14:34:00,232 INFO [91386876]                Voice.java:257  | S6 MeasureStack#16 Voice #2 too long 1/2
2017-10-06 14:34:00,233 INFO [91386876]           StackTuner.java:92   | S6 MeasureStack#16 no correct rhythm
2017-10-06 14:34:00,234 INFO [91386876]         SlotsBuilder.java:427  | S6 MeasureStack#17 Slot{#3 xOffset=123 timeOffset=1/4 incomings=[#7414] SUSPICIOUS}
2017-10-06 14:34:00,234 INFO [91386876]         SlotsBuilder.java:427  | S6 MeasureStack#17 Slot{#5 xOffset=182 timeOffset=3/8 incomings=[#7415] SUSPICIOUS}
2017-10-06 14:34:00,234 INFO [91386876]                Voice.java:257  | S6 MeasureStack#17 Voice #1 too long 1/8
2017-10-06 14:34:00,238 INFO [91386876]           StackTuner.java:92   | S6 MeasureStack#17 no correct rhythm
2017-10-06 14:34:00,240 INFO [91386876]            BasicBook.java:1395 | Stored /book.xml
2017-10-06 14:34:02,703 INFO [91386876]           BasicSheet.java:979  | Stored /sheet#1/sheet#1.xml
2017-10-06 14:34:02,707 INFO [91386876]       StepMonitoring.java:96   | PAGE
2017-10-06 14:34:02,713 INFO [91386876]                Voice.java:257  | S1 MeasureStack#4 Voice #1 too long 3/16
2017-10-06 14:34:02,713 INFO [91386876]                Voice.java:257  | S1 MeasureStack#4 Voice #2 too long 3/8
2017-10-06 14:34:02,713 INFO [91386876]                Voice.java:257  | S1 MeasureStack#4 Voice #3 too long 5/16
2017-10-06 14:34:02,713 INFO [91386876]                Voice.java:257  | S2 MeasureStack#5 Voice #1 too long 1/4
2017-10-06 14:34:02,713 INFO [91386876]                Voice.java:257  | S2 MeasureStack#5 Voice #2 too long 1/4
2017-10-06 14:34:02,714 INFO [91386876]                Voice.java:257  | S2 MeasureStack#5 Voice #3 too long 1/4
2017-10-06 14:34:02,714 INFO [91386876]                Voice.java:257  | S2 MeasureStack#5 Voice #4 too long 1/4
2017-10-06 14:34:02,715 INFO [91386876]                 Part.java:275  | Could not right-connect slur#7614
2017-10-06 14:34:02,715 INFO [91386876]                 Part.java:267  | Could not left-connect slur#8004
2017-10-06 14:34:02,716 INFO [91386876]                Voice.java:257  | S3 MeasureStack#1 Voice #1 too long 3/8
2017-10-06 14:34:02,716 INFO [91386876]                Voice.java:257  | S3 MeasureStack#1 Voice #2 too long 1/4
2017-10-06 14:34:02,716 INFO [91386876]                Voice.java:257  | S3 MeasureStack#1 Voice #3 too long 3/8
2017-10-06 14:34:02,716 INFO [91386876]                Voice.java:257  | S3 MeasureStack#2 Voice #1 too long 1/4
2017-10-06 14:34:02,717 INFO [91386876]                Voice.java:257  | S3 MeasureStack#3 Voice #1 too long 1/4
2017-10-06 14:34:02,717 INFO [91386876]                Voice.java:257  | S3 MeasureStack#3 Voice #2 too long 1/4
2017-10-06 14:34:02,717 INFO [91386876]                Voice.java:257  | S3 MeasureStack#3 Voice #3 too long 1/8
2017-10-06 14:34:02,717 INFO [91386876]                Voice.java:257  | S4 MeasureStack#5 Voice #1 too long 3/8
2017-10-06 14:34:02,717 INFO [91386876]                Voice.java:257  | S4 MeasureStack#5 Voice #2 too long 3/16
2017-10-06 14:34:02,717 INFO [91386876]                Voice.java:257  | S4 MeasureStack#5 Voice #3 too long 5/16
2017-10-06 14:34:02,718 INFO [91386876]                Voice.java:257  | S4 MeasureStack#6 Voice #1 too long 1/4
2017-10-06 14:34:02,718 INFO [91386876]                Voice.java:257  | S4 MeasureStack#7 Voice #1 too long 3/8
2017-10-06 14:34:02,718 INFO [91386876]                Voice.java:257  | S4 MeasureStack#7 Voice #2 too long 3/4
2017-10-06 14:34:02,718 INFO [91386876]                Voice.java:257  | S4 MeasureStack#8 Voice #1 too long 1/4
2017-10-06 14:34:02,718 INFO [91386876]                Voice.java:257  | S4 MeasureStack#8 Voice #3 too long 1/4
2017-10-06 14:34:02,719 INFO [91386876]                Voice.java:257  | S5 MeasureStack#10 Voice #1 too long 3/8
2017-10-06 14:34:02,719 INFO [91386876]                Voice.java:257  | S5 MeasureStack#10 Voice #2 too long 3/16
2017-10-06 14:34:02,719 INFO [91386876]                Voice.java:257  | S5 MeasureStack#11 Voice #1 too long 3/16
2017-10-06 14:34:02,719 INFO [91386876]                Voice.java:257  | S5 MeasureStack#11 Voice #2 too long 1/16
2017-10-06 14:34:02,719 INFO [91386876]                Voice.java:257  | S5 MeasureStack#12 Voice #1 too long 3/8
2017-10-06 14:34:02,719 INFO [91386876]                Voice.java:257  | S5 MeasureStack#12 Voice #2 too long 3/8
2017-10-06 14:34:02,720 INFO [91386876]                Voice.java:257  | S5 MeasureStack#13 Voice #2 too long 1/16
2017-10-06 14:34:02,720 INFO [91386876]                Voice.java:257  | S6 MeasureStack#14 Voice #1 too long 5/8
2017-10-06 14:34:02,720 INFO [91386876]                Voice.java:257  | S6 MeasureStack#14 Voice #2 too long 1/2
2017-10-06 14:34:02,720 INFO [91386876]                Voice.java:257  | S6 MeasureStack#16 Voice #1 too long 3/8
2017-10-06 14:34:02,720 INFO [91386876]                Voice.java:257  | S6 MeasureStack#16 Voice #2 too long 1/2
2017-10-06 14:34:02,721 INFO [91386876]                Voice.java:257  | S6 MeasureStack#17 Voice #1 too long 1/8
2017-10-06 14:34:02,723 INFO [91386876]            BasicBook.java:1395 | Stored /book.xml
2017-10-06 14:34:05,130 INFO [91386876]           BasicSheet.java:979  | Stored /sheet#1/sheet#1.xml
2017-10-06 14:34:05,133 INFO [91386876]            BasicStub.java:723  | Sheet{91386876} disposed
2017-10-06 14:34:06,400 INFO [91386876]            BasicStub.java:449  | Loaded /sheet#1/sheet#1.xml
2017-10-06 14:34:06,402 INFO [91386876]            BasicBook.java:1133 | Scores built: 2
2017-10-06 14:34:07,431 INFO [91386876]        ScoreExporter.java:93   | Score 91386876.mvt1 exported to /Users/stephenn/Documents/workspace/nlsomr/xml_out/91386487/91386876/91386876.mvt1.mxl
2017-10-06 14:34:07,450 WARN [91386876]      PartwiseBuilder.java:1379 | Error visiting null
java.lang.NullPointerException: null
	at org.audiveris.omr.score.PartwiseBuilder.processKey(PartwiseBuilder.java:1344)
	at org.audiveris.omr.score.PartwiseBuilder.processKeys(PartwiseBuilder.java:1407)
	at org.audiveris.omr.score.PartwiseBuilder.processMeasure(PartwiseBuilder.java:1575)
	at org.audiveris.omr.score.PartwiseBuilder.processPart(PartwiseBuilder.java:1988)
	at org.audiveris.omr.score.PartwiseBuilder.processSystem(PartwiseBuilder.java:2528)
	at org.audiveris.omr.score.PartwiseBuilder.processLogicalPart(PartwiseBuilder.java:1433)
	at org.audiveris.omr.score.PartwiseBuilder.processStub(PartwiseBuilder.java:2483)
	at org.audiveris.omr.score.PartwiseBuilder.processPartList(PartwiseBuilder.java:2017)
	at org.audiveris.omr.score.PartwiseBuilder.processScore(PartwiseBuilder.java:2195)
	at org.audiveris.omr.score.PartwiseBuilder.build(PartwiseBuilder.java:307)
	at org.audiveris.omr.score.ScoreExporter.export(ScoreExporter.java:117)
	at org.audiveris.omr.score.ScoreExporter.export(ScoreExporter.java:91)
	at org.audiveris.omr.sheet.BasicBook.export(BasicBook.java:589)
	at org.audiveris.omr.CLI$ProcessingTask.processBook(CLI.java:785)
	at org.audiveris.omr.CLI$CliTask.call(CLI.java:344)
	at org.audiveris.omr.Main.runBatchTasks(Main.java:316)
	at org.audiveris.omr.Main.main(Main.java:155)
	at Audiveris.main(Audiveris.java:49)
2017-10-06 14:34:07,503 INFO [91386876]        ScoreExporter.java:93   | Score 91386876.mvt2 exported to /Users/stephenn/Documents/workspace/nlsomr/xml_out/91386487/91386876/91386876.mvt2.mxl
2017-10-06 14:34:07,691 INFO [91386876]            BasicBook.java:1395 | Stored /book.xml
2017-10-06 14:34:07,692 INFO [91386876]            BasicBook.java:1355 | Book stored as /Users/stephenn/Documents/workspace/nlsomr/xml_out/91386487/91386876/91386876.omr
