2017-10-06 16:05:40,654 INFO [91388124]            BasicBook.java:427  | 1 sheet in /Users/stephenn/Documents/workspace/nlsomr/working/91388124.jpg
2017-10-06 16:05:40,812 INFO []            BasicBook.java:1395 | Stored /book.xml
2017-10-06 16:05:40,812 INFO []            BasicBook.java:1355 | Book stored as /Users/stephenn/Documents/workspace/nlsomr/xml_out/91386487/91388124/91388124.omr
2017-10-06 16:05:40,817 INFO []            BasicBook.java:996  | Book reaching PAGE on sheets:[#1]
2017-10-06 16:05:40,819 INFO [91388124]       StepMonitoring.java:96   | LOAD
2017-10-06 16:05:40,983 INFO [91388124]            BasicBook.java:911  | Loaded image 1 2000x3056 from /Users/stephenn/Documents/workspace/nlsomr/working/91388124.jpg
2017-10-06 16:05:40,987 INFO [91388124]            ImageUtil.java:82   | Converting max RGB to gray ...
2017-10-06 16:05:41,249 INFO [91388124]            BasicBook.java:1395 | Stored /book.xml
2017-10-06 16:05:41,652 INFO [91388124]           BasicSheet.java:979  | Stored /sheet#1/sheet#1.xml
2017-10-06 16:05:41,654 INFO [91388124]       StepMonitoring.java:96   | BINARY
2017-10-06 16:05:42,941 INFO [91388124]            BasicBook.java:1395 | Stored /book.xml
2017-10-06 16:05:43,424 INFO [91388124]              Picture.java:786  | Stored /sheet#1/BINARY.xml
2017-10-06 16:05:43,426 INFO [91388124]           BasicSheet.java:979  | Stored /sheet#1/sheet#1.xml
2017-10-06 16:05:43,430 INFO [91388124]       StepMonitoring.java:96   | SCALE
2017-10-06 16:05:43,489 INFO [91388124]         ScaleBuilder.java:229  | No beam key found, guessed value 10
2017-10-06 16:05:43,490 INFO [91388124]            ScaleStep.java:87   | Scale{line(4,4,5) interline(16,16,17) beam(10 extra)}
2017-10-06 16:05:43,495 INFO [91388124]            BasicBook.java:1395 | Stored /book.xml
2017-10-06 16:05:43,510 INFO [91388124]           BasicSheet.java:979  | Stored /sheet#1/sheet#1.xml
2017-10-06 16:05:43,514 INFO [91388124]       StepMonitoring.java:96   | GRID
2017-10-06 16:05:44,809 INFO [91388124]       LinesRetriever.java:442  | Global slope: -0.00055
2017-10-06 16:05:44,909 INFO [91388124]    ClustersRetriever.java:241  | Retrieved line clusters: 12 of size: 5 with interline: (16,16,17)
2017-10-06 16:05:45,534 INFO [91388124]            PeakGraph.java:181  | Systems: #1[1, 2] #2[3, 4] #3[5, 6] #4[7, 8] #5[9, 10] #6[11, 12]
2017-10-06 16:05:46,295 INFO [91388124]        SystemManager.java:626  | Indentation detected for system#1
2017-10-06 16:05:46,296 INFO [91388124]        SystemManager.java:626  | Indentation detected for system#3
2017-10-06 16:05:46,297 INFO [91388124]        SystemManager.java:671  | 2 pages found in sheet
2017-10-06 16:05:46,297 INFO [91388124]        SystemManager.java:709  | Page #1: 1 part along 2 systems
2017-10-06 16:05:46,298 INFO [91388124]        SystemManager.java:709  | Page #2: 1 part along 4 systems
2017-10-06 16:05:46,302 INFO [91388124]            BasicBook.java:1395 | Stored /book.xml
2017-10-06 16:05:46,555 INFO [91388124]           BasicSheet.java:979  | Stored /sheet#1/sheet#1.xml
2017-10-06 16:05:46,559 INFO [91388124]       StepMonitoring.java:96   | HEADERS
2017-10-06 16:05:47,102 INFO []          Nd4jBackend.java:194  | Loaded [CpuBackend] backend
2017-10-06 16:05:47,168 INFO []      NativeOpsHolder.java:49   | Number of threads used for NativeOps: 2
2017-10-06 16:05:47,671 INFO [] DefaultOpExecutioner.java:544  | Backend used: [CPU]; OS: [Mac OS X]
2017-10-06 16:05:47,672 INFO [] DefaultOpExecutioner.java:545  | Cores: [4]; Memory: [3.6GB];
2017-10-06 16:05:47,672 INFO [] DefaultOpExecutioner.java:546  | Blas vendor: [OPENBLAS]
2017-10-06 16:05:47,720 INFO []   AbstractClassifier.java:332  | Classifier data loaded from default uri jar:file:/Users/stephenn/Documents/workspace/audiveris/build/distributions/Audiveris/lib/audiveris.jar!/res/basic-classifier.zip
2017-10-06 16:05:50,231 INFO [91388124]           KeyBuilder.java:746  | Staff#3 key slice#4 pitch adjusted from -1.2 to -2
2017-10-06 16:05:50,232 INFO [91388124]           KeyBuilder.java:746  | Staff#4 key slice#4 pitch adjusted from 0.5 to 0
2017-10-06 16:05:51,637 INFO [91388124]           KeyBuilder.java:746  | Staff#10 key slice#4 pitch adjusted from 0.5 to 0
2017-10-06 16:05:51,802 INFO []   AbstractClassifier.java:332  | Classifier data loaded from default uri jar:file:/Users/stephenn/Documents/workspace/audiveris/build/distributions/Audiveris/lib/audiveris.jar!/res/deep-classifier.zip
2017-10-06 16:05:51,845 INFO [91388124]           KeyBuilder.java:746  | Staff#11 key slice#4 pitch adjusted from -1.4 to -2
2017-10-06 16:05:51,861 INFO [91388124]            BasicBook.java:1395 | Stored /book.xml
2017-10-06 16:05:52,289 INFO [91388124]           BasicSheet.java:979  | Stored /sheet#1/sheet#1.xml
2017-10-06 16:05:52,292 INFO [91388124]       StepMonitoring.java:96   | STEM_SEEDS
2017-10-06 16:05:52,400 INFO [91388124]        StemSeedsStep.java:91   | stem(4 max:5)
2017-10-06 16:05:52,527 INFO [91388124]            BasicBook.java:1395 | Stored /book.xml
2017-10-06 16:05:52,965 INFO [91388124]           BasicSheet.java:979  | Stored /sheet#1/sheet#1.xml
2017-10-06 16:05:52,968 INFO [91388124]       StepMonitoring.java:96   | BEAMS
2017-10-06 16:05:57,193 INFO [91388124]            BeamsStep.java:89   | BeamDistance{count:10 mean:14.88 stdDev:0.56}
2017-10-06 16:05:57,196 INFO [91388124]            BasicBook.java:1395 | Stored /book.xml
2017-10-06 16:05:57,268 INFO [91388124]              Picture.java:786  | Stored /sheet#1/HEAD_SPOTS.xml
2017-10-06 16:05:57,795 INFO [91388124]           BasicSheet.java:979  | Stored /sheet#1/sheet#1.xml
2017-10-06 16:05:57,797 INFO [91388124]       StepMonitoring.java:96   | LEDGERS
2017-10-06 16:05:58,292 INFO [91388124]            BasicBook.java:1395 | Stored /book.xml
2017-10-06 16:05:58,841 INFO [91388124]           BasicSheet.java:979  | Stored /sheet#1/sheet#1.xml
2017-10-06 16:05:58,844 INFO [91388124]       StepMonitoring.java:96   | HEADS
2017-10-06 16:06:01,617 INFO [91388124]            BasicBook.java:1395 | Stored /book.xml
2017-10-06 16:06:02,873 INFO [91388124]           BasicSheet.java:979  | Stored /sheet#1/sheet#1.xml
2017-10-06 16:06:02,876 INFO [91388124]       StepMonitoring.java:96   | STEMS
2017-10-06 16:06:04,391 INFO [91388124]            BasicBook.java:1395 | Stored /book.xml
2017-10-06 16:06:05,827 INFO [91388124]           BasicSheet.java:979  | Stored /sheet#1/sheet#1.xml
2017-10-06 16:06:05,829 INFO [91388124]       StepMonitoring.java:96   | REDUCTION
2017-10-06 16:06:06,374 INFO [91388124]            BasicBook.java:1395 | Stored /book.xml
2017-10-06 16:06:07,328 INFO [91388124]           BasicSheet.java:979  | Stored /sheet#1/sheet#1.xml
2017-10-06 16:06:07,330 INFO [91388124]       StepMonitoring.java:96   | CUE_BEAMS
2017-10-06 16:06:07,333 INFO [91388124]            BasicBook.java:1395 | Stored /book.xml
2017-10-06 16:06:08,259 INFO [91388124]           BasicSheet.java:979  | Stored /sheet#1/sheet#1.xml
2017-10-06 16:06:08,265 INFO [91388124]       StepMonitoring.java:96   | TEXTS
2017-10-06 16:06:09,649 INFO [91388124]            BasicBook.java:1395 | Stored /book.xml
2017-10-06 16:06:10,580 INFO [91388124]           BasicSheet.java:979  | Stored /sheet#1/sheet#1.xml
2017-10-06 16:06:10,582 INFO [91388124]       StepMonitoring.java:96   | MEASURES
2017-10-06 16:06:10,587 INFO [91388124]                 Page.java:210  | 8 raw measures: [4 in system#1, 4 in system#2]
2017-10-06 16:06:10,588 INFO [91388124]                 Page.java:210  | 16 raw measures: [4 in system#3, 4 in system#4, 4 in system#5, 4 in system#6]
2017-10-06 16:06:10,589 INFO [91388124]            BasicBook.java:1395 | Stored /book.xml
2017-10-06 16:06:11,522 INFO [91388124]           BasicSheet.java:979  | Stored /sheet#1/sheet#1.xml
2017-10-06 16:06:11,525 INFO [91388124]       StepMonitoring.java:96   | CHORDS
2017-10-06 16:06:11,539 INFO [91388124]            BasicBook.java:1395 | Stored /book.xml
2017-10-06 16:06:12,479 INFO [91388124]           BasicSheet.java:979  | Stored /sheet#1/sheet#1.xml
2017-10-06 16:06:12,481 INFO [91388124]       StepMonitoring.java:96   | CURVES
2017-10-06 16:06:13,712 INFO [91388124]         SlursBuilder.java:157  | Slurs: 2
2017-10-06 16:06:13,723 INFO [91388124]      SegmentsBuilder.java:113  | Segments: 11
2017-10-06 16:06:13,730 INFO [91388124]            BasicBook.java:1395 | Stored /book.xml
2017-10-06 16:06:14,747 INFO [91388124]           BasicSheet.java:979  | Stored /sheet#1/sheet#1.xml
2017-10-06 16:06:14,749 INFO [91388124]       StepMonitoring.java:96   | SYMBOLS
2017-10-06 16:06:17,446 INFO [91388124]            BasicBook.java:1395 | Stored /book.xml
2017-10-06 16:06:18,600 INFO [91388124]           BasicSheet.java:979  | Stored /sheet#1/sheet#1.xml
2017-10-06 16:06:18,602 INFO [91388124]       StepMonitoring.java:96   | LINKS
2017-10-06 16:06:18,638 INFO [91388124]            BasicBook.java:1395 | Stored /book.xml
2017-10-06 16:06:19,850 INFO [91388124]           BasicSheet.java:979  | Stored /sheet#1/sheet#1.xml
2017-10-06 16:06:19,853 INFO [91388124]       StepMonitoring.java:96   | RHYTHMS
2017-10-06 16:06:19,883 INFO [91388124]           PageRhythm.java:314  | Range{1-8} Durations avgGuess:1 topGuess:1 avgValue:1.00 stacks:8 voices:17 Histogram{1-2 size:2 [1=15 2=2]}
2017-10-06 16:06:19,884 INFO [91388124]           PageRhythm.java:221  | S1 Range{1-8 dur:1} should update to 1-based time sig?
2017-10-06 16:06:19,888 INFO [91388124]                Voice.java:257  | S1 MeasureStack#1 Voice #1 too long 1
2017-10-06 16:06:19,889 INFO [91388124]                Voice.java:257  | S1 MeasureStack#1 Voice #2 too long 1
2017-10-06 16:06:19,890 INFO [91388124]           StackTuner.java:92   | S1 MeasureStack#1 no correct rhythm
2017-10-06 16:06:19,920 INFO [91388124]           PageRhythm.java:314  | Range{1-16 ts:6/8} Durations avgGuess:3/4 topGuess:3/4 avgValue:0.70 stacks:16 voices:34 Histogram{5/16-1 size:7 [5/16=1 3/8=2 1/2=8 5/8=6 3/4=10 7/8=5 1=2]}
2017-10-06 16:06:19,924 INFO [91388124]         SlotsBuilder.java:427  | S3 MeasureStack#2 Slot{#3 xOffset=142 timeOffset=3/8 incomings=[#5157] SUSPICIOUS}
2017-10-06 16:06:19,925 INFO [91388124]                Voice.java:257  | S3 MeasureStack#2 Voice #1 too long 1/8
2017-10-06 16:06:19,926 INFO [91388124]           StackTuner.java:92   | S3 MeasureStack#2 no correct rhythm
2017-10-06 16:06:19,928 INFO [91388124]         SlotsBuilder.java:427  | S3 MeasureStack#4 Slot{#3 xOffset=159 timeOffset=3/8 incomings=[#5170] SUSPICIOUS}
2017-10-06 16:06:19,929 INFO [91388124]                Voice.java:257  | S4 MeasureStack#5 Voice #1 too long 1/4
2017-10-06 16:06:19,929 INFO [91388124]           StackTuner.java:92   | S4 MeasureStack#5 no correct rhythm
2017-10-06 16:06:19,931 INFO [91388124]                Voice.java:257  | S4 MeasureStack#6 Voice #2 too long 1/8
2017-10-06 16:06:19,932 INFO [91388124]           StackTuner.java:92   | S4 MeasureStack#6 no correct rhythm
2017-10-06 16:06:19,933 INFO [91388124]                Voice.java:257  | S4 MeasureStack#7 Voice #1 too long 1/8
2017-10-06 16:06:19,934 INFO [91388124]           StackTuner.java:92   | S4 MeasureStack#7 no correct rhythm
2017-10-06 16:06:19,936 INFO [91388124]                Voice.java:257  | S5 MeasureStack#10 Voice #1 too long 1/8
2017-10-06 16:06:19,937 INFO [91388124]           StackTuner.java:92   | S5 MeasureStack#10 no correct rhythm
2017-10-06 16:06:19,938 INFO [91388124]         SlotsBuilder.java:427  | S5 MeasureStack#11 Slot{#5 xOffset=250 timeOffset=5/16 incomings=[#5223] SUSPICIOUS}
2017-10-06 16:06:19,941 INFO [91388124]                Voice.java:257  | S6 MeasureStack#13 Voice #1 too long 1/4
2017-10-06 16:06:19,941 INFO [91388124]           StackTuner.java:92   | S6 MeasureStack#13 no correct rhythm
2017-10-06 16:06:19,942 INFO [91388124]                Voice.java:257  | S6 MeasureStack#14 Voice #2 too long 1/8
2017-10-06 16:06:19,943 INFO [91388124]           StackTuner.java:92   | S6 MeasureStack#14 no correct rhythm
2017-10-06 16:06:19,944 INFO [91388124]                Voice.java:257  | S6 MeasureStack#15 Voice #1 too long 1/8
2017-10-06 16:06:19,944 INFO [91388124]           StackTuner.java:92   | S6 MeasureStack#15 no correct rhythm
2017-10-06 16:06:19,947 INFO [91388124]            BasicBook.java:1395 | Stored /book.xml
2017-10-06 16:06:21,219 INFO [91388124]           BasicSheet.java:979  | Stored /sheet#1/sheet#1.xml
2017-10-06 16:06:21,221 INFO [91388124]       StepMonitoring.java:96   | PAGE
2017-10-06 16:06:21,225 INFO [91388124]                Voice.java:257  | S1 MeasureStack#1 Voice #1 too long 1
2017-10-06 16:06:21,225 INFO [91388124]                Voice.java:257  | S1 MeasureStack#1 Voice #2 too long 1
2017-10-06 16:06:21,226 INFO [91388124]                Voice.java:257  | S3 MeasureStack#2 Voice #1 too long 1/8
2017-10-06 16:06:21,227 INFO [91388124]                Voice.java:257  | S4 MeasureStack#5 Voice #1 too long 1/4
2017-10-06 16:06:21,227 INFO [91388124]                Voice.java:257  | S4 MeasureStack#6 Voice #2 too long 1/8
2017-10-06 16:06:21,227 INFO [91388124]                Voice.java:257  | S4 MeasureStack#7 Voice #1 too long 1/8
2017-10-06 16:06:21,228 INFO [91388124]                Voice.java:257  | S5 MeasureStack#10 Voice #1 too long 1/8
2017-10-06 16:06:21,228 INFO [91388124]                Voice.java:257  | S6 MeasureStack#13 Voice #1 too long 1/4
2017-10-06 16:06:21,228 INFO [91388124]                Voice.java:257  | S6 MeasureStack#14 Voice #2 too long 1/8
2017-10-06 16:06:21,228 INFO [91388124]                Voice.java:257  | S6 MeasureStack#15 Voice #1 too long 1/8
2017-10-06 16:06:21,230 INFO [91388124]            BasicBook.java:1395 | Stored /book.xml
2017-10-06 16:06:22,471 INFO [91388124]           BasicSheet.java:979  | Stored /sheet#1/sheet#1.xml
2017-10-06 16:06:22,473 INFO [91388124]            BasicStub.java:723  | Sheet{91388124} disposed
2017-10-06 16:06:23,417 INFO [91388124]            BasicStub.java:449  | Loaded /sheet#1/sheet#1.xml
2017-10-06 16:06:23,419 INFO [91388124]            BasicBook.java:1133 | Scores built: 2
2017-10-06 16:06:24,515 INFO [91388124]        ScoreExporter.java:93   | Score 91388124.mvt1 exported to /Users/stephenn/Documents/workspace/nlsomr/xml_out/91386487/91388124/91388124.mvt1.mxl
2017-10-06 16:06:24,548 INFO [91388124]        ScoreExporter.java:93   | Score 91388124.mvt2 exported to /Users/stephenn/Documents/workspace/nlsomr/xml_out/91386487/91388124/91388124.mvt2.mxl
2017-10-06 16:06:24,713 INFO [91388124]            BasicBook.java:1395 | Stored /book.xml
2017-10-06 16:06:24,713 INFO [91388124]            BasicBook.java:1355 | Book stored as /Users/stephenn/Documents/workspace/nlsomr/xml_out/91386487/91388124/91388124.omr
