2017-10-06 14:29:46,683 INFO [91386828]            BasicBook.java:427  | 1 sheet in /Users/stephenn/Documents/workspace/nlsomr/working/91386828.jpg
2017-10-06 14:29:46,831 INFO []            BasicBook.java:1395 | Stored /book.xml
2017-10-06 14:29:46,831 INFO []            BasicBook.java:1355 | Book stored as /Users/stephenn/Documents/workspace/nlsomr/xml_out/91386487/91386828/91386828.omr
2017-10-06 14:29:46,836 INFO []            BasicBook.java:996  | Book reaching PAGE on sheets:[#1]
2017-10-06 14:29:46,838 INFO [91386828]       StepMonitoring.java:96   | LOAD
2017-10-06 14:29:46,979 INFO [91386828]            BasicBook.java:911  | Loaded image 1 2000x3056 from /Users/stephenn/Documents/workspace/nlsomr/working/91386828.jpg
2017-10-06 14:29:46,983 INFO [91386828]            ImageUtil.java:82   | Converting max RGB to gray ...
2017-10-06 14:29:47,224 INFO [91386828]            BasicBook.java:1395 | Stored /book.xml
2017-10-06 14:29:47,516 INFO [91386828]           BasicSheet.java:979  | Stored /sheet#1/sheet#1.xml
2017-10-06 14:29:47,518 INFO [91386828]       StepMonitoring.java:96   | BINARY
2017-10-06 14:29:48,070 INFO [91386828]            BasicBook.java:1395 | Stored /book.xml
2017-10-06 14:29:48,560 INFO [91386828]              Picture.java:786  | Stored /sheet#1/BINARY.xml
2017-10-06 14:29:48,562 INFO [91386828]           BasicSheet.java:979  | Stored /sheet#1/sheet#1.xml
2017-10-06 14:29:48,567 INFO [91386828]       StepMonitoring.java:96   | SCALE
2017-10-06 14:29:48,621 INFO [91386828]            ScaleStep.java:87   | Scale{line(2,4,5) interline(16,16,17) beam(13)}
2017-10-06 14:29:48,625 INFO [91386828]            BasicBook.java:1395 | Stored /book.xml
2017-10-06 14:29:48,627 INFO [91386828]           BasicSheet.java:979  | Stored /sheet#1/sheet#1.xml
2017-10-06 14:29:48,631 INFO [91386828]       StepMonitoring.java:96   | GRID
2017-10-06 14:29:49,753 INFO [91386828]       LinesRetriever.java:442  | Global slope: -0.00277
2017-10-06 14:29:49,839 INFO [91386828]    ClustersRetriever.java:241  | Retrieved line clusters: 12 of size: 5 with interline: (16,16,17)
2017-10-06 14:29:50,265 INFO [91386828]            PeakGraph.java:181  | Systems: #1[1, 2] #2[3, 4] #3[5, 6] #4[7, 8] #5[9, 10] #6[11, 12]
2017-10-06 14:29:50,360 INFO [91386828]        BarsRetriever.java:910  | No brace partner at level:1 for Peak{234-245 F#2327 T#5 [BRACE]}
2017-10-06 14:29:50,360 INFO [91386828]        BarsRetriever.java:910  | No brace partner at level:1 for Peak{364-382 F#2329 T#6 [BRACE, BRACE_BOTTOM]}
2017-10-06 14:29:51,236 INFO [91386828]        SystemManager.java:626  | Indentation detected for system#3
2017-10-06 14:29:51,237 INFO [91386828]        SystemManager.java:671  | 2 pages found in sheet
2017-10-06 14:29:51,237 INFO [91386828]        SystemManager.java:709  | Page #1: 1 part along 2 systems
2017-10-06 14:29:51,238 INFO [91386828]        SystemManager.java:709  | Page #2: 2 parts along 4 systems
2017-10-06 14:29:51,241 INFO [91386828]            BasicBook.java:1395 | Stored /book.xml
2017-10-06 14:29:51,430 INFO [91386828]           BasicSheet.java:979  | Stored /sheet#1/sheet#1.xml
2017-10-06 14:29:51,434 INFO [91386828]       StepMonitoring.java:96   | HEADERS
2017-10-06 14:29:51,826 INFO []          Nd4jBackend.java:194  | Loaded [CpuBackend] backend
2017-10-06 14:29:51,897 INFO []      NativeOpsHolder.java:49   | Number of threads used for NativeOps: 2
2017-10-06 14:29:52,555 INFO [] DefaultOpExecutioner.java:544  | Backend used: [CPU]; OS: [Mac OS X]
2017-10-06 14:29:52,556 INFO [] DefaultOpExecutioner.java:545  | Cores: [4]; Memory: [3.6GB];
2017-10-06 14:29:52,556 INFO [] DefaultOpExecutioner.java:546  | Blas vendor: [OPENBLAS]
2017-10-06 14:29:52,600 INFO []   AbstractClassifier.java:332  | Classifier data loaded from default uri jar:file:/Users/stephenn/Documents/workspace/audiveris/build/distributions/Audiveris/lib/audiveris.jar!/res/basic-classifier.zip
2017-10-06 14:29:54,803 WARN [91386828]          ClefBuilder.java:560  | Staff#4 no header clef.
2017-10-06 14:29:54,932 WARN [91386828]          ClefBuilder.java:560  | Staff#6 no header clef.
2017-10-06 14:29:55,138 WARN [91386828]          ClefBuilder.java:560  | Staff#8 no header clef.
2017-10-06 14:29:55,221 WARN [91386828]          ClefBuilder.java:560  | Staff#10 no header clef.
2017-10-06 14:29:55,387 INFO [91386828]            BasicBook.java:1395 | Stored /book.xml
2017-10-06 14:29:55,723 INFO [91386828]           BasicSheet.java:979  | Stored /sheet#1/sheet#1.xml
2017-10-06 14:29:55,725 INFO [91386828]       StepMonitoring.java:96   | STEM_SEEDS
2017-10-06 14:29:55,854 INFO [91386828]        StemSeedsStep.java:91   | stem(3 max:4)
2017-10-06 14:29:55,919 INFO []   AbstractClassifier.java:332  | Classifier data loaded from default uri jar:file:/Users/stephenn/Documents/workspace/audiveris/build/distributions/Audiveris/lib/audiveris.jar!/res/deep-classifier.zip
2017-10-06 14:29:55,972 INFO [91386828]            BasicBook.java:1395 | Stored /book.xml
2017-10-06 14:29:56,284 INFO [91386828]           BasicSheet.java:979  | Stored /sheet#1/sheet#1.xml
2017-10-06 14:29:56,286 INFO [91386828]       StepMonitoring.java:96   | BEAMS
2017-10-06 14:30:01,081 INFO [91386828]            BeamsStep.java:89   | BeamDistance{count:2 mean:14.57 stdDev:1.16}
2017-10-06 14:30:01,084 INFO [91386828]            BasicBook.java:1395 | Stored /book.xml
2017-10-06 14:30:01,135 INFO [91386828]              Picture.java:786  | Stored /sheet#1/HEAD_SPOTS.xml
2017-10-06 14:30:01,479 INFO [91386828]           BasicSheet.java:979  | Stored /sheet#1/sheet#1.xml
2017-10-06 14:30:01,481 INFO [91386828]       StepMonitoring.java:96   | LEDGERS
2017-10-06 14:30:02,049 INFO [91386828]            BasicBook.java:1395 | Stored /book.xml
2017-10-06 14:30:02,459 INFO [91386828]           BasicSheet.java:979  | Stored /sheet#1/sheet#1.xml
2017-10-06 14:30:02,461 INFO [91386828]       StepMonitoring.java:96   | HEADS
2017-10-06 14:30:04,971 INFO [91386828]            BasicBook.java:1395 | Stored /book.xml
2017-10-06 14:30:05,775 INFO [91386828]           BasicSheet.java:979  | Stored /sheet#1/sheet#1.xml
2017-10-06 14:30:05,777 INFO [91386828]       StepMonitoring.java:96   | STEMS
2017-10-06 14:30:07,579 INFO [91386828]            BasicBook.java:1395 | Stored /book.xml
2017-10-06 14:30:08,497 INFO [91386828]           BasicSheet.java:979  | Stored /sheet#1/sheet#1.xml
2017-10-06 14:30:08,499 INFO [91386828]       StepMonitoring.java:96   | REDUCTION
2017-10-06 14:30:08,944 INFO [91386828]            BasicBook.java:1395 | Stored /book.xml
2017-10-06 14:30:09,568 INFO [91386828]           BasicSheet.java:979  | Stored /sheet#1/sheet#1.xml
2017-10-06 14:30:09,571 INFO [91386828]       StepMonitoring.java:96   | CUE_BEAMS
2017-10-06 14:30:09,574 INFO [91386828]         BeamsBuilder.java:2012 | Mixed or unknown direction in cue area CueAggregate{S5A1 bounds:java.awt.Rectangle[x=1623,y=2240,width=22,height=101] HeadInter{#3599(0.503/0.738) s:10 p:0.00 NOTEHEAD_BLACK_SMALL}+StemInter{#4344(0.774/0.925)} HeadInter{#3608(0.546/0.764) s:10 p:2.00 NOTEHEAD_BLACK_SMALL}+StemInter{#4344(0.774/0.925)}}
2017-10-06 14:30:09,576 INFO [91386828]            BasicBook.java:1395 | Stored /book.xml
2017-10-06 14:30:10,206 INFO [91386828]           BasicSheet.java:979  | Stored /sheet#1/sheet#1.xml
2017-10-06 14:30:10,208 INFO [91386828]       StepMonitoring.java:96   | TEXTS
2017-10-06 14:30:12,399 INFO [91386828]            BasicBook.java:1395 | Stored /book.xml
2017-10-06 14:30:13,045 INFO [91386828]           BasicSheet.java:979  | Stored /sheet#1/sheet#1.xml
2017-10-06 14:30:13,048 INFO [91386828]       StepMonitoring.java:96   | MEASURES
2017-10-06 14:30:13,053 INFO [91386828]                 Page.java:210  | 8 raw measures: [4 in system#1, 4 in system#2]
2017-10-06 14:30:13,053 INFO [91386828]                 Page.java:210  | 17 raw measures: [5 in system#3, 4 in system#4, 4 in system#5, 4 in system#6]
2017-10-06 14:30:13,055 INFO [91386828]            BasicBook.java:1395 | Stored /book.xml
2017-10-06 14:30:13,745 INFO [91386828]           BasicSheet.java:979  | Stored /sheet#1/sheet#1.xml
2017-10-06 14:30:13,747 INFO [91386828]       StepMonitoring.java:96   | CHORDS
2017-10-06 14:30:13,757 INFO [91386828]            BasicBook.java:1395 | Stored /book.xml
2017-10-06 14:30:14,418 INFO [91386828]           BasicSheet.java:979  | Stored /sheet#1/sheet#1.xml
2017-10-06 14:30:14,420 INFO [91386828]       StepMonitoring.java:96   | CURVES
2017-10-06 14:30:16,005 INFO [91386828]         SlursBuilder.java:157  | Slurs: 26
2017-10-06 14:30:16,030 INFO [91386828]      SegmentsBuilder.java:113  | Segments: 36
2017-10-06 14:30:16,037 INFO [91386828]            BasicBook.java:1395 | Stored /book.xml
2017-10-06 14:30:16,955 INFO [91386828]           BasicSheet.java:979  | Stored /sheet#1/sheet#1.xml
2017-10-06 14:30:16,957 INFO [91386828]       StepMonitoring.java:96   | SYMBOLS
2017-10-06 14:30:19,935 INFO [91386828]            BasicBook.java:1395 | Stored /book.xml
2017-10-06 14:30:21,107 INFO [91386828]           BasicSheet.java:979  | Stored /sheet#1/sheet#1.xml
2017-10-06 14:30:21,110 INFO [91386828]       StepMonitoring.java:96   | LINKS
2017-10-06 14:30:21,127 INFO [91386828]        SymbolsLinker.java:306  | No measure stack for direction SentenceInter{#4466(0.604) s:5 BS-36 Direction} J 96.
2017-10-06 14:30:21,137 INFO [91386828]        SymbolsLinker.java:252  | No chord above PedalInter{#5935(0.799) PEDAL_UP_MARK}
2017-10-06 14:30:21,138 INFO [91386828]        SymbolsLinker.java:252  | No chord above PedalInter{#5939(0.742) PEDAL_UP_MARK}
2017-10-06 14:30:21,138 INFO [91386828]        SymbolsLinker.java:252  | No chord above PedalInter{#5942(0.800) PEDAL_UP_MARK}
2017-10-06 14:30:21,138 INFO [91386828]        SymbolsLinker.java:252  | No chord above PedalInter{#5956(0.800) PEDAL_UP_MARK}
2017-10-06 14:30:21,164 INFO [91386828]            BasicBook.java:1395 | Stored /book.xml
2017-10-06 14:30:22,356 INFO [91386828]           BasicSheet.java:979  | Stored /sheet#1/sheet#1.xml
2017-10-06 14:30:22,358 INFO [91386828]       StepMonitoring.java:96   | RHYTHMS
2017-10-06 14:30:22,372 INFO [91386828]         SlotsBuilder.java:434  | Stack#3 endless loop detected
2017-10-06 14:30:22,382 INFO [91386828]           PageRhythm.java:314  | Range{1-8} Durations avgGuess:3/4 topGuess:1/2 avgValue:0.75 stacks:8 voices:20 Histogram{1/4-5/4 size:8 [1/4=2 3/8=1 1/2=6 9/16=1 5/8=1 3/4=4 7/8=2 5/4=3]}
2017-10-06 14:30:22,383 INFO [91386828]           PageRhythm.java:221  | S1 Range{1-8 dur:3/4} should update to 3/4-based time sig?
2017-10-06 14:30:22,384 INFO [91386828]         SlotsBuilder.java:427  | S1 MeasureStack#1 Slot{#6 xOffset=389 timeOffset=9/16 incomings=[#4488] SUSPICIOUS}
2017-10-06 14:30:22,385 INFO [91386828]                Voice.java:257  | S1 MeasureStack#1 Voice #1 too long 1/16
2017-10-06 14:30:22,386 INFO [91386828]           StackTuner.java:92   | S1 MeasureStack#1 no correct rhythm
2017-10-06 14:30:22,388 INFO [91386828]                Voice.java:257  | S1 MeasureStack#2 Voice #1 too long 1/2
2017-10-06 14:30:22,388 INFO [91386828]                Voice.java:257  | S1 MeasureStack#2 Voice #3 too long 1/2
2017-10-06 14:30:22,388 INFO [91386828]           StackTuner.java:92   | S1 MeasureStack#2 no correct rhythm
2017-10-06 14:30:22,393 INFO [91386828]         SlotsBuilder.java:434  | Stack#3 endless loop detected
2017-10-06 14:30:22,400 WARN [91386828]            BasicStub.java:841  | Error in RHYTHMS java.util.concurrent.ExecutionException: java.lang.NullPointerException
java.util.concurrent.ExecutionException: java.lang.NullPointerException
	at java.util.concurrent.FutureTask.report(FutureTask.java:122)
	at java.util.concurrent.FutureTask.get(FutureTask.java:206)
	at org.audiveris.omr.sheet.BasicStub.doOneStep(BasicStub.java:824)
	at org.audiveris.omr.sheet.BasicStub.reachStep(BasicStub.java:564)
	at org.audiveris.omr.sheet.BasicBook.reachBookStep(BasicBook.java:1063)
	at org.audiveris.omr.sheet.BasicBook.transcribe(BasicBook.java:1446)
	at org.audiveris.omr.sheet.BasicBook.export(BasicBook.java:558)
	at org.audiveris.omr.CLI$ProcessingTask.processBook(CLI.java:785)
	at org.audiveris.omr.CLI$CliTask.call(CLI.java:344)
	at org.audiveris.omr.Main.runBatchTasks(Main.java:316)
	at org.audiveris.omr.Main.main(Main.java:155)
	at Audiveris.main(Audiveris.java:49)
Caused by: java.lang.NullPointerException: null
	at org.audiveris.omr.sheet.rhythm.Voices.getTiedId(Voices.java:366)
	at org.audiveris.omr.sheet.rhythm.Voices.refineSystem(Voices.java:290)
	at org.audiveris.omr.sheet.rhythm.PageRhythm.processRanges(PageRhythm.java:245)
	at org.audiveris.omr.sheet.rhythm.PageRhythm.process(PageRhythm.java:128)
	at org.audiveris.omr.sheet.rhythm.RhythmsStep.doit(RhythmsStep.java:61)
	at org.audiveris.omr.step.Step.doit(Step.java:168)
	at org.audiveris.omr.sheet.BasicStub$3.call(BasicStub.java:814)
	at org.audiveris.omr.sheet.BasicStub$3.call(BasicStub.java:802)
	at java.util.concurrent.FutureTask.run(FutureTask.java:266)
	at java.util.concurrent.ThreadPoolExecutor.runWorker(ThreadPoolExecutor.java:1149)
	at java.util.concurrent.ThreadPoolExecutor$Worker.run(ThreadPoolExecutor.java:624)
	at java.lang.Thread.run(Thread.java:748)
2017-10-06 14:30:22,401 INFO [91386828]            BasicStub.java:846  | Cause java.lang.NullPointerException
2017-10-06 14:30:22,401 INFO [91386828]            BasicStub.java:571  | StepException detected in [LOAD, BINARY, SCALE, GRID, HEADERS, STEM_SEEDS, BEAMS, LEDGERS, HEADS, STEMS, REDUCTION, CUE_BEAMS, TEXTS, MEASURES, CHORDS, CURVES, SYMBOLS, LINKS, RHYTHMS, PAGE]
2017-10-06 14:30:22,404 INFO [91386828]            BasicBook.java:1133 | Scores built: 2
2017-10-06 14:30:23,321 INFO [91386828]        ScoreExporter.java:93   | Score 91386828.mvt1 exported to /Users/stephenn/Documents/workspace/nlsomr/xml_out/91386487/91386828/91386828.mvt1.mxl
2017-10-06 14:30:23,323 INFO [91386828]        ScoreExporter.java:93   | Score 91386828.mvt2 exported to /Users/stephenn/Documents/workspace/nlsomr/xml_out/91386487/91386828/91386828.mvt2.mxl
2017-10-06 14:30:23,531 INFO [91386828]            BasicBook.java:1395 | Stored /book.xml
2017-10-06 14:30:24,299 INFO [91386828]           BasicSheet.java:979  | Stored /sheet#1/sheet#1.xml
2017-10-06 14:30:24,299 INFO [91386828]            BasicBook.java:1355 | Book stored as /Users/stephenn/Documents/workspace/nlsomr/xml_out/91386487/91386828/91386828.omr
