2017-10-06 15:15:19,136 INFO [91387452]            BasicBook.java:427  | 1 sheet in /Users/stephenn/Documents/workspace/nlsomr/working/91387452.jpg
2017-10-06 15:15:19,289 INFO []            BasicBook.java:1395 | Stored /book.xml
2017-10-06 15:15:19,290 INFO []            BasicBook.java:1355 | Book stored as /Users/stephenn/Documents/workspace/nlsomr/xml_out/91386487/91387452/91387452.omr
2017-10-06 15:15:19,295 INFO []            BasicBook.java:996  | Book reaching PAGE on sheets:[#1]
2017-10-06 15:15:19,296 INFO [91387452]       StepMonitoring.java:96   | LOAD
2017-10-06 15:15:19,445 INFO [91387452]            BasicBook.java:911  | Loaded image 1 2000x3056 from /Users/stephenn/Documents/workspace/nlsomr/working/91387452.jpg
2017-10-06 15:15:19,448 INFO [91387452]            ImageUtil.java:82   | Converting max RGB to gray ...
2017-10-06 15:15:19,687 INFO [91387452]            BasicBook.java:1395 | Stored /book.xml
2017-10-06 15:15:19,990 INFO [91387452]           BasicSheet.java:979  | Stored /sheet#1/sheet#1.xml
2017-10-06 15:15:19,991 INFO [91387452]       StepMonitoring.java:96   | BINARY
2017-10-06 15:15:20,643 INFO [91387452]            BasicBook.java:1395 | Stored /book.xml
2017-10-06 15:15:20,922 INFO [91387452]              Picture.java:786  | Stored /sheet#1/BINARY.xml
2017-10-06 15:15:20,924 INFO [91387452]           BasicSheet.java:979  | Stored /sheet#1/sheet#1.xml
2017-10-06 15:15:20,926 INFO [91387452]       StepMonitoring.java:96   | SCALE
2017-10-06 15:15:20,967 INFO [91387452]            ScaleStep.java:87   | Scale{line(3,5,6) interline(16,16,17) beam(13)}
2017-10-06 15:15:20,969 INFO [91387452]            BasicBook.java:1395 | Stored /book.xml
2017-10-06 15:15:20,971 INFO [91387452]           BasicSheet.java:979  | Stored /sheet#1/sheet#1.xml
2017-10-06 15:15:20,973 INFO [91387452]       StepMonitoring.java:96   | GRID
2017-10-06 15:15:21,779 INFO [91387452]       LinesRetriever.java:442  | Global slope: -0.00085
2017-10-06 15:15:21,870 INFO [91387452]    ClustersRetriever.java:241  | Retrieved line clusters: 10 of size: 5 with interline: (16,16,17)
2017-10-06 15:15:22,327 INFO [91387452]            PeakGraph.java:181  | Systems: #1[1, 2] #2[3, 4] #3[5, 6] #4[7, 8] #5[9, 10]
2017-10-06 15:15:23,058 INFO [91387452]        SystemManager.java:626  | Indentation detected for system#2
2017-10-06 15:15:23,059 INFO [91387452]        SystemManager.java:671  | 2 pages found in sheet
2017-10-06 15:15:23,060 INFO [91387452]        SystemManager.java:709  | Page #1: 1 part along 1 system
2017-10-06 15:15:23,060 INFO [91387452]        SystemManager.java:709  | Page #2: 1 part along 4 systems
2017-10-06 15:15:23,064 INFO [91387452]            BasicBook.java:1395 | Stored /book.xml
2017-10-06 15:15:23,256 INFO [91387452]           BasicSheet.java:979  | Stored /sheet#1/sheet#1.xml
2017-10-06 15:15:23,258 INFO [91387452]       StepMonitoring.java:96   | HEADERS
2017-10-06 15:15:23,685 INFO []          Nd4jBackend.java:194  | Loaded [CpuBackend] backend
2017-10-06 15:15:23,746 INFO []      NativeOpsHolder.java:49   | Number of threads used for NativeOps: 2
2017-10-06 15:15:24,210 INFO [] DefaultOpExecutioner.java:544  | Backend used: [CPU]; OS: [Mac OS X]
2017-10-06 15:15:24,210 INFO [] DefaultOpExecutioner.java:545  | Cores: [4]; Memory: [3.6GB];
2017-10-06 15:15:24,211 INFO [] DefaultOpExecutioner.java:546  | Blas vendor: [OPENBLAS]
2017-10-06 15:15:24,262 INFO []   AbstractClassifier.java:332  | Classifier data loaded from default uri jar:file:/Users/stephenn/Documents/workspace/audiveris/build/distributions/Audiveris/lib/audiveris.jar!/res/basic-classifier.zip
2017-10-06 15:15:26,246 WARN [91387452]          ClefBuilder.java:560  | Staff#4 no header clef.
2017-10-06 15:15:26,958 WARN [91387452]          ClefBuilder.java:560  | Staff#10 no header clef.
2017-10-06 15:15:27,003 INFO [91387452]            BasicBook.java:1395 | Stored /book.xml
2017-10-06 15:15:27,374 INFO [91387452]           BasicSheet.java:979  | Stored /sheet#1/sheet#1.xml
2017-10-06 15:15:27,377 INFO [91387452]       StepMonitoring.java:96   | STEM_SEEDS
2017-10-06 15:15:27,541 INFO [91387452]        StemSeedsStep.java:91   | stem(4 max:5)
2017-10-06 15:15:27,641 INFO []   AbstractClassifier.java:332  | Classifier data loaded from default uri jar:file:/Users/stephenn/Documents/workspace/audiveris/build/distributions/Audiveris/lib/audiveris.jar!/res/deep-classifier.zip
2017-10-06 15:15:27,663 INFO [91387452]            BasicBook.java:1395 | Stored /book.xml
2017-10-06 15:15:27,965 INFO [91387452]           BasicSheet.java:979  | Stored /sheet#1/sheet#1.xml
2017-10-06 15:15:27,967 INFO [91387452]       StepMonitoring.java:96   | BEAMS
2017-10-06 15:15:33,050 INFO [91387452]            BeamsStep.java:89   | BeamDistance{count:34 mean:14.36 stdDev:2.61}
2017-10-06 15:15:33,053 INFO [91387452]            BasicBook.java:1395 | Stored /book.xml
2017-10-06 15:15:33,137 INFO [91387452]              Picture.java:786  | Stored /sheet#1/HEAD_SPOTS.xml
2017-10-06 15:15:33,626 INFO [91387452]           BasicSheet.java:979  | Stored /sheet#1/sheet#1.xml
2017-10-06 15:15:33,628 INFO [91387452]       StepMonitoring.java:96   | LEDGERS
2017-10-06 15:15:34,160 INFO [91387452]            BasicBook.java:1395 | Stored /book.xml
2017-10-06 15:15:34,701 INFO [91387452]           BasicSheet.java:979  | Stored /sheet#1/sheet#1.xml
2017-10-06 15:15:34,704 INFO [91387452]       StepMonitoring.java:96   | HEADS
2017-10-06 15:15:37,173 INFO [91387452]            BasicBook.java:1395 | Stored /book.xml
2017-10-06 15:15:38,042 INFO [91387452]           BasicSheet.java:979  | Stored /sheet#1/sheet#1.xml
2017-10-06 15:15:38,046 INFO [91387452]       StepMonitoring.java:96   | STEMS
2017-10-06 15:15:39,706 INFO [91387452]            BasicBook.java:1395 | Stored /book.xml
2017-10-06 15:15:40,913 INFO [91387452]           BasicSheet.java:979  | Stored /sheet#1/sheet#1.xml
2017-10-06 15:15:40,918 INFO [91387452]       StepMonitoring.java:96   | REDUCTION
2017-10-06 15:15:41,298 INFO [91387452]            BasicBook.java:1395 | Stored /book.xml
2017-10-06 15:15:42,136 INFO [91387452]           BasicSheet.java:979  | Stored /sheet#1/sheet#1.xml
2017-10-06 15:15:42,139 INFO [91387452]       StepMonitoring.java:96   | CUE_BEAMS
2017-10-06 15:15:42,151 INFO [91387452]            BasicBook.java:1395 | Stored /book.xml
2017-10-06 15:15:42,960 INFO [91387452]           BasicSheet.java:979  | Stored /sheet#1/sheet#1.xml
2017-10-06 15:15:42,964 INFO [91387452]       StepMonitoring.java:96   | TEXTS
2017-10-06 15:15:44,659 INFO [91387452]            BasicBook.java:1395 | Stored /book.xml
2017-10-06 15:15:45,680 INFO [91387452]           BasicSheet.java:979  | Stored /sheet#1/sheet#1.xml
2017-10-06 15:15:45,682 INFO [91387452]       StepMonitoring.java:96   | MEASURES
2017-10-06 15:15:45,687 INFO [91387452]                 Page.java:210  | 3 raw measures: [3 in system#1]
2017-10-06 15:15:45,687 INFO [91387452]                 Page.java:210  | 17 raw measures: [5 in system#2, 4 in system#3, 4 in system#4, 4 in system#5]
2017-10-06 15:15:45,690 INFO [91387452]            BasicBook.java:1395 | Stored /book.xml
2017-10-06 15:15:46,533 INFO [91387452]           BasicSheet.java:979  | Stored /sheet#1/sheet#1.xml
2017-10-06 15:15:46,535 INFO [91387452]       StepMonitoring.java:96   | CHORDS
2017-10-06 15:15:46,549 INFO [91387452]            BasicBook.java:1395 | Stored /book.xml
2017-10-06 15:15:47,395 INFO [91387452]           BasicSheet.java:979  | Stored /sheet#1/sheet#1.xml
2017-10-06 15:15:47,398 INFO [91387452]       StepMonitoring.java:96   | CURVES
2017-10-06 15:15:48,879 INFO [91387452]         SlursBuilder.java:762  | RIGHT collision SlurInter{#4793(0.318)} & SlurInter{#5000(0.268)} @ HeadInter{#2699(0.589/0.589) e#4576 s:4 p:-3.00 WHOLE_NOTE}
2017-10-06 15:15:48,880 INFO [91387452]         SlursBuilder.java:762  | RIGHT collision SlurInter{#5000(0.268)} & SlurInter{#4793(0.318)} @ HeadInter{#2699(0.589/0.589) e#4576 s:4 p:-3.00 WHOLE_NOTE}
2017-10-06 15:15:48,881 INFO [91387452]         SlursBuilder.java:157  | Slurs: 24
2017-10-06 15:15:48,900 INFO [91387452]      SegmentsBuilder.java:113  | Segments: 16
2017-10-06 15:15:48,906 INFO [91387452]            BasicBook.java:1395 | Stored /book.xml
2017-10-06 15:15:50,046 INFO [91387452]           BasicSheet.java:979  | Stored /sheet#1/sheet#1.xml
2017-10-06 15:15:50,048 INFO [91387452]       StepMonitoring.java:96   | SYMBOLS
2017-10-06 15:15:51,312 INFO [91387452]       SymbolsBuilder.java:340  | Symbol parts shrunk from 14 to 7
2017-10-06 15:15:52,993 INFO [91387452]       SymbolsBuilder.java:340  | Symbol parts shrunk from 8 to 7
2017-10-06 15:15:53,441 INFO [91387452]            BasicBook.java:1395 | Stored /book.xml
2017-10-06 15:15:54,897 INFO [91387452]           BasicSheet.java:979  | Stored /sheet#1/sheet#1.xml
2017-10-06 15:15:54,899 INFO [91387452]       StepMonitoring.java:96   | LINKS
2017-10-06 15:15:54,962 INFO [91387452]            BasicBook.java:1395 | Stored /book.xml
2017-10-06 15:15:56,352 INFO [91387452]           BasicSheet.java:979  | Stored /sheet#1/sheet#1.xml
2017-10-06 15:15:56,354 INFO [91387452]       StepMonitoring.java:96   | RHYTHMS
2017-10-06 15:15:56,375 INFO [91387452]           PageRhythm.java:314  | Range{1-3} Durations avgGuess:3/4 topGuess:5/16 avgValue:0.78 stacks:3 voices:6 Histogram{5/16-15/16 size:6 [5/16=1 3/8=1 9/16=1 3/4=1 7/8=1 15/16=1]}
2017-10-06 15:15:56,375 INFO [91387452]           PageRhythm.java:221  | S1 Range{1-3 dur:3/4} should update to 3/4-based time sig?
2017-10-06 15:15:56,378 INFO [91387452]         SlotsBuilder.java:427  | S1 MeasureStack#1 Slot{#8 xOffset=512 timeOffset=7/8 incomings=[#4503] SUSPICIOUS}
2017-10-06 15:15:56,380 INFO [91387452]         SlotsBuilder.java:427  | S1 MeasureStack#1 Slot{#11 xOffset=594 timeOffset=1 incomings=[#4505] SUSPICIOUS}
2017-10-06 15:15:56,382 INFO [91387452]                Voice.java:257  | S1 MeasureStack#1 Voice #1 too long 3/8
2017-10-06 15:15:56,383 INFO [91387452]                Voice.java:257  | S1 MeasureStack#1 Voice #2 too long 5/16
2017-10-06 15:15:56,383 INFO [91387452]           StackTuner.java:92   | S1 MeasureStack#1 no correct rhythm
2017-10-06 15:15:56,386 INFO [91387452]         SlotsBuilder.java:427  | S1 MeasureStack#2 Slot{#6 xOffset=269 timeOffset=9/16 incomings=[#4530] SUSPICIOUS}
2017-10-06 15:15:56,387 INFO [91387452]         SlotsBuilder.java:434  | Stack#2 endless loop detected
2017-10-06 15:15:56,387 INFO [91387452]                Voice.java:257  | S1 MeasureStack#2 Voice #1 too long 1/16
2017-10-06 15:15:56,388 INFO [91387452]                Voice.java:257  | S1 MeasureStack#2 Voice #2 too long 1/8
2017-10-06 15:15:56,388 INFO [91387452]           StackTuner.java:92   | S1 MeasureStack#2 no correct rhythm
2017-10-06 15:15:56,389 INFO [91387452]         SlotsBuilder.java:427  | S1 MeasureStack#3 Slot{#4 xOffset=155 timeOffset=5/16 incomings=[#4536] SUSPICIOUS}
2017-10-06 15:15:56,390 INFO [91387452]         SlotsBuilder.java:434  | Stack#3 endless loop detected
2017-10-06 15:15:56,402 INFO [91387452]         SlotsBuilder.java:399  | Stack#8 suspicious Slot{#2 xOffset=119 timeOffset=1/8 incomings=[#4607]}
2017-10-06 15:15:56,405 INFO [91387452]         SlotsBuilder.java:399  | Stack#10 suspicious Slot{#2 xOffset=260 timeOffset=1/8 incomings=[#4632]}
2017-10-06 15:15:56,412 INFO [91387452]         SlotsBuilder.java:434  | Stack#15 endless loop detected
2017-10-06 15:15:56,415 INFO [91387452]           PageRhythm.java:314  | Range{1-17} Durations avgGuess:1/2 topGuess:1/2 avgValue:0.56 stacks:17 voices:41 Histogram{1/8-9/8 size:9 [1/8=2 1/4=5 5/16=2 3/8=3 7/16=5 1/2=19 9/16=2 5/8=1 9/8=2]}
2017-10-06 15:15:56,416 INFO [91387452]           PageRhythm.java:221  | S2 Range{1-17 dur:1/2} should update to 1/2-based time sig?
2017-10-06 15:15:56,417 INFO [91387452]                Voice.java:257  | S2 MeasureStack#1 Voice #1 too long 5/8
2017-10-06 15:15:56,417 INFO [91387452]                Voice.java:257  | S2 MeasureStack#1 Voice #2 too long 5/8
2017-10-06 15:15:56,418 INFO [91387452]           StackTuner.java:92   | S2 MeasureStack#1 no correct rhythm
2017-10-06 15:15:56,419 INFO [91387452]         SlotsBuilder.java:427  | S2 MeasureStack#2 Slot{#5 xOffset=196 timeOffset=1/2 incomings=[#4544] SUSPICIOUS}
2017-10-06 15:15:56,420 INFO [91387452]                Voice.java:257  | S2 MeasureStack#2 Voice #1 too long 1/4
2017-10-06 15:15:56,420 INFO [91387452]           StackTuner.java:92   | S2 MeasureStack#2 no correct rhythm
2017-10-06 15:15:56,424 INFO [91387452]                Voice.java:257  | S2 MeasureStack#5 Voice #1 too long 1/8
2017-10-06 15:15:56,428 INFO [91387452]                Voice.java:257  | S2 MeasureStack#5 Voice #2 too long 1/16
2017-10-06 15:15:56,428 INFO [91387452]           StackTuner.java:92   | S2 MeasureStack#5 no correct rhythm
2017-10-06 15:15:56,434 INFO [91387452]         SlotsBuilder.java:427  | S3 MeasureStack#6 Slot{#5 xOffset=348 timeOffset=5/16 incomings=[#4600] SUSPICIOUS}
2017-10-06 15:15:56,434 INFO [91387452]                Voice.java:257  | S3 MeasureStack#6 Voice #1 too long 1/16
2017-10-06 15:15:56,435 INFO [91387452]                Voice.java:257  | S3 MeasureStack#6 Voice #2 too long 1/16
2017-10-06 15:15:56,435 INFO [91387452]           StackTuner.java:92   | S3 MeasureStack#6 no correct rhythm
2017-10-06 15:15:56,437 INFO [91387452]         SlotsBuilder.java:427  | S3 MeasureStack#7 Slot{#6 xOffset=275 timeOffset=7/16 incomings=[#4605] SUSPICIOUS}
2017-10-06 15:15:56,438 INFO [91387452]                Voice.java:257  | S3 MeasureStack#7 Voice #2 too long 1/16
2017-10-06 15:15:56,439 INFO [91387452]           StackTuner.java:92   | S3 MeasureStack#7 no correct rhythm
2017-10-06 15:15:56,440 INFO [91387452]         SlotsBuilder.java:427  | S3 MeasureStack#8 Slot{#5 xOffset=207 timeOffset=1/4 incomings=[#4608] SUSPICIOUS}
2017-10-06 15:15:56,442 INFO [91387452]         SlotsBuilder.java:427  | S3 MeasureStack#8 Slot{#8 xOffset=278 timeOffset=3/8 incomings=[#4609] SUSPICIOUS}
2017-10-06 15:15:56,445 INFO [91387452]         SlotsBuilder.java:427  | S4 MeasureStack#10 Slot{#5 xOffset=356 timeOffset=1/4 incomings=[#4633] SUSPICIOUS}
2017-10-06 15:15:56,445 INFO [91387452]         SlotsBuilder.java:427  | S4 MeasureStack#10 Slot{#7 xOffset=429 timeOffset=3/8 incomings=[#4634] SUSPICIOUS}
2017-10-06 15:15:56,446 INFO [91387452]                Voice.java:257  | S4 MeasureStack#10 Voice #2 too long 1/16
2017-10-06 15:15:56,446 INFO [91387452]           StackTuner.java:92   | S4 MeasureStack#10 no correct rhythm
2017-10-06 15:15:56,451 INFO [91387452]         SlotsBuilder.java:427  | S5 MeasureStack#14 Slot{#5 xOffset=398 timeOffset=5/16 incomings=[#4679] SUSPICIOUS}
2017-10-06 15:15:56,452 INFO [91387452]         SlotsBuilder.java:434  | Stack#14 endless loop detected
2017-10-06 15:15:56,452 INFO [91387452]                Voice.java:257  | S5 MeasureStack#14 Voice #3 too long 1/16
2017-10-06 15:15:56,452 INFO [91387452]           StackTuner.java:92   | S5 MeasureStack#14 no correct rhythm
2017-10-06 15:15:56,454 INFO [91387452]         SlotsBuilder.java:434  | Stack#15 endless loop detected
2017-10-06 15:15:56,456 INFO [91387452]                Voice.java:257  | S5 MeasureStack#16 Voice #2 too long 1/16
2017-10-06 15:15:56,456 INFO [91387452]           StackTuner.java:92   | S5 MeasureStack#16 no correct rhythm
2017-10-06 15:15:56,458 INFO [91387452]            BasicBook.java:1395 | Stored /book.xml
2017-10-06 15:15:57,847 INFO [91387452]           BasicSheet.java:979  | Stored /sheet#1/sheet#1.xml
2017-10-06 15:15:57,849 INFO [91387452]       StepMonitoring.java:96   | PAGE
2017-10-06 15:15:57,854 INFO [91387452]                Voice.java:257  | S1 MeasureStack#1 Voice #1 too long 3/8
2017-10-06 15:15:57,854 INFO [91387452]                Voice.java:257  | S1 MeasureStack#1 Voice #2 too long 5/16
2017-10-06 15:15:57,855 INFO [91387452]                Voice.java:257  | S1 MeasureStack#2 Voice #1 too long 1/16
2017-10-06 15:15:57,855 INFO [91387452]                Voice.java:257  | S1 MeasureStack#2 Voice #2 too long 1/8
2017-10-06 15:15:57,856 INFO [91387452]                 Part.java:267  | Could not left-connect slur#4950
2017-10-06 15:15:57,857 INFO [91387452]                Voice.java:257  | S2 MeasureStack#1 Voice #1 too long 5/8
2017-10-06 15:15:57,857 INFO [91387452]                Voice.java:257  | S2 MeasureStack#1 Voice #2 too long 5/8
2017-10-06 15:15:57,857 INFO [91387452]                Voice.java:257  | S2 MeasureStack#2 Voice #1 too long 1/4
2017-10-06 15:15:57,858 INFO [91387452]                Voice.java:257  | S2 MeasureStack#5 Voice #1 too long 1/8
2017-10-06 15:15:57,858 INFO [91387452]                Voice.java:257  | S2 MeasureStack#5 Voice #2 too long 1/16
2017-10-06 15:15:57,858 INFO [91387452]                Voice.java:257  | S3 MeasureStack#6 Voice #1 too long 1/16
2017-10-06 15:15:57,859 INFO [91387452]                Voice.java:257  | S3 MeasureStack#6 Voice #2 too long 1/16
2017-10-06 15:15:57,859 INFO [91387452]                Voice.java:257  | S3 MeasureStack#7 Voice #2 too long 1/16
2017-10-06 15:15:57,859 INFO [91387452]                Voice.java:257  | S4 MeasureStack#10 Voice #2 too long 1/16
2017-10-06 15:15:57,860 INFO [91387452]                Voice.java:257  | S5 MeasureStack#14 Voice #3 too long 1/16
2017-10-06 15:15:57,860 INFO [91387452]                Voice.java:257  | S5 MeasureStack#16 Voice #2 too long 1/16
2017-10-06 15:15:57,862 INFO [91387452]            BasicBook.java:1395 | Stored /book.xml
2017-10-06 15:15:59,257 INFO [91387452]           BasicSheet.java:979  | Stored /sheet#1/sheet#1.xml
2017-10-06 15:15:59,260 INFO [91387452]            BasicStub.java:723  | Sheet{91387452} disposed
2017-10-06 15:16:00,301 INFO [91387452]            BasicStub.java:449  | Loaded /sheet#1/sheet#1.xml
2017-10-06 15:16:00,303 INFO [91387452]            BasicBook.java:1133 | Scores built: 2
2017-10-06 15:16:01,378 INFO [91387452]        ScoreExporter.java:93   | Score 91387452.mvt1 exported to /Users/stephenn/Documents/workspace/nlsomr/xml_out/91386487/91387452/91387452.mvt1.mxl
2017-10-06 15:16:01,381 WARN [91387452]      PartwiseBuilder.java:1379 | Error visiting null
java.lang.NullPointerException: null
	at org.audiveris.omr.score.PartwiseBuilder.processKey(PartwiseBuilder.java:1344)
	at org.audiveris.omr.score.PartwiseBuilder.processKeys(PartwiseBuilder.java:1407)
	at org.audiveris.omr.score.PartwiseBuilder.processMeasure(PartwiseBuilder.java:1575)
	at org.audiveris.omr.score.PartwiseBuilder.processPart(PartwiseBuilder.java:1988)
	at org.audiveris.omr.score.PartwiseBuilder.processSystem(PartwiseBuilder.java:2528)
	at org.audiveris.omr.score.PartwiseBuilder.processLogicalPart(PartwiseBuilder.java:1433)
	at org.audiveris.omr.score.PartwiseBuilder.processStub(PartwiseBuilder.java:2483)
	at org.audiveris.omr.score.PartwiseBuilder.processPartList(PartwiseBuilder.java:2017)
	at org.audiveris.omr.score.PartwiseBuilder.processScore(PartwiseBuilder.java:2195)
	at org.audiveris.omr.score.PartwiseBuilder.build(PartwiseBuilder.java:307)
	at org.audiveris.omr.score.ScoreExporter.export(ScoreExporter.java:117)
	at org.audiveris.omr.score.ScoreExporter.export(ScoreExporter.java:91)
	at org.audiveris.omr.sheet.BasicBook.export(BasicBook.java:589)
	at org.audiveris.omr.CLI$ProcessingTask.processBook(CLI.java:785)
	at org.audiveris.omr.CLI$CliTask.call(CLI.java:344)
	at org.audiveris.omr.Main.runBatchTasks(Main.java:316)
	at org.audiveris.omr.Main.main(Main.java:155)
	at Audiveris.main(Audiveris.java:49)
2017-10-06 15:16:01,397 WARN [91387452]      PartwiseBuilder.java:1379 | Error visiting null
java.lang.NullPointerException: null
	at org.audiveris.omr.score.PartwiseBuilder.processKey(PartwiseBuilder.java:1344)
	at org.audiveris.omr.score.PartwiseBuilder.processKeys(PartwiseBuilder.java:1407)
	at org.audiveris.omr.score.PartwiseBuilder.processMeasure(PartwiseBuilder.java:1575)
	at org.audiveris.omr.score.PartwiseBuilder.processPart(PartwiseBuilder.java:1988)
	at org.audiveris.omr.score.PartwiseBuilder.processSystem(PartwiseBuilder.java:2528)
	at org.audiveris.omr.score.PartwiseBuilder.processLogicalPart(PartwiseBuilder.java:1433)
	at org.audiveris.omr.score.PartwiseBuilder.processStub(PartwiseBuilder.java:2483)
	at org.audiveris.omr.score.PartwiseBuilder.processPartList(PartwiseBuilder.java:2017)
	at org.audiveris.omr.score.PartwiseBuilder.processScore(PartwiseBuilder.java:2195)
	at org.audiveris.omr.score.PartwiseBuilder.build(PartwiseBuilder.java:307)
	at org.audiveris.omr.score.ScoreExporter.export(ScoreExporter.java:117)
	at org.audiveris.omr.score.ScoreExporter.export(ScoreExporter.java:91)
	at org.audiveris.omr.sheet.BasicBook.export(BasicBook.java:589)
	at org.audiveris.omr.CLI$ProcessingTask.processBook(CLI.java:785)
	at org.audiveris.omr.CLI$CliTask.call(CLI.java:344)
	at org.audiveris.omr.Main.runBatchTasks(Main.java:316)
	at org.audiveris.omr.Main.main(Main.java:155)
	at Audiveris.main(Audiveris.java:49)
2017-10-06 15:16:01,442 INFO [91387452]        ScoreExporter.java:93   | Score 91387452.mvt2 exported to /Users/stephenn/Documents/workspace/nlsomr/xml_out/91386487/91387452/91387452.mvt2.mxl
2017-10-06 15:16:01,600 INFO [91387452]            BasicBook.java:1395 | Stored /book.xml
2017-10-06 15:16:01,600 INFO [91387452]            BasicBook.java:1355 | Book stored as /Users/stephenn/Documents/workspace/nlsomr/xml_out/91386487/91387452/91387452.omr
