2017-10-06 14:58:37,376 INFO [91387224]            BasicBook.java:427  | 1 sheet in /Users/stephenn/Documents/workspace/nlsomr/working/91387224.jpg
2017-10-06 14:58:37,538 INFO []            BasicBook.java:1395 | Stored /book.xml
2017-10-06 14:58:37,539 INFO []            BasicBook.java:1355 | Book stored as /Users/stephenn/Documents/workspace/nlsomr/xml_out/91386487/91387224/91387224.omr
2017-10-06 14:58:37,544 INFO []            BasicBook.java:996  | Book reaching PAGE on sheets:[#1]
2017-10-06 14:58:37,546 INFO [91387224]       StepMonitoring.java:96   | LOAD
2017-10-06 14:58:37,696 INFO [91387224]            BasicBook.java:911  | Loaded image 1 2000x3056 from /Users/stephenn/Documents/workspace/nlsomr/working/91387224.jpg
2017-10-06 14:58:37,700 INFO [91387224]            ImageUtil.java:82   | Converting max RGB to gray ...
2017-10-06 14:58:37,932 INFO [91387224]            BasicBook.java:1395 | Stored /book.xml
2017-10-06 14:58:38,216 INFO [91387224]           BasicSheet.java:979  | Stored /sheet#1/sheet#1.xml
2017-10-06 14:58:38,218 INFO [91387224]       StepMonitoring.java:96   | BINARY
2017-10-06 14:58:38,799 INFO [91387224]            BasicBook.java:1395 | Stored /book.xml
2017-10-06 14:58:39,102 INFO [91387224]              Picture.java:786  | Stored /sheet#1/BINARY.xml
2017-10-06 14:58:39,103 INFO [91387224]           BasicSheet.java:979  | Stored /sheet#1/sheet#1.xml
2017-10-06 14:58:39,106 INFO [91387224]       StepMonitoring.java:96   | SCALE
2017-10-06 14:58:39,145 INFO [91387224]            ScaleStep.java:87   | Scale{line(3,4,5) interline(16,16,17) beam(13)}
2017-10-06 14:58:39,147 INFO [91387224]            BasicBook.java:1395 | Stored /book.xml
2017-10-06 14:58:39,149 INFO [91387224]           BasicSheet.java:979  | Stored /sheet#1/sheet#1.xml
2017-10-06 14:58:39,151 INFO [91387224]       StepMonitoring.java:96   | GRID
2017-10-06 14:58:39,997 INFO [91387224]       LinesRetriever.java:442  | Global slope: -0.00039
2017-10-06 14:58:40,095 INFO [91387224]    ClustersRetriever.java:241  | Retrieved line clusters: 12 of size: 5 with interline: (16,16,17)
2017-10-06 14:58:40,565 INFO [91387224]            PeakGraph.java:181  | Systems: #1[1, 2] #2[3, 4] #3[5, 6] #4[7, 8] #5[9, 10] #6[11, 12]
2017-10-06 14:58:40,672 INFO [91387224]        BarsRetriever.java:910  | No brace partner at level:1 for Peak{256-268 F#2488 T#1 [BRACE]}
2017-10-06 14:58:40,673 INFO [91387224]        BarsRetriever.java:910  | No brace partner at level:1 for Peak{340-359 F#2490 T#2 [BRACE, BRACE_BOTTOM]}
2017-10-06 14:58:41,400 INFO [91387224]        SystemManager.java:626  | Indentation detected for system#1
2017-10-06 14:58:41,400 INFO [91387224]        SystemManager.java:626  | Indentation detected for system#5
2017-10-06 14:58:41,401 INFO [91387224]        SystemManager.java:671  | 2 pages found in sheet
2017-10-06 14:58:41,401 INFO [91387224]        SystemManager.java:709  | Page #1: 2 parts along 4 systems
2017-10-06 14:58:41,401 INFO [91387224]        SystemManager.java:709  | Page #2: 1 part along 2 systems
2017-10-06 14:58:41,404 INFO [91387224]            BasicBook.java:1395 | Stored /book.xml
2017-10-06 14:58:41,610 INFO [91387224]           BasicSheet.java:979  | Stored /sheet#1/sheet#1.xml
2017-10-06 14:58:41,612 INFO [91387224]       StepMonitoring.java:96   | HEADERS
2017-10-06 14:58:41,973 INFO []          Nd4jBackend.java:194  | Loaded [CpuBackend] backend
2017-10-06 14:58:42,028 INFO []      NativeOpsHolder.java:49   | Number of threads used for NativeOps: 2
2017-10-06 14:58:42,507 INFO [] DefaultOpExecutioner.java:544  | Backend used: [CPU]; OS: [Mac OS X]
2017-10-06 14:58:42,508 INFO [] DefaultOpExecutioner.java:545  | Cores: [4]; Memory: [3.6GB];
2017-10-06 14:58:42,508 INFO [] DefaultOpExecutioner.java:546  | Blas vendor: [OPENBLAS]
2017-10-06 14:58:42,539 INFO []   AbstractClassifier.java:332  | Classifier data loaded from default uri jar:file:/Users/stephenn/Documents/workspace/audiveris/build/distributions/Audiveris/lib/audiveris.jar!/res/basic-classifier.zip
2017-10-06 14:58:45,371 INFO []   AbstractClassifier.java:332  | Classifier data loaded from default uri jar:file:/Users/stephenn/Documents/workspace/audiveris/build/distributions/Audiveris/lib/audiveris.jar!/res/deep-classifier.zip
2017-10-06 14:58:45,417 INFO [91387224]            BasicBook.java:1395 | Stored /book.xml
2017-10-06 14:58:45,787 INFO [91387224]           BasicSheet.java:979  | Stored /sheet#1/sheet#1.xml
2017-10-06 14:58:45,789 INFO [91387224]       StepMonitoring.java:96   | STEM_SEEDS
2017-10-06 14:58:45,879 INFO [91387224]        StemSeedsStep.java:91   | stem(4 max:5)
2017-10-06 14:58:45,986 INFO [91387224]            BasicBook.java:1395 | Stored /book.xml
2017-10-06 14:58:46,355 INFO [91387224]           BasicSheet.java:979  | Stored /sheet#1/sheet#1.xml
2017-10-06 14:58:46,357 INFO [91387224]       StepMonitoring.java:96   | BEAMS
2017-10-06 14:58:51,309 INFO [91387224]            BasicBook.java:1395 | Stored /book.xml
2017-10-06 14:58:51,367 INFO [91387224]              Picture.java:786  | Stored /sheet#1/HEAD_SPOTS.xml
2017-10-06 14:58:51,820 INFO [91387224]           BasicSheet.java:979  | Stored /sheet#1/sheet#1.xml
2017-10-06 14:58:51,823 INFO [91387224]       StepMonitoring.java:96   | LEDGERS
2017-10-06 14:58:52,420 INFO [91387224]            BasicBook.java:1395 | Stored /book.xml
2017-10-06 14:58:52,949 INFO [91387224]           BasicSheet.java:979  | Stored /sheet#1/sheet#1.xml
2017-10-06 14:58:52,951 INFO [91387224]       StepMonitoring.java:96   | HEADS
2017-10-06 14:58:55,398 INFO [91387224]            BasicBook.java:1395 | Stored /book.xml
2017-10-06 14:58:56,350 INFO [91387224]           BasicSheet.java:979  | Stored /sheet#1/sheet#1.xml
2017-10-06 14:58:56,356 INFO [91387224]       StepMonitoring.java:96   | STEMS
2017-10-06 14:58:57,775 INFO [91387224]            BasicBook.java:1395 | Stored /book.xml
2017-10-06 14:58:59,024 INFO [91387224]           BasicSheet.java:979  | Stored /sheet#1/sheet#1.xml
2017-10-06 14:58:59,027 INFO [91387224]       StepMonitoring.java:96   | REDUCTION
2017-10-06 14:58:59,322 INFO [91387224]            BasicBook.java:1395 | Stored /book.xml
2017-10-06 14:59:00,258 INFO [91387224]           BasicSheet.java:979  | Stored /sheet#1/sheet#1.xml
2017-10-06 14:59:00,260 INFO [91387224]       StepMonitoring.java:96   | CUE_BEAMS
2017-10-06 14:59:00,264 INFO [91387224]            BasicBook.java:1395 | Stored /book.xml
2017-10-06 14:59:01,165 INFO [91387224]           BasicSheet.java:979  | Stored /sheet#1/sheet#1.xml
2017-10-06 14:59:01,168 INFO [91387224]       StepMonitoring.java:96   | TEXTS
2017-10-06 14:59:03,892 INFO [91387224]            BasicBook.java:1395 | Stored /book.xml
2017-10-06 14:59:04,805 INFO [91387224]           BasicSheet.java:979  | Stored /sheet#1/sheet#1.xml
2017-10-06 14:59:04,807 INFO [91387224]       StepMonitoring.java:96   | MEASURES
2017-10-06 14:59:04,811 INFO [91387224]                 Page.java:210  | 18 raw measures: [5 in system#1, 4 in system#2, 5 in system#3, 4 in system#4]
2017-10-06 14:59:04,812 INFO [91387224]                 Page.java:210  | 9 raw measures: [5 in system#5, 4 in system#6]
2017-10-06 14:59:04,813 INFO [91387224]            BasicBook.java:1395 | Stored /book.xml
2017-10-06 14:59:05,746 INFO [91387224]           BasicSheet.java:979  | Stored /sheet#1/sheet#1.xml
2017-10-06 14:59:05,748 INFO [91387224]       StepMonitoring.java:96   | CHORDS
2017-10-06 14:59:05,763 INFO [91387224]            BasicBook.java:1395 | Stored /book.xml
2017-10-06 14:59:06,734 INFO [91387224]           BasicSheet.java:979  | Stored /sheet#1/sheet#1.xml
2017-10-06 14:59:06,736 INFO [91387224]       StepMonitoring.java:96   | CURVES
2017-10-06 14:59:08,280 INFO [91387224]         SlursBuilder.java:762  | LEFT collision SlurInter{#4950(0.610)} & SlurInter{#4958(0.663)} @ HeadInter{#2128(0.668/0.855) e#4735 s:3 p:3.00 NOTEHEAD_BLACK}
2017-10-06 14:59:08,281 INFO [91387224]         SlursBuilder.java:762  | LEFT collision SlurInter{#4958(0.663)} & SlurInter{#4950(0.610)} @ HeadInter{#2128(0.668/0.855) e#4735 s:3 p:3.00 NOTEHEAD_BLACK}
2017-10-06 14:59:08,282 INFO [91387224]         SlursBuilder.java:157  | Slurs: 14
2017-10-06 14:59:08,305 INFO [91387224]      SegmentsBuilder.java:113  | Segments: 27
2017-10-06 14:59:08,316 INFO [91387224]            BasicBook.java:1395 | Stored /book.xml
2017-10-06 14:59:09,529 INFO [91387224]           BasicSheet.java:979  | Stored /sheet#1/sheet#1.xml
2017-10-06 14:59:09,532 INFO [91387224]       StepMonitoring.java:96   | SYMBOLS
2017-10-06 14:59:10,404 INFO [91387224]       SymbolsBuilder.java:340  | Symbol parts shrunk from 9 to 7
2017-10-06 14:59:12,306 INFO [91387224]       SymbolsBuilder.java:340  | Symbol parts shrunk from 8 to 7
2017-10-06 14:59:12,561 INFO [91387224]       SymbolsBuilder.java:340  | Symbol parts shrunk from 8 to 7
2017-10-06 14:59:12,675 INFO [91387224]            BasicBook.java:1395 | Stored /book.xml
2017-10-06 14:59:14,109 INFO [91387224]           BasicSheet.java:979  | Stored /sheet#1/sheet#1.xml
2017-10-06 14:59:14,112 INFO [91387224]       StepMonitoring.java:96   | LINKS
2017-10-06 14:59:14,168 INFO [91387224]            BasicBook.java:1395 | Stored /book.xml
2017-10-06 14:59:15,617 INFO [91387224]           BasicSheet.java:979  | Stored /sheet#1/sheet#1.xml
2017-10-06 14:59:15,619 INFO [91387224]       StepMonitoring.java:96   | RHYTHMS
2017-10-06 14:59:15,661 INFO [91387224]           PageRhythm.java:314  | Range{1-18} Durations avgGuess:1 topGuess:5/4 avgValue:1.02 stacks:18 voices:46 Histogram{1/4-11/8 size:7 [1/4=2 1/2=9 7/12=1 3/4=2 1=9 5/4=19 11/8=4]}
2017-10-06 14:59:15,662 INFO [91387224]           PageRhythm.java:221  | S1 Range{1-18 dur:1} should update to 1-based time sig?
2017-10-06 14:59:15,663 INFO [91387224]                Voice.java:257  | S1 MeasureStack#1 Voice #1 too long 1/4
2017-10-06 14:59:15,664 INFO [91387224]           StackTuner.java:92   | S1 MeasureStack#1 no correct rhythm
2017-10-06 14:59:15,665 INFO [91387224]                Voice.java:257  | S1 MeasureStack#2 Voice #1 too long 3/8
2017-10-06 14:59:15,666 INFO [91387224]                Voice.java:257  | S1 MeasureStack#2 Voice #1 too long 3/8
2017-10-06 14:59:15,666 INFO [91387224]           StackTuner.java:92   | S1 MeasureStack#2 no correct rhythm
2017-10-06 14:59:15,668 INFO [91387224]         SlotsBuilder.java:427  | S1 MeasureStack#3 Slot{#6 xOffset=239 timeOffset=5/4 incomings=[#4690] SUSPICIOUS}
2017-10-06 14:59:15,668 INFO [91387224]                Voice.java:257  | S1 MeasureStack#3 Voice #2 too long 1/2
2017-10-06 14:59:15,669 INFO [91387224]                Voice.java:257  | S1 MeasureStack#3 Voice #1 too long 1/4
2017-10-06 14:59:15,669 INFO [91387224]           StackTuner.java:92   | S1 MeasureStack#3 no correct rhythm
2017-10-06 14:59:15,674 INFO [91387224]                Voice.java:257  | S2 MeasureStack#6 Voice #1 too long 1/4
2017-10-06 14:59:15,675 INFO [91387224]                Voice.java:257  | S2 MeasureStack#6 Voice #2 too long 1/4
2017-10-06 14:59:15,675 INFO [91387224]                Voice.java:257  | S2 MeasureStack#6 Voice #3 too long 1/4
2017-10-06 14:59:15,676 INFO [91387224]           StackTuner.java:92   | S2 MeasureStack#6 no correct rhythm
2017-10-06 14:59:15,677 INFO [91387224]                Voice.java:257  | S2 MeasureStack#7 Voice #1 too long 1/4
2017-10-06 14:59:15,677 INFO [91387224]                Voice.java:257  | S2 MeasureStack#7 Voice #2 too long 1/4
2017-10-06 14:59:15,678 INFO [91387224]                Voice.java:257  | S2 MeasureStack#7 Voice #3 too long 1/4
2017-10-06 14:59:15,678 INFO [91387224]           StackTuner.java:92   | S2 MeasureStack#7 no correct rhythm
2017-10-06 14:59:15,682 INFO [91387224]                Voice.java:257  | S3 MeasureStack#11 Voice #1 too long 1/4
2017-10-06 14:59:15,682 INFO [91387224]                Voice.java:257  | S3 MeasureStack#11 Voice #2 too long 1/4
2017-10-06 14:59:15,682 INFO [91387224]                Voice.java:257  | S3 MeasureStack#11 Voice #3 too long 1/4
2017-10-06 14:59:15,683 INFO [91387224]           StackTuner.java:92   | S3 MeasureStack#11 no correct rhythm
2017-10-06 14:59:15,684 INFO [91387224]                Voice.java:257  | S3 MeasureStack#12 Voice #1 too long 1/4
2017-10-06 14:59:15,685 INFO [91387224]                Voice.java:257  | S3 MeasureStack#12 Voice #2 too long 1/4
2017-10-06 14:59:15,685 INFO [91387224]                Voice.java:257  | S3 MeasureStack#12 Voice #3 too long 3/8
2017-10-06 14:59:15,685 INFO [91387224]           StackTuner.java:92   | S3 MeasureStack#12 no correct rhythm
2017-10-06 14:59:15,687 INFO [91387224]         SlotsBuilder.java:427  | S3 MeasureStack#13 Slot{#3 xOffset=134 timeOffset=1/2 incomings=[#4771] SUSPICIOUS}
2017-10-06 14:59:15,687 INFO [91387224]         SlotsBuilder.java:427  | S3 MeasureStack#13 Slot{#6 xOffset=279 timeOffset=9/8 incomings=[#4789] SUSPICIOUS}
2017-10-06 14:59:15,688 INFO [91387224]                Voice.java:257  | S3 MeasureStack#13 Voice #1 too long 1/4
2017-10-06 14:59:15,688 INFO [91387224]                Voice.java:257  | S3 MeasureStack#13 Voice #2 too long 1/4
2017-10-06 14:59:15,688 INFO [91387224]                Voice.java:257  | S3 MeasureStack#13 Voice #3 too long 3/8
2017-10-06 14:59:15,689 INFO [91387224]           StackTuner.java:92   | S3 MeasureStack#13 no correct rhythm
2017-10-06 14:59:15,690 INFO [91387224]         SlotsBuilder.java:427  | S3 MeasureStack#14 Slot{#5 xOffset=280 timeOffset=7/12 incomings=[#4793] SUSPICIOUS}
2017-10-06 14:59:15,692 INFO [91387224]                Voice.java:257  | S4 MeasureStack#15 Voice #1 too long 1/4
2017-10-06 14:59:15,692 INFO [91387224]                Voice.java:257  | S4 MeasureStack#15 Voice #2 too long 1/4
2017-10-06 14:59:15,693 INFO [91387224]                Voice.java:257  | S4 MeasureStack#15 Voice #3 too long 1/4
2017-10-06 14:59:15,693 INFO [91387224]           StackTuner.java:92   | S4 MeasureStack#15 no correct rhythm
2017-10-06 14:59:15,694 INFO [91387224]                Voice.java:257  | S4 MeasureStack#16 Voice #1 too long 1/4
2017-10-06 14:59:15,695 INFO [91387224]                Voice.java:257  | S4 MeasureStack#16 Voice #2 too long 1/4
2017-10-06 14:59:15,695 INFO [91387224]                Voice.java:257  | S4 MeasureStack#16 Voice #3 too long 3/8
2017-10-06 14:59:15,695 INFO [91387224]           StackTuner.java:92   | S4 MeasureStack#16 no correct rhythm
2017-10-06 14:59:15,696 INFO [91387224]         SlotsBuilder.java:427  | S4 MeasureStack#17 Slot{#3 xOffset=123 timeOffset=1/2 incomings=[#4826] SUSPICIOUS}
2017-10-06 14:59:15,697 INFO [91387224]                Voice.java:257  | S4 MeasureStack#17 Voice #1 too long 1/4
2017-10-06 14:59:15,698 INFO [91387224]                Voice.java:257  | S4 MeasureStack#17 Voice #3 too long 1/4
2017-10-06 14:59:15,698 INFO [91387224]           StackTuner.java:92   | S4 MeasureStack#17 no correct rhythm
2017-10-06 14:59:15,707 INFO [91387224]           PageRhythm.java:314  | Range{1-9 ts:3/4} Durations avgGuess:1/2 topGuess:1/2 avgValue:0.58 stacks:9 voices:29 Histogram{1/4-3/4 size:3 [1/4=1 1/2=19 3/4=9]}
2017-10-06 14:59:15,707 INFO [91387224]           PageRhythm.java:221  | S5 Range{1-9 ts:3/4 dur:1/2} should update to 1/2-based time sig?
2017-10-06 14:59:15,709 INFO [91387224]         SlotsBuilder.java:427  | S5 MeasureStack#2 Slot{#3 xOffset=105 timeOffset=1/2 incomings=[#4854] SUSPICIOUS}
2017-10-06 14:59:15,709 INFO [91387224]                Voice.java:257  | S5 MeasureStack#2 Voice #1 too long 1/2
2017-10-06 14:59:15,710 INFO [91387224]                Voice.java:257  | S5 MeasureStack#2 Voice #2 too long 1/2
2017-10-06 14:59:15,710 INFO [91387224]                Voice.java:257  | S5 MeasureStack#2 Voice #3 too long 1/2
2017-10-06 14:59:15,710 INFO [91387224]           StackTuner.java:92   | S5 MeasureStack#2 no correct rhythm
2017-10-06 14:59:15,711 INFO [91387224]         SlotsBuilder.java:427  | S5 MeasureStack#3 Slot{#3 xOffset=117 timeOffset=3/4 incomings=[#4857] SUSPICIOUS}
2017-10-06 14:59:15,711 INFO [91387224]                Voice.java:257  | S5 MeasureStack#3 Voice #1 too long 3/4
2017-10-06 14:59:15,712 INFO [91387224]                Voice.java:257  | S5 MeasureStack#3 Voice #2 too long 3/4
2017-10-06 14:59:15,712 INFO [91387224]                Voice.java:257  | S5 MeasureStack#3 Voice #3 too long 3/4
2017-10-06 14:59:15,713 INFO [91387224]           StackTuner.java:92   | S5 MeasureStack#3 no correct rhythm
2017-10-06 14:59:15,714 INFO [91387224]                Voice.java:257  | S5 MeasureStack#4 Voice #1 too long 1/4
2017-10-06 14:59:15,714 INFO [91387224]                Voice.java:257  | S5 MeasureStack#4 Voice #2 too long 1/4
2017-10-06 14:59:15,714 INFO [91387224]                Voice.java:257  | S5 MeasureStack#4 Voice #3 too long 1/4
2017-10-06 14:59:15,715 INFO [91387224]           StackTuner.java:92   | S5 MeasureStack#4 no correct rhythm
2017-10-06 14:59:15,716 INFO [91387224]         SlotsBuilder.java:427  | S5 MeasureStack#5 Slot{#4 xOffset=147 timeOffset=1/2 incomings=[#4863] SUSPICIOUS}
2017-10-06 14:59:15,716 INFO [91387224]                Voice.java:257  | S5 MeasureStack#5 Voice #1 too long 1/2
2017-10-06 14:59:15,716 INFO [91387224]                Voice.java:257  | S5 MeasureStack#5 Voice #3 too long 1/2
2017-10-06 14:59:15,717 INFO [91387224]           StackTuner.java:92   | S5 MeasureStack#5 no correct rhythm
2017-10-06 14:59:15,718 INFO [91387224]         SlotsBuilder.java:427  | S6 MeasureStack#6 Slot{#3 xOffset=249 timeOffset=1/2 incomings=[#4888] SUSPICIOUS}
2017-10-06 14:59:15,718 INFO [91387224]                Voice.java:257  | S6 MeasureStack#6 Voice #1 too long 1/2
2017-10-06 14:59:15,719 INFO [91387224]                Voice.java:257  | S6 MeasureStack#6 Voice #2 too long 1/4
2017-10-06 14:59:15,719 INFO [91387224]                Voice.java:257  | S6 MeasureStack#6 Voice #3 too long 1/2
2017-10-06 14:59:15,719 INFO [91387224]           StackTuner.java:92   | S6 MeasureStack#6 no correct rhythm
2017-10-06 14:59:15,720 INFO [91387224]                Voice.java:257  | S6 MeasureStack#7 Voice #1 too long 1/4
2017-10-06 14:59:15,721 INFO [91387224]                Voice.java:257  | S6 MeasureStack#7 Voice #3 too long 1/4
2017-10-06 14:59:15,721 INFO [91387224]           StackTuner.java:92   | S6 MeasureStack#7 no correct rhythm
2017-10-06 14:59:15,722 INFO [91387224]                Voice.java:257  | S6 MeasureStack#8 Voice #1 too long 1/4
2017-10-06 14:59:15,722 INFO [91387224]                Voice.java:257  | S6 MeasureStack#8 Voice #3 too long 1/4
2017-10-06 14:59:15,722 INFO [91387224]           StackTuner.java:92   | S6 MeasureStack#8 no correct rhythm
2017-10-06 14:59:15,724 INFO [91387224]         SlotsBuilder.java:427  | S6 MeasureStack#9 Slot{#5 xOffset=284 timeOffset=1/2 incomings=[#4906] SUSPICIOUS}
2017-10-06 14:59:15,725 INFO [91387224]         SlotsBuilder.java:427  | S6 MeasureStack#9 Slot{#7 xOffset=353 timeOffset=5/8 incomings=[#4907] SUSPICIOUS}
2017-10-06 14:59:15,725 INFO [91387224]                Voice.java:257  | S6 MeasureStack#9 Voice #3 too long 1/8
2017-10-06 14:59:15,725 INFO [91387224]                Voice.java:257  | S6 MeasureStack#9 Voice #4 too long 1/4
2017-10-06 14:59:15,726 INFO [91387224]           StackTuner.java:92   | S6 MeasureStack#9 no correct rhythm
2017-10-06 14:59:15,728 INFO [91387224]            BasicBook.java:1395 | Stored /book.xml
2017-10-06 14:59:17,169 INFO [91387224]           BasicSheet.java:979  | Stored /sheet#1/sheet#1.xml
2017-10-06 14:59:17,172 INFO [91387224]       StepMonitoring.java:96   | PAGE
2017-10-06 14:59:17,176 INFO [91387224]                 Part.java:267  | Could not left-connect slur#4918
2017-10-06 14:59:17,177 INFO [91387224]                Voice.java:257  | S1 MeasureStack#1 Voice #1 too long 1/4
2017-10-06 14:59:17,178 INFO [91387224]                Voice.java:257  | S1 MeasureStack#2 Voice #1 too long 3/8
2017-10-06 14:59:17,178 INFO [91387224]                Voice.java:257  | S1 MeasureStack#2 Voice #1 too long 3/8
2017-10-06 14:59:17,178 INFO [91387224]                Voice.java:257  | S1 MeasureStack#3 Voice #2 too long 1/2
2017-10-06 14:59:17,179 INFO [91387224]                Voice.java:257  | S1 MeasureStack#3 Voice #1 too long 1/4
2017-10-06 14:59:17,179 INFO [91387224]                Voice.java:257  | S2 MeasureStack#6 Voice #1 too long 1/4
2017-10-06 14:59:17,179 INFO [91387224]                Voice.java:257  | S2 MeasureStack#6 Voice #2 too long 1/4
2017-10-06 14:59:17,179 INFO [91387224]                Voice.java:257  | S2 MeasureStack#6 Voice #3 too long 1/4
2017-10-06 14:59:17,179 INFO [91387224]                Voice.java:257  | S2 MeasureStack#7 Voice #1 too long 1/4
2017-10-06 14:59:17,180 INFO [91387224]                Voice.java:257  | S2 MeasureStack#7 Voice #2 too long 1/4
2017-10-06 14:59:17,180 INFO [91387224]                Voice.java:257  | S2 MeasureStack#7 Voice #3 too long 1/4
2017-10-06 14:59:17,180 INFO [91387224]                Voice.java:257  | S3 MeasureStack#11 Voice #1 too long 1/4
2017-10-06 14:59:17,180 INFO [91387224]                Voice.java:257  | S3 MeasureStack#11 Voice #2 too long 1/4
2017-10-06 14:59:17,181 INFO [91387224]                Voice.java:257  | S3 MeasureStack#11 Voice #3 too long 1/4
2017-10-06 14:59:17,181 INFO [91387224]                Voice.java:257  | S3 MeasureStack#12 Voice #1 too long 1/4
2017-10-06 14:59:17,182 INFO [91387224]                Voice.java:257  | S3 MeasureStack#12 Voice #2 too long 1/4
2017-10-06 14:59:17,182 INFO [91387224]                Voice.java:257  | S3 MeasureStack#12 Voice #3 too long 3/8
2017-10-06 14:59:17,182 INFO [91387224]                Voice.java:257  | S3 MeasureStack#13 Voice #1 too long 1/4
2017-10-06 14:59:17,182 INFO [91387224]                Voice.java:257  | S3 MeasureStack#13 Voice #2 too long 1/4
2017-10-06 14:59:17,182 INFO [91387224]                Voice.java:257  | S3 MeasureStack#13 Voice #3 too long 3/8
2017-10-06 14:59:17,183 INFO [91387224]                Voice.java:257  | S4 MeasureStack#15 Voice #1 too long 1/4
2017-10-06 14:59:17,183 INFO [91387224]                Voice.java:257  | S4 MeasureStack#15 Voice #2 too long 1/4
2017-10-06 14:59:17,183 INFO [91387224]                Voice.java:257  | S4 MeasureStack#15 Voice #3 too long 1/4
2017-10-06 14:59:17,183 INFO [91387224]                Voice.java:257  | S4 MeasureStack#16 Voice #1 too long 1/4
2017-10-06 14:59:17,184 INFO [91387224]                Voice.java:257  | S4 MeasureStack#16 Voice #2 too long 1/4
2017-10-06 14:59:17,184 INFO [91387224]                Voice.java:257  | S4 MeasureStack#16 Voice #3 too long 3/8
2017-10-06 14:59:17,184 INFO [91387224]                Voice.java:257  | S4 MeasureStack#17 Voice #1 too long 1/4
2017-10-06 14:59:17,185 INFO [91387224]                Voice.java:257  | S4 MeasureStack#17 Voice #3 too long 1/4
2017-10-06 14:59:17,185 INFO [91387224]                Voice.java:257  | S5 MeasureStack#2 Voice #1 too long 1/2
2017-10-06 14:59:17,185 INFO [91387224]                Voice.java:257  | S5 MeasureStack#2 Voice #2 too long 1/2
2017-10-06 14:59:17,186 INFO [91387224]                Voice.java:257  | S5 MeasureStack#2 Voice #3 too long 1/2
2017-10-06 14:59:17,186 INFO [91387224]                Voice.java:257  | S5 MeasureStack#3 Voice #1 too long 3/4
2017-10-06 14:59:17,186 INFO [91387224]                Voice.java:257  | S5 MeasureStack#3 Voice #2 too long 3/4
2017-10-06 14:59:17,186 INFO [91387224]                Voice.java:257  | S5 MeasureStack#3 Voice #3 too long 3/4
2017-10-06 14:59:17,187 INFO [91387224]                Voice.java:257  | S5 MeasureStack#4 Voice #1 too long 1/4
2017-10-06 14:59:17,187 INFO [91387224]                Voice.java:257  | S5 MeasureStack#4 Voice #2 too long 1/4
2017-10-06 14:59:17,187 INFO [91387224]                Voice.java:257  | S5 MeasureStack#4 Voice #3 too long 1/4
2017-10-06 14:59:17,187 INFO [91387224]                Voice.java:257  | S5 MeasureStack#5 Voice #1 too long 1/2
2017-10-06 14:59:17,188 INFO [91387224]                Voice.java:257  | S5 MeasureStack#5 Voice #3 too long 1/2
2017-10-06 14:59:17,188 INFO [91387224]                Voice.java:257  | S6 MeasureStack#6 Voice #1 too long 1/2
2017-10-06 14:59:17,188 INFO [91387224]                Voice.java:257  | S6 MeasureStack#6 Voice #2 too long 1/4
2017-10-06 14:59:17,188 INFO [91387224]                Voice.java:257  | S6 MeasureStack#6 Voice #3 too long 1/2
2017-10-06 14:59:17,189 INFO [91387224]                Voice.java:257  | S6 MeasureStack#7 Voice #1 too long 1/4
2017-10-06 14:59:17,189 INFO [91387224]                Voice.java:257  | S6 MeasureStack#7 Voice #3 too long 1/4
2017-10-06 14:59:17,189 INFO [91387224]                Voice.java:257  | S6 MeasureStack#8 Voice #1 too long 1/4
2017-10-06 14:59:17,189 INFO [91387224]                Voice.java:257  | S6 MeasureStack#8 Voice #3 too long 1/4
2017-10-06 14:59:17,190 INFO [91387224]                Voice.java:257  | S6 MeasureStack#9 Voice #3 too long 1/8
2017-10-06 14:59:17,190 INFO [91387224]                Voice.java:257  | S6 MeasureStack#9 Voice #4 too long 1/4
2017-10-06 14:59:17,192 INFO [91387224]            BasicBook.java:1395 | Stored /book.xml
2017-10-06 14:59:18,613 INFO [91387224]           BasicSheet.java:979  | Stored /sheet#1/sheet#1.xml
2017-10-06 14:59:18,615 INFO [91387224]            BasicStub.java:723  | Sheet{91387224} disposed
2017-10-06 14:59:19,676 INFO [91387224]            BasicStub.java:449  | Loaded /sheet#1/sheet#1.xml
2017-10-06 14:59:19,678 INFO [91387224]            BasicBook.java:1133 | Scores built: 2
2017-10-06 14:59:20,706 INFO [91387224]                 Part.java:312  | S#2 {Part#3 staves[3,4]} createDummyPart for id=1
2017-10-06 14:59:20,709 WARN [91387224]      PartwiseBuilder.java:1970 | Error visiting RestInter{#0(0.000) e#0 s:0 p:-1.00 WHOLE_REST}
java.lang.NullPointerException: null
	at org.audiveris.omr.score.PartwiseBuilder.processNote(PartwiseBuilder.java:1735)
	at org.audiveris.omr.score.PartwiseBuilder.processChord(PartwiseBuilder.java:1056)
	at org.audiveris.omr.score.PartwiseBuilder.processMeasure(PartwiseBuilder.java:1614)
	at org.audiveris.omr.score.PartwiseBuilder.processPart(PartwiseBuilder.java:1988)
	at org.audiveris.omr.score.PartwiseBuilder.processSystem(PartwiseBuilder.java:2532)
	at org.audiveris.omr.score.PartwiseBuilder.processLogicalPart(PartwiseBuilder.java:1433)
	at org.audiveris.omr.score.PartwiseBuilder.processStub(PartwiseBuilder.java:2483)
	at org.audiveris.omr.score.PartwiseBuilder.processPartList(PartwiseBuilder.java:2017)
	at org.audiveris.omr.score.PartwiseBuilder.processScore(PartwiseBuilder.java:2195)
	at org.audiveris.omr.score.PartwiseBuilder.build(PartwiseBuilder.java:307)
	at org.audiveris.omr.score.ScoreExporter.export(ScoreExporter.java:117)
	at org.audiveris.omr.score.ScoreExporter.export(ScoreExporter.java:91)
	at org.audiveris.omr.sheet.BasicBook.export(BasicBook.java:589)
	at org.audiveris.omr.CLI$ProcessingTask.processBook(CLI.java:785)
	at org.audiveris.omr.CLI$CliTask.call(CLI.java:344)
	at org.audiveris.omr.Main.runBatchTasks(Main.java:316)
	at org.audiveris.omr.Main.main(Main.java:155)
	at Audiveris.main(Audiveris.java:49)
2017-10-06 14:59:20,711 WARN [91387224]      PartwiseBuilder.java:1970 | Error visiting RestInter{#0(0.000) e#0 s:0 p:-1.00 WHOLE_REST}
java.lang.NullPointerException: null
	at org.audiveris.omr.score.PartwiseBuilder.processNote(PartwiseBuilder.java:1735)
	at org.audiveris.omr.score.PartwiseBuilder.processChord(PartwiseBuilder.java:1056)
	at org.audiveris.omr.score.PartwiseBuilder.processMeasure(PartwiseBuilder.java:1614)
	at org.audiveris.omr.score.PartwiseBuilder.processPart(PartwiseBuilder.java:1988)
	at org.audiveris.omr.score.PartwiseBuilder.processSystem(PartwiseBuilder.java:2532)
	at org.audiveris.omr.score.PartwiseBuilder.processLogicalPart(PartwiseBuilder.java:1433)
	at org.audiveris.omr.score.PartwiseBuilder.processStub(PartwiseBuilder.java:2483)
	at org.audiveris.omr.score.PartwiseBuilder.processPartList(PartwiseBuilder.java:2017)
	at org.audiveris.omr.score.PartwiseBuilder.processScore(PartwiseBuilder.java:2195)
	at org.audiveris.omr.score.PartwiseBuilder.build(PartwiseBuilder.java:307)
	at org.audiveris.omr.score.ScoreExporter.export(ScoreExporter.java:117)
	at org.audiveris.omr.score.ScoreExporter.export(ScoreExporter.java:91)
	at org.audiveris.omr.sheet.BasicBook.export(BasicBook.java:589)
	at org.audiveris.omr.CLI$ProcessingTask.processBook(CLI.java:785)
	at org.audiveris.omr.CLI$CliTask.call(CLI.java:344)
	at org.audiveris.omr.Main.runBatchTasks(Main.java:316)
	at org.audiveris.omr.Main.main(Main.java:155)
	at Audiveris.main(Audiveris.java:49)
2017-10-06 14:59:20,712 WARN [91387224]      PartwiseBuilder.java:1970 | Error visiting RestInter{#0(0.000) e#0 s:0 p:-1.00 WHOLE_REST}
java.lang.NullPointerException: null
	at org.audiveris.omr.score.PartwiseBuilder.processNote(PartwiseBuilder.java:1735)
	at org.audiveris.omr.score.PartwiseBuilder.processChord(PartwiseBuilder.java:1056)
	at org.audiveris.omr.score.PartwiseBuilder.processMeasure(PartwiseBuilder.java:1614)
	at org.audiveris.omr.score.PartwiseBuilder.processPart(PartwiseBuilder.java:1988)
	at org.audiveris.omr.score.PartwiseBuilder.processSystem(PartwiseBuilder.java:2532)
	at org.audiveris.omr.score.PartwiseBuilder.processLogicalPart(PartwiseBuilder.java:1433)
	at org.audiveris.omr.score.PartwiseBuilder.processStub(PartwiseBuilder.java:2483)
	at org.audiveris.omr.score.PartwiseBuilder.processPartList(PartwiseBuilder.java:2017)
	at org.audiveris.omr.score.PartwiseBuilder.processScore(PartwiseBuilder.java:2195)
	at org.audiveris.omr.score.PartwiseBuilder.build(PartwiseBuilder.java:307)
	at org.audiveris.omr.score.ScoreExporter.export(ScoreExporter.java:117)
	at org.audiveris.omr.score.ScoreExporter.export(ScoreExporter.java:91)
	at org.audiveris.omr.sheet.BasicBook.export(BasicBook.java:589)
	at org.audiveris.omr.CLI$ProcessingTask.processBook(CLI.java:785)
	at org.audiveris.omr.CLI$CliTask.call(CLI.java:344)
	at org.audiveris.omr.Main.runBatchTasks(Main.java:316)
	at org.audiveris.omr.Main.main(Main.java:155)
	at Audiveris.main(Audiveris.java:49)
2017-10-06 14:59:20,713 WARN [91387224]      PartwiseBuilder.java:1970 | Error visiting RestInter{#0(0.000) e#0 s:0 p:-1.00 WHOLE_REST}
java.lang.NullPointerException: null
	at org.audiveris.omr.score.PartwiseBuilder.processNote(PartwiseBuilder.java:1735)
	at org.audiveris.omr.score.PartwiseBuilder.processChord(PartwiseBuilder.java:1056)
	at org.audiveris.omr.score.PartwiseBuilder.processMeasure(PartwiseBuilder.java:1614)
	at org.audiveris.omr.score.PartwiseBuilder.processPart(PartwiseBuilder.java:1988)
	at org.audiveris.omr.score.PartwiseBuilder.processSystem(PartwiseBuilder.java:2532)
	at org.audiveris.omr.score.PartwiseBuilder.processLogicalPart(PartwiseBuilder.java:1433)
	at org.audiveris.omr.score.PartwiseBuilder.processStub(PartwiseBuilder.java:2483)
	at org.audiveris.omr.score.PartwiseBuilder.processPartList(PartwiseBuilder.java:2017)
	at org.audiveris.omr.score.PartwiseBuilder.processScore(PartwiseBuilder.java:2195)
	at org.audiveris.omr.score.PartwiseBuilder.build(PartwiseBuilder.java:307)
	at org.audiveris.omr.score.ScoreExporter.export(ScoreExporter.java:117)
	at org.audiveris.omr.score.ScoreExporter.export(ScoreExporter.java:91)
	at org.audiveris.omr.sheet.BasicBook.export(BasicBook.java:589)
	at org.audiveris.omr.CLI$ProcessingTask.processBook(CLI.java:785)
	at org.audiveris.omr.CLI$CliTask.call(CLI.java:344)
	at org.audiveris.omr.Main.runBatchTasks(Main.java:316)
	at org.audiveris.omr.Main.main(Main.java:155)
	at Audiveris.main(Audiveris.java:49)
2017-10-06 14:59:20,714 INFO [91387224]                 Part.java:312  | S#3 {Part#3 staves[5,6] name:.} createDummyPart for id=1
2017-10-06 14:59:20,715 WARN [91387224]      PartwiseBuilder.java:1970 | Error visiting RestInter{#0(0.000) e#0 s:0 p:-1.00 WHOLE_REST}
java.lang.NullPointerException: null
	at org.audiveris.omr.score.PartwiseBuilder.processNote(PartwiseBuilder.java:1735)
	at org.audiveris.omr.score.PartwiseBuilder.processChord(PartwiseBuilder.java:1056)
	at org.audiveris.omr.score.PartwiseBuilder.processMeasure(PartwiseBuilder.java:1614)
	at org.audiveris.omr.score.PartwiseBuilder.processPart(PartwiseBuilder.java:1988)
	at org.audiveris.omr.score.PartwiseBuilder.processSystem(PartwiseBuilder.java:2532)
	at org.audiveris.omr.score.PartwiseBuilder.processLogicalPart(PartwiseBuilder.java:1433)
	at org.audiveris.omr.score.PartwiseBuilder.processStub(PartwiseBuilder.java:2483)
	at org.audiveris.omr.score.PartwiseBuilder.processPartList(PartwiseBuilder.java:2017)
	at org.audiveris.omr.score.PartwiseBuilder.processScore(PartwiseBuilder.java:2195)
	at org.audiveris.omr.score.PartwiseBuilder.build(PartwiseBuilder.java:307)
	at org.audiveris.omr.score.ScoreExporter.export(ScoreExporter.java:117)
	at org.audiveris.omr.score.ScoreExporter.export(ScoreExporter.java:91)
	at org.audiveris.omr.sheet.BasicBook.export(BasicBook.java:589)
	at org.audiveris.omr.CLI$ProcessingTask.processBook(CLI.java:785)
	at org.audiveris.omr.CLI$CliTask.call(CLI.java:344)
	at org.audiveris.omr.Main.runBatchTasks(Main.java:316)
	at org.audiveris.omr.Main.main(Main.java:155)
	at Audiveris.main(Audiveris.java:49)
2017-10-06 14:59:20,716 WARN [91387224]      PartwiseBuilder.java:1970 | Error visiting RestInter{#0(0.000) e#0 s:0 p:-1.00 WHOLE_REST}
java.lang.NullPointerException: null
	at org.audiveris.omr.score.PartwiseBuilder.processNote(PartwiseBuilder.java:1735)
	at org.audiveris.omr.score.PartwiseBuilder.processChord(PartwiseBuilder.java:1056)
	at org.audiveris.omr.score.PartwiseBuilder.processMeasure(PartwiseBuilder.java:1614)
	at org.audiveris.omr.score.PartwiseBuilder.processPart(PartwiseBuilder.java:1988)
	at org.audiveris.omr.score.PartwiseBuilder.processSystem(PartwiseBuilder.java:2532)
	at org.audiveris.omr.score.PartwiseBuilder.processLogicalPart(PartwiseBuilder.java:1433)
	at org.audiveris.omr.score.PartwiseBuilder.processStub(PartwiseBuilder.java:2483)
	at org.audiveris.omr.score.PartwiseBuilder.processPartList(PartwiseBuilder.java:2017)
	at org.audiveris.omr.score.PartwiseBuilder.processScore(PartwiseBuilder.java:2195)
	at org.audiveris.omr.score.PartwiseBuilder.build(PartwiseBuilder.java:307)
	at org.audiveris.omr.score.ScoreExporter.export(ScoreExporter.java:117)
	at org.audiveris.omr.score.ScoreExporter.export(ScoreExporter.java:91)
	at org.audiveris.omr.sheet.BasicBook.export(BasicBook.java:589)
	at org.audiveris.omr.CLI$ProcessingTask.processBook(CLI.java:785)
	at org.audiveris.omr.CLI$CliTask.call(CLI.java:344)
	at org.audiveris.omr.Main.runBatchTasks(Main.java:316)
	at org.audiveris.omr.Main.main(Main.java:155)
	at Audiveris.main(Audiveris.java:49)
2017-10-06 14:59:20,717 WARN [91387224]      PartwiseBuilder.java:1970 | Error visiting RestInter{#0(0.000) e#0 s:0 p:-1.00 WHOLE_REST}
java.lang.NullPointerException: null
	at org.audiveris.omr.score.PartwiseBuilder.processNote(PartwiseBuilder.java:1735)
	at org.audiveris.omr.score.PartwiseBuilder.processChord(PartwiseBuilder.java:1056)
	at org.audiveris.omr.score.PartwiseBuilder.processMeasure(PartwiseBuilder.java:1614)
	at org.audiveris.omr.score.PartwiseBuilder.processPart(PartwiseBuilder.java:1988)
	at org.audiveris.omr.score.PartwiseBuilder.processSystem(PartwiseBuilder.java:2532)
	at org.audiveris.omr.score.PartwiseBuilder.processLogicalPart(PartwiseBuilder.java:1433)
	at org.audiveris.omr.score.PartwiseBuilder.processStub(PartwiseBuilder.java:2483)
	at org.audiveris.omr.score.PartwiseBuilder.processPartList(PartwiseBuilder.java:2017)
	at org.audiveris.omr.score.PartwiseBuilder.processScore(PartwiseBuilder.java:2195)
	at org.audiveris.omr.score.PartwiseBuilder.build(PartwiseBuilder.java:307)
	at org.audiveris.omr.score.ScoreExporter.export(ScoreExporter.java:117)
	at org.audiveris.omr.score.ScoreExporter.export(ScoreExporter.java:91)
	at org.audiveris.omr.sheet.BasicBook.export(BasicBook.java:589)
	at org.audiveris.omr.CLI$ProcessingTask.processBook(CLI.java:785)
	at org.audiveris.omr.CLI$CliTask.call(CLI.java:344)
	at org.audiveris.omr.Main.runBatchTasks(Main.java:316)
	at org.audiveris.omr.Main.main(Main.java:155)
	at Audiveris.main(Audiveris.java:49)
2017-10-06 14:59:20,719 WARN [91387224]      PartwiseBuilder.java:1970 | Error visiting RestInter{#0(0.000) e#0 s:0 p:-1.00 WHOLE_REST}
java.lang.NullPointerException: null
	at org.audiveris.omr.score.PartwiseBuilder.processNote(PartwiseBuilder.java:1735)
	at org.audiveris.omr.score.PartwiseBuilder.processChord(PartwiseBuilder.java:1056)
	at org.audiveris.omr.score.PartwiseBuilder.processMeasure(PartwiseBuilder.java:1614)
	at org.audiveris.omr.score.PartwiseBuilder.processPart(PartwiseBuilder.java:1988)
	at org.audiveris.omr.score.PartwiseBuilder.processSystem(PartwiseBuilder.java:2532)
	at org.audiveris.omr.score.PartwiseBuilder.processLogicalPart(PartwiseBuilder.java:1433)
	at org.audiveris.omr.score.PartwiseBuilder.processStub(PartwiseBuilder.java:2483)
	at org.audiveris.omr.score.PartwiseBuilder.processPartList(PartwiseBuilder.java:2017)
	at org.audiveris.omr.score.PartwiseBuilder.processScore(PartwiseBuilder.java:2195)
	at org.audiveris.omr.score.PartwiseBuilder.build(PartwiseBuilder.java:307)
	at org.audiveris.omr.score.ScoreExporter.export(ScoreExporter.java:117)
	at org.audiveris.omr.score.ScoreExporter.export(ScoreExporter.java:91)
	at org.audiveris.omr.sheet.BasicBook.export(BasicBook.java:589)
	at org.audiveris.omr.CLI$ProcessingTask.processBook(CLI.java:785)
	at org.audiveris.omr.CLI$CliTask.call(CLI.java:344)
	at org.audiveris.omr.Main.runBatchTasks(Main.java:316)
	at org.audiveris.omr.Main.main(Main.java:155)
	at Audiveris.main(Audiveris.java:49)
2017-10-06 14:59:20,719 WARN [91387224]      PartwiseBuilder.java:1970 | Error visiting RestInter{#0(0.000) e#0 s:0 p:-1.00 WHOLE_REST}
java.lang.NullPointerException: null
	at org.audiveris.omr.score.PartwiseBuilder.processNote(PartwiseBuilder.java:1735)
	at org.audiveris.omr.score.PartwiseBuilder.processChord(PartwiseBuilder.java:1056)
	at org.audiveris.omr.score.PartwiseBuilder.processMeasure(PartwiseBuilder.java:1614)
	at org.audiveris.omr.score.PartwiseBuilder.processPart(PartwiseBuilder.java:1988)
	at org.audiveris.omr.score.PartwiseBuilder.processSystem(PartwiseBuilder.java:2532)
	at org.audiveris.omr.score.PartwiseBuilder.processLogicalPart(PartwiseBuilder.java:1433)
	at org.audiveris.omr.score.PartwiseBuilder.processStub(PartwiseBuilder.java:2483)
	at org.audiveris.omr.score.PartwiseBuilder.processPartList(PartwiseBuilder.java:2017)
	at org.audiveris.omr.score.PartwiseBuilder.processScore(PartwiseBuilder.java:2195)
	at org.audiveris.omr.score.PartwiseBuilder.build(PartwiseBuilder.java:307)
	at org.audiveris.omr.score.ScoreExporter.export(ScoreExporter.java:117)
	at org.audiveris.omr.score.ScoreExporter.export(ScoreExporter.java:91)
	at org.audiveris.omr.sheet.BasicBook.export(BasicBook.java:589)
	at org.audiveris.omr.CLI$ProcessingTask.processBook(CLI.java:785)
	at org.audiveris.omr.CLI$CliTask.call(CLI.java:344)
	at org.audiveris.omr.Main.runBatchTasks(Main.java:316)
	at org.audiveris.omr.Main.main(Main.java:155)
	at Audiveris.main(Audiveris.java:49)
2017-10-06 14:59:20,720 INFO [91387224]                 Part.java:312  | S#4 {Part#3 staves[7,8]} createDummyPart for id=1
2017-10-06 14:59:20,720 WARN [91387224]      PartwiseBuilder.java:1970 | Error visiting RestInter{#0(0.000) e#0 s:0 p:-1.00 WHOLE_REST}
java.lang.NullPointerException: null
	at org.audiveris.omr.score.PartwiseBuilder.processNote(PartwiseBuilder.java:1735)
	at org.audiveris.omr.score.PartwiseBuilder.processChord(PartwiseBuilder.java:1056)
	at org.audiveris.omr.score.PartwiseBuilder.processMeasure(PartwiseBuilder.java:1614)
	at org.audiveris.omr.score.PartwiseBuilder.processPart(PartwiseBuilder.java:1988)
	at org.audiveris.omr.score.PartwiseBuilder.processSystem(PartwiseBuilder.java:2532)
	at org.audiveris.omr.score.PartwiseBuilder.processLogicalPart(PartwiseBuilder.java:1433)
	at org.audiveris.omr.score.PartwiseBuilder.processStub(PartwiseBuilder.java:2483)
	at org.audiveris.omr.score.PartwiseBuilder.processPartList(PartwiseBuilder.java:2017)
	at org.audiveris.omr.score.PartwiseBuilder.processScore(PartwiseBuilder.java:2195)
	at org.audiveris.omr.score.PartwiseBuilder.build(PartwiseBuilder.java:307)
	at org.audiveris.omr.score.ScoreExporter.export(ScoreExporter.java:117)
	at org.audiveris.omr.score.ScoreExporter.export(ScoreExporter.java:91)
	at org.audiveris.omr.sheet.BasicBook.export(BasicBook.java:589)
	at org.audiveris.omr.CLI$ProcessingTask.processBook(CLI.java:785)
	at org.audiveris.omr.CLI$CliTask.call(CLI.java:344)
	at org.audiveris.omr.Main.runBatchTasks(Main.java:316)
	at org.audiveris.omr.Main.main(Main.java:155)
	at Audiveris.main(Audiveris.java:49)
2017-10-06 14:59:20,721 WARN [91387224]      PartwiseBuilder.java:1970 | Error visiting RestInter{#0(0.000) e#0 s:0 p:-1.00 WHOLE_REST}
java.lang.NullPointerException: null
	at org.audiveris.omr.score.PartwiseBuilder.processNote(PartwiseBuilder.java:1735)
	at org.audiveris.omr.score.PartwiseBuilder.processChord(PartwiseBuilder.java:1056)
	at org.audiveris.omr.score.PartwiseBuilder.processMeasure(PartwiseBuilder.java:1614)
	at org.audiveris.omr.score.PartwiseBuilder.processPart(PartwiseBuilder.java:1988)
	at org.audiveris.omr.score.PartwiseBuilder.processSystem(PartwiseBuilder.java:2532)
	at org.audiveris.omr.score.PartwiseBuilder.processLogicalPart(PartwiseBuilder.java:1433)
	at org.audiveris.omr.score.PartwiseBuilder.processStub(PartwiseBuilder.java:2483)
	at org.audiveris.omr.score.PartwiseBuilder.processPartList(PartwiseBuilder.java:2017)
	at org.audiveris.omr.score.PartwiseBuilder.processScore(PartwiseBuilder.java:2195)
	at org.audiveris.omr.score.PartwiseBuilder.build(PartwiseBuilder.java:307)
	at org.audiveris.omr.score.ScoreExporter.export(ScoreExporter.java:117)
	at org.audiveris.omr.score.ScoreExporter.export(ScoreExporter.java:91)
	at org.audiveris.omr.sheet.BasicBook.export(BasicBook.java:589)
	at org.audiveris.omr.CLI$ProcessingTask.processBook(CLI.java:785)
	at org.audiveris.omr.CLI$CliTask.call(CLI.java:344)
	at org.audiveris.omr.Main.runBatchTasks(Main.java:316)
	at org.audiveris.omr.Main.main(Main.java:155)
	at Audiveris.main(Audiveris.java:49)
2017-10-06 14:59:20,722 WARN [91387224]      PartwiseBuilder.java:1970 | Error visiting RestInter{#0(0.000) e#0 s:0 p:-1.00 WHOLE_REST}
java.lang.NullPointerException: null
	at org.audiveris.omr.score.PartwiseBuilder.processNote(PartwiseBuilder.java:1735)
	at org.audiveris.omr.score.PartwiseBuilder.processChord(PartwiseBuilder.java:1056)
	at org.audiveris.omr.score.PartwiseBuilder.processMeasure(PartwiseBuilder.java:1614)
	at org.audiveris.omr.score.PartwiseBuilder.processPart(PartwiseBuilder.java:1988)
	at org.audiveris.omr.score.PartwiseBuilder.processSystem(PartwiseBuilder.java:2532)
	at org.audiveris.omr.score.PartwiseBuilder.processLogicalPart(PartwiseBuilder.java:1433)
	at org.audiveris.omr.score.PartwiseBuilder.processStub(PartwiseBuilder.java:2483)
	at org.audiveris.omr.score.PartwiseBuilder.processPartList(PartwiseBuilder.java:2017)
	at org.audiveris.omr.score.PartwiseBuilder.processScore(PartwiseBuilder.java:2195)
	at org.audiveris.omr.score.PartwiseBuilder.build(PartwiseBuilder.java:307)
	at org.audiveris.omr.score.ScoreExporter.export(ScoreExporter.java:117)
	at org.audiveris.omr.score.ScoreExporter.export(ScoreExporter.java:91)
	at org.audiveris.omr.sheet.BasicBook.export(BasicBook.java:589)
	at org.audiveris.omr.CLI$ProcessingTask.processBook(CLI.java:785)
	at org.audiveris.omr.CLI$CliTask.call(CLI.java:344)
	at org.audiveris.omr.Main.runBatchTasks(Main.java:316)
	at org.audiveris.omr.Main.main(Main.java:155)
	at Audiveris.main(Audiveris.java:49)
2017-10-06 14:59:20,722 WARN [91387224]      PartwiseBuilder.java:1970 | Error visiting RestInter{#0(0.000) e#0 s:0 p:-1.00 WHOLE_REST}
java.lang.NullPointerException: null
	at org.audiveris.omr.score.PartwiseBuilder.processNote(PartwiseBuilder.java:1735)
	at org.audiveris.omr.score.PartwiseBuilder.processChord(PartwiseBuilder.java:1056)
	at org.audiveris.omr.score.PartwiseBuilder.processMeasure(PartwiseBuilder.java:1614)
	at org.audiveris.omr.score.PartwiseBuilder.processPart(PartwiseBuilder.java:1988)
	at org.audiveris.omr.score.PartwiseBuilder.processSystem(PartwiseBuilder.java:2532)
	at org.audiveris.omr.score.PartwiseBuilder.processLogicalPart(PartwiseBuilder.java:1433)
	at org.audiveris.omr.score.PartwiseBuilder.processStub(PartwiseBuilder.java:2483)
	at org.audiveris.omr.score.PartwiseBuilder.processPartList(PartwiseBuilder.java:2017)
	at org.audiveris.omr.score.PartwiseBuilder.processScore(PartwiseBuilder.java:2195)
	at org.audiveris.omr.score.PartwiseBuilder.build(PartwiseBuilder.java:307)
	at org.audiveris.omr.score.ScoreExporter.export(ScoreExporter.java:117)
	at org.audiveris.omr.score.ScoreExporter.export(ScoreExporter.java:91)
	at org.audiveris.omr.sheet.BasicBook.export(BasicBook.java:589)
	at org.audiveris.omr.CLI$ProcessingTask.processBook(CLI.java:785)
	at org.audiveris.omr.CLI$CliTask.call(CLI.java:344)
	at org.audiveris.omr.Main.runBatchTasks(Main.java:316)
	at org.audiveris.omr.Main.main(Main.java:155)
	at Audiveris.main(Audiveris.java:49)
2017-10-06 14:59:20,725 INFO [91387224]                 Part.java:312  | S#2 {Part#3 staves[3,4]} createDummyPart for id=2
2017-10-06 14:59:20,726 WARN [91387224]      PartwiseBuilder.java:1970 | Error visiting RestInter{#0(0.000) e#0 s:0 p:-1.00 WHOLE_REST}
java.lang.NullPointerException: null
	at org.audiveris.omr.score.PartwiseBuilder.processNote(PartwiseBuilder.java:1735)
	at org.audiveris.omr.score.PartwiseBuilder.processChord(PartwiseBuilder.java:1056)
	at org.audiveris.omr.score.PartwiseBuilder.processMeasure(PartwiseBuilder.java:1614)
	at org.audiveris.omr.score.PartwiseBuilder.processPart(PartwiseBuilder.java:1988)
	at org.audiveris.omr.score.PartwiseBuilder.processSystem(PartwiseBuilder.java:2532)
	at org.audiveris.omr.score.PartwiseBuilder.processLogicalPart(PartwiseBuilder.java:1433)
	at org.audiveris.omr.score.PartwiseBuilder.processStub(PartwiseBuilder.java:2483)
	at org.audiveris.omr.score.PartwiseBuilder.processPartList(PartwiseBuilder.java:2017)
	at org.audiveris.omr.score.PartwiseBuilder.processScore(PartwiseBuilder.java:2195)
	at org.audiveris.omr.score.PartwiseBuilder.build(PartwiseBuilder.java:307)
	at org.audiveris.omr.score.ScoreExporter.export(ScoreExporter.java:117)
	at org.audiveris.omr.score.ScoreExporter.export(ScoreExporter.java:91)
	at org.audiveris.omr.sheet.BasicBook.export(BasicBook.java:589)
	at org.audiveris.omr.CLI$ProcessingTask.processBook(CLI.java:785)
	at org.audiveris.omr.CLI$CliTask.call(CLI.java:344)
	at org.audiveris.omr.Main.runBatchTasks(Main.java:316)
	at org.audiveris.omr.Main.main(Main.java:155)
	at Audiveris.main(Audiveris.java:49)
2017-10-06 14:59:20,727 WARN [91387224]      PartwiseBuilder.java:1970 | Error visiting RestInter{#0(0.000) e#0 s:0 p:-1.00 WHOLE_REST}
java.lang.NullPointerException: null
	at org.audiveris.omr.score.PartwiseBuilder.processNote(PartwiseBuilder.java:1735)
	at org.audiveris.omr.score.PartwiseBuilder.processChord(PartwiseBuilder.java:1056)
	at org.audiveris.omr.score.PartwiseBuilder.processMeasure(PartwiseBuilder.java:1614)
	at org.audiveris.omr.score.PartwiseBuilder.processPart(PartwiseBuilder.java:1988)
	at org.audiveris.omr.score.PartwiseBuilder.processSystem(PartwiseBuilder.java:2532)
	at org.audiveris.omr.score.PartwiseBuilder.processLogicalPart(PartwiseBuilder.java:1433)
	at org.audiveris.omr.score.PartwiseBuilder.processStub(PartwiseBuilder.java:2483)
	at org.audiveris.omr.score.PartwiseBuilder.processPartList(PartwiseBuilder.java:2017)
	at org.audiveris.omr.score.PartwiseBuilder.processScore(PartwiseBuilder.java:2195)
	at org.audiveris.omr.score.PartwiseBuilder.build(PartwiseBuilder.java:307)
	at org.audiveris.omr.score.ScoreExporter.export(ScoreExporter.java:117)
	at org.audiveris.omr.score.ScoreExporter.export(ScoreExporter.java:91)
	at org.audiveris.omr.sheet.BasicBook.export(BasicBook.java:589)
	at org.audiveris.omr.CLI$ProcessingTask.processBook(CLI.java:785)
	at org.audiveris.omr.CLI$CliTask.call(CLI.java:344)
	at org.audiveris.omr.Main.runBatchTasks(Main.java:316)
	at org.audiveris.omr.Main.main(Main.java:155)
	at Audiveris.main(Audiveris.java:49)
2017-10-06 14:59:20,728 WARN [91387224]      PartwiseBuilder.java:1970 | Error visiting RestInter{#0(0.000) e#0 s:0 p:-1.00 WHOLE_REST}
java.lang.NullPointerException: null
	at org.audiveris.omr.score.PartwiseBuilder.processNote(PartwiseBuilder.java:1735)
	at org.audiveris.omr.score.PartwiseBuilder.processChord(PartwiseBuilder.java:1056)
	at org.audiveris.omr.score.PartwiseBuilder.processMeasure(PartwiseBuilder.java:1614)
	at org.audiveris.omr.score.PartwiseBuilder.processPart(PartwiseBuilder.java:1988)
	at org.audiveris.omr.score.PartwiseBuilder.processSystem(PartwiseBuilder.java:2532)
	at org.audiveris.omr.score.PartwiseBuilder.processLogicalPart(PartwiseBuilder.java:1433)
	at org.audiveris.omr.score.PartwiseBuilder.processStub(PartwiseBuilder.java:2483)
	at org.audiveris.omr.score.PartwiseBuilder.processPartList(PartwiseBuilder.java:2017)
	at org.audiveris.omr.score.PartwiseBuilder.processScore(PartwiseBuilder.java:2195)
	at org.audiveris.omr.score.PartwiseBuilder.build(PartwiseBuilder.java:307)
	at org.audiveris.omr.score.ScoreExporter.export(ScoreExporter.java:117)
	at org.audiveris.omr.score.ScoreExporter.export(ScoreExporter.java:91)
	at org.audiveris.omr.sheet.BasicBook.export(BasicBook.java:589)
	at org.audiveris.omr.CLI$ProcessingTask.processBook(CLI.java:785)
	at org.audiveris.omr.CLI$CliTask.call(CLI.java:344)
	at org.audiveris.omr.Main.runBatchTasks(Main.java:316)
	at org.audiveris.omr.Main.main(Main.java:155)
	at Audiveris.main(Audiveris.java:49)
2017-10-06 14:59:20,729 WARN [91387224]      PartwiseBuilder.java:1970 | Error visiting RestInter{#0(0.000) e#0 s:0 p:-1.00 WHOLE_REST}
java.lang.NullPointerException: null
	at org.audiveris.omr.score.PartwiseBuilder.processNote(PartwiseBuilder.java:1735)
	at org.audiveris.omr.score.PartwiseBuilder.processChord(PartwiseBuilder.java:1056)
	at org.audiveris.omr.score.PartwiseBuilder.processMeasure(PartwiseBuilder.java:1614)
	at org.audiveris.omr.score.PartwiseBuilder.processPart(PartwiseBuilder.java:1988)
	at org.audiveris.omr.score.PartwiseBuilder.processSystem(PartwiseBuilder.java:2532)
	at org.audiveris.omr.score.PartwiseBuilder.processLogicalPart(PartwiseBuilder.java:1433)
	at org.audiveris.omr.score.PartwiseBuilder.processStub(PartwiseBuilder.java:2483)
	at org.audiveris.omr.score.PartwiseBuilder.processPartList(PartwiseBuilder.java:2017)
	at org.audiveris.omr.score.PartwiseBuilder.processScore(PartwiseBuilder.java:2195)
	at org.audiveris.omr.score.PartwiseBuilder.build(PartwiseBuilder.java:307)
	at org.audiveris.omr.score.ScoreExporter.export(ScoreExporter.java:117)
	at org.audiveris.omr.score.ScoreExporter.export(ScoreExporter.java:91)
	at org.audiveris.omr.sheet.BasicBook.export(BasicBook.java:589)
	at org.audiveris.omr.CLI$ProcessingTask.processBook(CLI.java:785)
	at org.audiveris.omr.CLI$CliTask.call(CLI.java:344)
	at org.audiveris.omr.Main.runBatchTasks(Main.java:316)
	at org.audiveris.omr.Main.main(Main.java:155)
	at Audiveris.main(Audiveris.java:49)
2017-10-06 14:59:20,729 INFO [91387224]                 Part.java:312  | S#3 {Part#3 staves[5,6] name:.} createDummyPart for id=2
2017-10-06 14:59:20,730 WARN [91387224]      PartwiseBuilder.java:1970 | Error visiting RestInter{#0(0.000) e#0 s:0 p:-1.00 WHOLE_REST}
java.lang.NullPointerException: null
	at org.audiveris.omr.score.PartwiseBuilder.processNote(PartwiseBuilder.java:1735)
	at org.audiveris.omr.score.PartwiseBuilder.processChord(PartwiseBuilder.java:1056)
	at org.audiveris.omr.score.PartwiseBuilder.processMeasure(PartwiseBuilder.java:1614)
	at org.audiveris.omr.score.PartwiseBuilder.processPart(PartwiseBuilder.java:1988)
	at org.audiveris.omr.score.PartwiseBuilder.processSystem(PartwiseBuilder.java:2532)
	at org.audiveris.omr.score.PartwiseBuilder.processLogicalPart(PartwiseBuilder.java:1433)
	at org.audiveris.omr.score.PartwiseBuilder.processStub(PartwiseBuilder.java:2483)
	at org.audiveris.omr.score.PartwiseBuilder.processPartList(PartwiseBuilder.java:2017)
	at org.audiveris.omr.score.PartwiseBuilder.processScore(PartwiseBuilder.java:2195)
	at org.audiveris.omr.score.PartwiseBuilder.build(PartwiseBuilder.java:307)
	at org.audiveris.omr.score.ScoreExporter.export(ScoreExporter.java:117)
	at org.audiveris.omr.score.ScoreExporter.export(ScoreExporter.java:91)
	at org.audiveris.omr.sheet.BasicBook.export(BasicBook.java:589)
	at org.audiveris.omr.CLI$ProcessingTask.processBook(CLI.java:785)
	at org.audiveris.omr.CLI$CliTask.call(CLI.java:344)
	at org.audiveris.omr.Main.runBatchTasks(Main.java:316)
	at org.audiveris.omr.Main.main(Main.java:155)
	at Audiveris.main(Audiveris.java:49)
2017-10-06 14:59:20,731 WARN [91387224]      PartwiseBuilder.java:1970 | Error visiting RestInter{#0(0.000) e#0 s:0 p:-1.00 WHOLE_REST}
java.lang.NullPointerException: null
	at org.audiveris.omr.score.PartwiseBuilder.processNote(PartwiseBuilder.java:1735)
	at org.audiveris.omr.score.PartwiseBuilder.processChord(PartwiseBuilder.java:1056)
	at org.audiveris.omr.score.PartwiseBuilder.processMeasure(PartwiseBuilder.java:1614)
	at org.audiveris.omr.score.PartwiseBuilder.processPart(PartwiseBuilder.java:1988)
	at org.audiveris.omr.score.PartwiseBuilder.processSystem(PartwiseBuilder.java:2532)
	at org.audiveris.omr.score.PartwiseBuilder.processLogicalPart(PartwiseBuilder.java:1433)
	at org.audiveris.omr.score.PartwiseBuilder.processStub(PartwiseBuilder.java:2483)
	at org.audiveris.omr.score.PartwiseBuilder.processPartList(PartwiseBuilder.java:2017)
	at org.audiveris.omr.score.PartwiseBuilder.processScore(PartwiseBuilder.java:2195)
	at org.audiveris.omr.score.PartwiseBuilder.build(PartwiseBuilder.java:307)
	at org.audiveris.omr.score.ScoreExporter.export(ScoreExporter.java:117)
	at org.audiveris.omr.score.ScoreExporter.export(ScoreExporter.java:91)
	at org.audiveris.omr.sheet.BasicBook.export(BasicBook.java:589)
	at org.audiveris.omr.CLI$ProcessingTask.processBook(CLI.java:785)
	at org.audiveris.omr.CLI$CliTask.call(CLI.java:344)
	at org.audiveris.omr.Main.runBatchTasks(Main.java:316)
	at org.audiveris.omr.Main.main(Main.java:155)
	at Audiveris.main(Audiveris.java:49)
2017-10-06 14:59:20,731 WARN [91387224]      PartwiseBuilder.java:1970 | Error visiting RestInter{#0(0.000) e#0 s:0 p:-1.00 WHOLE_REST}
java.lang.NullPointerException: null
	at org.audiveris.omr.score.PartwiseBuilder.processNote(PartwiseBuilder.java:1735)
	at org.audiveris.omr.score.PartwiseBuilder.processChord(PartwiseBuilder.java:1056)
	at org.audiveris.omr.score.PartwiseBuilder.processMeasure(PartwiseBuilder.java:1614)
	at org.audiveris.omr.score.PartwiseBuilder.processPart(PartwiseBuilder.java:1988)
	at org.audiveris.omr.score.PartwiseBuilder.processSystem(PartwiseBuilder.java:2532)
	at org.audiveris.omr.score.PartwiseBuilder.processLogicalPart(PartwiseBuilder.java:1433)
	at org.audiveris.omr.score.PartwiseBuilder.processStub(PartwiseBuilder.java:2483)
	at org.audiveris.omr.score.PartwiseBuilder.processPartList(PartwiseBuilder.java:2017)
	at org.audiveris.omr.score.PartwiseBuilder.processScore(PartwiseBuilder.java:2195)
	at org.audiveris.omr.score.PartwiseBuilder.build(PartwiseBuilder.java:307)
	at org.audiveris.omr.score.ScoreExporter.export(ScoreExporter.java:117)
	at org.audiveris.omr.score.ScoreExporter.export(ScoreExporter.java:91)
	at org.audiveris.omr.sheet.BasicBook.export(BasicBook.java:589)
	at org.audiveris.omr.CLI$ProcessingTask.processBook(CLI.java:785)
	at org.audiveris.omr.CLI$CliTask.call(CLI.java:344)
	at org.audiveris.omr.Main.runBatchTasks(Main.java:316)
	at org.audiveris.omr.Main.main(Main.java:155)
	at Audiveris.main(Audiveris.java:49)
2017-10-06 14:59:20,732 WARN [91387224]      PartwiseBuilder.java:1970 | Error visiting RestInter{#0(0.000) e#0 s:0 p:-1.00 WHOLE_REST}
java.lang.NullPointerException: null
	at org.audiveris.omr.score.PartwiseBuilder.processNote(PartwiseBuilder.java:1735)
	at org.audiveris.omr.score.PartwiseBuilder.processChord(PartwiseBuilder.java:1056)
	at org.audiveris.omr.score.PartwiseBuilder.processMeasure(PartwiseBuilder.java:1614)
	at org.audiveris.omr.score.PartwiseBuilder.processPart(PartwiseBuilder.java:1988)
	at org.audiveris.omr.score.PartwiseBuilder.processSystem(PartwiseBuilder.java:2532)
	at org.audiveris.omr.score.PartwiseBuilder.processLogicalPart(PartwiseBuilder.java:1433)
	at org.audiveris.omr.score.PartwiseBuilder.processStub(PartwiseBuilder.java:2483)
	at org.audiveris.omr.score.PartwiseBuilder.processPartList(PartwiseBuilder.java:2017)
	at org.audiveris.omr.score.PartwiseBuilder.processScore(PartwiseBuilder.java:2195)
	at org.audiveris.omr.score.PartwiseBuilder.build(PartwiseBuilder.java:307)
	at org.audiveris.omr.score.ScoreExporter.export(ScoreExporter.java:117)
	at org.audiveris.omr.score.ScoreExporter.export(ScoreExporter.java:91)
	at org.audiveris.omr.sheet.BasicBook.export(BasicBook.java:589)
	at org.audiveris.omr.CLI$ProcessingTask.processBook(CLI.java:785)
	at org.audiveris.omr.CLI$CliTask.call(CLI.java:344)
	at org.audiveris.omr.Main.runBatchTasks(Main.java:316)
	at org.audiveris.omr.Main.main(Main.java:155)
	at Audiveris.main(Audiveris.java:49)
2017-10-06 14:59:20,733 WARN [91387224]      PartwiseBuilder.java:1970 | Error visiting RestInter{#0(0.000) e#0 s:0 p:-1.00 WHOLE_REST}
java.lang.NullPointerException: null
	at org.audiveris.omr.score.PartwiseBuilder.processNote(PartwiseBuilder.java:1735)
	at org.audiveris.omr.score.PartwiseBuilder.processChord(PartwiseBuilder.java:1056)
	at org.audiveris.omr.score.PartwiseBuilder.processMeasure(PartwiseBuilder.java:1614)
	at org.audiveris.omr.score.PartwiseBuilder.processPart(PartwiseBuilder.java:1988)
	at org.audiveris.omr.score.PartwiseBuilder.processSystem(PartwiseBuilder.java:2532)
	at org.audiveris.omr.score.PartwiseBuilder.processLogicalPart(PartwiseBuilder.java:1433)
	at org.audiveris.omr.score.PartwiseBuilder.processStub(PartwiseBuilder.java:2483)
	at org.audiveris.omr.score.PartwiseBuilder.processPartList(PartwiseBuilder.java:2017)
	at org.audiveris.omr.score.PartwiseBuilder.processScore(PartwiseBuilder.java:2195)
	at org.audiveris.omr.score.PartwiseBuilder.build(PartwiseBuilder.java:307)
	at org.audiveris.omr.score.ScoreExporter.export(ScoreExporter.java:117)
	at org.audiveris.omr.score.ScoreExporter.export(ScoreExporter.java:91)
	at org.audiveris.omr.sheet.BasicBook.export(BasicBook.java:589)
	at org.audiveris.omr.CLI$ProcessingTask.processBook(CLI.java:785)
	at org.audiveris.omr.CLI$CliTask.call(CLI.java:344)
	at org.audiveris.omr.Main.runBatchTasks(Main.java:316)
	at org.audiveris.omr.Main.main(Main.java:155)
	at Audiveris.main(Audiveris.java:49)
2017-10-06 14:59:20,733 INFO [91387224]                 Part.java:312  | S#4 {Part#3 staves[7,8]} createDummyPart for id=2
2017-10-06 14:59:20,734 WARN [91387224]      PartwiseBuilder.java:1970 | Error visiting RestInter{#0(0.000) e#0 s:0 p:-1.00 WHOLE_REST}
java.lang.NullPointerException: null
	at org.audiveris.omr.score.PartwiseBuilder.processNote(PartwiseBuilder.java:1735)
	at org.audiveris.omr.score.PartwiseBuilder.processChord(PartwiseBuilder.java:1056)
	at org.audiveris.omr.score.PartwiseBuilder.processMeasure(PartwiseBuilder.java:1614)
	at org.audiveris.omr.score.PartwiseBuilder.processPart(PartwiseBuilder.java:1988)
	at org.audiveris.omr.score.PartwiseBuilder.processSystem(PartwiseBuilder.java:2532)
	at org.audiveris.omr.score.PartwiseBuilder.processLogicalPart(PartwiseBuilder.java:1433)
	at org.audiveris.omr.score.PartwiseBuilder.processStub(PartwiseBuilder.java:2483)
	at org.audiveris.omr.score.PartwiseBuilder.processPartList(PartwiseBuilder.java:2017)
	at org.audiveris.omr.score.PartwiseBuilder.processScore(PartwiseBuilder.java:2195)
	at org.audiveris.omr.score.PartwiseBuilder.build(PartwiseBuilder.java:307)
	at org.audiveris.omr.score.ScoreExporter.export(ScoreExporter.java:117)
	at org.audiveris.omr.score.ScoreExporter.export(ScoreExporter.java:91)
	at org.audiveris.omr.sheet.BasicBook.export(BasicBook.java:589)
	at org.audiveris.omr.CLI$ProcessingTask.processBook(CLI.java:785)
	at org.audiveris.omr.CLI$CliTask.call(CLI.java:344)
	at org.audiveris.omr.Main.runBatchTasks(Main.java:316)
	at org.audiveris.omr.Main.main(Main.java:155)
	at Audiveris.main(Audiveris.java:49)
2017-10-06 14:59:20,735 WARN [91387224]      PartwiseBuilder.java:1970 | Error visiting RestInter{#0(0.000) e#0 s:0 p:-1.00 WHOLE_REST}
java.lang.NullPointerException: null
	at org.audiveris.omr.score.PartwiseBuilder.processNote(PartwiseBuilder.java:1735)
	at org.audiveris.omr.score.PartwiseBuilder.processChord(PartwiseBuilder.java:1056)
	at org.audiveris.omr.score.PartwiseBuilder.processMeasure(PartwiseBuilder.java:1614)
	at org.audiveris.omr.score.PartwiseBuilder.processPart(PartwiseBuilder.java:1988)
	at org.audiveris.omr.score.PartwiseBuilder.processSystem(PartwiseBuilder.java:2532)
	at org.audiveris.omr.score.PartwiseBuilder.processLogicalPart(PartwiseBuilder.java:1433)
	at org.audiveris.omr.score.PartwiseBuilder.processStub(PartwiseBuilder.java:2483)
	at org.audiveris.omr.score.PartwiseBuilder.processPartList(PartwiseBuilder.java:2017)
	at org.audiveris.omr.score.PartwiseBuilder.processScore(PartwiseBuilder.java:2195)
	at org.audiveris.omr.score.PartwiseBuilder.build(PartwiseBuilder.java:307)
	at org.audiveris.omr.score.ScoreExporter.export(ScoreExporter.java:117)
	at org.audiveris.omr.score.ScoreExporter.export(ScoreExporter.java:91)
	at org.audiveris.omr.sheet.BasicBook.export(BasicBook.java:589)
	at org.audiveris.omr.CLI$ProcessingTask.processBook(CLI.java:785)
	at org.audiveris.omr.CLI$CliTask.call(CLI.java:344)
	at org.audiveris.omr.Main.runBatchTasks(Main.java:316)
	at org.audiveris.omr.Main.main(Main.java:155)
	at Audiveris.main(Audiveris.java:49)
2017-10-06 14:59:20,735 WARN [91387224]      PartwiseBuilder.java:1970 | Error visiting RestInter{#0(0.000) e#0 s:0 p:-1.00 WHOLE_REST}
java.lang.NullPointerException: null
	at org.audiveris.omr.score.PartwiseBuilder.processNote(PartwiseBuilder.java:1735)
	at org.audiveris.omr.score.PartwiseBuilder.processChord(PartwiseBuilder.java:1056)
	at org.audiveris.omr.score.PartwiseBuilder.processMeasure(PartwiseBuilder.java:1614)
	at org.audiveris.omr.score.PartwiseBuilder.processPart(PartwiseBuilder.java:1988)
	at org.audiveris.omr.score.PartwiseBuilder.processSystem(PartwiseBuilder.java:2532)
	at org.audiveris.omr.score.PartwiseBuilder.processLogicalPart(PartwiseBuilder.java:1433)
	at org.audiveris.omr.score.PartwiseBuilder.processStub(PartwiseBuilder.java:2483)
	at org.audiveris.omr.score.PartwiseBuilder.processPartList(PartwiseBuilder.java:2017)
	at org.audiveris.omr.score.PartwiseBuilder.processScore(PartwiseBuilder.java:2195)
	at org.audiveris.omr.score.PartwiseBuilder.build(PartwiseBuilder.java:307)
	at org.audiveris.omr.score.ScoreExporter.export(ScoreExporter.java:117)
	at org.audiveris.omr.score.ScoreExporter.export(ScoreExporter.java:91)
	at org.audiveris.omr.sheet.BasicBook.export(BasicBook.java:589)
	at org.audiveris.omr.CLI$ProcessingTask.processBook(CLI.java:785)
	at org.audiveris.omr.CLI$CliTask.call(CLI.java:344)
	at org.audiveris.omr.Main.runBatchTasks(Main.java:316)
	at org.audiveris.omr.Main.main(Main.java:155)
	at Audiveris.main(Audiveris.java:49)
2017-10-06 14:59:20,736 WARN [91387224]      PartwiseBuilder.java:1970 | Error visiting RestInter{#0(0.000) e#0 s:0 p:-1.00 WHOLE_REST}
java.lang.NullPointerException: null
	at org.audiveris.omr.score.PartwiseBuilder.processNote(PartwiseBuilder.java:1735)
	at org.audiveris.omr.score.PartwiseBuilder.processChord(PartwiseBuilder.java:1056)
	at org.audiveris.omr.score.PartwiseBuilder.processMeasure(PartwiseBuilder.java:1614)
	at org.audiveris.omr.score.PartwiseBuilder.processPart(PartwiseBuilder.java:1988)
	at org.audiveris.omr.score.PartwiseBuilder.processSystem(PartwiseBuilder.java:2532)
	at org.audiveris.omr.score.PartwiseBuilder.processLogicalPart(PartwiseBuilder.java:1433)
	at org.audiveris.omr.score.PartwiseBuilder.processStub(PartwiseBuilder.java:2483)
	at org.audiveris.omr.score.PartwiseBuilder.processPartList(PartwiseBuilder.java:2017)
	at org.audiveris.omr.score.PartwiseBuilder.processScore(PartwiseBuilder.java:2195)
	at org.audiveris.omr.score.PartwiseBuilder.build(PartwiseBuilder.java:307)
	at org.audiveris.omr.score.ScoreExporter.export(ScoreExporter.java:117)
	at org.audiveris.omr.score.ScoreExporter.export(ScoreExporter.java:91)
	at org.audiveris.omr.sheet.BasicBook.export(BasicBook.java:589)
	at org.audiveris.omr.CLI$ProcessingTask.processBook(CLI.java:785)
	at org.audiveris.omr.CLI$CliTask.call(CLI.java:344)
	at org.audiveris.omr.Main.runBatchTasks(Main.java:316)
	at org.audiveris.omr.Main.main(Main.java:155)
	at Audiveris.main(Audiveris.java:49)
2017-10-06 14:59:20,737 INFO [91387224]                 Part.java:312  | S#1 {Part#1 staves[1] name:Moderaio} createDummyPart for id=3
2017-10-06 14:59:20,737 WARN [91387224]      PartwiseBuilder.java:2547 | Error visiting System#1
java.lang.NullPointerException: null
	at org.audiveris.omr.sig.inter.Inter$6.compare(Inter.java:159)
	at org.audiveris.omr.sig.inter.Inter$6.compare(Inter.java:150)
	at java.util.TreeMap.put(TreeMap.java:552)
	at java.util.TreeSet.add(TreeSet.java:255)
	at org.audiveris.omr.sheet.rhythm.Measure.addInter(Measure.java:241)
	at org.audiveris.omr.sheet.Part.createDummyPart(Part.java:349)
	at org.audiveris.omr.score.PartwiseBuilder.processSystem(PartwiseBuilder.java:2531)
	at org.audiveris.omr.score.PartwiseBuilder.processLogicalPart(PartwiseBuilder.java:1433)
	at org.audiveris.omr.score.PartwiseBuilder.processStub(PartwiseBuilder.java:2483)
	at org.audiveris.omr.score.PartwiseBuilder.processPartList(PartwiseBuilder.java:2017)
	at org.audiveris.omr.score.PartwiseBuilder.processScore(PartwiseBuilder.java:2195)
	at org.audiveris.omr.score.PartwiseBuilder.build(PartwiseBuilder.java:307)
	at org.audiveris.omr.score.ScoreExporter.export(ScoreExporter.java:117)
	at org.audiveris.omr.score.ScoreExporter.export(ScoreExporter.java:91)
	at org.audiveris.omr.sheet.BasicBook.export(BasicBook.java:589)
	at org.audiveris.omr.CLI$ProcessingTask.processBook(CLI.java:785)
	at org.audiveris.omr.CLI$CliTask.call(CLI.java:344)
	at org.audiveris.omr.Main.runBatchTasks(Main.java:316)
	at org.audiveris.omr.Main.main(Main.java:155)
	at Audiveris.main(Audiveris.java:49)
2017-10-06 14:59:20,807 INFO [91387224]        ScoreExporter.java:93   | Score 91387224.mvt1 exported to /Users/stephenn/Documents/workspace/nlsomr/xml_out/91386487/91387224/91387224.mvt1.mxl
2017-10-06 14:59:20,829 INFO [91387224]        ScoreExporter.java:93   | Score 91387224.mvt2 exported to /Users/stephenn/Documents/workspace/nlsomr/xml_out/91386487/91387224/91387224.mvt2.mxl
2017-10-06 14:59:20,992 INFO [91387224]            BasicBook.java:1395 | Stored /book.xml
2017-10-06 14:59:20,993 INFO [91387224]            BasicBook.java:1355 | Book stored as /Users/stephenn/Documents/workspace/nlsomr/xml_out/91386487/91387224/91387224.omr
