2017-10-06 15:21:53,956 INFO [91387536]            BasicBook.java:427  | 1 sheet in /Users/stephenn/Documents/workspace/nlsomr/working/91387536.jpg
2017-10-06 15:21:54,115 INFO []            BasicBook.java:1395 | Stored /book.xml
2017-10-06 15:21:54,115 INFO []            BasicBook.java:1355 | Book stored as /Users/stephenn/Documents/workspace/nlsomr/xml_out/91386487/91387536/91387536.omr
2017-10-06 15:21:54,120 INFO []            BasicBook.java:996  | Book reaching PAGE on sheets:[#1]
2017-10-06 15:21:54,126 INFO [91387536]       StepMonitoring.java:96   | LOAD
2017-10-06 15:21:54,267 INFO [91387536]            BasicBook.java:911  | Loaded image 1 2000x3056 from /Users/stephenn/Documents/workspace/nlsomr/working/91387536.jpg
2017-10-06 15:21:54,271 INFO [91387536]            ImageUtil.java:82   | Converting max RGB to gray ...
2017-10-06 15:21:54,506 INFO [91387536]            BasicBook.java:1395 | Stored /book.xml
2017-10-06 15:21:54,818 INFO [91387536]           BasicSheet.java:979  | Stored /sheet#1/sheet#1.xml
2017-10-06 15:21:54,819 INFO [91387536]       StepMonitoring.java:96   | BINARY
2017-10-06 15:21:55,401 INFO [91387536]            BasicBook.java:1395 | Stored /book.xml
2017-10-06 15:21:55,706 INFO [91387536]              Picture.java:786  | Stored /sheet#1/BINARY.xml
2017-10-06 15:21:55,708 INFO [91387536]           BasicSheet.java:979  | Stored /sheet#1/sheet#1.xml
2017-10-06 15:21:55,710 INFO [91387536]       StepMonitoring.java:96   | SCALE
2017-10-06 15:21:55,768 INFO [91387536]         ScaleBuilder.java:229  | No beam key found, guessed value 10
2017-10-06 15:21:55,769 INFO [91387536]            ScaleStep.java:87   | Scale{line(4,5,6) interline(16,17,17) beam(10 extra)}
2017-10-06 15:21:55,771 INFO [91387536]            BasicBook.java:1395 | Stored /book.xml
2017-10-06 15:21:55,773 INFO [91387536]           BasicSheet.java:979  | Stored /sheet#1/sheet#1.xml
2017-10-06 15:21:55,776 INFO [91387536]       StepMonitoring.java:96   | GRID
2017-10-06 15:21:56,556 INFO [91387536]       LinesRetriever.java:442  | Global slope: 0.00067
2017-10-06 15:21:56,671 INFO [91387536]    ClustersRetriever.java:241  | Retrieved line clusters: 10 of size: 5 with interline: (16,17,17)
2017-10-06 15:21:57,131 INFO [91387536]            PeakGraph.java:181  | Systems: #1[1, 2] #2[3, 4] #3[5, 6] #4[7, 8] #5[9, 10]
2017-10-06 15:21:57,973 INFO [91387536]        SystemManager.java:626  | Indentation detected for system#1
2017-10-06 15:21:57,974 INFO [91387536]        SystemManager.java:709  | 1 part along 5 systems
2017-10-06 15:21:57,978 INFO [91387536]            BasicBook.java:1395 | Stored /book.xml
2017-10-06 15:21:58,169 INFO [91387536]           BasicSheet.java:979  | Stored /sheet#1/sheet#1.xml
2017-10-06 15:21:58,173 INFO [91387536]       StepMonitoring.java:96   | HEADERS
2017-10-06 15:21:58,607 INFO []          Nd4jBackend.java:194  | Loaded [CpuBackend] backend
2017-10-06 15:21:58,675 INFO []      NativeOpsHolder.java:49   | Number of threads used for NativeOps: 2
2017-10-06 15:21:59,226 INFO [] DefaultOpExecutioner.java:544  | Backend used: [CPU]; OS: [Mac OS X]
2017-10-06 15:21:59,226 INFO [] DefaultOpExecutioner.java:545  | Cores: [4]; Memory: [3.6GB];
2017-10-06 15:21:59,227 INFO [] DefaultOpExecutioner.java:546  | Blas vendor: [OPENBLAS]
2017-10-06 15:21:59,275 INFO []   AbstractClassifier.java:332  | Classifier data loaded from default uri jar:file:/Users/stephenn/Documents/workspace/audiveris/build/distributions/Audiveris/lib/audiveris.jar!/res/basic-classifier.zip
2017-10-06 15:22:02,401 WARN [91387536]          ClefBuilder.java:560  | Staff#8 no header clef.
2017-10-06 15:22:02,703 INFO []   AbstractClassifier.java:332  | Classifier data loaded from default uri jar:file:/Users/stephenn/Documents/workspace/audiveris/build/distributions/Audiveris/lib/audiveris.jar!/res/deep-classifier.zip
2017-10-06 15:22:02,785 INFO [91387536]            BasicBook.java:1395 | Stored /book.xml
2017-10-06 15:22:03,092 INFO [91387536]           BasicSheet.java:979  | Stored /sheet#1/sheet#1.xml
2017-10-06 15:22:03,095 INFO [91387536]       StepMonitoring.java:96   | STEM_SEEDS
2017-10-06 15:22:03,210 INFO [91387536]        StemSeedsStep.java:91   | stem(4 max:6)
2017-10-06 15:22:03,554 INFO [91387536]            BasicBook.java:1395 | Stored /book.xml
2017-10-06 15:22:03,824 INFO [91387536]           BasicSheet.java:979  | Stored /sheet#1/sheet#1.xml
2017-10-06 15:22:03,827 INFO [91387536]       StepMonitoring.java:96   | BEAMS
2017-10-06 15:22:07,459 INFO [91387536]            BeamsStep.java:89   | BeamDistance{count:33 mean:15.65 stdDev:1.22}
2017-10-06 15:22:07,461 INFO [91387536]            BasicBook.java:1395 | Stored /book.xml
2017-10-06 15:22:07,531 INFO [91387536]              Picture.java:786  | Stored /sheet#1/HEAD_SPOTS.xml
2017-10-06 15:22:07,977 INFO [91387536]           BasicSheet.java:979  | Stored /sheet#1/sheet#1.xml
2017-10-06 15:22:07,980 INFO [91387536]       StepMonitoring.java:96   | LEDGERS
2017-10-06 15:22:08,603 INFO [91387536]            BasicBook.java:1395 | Stored /book.xml
2017-10-06 15:22:09,238 INFO [91387536]           BasicSheet.java:979  | Stored /sheet#1/sheet#1.xml
2017-10-06 15:22:09,240 INFO [91387536]       StepMonitoring.java:96   | HEADS
2017-10-06 15:22:12,000 INFO [91387536]            BasicBook.java:1395 | Stored /book.xml
2017-10-06 15:22:12,856 INFO [91387536]           BasicSheet.java:979  | Stored /sheet#1/sheet#1.xml
2017-10-06 15:22:12,858 INFO [91387536]       StepMonitoring.java:96   | STEMS
2017-10-06 15:22:14,898 INFO [91387536]            BasicBook.java:1395 | Stored /book.xml
2017-10-06 15:22:15,947 INFO [91387536]           BasicSheet.java:979  | Stored /sheet#1/sheet#1.xml
2017-10-06 15:22:15,950 INFO [91387536]       StepMonitoring.java:96   | REDUCTION
2017-10-06 15:22:17,014 INFO [91387536]            BasicBook.java:1395 | Stored /book.xml
2017-10-06 15:22:17,811 INFO [91387536]           BasicSheet.java:979  | Stored /sheet#1/sheet#1.xml
2017-10-06 15:22:17,814 INFO [91387536]       StepMonitoring.java:96   | CUE_BEAMS
2017-10-06 15:22:17,817 INFO [91387536]            BasicBook.java:1395 | Stored /book.xml
2017-10-06 15:22:18,513 INFO [91387536]           BasicSheet.java:979  | Stored /sheet#1/sheet#1.xml
2017-10-06 15:22:18,516 INFO [91387536]       StepMonitoring.java:96   | TEXTS
2017-10-06 15:22:20,059 INFO [91387536]            BasicBook.java:1395 | Stored /book.xml
2017-10-06 15:22:20,762 INFO [91387536]           BasicSheet.java:979  | Stored /sheet#1/sheet#1.xml
2017-10-06 15:22:20,764 INFO [91387536]       StepMonitoring.java:96   | MEASURES
2017-10-06 15:22:20,768 INFO [91387536]                 Page.java:210  | 15 raw measures: [3 in system#1, 3 in system#2, 3 in system#3, 3 in system#4, 3 in system#5]
2017-10-06 15:22:20,770 INFO [91387536]            BasicBook.java:1395 | Stored /book.xml
2017-10-06 15:22:21,451 INFO [91387536]           BasicSheet.java:979  | Stored /sheet#1/sheet#1.xml
2017-10-06 15:22:21,454 INFO [91387536]       StepMonitoring.java:96   | CHORDS
2017-10-06 15:22:21,459 INFO [91387536]        ChordsBuilder.java:249  | Deleting StemInter{#4873(0.655/0.725)} on LEFT side of HeadInter{#2706(0.359/0.554) s:3 p:5.00 NOTEHEAD_BLACK_SMALL}
2017-10-06 15:22:21,469 INFO [91387536]            BasicBook.java:1395 | Stored /book.xml
2017-10-06 15:22:22,212 INFO [91387536]           BasicSheet.java:979  | Stored /sheet#1/sheet#1.xml
2017-10-06 15:22:22,214 INFO [91387536]       StepMonitoring.java:96   | CURVES
2017-10-06 15:22:23,802 INFO [91387536]         SlursBuilder.java:762  | RIGHT collision SlurInter{#5380(0.583)} & SlurInter{#5417(0.257)} @ HeadInter{#1959(0.650/0.853) e#5158 s:1 p:1.00 NOTEHEAD_BLACK}
2017-10-06 15:22:23,802 INFO [91387536]         SlursBuilder.java:762  | RIGHT collision SlurInter{#5417(0.257)} & SlurInter{#5380(0.583)} @ HeadInter{#1959(0.650/0.853) e#5158 s:1 p:1.00 NOTEHEAD_BLACK}
2017-10-06 15:22:23,803 INFO [91387536]         SlursBuilder.java:762  | LEFT collision SlurInter{#5316(0.577)} & SlurInter{#5403(0.426)} @ HeadInter{#3196(0.589/0.824) e#5211 s:5 p:4.00 NOTEHEAD_BLACK}
2017-10-06 15:22:23,804 INFO [91387536]         SlursBuilder.java:762  | LEFT collision SlurInter{#5367(0.657)} & SlurInter{#5399(0.421)} @ HeadInter{#3046(0.611/0.789) e#5208 s:5 p:0.00 NOTEHEAD_BLACK}
2017-10-06 15:22:23,804 INFO [91387536]         SlursBuilder.java:762  | LEFT collision SlurInter{#5399(0.421)} & SlurInter{#5367(0.657)} @ HeadInter{#3046(0.611/0.789) e#5208 s:5 p:0.00 NOTEHEAD_BLACK}
2017-10-06 15:22:23,805 INFO [91387536]         SlursBuilder.java:762  | LEFT collision SlurInter{#5403(0.426)} & SlurInter{#5316(0.577)} @ HeadInter{#3196(0.589/0.824) e#5211 s:5 p:4.00 NOTEHEAD_BLACK}
2017-10-06 15:22:23,806 INFO [91387536]         SlursBuilder.java:157  | Slurs: 28
2017-10-06 15:22:23,841 INFO [91387536]      SegmentsBuilder.java:113  | Segments: 33
2017-10-06 15:22:23,849 INFO [91387536]            BasicBook.java:1395 | Stored /book.xml
2017-10-06 15:22:24,860 INFO [91387536]           BasicSheet.java:979  | Stored /sheet#1/sheet#1.xml
2017-10-06 15:22:24,862 INFO [91387536]       StepMonitoring.java:96   | SYMBOLS
2017-10-06 15:22:25,539 WARN [91387536]       SymbolsBuilder.java:229  | Error in glyph evaluation java.lang.ClassCastException: org.audiveris.omr.sig.inter.SmallChordInter cannot be cast to org.audiveris.omr.sig.inter.HeadChordInter
java.lang.ClassCastException: org.audiveris.omr.sig.inter.SmallChordInter cannot be cast to org.audiveris.omr.sig.inter.HeadChordInter
	at org.audiveris.omr.sig.inter.ArpeggiatoInter.create(ArpeggiatoInter.java:136)
	at org.audiveris.omr.sheet.symbol.SymbolFactory.create(SymbolFactory.java:220)
	at org.audiveris.omr.sheet.symbol.SymbolsBuilder.evaluateGlyph(SymbolsBuilder.java:227)
	at org.audiveris.omr.sheet.symbol.SymbolsBuilder.processClusters(SymbolsBuilder.java:352)
	at org.audiveris.omr.sheet.symbol.SymbolsBuilder.buildSymbols(SymbolsBuilder.java:164)
	at org.audiveris.omr.sheet.symbol.SymbolsStep.doSystem(SymbolsStep.java:103)
	at org.audiveris.omr.sheet.symbol.SymbolsStep.doSystem(SymbolsStep.java:51)
	at org.audiveris.omr.step.AbstractSystemStep$1.call(AbstractSystemStep.java:198)
	at org.audiveris.omr.step.AbstractSystemStep$1.call(AbstractSystemStep.java:181)
	at org.audiveris.omr.step.AbstractSystemStep.doitPerSystem(AbstractSystemStep.java:219)
	at org.audiveris.omr.step.AbstractSystemStep.doit(AbstractSystemStep.java:106)
	at org.audiveris.omr.step.Step.doit(Step.java:168)
	at org.audiveris.omr.sheet.BasicStub$3.call(BasicStub.java:814)
	at org.audiveris.omr.sheet.BasicStub$3.call(BasicStub.java:802)
	at java.util.concurrent.FutureTask.run(FutureTask.java:266)
	at java.util.concurrent.ThreadPoolExecutor.runWorker(ThreadPoolExecutor.java:1149)
	at java.util.concurrent.ThreadPoolExecutor$Worker.run(ThreadPoolExecutor.java:624)
	at java.lang.Thread.run(Thread.java:748)
2017-10-06 15:22:26,544 INFO [91387536]       SymbolsBuilder.java:340  | Symbol parts shrunk from 12 to 7
2017-10-06 15:22:26,631 INFO [91387536]            BasicBook.java:1395 | Stored /book.xml
2017-10-06 15:22:27,641 INFO [91387536]           BasicSheet.java:979  | Stored /sheet#1/sheet#1.xml
2017-10-06 15:22:27,643 INFO [91387536]       StepMonitoring.java:96   | LINKS
2017-10-06 15:22:27,658 INFO [91387536]        SymbolsLinker.java:323  | No chord above direction SentenceInter{#5143(0.610) s:6 BIS-38 Direction} can dolore
2017-10-06 15:22:27,683 INFO [91387536]            BasicBook.java:1395 | Stored /book.xml
2017-10-06 15:22:28,692 INFO [91387536]           BasicSheet.java:979  | Stored /sheet#1/sheet#1.xml
2017-10-06 15:22:28,694 INFO [91387536]       StepMonitoring.java:96   | RHYTHMS
2017-10-06 15:22:28,740 INFO [91387536]         SlotsBuilder.java:399  | Stack#13 suspicious Slot{#2 xOffset=237 timeOffset=1/8 incomings=[#5269]}
2017-10-06 15:22:28,743 INFO [91387536]         SlotsBuilder.java:399  | Stack#15 suspicious Slot{#2 xOffset=135 timeOffset=1/8 incomings=[#5288]}
2017-10-06 15:22:28,747 INFO [91387536]           PageRhythm.java:314  | Range{1-15 ts:3/4} Durations avgGuess:3/4 topGuess:3/4 avgValue:0.72 stacks:15 voices:44 Histogram{1/8-7/8 size:8 [1/8=4 1/4=10 3/8=6 7/16=2 1/2=1 5/8=4 3/4=16 7/8=1]}
2017-10-06 15:22:28,752 INFO [91387536]                Voice.java:257  | S1 MeasureStack#3 Voice #1 too long 1/8
2017-10-06 15:22:28,753 INFO [91387536]           StackTuner.java:92   | S1 MeasureStack#3 no correct rhythm
2017-10-06 15:22:28,761 INFO [91387536]         SlotsBuilder.java:427  | S3 MeasureStack#7 Slot{#5 xOffset=398 timeOffset=3/4 incomings=[#5211] SUSPICIOUS}
2017-10-06 15:22:28,762 INFO [91387536]                Voice.java:257  | S3 MeasureStack#7 Voice #1 too long 3/8
2017-10-06 15:22:28,763 INFO [91387536]           StackTuner.java:92   | S3 MeasureStack#7 no correct rhythm
2017-10-06 15:22:28,772 INFO [91387536]         SlotsBuilder.java:434  | Stack#13 endless loop detected
2017-10-06 15:22:28,773 INFO [91387536]         SlotsBuilder.java:427  | S5 MeasureStack#14 Slot{#3 xOffset=154 timeOffset=3/8 incomings=[#5282#6244] SUSPICIOUS}
2017-10-06 15:22:28,776 INFO [91387536]         SlotsBuilder.java:427  | S5 MeasureStack#15 Slot{#5 xOffset=237 timeOffset=1/4 incomings=[#5291] SUSPICIOUS}
2017-10-06 15:22:28,777 INFO [91387536]         SlotsBuilder.java:427  | S5 MeasureStack#15 Slot{#7 xOffset=313 timeOffset=3/8 incomings=[#5292] SUSPICIOUS}
2017-10-06 15:22:28,779 WARN [91387536]            BasicStub.java:841  | Error in RHYTHMS java.util.concurrent.ExecutionException: java.lang.NullPointerException
java.util.concurrent.ExecutionException: java.lang.NullPointerException
	at java.util.concurrent.FutureTask.report(FutureTask.java:122)
	at java.util.concurrent.FutureTask.get(FutureTask.java:206)
	at org.audiveris.omr.sheet.BasicStub.doOneStep(BasicStub.java:824)
	at org.audiveris.omr.sheet.BasicStub.reachStep(BasicStub.java:564)
	at org.audiveris.omr.sheet.BasicBook.reachBookStep(BasicBook.java:1063)
	at org.audiveris.omr.sheet.BasicBook.transcribe(BasicBook.java:1446)
	at org.audiveris.omr.sheet.BasicBook.export(BasicBook.java:558)
	at org.audiveris.omr.CLI$ProcessingTask.processBook(CLI.java:785)
	at org.audiveris.omr.CLI$CliTask.call(CLI.java:344)
	at org.audiveris.omr.Main.runBatchTasks(Main.java:316)
	at org.audiveris.omr.Main.main(Main.java:155)
	at Audiveris.main(Audiveris.java:49)
Caused by: java.lang.NullPointerException: null
	at org.audiveris.omr.sheet.rhythm.Voices.getTiedId(Voices.java:366)
	at org.audiveris.omr.sheet.rhythm.Voices.refineSystem(Voices.java:290)
	at org.audiveris.omr.sheet.rhythm.PageRhythm.processRanges(PageRhythm.java:245)
	at org.audiveris.omr.sheet.rhythm.PageRhythm.process(PageRhythm.java:128)
	at org.audiveris.omr.sheet.rhythm.RhythmsStep.doit(RhythmsStep.java:61)
	at org.audiveris.omr.step.Step.doit(Step.java:168)
	at org.audiveris.omr.sheet.BasicStub$3.call(BasicStub.java:814)
	at org.audiveris.omr.sheet.BasicStub$3.call(BasicStub.java:802)
	at java.util.concurrent.FutureTask.run(FutureTask.java:266)
	at java.util.concurrent.ThreadPoolExecutor.runWorker(ThreadPoolExecutor.java:1149)
	at java.util.concurrent.ThreadPoolExecutor$Worker.run(ThreadPoolExecutor.java:624)
	at java.lang.Thread.run(Thread.java:748)
2017-10-06 15:22:28,780 INFO [91387536]            BasicStub.java:846  | Cause java.lang.NullPointerException
2017-10-06 15:22:28,781 INFO [91387536]            BasicStub.java:571  | StepException detected in [LOAD, BINARY, SCALE, GRID, HEADERS, STEM_SEEDS, BEAMS, LEDGERS, HEADS, STEMS, REDUCTION, CUE_BEAMS, TEXTS, MEASURES, CHORDS, CURVES, SYMBOLS, LINKS, RHYTHMS, PAGE]
2017-10-06 15:22:28,784 INFO [91387536]            BasicBook.java:1133 | Scores built: 1
2017-10-06 15:22:29,788 INFO [91387536]        ScoreExporter.java:93   | Score 91387536 exported to /Users/stephenn/Documents/workspace/nlsomr/xml_out/91386487/91387536/91387536.mxl
2017-10-06 15:22:29,980 INFO [91387536]            BasicBook.java:1395 | Stored /book.xml
2017-10-06 15:22:30,801 INFO [91387536]           BasicSheet.java:979  | Stored /sheet#1/sheet#1.xml
2017-10-06 15:22:30,802 INFO [91387536]            BasicBook.java:1355 | Book stored as /Users/stephenn/Documents/workspace/nlsomr/xml_out/91386487/91387536/91387536.omr
