2017-10-06 15:27:02,383 INFO [91387608]            BasicBook.java:427  | 1 sheet in /Users/stephenn/Documents/workspace/nlsomr/working/91387608.jpg
2017-10-06 15:27:02,536 INFO []            BasicBook.java:1395 | Stored /book.xml
2017-10-06 15:27:02,537 INFO []            BasicBook.java:1355 | Book stored as /Users/stephenn/Documents/workspace/nlsomr/xml_out/91386487/91387608/91387608.omr
2017-10-06 15:27:02,542 INFO []            BasicBook.java:996  | Book reaching PAGE on sheets:[#1]
2017-10-06 15:27:02,544 INFO [91387608]       StepMonitoring.java:96   | LOAD
2017-10-06 15:27:02,692 INFO [91387608]            BasicBook.java:911  | Loaded image 1 2000x3056 from /Users/stephenn/Documents/workspace/nlsomr/working/91387608.jpg
2017-10-06 15:27:02,695 INFO [91387608]            ImageUtil.java:82   | Converting max RGB to gray ...
2017-10-06 15:27:02,956 INFO [91387608]            BasicBook.java:1395 | Stored /book.xml
2017-10-06 15:27:03,285 INFO [91387608]           BasicSheet.java:979  | Stored /sheet#1/sheet#1.xml
2017-10-06 15:27:03,287 INFO [91387608]       StepMonitoring.java:96   | BINARY
2017-10-06 15:27:03,872 INFO [91387608]            BasicBook.java:1395 | Stored /book.xml
2017-10-06 15:27:04,212 INFO [91387608]              Picture.java:786  | Stored /sheet#1/BINARY.xml
2017-10-06 15:27:04,213 INFO [91387608]           BasicSheet.java:979  | Stored /sheet#1/sheet#1.xml
2017-10-06 15:27:04,219 INFO [91387608]       StepMonitoring.java:96   | SCALE
2017-10-06 15:27:04,269 INFO [91387608]         ScaleBuilder.java:229  | No beam key found, guessed value 10
2017-10-06 15:27:04,270 INFO [91387608]            ScaleStep.java:87   | Scale{line(4,5,6) interline(16,17,17) beam(10 extra)}
2017-10-06 15:27:04,273 INFO [91387608]            BasicBook.java:1395 | Stored /book.xml
2017-10-06 15:27:04,281 INFO [91387608]           BasicSheet.java:979  | Stored /sheet#1/sheet#1.xml
2017-10-06 15:27:04,284 INFO [91387608]       StepMonitoring.java:96   | GRID
2017-10-06 15:27:05,255 INFO [91387608]       LinesRetriever.java:442  | Global slope: 0.00100
2017-10-06 15:27:05,400 INFO [91387608]    ClustersRetriever.java:241  | Retrieved line clusters: 12 of size: 5 with interline: (16,17,17)
2017-10-06 15:27:06,031 INFO [91387608]            PeakGraph.java:181  | Systems: #1[1, 2] #2[3, 4] #3[5, 6] #4[7, 8] #5[9, 10] #6[11, 12]
2017-10-06 15:27:07,084 INFO [91387608]        SystemManager.java:626  | Indentation detected for system#1
2017-10-06 15:27:07,085 INFO [91387608]        SystemManager.java:626  | Indentation detected for system#5
2017-10-06 15:27:07,086 INFO [91387608]        SystemManager.java:671  | 2 pages found in sheet
2017-10-06 15:27:07,087 INFO [91387608]        SystemManager.java:709  | Page #1: 1 part along 4 systems
2017-10-06 15:27:07,087 INFO [91387608]        SystemManager.java:709  | Page #2: 1 part along 2 systems
2017-10-06 15:27:07,093 INFO [91387608]            BasicBook.java:1395 | Stored /book.xml
2017-10-06 15:27:07,342 INFO [91387608]           BasicSheet.java:979  | Stored /sheet#1/sheet#1.xml
2017-10-06 15:27:07,345 INFO [91387608]       StepMonitoring.java:96   | HEADERS
2017-10-06 15:27:07,769 INFO []          Nd4jBackend.java:194  | Loaded [CpuBackend] backend
2017-10-06 15:27:07,829 INFO []      NativeOpsHolder.java:49   | Number of threads used for NativeOps: 2
2017-10-06 15:27:08,254 INFO [] DefaultOpExecutioner.java:544  | Backend used: [CPU]; OS: [Mac OS X]
2017-10-06 15:27:08,254 INFO [] DefaultOpExecutioner.java:545  | Cores: [4]; Memory: [3.6GB];
2017-10-06 15:27:08,255 INFO [] DefaultOpExecutioner.java:546  | Blas vendor: [OPENBLAS]
2017-10-06 15:27:08,300 INFO []   AbstractClassifier.java:332  | Classifier data loaded from default uri jar:file:/Users/stephenn/Documents/workspace/audiveris/build/distributions/Audiveris/lib/audiveris.jar!/res/basic-classifier.zip
2017-10-06 15:27:09,807 WARN [91387608]          ClefBuilder.java:560  | Staff#2 no header clef.
2017-10-06 15:27:10,767 WARN [91387608]          ClefBuilder.java:560  | Staff#6 no header clef.
2017-10-06 15:27:10,909 WARN [91387608]          ClefBuilder.java:560  | Staff#8 no header clef.
2017-10-06 15:27:11,043 WARN [91387608]          ClefBuilder.java:560  | Staff#10 no header clef.
2017-10-06 15:27:11,290 WARN [91387608]          ClefBuilder.java:560  | Staff#12 no header clef.
2017-10-06 15:27:11,422 INFO [91387608]            BasicBook.java:1395 | Stored /book.xml
2017-10-06 15:27:11,446 INFO []   AbstractClassifier.java:332  | Classifier data loaded from default uri jar:file:/Users/stephenn/Documents/workspace/audiveris/build/distributions/Audiveris/lib/audiveris.jar!/res/deep-classifier.zip
2017-10-06 15:27:11,741 INFO [91387608]           BasicSheet.java:979  | Stored /sheet#1/sheet#1.xml
2017-10-06 15:27:11,744 INFO [91387608]       StepMonitoring.java:96   | STEM_SEEDS
2017-10-06 15:27:11,841 INFO [91387608]        StemSeedsStep.java:91   | stem(4 max:5)
2017-10-06 15:27:11,946 INFO [91387608]            BasicBook.java:1395 | Stored /book.xml
2017-10-06 15:27:12,243 INFO [91387608]           BasicSheet.java:979  | Stored /sheet#1/sheet#1.xml
2017-10-06 15:27:12,246 INFO [91387608]       StepMonitoring.java:96   | BEAMS
2017-10-06 15:27:16,512 INFO [91387608]            BeamsStep.java:89   | BeamDistance{count:10 mean:15.25 stdDev:0.90}
2017-10-06 15:27:16,519 INFO [91387608]            BasicBook.java:1395 | Stored /book.xml
2017-10-06 15:27:16,589 INFO [91387608]              Picture.java:786  | Stored /sheet#1/HEAD_SPOTS.xml
2017-10-06 15:27:17,042 INFO [91387608]           BasicSheet.java:979  | Stored /sheet#1/sheet#1.xml
2017-10-06 15:27:17,045 INFO [91387608]       StepMonitoring.java:96   | LEDGERS
2017-10-06 15:27:17,583 INFO [91387608]            BasicBook.java:1395 | Stored /book.xml
2017-10-06 15:27:18,048 INFO [91387608]           BasicSheet.java:979  | Stored /sheet#1/sheet#1.xml
2017-10-06 15:27:18,050 INFO [91387608]       StepMonitoring.java:96   | HEADS
2017-10-06 15:27:20,512 INFO [91387608]            BasicBook.java:1395 | Stored /book.xml
2017-10-06 15:27:21,502 INFO [91387608]           BasicSheet.java:979  | Stored /sheet#1/sheet#1.xml
2017-10-06 15:27:21,505 INFO [91387608]       StepMonitoring.java:96   | STEMS
2017-10-06 15:27:23,137 INFO [91387608]            BasicBook.java:1395 | Stored /book.xml
2017-10-06 15:27:24,131 INFO [91387608]           BasicSheet.java:979  | Stored /sheet#1/sheet#1.xml
2017-10-06 15:27:24,134 INFO [91387608]       StepMonitoring.java:96   | REDUCTION
2017-10-06 15:27:24,543 INFO [91387608]            BasicBook.java:1395 | Stored /book.xml
2017-10-06 15:27:25,257 INFO [91387608]           BasicSheet.java:979  | Stored /sheet#1/sheet#1.xml
2017-10-06 15:27:25,259 INFO [91387608]       StepMonitoring.java:96   | CUE_BEAMS
2017-10-06 15:27:25,262 INFO [91387608]            BasicBook.java:1395 | Stored /book.xml
2017-10-06 15:27:26,012 INFO [91387608]           BasicSheet.java:979  | Stored /sheet#1/sheet#1.xml
2017-10-06 15:27:26,018 INFO [91387608]       StepMonitoring.java:96   | TEXTS
2017-10-06 15:27:27,867 INFO [91387608]            BasicBook.java:1395 | Stored /book.xml
2017-10-06 15:27:28,590 INFO [91387608]           BasicSheet.java:979  | Stored /sheet#1/sheet#1.xml
2017-10-06 15:27:28,593 INFO [91387608]       StepMonitoring.java:96   | MEASURES
2017-10-06 15:27:28,597 INFO [91387608]                 Page.java:210  | 17 raw measures: [5 in system#1, 4 in system#2, 4 in system#3, 4 in system#4]
2017-10-06 15:27:28,597 INFO [91387608]                 Page.java:210  | 9 raw measures: [5 in system#5, 4 in system#6]
2017-10-06 15:27:28,599 INFO [91387608]            BasicBook.java:1395 | Stored /book.xml
2017-10-06 15:27:29,363 INFO [91387608]           BasicSheet.java:979  | Stored /sheet#1/sheet#1.xml
2017-10-06 15:27:29,365 INFO [91387608]       StepMonitoring.java:96   | CHORDS
2017-10-06 15:27:29,384 INFO [91387608]            BasicBook.java:1395 | Stored /book.xml
2017-10-06 15:27:30,162 INFO [91387608]           BasicSheet.java:979  | Stored /sheet#1/sheet#1.xml
2017-10-06 15:27:30,164 INFO [91387608]       StepMonitoring.java:96   | CURVES
2017-10-06 15:27:31,703 INFO [91387608]         SlursBuilder.java:157  | Slurs: 34
2017-10-06 15:27:31,724 INFO [91387608]      SegmentsBuilder.java:113  | Segments: 12
2017-10-06 15:27:31,731 INFO [91387608]            BasicBook.java:1395 | Stored /book.xml
2017-10-06 15:27:32,471 INFO [91387608]           BasicSheet.java:979  | Stored /sheet#1/sheet#1.xml
2017-10-06 15:27:32,473 INFO [91387608]       StepMonitoring.java:96   | SYMBOLS
2017-10-06 15:27:32,994 INFO [91387608]       SymbolsBuilder.java:340  | Symbol parts shrunk from 9 to 7
2017-10-06 15:27:34,394 INFO [91387608]            BasicBook.java:1395 | Stored /book.xml
2017-10-06 15:27:35,217 INFO [91387608]           BasicSheet.java:979  | Stored /sheet#1/sheet#1.xml
2017-10-06 15:27:35,219 INFO [91387608]       StepMonitoring.java:96   | LINKS
2017-10-06 15:27:35,229 INFO [91387608]        SymbolsLinker.java:323  | No chord above direction SentenceInter{#5276(0.678) s:4 IS-40 Direction} rull
2017-10-06 15:27:35,244 INFO [91387608]        SymbolsLinker.java:323  | No chord above direction SentenceInter{#5317(0.662) s:9 BS-38 Direction} 125
2017-10-06 15:27:35,244 INFO [91387608]        SymbolsLinker.java:306  | No measure stack for direction SentenceInter{#5325(0.557) s:9 BS-35 Direction} 92.
2017-10-06 15:27:35,264 INFO [91387608]            BasicBook.java:1395 | Stored /book.xml
2017-10-06 15:27:36,158 INFO [91387608]           BasicSheet.java:979  | Stored /sheet#1/sheet#1.xml
2017-10-06 15:27:36,161 INFO [91387608]       StepMonitoring.java:96   | RHYTHMS
2017-10-06 15:27:36,176 INFO [91387608]         SlotsBuilder.java:434  | Stack#5 endless loop detected
2017-10-06 15:27:36,178 INFO [91387608]         SlotsBuilder.java:399  | Stack#7 suspicious Slot{#2 xOffset=135 timeOffset=1/8 incomings=[#5387]}
2017-10-06 15:27:36,181 INFO [91387608]         SlotsBuilder.java:399  | Stack#9 suspicious Slot{#4 xOffset=281 timeOffset=3/8 incomings=[#5397]}
2017-10-06 15:27:36,183 INFO [91387608]         SlotsBuilder.java:399  | Stack#10 suspicious Slot{#4 xOffset=358 timeOffset=3/8 incomings=[#5418]}
2017-10-06 15:27:36,185 INFO [91387608]         SlotsBuilder.java:399  | Stack#11 suspicious Slot{#2 xOffset=143 timeOffset=1/8 incomings=[#5420]}
2017-10-06 15:27:36,195 INFO [91387608]           PageRhythm.java:314  | Range{1-17 ts:2/4} Durations avgGuess:1/2 topGuess:1/2 avgValue:0.50 stacks:17 voices:36 Histogram{1/8-1/2 size:5 [1/8=3 3/16=1 1/4=4 3/8=3 1/2=25]}
2017-10-06 15:27:36,203 INFO [91387608]         SlotsBuilder.java:434  | Stack#5 endless loop detected
2017-10-06 15:27:36,205 INFO [91387608]         SlotsBuilder.java:427  | S2 MeasureStack#6 Slot{#3 xOffset=213 timeOffset=1/4 incomings=[#5367] SUSPICIOUS}
2017-10-06 15:27:36,206 INFO [91387608]         SlotsBuilder.java:434  | Stack#6 endless loop detected
2017-10-06 15:27:36,208 INFO [91387608]         SlotsBuilder.java:427  | S2 MeasureStack#7 Slot{#5 xOffset=234 timeOffset=1/4 incomings=[#5388] SUSPICIOUS}
2017-10-06 15:27:36,208 INFO [91387608]         SlotsBuilder.java:427  | S2 MeasureStack#7 Slot{#7 xOffset=303 timeOffset=3/8 incomings=[#5389] SUSPICIOUS}
2017-10-06 15:27:36,240 INFO [91387608]           PageRhythm.java:314  | Range{1-9 ts:4/4} Durations avgGuess:1 topGuess:1 avgValue:0.91 stacks:9 voices:23 Histogram{1/8-5/4 size:5 [1/8=2 1/2=5 1=12 9/8=3 5/4=1]}
2017-10-06 15:27:36,246 INFO [91387608]         SlotsBuilder.java:427  | S5 MeasureStack#4 Slot{#4 xOffset=130 timeOffset=1/2 incomings=[#5502] SUSPICIOUS}
2017-10-06 15:27:36,247 INFO [91387608]                Voice.java:257  | S5 MeasureStack#4 Voice #1 too long 1/4
2017-10-06 15:27:36,247 INFO [91387608]                Voice.java:257  | S5 MeasureStack#4 Voice #2 too long 1/4
2017-10-06 15:27:36,248 INFO [91387608]           StackTuner.java:92   | S5 MeasureStack#4 no correct rhythm
2017-10-06 15:27:36,249 INFO [91387608]                Voice.java:257  | S5 MeasureStack#5 Voice #1 too long 1/4
2017-10-06 15:27:36,249 INFO [91387608]           StackTuner.java:92   | S5 MeasureStack#5 no correct rhythm
2017-10-06 15:27:36,252 INFO [91387608]                Voice.java:257  | S6 MeasureStack#6 Voice #1 too long 1/8
2017-10-06 15:27:36,252 INFO [91387608]                Voice.java:257  | S6 MeasureStack#6 Voice #2 too long 1/8
2017-10-06 15:27:36,253 INFO [91387608]                Voice.java:257  | S6 MeasureStack#6 Voice #3 too long 1/8
2017-10-06 15:27:36,253 INFO [91387608]           StackTuner.java:92   | S6 MeasureStack#6 no correct rhythm
2017-10-06 15:27:36,256 INFO [91387608]         SlotsBuilder.java:427  | S6 MeasureStack#7 Slot{#9 xOffset=399 timeOffset=1 incomings=[#5542] SUSPICIOUS}
2017-10-06 15:27:36,257 INFO [91387608]                Voice.java:257  | S6 MeasureStack#7 Voice #2 too long 1/8
2017-10-06 15:27:36,257 INFO [91387608]           StackTuner.java:92   | S6 MeasureStack#7 no correct rhythm
2017-10-06 15:27:36,261 INFO [91387608]            BasicBook.java:1395 | Stored /book.xml
2017-10-06 15:27:37,149 INFO [91387608]           BasicSheet.java:979  | Stored /sheet#1/sheet#1.xml
2017-10-06 15:27:37,151 INFO [91387608]       StepMonitoring.java:96   | PAGE
2017-10-06 15:27:37,156 INFO [91387608]                Voice.java:257  | S5 MeasureStack#4 Voice #1 too long 1/4
2017-10-06 15:27:37,156 INFO [91387608]                Voice.java:257  | S5 MeasureStack#4 Voice #2 too long 1/4
2017-10-06 15:27:37,157 INFO [91387608]                Voice.java:257  | S5 MeasureStack#5 Voice #1 too long 1/4
2017-10-06 15:27:37,157 INFO [91387608]                Voice.java:257  | S6 MeasureStack#6 Voice #1 too long 1/8
2017-10-06 15:27:37,157 INFO [91387608]                Voice.java:257  | S6 MeasureStack#6 Voice #2 too long 1/8
2017-10-06 15:27:37,157 INFO [91387608]                Voice.java:257  | S6 MeasureStack#6 Voice #3 too long 1/8
2017-10-06 15:27:37,158 INFO [91387608]                Voice.java:257  | S6 MeasureStack#7 Voice #2 too long 1/8
2017-10-06 15:27:37,159 INFO [91387608]            BasicBook.java:1395 | Stored /book.xml
2017-10-06 15:27:38,019 INFO [91387608]           BasicSheet.java:979  | Stored /sheet#1/sheet#1.xml
2017-10-06 15:27:38,022 INFO [91387608]            BasicStub.java:723  | Sheet{91387608} disposed
2017-10-06 15:27:39,050 INFO [91387608]            BasicStub.java:449  | Loaded /sheet#1/sheet#1.xml
2017-10-06 15:27:39,052 INFO [91387608]            BasicBook.java:1133 | Scores built: 2
2017-10-06 15:27:40,048 WARN [91387608]      PartwiseBuilder.java:1379 | Error visiting null
java.lang.NullPointerException: null
	at org.audiveris.omr.score.PartwiseBuilder.processKey(PartwiseBuilder.java:1344)
	at org.audiveris.omr.score.PartwiseBuilder.processKeys(PartwiseBuilder.java:1407)
	at org.audiveris.omr.score.PartwiseBuilder.processMeasure(PartwiseBuilder.java:1575)
	at org.audiveris.omr.score.PartwiseBuilder.processPart(PartwiseBuilder.java:1988)
	at org.audiveris.omr.score.PartwiseBuilder.processSystem(PartwiseBuilder.java:2528)
	at org.audiveris.omr.score.PartwiseBuilder.processLogicalPart(PartwiseBuilder.java:1433)
	at org.audiveris.omr.score.PartwiseBuilder.processStub(PartwiseBuilder.java:2483)
	at org.audiveris.omr.score.PartwiseBuilder.processPartList(PartwiseBuilder.java:2017)
	at org.audiveris.omr.score.PartwiseBuilder.processScore(PartwiseBuilder.java:2195)
	at org.audiveris.omr.score.PartwiseBuilder.build(PartwiseBuilder.java:307)
	at org.audiveris.omr.score.ScoreExporter.export(ScoreExporter.java:117)
	at org.audiveris.omr.score.ScoreExporter.export(ScoreExporter.java:91)
	at org.audiveris.omr.sheet.BasicBook.export(BasicBook.java:589)
	at org.audiveris.omr.CLI$ProcessingTask.processBook(CLI.java:785)
	at org.audiveris.omr.CLI$CliTask.call(CLI.java:344)
	at org.audiveris.omr.Main.runBatchTasks(Main.java:316)
	at org.audiveris.omr.Main.main(Main.java:155)
	at Audiveris.main(Audiveris.java:49)
2017-10-06 15:27:40,061 WARN [91387608]      PartwiseBuilder.java:1379 | Error visiting null
java.lang.NullPointerException: null
	at org.audiveris.omr.score.PartwiseBuilder.processKey(PartwiseBuilder.java:1344)
	at org.audiveris.omr.score.PartwiseBuilder.processKeys(PartwiseBuilder.java:1407)
	at org.audiveris.omr.score.PartwiseBuilder.processMeasure(PartwiseBuilder.java:1575)
	at org.audiveris.omr.score.PartwiseBuilder.processPart(PartwiseBuilder.java:1988)
	at org.audiveris.omr.score.PartwiseBuilder.processSystem(PartwiseBuilder.java:2528)
	at org.audiveris.omr.score.PartwiseBuilder.processLogicalPart(PartwiseBuilder.java:1433)
	at org.audiveris.omr.score.PartwiseBuilder.processStub(PartwiseBuilder.java:2483)
	at org.audiveris.omr.score.PartwiseBuilder.processPartList(PartwiseBuilder.java:2017)
	at org.audiveris.omr.score.PartwiseBuilder.processScore(PartwiseBuilder.java:2195)
	at org.audiveris.omr.score.PartwiseBuilder.build(PartwiseBuilder.java:307)
	at org.audiveris.omr.score.ScoreExporter.export(ScoreExporter.java:117)
	at org.audiveris.omr.score.ScoreExporter.export(ScoreExporter.java:91)
	at org.audiveris.omr.sheet.BasicBook.export(BasicBook.java:589)
	at org.audiveris.omr.CLI$ProcessingTask.processBook(CLI.java:785)
	at org.audiveris.omr.CLI$CliTask.call(CLI.java:344)
	at org.audiveris.omr.Main.runBatchTasks(Main.java:316)
	at org.audiveris.omr.Main.main(Main.java:155)
	at Audiveris.main(Audiveris.java:49)
2017-10-06 15:27:40,066 WARN [91387608]      PartwiseBuilder.java:1379 | Error visiting null
java.lang.NullPointerException: null
	at org.audiveris.omr.score.PartwiseBuilder.processKey(PartwiseBuilder.java:1344)
	at org.audiveris.omr.score.PartwiseBuilder.processKeys(PartwiseBuilder.java:1407)
	at org.audiveris.omr.score.PartwiseBuilder.processMeasure(PartwiseBuilder.java:1575)
	at org.audiveris.omr.score.PartwiseBuilder.processPart(PartwiseBuilder.java:1988)
	at org.audiveris.omr.score.PartwiseBuilder.processSystem(PartwiseBuilder.java:2528)
	at org.audiveris.omr.score.PartwiseBuilder.processLogicalPart(PartwiseBuilder.java:1433)
	at org.audiveris.omr.score.PartwiseBuilder.processStub(PartwiseBuilder.java:2483)
	at org.audiveris.omr.score.PartwiseBuilder.processPartList(PartwiseBuilder.java:2017)
	at org.audiveris.omr.score.PartwiseBuilder.processScore(PartwiseBuilder.java:2195)
	at org.audiveris.omr.score.PartwiseBuilder.build(PartwiseBuilder.java:307)
	at org.audiveris.omr.score.ScoreExporter.export(ScoreExporter.java:117)
	at org.audiveris.omr.score.ScoreExporter.export(ScoreExporter.java:91)
	at org.audiveris.omr.sheet.BasicBook.export(BasicBook.java:589)
	at org.audiveris.omr.CLI$ProcessingTask.processBook(CLI.java:785)
	at org.audiveris.omr.CLI$CliTask.call(CLI.java:344)
	at org.audiveris.omr.Main.runBatchTasks(Main.java:316)
	at org.audiveris.omr.Main.main(Main.java:155)
	at Audiveris.main(Audiveris.java:49)
2017-10-06 15:27:40,124 INFO [91387608]        ScoreExporter.java:93   | Score 91387608.mvt1 exported to /Users/stephenn/Documents/workspace/nlsomr/xml_out/91386487/91387608/91387608.mvt1.mxl
2017-10-06 15:27:40,126 WARN [91387608]      PartwiseBuilder.java:1379 | Error visiting null
java.lang.NullPointerException: null
	at org.audiveris.omr.score.PartwiseBuilder.processKey(PartwiseBuilder.java:1344)
	at org.audiveris.omr.score.PartwiseBuilder.processKeys(PartwiseBuilder.java:1407)
	at org.audiveris.omr.score.PartwiseBuilder.processMeasure(PartwiseBuilder.java:1575)
	at org.audiveris.omr.score.PartwiseBuilder.processPart(PartwiseBuilder.java:1988)
	at org.audiveris.omr.score.PartwiseBuilder.processSystem(PartwiseBuilder.java:2528)
	at org.audiveris.omr.score.PartwiseBuilder.processLogicalPart(PartwiseBuilder.java:1433)
	at org.audiveris.omr.score.PartwiseBuilder.processStub(PartwiseBuilder.java:2483)
	at org.audiveris.omr.score.PartwiseBuilder.processPartList(PartwiseBuilder.java:2017)
	at org.audiveris.omr.score.PartwiseBuilder.processScore(PartwiseBuilder.java:2195)
	at org.audiveris.omr.score.PartwiseBuilder.build(PartwiseBuilder.java:307)
	at org.audiveris.omr.score.ScoreExporter.export(ScoreExporter.java:117)
	at org.audiveris.omr.score.ScoreExporter.export(ScoreExporter.java:91)
	at org.audiveris.omr.sheet.BasicBook.export(BasicBook.java:589)
	at org.audiveris.omr.CLI$ProcessingTask.processBook(CLI.java:785)
	at org.audiveris.omr.CLI$CliTask.call(CLI.java:344)
	at org.audiveris.omr.Main.runBatchTasks(Main.java:316)
	at org.audiveris.omr.Main.main(Main.java:155)
	at Audiveris.main(Audiveris.java:49)
2017-10-06 15:27:40,133 WARN [91387608]      PartwiseBuilder.java:1379 | Error visiting null
java.lang.NullPointerException: null
	at org.audiveris.omr.score.PartwiseBuilder.processKey(PartwiseBuilder.java:1344)
	at org.audiveris.omr.score.PartwiseBuilder.processKeys(PartwiseBuilder.java:1407)
	at org.audiveris.omr.score.PartwiseBuilder.processMeasure(PartwiseBuilder.java:1575)
	at org.audiveris.omr.score.PartwiseBuilder.processPart(PartwiseBuilder.java:1988)
	at org.audiveris.omr.score.PartwiseBuilder.processSystem(PartwiseBuilder.java:2528)
	at org.audiveris.omr.score.PartwiseBuilder.processLogicalPart(PartwiseBuilder.java:1433)
	at org.audiveris.omr.score.PartwiseBuilder.processStub(PartwiseBuilder.java:2483)
	at org.audiveris.omr.score.PartwiseBuilder.processPartList(PartwiseBuilder.java:2017)
	at org.audiveris.omr.score.PartwiseBuilder.processScore(PartwiseBuilder.java:2195)
	at org.audiveris.omr.score.PartwiseBuilder.build(PartwiseBuilder.java:307)
	at org.audiveris.omr.score.ScoreExporter.export(ScoreExporter.java:117)
	at org.audiveris.omr.score.ScoreExporter.export(ScoreExporter.java:91)
	at org.audiveris.omr.sheet.BasicBook.export(BasicBook.java:589)
	at org.audiveris.omr.CLI$ProcessingTask.processBook(CLI.java:785)
	at org.audiveris.omr.CLI$CliTask.call(CLI.java:344)
	at org.audiveris.omr.Main.runBatchTasks(Main.java:316)
	at org.audiveris.omr.Main.main(Main.java:155)
	at Audiveris.main(Audiveris.java:49)
2017-10-06 15:27:40,162 INFO [91387608]        ScoreExporter.java:93   | Score 91387608.mvt2 exported to /Users/stephenn/Documents/workspace/nlsomr/xml_out/91386487/91387608/91387608.mvt2.mxl
2017-10-06 15:27:40,333 INFO [91387608]            BasicBook.java:1395 | Stored /book.xml
2017-10-06 15:27:40,333 INFO [91387608]            BasicBook.java:1355 | Book stored as /Users/stephenn/Documents/workspace/nlsomr/xml_out/91386487/91387608/91387608.omr
