2017-10-06 16:15:07,525 INFO [91388244]            BasicBook.java:427  | 1 sheet in /Users/stephenn/Documents/workspace/nlsomr/working/91388244.jpg
2017-10-06 16:15:07,713 INFO []            BasicBook.java:1395 | Stored /book.xml
2017-10-06 16:15:07,714 INFO []            BasicBook.java:1355 | Book stored as /Users/stephenn/Documents/workspace/nlsomr/xml_out/91386487/91388244/91388244.omr
2017-10-06 16:15:07,722 INFO []            BasicBook.java:996  | Book reaching PAGE on sheets:[#1]
2017-10-06 16:15:07,724 INFO [91388244]       StepMonitoring.java:96   | LOAD
2017-10-06 16:15:07,924 INFO [91388244]            BasicBook.java:911  | Loaded image 1 2000x3056 from /Users/stephenn/Documents/workspace/nlsomr/working/91388244.jpg
2017-10-06 16:15:07,928 INFO [91388244]            ImageUtil.java:82   | Converting max RGB to gray ...
2017-10-06 16:15:08,198 INFO [91388244]            BasicBook.java:1395 | Stored /book.xml
2017-10-06 16:15:08,547 INFO [91388244]           BasicSheet.java:979  | Stored /sheet#1/sheet#1.xml
2017-10-06 16:15:08,550 INFO [91388244]       StepMonitoring.java:96   | BINARY
2017-10-06 16:15:09,263 INFO [91388244]            BasicBook.java:1395 | Stored /book.xml
2017-10-06 16:15:09,576 INFO [91388244]              Picture.java:786  | Stored /sheet#1/BINARY.xml
2017-10-06 16:15:09,578 INFO [91388244]           BasicSheet.java:979  | Stored /sheet#1/sheet#1.xml
2017-10-06 16:15:09,580 INFO [91388244]       StepMonitoring.java:96   | SCALE
2017-10-06 16:15:09,618 INFO [91388244]            ScaleStep.java:87   | Scale{line(3,4,6) interline(15,16,17) beam(13)}
2017-10-06 16:15:09,620 INFO [91388244]            BasicBook.java:1395 | Stored /book.xml
2017-10-06 16:15:09,621 INFO [91388244]           BasicSheet.java:979  | Stored /sheet#1/sheet#1.xml
2017-10-06 16:15:09,623 INFO [91388244]       StepMonitoring.java:96   | GRID
2017-10-06 16:15:10,585 INFO [91388244]       LinesRetriever.java:442  | Global slope: -0.00104
2017-10-06 16:15:10,800 INFO [91388244]    ClustersRetriever.java:241  | Retrieved line clusters: 10 of size: 5 with interline: (15,16,17)
2017-10-06 16:15:11,559 INFO [91388244]            PeakGraph.java:181  | Systems: #1[1, 2] #2[3, 4] #3[5, 6] #4[7, 8] #5[9, 10]
2017-10-06 16:15:12,492 INFO [91388244]        SystemManager.java:626  | Indentation detected for system#2
2017-10-06 16:15:12,493 INFO [91388244]        SystemManager.java:671  | 2 pages found in sheet
2017-10-06 16:15:12,493 INFO [91388244]        SystemManager.java:709  | Page #1: 1 part along 1 system
2017-10-06 16:15:12,494 INFO [91388244]        SystemManager.java:709  | Page #2: 1 part along 4 systems
2017-10-06 16:15:12,498 INFO [91388244]            BasicBook.java:1395 | Stored /book.xml
2017-10-06 16:15:12,688 INFO [91388244]           BasicSheet.java:979  | Stored /sheet#1/sheet#1.xml
2017-10-06 16:15:12,691 INFO [91388244]       StepMonitoring.java:96   | HEADERS
2017-10-06 16:15:13,129 INFO []          Nd4jBackend.java:194  | Loaded [CpuBackend] backend
2017-10-06 16:15:13,201 INFO []      NativeOpsHolder.java:49   | Number of threads used for NativeOps: 2
2017-10-06 16:15:13,693 INFO [] DefaultOpExecutioner.java:544  | Backend used: [CPU]; OS: [Mac OS X]
2017-10-06 16:15:13,694 INFO [] DefaultOpExecutioner.java:545  | Cores: [4]; Memory: [3.6GB];
2017-10-06 16:15:13,694 INFO [] DefaultOpExecutioner.java:546  | Blas vendor: [OPENBLAS]
2017-10-06 16:15:13,744 INFO []   AbstractClassifier.java:332  | Classifier data loaded from default uri jar:file:/Users/stephenn/Documents/workspace/audiveris/build/distributions/Audiveris/lib/audiveris.jar!/res/basic-classifier.zip
2017-10-06 16:15:15,720 WARN [91388244]          ClefBuilder.java:560  | Staff#4 no header clef.
2017-10-06 16:15:16,405 INFO [91388244]           KeyBuilder.java:916  | Staff#8 key replication failed.
2017-10-06 16:15:16,541 WARN [91388244]          ClefBuilder.java:560  | Staff#10 no header clef.
2017-10-06 16:15:16,572 INFO [91388244]            BasicBook.java:1395 | Stored /book.xml
2017-10-06 16:15:16,873 INFO [91388244]           BasicSheet.java:979  | Stored /sheet#1/sheet#1.xml
2017-10-06 16:15:16,879 INFO [91388244]       StepMonitoring.java:96   | STEM_SEEDS
2017-10-06 16:15:17,010 INFO [91388244]        StemSeedsStep.java:91   | stem(4 max:5)
2017-10-06 16:15:17,145 INFO [91388244]            BasicBook.java:1395 | Stored /book.xml
2017-10-06 16:15:17,503 INFO [91388244]           BasicSheet.java:979  | Stored /sheet#1/sheet#1.xml
2017-10-06 16:15:17,506 INFO [91388244]       StepMonitoring.java:96   | BEAMS
2017-10-06 16:15:17,844 INFO []   AbstractClassifier.java:332  | Classifier data loaded from default uri jar:file:/Users/stephenn/Documents/workspace/audiveris/build/distributions/Audiveris/lib/audiveris.jar!/res/deep-classifier.zip
2017-10-06 16:15:22,715 INFO [91388244]            BeamsStep.java:89   | BeamDistance{count:3 mean:17.23 stdDev:2.69}
2017-10-06 16:15:22,718 INFO [91388244]            BasicBook.java:1395 | Stored /book.xml
2017-10-06 16:15:22,790 INFO [91388244]              Picture.java:786  | Stored /sheet#1/HEAD_SPOTS.xml
2017-10-06 16:15:23,124 INFO [91388244]           BasicSheet.java:979  | Stored /sheet#1/sheet#1.xml
2017-10-06 16:15:23,126 INFO [91388244]       StepMonitoring.java:96   | LEDGERS
2017-10-06 16:15:23,788 INFO [91388244]            BasicBook.java:1395 | Stored /book.xml
2017-10-06 16:15:24,178 INFO [91388244]           BasicSheet.java:979  | Stored /sheet#1/sheet#1.xml
2017-10-06 16:15:24,180 INFO [91388244]       StepMonitoring.java:96   | HEADS
2017-10-06 16:15:27,568 INFO [91388244]            BasicBook.java:1395 | Stored /book.xml
2017-10-06 16:15:28,427 INFO [91388244]           BasicSheet.java:979  | Stored /sheet#1/sheet#1.xml
2017-10-06 16:15:28,430 INFO [91388244]       StepMonitoring.java:96   | STEMS
2017-10-06 16:15:30,384 INFO [91388244]            BasicBook.java:1395 | Stored /book.xml
2017-10-06 16:15:31,615 INFO [91388244]           BasicSheet.java:979  | Stored /sheet#1/sheet#1.xml
2017-10-06 16:15:31,617 INFO [91388244]       StepMonitoring.java:96   | REDUCTION
2017-10-06 16:15:32,612 INFO [91388244]            BasicBook.java:1395 | Stored /book.xml
2017-10-06 16:15:33,629 INFO [91388244]           BasicSheet.java:979  | Stored /sheet#1/sheet#1.xml
2017-10-06 16:15:33,632 INFO [91388244]       StepMonitoring.java:96   | CUE_BEAMS
2017-10-06 16:15:33,654 INFO [91388244]            BasicBook.java:1395 | Stored /book.xml
2017-10-06 16:15:34,396 INFO [91388244]           BasicSheet.java:979  | Stored /sheet#1/sheet#1.xml
2017-10-06 16:15:34,399 INFO [91388244]       StepMonitoring.java:96   | TEXTS
2017-10-06 16:15:36,343 INFO [91388244]            BasicBook.java:1395 | Stored /book.xml
2017-10-06 16:15:37,068 INFO [91388244]           BasicSheet.java:979  | Stored /sheet#1/sheet#1.xml
2017-10-06 16:15:37,070 INFO [91388244]       StepMonitoring.java:96   | MEASURES
2017-10-06 16:15:37,074 INFO [91388244]                 Page.java:210  | 5 raw measures: [5 in system#1]
2017-10-06 16:15:37,075 INFO [91388244]                 Page.java:210  | 11 raw measures: [3 in system#2, 3 in system#3, 2 in system#4, 3 in system#5]
2017-10-06 16:15:37,077 INFO [91388244]            BasicBook.java:1395 | Stored /book.xml
2017-10-06 16:15:37,787 INFO [91388244]           BasicSheet.java:979  | Stored /sheet#1/sheet#1.xml
2017-10-06 16:15:37,789 INFO [91388244]       StepMonitoring.java:96   | CHORDS
2017-10-06 16:15:37,802 INFO [91388244]        ChordsBuilder.java:249  | Deleting StemInter{#5027(0.757/0.905)} on RIGHT side of HeadInter{#4225(0.626/0.904) s:9 p:6.00 NOTEHEAD_BLACK}
2017-10-06 16:15:37,806 INFO [91388244]            BasicBook.java:1395 | Stored /book.xml
2017-10-06 16:15:38,617 INFO [91388244]           BasicSheet.java:979  | Stored /sheet#1/sheet#1.xml
2017-10-06 16:15:38,621 INFO [91388244]       StepMonitoring.java:96   | CURVES
2017-10-06 16:15:40,102 INFO [91388244]         SlursBuilder.java:157  | Slurs: 34
2017-10-06 16:15:40,121 INFO [91388244]      SegmentsBuilder.java:113  | Segments: 8
2017-10-06 16:15:40,128 INFO [91388244]            BasicBook.java:1395 | Stored /book.xml
2017-10-06 16:15:41,035 INFO [91388244]           BasicSheet.java:979  | Stored /sheet#1/sheet#1.xml
2017-10-06 16:15:41,037 INFO [91388244]       StepMonitoring.java:96   | SYMBOLS
2017-10-06 16:15:45,230 INFO [91388244]            BasicBook.java:1395 | Stored /book.xml
2017-10-06 16:15:46,397 INFO [91388244]           BasicSheet.java:979  | Stored /sheet#1/sheet#1.xml
2017-10-06 16:15:46,399 INFO [91388244]       StepMonitoring.java:96   | LINKS
2017-10-06 16:15:46,446 INFO [91388244]            BasicBook.java:1395 | Stored /book.xml
2017-10-06 16:15:47,471 INFO [91388244]           BasicSheet.java:979  | Stored /sheet#1/sheet#1.xml
2017-10-06 16:15:47,474 INFO [91388244]       StepMonitoring.java:96   | RHYTHMS
2017-10-06 16:15:47,485 INFO [91388244]         SlotsBuilder.java:399  | Stack#1 suspicious Slot{#4 xOffset=307 timeOffset=3/16 incomings=[#5118]}
2017-10-06 16:15:47,498 INFO [91388244]           PageRhythm.java:314  | Range{1-5 ts:4/4} Durations avgGuess:1 topGuess:3/4 avgValue:0.88 stacks:5 voices:10 Histogram{3/16-1 size:4 [3/16=1 1/4=1 3/4=4 1=4]}
2017-10-06 16:15:47,501 INFO [91388244]         SlotsBuilder.java:427  | S1 MeasureStack#1 Slot{#6 xOffset=338 timeOffset=1/4 incomings=[#5119] SUSPICIOUS}
2017-10-06 16:15:47,507 INFO [91388244]         SlotsBuilder.java:427  | S1 MeasureStack#4 Slot{#3 xOffset=125 timeOffset=3/4 incomings=[#5154] SUSPICIOUS}
2017-10-06 16:15:47,535 INFO [91388244]           PageRhythm.java:314  | Range{1-11} Durations avgGuess:1 topGuess:9/8 avgValue:0.88 stacks:11 voices:24 Histogram{3/16-5/4 size:10 [3/16=1 1/4=1 7/16=1 1/2=3 9/16=1 5/8=4 3/4=2 27/32=1 9/8=8 5/4=2]}
2017-10-06 16:15:47,536 INFO [91388244]           PageRhythm.java:221  | S2 Range{1-11 dur:1} should update to 1-based time sig?
2017-10-06 16:15:47,537 INFO [91388244]                Voice.java:257  | S2 MeasureStack#1 Voice #1 too long 1/4
2017-10-06 16:15:47,537 INFO [91388244]                Voice.java:257  | S2 MeasureStack#1 Voice #2 too long 1/4
2017-10-06 16:15:47,538 INFO [91388244]           StackTuner.java:92   | S2 MeasureStack#1 no correct rhythm
2017-10-06 16:15:47,540 INFO [91388244]         SlotsBuilder.java:427  | S2 MeasureStack#2 Slot{#5 xOffset=226 timeOffset=7/16 incomings=[#5189] SUSPICIOUS}
2017-10-06 16:15:47,541 INFO [91388244]         SlotsBuilder.java:427  | S2 MeasureStack#2 Slot{#7 xOffset=275 timeOffset=5/8 incomings=[#5190] SUSPICIOUS}
2017-10-06 16:15:47,542 INFO [91388244]                Voice.java:257  | S2 MeasureStack#2 Voice #1 too long 7/16
2017-10-06 16:15:47,543 INFO [91388244]                Voice.java:257  | S2 MeasureStack#2 Voice #2 too long 7/16
2017-10-06 16:15:47,544 INFO [91388244]           StackTuner.java:92   | S2 MeasureStack#2 no correct rhythm
2017-10-06 16:15:47,546 INFO [91388244]         SlotsBuilder.java:427  | S2 MeasureStack#3 Slot{#6 xOffset=326 timeOffset=3/4 incomings=[#5181] SUSPICIOUS}
2017-10-06 16:15:47,547 INFO [91388244]                Voice.java:257  | S2 MeasureStack#3 Voice #2 too long 3/32
2017-10-06 16:15:47,547 INFO [91388244]                Voice.java:257  | S2 MeasureStack#3 Voice #3 too long 3/32
2017-10-06 16:15:47,548 INFO [91388244]           StackTuner.java:92   | S2 MeasureStack#3 no correct rhythm
2017-10-06 16:15:47,554 INFO [91388244]                Voice.java:257  | S3 MeasureStack#4 Voice #1 too long 1/8
2017-10-06 16:15:47,555 INFO [91388244]                Voice.java:257  | S3 MeasureStack#4 Voice #2 too long 1/8
2017-10-06 16:15:47,556 INFO [91388244]           StackTuner.java:92   | S3 MeasureStack#4 no correct rhythm
2017-10-06 16:15:47,557 INFO [91388244]                Voice.java:257  | S3 MeasureStack#5 Voice #1 too long 1/8
2017-10-06 16:15:47,558 INFO [91388244]                Voice.java:257  | S3 MeasureStack#5 Voice #2 too long 1/8
2017-10-06 16:15:47,558 INFO [91388244]           StackTuner.java:92   | S3 MeasureStack#5 no correct rhythm
2017-10-06 16:15:47,559 INFO [91388244]                Voice.java:257  | S3 MeasureStack#6 Voice #1 too long 1/8
2017-10-06 16:15:47,560 INFO [91388244]                Voice.java:257  | S3 MeasureStack#6 Voice #2 too long 1/8
2017-10-06 16:15:47,560 INFO [91388244]           StackTuner.java:92   | S3 MeasureStack#6 no correct rhythm
2017-10-06 16:15:47,562 INFO [91388244]         SlotsBuilder.java:427  | S4 MeasureStack#7 Slot{#5 xOffset=365 timeOffset=9/16 incomings=[#5258] SUSPICIOUS}
2017-10-06 16:15:47,563 INFO [91388244]         SlotsBuilder.java:427  | S4 MeasureStack#7 Slot{#7 xOffset=428 timeOffset=11/16 incomings=[#5259] SUSPICIOUS}
2017-10-06 16:15:47,563 INFO [91388244]         SlotsBuilder.java:427  | S4 MeasureStack#7 Slot{#9 xOffset=497 timeOffset=7/8 incomings=[#6685] SUSPICIOUS}
2017-10-06 16:15:47,564 INFO [91388244]         SlotsBuilder.java:427  | S4 MeasureStack#7 Slot{#13 xOffset=692 timeOffset=21/16 incomings=[#5262] SUSPICIOUS}
2017-10-06 16:15:47,565 INFO [91388244]         SlotsBuilder.java:427  | S4 MeasureStack#7 Slot{#15 xOffset=753 timeOffset=23/16 incomings=[#6686] SUSPICIOUS}
2017-10-06 16:15:47,565 INFO [91388244]                Voice.java:257  | S4 MeasureStack#7 Voice #1 too long 1/2
2017-10-06 16:15:47,565 INFO [91388244]                Voice.java:257  | S4 MeasureStack#7 Voice #2 too long 9/16
2017-10-06 16:15:47,565 INFO [91388244]           StackTuner.java:92   | S4 MeasureStack#7 no correct rhythm
2017-10-06 16:15:47,567 INFO [91388244]         SlotsBuilder.java:427  | S4 MeasureStack#8 Slot{#3 xOffset=137 timeOffset=3/16 incomings=[#5264] SUSPICIOUS}
2017-10-06 16:15:47,567 INFO [91388244]         SlotsBuilder.java:427  | S4 MeasureStack#8 Slot{#5 xOffset=204 timeOffset=5/16 incomings=[#5265] SUSPICIOUS}
2017-10-06 16:15:47,568 INFO [91388244]         SlotsBuilder.java:427  | S4 MeasureStack#8 Slot{#7 xOffset=267 timeOffset=7/16 incomings=[#6688] SUSPICIOUS}
2017-10-06 16:15:47,568 INFO [91388244]         SlotsBuilder.java:427  | S4 MeasureStack#8 Slot{#9 xOffset=340 timeOffset=9/16 incomings=[#5266] SUSPICIOUS}
2017-10-06 16:15:47,569 INFO [91388244]         SlotsBuilder.java:427  | S4 MeasureStack#8 Slot{#11 xOffset=399 timeOffset=11/16 incomings=[#5267] SUSPICIOUS}
2017-10-06 16:15:47,569 INFO [91388244]         SlotsBuilder.java:427  | S4 MeasureStack#8 Slot{#13 xOffset=459 timeOffset=13/16 incomings=[#5268] SUSPICIOUS}
2017-10-06 16:15:47,570 INFO [91388244]                Voice.java:257  | S4 MeasureStack#8 Voice #1 too long 7/16
2017-10-06 16:15:47,570 INFO [91388244]                Voice.java:257  | S4 MeasureStack#8 Voice #2 too long 7/16
2017-10-06 16:15:47,570 INFO [91388244]           StackTuner.java:92   | S4 MeasureStack#8 no correct rhythm
2017-10-06 16:15:47,572 INFO [91388244]         SlotsBuilder.java:427  | S5 MeasureStack#9 Slot{#5 xOffset=324 timeOffset=1/2 incomings=[#5273] SUSPICIOUS}
2017-10-06 16:15:47,573 INFO [91388244]         SlotsBuilder.java:427  | S5 MeasureStack#9 Slot{#13 xOffset=693 timeOffset=3/2 incomings=[#5298] SUSPICIOUS}
2017-10-06 16:15:47,574 INFO [91388244]                Voice.java:257  | S5 MeasureStack#9 Voice #1 too long 1/2
2017-10-06 16:15:47,574 INFO [91388244]                Voice.java:257  | S5 MeasureStack#9 Voice #2 too long 5/8
2017-10-06 16:15:47,574 INFO [91388244]           StackTuner.java:92   | S5 MeasureStack#9 no correct rhythm
2017-10-06 16:15:47,576 INFO [91388244]                Voice.java:257  | S5 MeasureStack#10 Voice #1 too long 1/8
2017-10-06 16:15:47,576 INFO [91388244]                Voice.java:257  | S5 MeasureStack#10 Voice #2 too long 1/8
2017-10-06 16:15:47,577 INFO [91388244]           StackTuner.java:92   | S5 MeasureStack#10 no correct rhythm
2017-10-06 16:15:47,578 INFO [91388244]         SlotsBuilder.java:427  | S5 MeasureStack#11 Slot{#6 xOffset=277 timeOffset=5/8 incomings=[#5309] SUSPICIOUS}
2017-10-06 16:15:47,579 INFO [91388244]                Voice.java:257  | S5 MeasureStack#11 Voice #2 too long 1/8
2017-10-06 16:15:47,580 INFO [91388244]           StackTuner.java:92   | S5 MeasureStack#11 no correct rhythm
2017-10-06 16:15:47,582 INFO [91388244]            BasicBook.java:1395 | Stored /book.xml
2017-10-06 16:15:48,844 INFO [91388244]           BasicSheet.java:979  | Stored /sheet#1/sheet#1.xml
2017-10-06 16:15:48,847 INFO [91388244]       StepMonitoring.java:96   | PAGE
2017-10-06 16:15:48,855 INFO [91388244]                Voice.java:257  | S2 MeasureStack#1 Voice #1 too long 1/4
2017-10-06 16:15:48,855 INFO [91388244]                Voice.java:257  | S2 MeasureStack#1 Voice #2 too long 1/4
2017-10-06 16:15:48,856 INFO [91388244]                Voice.java:257  | S2 MeasureStack#2 Voice #1 too long 7/16
2017-10-06 16:15:48,856 INFO [91388244]                Voice.java:257  | S2 MeasureStack#2 Voice #2 too long 7/16
2017-10-06 16:15:48,856 INFO [91388244]                Voice.java:257  | S2 MeasureStack#3 Voice #2 too long 3/32
2017-10-06 16:15:48,856 INFO [91388244]                Voice.java:257  | S2 MeasureStack#3 Voice #3 too long 3/32
2017-10-06 16:15:48,857 INFO [91388244]                Voice.java:257  | S3 MeasureStack#4 Voice #1 too long 1/8
2017-10-06 16:15:48,857 INFO [91388244]                Voice.java:257  | S3 MeasureStack#4 Voice #2 too long 1/8
2017-10-06 16:15:48,857 INFO [91388244]                Voice.java:257  | S3 MeasureStack#5 Voice #1 too long 1/8
2017-10-06 16:15:48,857 INFO [91388244]                Voice.java:257  | S3 MeasureStack#5 Voice #2 too long 1/8
2017-10-06 16:15:48,857 INFO [91388244]                Voice.java:257  | S3 MeasureStack#6 Voice #1 too long 1/8
2017-10-06 16:15:48,858 INFO [91388244]                Voice.java:257  | S3 MeasureStack#6 Voice #2 too long 1/8
2017-10-06 16:15:48,858 INFO [91388244]                Voice.java:257  | S4 MeasureStack#7 Voice #1 too long 1/2
2017-10-06 16:15:48,858 INFO [91388244]                Voice.java:257  | S4 MeasureStack#7 Voice #2 too long 9/16
2017-10-06 16:15:48,858 INFO [91388244]                Voice.java:257  | S4 MeasureStack#8 Voice #1 too long 7/16
2017-10-06 16:15:48,858 INFO [91388244]                Voice.java:257  | S4 MeasureStack#8 Voice #2 too long 7/16
2017-10-06 16:15:48,859 INFO [91388244]                Voice.java:257  | S5 MeasureStack#9 Voice #1 too long 1/2
2017-10-06 16:15:48,859 INFO [91388244]                Voice.java:257  | S5 MeasureStack#9 Voice #2 too long 5/8
2017-10-06 16:15:48,859 INFO [91388244]                Voice.java:257  | S5 MeasureStack#10 Voice #1 too long 1/8
2017-10-06 16:15:48,859 INFO [91388244]                Voice.java:257  | S5 MeasureStack#10 Voice #2 too long 1/8
2017-10-06 16:15:48,860 INFO [91388244]                Voice.java:257  | S5 MeasureStack#11 Voice #2 too long 1/8
2017-10-06 16:15:48,862 INFO [91388244]            BasicBook.java:1395 | Stored /book.xml
2017-10-06 16:15:50,192 INFO [91388244]           BasicSheet.java:979  | Stored /sheet#1/sheet#1.xml
2017-10-06 16:15:50,197 INFO [91388244]            BasicStub.java:723  | Sheet{91388244} disposed
2017-10-06 16:15:51,621 INFO [91388244]            BasicStub.java:449  | Loaded /sheet#1/sheet#1.xml
2017-10-06 16:15:51,623 INFO [91388244]            BasicBook.java:1133 | Scores built: 2
2017-10-06 16:15:52,905 INFO [91388244]        ScoreExporter.java:93   | Score 91388244.mvt1 exported to /Users/stephenn/Documents/workspace/nlsomr/xml_out/91386487/91388244/91388244.mvt1.mxl
2017-10-06 16:15:52,909 WARN [91388244]      PartwiseBuilder.java:1379 | Error visiting null
java.lang.NullPointerException: null
	at org.audiveris.omr.score.PartwiseBuilder.processKey(PartwiseBuilder.java:1344)
	at org.audiveris.omr.score.PartwiseBuilder.processKeys(PartwiseBuilder.java:1407)
	at org.audiveris.omr.score.PartwiseBuilder.processMeasure(PartwiseBuilder.java:1575)
	at org.audiveris.omr.score.PartwiseBuilder.processPart(PartwiseBuilder.java:1988)
	at org.audiveris.omr.score.PartwiseBuilder.processSystem(PartwiseBuilder.java:2528)
	at org.audiveris.omr.score.PartwiseBuilder.processLogicalPart(PartwiseBuilder.java:1433)
	at org.audiveris.omr.score.PartwiseBuilder.processStub(PartwiseBuilder.java:2483)
	at org.audiveris.omr.score.PartwiseBuilder.processPartList(PartwiseBuilder.java:2017)
	at org.audiveris.omr.score.PartwiseBuilder.processScore(PartwiseBuilder.java:2195)
	at org.audiveris.omr.score.PartwiseBuilder.build(PartwiseBuilder.java:307)
	at org.audiveris.omr.score.ScoreExporter.export(ScoreExporter.java:117)
	at org.audiveris.omr.score.ScoreExporter.export(ScoreExporter.java:91)
	at org.audiveris.omr.sheet.BasicBook.export(BasicBook.java:589)
	at org.audiveris.omr.CLI$ProcessingTask.processBook(CLI.java:785)
	at org.audiveris.omr.CLI$CliTask.call(CLI.java:344)
	at org.audiveris.omr.Main.runBatchTasks(Main.java:316)
	at org.audiveris.omr.Main.main(Main.java:155)
	at Audiveris.main(Audiveris.java:49)
2017-10-06 16:15:52,934 WARN [91388244]      PartwiseBuilder.java:1379 | Error visiting null
java.lang.NullPointerException: null
	at org.audiveris.omr.score.PartwiseBuilder.processKey(PartwiseBuilder.java:1344)
	at org.audiveris.omr.score.PartwiseBuilder.processKeys(PartwiseBuilder.java:1407)
	at org.audiveris.omr.score.PartwiseBuilder.processMeasure(PartwiseBuilder.java:1575)
	at org.audiveris.omr.score.PartwiseBuilder.processPart(PartwiseBuilder.java:1988)
	at org.audiveris.omr.score.PartwiseBuilder.processSystem(PartwiseBuilder.java:2528)
	at org.audiveris.omr.score.PartwiseBuilder.processLogicalPart(PartwiseBuilder.java:1433)
	at org.audiveris.omr.score.PartwiseBuilder.processStub(PartwiseBuilder.java:2483)
	at org.audiveris.omr.score.PartwiseBuilder.processPartList(PartwiseBuilder.java:2017)
	at org.audiveris.omr.score.PartwiseBuilder.processScore(PartwiseBuilder.java:2195)
	at org.audiveris.omr.score.PartwiseBuilder.build(PartwiseBuilder.java:307)
	at org.audiveris.omr.score.ScoreExporter.export(ScoreExporter.java:117)
	at org.audiveris.omr.score.ScoreExporter.export(ScoreExporter.java:91)
	at org.audiveris.omr.sheet.BasicBook.export(BasicBook.java:589)
	at org.audiveris.omr.CLI$ProcessingTask.processBook(CLI.java:785)
	at org.audiveris.omr.CLI$CliTask.call(CLI.java:344)
	at org.audiveris.omr.Main.runBatchTasks(Main.java:316)
	at org.audiveris.omr.Main.main(Main.java:155)
	at Audiveris.main(Audiveris.java:49)
2017-10-06 16:15:52,946 WARN [91388244]      PartwiseBuilder.java:1379 | Error visiting null
java.lang.NullPointerException: null
	at org.audiveris.omr.score.PartwiseBuilder.processKey(PartwiseBuilder.java:1344)
	at org.audiveris.omr.score.PartwiseBuilder.processKeys(PartwiseBuilder.java:1407)
	at org.audiveris.omr.score.PartwiseBuilder.processMeasure(PartwiseBuilder.java:1575)
	at org.audiveris.omr.score.PartwiseBuilder.processPart(PartwiseBuilder.java:1988)
	at org.audiveris.omr.score.PartwiseBuilder.processSystem(PartwiseBuilder.java:2528)
	at org.audiveris.omr.score.PartwiseBuilder.processLogicalPart(PartwiseBuilder.java:1433)
	at org.audiveris.omr.score.PartwiseBuilder.processStub(PartwiseBuilder.java:2483)
	at org.audiveris.omr.score.PartwiseBuilder.processPartList(PartwiseBuilder.java:2017)
	at org.audiveris.omr.score.PartwiseBuilder.processScore(PartwiseBuilder.java:2195)
	at org.audiveris.omr.score.PartwiseBuilder.build(PartwiseBuilder.java:307)
	at org.audiveris.omr.score.ScoreExporter.export(ScoreExporter.java:117)
	at org.audiveris.omr.score.ScoreExporter.export(ScoreExporter.java:91)
	at org.audiveris.omr.sheet.BasicBook.export(BasicBook.java:589)
	at org.audiveris.omr.CLI$ProcessingTask.processBook(CLI.java:785)
	at org.audiveris.omr.CLI$CliTask.call(CLI.java:344)
	at org.audiveris.omr.Main.runBatchTasks(Main.java:316)
	at org.audiveris.omr.Main.main(Main.java:155)
	at Audiveris.main(Audiveris.java:49)
2017-10-06 16:15:53,003 INFO [91388244]        ScoreExporter.java:93   | Score 91388244.mvt2 exported to /Users/stephenn/Documents/workspace/nlsomr/xml_out/91386487/91388244/91388244.mvt2.mxl
2017-10-06 16:15:53,183 INFO [91388244]            BasicBook.java:1395 | Stored /book.xml
2017-10-06 16:15:53,184 INFO [91388244]            BasicBook.java:1355 | Book stored as /Users/stephenn/Documents/workspace/nlsomr/xml_out/91386487/91388244/91388244.omr
